[2021-04-04 03:36:10,396] {scheduler_job.py:182} INFO - Started process (PID=2985) to work on /home/prathamesh/PycharmProjects/airflow-project/dags/user_processing.py
[2021-04-04 03:36:10,397] {scheduler_job.py:629} INFO - Processing file /home/prathamesh/PycharmProjects/airflow-project/dags/user_processing.py for tasks to queue
[2021-04-04 03:36:10,397] {logging_mixin.py:104} INFO - [2021-04-04 03:36:10,397] {dagbag.py:448} INFO - Filling up the DagBag from /home/prathamesh/PycharmProjects/airflow-project/dags/user_processing.py
[2021-04-04 03:36:10,411] {scheduler_job.py:639} INFO - DAG(s) dict_keys(['user_processing']) retrieved from /home/prathamesh/PycharmProjects/airflow-project/dags/user_processing.py
[2021-04-04 03:36:10,429] {logging_mixin.py:104} INFO - [2021-04-04 03:36:10,429] {dag.py:1818} INFO - Sync 1 DAGs
[2021-04-04 03:36:10,433] {logging_mixin.py:104} INFO - [2021-04-04 03:36:10,433] {dag.py:1837} INFO - Creating ORM DAG for user_processing
[2021-04-04 03:36:10,446] {logging_mixin.py:104} INFO - [2021-04-04 03:36:10,446] {dag.py:2273} INFO - Setting next_dagrun for user_processing to 2021-04-03 00:00:00+00:00
[2021-04-04 03:36:10,481] {scheduler_job.py:190} INFO - Processing /home/prathamesh/PycharmProjects/airflow-project/dags/user_processing.py took 0.088 seconds
[2021-04-04 03:36:41,357] {scheduler_job.py:182} INFO - Started process (PID=3218) to work on /home/prathamesh/PycharmProjects/airflow-project/dags/user_processing.py
[2021-04-04 03:36:41,358] {scheduler_job.py:629} INFO - Processing file /home/prathamesh/PycharmProjects/airflow-project/dags/user_processing.py for tasks to queue
[2021-04-04 03:36:41,358] {logging_mixin.py:104} INFO - [2021-04-04 03:36:41,358] {dagbag.py:448} INFO - Filling up the DagBag from /home/prathamesh/PycharmProjects/airflow-project/dags/user_processing.py
[2021-04-04 03:36:41,369] {scheduler_job.py:639} INFO - DAG(s) dict_keys(['user_processing']) retrieved from /home/prathamesh/PycharmProjects/airflow-project/dags/user_processing.py
[2021-04-04 03:36:41,377] {logging_mixin.py:104} INFO - [2021-04-04 03:36:41,377] {dag.py:1818} INFO - Sync 1 DAGs
[2021-04-04 03:36:41,390] {logging_mixin.py:104} INFO - [2021-04-04 03:36:41,390] {dag.py:2273} INFO - Setting next_dagrun for user_processing to 2021-04-03 00:00:00+00:00
[2021-04-04 03:36:41,394] {scheduler_job.py:190} INFO - Processing /home/prathamesh/PycharmProjects/airflow-project/dags/user_processing.py took 0.039 seconds
[2021-04-04 03:37:12,406] {scheduler_job.py:182} INFO - Started process (PID=3251) to work on /home/prathamesh/PycharmProjects/airflow-project/dags/user_processing.py
[2021-04-04 03:37:12,422] {scheduler_job.py:629} INFO - Processing file /home/prathamesh/PycharmProjects/airflow-project/dags/user_processing.py for tasks to queue
[2021-04-04 03:37:12,423] {logging_mixin.py:104} INFO - [2021-04-04 03:37:12,423] {dagbag.py:448} INFO - Filling up the DagBag from /home/prathamesh/PycharmProjects/airflow-project/dags/user_processing.py
[2021-04-04 03:37:12,448] {scheduler_job.py:639} INFO - DAG(s) dict_keys(['user_processing']) retrieved from /home/prathamesh/PycharmProjects/airflow-project/dags/user_processing.py
[2021-04-04 03:37:12,461] {logging_mixin.py:104} INFO - [2021-04-04 03:37:12,460] {dag.py:1818} INFO - Sync 1 DAGs
[2021-04-04 03:37:12,489] {logging_mixin.py:104} INFO - [2021-04-04 03:37:12,488] {dag.py:2273} INFO - Setting next_dagrun for user_processing to 2021-04-03 00:00:00+00:00
[2021-04-04 03:37:12,493] {scheduler_job.py:190} INFO - Processing /home/prathamesh/PycharmProjects/airflow-project/dags/user_processing.py took 0.104 seconds
[2021-04-04 03:37:43,196] {scheduler_job.py:182} INFO - Started process (PID=3288) to work on /home/prathamesh/PycharmProjects/airflow-project/dags/user_processing.py
[2021-04-04 03:37:43,198] {scheduler_job.py:629} INFO - Processing file /home/prathamesh/PycharmProjects/airflow-project/dags/user_processing.py for tasks to queue
[2021-04-04 03:37:43,198] {logging_mixin.py:104} INFO - [2021-04-04 03:37:43,198] {dagbag.py:448} INFO - Filling up the DagBag from /home/prathamesh/PycharmProjects/airflow-project/dags/user_processing.py
[2021-04-04 03:37:43,209] {scheduler_job.py:639} INFO - DAG(s) dict_keys(['user_processing']) retrieved from /home/prathamesh/PycharmProjects/airflow-project/dags/user_processing.py
[2021-04-04 03:37:43,217] {logging_mixin.py:104} INFO - [2021-04-04 03:37:43,217] {dag.py:1818} INFO - Sync 1 DAGs
[2021-04-04 03:37:43,237] {logging_mixin.py:104} INFO - [2021-04-04 03:37:43,237] {dag.py:2273} INFO - Setting next_dagrun for user_processing to 2021-04-03 00:00:00+00:00
[2021-04-04 03:37:43,244] {scheduler_job.py:190} INFO - Processing /home/prathamesh/PycharmProjects/airflow-project/dags/user_processing.py took 0.056 seconds
[2021-04-04 03:38:13,765] {scheduler_job.py:182} INFO - Started process (PID=3317) to work on /home/prathamesh/PycharmProjects/airflow-project/dags/user_processing.py
[2021-04-04 03:38:13,767] {scheduler_job.py:629} INFO - Processing file /home/prathamesh/PycharmProjects/airflow-project/dags/user_processing.py for tasks to queue
[2021-04-04 03:38:13,767] {logging_mixin.py:104} INFO - [2021-04-04 03:38:13,767] {dagbag.py:448} INFO - Filling up the DagBag from /home/prathamesh/PycharmProjects/airflow-project/dags/user_processing.py
[2021-04-04 03:38:13,782] {scheduler_job.py:639} INFO - DAG(s) dict_keys(['user_processing']) retrieved from /home/prathamesh/PycharmProjects/airflow-project/dags/user_processing.py
[2021-04-04 03:38:13,795] {logging_mixin.py:104} INFO - [2021-04-04 03:38:13,795] {dag.py:1818} INFO - Sync 1 DAGs
[2021-04-04 03:38:13,817] {logging_mixin.py:104} INFO - [2021-04-04 03:38:13,817] {dag.py:2273} INFO - Setting next_dagrun for user_processing to 2021-04-03 00:00:00+00:00
[2021-04-04 03:38:13,827] {scheduler_job.py:190} INFO - Processing /home/prathamesh/PycharmProjects/airflow-project/dags/user_processing.py took 0.065 seconds
[2021-04-04 03:38:44,725] {scheduler_job.py:182} INFO - Started process (PID=3353) to work on /home/prathamesh/PycharmProjects/airflow-project/dags/user_processing.py
[2021-04-04 03:38:44,726] {scheduler_job.py:629} INFO - Processing file /home/prathamesh/PycharmProjects/airflow-project/dags/user_processing.py for tasks to queue
[2021-04-04 03:38:44,727] {logging_mixin.py:104} INFO - [2021-04-04 03:38:44,727] {dagbag.py:448} INFO - Filling up the DagBag from /home/prathamesh/PycharmProjects/airflow-project/dags/user_processing.py
[2021-04-04 03:38:44,735] {scheduler_job.py:639} INFO - DAG(s) dict_keys(['user_processing']) retrieved from /home/prathamesh/PycharmProjects/airflow-project/dags/user_processing.py
[2021-04-04 03:38:44,746] {logging_mixin.py:104} INFO - [2021-04-04 03:38:44,746] {dag.py:1818} INFO - Sync 1 DAGs
[2021-04-04 03:38:44,768] {logging_mixin.py:104} INFO - [2021-04-04 03:38:44,768] {dag.py:2273} INFO - Setting next_dagrun for user_processing to 2021-04-03 00:00:00+00:00
[2021-04-04 03:38:44,775] {scheduler_job.py:190} INFO - Processing /home/prathamesh/PycharmProjects/airflow-project/dags/user_processing.py took 0.052 seconds
[2021-04-04 03:39:16,264] {scheduler_job.py:182} INFO - Started process (PID=3390) to work on /home/prathamesh/PycharmProjects/airflow-project/dags/user_processing.py
[2021-04-04 03:39:16,264] {scheduler_job.py:629} INFO - Processing file /home/prathamesh/PycharmProjects/airflow-project/dags/user_processing.py for tasks to queue
[2021-04-04 03:39:16,265] {logging_mixin.py:104} INFO - [2021-04-04 03:39:16,265] {dagbag.py:448} INFO - Filling up the DagBag from /home/prathamesh/PycharmProjects/airflow-project/dags/user_processing.py
[2021-04-04 03:39:16,276] {scheduler_job.py:639} INFO - DAG(s) dict_keys(['user_processing']) retrieved from /home/prathamesh/PycharmProjects/airflow-project/dags/user_processing.py
[2021-04-04 03:39:16,302] {logging_mixin.py:104} INFO - [2021-04-04 03:39:16,301] {dag.py:1818} INFO - Sync 1 DAGs
[2021-04-04 03:39:16,326] {logging_mixin.py:104} INFO - [2021-04-04 03:39:16,325] {dag.py:2273} INFO - Setting next_dagrun for user_processing to 2021-04-03 00:00:00+00:00
[2021-04-04 03:39:16,330] {scheduler_job.py:190} INFO - Processing /home/prathamesh/PycharmProjects/airflow-project/dags/user_processing.py took 0.069 seconds
[2021-04-04 03:39:50,145] {scheduler_job.py:182} INFO - Started process (PID=3421) to work on /home/prathamesh/PycharmProjects/airflow-project/dags/user_processing.py
[2021-04-04 03:39:50,146] {scheduler_job.py:629} INFO - Processing file /home/prathamesh/PycharmProjects/airflow-project/dags/user_processing.py for tasks to queue
[2021-04-04 03:39:50,149] {logging_mixin.py:104} INFO - [2021-04-04 03:39:50,148] {dagbag.py:448} INFO - Filling up the DagBag from /home/prathamesh/PycharmProjects/airflow-project/dags/user_processing.py
[2021-04-04 03:39:50,161] {scheduler_job.py:639} INFO - DAG(s) dict_keys(['user_processing']) retrieved from /home/prathamesh/PycharmProjects/airflow-project/dags/user_processing.py
[2021-04-04 03:39:50,182] {logging_mixin.py:104} INFO - [2021-04-04 03:39:50,182] {dag.py:1818} INFO - Sync 1 DAGs
[2021-04-04 03:39:50,204] {logging_mixin.py:104} INFO - [2021-04-04 03:39:50,204] {dag.py:2273} INFO - Setting next_dagrun for user_processing to 2021-04-03 00:00:00+00:00
[2021-04-04 03:39:50,209] {scheduler_job.py:190} INFO - Processing /home/prathamesh/PycharmProjects/airflow-project/dags/user_processing.py took 0.066 seconds
[2021-04-04 03:40:20,502] {scheduler_job.py:182} INFO - Started process (PID=3449) to work on /home/prathamesh/PycharmProjects/airflow-project/dags/user_processing.py
[2021-04-04 03:40:20,503] {scheduler_job.py:629} INFO - Processing file /home/prathamesh/PycharmProjects/airflow-project/dags/user_processing.py for tasks to queue
[2021-04-04 03:40:20,504] {logging_mixin.py:104} INFO - [2021-04-04 03:40:20,503] {dagbag.py:448} INFO - Filling up the DagBag from /home/prathamesh/PycharmProjects/airflow-project/dags/user_processing.py
[2021-04-04 03:40:20,514] {scheduler_job.py:639} INFO - DAG(s) dict_keys(['user_processing']) retrieved from /home/prathamesh/PycharmProjects/airflow-project/dags/user_processing.py
[2021-04-04 03:40:20,526] {logging_mixin.py:104} INFO - [2021-04-04 03:40:20,526] {dag.py:1818} INFO - Sync 1 DAGs
[2021-04-04 03:40:20,542] {logging_mixin.py:104} INFO - [2021-04-04 03:40:20,542] {dag.py:2273} INFO - Setting next_dagrun for user_processing to 2021-04-03 00:00:00+00:00
[2021-04-04 03:40:20,546] {scheduler_job.py:190} INFO - Processing /home/prathamesh/PycharmProjects/airflow-project/dags/user_processing.py took 0.046 seconds
[2021-04-04 03:40:50,662] {scheduler_job.py:182} INFO - Started process (PID=3480) to work on /home/prathamesh/PycharmProjects/airflow-project/dags/user_processing.py
[2021-04-04 03:40:50,665] {scheduler_job.py:629} INFO - Processing file /home/prathamesh/PycharmProjects/airflow-project/dags/user_processing.py for tasks to queue
[2021-04-04 03:40:50,666] {logging_mixin.py:104} INFO - [2021-04-04 03:40:50,666] {dagbag.py:448} INFO - Filling up the DagBag from /home/prathamesh/PycharmProjects/airflow-project/dags/user_processing.py
[2021-04-04 03:40:50,678] {scheduler_job.py:639} INFO - DAG(s) dict_keys(['user_processing']) retrieved from /home/prathamesh/PycharmProjects/airflow-project/dags/user_processing.py
[2021-04-04 03:40:50,692] {logging_mixin.py:104} INFO - [2021-04-04 03:40:50,692] {dag.py:1818} INFO - Sync 1 DAGs
[2021-04-04 03:40:50,714] {logging_mixin.py:104} INFO - [2021-04-04 03:40:50,714] {dag.py:2273} INFO - Setting next_dagrun for user_processing to 2021-04-03 00:00:00+00:00
[2021-04-04 03:40:50,719] {scheduler_job.py:190} INFO - Processing /home/prathamesh/PycharmProjects/airflow-project/dags/user_processing.py took 0.061 seconds
[2021-04-04 03:41:21,609] {scheduler_job.py:182} INFO - Started process (PID=3552) to work on /home/prathamesh/PycharmProjects/airflow-project/dags/user_processing.py
[2021-04-04 03:41:21,610] {scheduler_job.py:629} INFO - Processing file /home/prathamesh/PycharmProjects/airflow-project/dags/user_processing.py for tasks to queue
[2021-04-04 03:41:21,610] {logging_mixin.py:104} INFO - [2021-04-04 03:41:21,610] {dagbag.py:448} INFO - Filling up the DagBag from /home/prathamesh/PycharmProjects/airflow-project/dags/user_processing.py
[2021-04-04 03:41:21,680] {scheduler_job.py:639} INFO - DAG(s) dict_keys(['user_processing']) retrieved from /home/prathamesh/PycharmProjects/airflow-project/dags/user_processing.py
[2021-04-04 03:41:21,705] {logging_mixin.py:104} INFO - [2021-04-04 03:41:21,705] {dag.py:1818} INFO - Sync 1 DAGs
[2021-04-04 03:41:21,720] {logging_mixin.py:104} INFO - [2021-04-04 03:41:21,720] {dag.py:2273} INFO - Setting next_dagrun for user_processing to 2021-04-03 00:00:00+00:00
[2021-04-04 03:41:21,724] {scheduler_job.py:190} INFO - Processing /home/prathamesh/PycharmProjects/airflow-project/dags/user_processing.py took 0.117 seconds
[2021-04-04 03:41:52,554] {scheduler_job.py:182} INFO - Started process (PID=3582) to work on /home/prathamesh/PycharmProjects/airflow-project/dags/user_processing.py
[2021-04-04 03:41:52,555] {scheduler_job.py:629} INFO - Processing file /home/prathamesh/PycharmProjects/airflow-project/dags/user_processing.py for tasks to queue
[2021-04-04 03:41:52,556] {logging_mixin.py:104} INFO - [2021-04-04 03:41:52,556] {dagbag.py:448} INFO - Filling up the DagBag from /home/prathamesh/PycharmProjects/airflow-project/dags/user_processing.py
[2021-04-04 03:41:52,566] {scheduler_job.py:639} INFO - DAG(s) dict_keys(['user_processing']) retrieved from /home/prathamesh/PycharmProjects/airflow-project/dags/user_processing.py
[2021-04-04 03:41:52,578] {logging_mixin.py:104} INFO - [2021-04-04 03:41:52,578] {dag.py:1818} INFO - Sync 1 DAGs
[2021-04-04 03:41:52,591] {logging_mixin.py:104} INFO - [2021-04-04 03:41:52,591] {dag.py:2273} INFO - Setting next_dagrun for user_processing to 2021-04-03 00:00:00+00:00
[2021-04-04 03:41:52,599] {scheduler_job.py:190} INFO - Processing /home/prathamesh/PycharmProjects/airflow-project/dags/user_processing.py took 0.048 seconds
[2021-04-04 03:42:22,957] {scheduler_job.py:182} INFO - Started process (PID=3612) to work on /home/prathamesh/PycharmProjects/airflow-project/dags/user_processing.py
[2021-04-04 03:42:22,958] {scheduler_job.py:629} INFO - Processing file /home/prathamesh/PycharmProjects/airflow-project/dags/user_processing.py for tasks to queue
[2021-04-04 03:42:22,958] {logging_mixin.py:104} INFO - [2021-04-04 03:42:22,958] {dagbag.py:448} INFO - Filling up the DagBag from /home/prathamesh/PycharmProjects/airflow-project/dags/user_processing.py
[2021-04-04 03:42:22,969] {scheduler_job.py:639} INFO - DAG(s) dict_keys(['user_processing']) retrieved from /home/prathamesh/PycharmProjects/airflow-project/dags/user_processing.py
[2021-04-04 03:42:22,981] {logging_mixin.py:104} INFO - [2021-04-04 03:42:22,981] {dag.py:1818} INFO - Sync 1 DAGs
[2021-04-04 03:42:22,994] {logging_mixin.py:104} INFO - [2021-04-04 03:42:22,994] {dag.py:2273} INFO - Setting next_dagrun for user_processing to 2021-04-03 00:00:00+00:00
[2021-04-04 03:42:23,000] {scheduler_job.py:190} INFO - Processing /home/prathamesh/PycharmProjects/airflow-project/dags/user_processing.py took 0.045 seconds
[2021-04-04 03:42:55,404] {scheduler_job.py:182} INFO - Started process (PID=3653) to work on /home/prathamesh/PycharmProjects/airflow-project/dags/user_processing.py
[2021-04-04 03:42:55,405] {scheduler_job.py:629} INFO - Processing file /home/prathamesh/PycharmProjects/airflow-project/dags/user_processing.py for tasks to queue
[2021-04-04 03:42:55,406] {logging_mixin.py:104} INFO - [2021-04-04 03:42:55,406] {dagbag.py:448} INFO - Filling up the DagBag from /home/prathamesh/PycharmProjects/airflow-project/dags/user_processing.py
[2021-04-04 03:42:55,425] {scheduler_job.py:639} INFO - DAG(s) dict_keys(['user_processing']) retrieved from /home/prathamesh/PycharmProjects/airflow-project/dags/user_processing.py
[2021-04-04 03:42:55,434] {logging_mixin.py:104} INFO - [2021-04-04 03:42:55,434] {dag.py:1818} INFO - Sync 1 DAGs
[2021-04-04 03:42:55,453] {logging_mixin.py:104} INFO - [2021-04-04 03:42:55,453] {dag.py:2273} INFO - Setting next_dagrun for user_processing to 2021-04-03 00:00:00+00:00
[2021-04-04 03:42:55,457] {scheduler_job.py:190} INFO - Processing /home/prathamesh/PycharmProjects/airflow-project/dags/user_processing.py took 0.059 seconds
[2021-04-04 03:43:25,774] {scheduler_job.py:182} INFO - Started process (PID=3703) to work on /home/prathamesh/PycharmProjects/airflow-project/dags/user_processing.py
[2021-04-04 03:43:25,775] {scheduler_job.py:629} INFO - Processing file /home/prathamesh/PycharmProjects/airflow-project/dags/user_processing.py for tasks to queue
[2021-04-04 03:43:25,775] {logging_mixin.py:104} INFO - [2021-04-04 03:43:25,775] {dagbag.py:448} INFO - Filling up the DagBag from /home/prathamesh/PycharmProjects/airflow-project/dags/user_processing.py
[2021-04-04 03:43:25,787] {scheduler_job.py:639} INFO - DAG(s) dict_keys(['user_processing']) retrieved from /home/prathamesh/PycharmProjects/airflow-project/dags/user_processing.py
[2021-04-04 03:43:25,796] {logging_mixin.py:104} INFO - [2021-04-04 03:43:25,796] {dag.py:1818} INFO - Sync 1 DAGs
[2021-04-04 03:43:25,811] {logging_mixin.py:104} INFO - [2021-04-04 03:43:25,811] {dag.py:2273} INFO - Setting next_dagrun for user_processing to 2021-04-03 00:00:00+00:00
[2021-04-04 03:43:25,815] {scheduler_job.py:190} INFO - Processing /home/prathamesh/PycharmProjects/airflow-project/dags/user_processing.py took 0.043 seconds
[2021-04-04 03:43:56,324] {scheduler_job.py:182} INFO - Started process (PID=3734) to work on /home/prathamesh/PycharmProjects/airflow-project/dags/user_processing.py
[2021-04-04 03:43:56,325] {scheduler_job.py:629} INFO - Processing file /home/prathamesh/PycharmProjects/airflow-project/dags/user_processing.py for tasks to queue
[2021-04-04 03:43:56,326] {logging_mixin.py:104} INFO - [2021-04-04 03:43:56,325] {dagbag.py:448} INFO - Filling up the DagBag from /home/prathamesh/PycharmProjects/airflow-project/dags/user_processing.py
[2021-04-04 03:43:56,337] {scheduler_job.py:639} INFO - DAG(s) dict_keys(['user_processing']) retrieved from /home/prathamesh/PycharmProjects/airflow-project/dags/user_processing.py
[2021-04-04 03:43:56,346] {logging_mixin.py:104} INFO - [2021-04-04 03:43:56,346] {dag.py:1818} INFO - Sync 1 DAGs
[2021-04-04 03:43:56,360] {logging_mixin.py:104} INFO - [2021-04-04 03:43:56,360] {dag.py:2273} INFO - Setting next_dagrun for user_processing to 2021-04-03 00:00:00+00:00
[2021-04-04 03:43:56,363] {scheduler_job.py:190} INFO - Processing /home/prathamesh/PycharmProjects/airflow-project/dags/user_processing.py took 0.044 seconds
[2021-04-04 03:44:26,921] {scheduler_job.py:182} INFO - Started process (PID=3762) to work on /home/prathamesh/PycharmProjects/airflow-project/dags/user_processing.py
[2021-04-04 03:44:26,922] {scheduler_job.py:629} INFO - Processing file /home/prathamesh/PycharmProjects/airflow-project/dags/user_processing.py for tasks to queue
[2021-04-04 03:44:26,922] {logging_mixin.py:104} INFO - [2021-04-04 03:44:26,922] {dagbag.py:448} INFO - Filling up the DagBag from /home/prathamesh/PycharmProjects/airflow-project/dags/user_processing.py
[2021-04-04 03:44:26,934] {scheduler_job.py:639} INFO - DAG(s) dict_keys(['user_processing']) retrieved from /home/prathamesh/PycharmProjects/airflow-project/dags/user_processing.py
[2021-04-04 03:44:26,944] {logging_mixin.py:104} INFO - [2021-04-04 03:44:26,944] {dag.py:1818} INFO - Sync 1 DAGs
[2021-04-04 03:44:26,956] {logging_mixin.py:104} INFO - [2021-04-04 03:44:26,955] {dag.py:2273} INFO - Setting next_dagrun for user_processing to 2021-04-03 00:00:00+00:00
[2021-04-04 03:44:26,961] {scheduler_job.py:190} INFO - Processing /home/prathamesh/PycharmProjects/airflow-project/dags/user_processing.py took 0.042 seconds
[2021-04-04 03:44:57,352] {scheduler_job.py:182} INFO - Started process (PID=3791) to work on /home/prathamesh/PycharmProjects/airflow-project/dags/user_processing.py
[2021-04-04 03:44:57,352] {scheduler_job.py:629} INFO - Processing file /home/prathamesh/PycharmProjects/airflow-project/dags/user_processing.py for tasks to queue
[2021-04-04 03:44:57,355] {logging_mixin.py:104} INFO - [2021-04-04 03:44:57,355] {dagbag.py:448} INFO - Filling up the DagBag from /home/prathamesh/PycharmProjects/airflow-project/dags/user_processing.py
[2021-04-04 03:44:57,369] {scheduler_job.py:639} INFO - DAG(s) dict_keys(['user_processing']) retrieved from /home/prathamesh/PycharmProjects/airflow-project/dags/user_processing.py
[2021-04-04 03:44:57,377] {logging_mixin.py:104} INFO - [2021-04-04 03:44:57,377] {dag.py:1818} INFO - Sync 1 DAGs
[2021-04-04 03:44:57,392] {logging_mixin.py:104} INFO - [2021-04-04 03:44:57,392] {dag.py:2273} INFO - Setting next_dagrun for user_processing to 2021-04-03 00:00:00+00:00
[2021-04-04 03:44:57,397] {scheduler_job.py:190} INFO - Processing /home/prathamesh/PycharmProjects/airflow-project/dags/user_processing.py took 0.047 seconds
[2021-04-04 03:54:28,092] {scheduler_job.py:182} INFO - Started process (PID=4561) to work on /home/prathamesh/PycharmProjects/airflow-project/dags/user_processing.py
[2021-04-04 03:54:28,093] {scheduler_job.py:629} INFO - Processing file /home/prathamesh/PycharmProjects/airflow-project/dags/user_processing.py for tasks to queue
[2021-04-04 03:54:28,093] {logging_mixin.py:104} INFO - [2021-04-04 03:54:28,093] {dagbag.py:448} INFO - Filling up the DagBag from /home/prathamesh/PycharmProjects/airflow-project/dags/user_processing.py
[2021-04-04 03:54:28,108] {scheduler_job.py:639} INFO - DAG(s) dict_keys(['user_processing']) retrieved from /home/prathamesh/PycharmProjects/airflow-project/dags/user_processing.py
[2021-04-04 03:54:28,119] {logging_mixin.py:104} INFO - [2021-04-04 03:54:28,119] {dag.py:1818} INFO - Sync 1 DAGs
[2021-04-04 03:54:28,136] {logging_mixin.py:104} INFO - [2021-04-04 03:54:28,136] {dag.py:2273} INFO - Setting next_dagrun for user_processing to 2021-04-03 00:00:00+00:00
[2021-04-04 03:54:28,152] {scheduler_job.py:190} INFO - Processing /home/prathamesh/PycharmProjects/airflow-project/dags/user_processing.py took 0.062 seconds
[2021-04-04 03:54:58,988] {scheduler_job.py:182} INFO - Started process (PID=4589) to work on /home/prathamesh/PycharmProjects/airflow-project/dags/user_processing.py
[2021-04-04 03:54:58,989] {scheduler_job.py:629} INFO - Processing file /home/prathamesh/PycharmProjects/airflow-project/dags/user_processing.py for tasks to queue
[2021-04-04 03:54:58,990] {logging_mixin.py:104} INFO - [2021-04-04 03:54:58,989] {dagbag.py:448} INFO - Filling up the DagBag from /home/prathamesh/PycharmProjects/airflow-project/dags/user_processing.py
[2021-04-04 03:54:59,004] {scheduler_job.py:639} INFO - DAG(s) dict_keys(['user_processing']) retrieved from /home/prathamesh/PycharmProjects/airflow-project/dags/user_processing.py
[2021-04-04 03:54:59,026] {logging_mixin.py:104} INFO - [2021-04-04 03:54:59,026] {dag.py:1818} INFO - Sync 1 DAGs
[2021-04-04 03:54:59,047] {logging_mixin.py:104} INFO - [2021-04-04 03:54:59,047] {dag.py:2273} INFO - Setting next_dagrun for user_processing to 2021-04-03 00:00:00+00:00
[2021-04-04 03:54:59,061] {scheduler_job.py:190} INFO - Processing /home/prathamesh/PycharmProjects/airflow-project/dags/user_processing.py took 0.075 seconds
[2021-04-04 03:55:30,771] {scheduler_job.py:182} INFO - Started process (PID=4621) to work on /home/prathamesh/PycharmProjects/airflow-project/dags/user_processing.py
[2021-04-04 03:55:30,780] {scheduler_job.py:629} INFO - Processing file /home/prathamesh/PycharmProjects/airflow-project/dags/user_processing.py for tasks to queue
[2021-04-04 03:55:30,780] {logging_mixin.py:104} INFO - [2021-04-04 03:55:30,780] {dagbag.py:448} INFO - Filling up the DagBag from /home/prathamesh/PycharmProjects/airflow-project/dags/user_processing.py
[2021-04-04 03:55:30,813] {scheduler_job.py:639} INFO - DAG(s) dict_keys(['user_processing']) retrieved from /home/prathamesh/PycharmProjects/airflow-project/dags/user_processing.py
[2021-04-04 03:55:30,882] {logging_mixin.py:104} INFO - [2021-04-04 03:55:30,882] {dag.py:1818} INFO - Sync 1 DAGs
[2021-04-04 03:55:30,961] {logging_mixin.py:104} INFO - [2021-04-04 03:55:30,961] {dag.py:2273} INFO - Setting next_dagrun for user_processing to 2021-04-03 00:00:00+00:00
[2021-04-04 03:55:30,967] {scheduler_job.py:190} INFO - Processing /home/prathamesh/PycharmProjects/airflow-project/dags/user_processing.py took 0.209 seconds
[2021-04-04 03:56:02,178] {scheduler_job.py:182} INFO - Started process (PID=4673) to work on /home/prathamesh/PycharmProjects/airflow-project/dags/user_processing.py
[2021-04-04 03:56:02,179] {scheduler_job.py:629} INFO - Processing file /home/prathamesh/PycharmProjects/airflow-project/dags/user_processing.py for tasks to queue
[2021-04-04 03:56:02,179] {logging_mixin.py:104} INFO - [2021-04-04 03:56:02,179] {dagbag.py:448} INFO - Filling up the DagBag from /home/prathamesh/PycharmProjects/airflow-project/dags/user_processing.py
[2021-04-04 03:56:02,189] {scheduler_job.py:639} INFO - DAG(s) dict_keys(['user_processing']) retrieved from /home/prathamesh/PycharmProjects/airflow-project/dags/user_processing.py
[2021-04-04 03:56:02,198] {logging_mixin.py:104} INFO - [2021-04-04 03:56:02,197] {dag.py:1818} INFO - Sync 1 DAGs
[2021-04-04 03:56:02,211] {logging_mixin.py:104} INFO - [2021-04-04 03:56:02,211] {dag.py:2273} INFO - Setting next_dagrun for user_processing to 2021-04-03 00:00:00+00:00
[2021-04-04 03:56:02,217] {scheduler_job.py:190} INFO - Processing /home/prathamesh/PycharmProjects/airflow-project/dags/user_processing.py took 0.040 seconds
[2021-04-04 03:56:32,464] {scheduler_job.py:182} INFO - Started process (PID=4705) to work on /home/prathamesh/PycharmProjects/airflow-project/dags/user_processing.py
[2021-04-04 03:56:32,465] {scheduler_job.py:629} INFO - Processing file /home/prathamesh/PycharmProjects/airflow-project/dags/user_processing.py for tasks to queue
[2021-04-04 03:56:32,466] {logging_mixin.py:104} INFO - [2021-04-04 03:56:32,466] {dagbag.py:448} INFO - Filling up the DagBag from /home/prathamesh/PycharmProjects/airflow-project/dags/user_processing.py
[2021-04-04 03:56:32,488] {scheduler_job.py:639} INFO - DAG(s) dict_keys(['user_processing']) retrieved from /home/prathamesh/PycharmProjects/airflow-project/dags/user_processing.py
[2021-04-04 03:56:32,511] {logging_mixin.py:104} INFO - [2021-04-04 03:56:32,511] {dag.py:1818} INFO - Sync 1 DAGs
[2021-04-04 03:56:32,531] {logging_mixin.py:104} INFO - [2021-04-04 03:56:32,531] {dag.py:2273} INFO - Setting next_dagrun for user_processing to 2021-04-03 00:00:00+00:00
[2021-04-04 03:56:32,537] {scheduler_job.py:190} INFO - Processing /home/prathamesh/PycharmProjects/airflow-project/dags/user_processing.py took 0.076 seconds
[2021-04-04 03:57:02,863] {scheduler_job.py:182} INFO - Started process (PID=4738) to work on /home/prathamesh/PycharmProjects/airflow-project/dags/user_processing.py
[2021-04-04 03:57:02,865] {scheduler_job.py:629} INFO - Processing file /home/prathamesh/PycharmProjects/airflow-project/dags/user_processing.py for tasks to queue
[2021-04-04 03:57:02,866] {logging_mixin.py:104} INFO - [2021-04-04 03:57:02,866] {dagbag.py:448} INFO - Filling up the DagBag from /home/prathamesh/PycharmProjects/airflow-project/dags/user_processing.py
[2021-04-04 03:57:02,880] {scheduler_job.py:639} INFO - DAG(s) dict_keys(['user_processing']) retrieved from /home/prathamesh/PycharmProjects/airflow-project/dags/user_processing.py
[2021-04-04 03:57:02,892] {logging_mixin.py:104} INFO - [2021-04-04 03:57:02,892] {dag.py:1818} INFO - Sync 1 DAGs
[2021-04-04 03:57:02,911] {logging_mixin.py:104} INFO - [2021-04-04 03:57:02,911] {dag.py:2273} INFO - Setting next_dagrun for user_processing to 2021-04-03 00:00:00+00:00
[2021-04-04 03:57:02,916] {scheduler_job.py:190} INFO - Processing /home/prathamesh/PycharmProjects/airflow-project/dags/user_processing.py took 0.055 seconds
[2021-04-04 03:57:34,010] {scheduler_job.py:182} INFO - Started process (PID=4768) to work on /home/prathamesh/PycharmProjects/airflow-project/dags/user_processing.py
[2021-04-04 03:57:34,011] {scheduler_job.py:629} INFO - Processing file /home/prathamesh/PycharmProjects/airflow-project/dags/user_processing.py for tasks to queue
[2021-04-04 03:57:34,011] {logging_mixin.py:104} INFO - [2021-04-04 03:57:34,011] {dagbag.py:448} INFO - Filling up the DagBag from /home/prathamesh/PycharmProjects/airflow-project/dags/user_processing.py
[2021-04-04 03:57:34,057] {scheduler_job.py:639} INFO - DAG(s) dict_keys(['user_processing']) retrieved from /home/prathamesh/PycharmProjects/airflow-project/dags/user_processing.py
[2021-04-04 03:57:34,069] {logging_mixin.py:104} INFO - [2021-04-04 03:57:34,069] {dag.py:1818} INFO - Sync 1 DAGs
[2021-04-04 03:57:34,085] {logging_mixin.py:104} INFO - [2021-04-04 03:57:34,085] {dag.py:2273} INFO - Setting next_dagrun for user_processing to 2021-04-03 00:00:00+00:00
[2021-04-04 03:57:34,088] {scheduler_job.py:190} INFO - Processing /home/prathamesh/PycharmProjects/airflow-project/dags/user_processing.py took 0.080 seconds
[2021-04-04 03:58:05,233] {scheduler_job.py:182} INFO - Started process (PID=4796) to work on /home/prathamesh/PycharmProjects/airflow-project/dags/user_processing.py
[2021-04-04 03:58:05,236] {scheduler_job.py:629} INFO - Processing file /home/prathamesh/PycharmProjects/airflow-project/dags/user_processing.py for tasks to queue
[2021-04-04 03:58:05,237] {logging_mixin.py:104} INFO - [2021-04-04 03:58:05,237] {dagbag.py:448} INFO - Filling up the DagBag from /home/prathamesh/PycharmProjects/airflow-project/dags/user_processing.py
[2021-04-04 03:58:05,247] {scheduler_job.py:639} INFO - DAG(s) dict_keys(['user_processing']) retrieved from /home/prathamesh/PycharmProjects/airflow-project/dags/user_processing.py
[2021-04-04 03:58:05,258] {logging_mixin.py:104} INFO - [2021-04-04 03:58:05,258] {dag.py:1818} INFO - Sync 1 DAGs
[2021-04-04 03:58:05,272] {logging_mixin.py:104} INFO - [2021-04-04 03:58:05,272] {dag.py:2273} INFO - Setting next_dagrun for user_processing to 2021-04-03 00:00:00+00:00
[2021-04-04 03:58:05,276] {scheduler_job.py:190} INFO - Processing /home/prathamesh/PycharmProjects/airflow-project/dags/user_processing.py took 0.046 seconds
[2021-04-04 04:07:44,114] {scheduler_job.py:182} INFO - Started process (PID=4965) to work on /home/prathamesh/PycharmProjects/airflow-project/dags/user_processing.py
[2021-04-04 04:07:44,129] {scheduler_job.py:629} INFO - Processing file /home/prathamesh/PycharmProjects/airflow-project/dags/user_processing.py for tasks to queue
[2021-04-04 04:07:44,130] {logging_mixin.py:104} INFO - [2021-04-04 04:07:44,130] {dagbag.py:448} INFO - Filling up the DagBag from /home/prathamesh/PycharmProjects/airflow-project/dags/user_processing.py
[2021-04-04 04:07:44,139] {logging_mixin.py:104} INFO - [2021-04-04 04:07:44,138] {dagbag.py:305} ERROR - Failed to import: /home/prathamesh/PycharmProjects/airflow-project/dags/user_processing.py
Traceback (most recent call last):
  File "/home/prathamesh/PycharmProjects/airflow-project/venv/lib/python3.8/site-packages/airflow/models/dagbag.py", line 302, in _load_modules_from_file
    loader.exec_module(new_module)
  File "<frozen importlib._bootstrap_external>", line 783, in exec_module
  File "<frozen importlib._bootstrap>", line 219, in _call_with_frames_removed
  File "/home/prathamesh/PycharmProjects/airflow-project/dags/user_processing.py", line 38, in <module>
    extracting_user = SimpleHttpOperator(
  File "/home/prathamesh/PycharmProjects/airflow-project/venv/lib/python3.8/site-packages/airflow/models/baseoperator.py", line 89, in __call__
    obj: BaseOperator = type.__call__(cls, *args, **kwargs)
  File "/home/prathamesh/PycharmProjects/airflow-project/venv/lib/python3.8/site-packages/airflow/utils/decorators.py", line 94, in wrapper
    result = func(*args, **kwargs)
  File "/home/prathamesh/PycharmProjects/airflow-project/venv/lib/python3.8/site-packages/airflow/providers/http/operators/http.py", line 88, in __init__
    super().__init__(**kwargs)
  File "/home/prathamesh/PycharmProjects/airflow-project/venv/lib/python3.8/site-packages/airflow/utils/decorators.py", line 94, in wrapper
    result = func(*args, **kwargs)
  File "/home/prathamesh/PycharmProjects/airflow-project/venv/lib/python3.8/site-packages/airflow/models/baseoperator.py", line 392, in __init__
    raise AirflowException(
airflow.exceptions.AirflowException: Invalid arguments were passed to SimpleHttpOperator (task_id: extracting_user). Invalid arguments were:
**kwargs: {'reponse_filter': <function <lambda> at 0x7f8bdb5c8d30>}
[2021-04-04 04:07:44,140] {scheduler_job.py:641} WARNING - No viable dags retrieved from /home/prathamesh/PycharmProjects/airflow-project/dags/user_processing.py
[2021-04-04 04:07:44,229] {scheduler_job.py:190} INFO - Processing /home/prathamesh/PycharmProjects/airflow-project/dags/user_processing.py took 0.117 seconds
[2021-04-04 04:08:14,780] {scheduler_job.py:182} INFO - Started process (PID=5008) to work on /home/prathamesh/PycharmProjects/airflow-project/dags/user_processing.py
[2021-04-04 04:08:14,781] {scheduler_job.py:629} INFO - Processing file /home/prathamesh/PycharmProjects/airflow-project/dags/user_processing.py for tasks to queue
[2021-04-04 04:08:14,782] {logging_mixin.py:104} INFO - [2021-04-04 04:08:14,782] {dagbag.py:448} INFO - Filling up the DagBag from /home/prathamesh/PycharmProjects/airflow-project/dags/user_processing.py
[2021-04-04 04:08:14,792] {logging_mixin.py:104} INFO - [2021-04-04 04:08:14,791] {dagbag.py:305} ERROR - Failed to import: /home/prathamesh/PycharmProjects/airflow-project/dags/user_processing.py
Traceback (most recent call last):
  File "/home/prathamesh/PycharmProjects/airflow-project/venv/lib/python3.8/site-packages/airflow/models/dagbag.py", line 302, in _load_modules_from_file
    loader.exec_module(new_module)
  File "<frozen importlib._bootstrap_external>", line 783, in exec_module
  File "<frozen importlib._bootstrap>", line 219, in _call_with_frames_removed
  File "/home/prathamesh/PycharmProjects/airflow-project/dags/user_processing.py", line 38, in <module>
    extracting_user = SimpleHttpOperator(
  File "/home/prathamesh/PycharmProjects/airflow-project/venv/lib/python3.8/site-packages/airflow/models/baseoperator.py", line 89, in __call__
    obj: BaseOperator = type.__call__(cls, *args, **kwargs)
  File "/home/prathamesh/PycharmProjects/airflow-project/venv/lib/python3.8/site-packages/airflow/utils/decorators.py", line 94, in wrapper
    result = func(*args, **kwargs)
  File "/home/prathamesh/PycharmProjects/airflow-project/venv/lib/python3.8/site-packages/airflow/providers/http/operators/http.py", line 88, in __init__
    super().__init__(**kwargs)
  File "/home/prathamesh/PycharmProjects/airflow-project/venv/lib/python3.8/site-packages/airflow/utils/decorators.py", line 94, in wrapper
    result = func(*args, **kwargs)
  File "/home/prathamesh/PycharmProjects/airflow-project/venv/lib/python3.8/site-packages/airflow/models/baseoperator.py", line 392, in __init__
    raise AirflowException(
airflow.exceptions.AirflowException: Invalid arguments were passed to SimpleHttpOperator (task_id: extracting_user). Invalid arguments were:
**kwargs: {'reponse_filter': <function <lambda> at 0x7f8bdb5c9d30>}
[2021-04-04 04:08:14,792] {scheduler_job.py:641} WARNING - No viable dags retrieved from /home/prathamesh/PycharmProjects/airflow-project/dags/user_processing.py
[2021-04-04 04:08:14,818] {scheduler_job.py:190} INFO - Processing /home/prathamesh/PycharmProjects/airflow-project/dags/user_processing.py took 0.040 seconds
[2021-04-04 04:08:45,489] {scheduler_job.py:182} INFO - Started process (PID=5037) to work on /home/prathamesh/PycharmProjects/airflow-project/dags/user_processing.py
[2021-04-04 04:08:45,490] {scheduler_job.py:629} INFO - Processing file /home/prathamesh/PycharmProjects/airflow-project/dags/user_processing.py for tasks to queue
[2021-04-04 04:08:45,491] {logging_mixin.py:104} INFO - [2021-04-04 04:08:45,490] {dagbag.py:448} INFO - Filling up the DagBag from /home/prathamesh/PycharmProjects/airflow-project/dags/user_processing.py
[2021-04-04 04:08:45,500] {logging_mixin.py:104} INFO - [2021-04-04 04:08:45,499] {dagbag.py:305} ERROR - Failed to import: /home/prathamesh/PycharmProjects/airflow-project/dags/user_processing.py
Traceback (most recent call last):
  File "/home/prathamesh/PycharmProjects/airflow-project/venv/lib/python3.8/site-packages/airflow/models/dagbag.py", line 302, in _load_modules_from_file
    loader.exec_module(new_module)
  File "<frozen importlib._bootstrap_external>", line 783, in exec_module
  File "<frozen importlib._bootstrap>", line 219, in _call_with_frames_removed
  File "/home/prathamesh/PycharmProjects/airflow-project/dags/user_processing.py", line 38, in <module>
    extracting_user = SimpleHttpOperator(
  File "/home/prathamesh/PycharmProjects/airflow-project/venv/lib/python3.8/site-packages/airflow/models/baseoperator.py", line 89, in __call__
    obj: BaseOperator = type.__call__(cls, *args, **kwargs)
  File "/home/prathamesh/PycharmProjects/airflow-project/venv/lib/python3.8/site-packages/airflow/utils/decorators.py", line 94, in wrapper
    result = func(*args, **kwargs)
  File "/home/prathamesh/PycharmProjects/airflow-project/venv/lib/python3.8/site-packages/airflow/providers/http/operators/http.py", line 88, in __init__
    super().__init__(**kwargs)
  File "/home/prathamesh/PycharmProjects/airflow-project/venv/lib/python3.8/site-packages/airflow/utils/decorators.py", line 94, in wrapper
    result = func(*args, **kwargs)
  File "/home/prathamesh/PycharmProjects/airflow-project/venv/lib/python3.8/site-packages/airflow/models/baseoperator.py", line 392, in __init__
    raise AirflowException(
airflow.exceptions.AirflowException: Invalid arguments were passed to SimpleHttpOperator (task_id: extracting_user). Invalid arguments were:
**kwargs: {'reponse_filter': <function <lambda> at 0x7f8bdb5ccd30>}
[2021-04-04 04:08:45,501] {scheduler_job.py:641} WARNING - No viable dags retrieved from /home/prathamesh/PycharmProjects/airflow-project/dags/user_processing.py
[2021-04-04 04:08:45,520] {scheduler_job.py:190} INFO - Processing /home/prathamesh/PycharmProjects/airflow-project/dags/user_processing.py took 0.033 seconds
[2021-04-04 04:09:18,809] {scheduler_job.py:182} INFO - Started process (PID=5075) to work on /home/prathamesh/PycharmProjects/airflow-project/dags/user_processing.py
[2021-04-04 04:09:18,810] {scheduler_job.py:629} INFO - Processing file /home/prathamesh/PycharmProjects/airflow-project/dags/user_processing.py for tasks to queue
[2021-04-04 04:09:18,810] {logging_mixin.py:104} INFO - [2021-04-04 04:09:18,810] {dagbag.py:448} INFO - Filling up the DagBag from /home/prathamesh/PycharmProjects/airflow-project/dags/user_processing.py
[2021-04-04 04:09:18,821] {logging_mixin.py:104} INFO - [2021-04-04 04:09:18,820] {dagbag.py:305} ERROR - Failed to import: /home/prathamesh/PycharmProjects/airflow-project/dags/user_processing.py
Traceback (most recent call last):
  File "/home/prathamesh/PycharmProjects/airflow-project/venv/lib/python3.8/site-packages/airflow/models/dagbag.py", line 302, in _load_modules_from_file
    loader.exec_module(new_module)
  File "<frozen importlib._bootstrap_external>", line 783, in exec_module
  File "<frozen importlib._bootstrap>", line 219, in _call_with_frames_removed
  File "/home/prathamesh/PycharmProjects/airflow-project/dags/user_processing.py", line 38, in <module>
    extracting_user = SimpleHttpOperator(
  File "/home/prathamesh/PycharmProjects/airflow-project/venv/lib/python3.8/site-packages/airflow/models/baseoperator.py", line 89, in __call__
    obj: BaseOperator = type.__call__(cls, *args, **kwargs)
  File "/home/prathamesh/PycharmProjects/airflow-project/venv/lib/python3.8/site-packages/airflow/utils/decorators.py", line 94, in wrapper
    result = func(*args, **kwargs)
  File "/home/prathamesh/PycharmProjects/airflow-project/venv/lib/python3.8/site-packages/airflow/providers/http/operators/http.py", line 88, in __init__
    super().__init__(**kwargs)
  File "/home/prathamesh/PycharmProjects/airflow-project/venv/lib/python3.8/site-packages/airflow/utils/decorators.py", line 94, in wrapper
    result = func(*args, **kwargs)
  File "/home/prathamesh/PycharmProjects/airflow-project/venv/lib/python3.8/site-packages/airflow/models/baseoperator.py", line 392, in __init__
    raise AirflowException(
airflow.exceptions.AirflowException: Invalid arguments were passed to SimpleHttpOperator (task_id: extracting_user). Invalid arguments were:
**kwargs: {'reponse_filter': <function <lambda> at 0x7f8bdb5ced30>}
[2021-04-04 04:09:18,821] {scheduler_job.py:641} WARNING - No viable dags retrieved from /home/prathamesh/PycharmProjects/airflow-project/dags/user_processing.py
[2021-04-04 04:09:18,843] {scheduler_job.py:190} INFO - Processing /home/prathamesh/PycharmProjects/airflow-project/dags/user_processing.py took 0.037 seconds
[2021-04-04 04:09:49,073] {scheduler_job.py:182} INFO - Started process (PID=5107) to work on /home/prathamesh/PycharmProjects/airflow-project/dags/user_processing.py
[2021-04-04 04:09:49,074] {scheduler_job.py:629} INFO - Processing file /home/prathamesh/PycharmProjects/airflow-project/dags/user_processing.py for tasks to queue
[2021-04-04 04:09:49,074] {logging_mixin.py:104} INFO - [2021-04-04 04:09:49,074] {dagbag.py:448} INFO - Filling up the DagBag from /home/prathamesh/PycharmProjects/airflow-project/dags/user_processing.py
[2021-04-04 04:09:49,085] {logging_mixin.py:104} INFO - [2021-04-04 04:09:49,085] {dagbag.py:305} ERROR - Failed to import: /home/prathamesh/PycharmProjects/airflow-project/dags/user_processing.py
Traceback (most recent call last):
  File "/home/prathamesh/PycharmProjects/airflow-project/venv/lib/python3.8/site-packages/airflow/models/dagbag.py", line 302, in _load_modules_from_file
    loader.exec_module(new_module)
  File "<frozen importlib._bootstrap_external>", line 783, in exec_module
  File "<frozen importlib._bootstrap>", line 219, in _call_with_frames_removed
  File "/home/prathamesh/PycharmProjects/airflow-project/dags/user_processing.py", line 38, in <module>
    extracting_user = SimpleHttpOperator(
  File "/home/prathamesh/PycharmProjects/airflow-project/venv/lib/python3.8/site-packages/airflow/models/baseoperator.py", line 89, in __call__
    obj: BaseOperator = type.__call__(cls, *args, **kwargs)
  File "/home/prathamesh/PycharmProjects/airflow-project/venv/lib/python3.8/site-packages/airflow/utils/decorators.py", line 94, in wrapper
    result = func(*args, **kwargs)
  File "/home/prathamesh/PycharmProjects/airflow-project/venv/lib/python3.8/site-packages/airflow/providers/http/operators/http.py", line 88, in __init__
    super().__init__(**kwargs)
  File "/home/prathamesh/PycharmProjects/airflow-project/venv/lib/python3.8/site-packages/airflow/utils/decorators.py", line 94, in wrapper
    result = func(*args, **kwargs)
  File "/home/prathamesh/PycharmProjects/airflow-project/venv/lib/python3.8/site-packages/airflow/models/baseoperator.py", line 392, in __init__
    raise AirflowException(
airflow.exceptions.AirflowException: Invalid arguments were passed to SimpleHttpOperator (task_id: extracting_user). Invalid arguments were:
**kwargs: {'reponse_filter': <function <lambda> at 0x7f8bdb5cfd30>}
[2021-04-04 04:09:49,086] {scheduler_job.py:641} WARNING - No viable dags retrieved from /home/prathamesh/PycharmProjects/airflow-project/dags/user_processing.py
[2021-04-04 04:09:49,103] {scheduler_job.py:190} INFO - Processing /home/prathamesh/PycharmProjects/airflow-project/dags/user_processing.py took 0.033 seconds
[2021-04-04 04:10:19,470] {scheduler_job.py:182} INFO - Started process (PID=5168) to work on /home/prathamesh/PycharmProjects/airflow-project/dags/user_processing.py
[2021-04-04 04:10:19,471] {scheduler_job.py:629} INFO - Processing file /home/prathamesh/PycharmProjects/airflow-project/dags/user_processing.py for tasks to queue
[2021-04-04 04:10:19,471] {logging_mixin.py:104} INFO - [2021-04-04 04:10:19,471] {dagbag.py:448} INFO - Filling up the DagBag from /home/prathamesh/PycharmProjects/airflow-project/dags/user_processing.py
[2021-04-04 04:10:19,478] {logging_mixin.py:104} INFO - [2021-04-04 04:10:19,478] {dagbag.py:305} ERROR - Failed to import: /home/prathamesh/PycharmProjects/airflow-project/dags/user_processing.py
Traceback (most recent call last):
  File "/home/prathamesh/PycharmProjects/airflow-project/venv/lib/python3.8/site-packages/airflow/models/dagbag.py", line 302, in _load_modules_from_file
    loader.exec_module(new_module)
  File "<frozen importlib._bootstrap_external>", line 783, in exec_module
  File "<frozen importlib._bootstrap>", line 219, in _call_with_frames_removed
  File "/home/prathamesh/PycharmProjects/airflow-project/dags/user_processing.py", line 38, in <module>
    extracting_user = SimpleHttpOperator(
  File "/home/prathamesh/PycharmProjects/airflow-project/venv/lib/python3.8/site-packages/airflow/models/baseoperator.py", line 89, in __call__
    obj: BaseOperator = type.__call__(cls, *args, **kwargs)
  File "/home/prathamesh/PycharmProjects/airflow-project/venv/lib/python3.8/site-packages/airflow/utils/decorators.py", line 94, in wrapper
    result = func(*args, **kwargs)
  File "/home/prathamesh/PycharmProjects/airflow-project/venv/lib/python3.8/site-packages/airflow/providers/http/operators/http.py", line 88, in __init__
    super().__init__(**kwargs)
  File "/home/prathamesh/PycharmProjects/airflow-project/venv/lib/python3.8/site-packages/airflow/utils/decorators.py", line 94, in wrapper
    result = func(*args, **kwargs)
  File "/home/prathamesh/PycharmProjects/airflow-project/venv/lib/python3.8/site-packages/airflow/models/baseoperator.py", line 392, in __init__
    raise AirflowException(
airflow.exceptions.AirflowException: Invalid arguments were passed to SimpleHttpOperator (task_id: extracting_user). Invalid arguments were:
**kwargs: {'reponse_filter': <function <lambda> at 0x7f8bdb5ced30>}
[2021-04-04 04:10:19,479] {scheduler_job.py:641} WARNING - No viable dags retrieved from /home/prathamesh/PycharmProjects/airflow-project/dags/user_processing.py
[2021-04-04 04:10:19,496] {scheduler_job.py:190} INFO - Processing /home/prathamesh/PycharmProjects/airflow-project/dags/user_processing.py took 0.028 seconds
[2021-04-04 04:10:49,750] {scheduler_job.py:182} INFO - Started process (PID=5196) to work on /home/prathamesh/PycharmProjects/airflow-project/dags/user_processing.py
[2021-04-04 04:10:49,751] {scheduler_job.py:629} INFO - Processing file /home/prathamesh/PycharmProjects/airflow-project/dags/user_processing.py for tasks to queue
[2021-04-04 04:10:49,751] {logging_mixin.py:104} INFO - [2021-04-04 04:10:49,751] {dagbag.py:448} INFO - Filling up the DagBag from /home/prathamesh/PycharmProjects/airflow-project/dags/user_processing.py
[2021-04-04 04:10:49,762] {logging_mixin.py:104} INFO - [2021-04-04 04:10:49,761] {dagbag.py:305} ERROR - Failed to import: /home/prathamesh/PycharmProjects/airflow-project/dags/user_processing.py
Traceback (most recent call last):
  File "/home/prathamesh/PycharmProjects/airflow-project/venv/lib/python3.8/site-packages/airflow/models/dagbag.py", line 302, in _load_modules_from_file
    loader.exec_module(new_module)
  File "<frozen importlib._bootstrap_external>", line 783, in exec_module
  File "<frozen importlib._bootstrap>", line 219, in _call_with_frames_removed
  File "/home/prathamesh/PycharmProjects/airflow-project/dags/user_processing.py", line 38, in <module>
    extracting_user = SimpleHttpOperator(
  File "/home/prathamesh/PycharmProjects/airflow-project/venv/lib/python3.8/site-packages/airflow/models/baseoperator.py", line 89, in __call__
    obj: BaseOperator = type.__call__(cls, *args, **kwargs)
  File "/home/prathamesh/PycharmProjects/airflow-project/venv/lib/python3.8/site-packages/airflow/utils/decorators.py", line 94, in wrapper
    result = func(*args, **kwargs)
  File "/home/prathamesh/PycharmProjects/airflow-project/venv/lib/python3.8/site-packages/airflow/providers/http/operators/http.py", line 88, in __init__
    super().__init__(**kwargs)
  File "/home/prathamesh/PycharmProjects/airflow-project/venv/lib/python3.8/site-packages/airflow/utils/decorators.py", line 94, in wrapper
    result = func(*args, **kwargs)
  File "/home/prathamesh/PycharmProjects/airflow-project/venv/lib/python3.8/site-packages/airflow/models/baseoperator.py", line 392, in __init__
    raise AirflowException(
airflow.exceptions.AirflowException: Invalid arguments were passed to SimpleHttpOperator (task_id: extracting_user). Invalid arguments were:
**kwargs: {'reponse_filter': <function <lambda> at 0x7f8bdb5ced30>}
[2021-04-04 04:10:49,762] {scheduler_job.py:641} WARNING - No viable dags retrieved from /home/prathamesh/PycharmProjects/airflow-project/dags/user_processing.py
[2021-04-04 04:10:49,777] {scheduler_job.py:190} INFO - Processing /home/prathamesh/PycharmProjects/airflow-project/dags/user_processing.py took 0.030 seconds
[2021-04-04 04:11:20,481] {scheduler_job.py:182} INFO - Started process (PID=5256) to work on /home/prathamesh/PycharmProjects/airflow-project/dags/user_processing.py
[2021-04-04 04:11:20,482] {scheduler_job.py:629} INFO - Processing file /home/prathamesh/PycharmProjects/airflow-project/dags/user_processing.py for tasks to queue
[2021-04-04 04:11:20,482] {logging_mixin.py:104} INFO - [2021-04-04 04:11:20,482] {dagbag.py:448} INFO - Filling up the DagBag from /home/prathamesh/PycharmProjects/airflow-project/dags/user_processing.py
[2021-04-04 04:11:20,490] {logging_mixin.py:104} INFO - [2021-04-04 04:11:20,489] {dagbag.py:305} ERROR - Failed to import: /home/prathamesh/PycharmProjects/airflow-project/dags/user_processing.py
Traceback (most recent call last):
  File "/home/prathamesh/PycharmProjects/airflow-project/venv/lib/python3.8/site-packages/airflow/models/dagbag.py", line 302, in _load_modules_from_file
    loader.exec_module(new_module)
  File "<frozen importlib._bootstrap_external>", line 783, in exec_module
  File "<frozen importlib._bootstrap>", line 219, in _call_with_frames_removed
  File "/home/prathamesh/PycharmProjects/airflow-project/dags/user_processing.py", line 38, in <module>
    extracting_user = SimpleHttpOperator(
  File "/home/prathamesh/PycharmProjects/airflow-project/venv/lib/python3.8/site-packages/airflow/models/baseoperator.py", line 89, in __call__
    obj: BaseOperator = type.__call__(cls, *args, **kwargs)
  File "/home/prathamesh/PycharmProjects/airflow-project/venv/lib/python3.8/site-packages/airflow/utils/decorators.py", line 94, in wrapper
    result = func(*args, **kwargs)
  File "/home/prathamesh/PycharmProjects/airflow-project/venv/lib/python3.8/site-packages/airflow/providers/http/operators/http.py", line 88, in __init__
    super().__init__(**kwargs)
  File "/home/prathamesh/PycharmProjects/airflow-project/venv/lib/python3.8/site-packages/airflow/utils/decorators.py", line 94, in wrapper
    result = func(*args, **kwargs)
  File "/home/prathamesh/PycharmProjects/airflow-project/venv/lib/python3.8/site-packages/airflow/models/baseoperator.py", line 392, in __init__
    raise AirflowException(
airflow.exceptions.AirflowException: Invalid arguments were passed to SimpleHttpOperator (task_id: extracting_user). Invalid arguments were:
**kwargs: {'reponse_filter': <function <lambda> at 0x7f8bdb5ced30>}
[2021-04-04 04:11:20,490] {scheduler_job.py:641} WARNING - No viable dags retrieved from /home/prathamesh/PycharmProjects/airflow-project/dags/user_processing.py
[2021-04-04 04:11:20,506] {scheduler_job.py:190} INFO - Processing /home/prathamesh/PycharmProjects/airflow-project/dags/user_processing.py took 0.028 seconds
[2021-04-04 04:11:51,237] {scheduler_job.py:182} INFO - Started process (PID=5286) to work on /home/prathamesh/PycharmProjects/airflow-project/dags/user_processing.py
[2021-04-04 04:11:51,238] {scheduler_job.py:629} INFO - Processing file /home/prathamesh/PycharmProjects/airflow-project/dags/user_processing.py for tasks to queue
[2021-04-04 04:11:51,238] {logging_mixin.py:104} INFO - [2021-04-04 04:11:51,238] {dagbag.py:448} INFO - Filling up the DagBag from /home/prathamesh/PycharmProjects/airflow-project/dags/user_processing.py
[2021-04-04 04:11:51,250] {logging_mixin.py:104} INFO - [2021-04-04 04:11:51,249] {dagbag.py:305} ERROR - Failed to import: /home/prathamesh/PycharmProjects/airflow-project/dags/user_processing.py
Traceback (most recent call last):
  File "/home/prathamesh/PycharmProjects/airflow-project/venv/lib/python3.8/site-packages/airflow/models/dagbag.py", line 302, in _load_modules_from_file
    loader.exec_module(new_module)
  File "<frozen importlib._bootstrap_external>", line 783, in exec_module
  File "<frozen importlib._bootstrap>", line 219, in _call_with_frames_removed
  File "/home/prathamesh/PycharmProjects/airflow-project/dags/user_processing.py", line 38, in <module>
    extracting_user = SimpleHttpOperator(
  File "/home/prathamesh/PycharmProjects/airflow-project/venv/lib/python3.8/site-packages/airflow/models/baseoperator.py", line 89, in __call__
    obj: BaseOperator = type.__call__(cls, *args, **kwargs)
  File "/home/prathamesh/PycharmProjects/airflow-project/venv/lib/python3.8/site-packages/airflow/utils/decorators.py", line 94, in wrapper
    result = func(*args, **kwargs)
  File "/home/prathamesh/PycharmProjects/airflow-project/venv/lib/python3.8/site-packages/airflow/providers/http/operators/http.py", line 88, in __init__
    super().__init__(**kwargs)
  File "/home/prathamesh/PycharmProjects/airflow-project/venv/lib/python3.8/site-packages/airflow/utils/decorators.py", line 94, in wrapper
    result = func(*args, **kwargs)
  File "/home/prathamesh/PycharmProjects/airflow-project/venv/lib/python3.8/site-packages/airflow/models/baseoperator.py", line 392, in __init__
    raise AirflowException(
airflow.exceptions.AirflowException: Invalid arguments were passed to SimpleHttpOperator (task_id: extracting_user). Invalid arguments were:
**kwargs: {'reponse_filter': <function <lambda> at 0x7f8bdb5cfd30>}
[2021-04-04 04:11:51,250] {scheduler_job.py:641} WARNING - No viable dags retrieved from /home/prathamesh/PycharmProjects/airflow-project/dags/user_processing.py
[2021-04-04 04:11:51,276] {scheduler_job.py:190} INFO - Processing /home/prathamesh/PycharmProjects/airflow-project/dags/user_processing.py took 0.041 seconds
[2021-04-04 04:12:21,955] {scheduler_job.py:182} INFO - Started process (PID=5325) to work on /home/prathamesh/PycharmProjects/airflow-project/dags/user_processing.py
[2021-04-04 04:12:21,956] {scheduler_job.py:629} INFO - Processing file /home/prathamesh/PycharmProjects/airflow-project/dags/user_processing.py for tasks to queue
[2021-04-04 04:12:21,956] {logging_mixin.py:104} INFO - [2021-04-04 04:12:21,956] {dagbag.py:448} INFO - Filling up the DagBag from /home/prathamesh/PycharmProjects/airflow-project/dags/user_processing.py
[2021-04-04 04:12:21,973] {scheduler_job.py:639} INFO - DAG(s) dict_keys(['user_processing']) retrieved from /home/prathamesh/PycharmProjects/airflow-project/dags/user_processing.py
[2021-04-04 04:12:21,991] {logging_mixin.py:104} INFO - [2021-04-04 04:12:21,991] {dag.py:1818} INFO - Sync 1 DAGs
[2021-04-04 04:12:22,009] {logging_mixin.py:104} INFO - [2021-04-04 04:12:22,009] {dag.py:2273} INFO - Setting next_dagrun for user_processing to 2021-04-03 00:00:00+00:00
[2021-04-04 04:12:22,038] {scheduler_job.py:190} INFO - Processing /home/prathamesh/PycharmProjects/airflow-project/dags/user_processing.py took 0.088 seconds
[2021-04-04 04:12:52,571] {scheduler_job.py:182} INFO - Started process (PID=5369) to work on /home/prathamesh/PycharmProjects/airflow-project/dags/user_processing.py
[2021-04-04 04:12:52,572] {scheduler_job.py:629} INFO - Processing file /home/prathamesh/PycharmProjects/airflow-project/dags/user_processing.py for tasks to queue
[2021-04-04 04:12:52,573] {logging_mixin.py:104} INFO - [2021-04-04 04:12:52,573] {dagbag.py:448} INFO - Filling up the DagBag from /home/prathamesh/PycharmProjects/airflow-project/dags/user_processing.py
[2021-04-04 04:12:52,592] {scheduler_job.py:639} INFO - DAG(s) dict_keys(['user_processing']) retrieved from /home/prathamesh/PycharmProjects/airflow-project/dags/user_processing.py
[2021-04-04 04:12:52,604] {logging_mixin.py:104} INFO - [2021-04-04 04:12:52,603] {dag.py:1818} INFO - Sync 1 DAGs
[2021-04-04 04:12:52,620] {logging_mixin.py:104} INFO - [2021-04-04 04:12:52,618] {dag.py:2273} INFO - Setting next_dagrun for user_processing to 2021-04-03 00:00:00+00:00
[2021-04-04 04:12:52,627] {scheduler_job.py:190} INFO - Processing /home/prathamesh/PycharmProjects/airflow-project/dags/user_processing.py took 0.058 seconds
[2021-04-04 16:21:24,779] {scheduler_job.py:182} INFO - Started process (PID=3266) to work on /home/prathamesh/PycharmProjects/airflow-project/dags/user_processing.py
[2021-04-04 16:21:24,795] {scheduler_job.py:629} INFO - Processing file /home/prathamesh/PycharmProjects/airflow-project/dags/user_processing.py for tasks to queue
[2021-04-04 16:21:24,796] {logging_mixin.py:104} INFO - [2021-04-04 16:21:24,795] {dagbag.py:448} INFO - Filling up the DagBag from /home/prathamesh/PycharmProjects/airflow-project/dags/user_processing.py
[2021-04-04 16:21:24,817] {scheduler_job.py:639} INFO - DAG(s) dict_keys(['user_processing']) retrieved from /home/prathamesh/PycharmProjects/airflow-project/dags/user_processing.py
[2021-04-04 16:21:24,840] {logging_mixin.py:104} INFO - [2021-04-04 16:21:24,840] {dag.py:1818} INFO - Sync 1 DAGs
[2021-04-04 16:21:24,863] {logging_mixin.py:104} INFO - [2021-04-04 16:21:24,863] {dag.py:2273} INFO - Setting next_dagrun for user_processing to 2021-04-03 00:00:00+00:00
[2021-04-04 16:21:24,873] {scheduler_job.py:190} INFO - Processing /home/prathamesh/PycharmProjects/airflow-project/dags/user_processing.py took 0.096 seconds
[2021-04-04 16:21:55,071] {scheduler_job.py:182} INFO - Started process (PID=3496) to work on /home/prathamesh/PycharmProjects/airflow-project/dags/user_processing.py
[2021-04-04 16:21:55,072] {scheduler_job.py:629} INFO - Processing file /home/prathamesh/PycharmProjects/airflow-project/dags/user_processing.py for tasks to queue
[2021-04-04 16:21:55,073] {logging_mixin.py:104} INFO - [2021-04-04 16:21:55,073] {dagbag.py:448} INFO - Filling up the DagBag from /home/prathamesh/PycharmProjects/airflow-project/dags/user_processing.py
[2021-04-04 16:21:55,084] {scheduler_job.py:639} INFO - DAG(s) dict_keys(['user_processing']) retrieved from /home/prathamesh/PycharmProjects/airflow-project/dags/user_processing.py
[2021-04-04 16:21:55,092] {logging_mixin.py:104} INFO - [2021-04-04 16:21:55,092] {dag.py:1818} INFO - Sync 1 DAGs
[2021-04-04 16:21:55,109] {logging_mixin.py:104} INFO - [2021-04-04 16:21:55,109] {dag.py:2273} INFO - Setting next_dagrun for user_processing to 2021-04-03 00:00:00+00:00
[2021-04-04 16:21:55,128] {scheduler_job.py:190} INFO - Processing /home/prathamesh/PycharmProjects/airflow-project/dags/user_processing.py took 0.059 seconds
[2021-04-04 16:22:25,356] {scheduler_job.py:182} INFO - Started process (PID=3557) to work on /home/prathamesh/PycharmProjects/airflow-project/dags/user_processing.py
[2021-04-04 16:22:25,358] {scheduler_job.py:629} INFO - Processing file /home/prathamesh/PycharmProjects/airflow-project/dags/user_processing.py for tasks to queue
[2021-04-04 16:22:25,358] {logging_mixin.py:104} INFO - [2021-04-04 16:22:25,358] {dagbag.py:448} INFO - Filling up the DagBag from /home/prathamesh/PycharmProjects/airflow-project/dags/user_processing.py
[2021-04-04 16:22:25,386] {scheduler_job.py:639} INFO - DAG(s) dict_keys(['user_processing']) retrieved from /home/prathamesh/PycharmProjects/airflow-project/dags/user_processing.py
[2021-04-04 16:22:25,407] {logging_mixin.py:104} INFO - [2021-04-04 16:22:25,407] {dag.py:1818} INFO - Sync 1 DAGs
[2021-04-04 16:22:25,431] {logging_mixin.py:104} INFO - [2021-04-04 16:22:25,431] {dag.py:2273} INFO - Setting next_dagrun for user_processing to 2021-04-03 00:00:00+00:00
[2021-04-04 16:22:25,440] {scheduler_job.py:190} INFO - Processing /home/prathamesh/PycharmProjects/airflow-project/dags/user_processing.py took 0.086 seconds
[2021-04-04 16:22:55,637] {scheduler_job.py:182} INFO - Started process (PID=3584) to work on /home/prathamesh/PycharmProjects/airflow-project/dags/user_processing.py
[2021-04-04 16:22:55,638] {scheduler_job.py:629} INFO - Processing file /home/prathamesh/PycharmProjects/airflow-project/dags/user_processing.py for tasks to queue
[2021-04-04 16:22:55,638] {logging_mixin.py:104} INFO - [2021-04-04 16:22:55,638] {dagbag.py:448} INFO - Filling up the DagBag from /home/prathamesh/PycharmProjects/airflow-project/dags/user_processing.py
[2021-04-04 16:22:55,649] {scheduler_job.py:639} INFO - DAG(s) dict_keys(['user_processing']) retrieved from /home/prathamesh/PycharmProjects/airflow-project/dags/user_processing.py
[2021-04-04 16:22:55,658] {logging_mixin.py:104} INFO - [2021-04-04 16:22:55,658] {dag.py:1818} INFO - Sync 1 DAGs
[2021-04-04 16:22:55,677] {logging_mixin.py:104} INFO - [2021-04-04 16:22:55,677] {dag.py:2273} INFO - Setting next_dagrun for user_processing to 2021-04-03 00:00:00+00:00
[2021-04-04 16:22:55,680] {scheduler_job.py:190} INFO - Processing /home/prathamesh/PycharmProjects/airflow-project/dags/user_processing.py took 0.046 seconds
[2021-04-04 16:23:25,891] {scheduler_job.py:182} INFO - Started process (PID=3611) to work on /home/prathamesh/PycharmProjects/airflow-project/dags/user_processing.py
[2021-04-04 16:23:25,892] {scheduler_job.py:629} INFO - Processing file /home/prathamesh/PycharmProjects/airflow-project/dags/user_processing.py for tasks to queue
[2021-04-04 16:23:25,892] {logging_mixin.py:104} INFO - [2021-04-04 16:23:25,892] {dagbag.py:448} INFO - Filling up the DagBag from /home/prathamesh/PycharmProjects/airflow-project/dags/user_processing.py
[2021-04-04 16:23:25,906] {scheduler_job.py:639} INFO - DAG(s) dict_keys(['user_processing']) retrieved from /home/prathamesh/PycharmProjects/airflow-project/dags/user_processing.py
[2021-04-04 16:23:25,915] {logging_mixin.py:104} INFO - [2021-04-04 16:23:25,915] {dag.py:1818} INFO - Sync 1 DAGs
[2021-04-04 16:23:25,930] {logging_mixin.py:104} INFO - [2021-04-04 16:23:25,930] {dag.py:2273} INFO - Setting next_dagrun for user_processing to 2021-04-03 00:00:00+00:00
[2021-04-04 16:23:25,934] {scheduler_job.py:190} INFO - Processing /home/prathamesh/PycharmProjects/airflow-project/dags/user_processing.py took 0.047 seconds
