[2021-04-04 22:00:44,127] {taskinstance.py:851} INFO - Dependencies all met for <TaskInstance: user_processing.storing_user 2021-04-04T00:00:00+00:00 [queued]>
[2021-04-04 22:00:44,131] {taskinstance.py:851} INFO - Dependencies all met for <TaskInstance: user_processing.storing_user 2021-04-04T00:00:00+00:00 [queued]>
[2021-04-04 22:00:44,131] {taskinstance.py:1042} INFO - 
--------------------------------------------------------------------------------
[2021-04-04 22:00:44,131] {taskinstance.py:1043} INFO - Starting attempt 1 of 1
[2021-04-04 22:00:44,131] {taskinstance.py:1044} INFO - 
--------------------------------------------------------------------------------
[2021-04-04 22:00:44,142] {taskinstance.py:1063} INFO - Executing <Task(BashOperator): storing_user> on 2021-04-04T00:00:00+00:00
[2021-04-04 22:00:44,145] {standard_task_runner.py:52} INFO - Started process 7698 to run task
[2021-04-04 22:00:44,151] {standard_task_runner.py:76} INFO - Running: ['airflow', 'tasks', 'run', 'user_processing', 'storing_user', '2021-04-04T00:00:00+00:00', '--job-id', '15', '--pool', 'default_pool', '--raw', '--subdir', 'DAGS_FOLDER/user_processing.py', '--cfg-path', '/tmp/tmpp_o8354f', '--error-file', '/tmp/tmpt0txznhr']
[2021-04-04 22:00:44,151] {standard_task_runner.py:77} INFO - Job 15: Subtask storing_user
[2021-04-04 22:00:44,178] {logging_mixin.py:104} INFO - Running <TaskInstance: user_processing.storing_user 2021-04-04T00:00:00+00:00 [running]> on host prathamesh-VirtualBox
[2021-04-04 22:00:44,201] {taskinstance.py:1255} INFO - Exporting the following env vars:
AIRFLOW_CTX_DAG_OWNER=airflow
AIRFLOW_CTX_DAG_ID=user_processing
AIRFLOW_CTX_TASK_ID=storing_user
AIRFLOW_CTX_EXECUTION_DATE=2021-04-04T00:00:00+00:00
AIRFLOW_CTX_DAG_RUN_ID=scheduled__2021-04-04T00:00:00+00:00
[2021-04-04 22:00:44,201] {bash.py:135} INFO - Tmp dir root location: 
 /tmp
[2021-04-04 22:00:44,201] {bash.py:158} INFO - Running command: echo -e ".separator ","
.import /tmp/processed_user.csv users" | sqlite3 /home/prathamesh/PycharmProjects/airflow-project/airflow.db
[2021-04-04 22:00:44,207] {bash.py:169} INFO - Output:
[2021-04-04 22:00:44,219] {bash.py:177} INFO - Command exited with return code 0
[2021-04-04 22:00:44,234] {taskinstance.py:1159} INFO - Marking task as SUCCESS. dag_id=user_processing, task_id=storing_user, execution_date=20210404T000000, start_date=20210405T020044, end_date=20210405T020044
[2021-04-04 22:00:44,249] {taskinstance.py:1220} INFO - 0 downstream tasks scheduled from follow-on schedule check
[2021-04-04 22:00:44,258] {local_task_job.py:146} INFO - Task exited with return code 0
