[2021-03-31 03:00:00,869] {taskinstance.py:851} INFO - Dependencies all met for <TaskInstance: ingestion-pipeline.DownloadingData 2021-03-31T00:00:00+00:00 [queued]>
[2021-03-31 03:00:00,890] {taskinstance.py:851} INFO - Dependencies all met for <TaskInstance: ingestion-pipeline.DownloadingData 2021-03-31T00:00:00+00:00 [queued]>
[2021-03-31 03:00:00,890] {taskinstance.py:1042} INFO - 
--------------------------------------------------------------------------------
[2021-03-31 03:00:00,890] {taskinstance.py:1043} INFO - Starting attempt 1 of 1
[2021-03-31 03:00:00,890] {taskinstance.py:1044} INFO - 
--------------------------------------------------------------------------------
[2021-03-31 03:00:00,920] {taskinstance.py:1063} INFO - Executing <Task(PythonOperator): DownloadingData> on 2021-03-31T00:00:00+00:00
[2021-03-31 03:00:00,926] {standard_task_runner.py:52} INFO - Started process 15648 to run task
[2021-03-31 03:00:00,946] {standard_task_runner.py:76} INFO - Running: ['airflow', 'tasks', 'run', 'ingestion-pipeline', 'DownloadingData', '2021-03-31T00:00:00+00:00', '--job-id', '7', '--pool', 'default_pool', '--raw', '--subdir', 'DAGS_FOLDER/ingestion.py', '--cfg-path', '/tmp/tmp34yrxefx', '--error-file', '/tmp/tmpcylyzex_']
[2021-03-31 03:00:00,947] {standard_task_runner.py:77} INFO - Job 7: Subtask DownloadingData
[2021-03-31 03:00:01,009] {logging_mixin.py:104} INFO - Running <TaskInstance: ingestion-pipeline.DownloadingData 2021-03-31T00:00:00+00:00 [running]> on host prathamesh-VirtualBox
[2021-03-31 03:00:01,056] {taskinstance.py:1255} INFO - Exporting the following env vars:
AIRFLOW_CTX_DAG_OWNER=airflow
AIRFLOW_CTX_DAG_ID=ingestion-pipeline
AIRFLOW_CTX_TASK_ID=DownloadingData
AIRFLOW_CTX_EXECUTION_DATE=2021-03-31T00:00:00+00:00
AIRFLOW_CTX_DAG_RUN_ID=scheduled__2021-03-31T00:00:00+00:00
[2021-03-31 03:00:01,093] {credentials.py:1222} INFO - Found credentials in shared credentials file: ~/.aws/credentials
[2021-03-31 03:00:01,414] {logging_mixin.py:104} INFO - Downloading file netflix_titles.csv..
[2021-03-31 03:00:01,799] {logging_mixin.py:104} INFO - Download Complete!
[2021-03-31 03:00:01,803] {python.py:118} INFO - Done. Returned value was: None
[2021-03-31 03:00:01,808] {taskinstance.py:1159} INFO - Marking task as SUCCESS. dag_id=ingestion-pipeline, task_id=DownloadingData, execution_date=20210331T000000, start_date=20210331T070000, end_date=20210331T070001
[2021-03-31 03:00:01,839] {taskinstance.py:1220} INFO - 1 downstream tasks scheduled from follow-on schedule check
[2021-03-31 03:00:01,858] {local_task_job.py:146} INFO - Task exited with return code 0
