[2021-04-04 22:00:42,822] {taskinstance.py:851} INFO - Dependencies all met for <TaskInstance: user_processing.processing_user 2021-04-05T01:57:21.562906+00:00 [queued]>
[2021-04-04 22:00:42,826] {taskinstance.py:851} INFO - Dependencies all met for <TaskInstance: user_processing.processing_user 2021-04-05T01:57:21.562906+00:00 [queued]>
[2021-04-04 22:00:42,826] {taskinstance.py:1042} INFO - 
--------------------------------------------------------------------------------
[2021-04-04 22:00:42,833] {taskinstance.py:1043} INFO - Starting attempt 1 of 1
[2021-04-04 22:00:42,833] {taskinstance.py:1044} INFO - 
--------------------------------------------------------------------------------
[2021-04-04 22:00:42,861] {taskinstance.py:1063} INFO - Executing <Task(PythonOperator): processing_user> on 2021-04-05T01:57:21.562906+00:00
[2021-04-04 22:00:42,864] {standard_task_runner.py:52} INFO - Started process 7694 to run task
[2021-04-04 22:00:42,872] {standard_task_runner.py:76} INFO - Running: ['airflow', 'tasks', 'run', 'user_processing', 'processing_user', '2021-04-05T01:57:21.562906+00:00', '--job-id', '14', '--pool', 'default_pool', '--raw', '--subdir', 'DAGS_FOLDER/user_processing.py', '--cfg-path', '/tmp/tmpf1zspt4z', '--error-file', '/tmp/tmpo8ajune_']
[2021-04-04 22:00:42,872] {standard_task_runner.py:77} INFO - Job 14: Subtask processing_user
[2021-04-04 22:00:42,897] {logging_mixin.py:104} INFO - Running <TaskInstance: user_processing.processing_user 2021-04-05T01:57:21.562906+00:00 [running]> on host prathamesh-VirtualBox
[2021-04-04 22:00:42,916] {taskinstance.py:1255} INFO - Exporting the following env vars:
AIRFLOW_CTX_DAG_OWNER=airflow
AIRFLOW_CTX_DAG_ID=user_processing
AIRFLOW_CTX_TASK_ID=processing_user
AIRFLOW_CTX_EXECUTION_DATE=2021-04-05T01:57:21.562906+00:00
AIRFLOW_CTX_DAG_RUN_ID=manual__2021-04-05T01:57:21.562906+00:00
[2021-04-04 22:00:42,925] {python.py:118} INFO - Done. Returned value was: None
[2021-04-04 22:00:42,927] {taskinstance.py:1159} INFO - Marking task as SUCCESS. dag_id=user_processing, task_id=processing_user, execution_date=20210405T015721, start_date=20210405T020042, end_date=20210405T020042
[2021-04-04 22:00:42,949] {taskinstance.py:1220} INFO - 1 downstream tasks scheduled from follow-on schedule check
[2021-04-04 22:00:42,952] {local_task_job.py:146} INFO - Task exited with return code 0
