[2021-04-04 22:01:07,019] {scheduler_job.py:182} INFO - Started process (PID=7729) to work on /home/prathamesh/PycharmProjects/airflow-project/venv/lib/python3.8/site-packages/airflow/example_dags/example_kubernetes_executor.py
[2021-04-04 22:01:07,020] {scheduler_job.py:629} INFO - Processing file /home/prathamesh/PycharmProjects/airflow-project/venv/lib/python3.8/site-packages/airflow/example_dags/example_kubernetes_executor.py for tasks to queue
[2021-04-04 22:01:07,021] {logging_mixin.py:104} INFO - [2021-04-04 22:01:07,021] {dagbag.py:448} INFO - Filling up the DagBag from /home/prathamesh/PycharmProjects/airflow-project/venv/lib/python3.8/site-packages/airflow/example_dags/example_kubernetes_executor.py
[2021-04-04 22:01:07,038] {scheduler_job.py:639} INFO - DAG(s) dict_keys(['example_kubernetes_executor']) retrieved from /home/prathamesh/PycharmProjects/airflow-project/venv/lib/python3.8/site-packages/airflow/example_dags/example_kubernetes_executor.py
[2021-04-04 22:01:07,068] {logging_mixin.py:104} INFO - [2021-04-04 22:01:07,067] {dag.py:1818} INFO - Sync 1 DAGs
[2021-04-04 22:01:07,095] {logging_mixin.py:104} INFO - [2021-04-04 22:01:07,095] {dag.py:2273} INFO - Setting next_dagrun for example_kubernetes_executor to None
[2021-04-04 22:01:07,123] {scheduler_job.py:190} INFO - Processing /home/prathamesh/PycharmProjects/airflow-project/venv/lib/python3.8/site-packages/airflow/example_dags/example_kubernetes_executor.py took 0.113 seconds
[2021-04-04 22:32:02,774] {scheduler_job.py:182} INFO - Started process (PID=3510) to work on /home/prathamesh/PycharmProjects/airflow-project/venv/lib/python3.8/site-packages/airflow/example_dags/example_kubernetes_executor.py
[2021-04-04 22:32:02,778] {scheduler_job.py:629} INFO - Processing file /home/prathamesh/PycharmProjects/airflow-project/venv/lib/python3.8/site-packages/airflow/example_dags/example_kubernetes_executor.py for tasks to queue
[2021-04-04 22:32:02,779] {logging_mixin.py:104} INFO - [2021-04-04 22:32:02,779] {dagbag.py:448} INFO - Filling up the DagBag from /home/prathamesh/PycharmProjects/airflow-project/venv/lib/python3.8/site-packages/airflow/example_dags/example_kubernetes_executor.py
[2021-04-04 22:32:02,792] {scheduler_job.py:639} INFO - DAG(s) dict_keys(['example_kubernetes_executor']) retrieved from /home/prathamesh/PycharmProjects/airflow-project/venv/lib/python3.8/site-packages/airflow/example_dags/example_kubernetes_executor.py
[2021-04-04 22:32:02,811] {logging_mixin.py:104} INFO - [2021-04-04 22:32:02,811] {dag.py:1818} INFO - Sync 1 DAGs
[2021-04-04 22:32:02,843] {logging_mixin.py:104} INFO - [2021-04-04 22:32:02,843] {dag.py:2273} INFO - Setting next_dagrun for example_kubernetes_executor to None
[2021-04-04 22:32:02,886] {scheduler_job.py:190} INFO - Processing /home/prathamesh/PycharmProjects/airflow-project/venv/lib/python3.8/site-packages/airflow/example_dags/example_kubernetes_executor.py took 0.115 seconds
[2021-04-04 22:32:34,171] {scheduler_job.py:182} INFO - Started process (PID=3539) to work on /home/prathamesh/PycharmProjects/airflow-project/venv/lib/python3.8/site-packages/airflow/example_dags/example_kubernetes_executor.py
[2021-04-04 22:32:34,172] {scheduler_job.py:629} INFO - Processing file /home/prathamesh/PycharmProjects/airflow-project/venv/lib/python3.8/site-packages/airflow/example_dags/example_kubernetes_executor.py for tasks to queue
[2021-04-04 22:32:34,173] {logging_mixin.py:104} INFO - [2021-04-04 22:32:34,173] {dagbag.py:448} INFO - Filling up the DagBag from /home/prathamesh/PycharmProjects/airflow-project/venv/lib/python3.8/site-packages/airflow/example_dags/example_kubernetes_executor.py
[2021-04-04 22:32:34,184] {scheduler_job.py:639} INFO - DAG(s) dict_keys(['example_kubernetes_executor']) retrieved from /home/prathamesh/PycharmProjects/airflow-project/venv/lib/python3.8/site-packages/airflow/example_dags/example_kubernetes_executor.py
[2021-04-04 22:32:34,197] {logging_mixin.py:104} INFO - [2021-04-04 22:32:34,196] {dag.py:1818} INFO - Sync 1 DAGs
[2021-04-04 22:32:34,212] {logging_mixin.py:104} INFO - [2021-04-04 22:32:34,212] {dag.py:2273} INFO - Setting next_dagrun for example_kubernetes_executor to None
[2021-04-04 22:32:34,220] {scheduler_job.py:190} INFO - Processing /home/prathamesh/PycharmProjects/airflow-project/venv/lib/python3.8/site-packages/airflow/example_dags/example_kubernetes_executor.py took 0.051 seconds
[2021-04-04 22:33:04,958] {scheduler_job.py:182} INFO - Started process (PID=3567) to work on /home/prathamesh/PycharmProjects/airflow-project/venv/lib/python3.8/site-packages/airflow/example_dags/example_kubernetes_executor.py
[2021-04-04 22:33:04,958] {scheduler_job.py:629} INFO - Processing file /home/prathamesh/PycharmProjects/airflow-project/venv/lib/python3.8/site-packages/airflow/example_dags/example_kubernetes_executor.py for tasks to queue
[2021-04-04 22:33:04,959] {logging_mixin.py:104} INFO - [2021-04-04 22:33:04,959] {dagbag.py:448} INFO - Filling up the DagBag from /home/prathamesh/PycharmProjects/airflow-project/venv/lib/python3.8/site-packages/airflow/example_dags/example_kubernetes_executor.py
[2021-04-04 22:33:04,967] {scheduler_job.py:639} INFO - DAG(s) dict_keys(['example_kubernetes_executor']) retrieved from /home/prathamesh/PycharmProjects/airflow-project/venv/lib/python3.8/site-packages/airflow/example_dags/example_kubernetes_executor.py
[2021-04-04 22:33:04,977] {logging_mixin.py:104} INFO - [2021-04-04 22:33:04,977] {dag.py:1818} INFO - Sync 1 DAGs
[2021-04-04 22:33:04,986] {logging_mixin.py:104} INFO - [2021-04-04 22:33:04,986] {dag.py:2273} INFO - Setting next_dagrun for example_kubernetes_executor to None
[2021-04-04 22:33:04,990] {scheduler_job.py:190} INFO - Processing /home/prathamesh/PycharmProjects/airflow-project/venv/lib/python3.8/site-packages/airflow/example_dags/example_kubernetes_executor.py took 0.035 seconds
[2021-04-04 22:33:35,751] {scheduler_job.py:182} INFO - Started process (PID=3596) to work on /home/prathamesh/PycharmProjects/airflow-project/venv/lib/python3.8/site-packages/airflow/example_dags/example_kubernetes_executor.py
[2021-04-04 22:33:35,752] {scheduler_job.py:629} INFO - Processing file /home/prathamesh/PycharmProjects/airflow-project/venv/lib/python3.8/site-packages/airflow/example_dags/example_kubernetes_executor.py for tasks to queue
[2021-04-04 22:33:35,753] {logging_mixin.py:104} INFO - [2021-04-04 22:33:35,753] {dagbag.py:448} INFO - Filling up the DagBag from /home/prathamesh/PycharmProjects/airflow-project/venv/lib/python3.8/site-packages/airflow/example_dags/example_kubernetes_executor.py
[2021-04-04 22:33:35,762] {scheduler_job.py:639} INFO - DAG(s) dict_keys(['example_kubernetes_executor']) retrieved from /home/prathamesh/PycharmProjects/airflow-project/venv/lib/python3.8/site-packages/airflow/example_dags/example_kubernetes_executor.py
[2021-04-04 22:33:35,771] {logging_mixin.py:104} INFO - [2021-04-04 22:33:35,771] {dag.py:1818} INFO - Sync 1 DAGs
[2021-04-04 22:33:35,779] {logging_mixin.py:104} INFO - [2021-04-04 22:33:35,779] {dag.py:2273} INFO - Setting next_dagrun for example_kubernetes_executor to None
[2021-04-04 22:33:35,783] {scheduler_job.py:190} INFO - Processing /home/prathamesh/PycharmProjects/airflow-project/venv/lib/python3.8/site-packages/airflow/example_dags/example_kubernetes_executor.py took 0.034 seconds
[2021-04-04 22:34:06,598] {scheduler_job.py:182} INFO - Started process (PID=3623) to work on /home/prathamesh/PycharmProjects/airflow-project/venv/lib/python3.8/site-packages/airflow/example_dags/example_kubernetes_executor.py
[2021-04-04 22:34:06,599] {scheduler_job.py:629} INFO - Processing file /home/prathamesh/PycharmProjects/airflow-project/venv/lib/python3.8/site-packages/airflow/example_dags/example_kubernetes_executor.py for tasks to queue
[2021-04-04 22:34:06,599] {logging_mixin.py:104} INFO - [2021-04-04 22:34:06,599] {dagbag.py:448} INFO - Filling up the DagBag from /home/prathamesh/PycharmProjects/airflow-project/venv/lib/python3.8/site-packages/airflow/example_dags/example_kubernetes_executor.py
[2021-04-04 22:34:06,609] {scheduler_job.py:639} INFO - DAG(s) dict_keys(['example_kubernetes_executor']) retrieved from /home/prathamesh/PycharmProjects/airflow-project/venv/lib/python3.8/site-packages/airflow/example_dags/example_kubernetes_executor.py
[2021-04-04 22:34:06,618] {logging_mixin.py:104} INFO - [2021-04-04 22:34:06,618] {dag.py:1818} INFO - Sync 1 DAGs
[2021-04-04 22:34:06,627] {logging_mixin.py:104} INFO - [2021-04-04 22:34:06,627] {dag.py:2273} INFO - Setting next_dagrun for example_kubernetes_executor to None
[2021-04-04 22:34:06,632] {scheduler_job.py:190} INFO - Processing /home/prathamesh/PycharmProjects/airflow-project/venv/lib/python3.8/site-packages/airflow/example_dags/example_kubernetes_executor.py took 0.036 seconds
