[2021-04-04 21:52:33,958] {scheduler_job.py:182} INFO - Started process (PID=7157) to work on /home/prathamesh/PycharmProjects/airflow-project/venv/lib/python3.8/site-packages/airflow/example_dags/example_nested_branch_dag.py
[2021-04-04 21:52:33,959] {scheduler_job.py:629} INFO - Processing file /home/prathamesh/PycharmProjects/airflow-project/venv/lib/python3.8/site-packages/airflow/example_dags/example_nested_branch_dag.py for tasks to queue
[2021-04-04 21:52:33,959] {logging_mixin.py:104} INFO - [2021-04-04 21:52:33,959] {dagbag.py:448} INFO - Filling up the DagBag from /home/prathamesh/PycharmProjects/airflow-project/venv/lib/python3.8/site-packages/airflow/example_dags/example_nested_branch_dag.py
[2021-04-04 21:52:33,968] {scheduler_job.py:639} INFO - DAG(s) dict_keys(['example_nested_branch_dag']) retrieved from /home/prathamesh/PycharmProjects/airflow-project/venv/lib/python3.8/site-packages/airflow/example_dags/example_nested_branch_dag.py
[2021-04-04 21:52:33,979] {logging_mixin.py:104} INFO - [2021-04-04 21:52:33,979] {dag.py:1818} INFO - Sync 1 DAGs
[2021-04-04 21:52:33,990] {logging_mixin.py:104} INFO - [2021-04-04 21:52:33,990] {dag.py:2273} INFO - Setting next_dagrun for example_nested_branch_dag to 2021-04-03 00:00:00+00:00
[2021-04-04 21:52:34,008] {scheduler_job.py:190} INFO - Processing /home/prathamesh/PycharmProjects/airflow-project/venv/lib/python3.8/site-packages/airflow/example_dags/example_nested_branch_dag.py took 0.052 seconds
[2021-04-04 22:00:56,694] {scheduler_job.py:182} INFO - Started process (PID=7719) to work on /home/prathamesh/PycharmProjects/airflow-project/venv/lib/python3.8/site-packages/airflow/example_dags/example_nested_branch_dag.py
[2021-04-04 22:00:56,695] {scheduler_job.py:629} INFO - Processing file /home/prathamesh/PycharmProjects/airflow-project/venv/lib/python3.8/site-packages/airflow/example_dags/example_nested_branch_dag.py for tasks to queue
[2021-04-04 22:00:56,696] {logging_mixin.py:104} INFO - [2021-04-04 22:00:56,696] {dagbag.py:448} INFO - Filling up the DagBag from /home/prathamesh/PycharmProjects/airflow-project/venv/lib/python3.8/site-packages/airflow/example_dags/example_nested_branch_dag.py
[2021-04-04 22:00:56,705] {scheduler_job.py:639} INFO - DAG(s) dict_keys(['example_nested_branch_dag']) retrieved from /home/prathamesh/PycharmProjects/airflow-project/venv/lib/python3.8/site-packages/airflow/example_dags/example_nested_branch_dag.py
[2021-04-04 22:00:56,730] {logging_mixin.py:104} INFO - [2021-04-04 22:00:56,730] {dag.py:1818} INFO - Sync 1 DAGs
[2021-04-04 22:00:56,741] {logging_mixin.py:104} INFO - [2021-04-04 22:00:56,741] {dag.py:2273} INFO - Setting next_dagrun for example_nested_branch_dag to 2021-04-03 00:00:00+00:00
[2021-04-04 22:00:56,756] {scheduler_job.py:190} INFO - Processing /home/prathamesh/PycharmProjects/airflow-project/venv/lib/python3.8/site-packages/airflow/example_dags/example_nested_branch_dag.py took 0.063 seconds
[2021-04-04 22:32:05,526] {scheduler_job.py:182} INFO - Started process (PID=3513) to work on /home/prathamesh/PycharmProjects/airflow-project/venv/lib/python3.8/site-packages/airflow/example_dags/example_nested_branch_dag.py
[2021-04-04 22:32:05,530] {scheduler_job.py:629} INFO - Processing file /home/prathamesh/PycharmProjects/airflow-project/venv/lib/python3.8/site-packages/airflow/example_dags/example_nested_branch_dag.py for tasks to queue
[2021-04-04 22:32:05,530] {logging_mixin.py:104} INFO - [2021-04-04 22:32:05,530] {dagbag.py:448} INFO - Filling up the DagBag from /home/prathamesh/PycharmProjects/airflow-project/venv/lib/python3.8/site-packages/airflow/example_dags/example_nested_branch_dag.py
[2021-04-04 22:32:05,538] {scheduler_job.py:639} INFO - DAG(s) dict_keys(['example_nested_branch_dag']) retrieved from /home/prathamesh/PycharmProjects/airflow-project/venv/lib/python3.8/site-packages/airflow/example_dags/example_nested_branch_dag.py
[2021-04-04 22:32:05,550] {logging_mixin.py:104} INFO - [2021-04-04 22:32:05,550] {dag.py:1818} INFO - Sync 1 DAGs
[2021-04-04 22:32:05,561] {logging_mixin.py:104} INFO - [2021-04-04 22:32:05,561] {dag.py:2273} INFO - Setting next_dagrun for example_nested_branch_dag to 2021-04-03 00:00:00+00:00
[2021-04-04 22:32:05,574] {scheduler_job.py:190} INFO - Processing /home/prathamesh/PycharmProjects/airflow-project/venv/lib/python3.8/site-packages/airflow/example_dags/example_nested_branch_dag.py took 0.050 seconds
[2021-04-04 22:32:36,460] {scheduler_job.py:182} INFO - Started process (PID=3541) to work on /home/prathamesh/PycharmProjects/airflow-project/venv/lib/python3.8/site-packages/airflow/example_dags/example_nested_branch_dag.py
[2021-04-04 22:32:36,462] {scheduler_job.py:629} INFO - Processing file /home/prathamesh/PycharmProjects/airflow-project/venv/lib/python3.8/site-packages/airflow/example_dags/example_nested_branch_dag.py for tasks to queue
[2021-04-04 22:32:36,463] {logging_mixin.py:104} INFO - [2021-04-04 22:32:36,463] {dagbag.py:448} INFO - Filling up the DagBag from /home/prathamesh/PycharmProjects/airflow-project/venv/lib/python3.8/site-packages/airflow/example_dags/example_nested_branch_dag.py
[2021-04-04 22:32:36,484] {scheduler_job.py:639} INFO - DAG(s) dict_keys(['example_nested_branch_dag']) retrieved from /home/prathamesh/PycharmProjects/airflow-project/venv/lib/python3.8/site-packages/airflow/example_dags/example_nested_branch_dag.py
[2021-04-04 22:32:36,501] {logging_mixin.py:104} INFO - [2021-04-04 22:32:36,501] {dag.py:1818} INFO - Sync 1 DAGs
[2021-04-04 22:32:36,518] {logging_mixin.py:104} INFO - [2021-04-04 22:32:36,518] {dag.py:2273} INFO - Setting next_dagrun for example_nested_branch_dag to 2021-04-03 00:00:00+00:00
[2021-04-04 22:32:36,528] {scheduler_job.py:190} INFO - Processing /home/prathamesh/PycharmProjects/airflow-project/venv/lib/python3.8/site-packages/airflow/example_dags/example_nested_branch_dag.py took 0.072 seconds
[2021-04-04 22:33:07,223] {scheduler_job.py:182} INFO - Started process (PID=3569) to work on /home/prathamesh/PycharmProjects/airflow-project/venv/lib/python3.8/site-packages/airflow/example_dags/example_nested_branch_dag.py
[2021-04-04 22:33:07,224] {scheduler_job.py:629} INFO - Processing file /home/prathamesh/PycharmProjects/airflow-project/venv/lib/python3.8/site-packages/airflow/example_dags/example_nested_branch_dag.py for tasks to queue
[2021-04-04 22:33:07,225] {logging_mixin.py:104} INFO - [2021-04-04 22:33:07,225] {dagbag.py:448} INFO - Filling up the DagBag from /home/prathamesh/PycharmProjects/airflow-project/venv/lib/python3.8/site-packages/airflow/example_dags/example_nested_branch_dag.py
[2021-04-04 22:33:07,235] {scheduler_job.py:639} INFO - DAG(s) dict_keys(['example_nested_branch_dag']) retrieved from /home/prathamesh/PycharmProjects/airflow-project/venv/lib/python3.8/site-packages/airflow/example_dags/example_nested_branch_dag.py
[2021-04-04 22:33:07,245] {logging_mixin.py:104} INFO - [2021-04-04 22:33:07,245] {dag.py:1818} INFO - Sync 1 DAGs
[2021-04-04 22:33:07,258] {logging_mixin.py:104} INFO - [2021-04-04 22:33:07,258] {dag.py:2273} INFO - Setting next_dagrun for example_nested_branch_dag to 2021-04-03 00:00:00+00:00
[2021-04-04 22:33:07,265] {scheduler_job.py:190} INFO - Processing /home/prathamesh/PycharmProjects/airflow-project/venv/lib/python3.8/site-packages/airflow/example_dags/example_nested_branch_dag.py took 0.044 seconds
[2021-04-04 22:33:38,013] {scheduler_job.py:182} INFO - Started process (PID=3598) to work on /home/prathamesh/PycharmProjects/airflow-project/venv/lib/python3.8/site-packages/airflow/example_dags/example_nested_branch_dag.py
[2021-04-04 22:33:38,013] {scheduler_job.py:629} INFO - Processing file /home/prathamesh/PycharmProjects/airflow-project/venv/lib/python3.8/site-packages/airflow/example_dags/example_nested_branch_dag.py for tasks to queue
[2021-04-04 22:33:38,014] {logging_mixin.py:104} INFO - [2021-04-04 22:33:38,014] {dagbag.py:448} INFO - Filling up the DagBag from /home/prathamesh/PycharmProjects/airflow-project/venv/lib/python3.8/site-packages/airflow/example_dags/example_nested_branch_dag.py
[2021-04-04 22:33:38,023] {scheduler_job.py:639} INFO - DAG(s) dict_keys(['example_nested_branch_dag']) retrieved from /home/prathamesh/PycharmProjects/airflow-project/venv/lib/python3.8/site-packages/airflow/example_dags/example_nested_branch_dag.py
[2021-04-04 22:33:38,032] {logging_mixin.py:104} INFO - [2021-04-04 22:33:38,032] {dag.py:1818} INFO - Sync 1 DAGs
[2021-04-04 22:33:38,044] {logging_mixin.py:104} INFO - [2021-04-04 22:33:38,044] {dag.py:2273} INFO - Setting next_dagrun for example_nested_branch_dag to 2021-04-03 00:00:00+00:00
[2021-04-04 22:33:38,048] {scheduler_job.py:190} INFO - Processing /home/prathamesh/PycharmProjects/airflow-project/venv/lib/python3.8/site-packages/airflow/example_dags/example_nested_branch_dag.py took 0.037 seconds
[2021-04-04 22:34:08,954] {scheduler_job.py:182} INFO - Started process (PID=3629) to work on /home/prathamesh/PycharmProjects/airflow-project/venv/lib/python3.8/site-packages/airflow/example_dags/example_nested_branch_dag.py
[2021-04-04 22:34:08,955] {scheduler_job.py:629} INFO - Processing file /home/prathamesh/PycharmProjects/airflow-project/venv/lib/python3.8/site-packages/airflow/example_dags/example_nested_branch_dag.py for tasks to queue
[2021-04-04 22:34:08,955] {logging_mixin.py:104} INFO - [2021-04-04 22:34:08,955] {dagbag.py:448} INFO - Filling up the DagBag from /home/prathamesh/PycharmProjects/airflow-project/venv/lib/python3.8/site-packages/airflow/example_dags/example_nested_branch_dag.py
[2021-04-04 22:34:08,994] {scheduler_job.py:639} INFO - DAG(s) dict_keys(['example_nested_branch_dag']) retrieved from /home/prathamesh/PycharmProjects/airflow-project/venv/lib/python3.8/site-packages/airflow/example_dags/example_nested_branch_dag.py
[2021-04-04 22:34:09,032] {logging_mixin.py:104} INFO - [2021-04-04 22:34:09,032] {dag.py:1818} INFO - Sync 1 DAGs
[2021-04-04 22:34:09,073] {logging_mixin.py:104} INFO - [2021-04-04 22:34:09,073] {dag.py:2273} INFO - Setting next_dagrun for example_nested_branch_dag to 2021-04-03 00:00:00+00:00
[2021-04-04 22:34:09,077] {scheduler_job.py:190} INFO - Processing /home/prathamesh/PycharmProjects/airflow-project/venv/lib/python3.8/site-packages/airflow/example_dags/example_nested_branch_dag.py took 0.125 seconds
