[2021-04-04 21:52:40,248] {scheduler_job.py:182} INFO - Started process (PID=7172) to work on /home/prathamesh/PycharmProjects/airflow-project/venv/lib/python3.8/site-packages/airflow/example_dags/example_latest_only_with_trigger.py
[2021-04-04 21:52:40,249] {scheduler_job.py:629} INFO - Processing file /home/prathamesh/PycharmProjects/airflow-project/venv/lib/python3.8/site-packages/airflow/example_dags/example_latest_only_with_trigger.py for tasks to queue
[2021-04-04 21:52:40,249] {logging_mixin.py:104} INFO - [2021-04-04 21:52:40,249] {dagbag.py:448} INFO - Filling up the DagBag from /home/prathamesh/PycharmProjects/airflow-project/venv/lib/python3.8/site-packages/airflow/example_dags/example_latest_only_with_trigger.py
[2021-04-04 21:52:40,256] {scheduler_job.py:639} INFO - DAG(s) dict_keys(['latest_only_with_trigger']) retrieved from /home/prathamesh/PycharmProjects/airflow-project/venv/lib/python3.8/site-packages/airflow/example_dags/example_latest_only_with_trigger.py
[2021-04-04 21:52:40,268] {logging_mixin.py:104} INFO - [2021-04-04 21:52:40,268] {dag.py:1818} INFO - Sync 1 DAGs
[2021-04-04 21:52:40,278] {logging_mixin.py:104} INFO - [2021-04-04 21:52:40,278] {dag.py:2273} INFO - Setting next_dagrun for latest_only_with_trigger to 2021-04-03 00:00:00+00:00
[2021-04-04 21:52:40,295] {scheduler_job.py:190} INFO - Processing /home/prathamesh/PycharmProjects/airflow-project/venv/lib/python3.8/site-packages/airflow/example_dags/example_latest_only_with_trigger.py took 0.050 seconds
[2021-04-04 22:00:34,399] {scheduler_job.py:182} INFO - Started process (PID=7674) to work on /home/prathamesh/PycharmProjects/airflow-project/venv/lib/python3.8/site-packages/airflow/example_dags/example_latest_only_with_trigger.py
[2021-04-04 22:00:34,400] {scheduler_job.py:629} INFO - Processing file /home/prathamesh/PycharmProjects/airflow-project/venv/lib/python3.8/site-packages/airflow/example_dags/example_latest_only_with_trigger.py for tasks to queue
[2021-04-04 22:00:34,400] {logging_mixin.py:104} INFO - [2021-04-04 22:00:34,400] {dagbag.py:448} INFO - Filling up the DagBag from /home/prathamesh/PycharmProjects/airflow-project/venv/lib/python3.8/site-packages/airflow/example_dags/example_latest_only_with_trigger.py
[2021-04-04 22:00:34,407] {scheduler_job.py:639} INFO - DAG(s) dict_keys(['latest_only_with_trigger']) retrieved from /home/prathamesh/PycharmProjects/airflow-project/venv/lib/python3.8/site-packages/airflow/example_dags/example_latest_only_with_trigger.py
[2021-04-04 22:00:34,416] {logging_mixin.py:104} INFO - [2021-04-04 22:00:34,416] {dag.py:1818} INFO - Sync 1 DAGs
[2021-04-04 22:00:34,423] {logging_mixin.py:104} INFO - [2021-04-04 22:00:34,423] {dag.py:2273} INFO - Setting next_dagrun for latest_only_with_trigger to 2021-04-03 00:00:00+00:00
[2021-04-04 22:00:34,430] {scheduler_job.py:190} INFO - Processing /home/prathamesh/PycharmProjects/airflow-project/venv/lib/python3.8/site-packages/airflow/example_dags/example_latest_only_with_trigger.py took 0.036 seconds
[2021-04-04 22:01:08,754] {scheduler_job.py:182} INFO - Started process (PID=7749) to work on /home/prathamesh/PycharmProjects/airflow-project/venv/lib/python3.8/site-packages/airflow/example_dags/example_latest_only_with_trigger.py
[2021-04-04 22:01:08,789] {scheduler_job.py:629} INFO - Processing file /home/prathamesh/PycharmProjects/airflow-project/venv/lib/python3.8/site-packages/airflow/example_dags/example_latest_only_with_trigger.py for tasks to queue
[2021-04-04 22:01:08,790] {logging_mixin.py:104} INFO - [2021-04-04 22:01:08,790] {dagbag.py:448} INFO - Filling up the DagBag from /home/prathamesh/PycharmProjects/airflow-project/venv/lib/python3.8/site-packages/airflow/example_dags/example_latest_only_with_trigger.py
[2021-04-04 22:01:08,845] {scheduler_job.py:639} INFO - DAG(s) dict_keys(['latest_only_with_trigger']) retrieved from /home/prathamesh/PycharmProjects/airflow-project/venv/lib/python3.8/site-packages/airflow/example_dags/example_latest_only_with_trigger.py
[2021-04-04 22:01:08,923] {logging_mixin.py:104} INFO - [2021-04-04 22:01:08,922] {dag.py:1818} INFO - Sync 1 DAGs
[2021-04-04 22:01:09,041] {logging_mixin.py:104} INFO - [2021-04-04 22:01:09,041] {dag.py:2273} INFO - Setting next_dagrun for latest_only_with_trigger to 2021-04-03 00:00:00+00:00
[2021-04-04 22:01:09,149] {scheduler_job.py:190} INFO - Processing /home/prathamesh/PycharmProjects/airflow-project/venv/lib/python3.8/site-packages/airflow/example_dags/example_latest_only_with_trigger.py took 0.397 seconds
[2021-04-04 22:32:14,696] {scheduler_job.py:182} INFO - Started process (PID=3524) to work on /home/prathamesh/PycharmProjects/airflow-project/venv/lib/python3.8/site-packages/airflow/example_dags/example_latest_only_with_trigger.py
[2021-04-04 22:32:14,698] {scheduler_job.py:629} INFO - Processing file /home/prathamesh/PycharmProjects/airflow-project/venv/lib/python3.8/site-packages/airflow/example_dags/example_latest_only_with_trigger.py for tasks to queue
[2021-04-04 22:32:14,699] {logging_mixin.py:104} INFO - [2021-04-04 22:32:14,699] {dagbag.py:448} INFO - Filling up the DagBag from /home/prathamesh/PycharmProjects/airflow-project/venv/lib/python3.8/site-packages/airflow/example_dags/example_latest_only_with_trigger.py
[2021-04-04 22:32:14,705] {scheduler_job.py:639} INFO - DAG(s) dict_keys(['latest_only_with_trigger']) retrieved from /home/prathamesh/PycharmProjects/airflow-project/venv/lib/python3.8/site-packages/airflow/example_dags/example_latest_only_with_trigger.py
[2021-04-04 22:32:14,717] {logging_mixin.py:104} INFO - [2021-04-04 22:32:14,717] {dag.py:1818} INFO - Sync 1 DAGs
[2021-04-04 22:32:14,725] {logging_mixin.py:104} INFO - [2021-04-04 22:32:14,725] {dag.py:2273} INFO - Setting next_dagrun for latest_only_with_trigger to 2021-04-03 00:00:00+00:00
[2021-04-04 22:32:14,737] {scheduler_job.py:190} INFO - Processing /home/prathamesh/PycharmProjects/airflow-project/venv/lib/python3.8/site-packages/airflow/example_dags/example_latest_only_with_trigger.py took 0.044 seconds
[2021-04-04 22:32:47,864] {scheduler_job.py:182} INFO - Started process (PID=3553) to work on /home/prathamesh/PycharmProjects/airflow-project/venv/lib/python3.8/site-packages/airflow/example_dags/example_latest_only_with_trigger.py
[2021-04-04 22:32:47,865] {scheduler_job.py:629} INFO - Processing file /home/prathamesh/PycharmProjects/airflow-project/venv/lib/python3.8/site-packages/airflow/example_dags/example_latest_only_with_trigger.py for tasks to queue
[2021-04-04 22:32:47,866] {logging_mixin.py:104} INFO - [2021-04-04 22:32:47,866] {dagbag.py:448} INFO - Filling up the DagBag from /home/prathamesh/PycharmProjects/airflow-project/venv/lib/python3.8/site-packages/airflow/example_dags/example_latest_only_with_trigger.py
[2021-04-04 22:32:47,876] {scheduler_job.py:639} INFO - DAG(s) dict_keys(['latest_only_with_trigger']) retrieved from /home/prathamesh/PycharmProjects/airflow-project/venv/lib/python3.8/site-packages/airflow/example_dags/example_latest_only_with_trigger.py
[2021-04-04 22:32:47,890] {logging_mixin.py:104} INFO - [2021-04-04 22:32:47,890] {dag.py:1818} INFO - Sync 1 DAGs
[2021-04-04 22:32:47,898] {logging_mixin.py:104} INFO - [2021-04-04 22:32:47,898] {dag.py:2273} INFO - Setting next_dagrun for latest_only_with_trigger to 2021-04-03 00:00:00+00:00
[2021-04-04 22:32:47,907] {scheduler_job.py:190} INFO - Processing /home/prathamesh/PycharmProjects/airflow-project/venv/lib/python3.8/site-packages/airflow/example_dags/example_latest_only_with_trigger.py took 0.045 seconds
[2021-04-04 22:33:18,661] {scheduler_job.py:182} INFO - Started process (PID=3582) to work on /home/prathamesh/PycharmProjects/airflow-project/venv/lib/python3.8/site-packages/airflow/example_dags/example_latest_only_with_trigger.py
[2021-04-04 22:33:18,662] {scheduler_job.py:629} INFO - Processing file /home/prathamesh/PycharmProjects/airflow-project/venv/lib/python3.8/site-packages/airflow/example_dags/example_latest_only_with_trigger.py for tasks to queue
[2021-04-04 22:33:18,662] {logging_mixin.py:104} INFO - [2021-04-04 22:33:18,662] {dagbag.py:448} INFO - Filling up the DagBag from /home/prathamesh/PycharmProjects/airflow-project/venv/lib/python3.8/site-packages/airflow/example_dags/example_latest_only_with_trigger.py
[2021-04-04 22:33:18,684] {scheduler_job.py:639} INFO - DAG(s) dict_keys(['latest_only_with_trigger']) retrieved from /home/prathamesh/PycharmProjects/airflow-project/venv/lib/python3.8/site-packages/airflow/example_dags/example_latest_only_with_trigger.py
[2021-04-04 22:33:18,695] {logging_mixin.py:104} INFO - [2021-04-04 22:33:18,694] {dag.py:1818} INFO - Sync 1 DAGs
[2021-04-04 22:33:18,705] {logging_mixin.py:104} INFO - [2021-04-04 22:33:18,705] {dag.py:2273} INFO - Setting next_dagrun for latest_only_with_trigger to 2021-04-03 00:00:00+00:00
[2021-04-04 22:33:18,710] {scheduler_job.py:190} INFO - Processing /home/prathamesh/PycharmProjects/airflow-project/venv/lib/python3.8/site-packages/airflow/example_dags/example_latest_only_with_trigger.py took 0.051 seconds
[2021-04-04 22:33:49,542] {scheduler_job.py:182} INFO - Started process (PID=3609) to work on /home/prathamesh/PycharmProjects/airflow-project/venv/lib/python3.8/site-packages/airflow/example_dags/example_latest_only_with_trigger.py
[2021-04-04 22:33:49,543] {scheduler_job.py:629} INFO - Processing file /home/prathamesh/PycharmProjects/airflow-project/venv/lib/python3.8/site-packages/airflow/example_dags/example_latest_only_with_trigger.py for tasks to queue
[2021-04-04 22:33:49,544] {logging_mixin.py:104} INFO - [2021-04-04 22:33:49,544] {dagbag.py:448} INFO - Filling up the DagBag from /home/prathamesh/PycharmProjects/airflow-project/venv/lib/python3.8/site-packages/airflow/example_dags/example_latest_only_with_trigger.py
[2021-04-04 22:33:49,553] {scheduler_job.py:639} INFO - DAG(s) dict_keys(['latest_only_with_trigger']) retrieved from /home/prathamesh/PycharmProjects/airflow-project/venv/lib/python3.8/site-packages/airflow/example_dags/example_latest_only_with_trigger.py
[2021-04-04 22:33:49,567] {logging_mixin.py:104} INFO - [2021-04-04 22:33:49,567] {dag.py:1818} INFO - Sync 1 DAGs
[2021-04-04 22:33:49,580] {logging_mixin.py:104} INFO - [2021-04-04 22:33:49,580] {dag.py:2273} INFO - Setting next_dagrun for latest_only_with_trigger to 2021-04-03 00:00:00+00:00
[2021-04-04 22:33:49,595] {scheduler_job.py:190} INFO - Processing /home/prathamesh/PycharmProjects/airflow-project/venv/lib/python3.8/site-packages/airflow/example_dags/example_latest_only_with_trigger.py took 0.056 seconds
