[2021-04-04 21:52:41,405] {scheduler_job.py:182} INFO - Started process (PID=7174) to work on /home/prathamesh/PycharmProjects/airflow-project/venv/lib/python3.8/site-packages/airflow/example_dags/example_trigger_controller_dag.py
[2021-04-04 21:52:41,405] {scheduler_job.py:629} INFO - Processing file /home/prathamesh/PycharmProjects/airflow-project/venv/lib/python3.8/site-packages/airflow/example_dags/example_trigger_controller_dag.py for tasks to queue
[2021-04-04 21:52:41,406] {logging_mixin.py:104} INFO - [2021-04-04 21:52:41,406] {dagbag.py:448} INFO - Filling up the DagBag from /home/prathamesh/PycharmProjects/airflow-project/venv/lib/python3.8/site-packages/airflow/example_dags/example_trigger_controller_dag.py
[2021-04-04 21:52:41,452] {scheduler_job.py:639} INFO - DAG(s) dict_keys(['example_trigger_controller_dag']) retrieved from /home/prathamesh/PycharmProjects/airflow-project/venv/lib/python3.8/site-packages/airflow/example_dags/example_trigger_controller_dag.py
[2021-04-04 21:52:41,513] {logging_mixin.py:104} INFO - [2021-04-04 21:52:41,513] {dag.py:1818} INFO - Sync 1 DAGs
[2021-04-04 21:52:41,618] {logging_mixin.py:104} INFO - [2021-04-04 21:52:41,618] {dag.py:2273} INFO - Setting next_dagrun for example_trigger_controller_dag to 2021-04-03 00:00:00+00:00
[2021-04-04 21:52:41,681] {scheduler_job.py:190} INFO - Processing /home/prathamesh/PycharmProjects/airflow-project/venv/lib/python3.8/site-packages/airflow/example_dags/example_trigger_controller_dag.py took 0.294 seconds
[2021-04-04 22:00:57,830] {scheduler_job.py:182} INFO - Started process (PID=7720) to work on /home/prathamesh/PycharmProjects/airflow-project/venv/lib/python3.8/site-packages/airflow/example_dags/example_trigger_controller_dag.py
[2021-04-04 22:00:57,831] {scheduler_job.py:629} INFO - Processing file /home/prathamesh/PycharmProjects/airflow-project/venv/lib/python3.8/site-packages/airflow/example_dags/example_trigger_controller_dag.py for tasks to queue
[2021-04-04 22:00:57,832] {logging_mixin.py:104} INFO - [2021-04-04 22:00:57,832] {dagbag.py:448} INFO - Filling up the DagBag from /home/prathamesh/PycharmProjects/airflow-project/venv/lib/python3.8/site-packages/airflow/example_dags/example_trigger_controller_dag.py
[2021-04-04 22:00:57,845] {scheduler_job.py:639} INFO - DAG(s) dict_keys(['example_trigger_controller_dag']) retrieved from /home/prathamesh/PycharmProjects/airflow-project/venv/lib/python3.8/site-packages/airflow/example_dags/example_trigger_controller_dag.py
[2021-04-04 22:00:57,855] {logging_mixin.py:104} INFO - [2021-04-04 22:00:57,855] {dag.py:1818} INFO - Sync 1 DAGs
[2021-04-04 22:00:57,861] {logging_mixin.py:104} INFO - [2021-04-04 22:00:57,861] {dag.py:2273} INFO - Setting next_dagrun for example_trigger_controller_dag to 2021-04-03 00:00:00+00:00
[2021-04-04 22:00:57,867] {scheduler_job.py:190} INFO - Processing /home/prathamesh/PycharmProjects/airflow-project/venv/lib/python3.8/site-packages/airflow/example_dags/example_trigger_controller_dag.py took 0.042 seconds
[2021-04-04 22:32:22,343] {scheduler_job.py:182} INFO - Started process (PID=3531) to work on /home/prathamesh/PycharmProjects/airflow-project/venv/lib/python3.8/site-packages/airflow/example_dags/example_trigger_controller_dag.py
[2021-04-04 22:32:22,347] {scheduler_job.py:629} INFO - Processing file /home/prathamesh/PycharmProjects/airflow-project/venv/lib/python3.8/site-packages/airflow/example_dags/example_trigger_controller_dag.py for tasks to queue
[2021-04-04 22:32:22,348] {logging_mixin.py:104} INFO - [2021-04-04 22:32:22,348] {dagbag.py:448} INFO - Filling up the DagBag from /home/prathamesh/PycharmProjects/airflow-project/venv/lib/python3.8/site-packages/airflow/example_dags/example_trigger_controller_dag.py
[2021-04-04 22:32:22,357] {scheduler_job.py:639} INFO - DAG(s) dict_keys(['example_trigger_controller_dag']) retrieved from /home/prathamesh/PycharmProjects/airflow-project/venv/lib/python3.8/site-packages/airflow/example_dags/example_trigger_controller_dag.py
[2021-04-04 22:32:22,365] {logging_mixin.py:104} INFO - [2021-04-04 22:32:22,365] {dag.py:1818} INFO - Sync 1 DAGs
[2021-04-04 22:32:22,372] {logging_mixin.py:104} INFO - [2021-04-04 22:32:22,372] {dag.py:2273} INFO - Setting next_dagrun for example_trigger_controller_dag to 2021-04-03 00:00:00+00:00
[2021-04-04 22:32:22,379] {scheduler_job.py:190} INFO - Processing /home/prathamesh/PycharmProjects/airflow-project/venv/lib/python3.8/site-packages/airflow/example_dags/example_trigger_controller_dag.py took 0.041 seconds
[2021-04-04 22:32:54,756] {scheduler_job.py:182} INFO - Started process (PID=3560) to work on /home/prathamesh/PycharmProjects/airflow-project/venv/lib/python3.8/site-packages/airflow/example_dags/example_trigger_controller_dag.py
[2021-04-04 22:32:54,758] {scheduler_job.py:629} INFO - Processing file /home/prathamesh/PycharmProjects/airflow-project/venv/lib/python3.8/site-packages/airflow/example_dags/example_trigger_controller_dag.py for tasks to queue
[2021-04-04 22:32:54,759] {logging_mixin.py:104} INFO - [2021-04-04 22:32:54,759] {dagbag.py:448} INFO - Filling up the DagBag from /home/prathamesh/PycharmProjects/airflow-project/venv/lib/python3.8/site-packages/airflow/example_dags/example_trigger_controller_dag.py
[2021-04-04 22:32:54,769] {scheduler_job.py:639} INFO - DAG(s) dict_keys(['example_trigger_controller_dag']) retrieved from /home/prathamesh/PycharmProjects/airflow-project/venv/lib/python3.8/site-packages/airflow/example_dags/example_trigger_controller_dag.py
[2021-04-04 22:32:54,781] {logging_mixin.py:104} INFO - [2021-04-04 22:32:54,781] {dag.py:1818} INFO - Sync 1 DAGs
[2021-04-04 22:32:54,792] {logging_mixin.py:104} INFO - [2021-04-04 22:32:54,791] {dag.py:2273} INFO - Setting next_dagrun for example_trigger_controller_dag to 2021-04-03 00:00:00+00:00
[2021-04-04 22:32:54,802] {scheduler_job.py:190} INFO - Processing /home/prathamesh/PycharmProjects/airflow-project/venv/lib/python3.8/site-packages/airflow/example_dags/example_trigger_controller_dag.py took 0.048 seconds
[2021-04-04 22:33:25,551] {scheduler_job.py:182} INFO - Started process (PID=3589) to work on /home/prathamesh/PycharmProjects/airflow-project/venv/lib/python3.8/site-packages/airflow/example_dags/example_trigger_controller_dag.py
[2021-04-04 22:33:25,551] {scheduler_job.py:629} INFO - Processing file /home/prathamesh/PycharmProjects/airflow-project/venv/lib/python3.8/site-packages/airflow/example_dags/example_trigger_controller_dag.py for tasks to queue
[2021-04-04 22:33:25,552] {logging_mixin.py:104} INFO - [2021-04-04 22:33:25,552] {dagbag.py:448} INFO - Filling up the DagBag from /home/prathamesh/PycharmProjects/airflow-project/venv/lib/python3.8/site-packages/airflow/example_dags/example_trigger_controller_dag.py
[2021-04-04 22:33:25,558] {scheduler_job.py:639} INFO - DAG(s) dict_keys(['example_trigger_controller_dag']) retrieved from /home/prathamesh/PycharmProjects/airflow-project/venv/lib/python3.8/site-packages/airflow/example_dags/example_trigger_controller_dag.py
[2021-04-04 22:33:25,566] {logging_mixin.py:104} INFO - [2021-04-04 22:33:25,566] {dag.py:1818} INFO - Sync 1 DAGs
[2021-04-04 22:33:25,573] {logging_mixin.py:104} INFO - [2021-04-04 22:33:25,573] {dag.py:2273} INFO - Setting next_dagrun for example_trigger_controller_dag to 2021-04-03 00:00:00+00:00
[2021-04-04 22:33:25,577] {scheduler_job.py:190} INFO - Processing /home/prathamesh/PycharmProjects/airflow-project/venv/lib/python3.8/site-packages/airflow/example_dags/example_trigger_controller_dag.py took 0.028 seconds
[2021-04-04 22:33:56,396] {scheduler_job.py:182} INFO - Started process (PID=3616) to work on /home/prathamesh/PycharmProjects/airflow-project/venv/lib/python3.8/site-packages/airflow/example_dags/example_trigger_controller_dag.py
[2021-04-04 22:33:56,397] {scheduler_job.py:629} INFO - Processing file /home/prathamesh/PycharmProjects/airflow-project/venv/lib/python3.8/site-packages/airflow/example_dags/example_trigger_controller_dag.py for tasks to queue
[2021-04-04 22:33:56,397] {logging_mixin.py:104} INFO - [2021-04-04 22:33:56,397] {dagbag.py:448} INFO - Filling up the DagBag from /home/prathamesh/PycharmProjects/airflow-project/venv/lib/python3.8/site-packages/airflow/example_dags/example_trigger_controller_dag.py
[2021-04-04 22:33:56,404] {scheduler_job.py:639} INFO - DAG(s) dict_keys(['example_trigger_controller_dag']) retrieved from /home/prathamesh/PycharmProjects/airflow-project/venv/lib/python3.8/site-packages/airflow/example_dags/example_trigger_controller_dag.py
[2021-04-04 22:33:56,414] {logging_mixin.py:104} INFO - [2021-04-04 22:33:56,414] {dag.py:1818} INFO - Sync 1 DAGs
[2021-04-04 22:33:56,422] {logging_mixin.py:104} INFO - [2021-04-04 22:33:56,422] {dag.py:2273} INFO - Setting next_dagrun for example_trigger_controller_dag to 2021-04-03 00:00:00+00:00
[2021-04-04 22:33:56,426] {scheduler_job.py:190} INFO - Processing /home/prathamesh/PycharmProjects/airflow-project/venv/lib/python3.8/site-packages/airflow/example_dags/example_trigger_controller_dag.py took 0.032 seconds
