[2021-04-04 21:52:38,826] {scheduler_job.py:182} INFO - Started process (PID=7170) to work on /home/prathamesh/PycharmProjects/airflow-project/venv/lib/python3.8/site-packages/airflow/example_dags/example_latest_only.py
[2021-04-04 21:52:38,827] {scheduler_job.py:629} INFO - Processing file /home/prathamesh/PycharmProjects/airflow-project/venv/lib/python3.8/site-packages/airflow/example_dags/example_latest_only.py for tasks to queue
[2021-04-04 21:52:38,827] {logging_mixin.py:104} INFO - [2021-04-04 21:52:38,827] {dagbag.py:448} INFO - Filling up the DagBag from /home/prathamesh/PycharmProjects/airflow-project/venv/lib/python3.8/site-packages/airflow/example_dags/example_latest_only.py
[2021-04-04 21:52:38,848] {scheduler_job.py:639} INFO - DAG(s) dict_keys(['latest_only']) retrieved from /home/prathamesh/PycharmProjects/airflow-project/venv/lib/python3.8/site-packages/airflow/example_dags/example_latest_only.py
[2021-04-04 21:52:38,887] {logging_mixin.py:104} INFO - [2021-04-04 21:52:38,887] {dag.py:1818} INFO - Sync 1 DAGs
[2021-04-04 21:52:38,900] {logging_mixin.py:104} INFO - [2021-04-04 21:52:38,900] {dag.py:2273} INFO - Setting next_dagrun for latest_only to 2021-04-03 00:00:00+00:00
[2021-04-04 21:52:38,943] {scheduler_job.py:190} INFO - Processing /home/prathamesh/PycharmProjects/airflow-project/venv/lib/python3.8/site-packages/airflow/example_dags/example_latest_only.py took 0.119 seconds
[2021-04-04 22:00:48,143] {scheduler_job.py:182} INFO - Started process (PID=7711) to work on /home/prathamesh/PycharmProjects/airflow-project/venv/lib/python3.8/site-packages/airflow/example_dags/example_latest_only.py
[2021-04-04 22:00:48,144] {scheduler_job.py:629} INFO - Processing file /home/prathamesh/PycharmProjects/airflow-project/venv/lib/python3.8/site-packages/airflow/example_dags/example_latest_only.py for tasks to queue
[2021-04-04 22:00:48,145] {logging_mixin.py:104} INFO - [2021-04-04 22:00:48,144] {dagbag.py:448} INFO - Filling up the DagBag from /home/prathamesh/PycharmProjects/airflow-project/venv/lib/python3.8/site-packages/airflow/example_dags/example_latest_only.py
[2021-04-04 22:00:48,152] {scheduler_job.py:639} INFO - DAG(s) dict_keys(['latest_only']) retrieved from /home/prathamesh/PycharmProjects/airflow-project/venv/lib/python3.8/site-packages/airflow/example_dags/example_latest_only.py
[2021-04-04 22:00:48,163] {logging_mixin.py:104} INFO - [2021-04-04 22:00:48,163] {dag.py:1818} INFO - Sync 1 DAGs
[2021-04-04 22:00:48,170] {logging_mixin.py:104} INFO - [2021-04-04 22:00:48,170] {dag.py:2273} INFO - Setting next_dagrun for latest_only to 2021-04-03 00:00:00+00:00
[2021-04-04 22:00:48,176] {scheduler_job.py:190} INFO - Processing /home/prathamesh/PycharmProjects/airflow-project/venv/lib/python3.8/site-packages/airflow/example_dags/example_latest_only.py took 0.034 seconds
[2021-04-04 22:01:19,601] {scheduler_job.py:182} INFO - Started process (PID=7932) to work on /home/prathamesh/PycharmProjects/airflow-project/venv/lib/python3.8/site-packages/airflow/example_dags/example_latest_only.py
[2021-04-04 22:01:19,605] {scheduler_job.py:629} INFO - Processing file /home/prathamesh/PycharmProjects/airflow-project/venv/lib/python3.8/site-packages/airflow/example_dags/example_latest_only.py for tasks to queue
[2021-04-04 22:01:19,605] {logging_mixin.py:104} INFO - [2021-04-04 22:01:19,605] {dagbag.py:448} INFO - Filling up the DagBag from /home/prathamesh/PycharmProjects/airflow-project/venv/lib/python3.8/site-packages/airflow/example_dags/example_latest_only.py
[2021-04-04 22:01:19,615] {scheduler_job.py:639} INFO - DAG(s) dict_keys(['latest_only']) retrieved from /home/prathamesh/PycharmProjects/airflow-project/venv/lib/python3.8/site-packages/airflow/example_dags/example_latest_only.py
[2021-04-04 22:01:19,628] {logging_mixin.py:104} INFO - [2021-04-04 22:01:19,628] {dag.py:1818} INFO - Sync 1 DAGs
[2021-04-04 22:01:19,637] {logging_mixin.py:104} INFO - [2021-04-04 22:01:19,637] {dag.py:2273} INFO - Setting next_dagrun for latest_only to 2021-04-03 00:00:00+00:00
[2021-04-04 22:01:19,646] {scheduler_job.py:190} INFO - Processing /home/prathamesh/PycharmProjects/airflow-project/venv/lib/python3.8/site-packages/airflow/example_dags/example_latest_only.py took 0.049 seconds
[2021-04-04 22:32:09,557] {scheduler_job.py:182} INFO - Started process (PID=3518) to work on /home/prathamesh/PycharmProjects/airflow-project/venv/lib/python3.8/site-packages/airflow/example_dags/example_latest_only.py
[2021-04-04 22:32:09,562] {scheduler_job.py:629} INFO - Processing file /home/prathamesh/PycharmProjects/airflow-project/venv/lib/python3.8/site-packages/airflow/example_dags/example_latest_only.py for tasks to queue
[2021-04-04 22:32:09,563] {logging_mixin.py:104} INFO - [2021-04-04 22:32:09,563] {dagbag.py:448} INFO - Filling up the DagBag from /home/prathamesh/PycharmProjects/airflow-project/venv/lib/python3.8/site-packages/airflow/example_dags/example_latest_only.py
[2021-04-04 22:32:09,579] {scheduler_job.py:639} INFO - DAG(s) dict_keys(['latest_only']) retrieved from /home/prathamesh/PycharmProjects/airflow-project/venv/lib/python3.8/site-packages/airflow/example_dags/example_latest_only.py
[2021-04-04 22:32:09,606] {logging_mixin.py:104} INFO - [2021-04-04 22:32:09,606] {dag.py:1818} INFO - Sync 1 DAGs
[2021-04-04 22:32:09,619] {logging_mixin.py:104} INFO - [2021-04-04 22:32:09,619] {dag.py:2273} INFO - Setting next_dagrun for latest_only to 2021-04-03 00:00:00+00:00
[2021-04-04 22:32:09,634] {scheduler_job.py:190} INFO - Processing /home/prathamesh/PycharmProjects/airflow-project/venv/lib/python3.8/site-packages/airflow/example_dags/example_latest_only.py took 0.090 seconds
[2021-04-04 22:32:41,568] {scheduler_job.py:182} INFO - Started process (PID=3547) to work on /home/prathamesh/PycharmProjects/airflow-project/venv/lib/python3.8/site-packages/airflow/example_dags/example_latest_only.py
[2021-04-04 22:32:41,569] {scheduler_job.py:629} INFO - Processing file /home/prathamesh/PycharmProjects/airflow-project/venv/lib/python3.8/site-packages/airflow/example_dags/example_latest_only.py for tasks to queue
[2021-04-04 22:32:41,570] {logging_mixin.py:104} INFO - [2021-04-04 22:32:41,570] {dagbag.py:448} INFO - Filling up the DagBag from /home/prathamesh/PycharmProjects/airflow-project/venv/lib/python3.8/site-packages/airflow/example_dags/example_latest_only.py
[2021-04-04 22:32:41,577] {scheduler_job.py:639} INFO - DAG(s) dict_keys(['latest_only']) retrieved from /home/prathamesh/PycharmProjects/airflow-project/venv/lib/python3.8/site-packages/airflow/example_dags/example_latest_only.py
[2021-04-04 22:32:41,586] {logging_mixin.py:104} INFO - [2021-04-04 22:32:41,586] {dag.py:1818} INFO - Sync 1 DAGs
[2021-04-04 22:32:41,602] {logging_mixin.py:104} INFO - [2021-04-04 22:32:41,602] {dag.py:2273} INFO - Setting next_dagrun for latest_only to 2021-04-03 00:00:00+00:00
[2021-04-04 22:32:41,608] {scheduler_job.py:190} INFO - Processing /home/prathamesh/PycharmProjects/airflow-project/venv/lib/python3.8/site-packages/airflow/example_dags/example_latest_only.py took 0.043 seconds
[2021-04-04 22:33:12,388] {scheduler_job.py:182} INFO - Started process (PID=3574) to work on /home/prathamesh/PycharmProjects/airflow-project/venv/lib/python3.8/site-packages/airflow/example_dags/example_latest_only.py
[2021-04-04 22:33:12,388] {scheduler_job.py:629} INFO - Processing file /home/prathamesh/PycharmProjects/airflow-project/venv/lib/python3.8/site-packages/airflow/example_dags/example_latest_only.py for tasks to queue
[2021-04-04 22:33:12,389] {logging_mixin.py:104} INFO - [2021-04-04 22:33:12,389] {dagbag.py:448} INFO - Filling up the DagBag from /home/prathamesh/PycharmProjects/airflow-project/venv/lib/python3.8/site-packages/airflow/example_dags/example_latest_only.py
[2021-04-04 22:33:12,399] {scheduler_job.py:639} INFO - DAG(s) dict_keys(['latest_only']) retrieved from /home/prathamesh/PycharmProjects/airflow-project/venv/lib/python3.8/site-packages/airflow/example_dags/example_latest_only.py
[2021-04-04 22:33:12,412] {logging_mixin.py:104} INFO - [2021-04-04 22:33:12,412] {dag.py:1818} INFO - Sync 1 DAGs
[2021-04-04 22:33:12,424] {logging_mixin.py:104} INFO - [2021-04-04 22:33:12,424] {dag.py:2273} INFO - Setting next_dagrun for latest_only to 2021-04-03 00:00:00+00:00
[2021-04-04 22:33:12,429] {scheduler_job.py:190} INFO - Processing /home/prathamesh/PycharmProjects/airflow-project/venv/lib/python3.8/site-packages/airflow/example_dags/example_latest_only.py took 0.045 seconds
[2021-04-04 22:33:43,156] {scheduler_job.py:182} INFO - Started process (PID=3603) to work on /home/prathamesh/PycharmProjects/airflow-project/venv/lib/python3.8/site-packages/airflow/example_dags/example_latest_only.py
[2021-04-04 22:33:43,157] {scheduler_job.py:629} INFO - Processing file /home/prathamesh/PycharmProjects/airflow-project/venv/lib/python3.8/site-packages/airflow/example_dags/example_latest_only.py for tasks to queue
[2021-04-04 22:33:43,157] {logging_mixin.py:104} INFO - [2021-04-04 22:33:43,157] {dagbag.py:448} INFO - Filling up the DagBag from /home/prathamesh/PycharmProjects/airflow-project/venv/lib/python3.8/site-packages/airflow/example_dags/example_latest_only.py
[2021-04-04 22:33:43,168] {scheduler_job.py:639} INFO - DAG(s) dict_keys(['latest_only']) retrieved from /home/prathamesh/PycharmProjects/airflow-project/venv/lib/python3.8/site-packages/airflow/example_dags/example_latest_only.py
[2021-04-04 22:33:43,180] {logging_mixin.py:104} INFO - [2021-04-04 22:33:43,180] {dag.py:1818} INFO - Sync 1 DAGs
[2021-04-04 22:33:43,188] {logging_mixin.py:104} INFO - [2021-04-04 22:33:43,188] {dag.py:2273} INFO - Setting next_dagrun for latest_only to 2021-04-03 00:00:00+00:00
[2021-04-04 22:33:43,194] {scheduler_job.py:190} INFO - Processing /home/prathamesh/PycharmProjects/airflow-project/venv/lib/python3.8/site-packages/airflow/example_dags/example_latest_only.py took 0.040 seconds
