[2021-04-04 21:52:31,327] {scheduler_job.py:182} INFO - Started process (PID=7154) to work on /home/prathamesh/PycharmProjects/airflow-project/venv/lib/python3.8/site-packages/airflow/example_dags/example_kubernetes_executor_config.py
[2021-04-04 21:52:31,328] {scheduler_job.py:629} INFO - Processing file /home/prathamesh/PycharmProjects/airflow-project/venv/lib/python3.8/site-packages/airflow/example_dags/example_kubernetes_executor_config.py for tasks to queue
[2021-04-04 21:52:31,330] {logging_mixin.py:104} INFO - [2021-04-04 21:52:31,330] {dagbag.py:448} INFO - Filling up the DagBag from /home/prathamesh/PycharmProjects/airflow-project/venv/lib/python3.8/site-packages/airflow/example_dags/example_kubernetes_executor_config.py
[2021-04-04 21:52:31,336] {logging_mixin.py:104} INFO - [2021-04-04 21:52:31,336] {example_kubernetes_executor_config.py:174} WARNING - Could not import DAGs in example_kubernetes_executor_config.py: No module named 'kubernetes'
[2021-04-04 21:52:31,336] {logging_mixin.py:104} INFO - [2021-04-04 21:52:31,336] {example_kubernetes_executor_config.py:175} WARNING - Install kubernetes dependencies with: pip install apache-airflow['cncf.kubernetes']
[2021-04-04 21:52:31,336] {scheduler_job.py:641} WARNING - No viable dags retrieved from /home/prathamesh/PycharmProjects/airflow-project/venv/lib/python3.8/site-packages/airflow/example_dags/example_kubernetes_executor_config.py
[2021-04-04 21:52:31,343] {scheduler_job.py:190} INFO - Processing /home/prathamesh/PycharmProjects/airflow-project/venv/lib/python3.8/site-packages/airflow/example_dags/example_kubernetes_executor_config.py took 0.020 seconds
[2021-04-04 22:01:04,743] {scheduler_job.py:182} INFO - Started process (PID=7727) to work on /home/prathamesh/PycharmProjects/airflow-project/venv/lib/python3.8/site-packages/airflow/example_dags/example_kubernetes_executor_config.py
[2021-04-04 22:01:04,743] {scheduler_job.py:629} INFO - Processing file /home/prathamesh/PycharmProjects/airflow-project/venv/lib/python3.8/site-packages/airflow/example_dags/example_kubernetes_executor_config.py for tasks to queue
[2021-04-04 22:01:04,744] {logging_mixin.py:104} INFO - [2021-04-04 22:01:04,744] {dagbag.py:448} INFO - Filling up the DagBag from /home/prathamesh/PycharmProjects/airflow-project/venv/lib/python3.8/site-packages/airflow/example_dags/example_kubernetes_executor_config.py
[2021-04-04 22:01:04,760] {logging_mixin.py:104} INFO - [2021-04-04 22:01:04,760] {example_kubernetes_executor_config.py:174} WARNING - Could not import DAGs in example_kubernetes_executor_config.py: No module named 'kubernetes'
[2021-04-04 22:01:04,760] {logging_mixin.py:104} INFO - [2021-04-04 22:01:04,760] {example_kubernetes_executor_config.py:175} WARNING - Install kubernetes dependencies with: pip install apache-airflow['cncf.kubernetes']
[2021-04-04 22:01:04,760] {scheduler_job.py:641} WARNING - No viable dags retrieved from /home/prathamesh/PycharmProjects/airflow-project/venv/lib/python3.8/site-packages/airflow/example_dags/example_kubernetes_executor_config.py
[2021-04-04 22:01:04,765] {scheduler_job.py:190} INFO - Processing /home/prathamesh/PycharmProjects/airflow-project/venv/lib/python3.8/site-packages/airflow/example_dags/example_kubernetes_executor_config.py took 0.025 seconds
[2021-04-04 22:32:16,969] {scheduler_job.py:182} INFO - Started process (PID=3526) to work on /home/prathamesh/PycharmProjects/airflow-project/venv/lib/python3.8/site-packages/airflow/example_dags/example_kubernetes_executor_config.py
[2021-04-04 22:32:16,971] {scheduler_job.py:629} INFO - Processing file /home/prathamesh/PycharmProjects/airflow-project/venv/lib/python3.8/site-packages/airflow/example_dags/example_kubernetes_executor_config.py for tasks to queue
[2021-04-04 22:32:16,972] {logging_mixin.py:104} INFO - [2021-04-04 22:32:16,971] {dagbag.py:448} INFO - Filling up the DagBag from /home/prathamesh/PycharmProjects/airflow-project/venv/lib/python3.8/site-packages/airflow/example_dags/example_kubernetes_executor_config.py
[2021-04-04 22:32:16,976] {logging_mixin.py:104} INFO - [2021-04-04 22:32:16,976] {example_kubernetes_executor_config.py:174} WARNING - Could not import DAGs in example_kubernetes_executor_config.py: No module named 'kubernetes'
[2021-04-04 22:32:16,976] {logging_mixin.py:104} INFO - [2021-04-04 22:32:16,976] {example_kubernetes_executor_config.py:175} WARNING - Install kubernetes dependencies with: pip install apache-airflow['cncf.kubernetes']
[2021-04-04 22:32:16,976] {scheduler_job.py:641} WARNING - No viable dags retrieved from /home/prathamesh/PycharmProjects/airflow-project/venv/lib/python3.8/site-packages/airflow/example_dags/example_kubernetes_executor_config.py
[2021-04-04 22:32:16,981] {scheduler_job.py:190} INFO - Processing /home/prathamesh/PycharmProjects/airflow-project/venv/lib/python3.8/site-packages/airflow/example_dags/example_kubernetes_executor_config.py took 0.014 seconds
[2021-04-04 22:32:50,763] {scheduler_job.py:182} INFO - Started process (PID=3556) to work on /home/prathamesh/PycharmProjects/airflow-project/venv/lib/python3.8/site-packages/airflow/example_dags/example_kubernetes_executor_config.py
[2021-04-04 22:32:50,764] {scheduler_job.py:629} INFO - Processing file /home/prathamesh/PycharmProjects/airflow-project/venv/lib/python3.8/site-packages/airflow/example_dags/example_kubernetes_executor_config.py for tasks to queue
[2021-04-04 22:32:50,765] {logging_mixin.py:104} INFO - [2021-04-04 22:32:50,765] {dagbag.py:448} INFO - Filling up the DagBag from /home/prathamesh/PycharmProjects/airflow-project/venv/lib/python3.8/site-packages/airflow/example_dags/example_kubernetes_executor_config.py
[2021-04-04 22:32:50,771] {logging_mixin.py:104} INFO - [2021-04-04 22:32:50,771] {example_kubernetes_executor_config.py:174} WARNING - Could not import DAGs in example_kubernetes_executor_config.py: No module named 'kubernetes'
[2021-04-04 22:32:50,771] {logging_mixin.py:104} INFO - [2021-04-04 22:32:50,771] {example_kubernetes_executor_config.py:175} WARNING - Install kubernetes dependencies with: pip install apache-airflow['cncf.kubernetes']
[2021-04-04 22:32:50,771] {scheduler_job.py:641} WARNING - No viable dags retrieved from /home/prathamesh/PycharmProjects/airflow-project/venv/lib/python3.8/site-packages/airflow/example_dags/example_kubernetes_executor_config.py
[2021-04-04 22:32:50,787] {scheduler_job.py:190} INFO - Processing /home/prathamesh/PycharmProjects/airflow-project/venv/lib/python3.8/site-packages/airflow/example_dags/example_kubernetes_executor_config.py took 0.029 seconds
[2021-04-04 22:33:21,551] {scheduler_job.py:182} INFO - Started process (PID=3585) to work on /home/prathamesh/PycharmProjects/airflow-project/venv/lib/python3.8/site-packages/airflow/example_dags/example_kubernetes_executor_config.py
[2021-04-04 22:33:21,552] {scheduler_job.py:629} INFO - Processing file /home/prathamesh/PycharmProjects/airflow-project/venv/lib/python3.8/site-packages/airflow/example_dags/example_kubernetes_executor_config.py for tasks to queue
[2021-04-04 22:33:21,553] {logging_mixin.py:104} INFO - [2021-04-04 22:33:21,553] {dagbag.py:448} INFO - Filling up the DagBag from /home/prathamesh/PycharmProjects/airflow-project/venv/lib/python3.8/site-packages/airflow/example_dags/example_kubernetes_executor_config.py
[2021-04-04 22:33:21,560] {logging_mixin.py:104} INFO - [2021-04-04 22:33:21,559] {example_kubernetes_executor_config.py:174} WARNING - Could not import DAGs in example_kubernetes_executor_config.py: No module named 'kubernetes'
[2021-04-04 22:33:21,560] {logging_mixin.py:104} INFO - [2021-04-04 22:33:21,560] {example_kubernetes_executor_config.py:175} WARNING - Install kubernetes dependencies with: pip install apache-airflow['cncf.kubernetes']
[2021-04-04 22:33:21,560] {scheduler_job.py:641} WARNING - No viable dags retrieved from /home/prathamesh/PycharmProjects/airflow-project/venv/lib/python3.8/site-packages/airflow/example_dags/example_kubernetes_executor_config.py
[2021-04-04 22:33:21,591] {scheduler_job.py:190} INFO - Processing /home/prathamesh/PycharmProjects/airflow-project/venv/lib/python3.8/site-packages/airflow/example_dags/example_kubernetes_executor_config.py took 0.045 seconds
[2021-04-04 22:33:52,398] {scheduler_job.py:182} INFO - Started process (PID=3612) to work on /home/prathamesh/PycharmProjects/airflow-project/venv/lib/python3.8/site-packages/airflow/example_dags/example_kubernetes_executor_config.py
[2021-04-04 22:33:52,399] {scheduler_job.py:629} INFO - Processing file /home/prathamesh/PycharmProjects/airflow-project/venv/lib/python3.8/site-packages/airflow/example_dags/example_kubernetes_executor_config.py for tasks to queue
[2021-04-04 22:33:52,399] {logging_mixin.py:104} INFO - [2021-04-04 22:33:52,399] {dagbag.py:448} INFO - Filling up the DagBag from /home/prathamesh/PycharmProjects/airflow-project/venv/lib/python3.8/site-packages/airflow/example_dags/example_kubernetes_executor_config.py
[2021-04-04 22:33:52,406] {logging_mixin.py:104} INFO - [2021-04-04 22:33:52,405] {example_kubernetes_executor_config.py:174} WARNING - Could not import DAGs in example_kubernetes_executor_config.py: No module named 'kubernetes'
[2021-04-04 22:33:52,406] {logging_mixin.py:104} INFO - [2021-04-04 22:33:52,406] {example_kubernetes_executor_config.py:175} WARNING - Install kubernetes dependencies with: pip install apache-airflow['cncf.kubernetes']
[2021-04-04 22:33:52,406] {scheduler_job.py:641} WARNING - No viable dags retrieved from /home/prathamesh/PycharmProjects/airflow-project/venv/lib/python3.8/site-packages/airflow/example_dags/example_kubernetes_executor_config.py
[2021-04-04 22:33:52,413] {scheduler_job.py:190} INFO - Processing /home/prathamesh/PycharmProjects/airflow-project/venv/lib/python3.8/site-packages/airflow/example_dags/example_kubernetes_executor_config.py took 0.020 seconds
