[2021-04-04 21:52:33,619] {scheduler_job.py:182} INFO - Started process (PID=7156) to work on /home/prathamesh/PycharmProjects/airflow-project/venv/lib/python3.8/site-packages/airflow/example_dags/example_short_circuit_operator.py
[2021-04-04 21:52:33,621] {scheduler_job.py:629} INFO - Processing file /home/prathamesh/PycharmProjects/airflow-project/venv/lib/python3.8/site-packages/airflow/example_dags/example_short_circuit_operator.py for tasks to queue
[2021-04-04 21:52:33,621] {logging_mixin.py:104} INFO - [2021-04-04 21:52:33,621] {dagbag.py:448} INFO - Filling up the DagBag from /home/prathamesh/PycharmProjects/airflow-project/venv/lib/python3.8/site-packages/airflow/example_dags/example_short_circuit_operator.py
[2021-04-04 21:52:33,628] {scheduler_job.py:639} INFO - DAG(s) dict_keys(['example_short_circuit_operator']) retrieved from /home/prathamesh/PycharmProjects/airflow-project/venv/lib/python3.8/site-packages/airflow/example_dags/example_short_circuit_operator.py
[2021-04-04 21:52:33,639] {logging_mixin.py:104} INFO - [2021-04-04 21:52:33,639] {dag.py:1818} INFO - Sync 1 DAGs
[2021-04-04 21:52:33,647] {logging_mixin.py:104} INFO - [2021-04-04 21:52:33,647] {dag.py:2273} INFO - Setting next_dagrun for example_short_circuit_operator to 2021-04-03 00:00:00+00:00
[2021-04-04 21:52:33,664] {scheduler_job.py:190} INFO - Processing /home/prathamesh/PycharmProjects/airflow-project/venv/lib/python3.8/site-packages/airflow/example_dags/example_short_circuit_operator.py took 0.048 seconds
[2021-04-04 22:00:59,576] {scheduler_job.py:182} INFO - Started process (PID=7722) to work on /home/prathamesh/PycharmProjects/airflow-project/venv/lib/python3.8/site-packages/airflow/example_dags/example_short_circuit_operator.py
[2021-04-04 22:00:59,576] {scheduler_job.py:629} INFO - Processing file /home/prathamesh/PycharmProjects/airflow-project/venv/lib/python3.8/site-packages/airflow/example_dags/example_short_circuit_operator.py for tasks to queue
[2021-04-04 22:00:59,577] {logging_mixin.py:104} INFO - [2021-04-04 22:00:59,577] {dagbag.py:448} INFO - Filling up the DagBag from /home/prathamesh/PycharmProjects/airflow-project/venv/lib/python3.8/site-packages/airflow/example_dags/example_short_circuit_operator.py
[2021-04-04 22:00:59,586] {scheduler_job.py:639} INFO - DAG(s) dict_keys(['example_short_circuit_operator']) retrieved from /home/prathamesh/PycharmProjects/airflow-project/venv/lib/python3.8/site-packages/airflow/example_dags/example_short_circuit_operator.py
[2021-04-04 22:00:59,596] {logging_mixin.py:104} INFO - [2021-04-04 22:00:59,596] {dag.py:1818} INFO - Sync 1 DAGs
[2021-04-04 22:00:59,606] {logging_mixin.py:104} INFO - [2021-04-04 22:00:59,606] {dag.py:2273} INFO - Setting next_dagrun for example_short_circuit_operator to 2021-04-03 00:00:00+00:00
[2021-04-04 22:00:59,611] {scheduler_job.py:190} INFO - Processing /home/prathamesh/PycharmProjects/airflow-project/venv/lib/python3.8/site-packages/airflow/example_dags/example_short_circuit_operator.py took 0.038 seconds
[2021-04-04 22:32:18,120] {scheduler_job.py:182} INFO - Started process (PID=3527) to work on /home/prathamesh/PycharmProjects/airflow-project/venv/lib/python3.8/site-packages/airflow/example_dags/example_short_circuit_operator.py
[2021-04-04 22:32:18,123] {scheduler_job.py:629} INFO - Processing file /home/prathamesh/PycharmProjects/airflow-project/venv/lib/python3.8/site-packages/airflow/example_dags/example_short_circuit_operator.py for tasks to queue
[2021-04-04 22:32:18,123] {logging_mixin.py:104} INFO - [2021-04-04 22:32:18,123] {dagbag.py:448} INFO - Filling up the DagBag from /home/prathamesh/PycharmProjects/airflow-project/venv/lib/python3.8/site-packages/airflow/example_dags/example_short_circuit_operator.py
[2021-04-04 22:32:18,130] {scheduler_job.py:639} INFO - DAG(s) dict_keys(['example_short_circuit_operator']) retrieved from /home/prathamesh/PycharmProjects/airflow-project/venv/lib/python3.8/site-packages/airflow/example_dags/example_short_circuit_operator.py
[2021-04-04 22:32:18,141] {logging_mixin.py:104} INFO - [2021-04-04 22:32:18,141] {dag.py:1818} INFO - Sync 1 DAGs
[2021-04-04 22:32:18,149] {logging_mixin.py:104} INFO - [2021-04-04 22:32:18,149] {dag.py:2273} INFO - Setting next_dagrun for example_short_circuit_operator to 2021-04-03 00:00:00+00:00
[2021-04-04 22:32:18,153] {scheduler_job.py:190} INFO - Processing /home/prathamesh/PycharmProjects/airflow-project/venv/lib/python3.8/site-packages/airflow/example_dags/example_short_circuit_operator.py took 0.035 seconds
[2021-04-04 22:32:49,015] {scheduler_job.py:182} INFO - Started process (PID=3554) to work on /home/prathamesh/PycharmProjects/airflow-project/venv/lib/python3.8/site-packages/airflow/example_dags/example_short_circuit_operator.py
[2021-04-04 22:32:49,017] {scheduler_job.py:629} INFO - Processing file /home/prathamesh/PycharmProjects/airflow-project/venv/lib/python3.8/site-packages/airflow/example_dags/example_short_circuit_operator.py for tasks to queue
[2021-04-04 22:32:49,017] {logging_mixin.py:104} INFO - [2021-04-04 22:32:49,017] {dagbag.py:448} INFO - Filling up the DagBag from /home/prathamesh/PycharmProjects/airflow-project/venv/lib/python3.8/site-packages/airflow/example_dags/example_short_circuit_operator.py
[2021-04-04 22:32:49,044] {scheduler_job.py:639} INFO - DAG(s) dict_keys(['example_short_circuit_operator']) retrieved from /home/prathamesh/PycharmProjects/airflow-project/venv/lib/python3.8/site-packages/airflow/example_dags/example_short_circuit_operator.py
[2021-04-04 22:32:49,054] {logging_mixin.py:104} INFO - [2021-04-04 22:32:49,054] {dag.py:1818} INFO - Sync 1 DAGs
[2021-04-04 22:32:49,062] {logging_mixin.py:104} INFO - [2021-04-04 22:32:49,062] {dag.py:2273} INFO - Setting next_dagrun for example_short_circuit_operator to 2021-04-03 00:00:00+00:00
[2021-04-04 22:32:49,072] {scheduler_job.py:190} INFO - Processing /home/prathamesh/PycharmProjects/airflow-project/venv/lib/python3.8/site-packages/airflow/example_dags/example_short_circuit_operator.py took 0.063 seconds
[2021-04-04 22:33:19,795] {scheduler_job.py:182} INFO - Started process (PID=3583) to work on /home/prathamesh/PycharmProjects/airflow-project/venv/lib/python3.8/site-packages/airflow/example_dags/example_short_circuit_operator.py
[2021-04-04 22:33:19,795] {scheduler_job.py:629} INFO - Processing file /home/prathamesh/PycharmProjects/airflow-project/venv/lib/python3.8/site-packages/airflow/example_dags/example_short_circuit_operator.py for tasks to queue
[2021-04-04 22:33:19,796] {logging_mixin.py:104} INFO - [2021-04-04 22:33:19,796] {dagbag.py:448} INFO - Filling up the DagBag from /home/prathamesh/PycharmProjects/airflow-project/venv/lib/python3.8/site-packages/airflow/example_dags/example_short_circuit_operator.py
[2021-04-04 22:33:19,804] {scheduler_job.py:639} INFO - DAG(s) dict_keys(['example_short_circuit_operator']) retrieved from /home/prathamesh/PycharmProjects/airflow-project/venv/lib/python3.8/site-packages/airflow/example_dags/example_short_circuit_operator.py
[2021-04-04 22:33:19,813] {logging_mixin.py:104} INFO - [2021-04-04 22:33:19,813] {dag.py:1818} INFO - Sync 1 DAGs
[2021-04-04 22:33:19,821] {logging_mixin.py:104} INFO - [2021-04-04 22:33:19,821] {dag.py:2273} INFO - Setting next_dagrun for example_short_circuit_operator to 2021-04-03 00:00:00+00:00
[2021-04-04 22:33:19,824] {scheduler_job.py:190} INFO - Processing /home/prathamesh/PycharmProjects/airflow-project/venv/lib/python3.8/site-packages/airflow/example_dags/example_short_circuit_operator.py took 0.032 seconds
[2021-04-04 22:33:50,676] {scheduler_job.py:182} INFO - Started process (PID=3610) to work on /home/prathamesh/PycharmProjects/airflow-project/venv/lib/python3.8/site-packages/airflow/example_dags/example_short_circuit_operator.py
[2021-04-04 22:33:50,677] {scheduler_job.py:629} INFO - Processing file /home/prathamesh/PycharmProjects/airflow-project/venv/lib/python3.8/site-packages/airflow/example_dags/example_short_circuit_operator.py for tasks to queue
[2021-04-04 22:33:50,678] {logging_mixin.py:104} INFO - [2021-04-04 22:33:50,678] {dagbag.py:448} INFO - Filling up the DagBag from /home/prathamesh/PycharmProjects/airflow-project/venv/lib/python3.8/site-packages/airflow/example_dags/example_short_circuit_operator.py
[2021-04-04 22:33:50,691] {scheduler_job.py:639} INFO - DAG(s) dict_keys(['example_short_circuit_operator']) retrieved from /home/prathamesh/PycharmProjects/airflow-project/venv/lib/python3.8/site-packages/airflow/example_dags/example_short_circuit_operator.py
[2021-04-04 22:33:50,707] {logging_mixin.py:104} INFO - [2021-04-04 22:33:50,707] {dag.py:1818} INFO - Sync 1 DAGs
[2021-04-04 22:33:50,722] {logging_mixin.py:104} INFO - [2021-04-04 22:33:50,722] {dag.py:2273} INFO - Setting next_dagrun for example_short_circuit_operator to 2021-04-03 00:00:00+00:00
[2021-04-04 22:33:50,729] {scheduler_job.py:190} INFO - Processing /home/prathamesh/PycharmProjects/airflow-project/venv/lib/python3.8/site-packages/airflow/example_dags/example_short_circuit_operator.py took 0.056 seconds
