[2021-04-04 21:52:42,763] {scheduler_job.py:182} INFO - Started process (PID=7193) to work on /home/prathamesh/PycharmProjects/airflow-project/venv/lib/python3.8/site-packages/airflow/example_dags/example_skip_dag.py
[2021-04-04 21:52:42,769] {scheduler_job.py:629} INFO - Processing file /home/prathamesh/PycharmProjects/airflow-project/venv/lib/python3.8/site-packages/airflow/example_dags/example_skip_dag.py for tasks to queue
[2021-04-04 21:52:42,770] {logging_mixin.py:104} INFO - [2021-04-04 21:52:42,770] {dagbag.py:448} INFO - Filling up the DagBag from /home/prathamesh/PycharmProjects/airflow-project/venv/lib/python3.8/site-packages/airflow/example_dags/example_skip_dag.py
[2021-04-04 21:52:42,790] {scheduler_job.py:639} INFO - DAG(s) dict_keys(['example_skip_dag']) retrieved from /home/prathamesh/PycharmProjects/airflow-project/venv/lib/python3.8/site-packages/airflow/example_dags/example_skip_dag.py
[2021-04-04 21:52:42,812] {logging_mixin.py:104} INFO - [2021-04-04 21:52:42,812] {dag.py:1818} INFO - Sync 1 DAGs
[2021-04-04 21:52:42,844] {logging_mixin.py:104} INFO - [2021-04-04 21:52:42,844] {dag.py:2273} INFO - Setting next_dagrun for example_skip_dag to 2021-04-03 00:00:00+00:00
[2021-04-04 21:52:42,861] {scheduler_job.py:190} INFO - Processing /home/prathamesh/PycharmProjects/airflow-project/venv/lib/python3.8/site-packages/airflow/example_dags/example_skip_dag.py took 0.100 seconds
[2021-04-04 22:00:54,439] {scheduler_job.py:182} INFO - Started process (PID=7717) to work on /home/prathamesh/PycharmProjects/airflow-project/venv/lib/python3.8/site-packages/airflow/example_dags/example_skip_dag.py
[2021-04-04 22:00:54,440] {scheduler_job.py:629} INFO - Processing file /home/prathamesh/PycharmProjects/airflow-project/venv/lib/python3.8/site-packages/airflow/example_dags/example_skip_dag.py for tasks to queue
[2021-04-04 22:00:54,440] {logging_mixin.py:104} INFO - [2021-04-04 22:00:54,440] {dagbag.py:448} INFO - Filling up the DagBag from /home/prathamesh/PycharmProjects/airflow-project/venv/lib/python3.8/site-packages/airflow/example_dags/example_skip_dag.py
[2021-04-04 22:00:54,448] {scheduler_job.py:639} INFO - DAG(s) dict_keys(['example_skip_dag']) retrieved from /home/prathamesh/PycharmProjects/airflow-project/venv/lib/python3.8/site-packages/airflow/example_dags/example_skip_dag.py
[2021-04-04 22:00:54,456] {logging_mixin.py:104} INFO - [2021-04-04 22:00:54,456] {dag.py:1818} INFO - Sync 1 DAGs
[2021-04-04 22:00:54,463] {logging_mixin.py:104} INFO - [2021-04-04 22:00:54,463] {dag.py:2273} INFO - Setting next_dagrun for example_skip_dag to 2021-04-03 00:00:00+00:00
[2021-04-04 22:00:54,468] {scheduler_job.py:190} INFO - Processing /home/prathamesh/PycharmProjects/airflow-project/venv/lib/python3.8/site-packages/airflow/example_dags/example_skip_dag.py took 0.031 seconds
[2021-04-04 22:32:10,679] {scheduler_job.py:182} INFO - Started process (PID=3520) to work on /home/prathamesh/PycharmProjects/airflow-project/venv/lib/python3.8/site-packages/airflow/example_dags/example_skip_dag.py
[2021-04-04 22:32:10,690] {scheduler_job.py:629} INFO - Processing file /home/prathamesh/PycharmProjects/airflow-project/venv/lib/python3.8/site-packages/airflow/example_dags/example_skip_dag.py for tasks to queue
[2021-04-04 22:32:10,691] {logging_mixin.py:104} INFO - [2021-04-04 22:32:10,691] {dagbag.py:448} INFO - Filling up the DagBag from /home/prathamesh/PycharmProjects/airflow-project/venv/lib/python3.8/site-packages/airflow/example_dags/example_skip_dag.py
[2021-04-04 22:32:10,697] {scheduler_job.py:639} INFO - DAG(s) dict_keys(['example_skip_dag']) retrieved from /home/prathamesh/PycharmProjects/airflow-project/venv/lib/python3.8/site-packages/airflow/example_dags/example_skip_dag.py
[2021-04-04 22:32:10,706] {logging_mixin.py:104} INFO - [2021-04-04 22:32:10,706] {dag.py:1818} INFO - Sync 1 DAGs
[2021-04-04 22:32:10,713] {logging_mixin.py:104} INFO - [2021-04-04 22:32:10,713] {dag.py:2273} INFO - Setting next_dagrun for example_skip_dag to 2021-04-03 00:00:00+00:00
[2021-04-04 22:32:10,718] {scheduler_job.py:190} INFO - Processing /home/prathamesh/PycharmProjects/airflow-project/venv/lib/python3.8/site-packages/airflow/example_dags/example_skip_dag.py took 0.042 seconds
[2021-04-04 22:32:43,817] {scheduler_job.py:182} INFO - Started process (PID=3549) to work on /home/prathamesh/PycharmProjects/airflow-project/venv/lib/python3.8/site-packages/airflow/example_dags/example_skip_dag.py
[2021-04-04 22:32:43,818] {scheduler_job.py:629} INFO - Processing file /home/prathamesh/PycharmProjects/airflow-project/venv/lib/python3.8/site-packages/airflow/example_dags/example_skip_dag.py for tasks to queue
[2021-04-04 22:32:43,818] {logging_mixin.py:104} INFO - [2021-04-04 22:32:43,818] {dagbag.py:448} INFO - Filling up the DagBag from /home/prathamesh/PycharmProjects/airflow-project/venv/lib/python3.8/site-packages/airflow/example_dags/example_skip_dag.py
[2021-04-04 22:32:43,825] {scheduler_job.py:639} INFO - DAG(s) dict_keys(['example_skip_dag']) retrieved from /home/prathamesh/PycharmProjects/airflow-project/venv/lib/python3.8/site-packages/airflow/example_dags/example_skip_dag.py
[2021-04-04 22:32:43,833] {logging_mixin.py:104} INFO - [2021-04-04 22:32:43,833] {dag.py:1818} INFO - Sync 1 DAGs
[2021-04-04 22:32:43,840] {logging_mixin.py:104} INFO - [2021-04-04 22:32:43,840] {dag.py:2273} INFO - Setting next_dagrun for example_skip_dag to 2021-04-03 00:00:00+00:00
[2021-04-04 22:32:43,845] {scheduler_job.py:190} INFO - Processing /home/prathamesh/PycharmProjects/airflow-project/venv/lib/python3.8/site-packages/airflow/example_dags/example_skip_dag.py took 0.030 seconds
[2021-04-04 22:33:15,269] {scheduler_job.py:182} INFO - Started process (PID=3577) to work on /home/prathamesh/PycharmProjects/airflow-project/venv/lib/python3.8/site-packages/airflow/example_dags/example_skip_dag.py
[2021-04-04 22:33:15,269] {scheduler_job.py:629} INFO - Processing file /home/prathamesh/PycharmProjects/airflow-project/venv/lib/python3.8/site-packages/airflow/example_dags/example_skip_dag.py for tasks to queue
[2021-04-04 22:33:15,270] {logging_mixin.py:104} INFO - [2021-04-04 22:33:15,270] {dagbag.py:448} INFO - Filling up the DagBag from /home/prathamesh/PycharmProjects/airflow-project/venv/lib/python3.8/site-packages/airflow/example_dags/example_skip_dag.py
[2021-04-04 22:33:15,277] {scheduler_job.py:639} INFO - DAG(s) dict_keys(['example_skip_dag']) retrieved from /home/prathamesh/PycharmProjects/airflow-project/venv/lib/python3.8/site-packages/airflow/example_dags/example_skip_dag.py
[2021-04-04 22:33:15,287] {logging_mixin.py:104} INFO - [2021-04-04 22:33:15,287] {dag.py:1818} INFO - Sync 1 DAGs
[2021-04-04 22:33:15,299] {logging_mixin.py:104} INFO - [2021-04-04 22:33:15,299] {dag.py:2273} INFO - Setting next_dagrun for example_skip_dag to 2021-04-03 00:00:00+00:00
[2021-04-04 22:33:15,303] {scheduler_job.py:190} INFO - Processing /home/prathamesh/PycharmProjects/airflow-project/venv/lib/python3.8/site-packages/airflow/example_dags/example_skip_dag.py took 0.036 seconds
[2021-04-04 22:33:46,036] {scheduler_job.py:182} INFO - Started process (PID=3606) to work on /home/prathamesh/PycharmProjects/airflow-project/venv/lib/python3.8/site-packages/airflow/example_dags/example_skip_dag.py
[2021-04-04 22:33:46,037] {scheduler_job.py:629} INFO - Processing file /home/prathamesh/PycharmProjects/airflow-project/venv/lib/python3.8/site-packages/airflow/example_dags/example_skip_dag.py for tasks to queue
[2021-04-04 22:33:46,037] {logging_mixin.py:104} INFO - [2021-04-04 22:33:46,037] {dagbag.py:448} INFO - Filling up the DagBag from /home/prathamesh/PycharmProjects/airflow-project/venv/lib/python3.8/site-packages/airflow/example_dags/example_skip_dag.py
[2021-04-04 22:33:46,045] {scheduler_job.py:639} INFO - DAG(s) dict_keys(['example_skip_dag']) retrieved from /home/prathamesh/PycharmProjects/airflow-project/venv/lib/python3.8/site-packages/airflow/example_dags/example_skip_dag.py
[2021-04-04 22:33:46,053] {logging_mixin.py:104} INFO - [2021-04-04 22:33:46,053] {dag.py:1818} INFO - Sync 1 DAGs
[2021-04-04 22:33:46,059] {logging_mixin.py:104} INFO - [2021-04-04 22:33:46,059] {dag.py:2273} INFO - Setting next_dagrun for example_skip_dag to 2021-04-03 00:00:00+00:00
[2021-04-04 22:33:46,064] {scheduler_job.py:190} INFO - Processing /home/prathamesh/PycharmProjects/airflow-project/venv/lib/python3.8/site-packages/airflow/example_dags/example_skip_dag.py took 0.031 seconds
