[2021-04-04 22:00:49,289] {scheduler_job.py:182} INFO - Started process (PID=7712) to work on /home/prathamesh/PycharmProjects/airflow-project/venv/lib/python3.8/site-packages/airflow/example_dags/example_bash_operator.py
[2021-04-04 22:00:49,290] {scheduler_job.py:629} INFO - Processing file /home/prathamesh/PycharmProjects/airflow-project/venv/lib/python3.8/site-packages/airflow/example_dags/example_bash_operator.py for tasks to queue
[2021-04-04 22:00:49,290] {logging_mixin.py:104} INFO - [2021-04-04 22:00:49,290] {dagbag.py:448} INFO - Filling up the DagBag from /home/prathamesh/PycharmProjects/airflow-project/venv/lib/python3.8/site-packages/airflow/example_dags/example_bash_operator.py
[2021-04-04 22:00:49,301] {scheduler_job.py:639} INFO - DAG(s) dict_keys(['example_bash_operator']) retrieved from /home/prathamesh/PycharmProjects/airflow-project/venv/lib/python3.8/site-packages/airflow/example_dags/example_bash_operator.py
[2021-04-04 22:00:49,312] {logging_mixin.py:104} INFO - [2021-04-04 22:00:49,312] {dag.py:1818} INFO - Sync 1 DAGs
[2021-04-04 22:00:49,330] {logging_mixin.py:104} INFO - [2021-04-04 22:00:49,329] {dag.py:2273} INFO - Setting next_dagrun for example_bash_operator to 2021-04-03 00:00:00+00:00
[2021-04-04 22:00:49,343] {scheduler_job.py:190} INFO - Processing /home/prathamesh/PycharmProjects/airflow-project/venv/lib/python3.8/site-packages/airflow/example_dags/example_bash_operator.py took 0.059 seconds
[2021-04-04 22:01:20,755] {scheduler_job.py:182} INFO - Started process (PID=7933) to work on /home/prathamesh/PycharmProjects/airflow-project/venv/lib/python3.8/site-packages/airflow/example_dags/example_bash_operator.py
[2021-04-04 22:01:20,757] {scheduler_job.py:629} INFO - Processing file /home/prathamesh/PycharmProjects/airflow-project/venv/lib/python3.8/site-packages/airflow/example_dags/example_bash_operator.py for tasks to queue
[2021-04-04 22:01:20,758] {logging_mixin.py:104} INFO - [2021-04-04 22:01:20,758] {dagbag.py:448} INFO - Filling up the DagBag from /home/prathamesh/PycharmProjects/airflow-project/venv/lib/python3.8/site-packages/airflow/example_dags/example_bash_operator.py
[2021-04-04 22:01:20,772] {scheduler_job.py:639} INFO - DAG(s) dict_keys(['example_bash_operator']) retrieved from /home/prathamesh/PycharmProjects/airflow-project/venv/lib/python3.8/site-packages/airflow/example_dags/example_bash_operator.py
[2021-04-04 22:01:20,789] {logging_mixin.py:104} INFO - [2021-04-04 22:01:20,789] {dag.py:1818} INFO - Sync 1 DAGs
[2021-04-04 22:01:20,807] {logging_mixin.py:104} INFO - [2021-04-04 22:01:20,807] {dag.py:2273} INFO - Setting next_dagrun for example_bash_operator to 2021-04-03 00:00:00+00:00
[2021-04-04 22:01:20,818] {scheduler_job.py:190} INFO - Processing /home/prathamesh/PycharmProjects/airflow-project/venv/lib/python3.8/site-packages/airflow/example_dags/example_bash_operator.py took 0.068 seconds
[2021-04-04 22:31:59,948] {scheduler_job.py:182} INFO - Started process (PID=3502) to work on /home/prathamesh/PycharmProjects/airflow-project/venv/lib/python3.8/site-packages/airflow/example_dags/example_bash_operator.py
[2021-04-04 22:31:59,955] {scheduler_job.py:629} INFO - Processing file /home/prathamesh/PycharmProjects/airflow-project/venv/lib/python3.8/site-packages/airflow/example_dags/example_bash_operator.py for tasks to queue
[2021-04-04 22:31:59,955] {logging_mixin.py:104} INFO - [2021-04-04 22:31:59,955] {dagbag.py:448} INFO - Filling up the DagBag from /home/prathamesh/PycharmProjects/airflow-project/venv/lib/python3.8/site-packages/airflow/example_dags/example_bash_operator.py
[2021-04-04 22:31:59,964] {scheduler_job.py:639} INFO - DAG(s) dict_keys(['example_bash_operator']) retrieved from /home/prathamesh/PycharmProjects/airflow-project/venv/lib/python3.8/site-packages/airflow/example_dags/example_bash_operator.py
[2021-04-04 22:31:59,974] {logging_mixin.py:104} INFO - [2021-04-04 22:31:59,974] {dag.py:1818} INFO - Sync 1 DAGs
[2021-04-04 22:31:59,990] {logging_mixin.py:104} INFO - [2021-04-04 22:31:59,989] {dag.py:2273} INFO - Setting next_dagrun for example_bash_operator to 2021-04-03 00:00:00+00:00
[2021-04-04 22:31:59,996] {scheduler_job.py:190} INFO - Processing /home/prathamesh/PycharmProjects/airflow-project/venv/lib/python3.8/site-packages/airflow/example_dags/example_bash_operator.py took 0.051 seconds
[2021-04-04 22:32:30,160] {scheduler_job.py:182} INFO - Started process (PID=3536) to work on /home/prathamesh/PycharmProjects/airflow-project/venv/lib/python3.8/site-packages/airflow/example_dags/example_bash_operator.py
[2021-04-04 22:32:30,161] {scheduler_job.py:629} INFO - Processing file /home/prathamesh/PycharmProjects/airflow-project/venv/lib/python3.8/site-packages/airflow/example_dags/example_bash_operator.py for tasks to queue
[2021-04-04 22:32:30,162] {logging_mixin.py:104} INFO - [2021-04-04 22:32:30,162] {dagbag.py:448} INFO - Filling up the DagBag from /home/prathamesh/PycharmProjects/airflow-project/venv/lib/python3.8/site-packages/airflow/example_dags/example_bash_operator.py
[2021-04-04 22:32:30,170] {scheduler_job.py:639} INFO - DAG(s) dict_keys(['example_bash_operator']) retrieved from /home/prathamesh/PycharmProjects/airflow-project/venv/lib/python3.8/site-packages/airflow/example_dags/example_bash_operator.py
[2021-04-04 22:32:30,179] {logging_mixin.py:104} INFO - [2021-04-04 22:32:30,179] {dag.py:1818} INFO - Sync 1 DAGs
[2021-04-04 22:32:30,191] {logging_mixin.py:104} INFO - [2021-04-04 22:32:30,191] {dag.py:2273} INFO - Setting next_dagrun for example_bash_operator to 2021-04-03 00:00:00+00:00
[2021-04-04 22:32:30,196] {scheduler_job.py:190} INFO - Processing /home/prathamesh/PycharmProjects/airflow-project/venv/lib/python3.8/site-packages/airflow/example_dags/example_bash_operator.py took 0.038 seconds
[2021-04-04 22:33:00,952] {scheduler_job.py:182} INFO - Started process (PID=3564) to work on /home/prathamesh/PycharmProjects/airflow-project/venv/lib/python3.8/site-packages/airflow/example_dags/example_bash_operator.py
[2021-04-04 22:33:00,952] {scheduler_job.py:629} INFO - Processing file /home/prathamesh/PycharmProjects/airflow-project/venv/lib/python3.8/site-packages/airflow/example_dags/example_bash_operator.py for tasks to queue
[2021-04-04 22:33:00,953] {logging_mixin.py:104} INFO - [2021-04-04 22:33:00,953] {dagbag.py:448} INFO - Filling up the DagBag from /home/prathamesh/PycharmProjects/airflow-project/venv/lib/python3.8/site-packages/airflow/example_dags/example_bash_operator.py
[2021-04-04 22:33:00,961] {scheduler_job.py:639} INFO - DAG(s) dict_keys(['example_bash_operator']) retrieved from /home/prathamesh/PycharmProjects/airflow-project/venv/lib/python3.8/site-packages/airflow/example_dags/example_bash_operator.py
[2021-04-04 22:33:00,971] {logging_mixin.py:104} INFO - [2021-04-04 22:33:00,971] {dag.py:1818} INFO - Sync 1 DAGs
[2021-04-04 22:33:00,985] {logging_mixin.py:104} INFO - [2021-04-04 22:33:00,985] {dag.py:2273} INFO - Setting next_dagrun for example_bash_operator to 2021-04-03 00:00:00+00:00
[2021-04-04 22:33:00,990] {scheduler_job.py:190} INFO - Processing /home/prathamesh/PycharmProjects/airflow-project/venv/lib/python3.8/site-packages/airflow/example_dags/example_bash_operator.py took 0.041 seconds
[2021-04-04 22:33:31,749] {scheduler_job.py:182} INFO - Started process (PID=3593) to work on /home/prathamesh/PycharmProjects/airflow-project/venv/lib/python3.8/site-packages/airflow/example_dags/example_bash_operator.py
[2021-04-04 22:33:31,750] {scheduler_job.py:629} INFO - Processing file /home/prathamesh/PycharmProjects/airflow-project/venv/lib/python3.8/site-packages/airflow/example_dags/example_bash_operator.py for tasks to queue
[2021-04-04 22:33:31,750] {logging_mixin.py:104} INFO - [2021-04-04 22:33:31,750] {dagbag.py:448} INFO - Filling up the DagBag from /home/prathamesh/PycharmProjects/airflow-project/venv/lib/python3.8/site-packages/airflow/example_dags/example_bash_operator.py
[2021-04-04 22:33:31,757] {scheduler_job.py:639} INFO - DAG(s) dict_keys(['example_bash_operator']) retrieved from /home/prathamesh/PycharmProjects/airflow-project/venv/lib/python3.8/site-packages/airflow/example_dags/example_bash_operator.py
[2021-04-04 22:33:31,767] {logging_mixin.py:104} INFO - [2021-04-04 22:33:31,767] {dag.py:1818} INFO - Sync 1 DAGs
[2021-04-04 22:33:31,778] {logging_mixin.py:104} INFO - [2021-04-04 22:33:31,778] {dag.py:2273} INFO - Setting next_dagrun for example_bash_operator to 2021-04-03 00:00:00+00:00
[2021-04-04 22:33:31,784] {scheduler_job.py:190} INFO - Processing /home/prathamesh/PycharmProjects/airflow-project/venv/lib/python3.8/site-packages/airflow/example_dags/example_bash_operator.py took 0.037 seconds
[2021-04-04 22:34:02,593] {scheduler_job.py:182} INFO - Started process (PID=3620) to work on /home/prathamesh/PycharmProjects/airflow-project/venv/lib/python3.8/site-packages/airflow/example_dags/example_bash_operator.py
[2021-04-04 22:34:02,594] {scheduler_job.py:629} INFO - Processing file /home/prathamesh/PycharmProjects/airflow-project/venv/lib/python3.8/site-packages/airflow/example_dags/example_bash_operator.py for tasks to queue
[2021-04-04 22:34:02,594] {logging_mixin.py:104} INFO - [2021-04-04 22:34:02,594] {dagbag.py:448} INFO - Filling up the DagBag from /home/prathamesh/PycharmProjects/airflow-project/venv/lib/python3.8/site-packages/airflow/example_dags/example_bash_operator.py
[2021-04-04 22:34:02,602] {scheduler_job.py:639} INFO - DAG(s) dict_keys(['example_bash_operator']) retrieved from /home/prathamesh/PycharmProjects/airflow-project/venv/lib/python3.8/site-packages/airflow/example_dags/example_bash_operator.py
[2021-04-04 22:34:02,613] {logging_mixin.py:104} INFO - [2021-04-04 22:34:02,612] {dag.py:1818} INFO - Sync 1 DAGs
[2021-04-04 22:34:02,623] {logging_mixin.py:104} INFO - [2021-04-04 22:34:02,623] {dag.py:2273} INFO - Setting next_dagrun for example_bash_operator to 2021-04-03 00:00:00+00:00
[2021-04-04 22:34:02,627] {scheduler_job.py:190} INFO - Processing /home/prathamesh/PycharmProjects/airflow-project/venv/lib/python3.8/site-packages/airflow/example_dags/example_bash_operator.py took 0.037 seconds
