[2021-03-31 01:49:01,573] {scheduler_job.py:182} INFO - Started process (PID=12622) to work on /home/prathamesh/PycharmProjects/airflow-basic/venv/lib/python3.8/site-packages/airflow/example_dags/subdags/subdag.py
[2021-03-31 01:49:01,574] {scheduler_job.py:629} INFO - Processing file /home/prathamesh/PycharmProjects/airflow-basic/venv/lib/python3.8/site-packages/airflow/example_dags/subdags/subdag.py for tasks to queue
[2021-03-31 01:49:01,574] {logging_mixin.py:104} INFO - [2021-03-31 01:49:01,574] {dagbag.py:448} INFO - Filling up the DagBag from /home/prathamesh/PycharmProjects/airflow-basic/venv/lib/python3.8/site-packages/airflow/example_dags/subdags/subdag.py
[2021-03-31 01:49:01,588] {scheduler_job.py:641} WARNING - No viable dags retrieved from /home/prathamesh/PycharmProjects/airflow-basic/venv/lib/python3.8/site-packages/airflow/example_dags/subdags/subdag.py
[2021-03-31 01:49:01,610] {scheduler_job.py:190} INFO - Processing /home/prathamesh/PycharmProjects/airflow-basic/venv/lib/python3.8/site-packages/airflow/example_dags/subdags/subdag.py took 0.066 seconds
[2021-03-31 01:49:33,188] {scheduler_job.py:182} INFO - Started process (PID=12652) to work on /home/prathamesh/PycharmProjects/airflow-basic/venv/lib/python3.8/site-packages/airflow/example_dags/subdags/subdag.py
[2021-03-31 01:49:33,189] {scheduler_job.py:629} INFO - Processing file /home/prathamesh/PycharmProjects/airflow-basic/venv/lib/python3.8/site-packages/airflow/example_dags/subdags/subdag.py for tasks to queue
[2021-03-31 01:49:33,189] {logging_mixin.py:104} INFO - [2021-03-31 01:49:33,189] {dagbag.py:448} INFO - Filling up the DagBag from /home/prathamesh/PycharmProjects/airflow-basic/venv/lib/python3.8/site-packages/airflow/example_dags/subdags/subdag.py
[2021-03-31 01:49:33,192] {scheduler_job.py:641} WARNING - No viable dags retrieved from /home/prathamesh/PycharmProjects/airflow-basic/venv/lib/python3.8/site-packages/airflow/example_dags/subdags/subdag.py
[2021-03-31 01:49:33,200] {scheduler_job.py:190} INFO - Processing /home/prathamesh/PycharmProjects/airflow-basic/venv/lib/python3.8/site-packages/airflow/example_dags/subdags/subdag.py took 0.015 seconds
[2021-03-31 01:50:07,684] {scheduler_job.py:182} INFO - Started process (PID=12687) to work on /home/prathamesh/PycharmProjects/airflow-basic/venv/lib/python3.8/site-packages/airflow/example_dags/subdags/subdag.py
[2021-03-31 01:50:07,686] {scheduler_job.py:629} INFO - Processing file /home/prathamesh/PycharmProjects/airflow-basic/venv/lib/python3.8/site-packages/airflow/example_dags/subdags/subdag.py for tasks to queue
[2021-03-31 01:50:07,687] {logging_mixin.py:104} INFO - [2021-03-31 01:50:07,686] {dagbag.py:448} INFO - Filling up the DagBag from /home/prathamesh/PycharmProjects/airflow-basic/venv/lib/python3.8/site-packages/airflow/example_dags/subdags/subdag.py
[2021-03-31 01:50:07,690] {scheduler_job.py:641} WARNING - No viable dags retrieved from /home/prathamesh/PycharmProjects/airflow-basic/venv/lib/python3.8/site-packages/airflow/example_dags/subdags/subdag.py
[2021-03-31 01:50:07,710] {scheduler_job.py:190} INFO - Processing /home/prathamesh/PycharmProjects/airflow-basic/venv/lib/python3.8/site-packages/airflow/example_dags/subdags/subdag.py took 0.032 seconds
[2021-03-31 01:50:45,213] {scheduler_job.py:182} INFO - Started process (PID=12727) to work on /home/prathamesh/PycharmProjects/airflow-basic/venv/lib/python3.8/site-packages/airflow/example_dags/subdags/subdag.py
[2021-03-31 01:50:45,215] {scheduler_job.py:629} INFO - Processing file /home/prathamesh/PycharmProjects/airflow-basic/venv/lib/python3.8/site-packages/airflow/example_dags/subdags/subdag.py for tasks to queue
[2021-03-31 01:50:45,216] {logging_mixin.py:104} INFO - [2021-03-31 01:50:45,216] {dagbag.py:448} INFO - Filling up the DagBag from /home/prathamesh/PycharmProjects/airflow-basic/venv/lib/python3.8/site-packages/airflow/example_dags/subdags/subdag.py
[2021-03-31 01:50:45,245] {scheduler_job.py:641} WARNING - No viable dags retrieved from /home/prathamesh/PycharmProjects/airflow-basic/venv/lib/python3.8/site-packages/airflow/example_dags/subdags/subdag.py
[2021-03-31 01:50:45,326] {scheduler_job.py:190} INFO - Processing /home/prathamesh/PycharmProjects/airflow-basic/venv/lib/python3.8/site-packages/airflow/example_dags/subdags/subdag.py took 0.153 seconds
[2021-03-31 01:53:14,091] {scheduler_job.py:182} INFO - Started process (PID=12802) to work on /home/prathamesh/PycharmProjects/airflow-basic/venv/lib/python3.8/site-packages/airflow/example_dags/subdags/subdag.py
[2021-03-31 01:53:14,092] {scheduler_job.py:629} INFO - Processing file /home/prathamesh/PycharmProjects/airflow-basic/venv/lib/python3.8/site-packages/airflow/example_dags/subdags/subdag.py for tasks to queue
[2021-03-31 01:53:14,093] {logging_mixin.py:104} INFO - [2021-03-31 01:53:14,093] {dagbag.py:448} INFO - Filling up the DagBag from /home/prathamesh/PycharmProjects/airflow-basic/venv/lib/python3.8/site-packages/airflow/example_dags/subdags/subdag.py
[2021-03-31 01:53:14,124] {scheduler_job.py:641} WARNING - No viable dags retrieved from /home/prathamesh/PycharmProjects/airflow-basic/venv/lib/python3.8/site-packages/airflow/example_dags/subdags/subdag.py
[2021-03-31 01:53:14,164] {scheduler_job.py:190} INFO - Processing /home/prathamesh/PycharmProjects/airflow-basic/venv/lib/python3.8/site-packages/airflow/example_dags/subdags/subdag.py took 0.103 seconds
[2021-03-31 01:53:48,793] {scheduler_job.py:182} INFO - Started process (PID=12839) to work on /home/prathamesh/PycharmProjects/airflow-basic/venv/lib/python3.8/site-packages/airflow/example_dags/subdags/subdag.py
[2021-03-31 01:53:48,822] {scheduler_job.py:629} INFO - Processing file /home/prathamesh/PycharmProjects/airflow-basic/venv/lib/python3.8/site-packages/airflow/example_dags/subdags/subdag.py for tasks to queue
[2021-03-31 01:53:48,823] {logging_mixin.py:104} INFO - [2021-03-31 01:53:48,823] {dagbag.py:448} INFO - Filling up the DagBag from /home/prathamesh/PycharmProjects/airflow-basic/venv/lib/python3.8/site-packages/airflow/example_dags/subdags/subdag.py
[2021-03-31 01:53:48,852] {scheduler_job.py:641} WARNING - No viable dags retrieved from /home/prathamesh/PycharmProjects/airflow-basic/venv/lib/python3.8/site-packages/airflow/example_dags/subdags/subdag.py
[2021-03-31 01:53:48,980] {scheduler_job.py:190} INFO - Processing /home/prathamesh/PycharmProjects/airflow-basic/venv/lib/python3.8/site-packages/airflow/example_dags/subdags/subdag.py took 0.193 seconds
[2021-03-31 01:54:27,510] {scheduler_job.py:182} INFO - Started process (PID=12894) to work on /home/prathamesh/PycharmProjects/airflow-basic/venv/lib/python3.8/site-packages/airflow/example_dags/subdags/subdag.py
[2021-03-31 01:54:27,511] {scheduler_job.py:629} INFO - Processing file /home/prathamesh/PycharmProjects/airflow-basic/venv/lib/python3.8/site-packages/airflow/example_dags/subdags/subdag.py for tasks to queue
[2021-03-31 01:54:27,512] {logging_mixin.py:104} INFO - [2021-03-31 01:54:27,512] {dagbag.py:448} INFO - Filling up the DagBag from /home/prathamesh/PycharmProjects/airflow-basic/venv/lib/python3.8/site-packages/airflow/example_dags/subdags/subdag.py
[2021-03-31 01:54:27,529] {scheduler_job.py:641} WARNING - No viable dags retrieved from /home/prathamesh/PycharmProjects/airflow-basic/venv/lib/python3.8/site-packages/airflow/example_dags/subdags/subdag.py
[2021-03-31 01:54:27,544] {scheduler_job.py:190} INFO - Processing /home/prathamesh/PycharmProjects/airflow-basic/venv/lib/python3.8/site-packages/airflow/example_dags/subdags/subdag.py took 0.041 seconds
[2021-03-31 01:55:13,119] {scheduler_job.py:182} INFO - Started process (PID=12937) to work on /home/prathamesh/PycharmProjects/airflow-basic/venv/lib/python3.8/site-packages/airflow/example_dags/subdags/subdag.py
[2021-03-31 01:55:13,120] {scheduler_job.py:629} INFO - Processing file /home/prathamesh/PycharmProjects/airflow-basic/venv/lib/python3.8/site-packages/airflow/example_dags/subdags/subdag.py for tasks to queue
[2021-03-31 01:55:13,120] {logging_mixin.py:104} INFO - [2021-03-31 01:55:13,120] {dagbag.py:448} INFO - Filling up the DagBag from /home/prathamesh/PycharmProjects/airflow-basic/venv/lib/python3.8/site-packages/airflow/example_dags/subdags/subdag.py
[2021-03-31 01:55:13,123] {scheduler_job.py:641} WARNING - No viable dags retrieved from /home/prathamesh/PycharmProjects/airflow-basic/venv/lib/python3.8/site-packages/airflow/example_dags/subdags/subdag.py
[2021-03-31 01:55:13,131] {scheduler_job.py:190} INFO - Processing /home/prathamesh/PycharmProjects/airflow-basic/venv/lib/python3.8/site-packages/airflow/example_dags/subdags/subdag.py took 0.015 seconds
[2021-03-31 01:55:59,964] {scheduler_job.py:182} INFO - Started process (PID=13029) to work on /home/prathamesh/PycharmProjects/airflow-basic/venv/lib/python3.8/site-packages/airflow/example_dags/subdags/subdag.py
[2021-03-31 01:55:59,981] {scheduler_job.py:629} INFO - Processing file /home/prathamesh/PycharmProjects/airflow-basic/venv/lib/python3.8/site-packages/airflow/example_dags/subdags/subdag.py for tasks to queue
[2021-03-31 01:55:59,982] {logging_mixin.py:104} INFO - [2021-03-31 01:55:59,982] {dagbag.py:448} INFO - Filling up the DagBag from /home/prathamesh/PycharmProjects/airflow-basic/venv/lib/python3.8/site-packages/airflow/example_dags/subdags/subdag.py
[2021-03-31 01:55:59,985] {scheduler_job.py:641} WARNING - No viable dags retrieved from /home/prathamesh/PycharmProjects/airflow-basic/venv/lib/python3.8/site-packages/airflow/example_dags/subdags/subdag.py
[2021-03-31 01:56:00,005] {scheduler_job.py:190} INFO - Processing /home/prathamesh/PycharmProjects/airflow-basic/venv/lib/python3.8/site-packages/airflow/example_dags/subdags/subdag.py took 0.044 seconds
[2021-03-31 01:56:30,960] {scheduler_job.py:182} INFO - Started process (PID=13054) to work on /home/prathamesh/PycharmProjects/airflow-basic/venv/lib/python3.8/site-packages/airflow/example_dags/subdags/subdag.py
[2021-03-31 01:56:30,964] {scheduler_job.py:629} INFO - Processing file /home/prathamesh/PycharmProjects/airflow-basic/venv/lib/python3.8/site-packages/airflow/example_dags/subdags/subdag.py for tasks to queue
[2021-03-31 01:56:30,965] {logging_mixin.py:104} INFO - [2021-03-31 01:56:30,964] {dagbag.py:448} INFO - Filling up the DagBag from /home/prathamesh/PycharmProjects/airflow-basic/venv/lib/python3.8/site-packages/airflow/example_dags/subdags/subdag.py
[2021-03-31 01:56:30,999] {scheduler_job.py:641} WARNING - No viable dags retrieved from /home/prathamesh/PycharmProjects/airflow-basic/venv/lib/python3.8/site-packages/airflow/example_dags/subdags/subdag.py
[2021-03-31 01:56:31,022] {scheduler_job.py:190} INFO - Processing /home/prathamesh/PycharmProjects/airflow-basic/venv/lib/python3.8/site-packages/airflow/example_dags/subdags/subdag.py took 0.094 seconds
[2021-03-31 01:57:05,660] {scheduler_job.py:182} INFO - Started process (PID=13087) to work on /home/prathamesh/PycharmProjects/airflow-basic/venv/lib/python3.8/site-packages/airflow/example_dags/subdags/subdag.py
[2021-03-31 01:57:05,662] {scheduler_job.py:629} INFO - Processing file /home/prathamesh/PycharmProjects/airflow-basic/venv/lib/python3.8/site-packages/airflow/example_dags/subdags/subdag.py for tasks to queue
[2021-03-31 01:57:05,664] {logging_mixin.py:104} INFO - [2021-03-31 01:57:05,664] {dagbag.py:448} INFO - Filling up the DagBag from /home/prathamesh/PycharmProjects/airflow-basic/venv/lib/python3.8/site-packages/airflow/example_dags/subdags/subdag.py
[2021-03-31 01:57:05,698] {scheduler_job.py:641} WARNING - No viable dags retrieved from /home/prathamesh/PycharmProjects/airflow-basic/venv/lib/python3.8/site-packages/airflow/example_dags/subdags/subdag.py
[2021-03-31 01:57:05,726] {scheduler_job.py:190} INFO - Processing /home/prathamesh/PycharmProjects/airflow-basic/venv/lib/python3.8/site-packages/airflow/example_dags/subdags/subdag.py took 0.085 seconds
[2021-03-31 01:57:45,701] {scheduler_job.py:182} INFO - Started process (PID=13133) to work on /home/prathamesh/PycharmProjects/airflow-basic/venv/lib/python3.8/site-packages/airflow/example_dags/subdags/subdag.py
[2021-03-31 01:57:45,708] {scheduler_job.py:629} INFO - Processing file /home/prathamesh/PycharmProjects/airflow-basic/venv/lib/python3.8/site-packages/airflow/example_dags/subdags/subdag.py for tasks to queue
[2021-03-31 01:57:45,709] {logging_mixin.py:104} INFO - [2021-03-31 01:57:45,709] {dagbag.py:448} INFO - Filling up the DagBag from /home/prathamesh/PycharmProjects/airflow-basic/venv/lib/python3.8/site-packages/airflow/example_dags/subdags/subdag.py
[2021-03-31 01:57:45,727] {scheduler_job.py:641} WARNING - No viable dags retrieved from /home/prathamesh/PycharmProjects/airflow-basic/venv/lib/python3.8/site-packages/airflow/example_dags/subdags/subdag.py
[2021-03-31 01:57:45,772] {scheduler_job.py:190} INFO - Processing /home/prathamesh/PycharmProjects/airflow-basic/venv/lib/python3.8/site-packages/airflow/example_dags/subdags/subdag.py took 0.089 seconds
[2021-03-31 02:52:15,386] {scheduler_job.py:182} INFO - Started process (PID=13924) to work on /home/prathamesh/PycharmProjects/airflow-basic/venv/lib/python3.8/site-packages/airflow/example_dags/subdags/subdag.py
[2021-03-31 02:52:15,387] {scheduler_job.py:629} INFO - Processing file /home/prathamesh/PycharmProjects/airflow-basic/venv/lib/python3.8/site-packages/airflow/example_dags/subdags/subdag.py for tasks to queue
[2021-03-31 02:52:15,387] {logging_mixin.py:104} INFO - [2021-03-31 02:52:15,387] {dagbag.py:448} INFO - Filling up the DagBag from /home/prathamesh/PycharmProjects/airflow-basic/venv/lib/python3.8/site-packages/airflow/example_dags/subdags/subdag.py
[2021-03-31 02:52:15,389] {scheduler_job.py:641} WARNING - No viable dags retrieved from /home/prathamesh/PycharmProjects/airflow-basic/venv/lib/python3.8/site-packages/airflow/example_dags/subdags/subdag.py
[2021-03-31 02:52:15,394] {scheduler_job.py:190} INFO - Processing /home/prathamesh/PycharmProjects/airflow-basic/venv/lib/python3.8/site-packages/airflow/example_dags/subdags/subdag.py took 0.011 seconds
[2021-03-31 02:52:50,668] {scheduler_job.py:182} INFO - Started process (PID=14054) to work on /home/prathamesh/PycharmProjects/airflow-basic/venv/lib/python3.8/site-packages/airflow/example_dags/subdags/subdag.py
[2021-03-31 02:52:50,669] {scheduler_job.py:629} INFO - Processing file /home/prathamesh/PycharmProjects/airflow-basic/venv/lib/python3.8/site-packages/airflow/example_dags/subdags/subdag.py for tasks to queue
[2021-03-31 02:52:50,669] {logging_mixin.py:104} INFO - [2021-03-31 02:52:50,669] {dagbag.py:448} INFO - Filling up the DagBag from /home/prathamesh/PycharmProjects/airflow-basic/venv/lib/python3.8/site-packages/airflow/example_dags/subdags/subdag.py
[2021-03-31 02:52:50,671] {scheduler_job.py:641} WARNING - No viable dags retrieved from /home/prathamesh/PycharmProjects/airflow-basic/venv/lib/python3.8/site-packages/airflow/example_dags/subdags/subdag.py
[2021-03-31 02:52:50,677] {scheduler_job.py:190} INFO - Processing /home/prathamesh/PycharmProjects/airflow-basic/venv/lib/python3.8/site-packages/airflow/example_dags/subdags/subdag.py took 0.012 seconds
[2021-03-31 02:53:33,109] {scheduler_job.py:182} INFO - Started process (PID=14188) to work on /home/prathamesh/PycharmProjects/airflow-basic/venv/lib/python3.8/site-packages/airflow/example_dags/subdags/subdag.py
[2021-03-31 02:53:33,110] {scheduler_job.py:629} INFO - Processing file /home/prathamesh/PycharmProjects/airflow-basic/venv/lib/python3.8/site-packages/airflow/example_dags/subdags/subdag.py for tasks to queue
[2021-03-31 02:53:33,110] {logging_mixin.py:104} INFO - [2021-03-31 02:53:33,110] {dagbag.py:448} INFO - Filling up the DagBag from /home/prathamesh/PycharmProjects/airflow-basic/venv/lib/python3.8/site-packages/airflow/example_dags/subdags/subdag.py
[2021-03-31 02:53:33,115] {scheduler_job.py:641} WARNING - No viable dags retrieved from /home/prathamesh/PycharmProjects/airflow-basic/venv/lib/python3.8/site-packages/airflow/example_dags/subdags/subdag.py
[2021-03-31 02:53:33,121] {scheduler_job.py:190} INFO - Processing /home/prathamesh/PycharmProjects/airflow-basic/venv/lib/python3.8/site-packages/airflow/example_dags/subdags/subdag.py took 0.015 seconds
[2021-03-31 02:54:12,413] {scheduler_job.py:182} INFO - Started process (PID=14332) to work on /home/prathamesh/PycharmProjects/airflow-basic/venv/lib/python3.8/site-packages/airflow/example_dags/subdags/subdag.py
[2021-03-31 02:54:12,414] {scheduler_job.py:629} INFO - Processing file /home/prathamesh/PycharmProjects/airflow-basic/venv/lib/python3.8/site-packages/airflow/example_dags/subdags/subdag.py for tasks to queue
[2021-03-31 02:54:12,414] {logging_mixin.py:104} INFO - [2021-03-31 02:54:12,414] {dagbag.py:448} INFO - Filling up the DagBag from /home/prathamesh/PycharmProjects/airflow-basic/venv/lib/python3.8/site-packages/airflow/example_dags/subdags/subdag.py
[2021-03-31 02:54:12,416] {scheduler_job.py:641} WARNING - No viable dags retrieved from /home/prathamesh/PycharmProjects/airflow-basic/venv/lib/python3.8/site-packages/airflow/example_dags/subdags/subdag.py
[2021-03-31 02:54:12,423] {scheduler_job.py:190} INFO - Processing /home/prathamesh/PycharmProjects/airflow-basic/venv/lib/python3.8/site-packages/airflow/example_dags/subdags/subdag.py took 0.012 seconds
[2021-03-31 02:54:49,448] {scheduler_job.py:182} INFO - Started process (PID=14465) to work on /home/prathamesh/PycharmProjects/airflow-basic/venv/lib/python3.8/site-packages/airflow/example_dags/subdags/subdag.py
[2021-03-31 02:54:49,450] {scheduler_job.py:629} INFO - Processing file /home/prathamesh/PycharmProjects/airflow-basic/venv/lib/python3.8/site-packages/airflow/example_dags/subdags/subdag.py for tasks to queue
[2021-03-31 02:54:49,450] {logging_mixin.py:104} INFO - [2021-03-31 02:54:49,450] {dagbag.py:448} INFO - Filling up the DagBag from /home/prathamesh/PycharmProjects/airflow-basic/venv/lib/python3.8/site-packages/airflow/example_dags/subdags/subdag.py
[2021-03-31 02:54:49,452] {scheduler_job.py:641} WARNING - No viable dags retrieved from /home/prathamesh/PycharmProjects/airflow-basic/venv/lib/python3.8/site-packages/airflow/example_dags/subdags/subdag.py
[2021-03-31 02:54:49,458] {scheduler_job.py:190} INFO - Processing /home/prathamesh/PycharmProjects/airflow-basic/venv/lib/python3.8/site-packages/airflow/example_dags/subdags/subdag.py took 0.012 seconds
[2021-03-31 02:55:29,576] {scheduler_job.py:182} INFO - Started process (PID=14600) to work on /home/prathamesh/PycharmProjects/airflow-basic/venv/lib/python3.8/site-packages/airflow/example_dags/subdags/subdag.py
[2021-03-31 02:55:29,578] {scheduler_job.py:629} INFO - Processing file /home/prathamesh/PycharmProjects/airflow-basic/venv/lib/python3.8/site-packages/airflow/example_dags/subdags/subdag.py for tasks to queue
[2021-03-31 02:55:29,578] {logging_mixin.py:104} INFO - [2021-03-31 02:55:29,578] {dagbag.py:448} INFO - Filling up the DagBag from /home/prathamesh/PycharmProjects/airflow-basic/venv/lib/python3.8/site-packages/airflow/example_dags/subdags/subdag.py
[2021-03-31 02:55:29,580] {scheduler_job.py:641} WARNING - No viable dags retrieved from /home/prathamesh/PycharmProjects/airflow-basic/venv/lib/python3.8/site-packages/airflow/example_dags/subdags/subdag.py
[2021-03-31 02:55:29,585] {scheduler_job.py:190} INFO - Processing /home/prathamesh/PycharmProjects/airflow-basic/venv/lib/python3.8/site-packages/airflow/example_dags/subdags/subdag.py took 0.011 seconds
[2021-03-31 02:56:45,146] {scheduler_job.py:182} INFO - Started process (PID=14772) to work on /home/prathamesh/PycharmProjects/airflow-basic/venv/lib/python3.8/site-packages/airflow/example_dags/subdags/subdag.py
[2021-03-31 02:56:45,152] {scheduler_job.py:629} INFO - Processing file /home/prathamesh/PycharmProjects/airflow-basic/venv/lib/python3.8/site-packages/airflow/example_dags/subdags/subdag.py for tasks to queue
[2021-03-31 02:56:45,154] {logging_mixin.py:104} INFO - [2021-03-31 02:56:45,154] {dagbag.py:448} INFO - Filling up the DagBag from /home/prathamesh/PycharmProjects/airflow-basic/venv/lib/python3.8/site-packages/airflow/example_dags/subdags/subdag.py
[2021-03-31 02:56:45,158] {scheduler_job.py:641} WARNING - No viable dags retrieved from /home/prathamesh/PycharmProjects/airflow-basic/venv/lib/python3.8/site-packages/airflow/example_dags/subdags/subdag.py
[2021-03-31 02:56:45,171] {scheduler_job.py:190} INFO - Processing /home/prathamesh/PycharmProjects/airflow-basic/venv/lib/python3.8/site-packages/airflow/example_dags/subdags/subdag.py took 0.029 seconds
[2021-03-31 02:57:21,383] {scheduler_job.py:182} INFO - Started process (PID=14907) to work on /home/prathamesh/PycharmProjects/airflow-basic/venv/lib/python3.8/site-packages/airflow/example_dags/subdags/subdag.py
[2021-03-31 02:57:21,385] {scheduler_job.py:629} INFO - Processing file /home/prathamesh/PycharmProjects/airflow-basic/venv/lib/python3.8/site-packages/airflow/example_dags/subdags/subdag.py for tasks to queue
[2021-03-31 02:57:21,385] {logging_mixin.py:104} INFO - [2021-03-31 02:57:21,385] {dagbag.py:448} INFO - Filling up the DagBag from /home/prathamesh/PycharmProjects/airflow-basic/venv/lib/python3.8/site-packages/airflow/example_dags/subdags/subdag.py
[2021-03-31 02:57:21,387] {scheduler_job.py:641} WARNING - No viable dags retrieved from /home/prathamesh/PycharmProjects/airflow-basic/venv/lib/python3.8/site-packages/airflow/example_dags/subdags/subdag.py
[2021-03-31 02:57:21,396] {scheduler_job.py:190} INFO - Processing /home/prathamesh/PycharmProjects/airflow-basic/venv/lib/python3.8/site-packages/airflow/example_dags/subdags/subdag.py took 0.015 seconds
[2021-03-31 02:58:01,924] {scheduler_job.py:182} INFO - Started process (PID=15047) to work on /home/prathamesh/PycharmProjects/airflow-basic/venv/lib/python3.8/site-packages/airflow/example_dags/subdags/subdag.py
[2021-03-31 02:58:01,925] {scheduler_job.py:629} INFO - Processing file /home/prathamesh/PycharmProjects/airflow-basic/venv/lib/python3.8/site-packages/airflow/example_dags/subdags/subdag.py for tasks to queue
[2021-03-31 02:58:01,926] {logging_mixin.py:104} INFO - [2021-03-31 02:58:01,926] {dagbag.py:448} INFO - Filling up the DagBag from /home/prathamesh/PycharmProjects/airflow-basic/venv/lib/python3.8/site-packages/airflow/example_dags/subdags/subdag.py
[2021-03-31 02:58:01,928] {scheduler_job.py:641} WARNING - No viable dags retrieved from /home/prathamesh/PycharmProjects/airflow-basic/venv/lib/python3.8/site-packages/airflow/example_dags/subdags/subdag.py
[2021-03-31 02:58:01,935] {scheduler_job.py:190} INFO - Processing /home/prathamesh/PycharmProjects/airflow-basic/venv/lib/python3.8/site-packages/airflow/example_dags/subdags/subdag.py took 0.014 seconds
[2021-03-31 02:58:42,104] {scheduler_job.py:182} INFO - Started process (PID=15178) to work on /home/prathamesh/PycharmProjects/airflow-basic/venv/lib/python3.8/site-packages/airflow/example_dags/subdags/subdag.py
[2021-03-31 02:58:42,105] {scheduler_job.py:629} INFO - Processing file /home/prathamesh/PycharmProjects/airflow-basic/venv/lib/python3.8/site-packages/airflow/example_dags/subdags/subdag.py for tasks to queue
[2021-03-31 02:58:42,105] {logging_mixin.py:104} INFO - [2021-03-31 02:58:42,105] {dagbag.py:448} INFO - Filling up the DagBag from /home/prathamesh/PycharmProjects/airflow-basic/venv/lib/python3.8/site-packages/airflow/example_dags/subdags/subdag.py
[2021-03-31 02:58:42,107] {scheduler_job.py:641} WARNING - No viable dags retrieved from /home/prathamesh/PycharmProjects/airflow-basic/venv/lib/python3.8/site-packages/airflow/example_dags/subdags/subdag.py
[2021-03-31 02:58:42,126] {scheduler_job.py:190} INFO - Processing /home/prathamesh/PycharmProjects/airflow-basic/venv/lib/python3.8/site-packages/airflow/example_dags/subdags/subdag.py took 0.024 seconds
[2021-03-31 02:59:20,795] {scheduler_job.py:182} INFO - Started process (PID=15309) to work on /home/prathamesh/PycharmProjects/airflow-basic/venv/lib/python3.8/site-packages/airflow/example_dags/subdags/subdag.py
[2021-03-31 02:59:20,796] {scheduler_job.py:629} INFO - Processing file /home/prathamesh/PycharmProjects/airflow-basic/venv/lib/python3.8/site-packages/airflow/example_dags/subdags/subdag.py for tasks to queue
[2021-03-31 02:59:20,797] {logging_mixin.py:104} INFO - [2021-03-31 02:59:20,797] {dagbag.py:448} INFO - Filling up the DagBag from /home/prathamesh/PycharmProjects/airflow-basic/venv/lib/python3.8/site-packages/airflow/example_dags/subdags/subdag.py
[2021-03-31 02:59:20,801] {scheduler_job.py:641} WARNING - No viable dags retrieved from /home/prathamesh/PycharmProjects/airflow-basic/venv/lib/python3.8/site-packages/airflow/example_dags/subdags/subdag.py
[2021-03-31 02:59:20,807] {scheduler_job.py:190} INFO - Processing /home/prathamesh/PycharmProjects/airflow-basic/venv/lib/python3.8/site-packages/airflow/example_dags/subdags/subdag.py took 0.015 seconds
[2021-03-31 03:01:03,421] {scheduler_job.py:182} INFO - Started process (PID=16101) to work on /home/prathamesh/PycharmProjects/airflow-basic/venv/lib/python3.8/site-packages/airflow/example_dags/subdags/subdag.py
[2021-03-31 03:01:03,422] {scheduler_job.py:629} INFO - Processing file /home/prathamesh/PycharmProjects/airflow-basic/venv/lib/python3.8/site-packages/airflow/example_dags/subdags/subdag.py for tasks to queue
[2021-03-31 03:01:03,422] {logging_mixin.py:104} INFO - [2021-03-31 03:01:03,422] {dagbag.py:448} INFO - Filling up the DagBag from /home/prathamesh/PycharmProjects/airflow-basic/venv/lib/python3.8/site-packages/airflow/example_dags/subdags/subdag.py
[2021-03-31 03:01:03,425] {scheduler_job.py:641} WARNING - No viable dags retrieved from /home/prathamesh/PycharmProjects/airflow-basic/venv/lib/python3.8/site-packages/airflow/example_dags/subdags/subdag.py
[2021-03-31 03:01:03,430] {scheduler_job.py:190} INFO - Processing /home/prathamesh/PycharmProjects/airflow-basic/venv/lib/python3.8/site-packages/airflow/example_dags/subdags/subdag.py took 0.013 seconds
[2021-03-31 03:01:41,553] {scheduler_job.py:182} INFO - Started process (PID=16232) to work on /home/prathamesh/PycharmProjects/airflow-basic/venv/lib/python3.8/site-packages/airflow/example_dags/subdags/subdag.py
[2021-03-31 03:01:41,554] {scheduler_job.py:629} INFO - Processing file /home/prathamesh/PycharmProjects/airflow-basic/venv/lib/python3.8/site-packages/airflow/example_dags/subdags/subdag.py for tasks to queue
[2021-03-31 03:01:41,555] {logging_mixin.py:104} INFO - [2021-03-31 03:01:41,555] {dagbag.py:448} INFO - Filling up the DagBag from /home/prathamesh/PycharmProjects/airflow-basic/venv/lib/python3.8/site-packages/airflow/example_dags/subdags/subdag.py
[2021-03-31 03:01:41,556] {scheduler_job.py:641} WARNING - No viable dags retrieved from /home/prathamesh/PycharmProjects/airflow-basic/venv/lib/python3.8/site-packages/airflow/example_dags/subdags/subdag.py
[2021-03-31 03:01:41,563] {scheduler_job.py:190} INFO - Processing /home/prathamesh/PycharmProjects/airflow-basic/venv/lib/python3.8/site-packages/airflow/example_dags/subdags/subdag.py took 0.013 seconds
[2021-03-31 03:02:19,859] {scheduler_job.py:182} INFO - Started process (PID=16366) to work on /home/prathamesh/PycharmProjects/airflow-basic/venv/lib/python3.8/site-packages/airflow/example_dags/subdags/subdag.py
[2021-03-31 03:02:19,860] {scheduler_job.py:629} INFO - Processing file /home/prathamesh/PycharmProjects/airflow-basic/venv/lib/python3.8/site-packages/airflow/example_dags/subdags/subdag.py for tasks to queue
[2021-03-31 03:02:19,861] {logging_mixin.py:104} INFO - [2021-03-31 03:02:19,861] {dagbag.py:448} INFO - Filling up the DagBag from /home/prathamesh/PycharmProjects/airflow-basic/venv/lib/python3.8/site-packages/airflow/example_dags/subdags/subdag.py
[2021-03-31 03:02:19,862] {scheduler_job.py:641} WARNING - No viable dags retrieved from /home/prathamesh/PycharmProjects/airflow-basic/venv/lib/python3.8/site-packages/airflow/example_dags/subdags/subdag.py
[2021-03-31 03:02:19,873] {scheduler_job.py:190} INFO - Processing /home/prathamesh/PycharmProjects/airflow-basic/venv/lib/python3.8/site-packages/airflow/example_dags/subdags/subdag.py took 0.016 seconds
[2021-03-31 03:02:57,626] {scheduler_job.py:182} INFO - Started process (PID=16498) to work on /home/prathamesh/PycharmProjects/airflow-basic/venv/lib/python3.8/site-packages/airflow/example_dags/subdags/subdag.py
[2021-03-31 03:02:57,628] {scheduler_job.py:629} INFO - Processing file /home/prathamesh/PycharmProjects/airflow-basic/venv/lib/python3.8/site-packages/airflow/example_dags/subdags/subdag.py for tasks to queue
[2021-03-31 03:02:57,628] {logging_mixin.py:104} INFO - [2021-03-31 03:02:57,628] {dagbag.py:448} INFO - Filling up the DagBag from /home/prathamesh/PycharmProjects/airflow-basic/venv/lib/python3.8/site-packages/airflow/example_dags/subdags/subdag.py
[2021-03-31 03:02:57,630] {scheduler_job.py:641} WARNING - No viable dags retrieved from /home/prathamesh/PycharmProjects/airflow-basic/venv/lib/python3.8/site-packages/airflow/example_dags/subdags/subdag.py
[2021-03-31 03:02:57,635] {scheduler_job.py:190} INFO - Processing /home/prathamesh/PycharmProjects/airflow-basic/venv/lib/python3.8/site-packages/airflow/example_dags/subdags/subdag.py took 0.011 seconds
[2021-03-31 03:03:41,461] {scheduler_job.py:182} INFO - Started process (PID=16632) to work on /home/prathamesh/PycharmProjects/airflow-basic/venv/lib/python3.8/site-packages/airflow/example_dags/subdags/subdag.py
[2021-03-31 03:03:41,461] {scheduler_job.py:629} INFO - Processing file /home/prathamesh/PycharmProjects/airflow-basic/venv/lib/python3.8/site-packages/airflow/example_dags/subdags/subdag.py for tasks to queue
[2021-03-31 03:03:41,462] {logging_mixin.py:104} INFO - [2021-03-31 03:03:41,462] {dagbag.py:448} INFO - Filling up the DagBag from /home/prathamesh/PycharmProjects/airflow-basic/venv/lib/python3.8/site-packages/airflow/example_dags/subdags/subdag.py
[2021-03-31 03:03:41,464] {scheduler_job.py:641} WARNING - No viable dags retrieved from /home/prathamesh/PycharmProjects/airflow-basic/venv/lib/python3.8/site-packages/airflow/example_dags/subdags/subdag.py
[2021-03-31 03:03:41,469] {scheduler_job.py:190} INFO - Processing /home/prathamesh/PycharmProjects/airflow-basic/venv/lib/python3.8/site-packages/airflow/example_dags/subdags/subdag.py took 0.011 seconds
[2021-03-31 03:04:17,066] {scheduler_job.py:182} INFO - Started process (PID=16761) to work on /home/prathamesh/PycharmProjects/airflow-basic/venv/lib/python3.8/site-packages/airflow/example_dags/subdags/subdag.py
[2021-03-31 03:04:17,069] {scheduler_job.py:629} INFO - Processing file /home/prathamesh/PycharmProjects/airflow-basic/venv/lib/python3.8/site-packages/airflow/example_dags/subdags/subdag.py for tasks to queue
[2021-03-31 03:04:17,070] {logging_mixin.py:104} INFO - [2021-03-31 03:04:17,069] {dagbag.py:448} INFO - Filling up the DagBag from /home/prathamesh/PycharmProjects/airflow-basic/venv/lib/python3.8/site-packages/airflow/example_dags/subdags/subdag.py
[2021-03-31 03:04:17,072] {scheduler_job.py:641} WARNING - No viable dags retrieved from /home/prathamesh/PycharmProjects/airflow-basic/venv/lib/python3.8/site-packages/airflow/example_dags/subdags/subdag.py
[2021-03-31 03:04:17,080] {scheduler_job.py:190} INFO - Processing /home/prathamesh/PycharmProjects/airflow-basic/venv/lib/python3.8/site-packages/airflow/example_dags/subdags/subdag.py took 0.018 seconds
[2021-03-31 03:04:56,255] {scheduler_job.py:182} INFO - Started process (PID=16893) to work on /home/prathamesh/PycharmProjects/airflow-basic/venv/lib/python3.8/site-packages/airflow/example_dags/subdags/subdag.py
[2021-03-31 03:04:56,257] {scheduler_job.py:629} INFO - Processing file /home/prathamesh/PycharmProjects/airflow-basic/venv/lib/python3.8/site-packages/airflow/example_dags/subdags/subdag.py for tasks to queue
[2021-03-31 03:04:56,257] {logging_mixin.py:104} INFO - [2021-03-31 03:04:56,257] {dagbag.py:448} INFO - Filling up the DagBag from /home/prathamesh/PycharmProjects/airflow-basic/venv/lib/python3.8/site-packages/airflow/example_dags/subdags/subdag.py
[2021-03-31 03:04:56,260] {scheduler_job.py:641} WARNING - No viable dags retrieved from /home/prathamesh/PycharmProjects/airflow-basic/venv/lib/python3.8/site-packages/airflow/example_dags/subdags/subdag.py
[2021-03-31 03:04:56,269] {scheduler_job.py:190} INFO - Processing /home/prathamesh/PycharmProjects/airflow-basic/venv/lib/python3.8/site-packages/airflow/example_dags/subdags/subdag.py took 0.019 seconds
[2021-03-31 03:05:31,497] {scheduler_job.py:182} INFO - Started process (PID=17023) to work on /home/prathamesh/PycharmProjects/airflow-basic/venv/lib/python3.8/site-packages/airflow/example_dags/subdags/subdag.py
[2021-03-31 03:05:31,499] {scheduler_job.py:629} INFO - Processing file /home/prathamesh/PycharmProjects/airflow-basic/venv/lib/python3.8/site-packages/airflow/example_dags/subdags/subdag.py for tasks to queue
[2021-03-31 03:05:31,499] {logging_mixin.py:104} INFO - [2021-03-31 03:05:31,499] {dagbag.py:448} INFO - Filling up the DagBag from /home/prathamesh/PycharmProjects/airflow-basic/venv/lib/python3.8/site-packages/airflow/example_dags/subdags/subdag.py
[2021-03-31 03:05:31,502] {scheduler_job.py:641} WARNING - No viable dags retrieved from /home/prathamesh/PycharmProjects/airflow-basic/venv/lib/python3.8/site-packages/airflow/example_dags/subdags/subdag.py
[2021-03-31 03:05:31,507] {scheduler_job.py:190} INFO - Processing /home/prathamesh/PycharmProjects/airflow-basic/venv/lib/python3.8/site-packages/airflow/example_dags/subdags/subdag.py took 0.012 seconds
[2021-03-31 03:06:09,889] {scheduler_job.py:182} INFO - Started process (PID=17160) to work on /home/prathamesh/PycharmProjects/airflow-basic/venv/lib/python3.8/site-packages/airflow/example_dags/subdags/subdag.py
[2021-03-31 03:06:09,890] {scheduler_job.py:629} INFO - Processing file /home/prathamesh/PycharmProjects/airflow-basic/venv/lib/python3.8/site-packages/airflow/example_dags/subdags/subdag.py for tasks to queue
[2021-03-31 03:06:09,890] {logging_mixin.py:104} INFO - [2021-03-31 03:06:09,890] {dagbag.py:448} INFO - Filling up the DagBag from /home/prathamesh/PycharmProjects/airflow-basic/venv/lib/python3.8/site-packages/airflow/example_dags/subdags/subdag.py
[2021-03-31 03:06:09,893] {scheduler_job.py:641} WARNING - No viable dags retrieved from /home/prathamesh/PycharmProjects/airflow-basic/venv/lib/python3.8/site-packages/airflow/example_dags/subdags/subdag.py
[2021-03-31 03:06:09,900] {scheduler_job.py:190} INFO - Processing /home/prathamesh/PycharmProjects/airflow-basic/venv/lib/python3.8/site-packages/airflow/example_dags/subdags/subdag.py took 0.015 seconds
[2021-03-31 03:06:47,950] {scheduler_job.py:182} INFO - Started process (PID=17291) to work on /home/prathamesh/PycharmProjects/airflow-basic/venv/lib/python3.8/site-packages/airflow/example_dags/subdags/subdag.py
[2021-03-31 03:06:47,950] {scheduler_job.py:629} INFO - Processing file /home/prathamesh/PycharmProjects/airflow-basic/venv/lib/python3.8/site-packages/airflow/example_dags/subdags/subdag.py for tasks to queue
[2021-03-31 03:06:47,951] {logging_mixin.py:104} INFO - [2021-03-31 03:06:47,951] {dagbag.py:448} INFO - Filling up the DagBag from /home/prathamesh/PycharmProjects/airflow-basic/venv/lib/python3.8/site-packages/airflow/example_dags/subdags/subdag.py
[2021-03-31 03:06:47,953] {scheduler_job.py:641} WARNING - No viable dags retrieved from /home/prathamesh/PycharmProjects/airflow-basic/venv/lib/python3.8/site-packages/airflow/example_dags/subdags/subdag.py
[2021-03-31 03:06:47,962] {scheduler_job.py:190} INFO - Processing /home/prathamesh/PycharmProjects/airflow-basic/venv/lib/python3.8/site-packages/airflow/example_dags/subdags/subdag.py took 0.015 seconds
[2021-03-31 03:07:26,734] {scheduler_job.py:182} INFO - Started process (PID=17426) to work on /home/prathamesh/PycharmProjects/airflow-basic/venv/lib/python3.8/site-packages/airflow/example_dags/subdags/subdag.py
[2021-03-31 03:07:26,736] {scheduler_job.py:629} INFO - Processing file /home/prathamesh/PycharmProjects/airflow-basic/venv/lib/python3.8/site-packages/airflow/example_dags/subdags/subdag.py for tasks to queue
[2021-03-31 03:07:26,737] {logging_mixin.py:104} INFO - [2021-03-31 03:07:26,737] {dagbag.py:448} INFO - Filling up the DagBag from /home/prathamesh/PycharmProjects/airflow-basic/venv/lib/python3.8/site-packages/airflow/example_dags/subdags/subdag.py
[2021-03-31 03:07:26,746] {scheduler_job.py:641} WARNING - No viable dags retrieved from /home/prathamesh/PycharmProjects/airflow-basic/venv/lib/python3.8/site-packages/airflow/example_dags/subdags/subdag.py
[2021-03-31 03:07:26,756] {scheduler_job.py:190} INFO - Processing /home/prathamesh/PycharmProjects/airflow-basic/venv/lib/python3.8/site-packages/airflow/example_dags/subdags/subdag.py took 0.024 seconds
[2021-03-31 03:08:05,911] {scheduler_job.py:182} INFO - Started process (PID=17571) to work on /home/prathamesh/PycharmProjects/airflow-basic/venv/lib/python3.8/site-packages/airflow/example_dags/subdags/subdag.py
[2021-03-31 03:08:05,912] {scheduler_job.py:629} INFO - Processing file /home/prathamesh/PycharmProjects/airflow-basic/venv/lib/python3.8/site-packages/airflow/example_dags/subdags/subdag.py for tasks to queue
[2021-03-31 03:08:05,913] {logging_mixin.py:104} INFO - [2021-03-31 03:08:05,913] {dagbag.py:448} INFO - Filling up the DagBag from /home/prathamesh/PycharmProjects/airflow-basic/venv/lib/python3.8/site-packages/airflow/example_dags/subdags/subdag.py
[2021-03-31 03:08:05,915] {scheduler_job.py:641} WARNING - No viable dags retrieved from /home/prathamesh/PycharmProjects/airflow-basic/venv/lib/python3.8/site-packages/airflow/example_dags/subdags/subdag.py
[2021-03-31 03:08:05,924] {scheduler_job.py:190} INFO - Processing /home/prathamesh/PycharmProjects/airflow-basic/venv/lib/python3.8/site-packages/airflow/example_dags/subdags/subdag.py took 0.020 seconds
