[2021-04-04 22:00:34,015] {taskinstance.py:851} INFO - Dependencies all met for <TaskInstance: user_processing.creating_table 2021-04-05T01:57:21.562906+00:00 [queued]>
[2021-04-04 22:00:34,019] {taskinstance.py:851} INFO - Dependencies all met for <TaskInstance: user_processing.creating_table 2021-04-05T01:57:21.562906+00:00 [queued]>
[2021-04-04 22:00:34,019] {taskinstance.py:1042} INFO - 
--------------------------------------------------------------------------------
[2021-04-04 22:00:34,019] {taskinstance.py:1043} INFO - Starting attempt 1 of 1
[2021-04-04 22:00:34,019] {taskinstance.py:1044} INFO - 
--------------------------------------------------------------------------------
[2021-04-04 22:00:34,053] {taskinstance.py:1063} INFO - Executing <Task(SqliteOperator): creating_table> on 2021-04-05T01:57:21.562906+00:00
[2021-04-04 22:00:34,056] {standard_task_runner.py:52} INFO - Started process 7673 to run task
[2021-04-04 22:00:34,061] {standard_task_runner.py:76} INFO - Running: ['airflow', 'tasks', 'run', 'user_processing', 'creating_table', '2021-04-05T01:57:21.562906+00:00', '--job-id', '8', '--pool', 'default_pool', '--raw', '--subdir', 'DAGS_FOLDER/user_processing.py', '--cfg-path', '/tmp/tmpmfjbtrje', '--error-file', '/tmp/tmpni1850rf']
[2021-04-04 22:00:34,062] {standard_task_runner.py:77} INFO - Job 8: Subtask creating_table
[2021-04-04 22:00:34,089] {logging_mixin.py:104} INFO - Running <TaskInstance: user_processing.creating_table 2021-04-05T01:57:21.562906+00:00 [running]> on host prathamesh-VirtualBox
[2021-04-04 22:00:34,109] {taskinstance.py:1255} INFO - Exporting the following env vars:
AIRFLOW_CTX_DAG_OWNER=airflow
AIRFLOW_CTX_DAG_ID=user_processing
AIRFLOW_CTX_TASK_ID=creating_table
AIRFLOW_CTX_EXECUTION_DATE=2021-04-05T01:57:21.562906+00:00
AIRFLOW_CTX_DAG_RUN_ID=manual__2021-04-05T01:57:21.562906+00:00
[2021-04-04 22:00:34,109] {sqlite.py:63} INFO - Executing: 
            CREATE TABLE IF NOT EXISTS users (
                firstname TEXT NOT NULL,
                lastname TEXT NOT NULL,
                country TEXT NOT NULL,
                username TEXT NOT NULL,
                password TEXT NOT NULL,
                email TEXT NOT NULL PRIMARY KEY
            );
            
[2021-04-04 22:00:34,111] {base.py:65} INFO - Using connection to: id: db_sqlite. Host: /home/prathamesh/PycharmProjects/airflow-project/airflow.db, Port: None, Schema: , Login: , Password: None, extra: None
[2021-04-04 22:00:34,111] {dbapi.py:180} INFO - Running statement: 
            CREATE TABLE IF NOT EXISTS users (
                firstname TEXT NOT NULL,
                lastname TEXT NOT NULL,
                country TEXT NOT NULL,
                username TEXT NOT NULL,
                password TEXT NOT NULL,
                email TEXT NOT NULL PRIMARY KEY
            );
            , parameters: []
[2021-04-04 22:00:34,111] {dbapi.py:186} INFO - Rows affected: -1
[2021-04-04 22:00:34,113] {taskinstance.py:1159} INFO - Marking task as SUCCESS. dag_id=user_processing, task_id=creating_table, execution_date=20210405T015721, start_date=20210405T020034, end_date=20210405T020034
[2021-04-04 22:00:34,136] {taskinstance.py:1220} INFO - 1 downstream tasks scheduled from follow-on schedule check
[2021-04-04 22:00:34,170] {local_task_job.py:146} INFO - Task exited with return code 0
