[2021-04-04 22:31:54,426] {taskinstance.py:851} INFO - Dependencies all met for <TaskInstance: user_processing.creating_table 2021-04-05T02:27:23.398734+00:00 [queued]>
[2021-04-04 22:31:54,429] {taskinstance.py:851} INFO - Dependencies all met for <TaskInstance: user_processing.creating_table 2021-04-05T02:27:23.398734+00:00 [queued]>
[2021-04-04 22:31:54,429] {taskinstance.py:1042} INFO - 
--------------------------------------------------------------------------------
[2021-04-04 22:31:54,429] {taskinstance.py:1043} INFO - Starting attempt 1 of 1
[2021-04-04 22:31:54,429] {taskinstance.py:1044} INFO - 
--------------------------------------------------------------------------------
[2021-04-04 22:31:54,443] {taskinstance.py:1063} INFO - Executing <Task(SqliteOperator): creating_table> on 2021-04-05T02:27:23.398734+00:00
[2021-04-04 22:31:54,445] {standard_task_runner.py:52} INFO - Started process 3489 to run task
[2021-04-04 22:31:54,450] {standard_task_runner.py:76} INFO - Running: ['airflow', 'tasks', 'run', 'user_processing', 'creating_table', '2021-04-05T02:27:23.398734+00:00', '--job-id', '18', '--pool', 'default_pool', '--raw', '--subdir', 'DAGS_FOLDER/user_processing.py', '--cfg-path', '/tmp/tmpdyzk1gmx', '--error-file', '/tmp/tmp2dp90oeb']
[2021-04-04 22:31:54,451] {standard_task_runner.py:77} INFO - Job 18: Subtask creating_table
[2021-04-04 22:31:54,475] {logging_mixin.py:104} INFO - Running <TaskInstance: user_processing.creating_table 2021-04-05T02:27:23.398734+00:00 [running]> on host prathamesh-VirtualBox
[2021-04-04 22:31:54,494] {taskinstance.py:1255} INFO - Exporting the following env vars:
AIRFLOW_CTX_DAG_OWNER=airflow
AIRFLOW_CTX_DAG_ID=user_processing
AIRFLOW_CTX_TASK_ID=creating_table
AIRFLOW_CTX_EXECUTION_DATE=2021-04-05T02:27:23.398734+00:00
AIRFLOW_CTX_DAG_RUN_ID=manual__2021-04-05T02:27:23.398734+00:00
[2021-04-04 22:31:54,494] {sqlite.py:63} INFO - Executing: 
            CREATE TABLE IF NOT EXISTS users (
                firstname TEXT NOT NULL,
                lastname TEXT NOT NULL,
                country TEXT NOT NULL,
                username TEXT NOT NULL,
                password TEXT NOT NULL,
                email TEXT NOT NULL PRIMARY KEY
            );
            
[2021-04-04 22:31:54,496] {base.py:65} INFO - Using connection to: id: db_sqlite. Host: /home/prathamesh/PycharmProjects/airflow-project/airflow.db, Port: None, Schema: , Login: , Password: None, extra: None
[2021-04-04 22:31:54,496] {dbapi.py:180} INFO - Running statement: 
            CREATE TABLE IF NOT EXISTS users (
                firstname TEXT NOT NULL,
                lastname TEXT NOT NULL,
                country TEXT NOT NULL,
                username TEXT NOT NULL,
                password TEXT NOT NULL,
                email TEXT NOT NULL PRIMARY KEY
            );
            , parameters: []
[2021-04-04 22:31:54,505] {dbapi.py:186} INFO - Rows affected: -1
[2021-04-04 22:31:54,507] {taskinstance.py:1159} INFO - Marking task as SUCCESS. dag_id=user_processing, task_id=creating_table, execution_date=20210405T022723, start_date=20210405T023154, end_date=20210405T023154
[2021-04-04 22:31:54,528] {taskinstance.py:1220} INFO - 1 downstream tasks scheduled from follow-on schedule check
[2021-04-04 22:31:54,554] {local_task_job.py:146} INFO - Task exited with return code 0
