[2021-04-04 22:00:32,785] {taskinstance.py:851} INFO - Dependencies all met for <TaskInstance: user_processing.creating_table 2021-04-04T00:00:00+00:00 [queued]>
[2021-04-04 22:00:32,791] {taskinstance.py:851} INFO - Dependencies all met for <TaskInstance: user_processing.creating_table 2021-04-04T00:00:00+00:00 [queued]>
[2021-04-04 22:00:32,792] {taskinstance.py:1042} INFO - 
--------------------------------------------------------------------------------
[2021-04-04 22:00:32,792] {taskinstance.py:1043} INFO - Starting attempt 1 of 1
[2021-04-04 22:00:32,792] {taskinstance.py:1044} INFO - 
--------------------------------------------------------------------------------
[2021-04-04 22:00:32,803] {taskinstance.py:1063} INFO - Executing <Task(SqliteOperator): creating_table> on 2021-04-04T00:00:00+00:00
[2021-04-04 22:00:32,806] {standard_task_runner.py:52} INFO - Started process 7670 to run task
[2021-04-04 22:00:32,812] {standard_task_runner.py:76} INFO - Running: ['airflow', 'tasks', 'run', 'user_processing', 'creating_table', '2021-04-04T00:00:00+00:00', '--job-id', '7', '--pool', 'default_pool', '--raw', '--subdir', 'DAGS_FOLDER/user_processing.py', '--cfg-path', '/tmp/tmp1se_i6z7', '--error-file', '/tmp/tmp2xu0c3zm']
[2021-04-04 22:00:32,813] {standard_task_runner.py:77} INFO - Job 7: Subtask creating_table
[2021-04-04 22:00:32,843] {logging_mixin.py:104} INFO - Running <TaskInstance: user_processing.creating_table 2021-04-04T00:00:00+00:00 [running]> on host prathamesh-VirtualBox
[2021-04-04 22:00:32,866] {taskinstance.py:1255} INFO - Exporting the following env vars:
AIRFLOW_CTX_DAG_OWNER=airflow
AIRFLOW_CTX_DAG_ID=user_processing
AIRFLOW_CTX_TASK_ID=creating_table
AIRFLOW_CTX_EXECUTION_DATE=2021-04-04T00:00:00+00:00
AIRFLOW_CTX_DAG_RUN_ID=scheduled__2021-04-04T00:00:00+00:00
[2021-04-04 22:00:32,866] {sqlite.py:63} INFO - Executing: 
            CREATE TABLE IF NOT EXISTS users (
                firstname TEXT NOT NULL,
                lastname TEXT NOT NULL,
                country TEXT NOT NULL,
                username TEXT NOT NULL,
                password TEXT NOT NULL,
                email TEXT NOT NULL PRIMARY KEY
            );
            
[2021-04-04 22:00:32,868] {base.py:65} INFO - Using connection to: id: db_sqlite. Host: /home/prathamesh/PycharmProjects/airflow-project/airflow.db, Port: None, Schema: , Login: , Password: None, extra: None
[2021-04-04 22:00:32,868] {dbapi.py:180} INFO - Running statement: 
            CREATE TABLE IF NOT EXISTS users (
                firstname TEXT NOT NULL,
                lastname TEXT NOT NULL,
                country TEXT NOT NULL,
                username TEXT NOT NULL,
                password TEXT NOT NULL,
                email TEXT NOT NULL PRIMARY KEY
            );
            , parameters: []
[2021-04-04 22:00:32,869] {dbapi.py:186} INFO - Rows affected: -1
[2021-04-04 22:00:32,871] {taskinstance.py:1159} INFO - Marking task as SUCCESS. dag_id=user_processing, task_id=creating_table, execution_date=20210404T000000, start_date=20210405T020032, end_date=20210405T020032
[2021-04-04 22:00:32,892] {taskinstance.py:1220} INFO - 1 downstream tasks scheduled from follow-on schedule check
[2021-04-04 22:00:32,926] {local_task_job.py:146} INFO - Task exited with return code 0
