[2021-04-04 21:52:43,965] {scheduler_job.py:182} INFO - Started process (PID=7199) to work on /home/prathamesh/PycharmProjects/airflow-project/dags/user_processing.py
[2021-04-04 21:52:43,966] {scheduler_job.py:629} INFO - Processing file /home/prathamesh/PycharmProjects/airflow-project/dags/user_processing.py for tasks to queue
[2021-04-04 21:52:43,966] {logging_mixin.py:104} INFO - [2021-04-04 21:52:43,966] {dagbag.py:448} INFO - Filling up the DagBag from /home/prathamesh/PycharmProjects/airflow-project/dags/user_processing.py
[2021-04-04 21:52:44,783] {scheduler_job.py:639} INFO - DAG(s) dict_keys(['user_processing']) retrieved from /home/prathamesh/PycharmProjects/airflow-project/dags/user_processing.py
[2021-04-04 21:52:44,801] {logging_mixin.py:104} INFO - [2021-04-04 21:52:44,801] {dag.py:1818} INFO - Sync 1 DAGs
[2021-04-04 21:52:44,837] {logging_mixin.py:104} INFO - [2021-04-04 21:52:44,837] {dag.py:2273} INFO - Setting next_dagrun for user_processing to 2021-04-04 00:00:00+00:00
[2021-04-04 21:52:44,870] {scheduler_job.py:190} INFO - Processing /home/prathamesh/PycharmProjects/airflow-project/dags/user_processing.py took 0.907 seconds
[2021-04-04 22:01:00,700] {scheduler_job.py:182} INFO - Started process (PID=7723) to work on /home/prathamesh/PycharmProjects/airflow-project/dags/user_processing.py
[2021-04-04 22:01:00,701] {scheduler_job.py:629} INFO - Processing file /home/prathamesh/PycharmProjects/airflow-project/dags/user_processing.py for tasks to queue
[2021-04-04 22:01:00,701] {logging_mixin.py:104} INFO - [2021-04-04 22:01:00,701] {dagbag.py:448} INFO - Filling up the DagBag from /home/prathamesh/PycharmProjects/airflow-project/dags/user_processing.py
[2021-04-04 22:01:00,956] {scheduler_job.py:639} INFO - DAG(s) dict_keys(['user_processing']) retrieved from /home/prathamesh/PycharmProjects/airflow-project/dags/user_processing.py
[2021-04-04 22:01:00,964] {logging_mixin.py:104} INFO - [2021-04-04 22:01:00,964] {dag.py:1818} INFO - Sync 1 DAGs
[2021-04-04 22:01:00,973] {logging_mixin.py:104} INFO - [2021-04-04 22:01:00,973] {dag.py:2273} INFO - Setting next_dagrun for user_processing to 2021-04-05 00:00:00+00:00
[2021-04-04 22:01:00,978] {scheduler_job.py:190} INFO - Processing /home/prathamesh/PycharmProjects/airflow-project/dags/user_processing.py took 0.280 seconds
[2021-04-04 22:32:20,988] {scheduler_job.py:182} INFO - Started process (PID=3530) to work on /home/prathamesh/PycharmProjects/airflow-project/dags/user_processing.py
[2021-04-04 22:32:20,990] {scheduler_job.py:629} INFO - Processing file /home/prathamesh/PycharmProjects/airflow-project/dags/user_processing.py for tasks to queue
[2021-04-04 22:32:20,991] {logging_mixin.py:104} INFO - [2021-04-04 22:32:20,991] {dagbag.py:448} INFO - Filling up the DagBag from /home/prathamesh/PycharmProjects/airflow-project/dags/user_processing.py
[2021-04-04 22:32:21,276] {scheduler_job.py:639} INFO - DAG(s) dict_keys(['user_processing']) retrieved from /home/prathamesh/PycharmProjects/airflow-project/dags/user_processing.py
[2021-04-04 22:32:21,283] {logging_mixin.py:104} INFO - [2021-04-04 22:32:21,283] {dag.py:1818} INFO - Sync 1 DAGs
[2021-04-04 22:32:21,292] {logging_mixin.py:104} INFO - [2021-04-04 22:32:21,291] {dag.py:2273} INFO - Setting next_dagrun for user_processing to 2021-04-05 00:00:00+00:00
[2021-04-04 22:32:21,297] {scheduler_job.py:190} INFO - Processing /home/prathamesh/PycharmProjects/airflow-project/dags/user_processing.py took 0.311 seconds
[2021-04-04 22:32:53,001] {scheduler_job.py:182} INFO - Started process (PID=3558) to work on /home/prathamesh/PycharmProjects/airflow-project/dags/user_processing.py
[2021-04-04 22:32:53,002] {scheduler_job.py:629} INFO - Processing file /home/prathamesh/PycharmProjects/airflow-project/dags/user_processing.py for tasks to queue
[2021-04-04 22:32:53,002] {logging_mixin.py:104} INFO - [2021-04-04 22:32:53,002] {dagbag.py:448} INFO - Filling up the DagBag from /home/prathamesh/PycharmProjects/airflow-project/dags/user_processing.py
[2021-04-04 22:32:53,267] {scheduler_job.py:639} INFO - DAG(s) dict_keys(['user_processing']) retrieved from /home/prathamesh/PycharmProjects/airflow-project/dags/user_processing.py
[2021-04-04 22:32:53,273] {logging_mixin.py:104} INFO - [2021-04-04 22:32:53,273] {dag.py:1818} INFO - Sync 1 DAGs
[2021-04-04 22:32:53,282] {logging_mixin.py:104} INFO - [2021-04-04 22:32:53,282] {dag.py:2273} INFO - Setting next_dagrun for user_processing to 2021-04-05 00:00:00+00:00
[2021-04-04 22:32:53,285] {scheduler_job.py:190} INFO - Processing /home/prathamesh/PycharmProjects/airflow-project/dags/user_processing.py took 0.287 seconds
[2021-04-04 22:33:23,474] {scheduler_job.py:182} INFO - Started process (PID=3587) to work on /home/prathamesh/PycharmProjects/airflow-project/dags/user_processing.py
[2021-04-04 22:33:23,474] {scheduler_job.py:629} INFO - Processing file /home/prathamesh/PycharmProjects/airflow-project/dags/user_processing.py for tasks to queue
[2021-04-04 22:33:23,475] {logging_mixin.py:104} INFO - [2021-04-04 22:33:23,475] {dagbag.py:448} INFO - Filling up the DagBag from /home/prathamesh/PycharmProjects/airflow-project/dags/user_processing.py
[2021-04-04 22:33:23,846] {scheduler_job.py:639} INFO - DAG(s) dict_keys(['user_processing']) retrieved from /home/prathamesh/PycharmProjects/airflow-project/dags/user_processing.py
[2021-04-04 22:33:23,857] {logging_mixin.py:104} INFO - [2021-04-04 22:33:23,857] {dag.py:1818} INFO - Sync 1 DAGs
[2021-04-04 22:33:23,871] {logging_mixin.py:104} INFO - [2021-04-04 22:33:23,871] {dag.py:2273} INFO - Setting next_dagrun for user_processing to 2021-04-05 00:00:00+00:00
[2021-04-04 22:33:23,875] {scheduler_job.py:190} INFO - Processing /home/prathamesh/PycharmProjects/airflow-project/dags/user_processing.py took 0.404 seconds
[2021-04-04 22:33:54,065] {scheduler_job.py:182} INFO - Started process (PID=3614) to work on /home/prathamesh/PycharmProjects/airflow-project/dags/user_processing.py
[2021-04-04 22:33:54,067] {scheduler_job.py:629} INFO - Processing file /home/prathamesh/PycharmProjects/airflow-project/dags/user_processing.py for tasks to queue
[2021-04-04 22:33:54,067] {logging_mixin.py:104} INFO - [2021-04-04 22:33:54,067] {dagbag.py:448} INFO - Filling up the DagBag from /home/prathamesh/PycharmProjects/airflow-project/dags/user_processing.py
[2021-04-04 22:33:54,354] {scheduler_job.py:639} INFO - DAG(s) dict_keys(['user_processing']) retrieved from /home/prathamesh/PycharmProjects/airflow-project/dags/user_processing.py
[2021-04-04 22:33:54,363] {logging_mixin.py:104} INFO - [2021-04-04 22:33:54,362] {dag.py:1818} INFO - Sync 1 DAGs
[2021-04-04 22:33:54,373] {logging_mixin.py:104} INFO - [2021-04-04 22:33:54,373] {dag.py:2273} INFO - Setting next_dagrun for user_processing to 2021-04-05 00:00:00+00:00
[2021-04-04 22:33:54,378] {scheduler_job.py:190} INFO - Processing /home/prathamesh/PycharmProjects/airflow-project/dags/user_processing.py took 0.315 seconds
