[2021-03-31 02:59:38,202] {taskinstance.py:851} INFO - Dependencies all met for <TaskInstance: ingestion-pipeline.UploadingFiles 2021-03-31T00:00:00+00:00 [queued]>
[2021-03-31 02:59:38,206] {taskinstance.py:851} INFO - Dependencies all met for <TaskInstance: ingestion-pipeline.UploadingFiles 2021-03-31T00:00:00+00:00 [queued]>
[2021-03-31 02:59:38,206] {taskinstance.py:1042} INFO - 
--------------------------------------------------------------------------------
[2021-03-31 02:59:38,206] {taskinstance.py:1043} INFO - Starting attempt 1 of 1
[2021-03-31 02:59:38,206] {taskinstance.py:1044} INFO - 
--------------------------------------------------------------------------------
[2021-03-31 02:59:38,229] {taskinstance.py:1063} INFO - Executing <Task(PythonOperator): UploadingFiles> on 2021-03-31T00:00:00+00:00
[2021-03-31 02:59:38,232] {standard_task_runner.py:52} INFO - Started process 15425 to run task
[2021-03-31 02:59:38,238] {standard_task_runner.py:76} INFO - Running: ['airflow', 'tasks', 'run', 'ingestion-pipeline', 'UploadingFiles', '2021-03-31T00:00:00+00:00', '--job-id', '5', '--pool', 'default_pool', '--raw', '--subdir', 'DAGS_FOLDER/ingestion.py', '--cfg-path', '/tmp/tmpqf0dy6u0', '--error-file', '/tmp/tmpdacm73ra']
[2021-03-31 02:59:38,238] {standard_task_runner.py:77} INFO - Job 5: Subtask UploadingFiles
[2021-03-31 02:59:38,267] {logging_mixin.py:104} INFO - Running <TaskInstance: ingestion-pipeline.UploadingFiles 2021-03-31T00:00:00+00:00 [running]> on host prathamesh-VirtualBox
[2021-03-31 02:59:38,300] {taskinstance.py:1255} INFO - Exporting the following env vars:
AIRFLOW_CTX_DAG_OWNER=airflow
AIRFLOW_CTX_DAG_ID=ingestion-pipeline
AIRFLOW_CTX_TASK_ID=UploadingFiles
AIRFLOW_CTX_EXECUTION_DATE=2021-03-31T00:00:00+00:00
AIRFLOW_CTX_DAG_RUN_ID=scheduled__2021-03-31T00:00:00+00:00
[2021-03-31 02:59:38,371] {credentials.py:1222} INFO - Found credentials in shared credentials file: ~/.aws/credentials
[2021-03-31 02:59:39,281] {logging_mixin.py:104} INFO - Upload Complete!
[2021-03-31 02:59:39,283] {python.py:118} INFO - Done. Returned value was: None
[2021-03-31 02:59:39,285] {taskinstance.py:1159} INFO - Marking task as SUCCESS. dag_id=ingestion-pipeline, task_id=UploadingFiles, execution_date=20210331T000000, start_date=20210331T065938, end_date=20210331T065939
[2021-03-31 02:59:39,309] {taskinstance.py:1220} INFO - 1 downstream tasks scheduled from follow-on schedule check
[2021-03-31 02:59:39,355] {local_task_job.py:146} INFO - Task exited with return code 0
