[2021-03-31 01:49:04,174] {scheduler_job.py:182} INFO - Started process (PID=12624) to work on /home/prathamesh/PycharmProjects/airflow-basic/venv/lib/python3.8/site-packages/airflow/example_dags/example_external_task_marker_dag.py
[2021-03-31 01:49:04,188] {scheduler_job.py:629} INFO - Processing file /home/prathamesh/PycharmProjects/airflow-basic/venv/lib/python3.8/site-packages/airflow/example_dags/example_external_task_marker_dag.py for tasks to queue
[2021-03-31 01:49:04,189] {logging_mixin.py:104} INFO - [2021-03-31 01:49:04,189] {dagbag.py:448} INFO - Filling up the DagBag from /home/prathamesh/PycharmProjects/airflow-basic/venv/lib/python3.8/site-packages/airflow/example_dags/example_external_task_marker_dag.py
[2021-03-31 01:49:04,229] {scheduler_job.py:639} INFO - DAG(s) dict_keys(['example_external_task_marker_parent', 'example_external_task_marker_child']) retrieved from /home/prathamesh/PycharmProjects/airflow-basic/venv/lib/python3.8/site-packages/airflow/example_dags/example_external_task_marker_dag.py
[2021-03-31 01:49:04,315] {logging_mixin.py:104} INFO - [2021-03-31 01:49:04,314] {dag.py:1818} INFO - Sync 2 DAGs
[2021-03-31 01:49:04,340] {logging_mixin.py:104} INFO - [2021-03-31 01:49:04,340] {dag.py:2273} INFO - Setting next_dagrun for example_external_task_marker_child to None
[2021-03-31 01:49:04,342] {logging_mixin.py:104} INFO - [2021-03-31 01:49:04,342] {dag.py:2273} INFO - Setting next_dagrun for example_external_task_marker_parent to None
[2021-03-31 01:49:04,425] {scheduler_job.py:190} INFO - Processing /home/prathamesh/PycharmProjects/airflow-basic/venv/lib/python3.8/site-packages/airflow/example_dags/example_external_task_marker_dag.py took 0.256 seconds
[2021-03-31 01:49:40,688] {scheduler_job.py:182} INFO - Started process (PID=12659) to work on /home/prathamesh/PycharmProjects/airflow-basic/venv/lib/python3.8/site-packages/airflow/example_dags/example_external_task_marker_dag.py
[2021-03-31 01:49:40,689] {scheduler_job.py:629} INFO - Processing file /home/prathamesh/PycharmProjects/airflow-basic/venv/lib/python3.8/site-packages/airflow/example_dags/example_external_task_marker_dag.py for tasks to queue
[2021-03-31 01:49:40,692] {logging_mixin.py:104} INFO - [2021-03-31 01:49:40,689] {dagbag.py:448} INFO - Filling up the DagBag from /home/prathamesh/PycharmProjects/airflow-basic/venv/lib/python3.8/site-packages/airflow/example_dags/example_external_task_marker_dag.py
[2021-03-31 01:49:40,723] {scheduler_job.py:639} INFO - DAG(s) dict_keys(['example_external_task_marker_parent', 'example_external_task_marker_child']) retrieved from /home/prathamesh/PycharmProjects/airflow-basic/venv/lib/python3.8/site-packages/airflow/example_dags/example_external_task_marker_dag.py
[2021-03-31 01:49:40,755] {logging_mixin.py:104} INFO - [2021-03-31 01:49:40,755] {dag.py:1818} INFO - Sync 2 DAGs
[2021-03-31 01:49:40,776] {logging_mixin.py:104} INFO - [2021-03-31 01:49:40,776] {dag.py:2273} INFO - Setting next_dagrun for example_external_task_marker_child to None
[2021-03-31 01:49:40,777] {logging_mixin.py:104} INFO - [2021-03-31 01:49:40,777] {dag.py:2273} INFO - Setting next_dagrun for example_external_task_marker_parent to None
[2021-03-31 01:49:40,842] {scheduler_job.py:190} INFO - Processing /home/prathamesh/PycharmProjects/airflow-basic/venv/lib/python3.8/site-packages/airflow/example_dags/example_external_task_marker_dag.py took 0.158 seconds
[2021-03-31 01:50:13,447] {scheduler_job.py:182} INFO - Started process (PID=12692) to work on /home/prathamesh/PycharmProjects/airflow-basic/venv/lib/python3.8/site-packages/airflow/example_dags/example_external_task_marker_dag.py
[2021-03-31 01:50:13,449] {scheduler_job.py:629} INFO - Processing file /home/prathamesh/PycharmProjects/airflow-basic/venv/lib/python3.8/site-packages/airflow/example_dags/example_external_task_marker_dag.py for tasks to queue
[2021-03-31 01:50:13,452] {logging_mixin.py:104} INFO - [2021-03-31 01:50:13,452] {dagbag.py:448} INFO - Filling up the DagBag from /home/prathamesh/PycharmProjects/airflow-basic/venv/lib/python3.8/site-packages/airflow/example_dags/example_external_task_marker_dag.py
[2021-03-31 01:50:13,489] {scheduler_job.py:639} INFO - DAG(s) dict_keys(['example_external_task_marker_parent', 'example_external_task_marker_child']) retrieved from /home/prathamesh/PycharmProjects/airflow-basic/venv/lib/python3.8/site-packages/airflow/example_dags/example_external_task_marker_dag.py
[2021-03-31 01:50:13,650] {logging_mixin.py:104} INFO - [2021-03-31 01:50:13,650] {dag.py:1818} INFO - Sync 2 DAGs
[2021-03-31 01:50:13,791] {logging_mixin.py:104} INFO - [2021-03-31 01:50:13,791] {dag.py:2273} INFO - Setting next_dagrun for example_external_task_marker_child to None
[2021-03-31 01:50:13,793] {logging_mixin.py:104} INFO - [2021-03-31 01:50:13,793] {dag.py:2273} INFO - Setting next_dagrun for example_external_task_marker_parent to None
[2021-03-31 01:50:13,886] {scheduler_job.py:190} INFO - Processing /home/prathamesh/PycharmProjects/airflow-basic/venv/lib/python3.8/site-packages/airflow/example_dags/example_external_task_marker_dag.py took 0.449 seconds
[2021-03-31 01:50:51,072] {scheduler_job.py:182} INFO - Started process (PID=12737) to work on /home/prathamesh/PycharmProjects/airflow-basic/venv/lib/python3.8/site-packages/airflow/example_dags/example_external_task_marker_dag.py
[2021-03-31 01:50:51,073] {scheduler_job.py:629} INFO - Processing file /home/prathamesh/PycharmProjects/airflow-basic/venv/lib/python3.8/site-packages/airflow/example_dags/example_external_task_marker_dag.py for tasks to queue
[2021-03-31 01:50:51,074] {logging_mixin.py:104} INFO - [2021-03-31 01:50:51,074] {dagbag.py:448} INFO - Filling up the DagBag from /home/prathamesh/PycharmProjects/airflow-basic/venv/lib/python3.8/site-packages/airflow/example_dags/example_external_task_marker_dag.py
[2021-03-31 01:50:51,110] {scheduler_job.py:639} INFO - DAG(s) dict_keys(['example_external_task_marker_parent', 'example_external_task_marker_child']) retrieved from /home/prathamesh/PycharmProjects/airflow-basic/venv/lib/python3.8/site-packages/airflow/example_dags/example_external_task_marker_dag.py
[2021-03-31 01:50:51,197] {logging_mixin.py:104} INFO - [2021-03-31 01:50:51,197] {dag.py:1818} INFO - Sync 2 DAGs
[2021-03-31 01:50:51,220] {logging_mixin.py:104} INFO - [2021-03-31 01:50:51,220] {dag.py:2273} INFO - Setting next_dagrun for example_external_task_marker_child to None
[2021-03-31 01:50:51,221] {logging_mixin.py:104} INFO - [2021-03-31 01:50:51,221] {dag.py:2273} INFO - Setting next_dagrun for example_external_task_marker_parent to None
[2021-03-31 01:50:51,260] {scheduler_job.py:190} INFO - Processing /home/prathamesh/PycharmProjects/airflow-basic/venv/lib/python3.8/site-packages/airflow/example_dags/example_external_task_marker_dag.py took 0.215 seconds
[2021-03-31 01:52:36,731] {scheduler_job.py:182} INFO - Started process (PID=12771) to work on /home/prathamesh/PycharmProjects/airflow-basic/venv/lib/python3.8/site-packages/airflow/example_dags/example_external_task_marker_dag.py
[2021-03-31 01:52:36,735] {scheduler_job.py:629} INFO - Processing file /home/prathamesh/PycharmProjects/airflow-basic/venv/lib/python3.8/site-packages/airflow/example_dags/example_external_task_marker_dag.py for tasks to queue
[2021-03-31 01:52:36,736] {logging_mixin.py:104} INFO - [2021-03-31 01:52:36,736] {dagbag.py:448} INFO - Filling up the DagBag from /home/prathamesh/PycharmProjects/airflow-basic/venv/lib/python3.8/site-packages/airflow/example_dags/example_external_task_marker_dag.py
[2021-03-31 01:52:36,811] {scheduler_job.py:639} INFO - DAG(s) dict_keys(['example_external_task_marker_parent', 'example_external_task_marker_child']) retrieved from /home/prathamesh/PycharmProjects/airflow-basic/venv/lib/python3.8/site-packages/airflow/example_dags/example_external_task_marker_dag.py
[2021-03-31 01:52:36,885] {logging_mixin.py:104} INFO - [2021-03-31 01:52:36,884] {dag.py:1818} INFO - Sync 2 DAGs
[2021-03-31 01:52:37,012] {logging_mixin.py:104} INFO - [2021-03-31 01:52:37,012] {dag.py:2273} INFO - Setting next_dagrun for example_external_task_marker_child to None
[2021-03-31 01:52:37,039] {logging_mixin.py:104} INFO - [2021-03-31 01:52:37,039] {dag.py:2273} INFO - Setting next_dagrun for example_external_task_marker_parent to None
[2021-03-31 01:52:37,106] {scheduler_job.py:190} INFO - Processing /home/prathamesh/PycharmProjects/airflow-basic/venv/lib/python3.8/site-packages/airflow/example_dags/example_external_task_marker_dag.py took 0.382 seconds
[2021-03-31 01:53:25,378] {scheduler_job.py:182} INFO - Started process (PID=12816) to work on /home/prathamesh/PycharmProjects/airflow-basic/venv/lib/python3.8/site-packages/airflow/example_dags/example_external_task_marker_dag.py
[2021-03-31 01:53:25,380] {scheduler_job.py:629} INFO - Processing file /home/prathamesh/PycharmProjects/airflow-basic/venv/lib/python3.8/site-packages/airflow/example_dags/example_external_task_marker_dag.py for tasks to queue
[2021-03-31 01:53:25,382] {logging_mixin.py:104} INFO - [2021-03-31 01:53:25,382] {dagbag.py:448} INFO - Filling up the DagBag from /home/prathamesh/PycharmProjects/airflow-basic/venv/lib/python3.8/site-packages/airflow/example_dags/example_external_task_marker_dag.py
[2021-03-31 01:53:25,486] {scheduler_job.py:639} INFO - DAG(s) dict_keys(['example_external_task_marker_parent', 'example_external_task_marker_child']) retrieved from /home/prathamesh/PycharmProjects/airflow-basic/venv/lib/python3.8/site-packages/airflow/example_dags/example_external_task_marker_dag.py
[2021-03-31 01:53:25,597] {logging_mixin.py:104} INFO - [2021-03-31 01:53:25,597] {dag.py:1818} INFO - Sync 2 DAGs
[2021-03-31 01:53:25,656] {logging_mixin.py:104} INFO - [2021-03-31 01:53:25,656] {dag.py:2273} INFO - Setting next_dagrun for example_external_task_marker_child to None
[2021-03-31 01:53:25,670] {logging_mixin.py:104} INFO - [2021-03-31 01:53:25,670] {dag.py:2273} INFO - Setting next_dagrun for example_external_task_marker_parent to None
[2021-03-31 01:53:25,749] {scheduler_job.py:190} INFO - Processing /home/prathamesh/PycharmProjects/airflow-basic/venv/lib/python3.8/site-packages/airflow/example_dags/example_external_task_marker_dag.py took 0.417 seconds
[2021-03-31 01:53:58,003] {scheduler_job.py:182} INFO - Started process (PID=12863) to work on /home/prathamesh/PycharmProjects/airflow-basic/venv/lib/python3.8/site-packages/airflow/example_dags/example_external_task_marker_dag.py
[2021-03-31 01:53:58,020] {scheduler_job.py:629} INFO - Processing file /home/prathamesh/PycharmProjects/airflow-basic/venv/lib/python3.8/site-packages/airflow/example_dags/example_external_task_marker_dag.py for tasks to queue
[2021-03-31 01:53:58,021] {logging_mixin.py:104} INFO - [2021-03-31 01:53:58,021] {dagbag.py:448} INFO - Filling up the DagBag from /home/prathamesh/PycharmProjects/airflow-basic/venv/lib/python3.8/site-packages/airflow/example_dags/example_external_task_marker_dag.py
[2021-03-31 01:53:58,057] {scheduler_job.py:639} INFO - DAG(s) dict_keys(['example_external_task_marker_parent', 'example_external_task_marker_child']) retrieved from /home/prathamesh/PycharmProjects/airflow-basic/venv/lib/python3.8/site-packages/airflow/example_dags/example_external_task_marker_dag.py
[2021-03-31 01:53:58,187] {logging_mixin.py:104} INFO - [2021-03-31 01:53:58,187] {dag.py:1818} INFO - Sync 2 DAGs
[2021-03-31 01:53:58,223] {logging_mixin.py:104} INFO - [2021-03-31 01:53:58,223] {dag.py:2273} INFO - Setting next_dagrun for example_external_task_marker_child to None
[2021-03-31 01:53:58,224] {logging_mixin.py:104} INFO - [2021-03-31 01:53:58,224] {dag.py:2273} INFO - Setting next_dagrun for example_external_task_marker_parent to None
[2021-03-31 01:53:58,296] {scheduler_job.py:190} INFO - Processing /home/prathamesh/PycharmProjects/airflow-basic/venv/lib/python3.8/site-packages/airflow/example_dags/example_external_task_marker_dag.py took 0.299 seconds
[2021-03-31 01:54:30,073] {scheduler_job.py:182} INFO - Started process (PID=12896) to work on /home/prathamesh/PycharmProjects/airflow-basic/venv/lib/python3.8/site-packages/airflow/example_dags/example_external_task_marker_dag.py
[2021-03-31 01:54:30,078] {scheduler_job.py:629} INFO - Processing file /home/prathamesh/PycharmProjects/airflow-basic/venv/lib/python3.8/site-packages/airflow/example_dags/example_external_task_marker_dag.py for tasks to queue
[2021-03-31 01:54:30,087] {logging_mixin.py:104} INFO - [2021-03-31 01:54:30,084] {dagbag.py:448} INFO - Filling up the DagBag from /home/prathamesh/PycharmProjects/airflow-basic/venv/lib/python3.8/site-packages/airflow/example_dags/example_external_task_marker_dag.py
[2021-03-31 01:54:30,119] {scheduler_job.py:639} INFO - DAG(s) dict_keys(['example_external_task_marker_parent', 'example_external_task_marker_child']) retrieved from /home/prathamesh/PycharmProjects/airflow-basic/venv/lib/python3.8/site-packages/airflow/example_dags/example_external_task_marker_dag.py
[2021-03-31 01:54:30,181] {logging_mixin.py:104} INFO - [2021-03-31 01:54:30,181] {dag.py:1818} INFO - Sync 2 DAGs
[2021-03-31 01:54:30,212] {logging_mixin.py:104} INFO - [2021-03-31 01:54:30,212] {dag.py:2273} INFO - Setting next_dagrun for example_external_task_marker_child to None
[2021-03-31 01:54:30,216] {logging_mixin.py:104} INFO - [2021-03-31 01:54:30,216] {dag.py:2273} INFO - Setting next_dagrun for example_external_task_marker_parent to None
[2021-03-31 01:54:30,229] {scheduler_job.py:190} INFO - Processing /home/prathamesh/PycharmProjects/airflow-basic/venv/lib/python3.8/site-packages/airflow/example_dags/example_external_task_marker_dag.py took 0.165 seconds
[2021-03-31 01:55:02,416] {scheduler_job.py:182} INFO - Started process (PID=12930) to work on /home/prathamesh/PycharmProjects/airflow-basic/venv/lib/python3.8/site-packages/airflow/example_dags/example_external_task_marker_dag.py
[2021-03-31 01:55:02,516] {scheduler_job.py:629} INFO - Processing file /home/prathamesh/PycharmProjects/airflow-basic/venv/lib/python3.8/site-packages/airflow/example_dags/example_external_task_marker_dag.py for tasks to queue
[2021-03-31 01:55:02,569] {logging_mixin.py:104} INFO - [2021-03-31 01:55:02,568] {dagbag.py:448} INFO - Filling up the DagBag from /home/prathamesh/PycharmProjects/airflow-basic/venv/lib/python3.8/site-packages/airflow/example_dags/example_external_task_marker_dag.py
[2021-03-31 01:55:03,242] {scheduler_job.py:639} INFO - DAG(s) dict_keys(['example_external_task_marker_parent', 'example_external_task_marker_child']) retrieved from /home/prathamesh/PycharmProjects/airflow-basic/venv/lib/python3.8/site-packages/airflow/example_dags/example_external_task_marker_dag.py
[2021-03-31 01:55:03,869] {logging_mixin.py:104} INFO - [2021-03-31 01:55:03,869] {dag.py:1818} INFO - Sync 2 DAGs
[2021-03-31 01:55:04,064] {logging_mixin.py:104} INFO - [2021-03-31 01:55:04,064] {dag.py:2273} INFO - Setting next_dagrun for example_external_task_marker_child to None
[2021-03-31 01:55:04,088] {logging_mixin.py:104} INFO - [2021-03-31 01:55:04,088] {dag.py:2273} INFO - Setting next_dagrun for example_external_task_marker_parent to None
[2021-03-31 01:55:04,218] {scheduler_job.py:190} INFO - Processing /home/prathamesh/PycharmProjects/airflow-basic/venv/lib/python3.8/site-packages/airflow/example_dags/example_external_task_marker_dag.py took 1.858 seconds
[2021-03-31 01:55:47,407] {scheduler_job.py:182} INFO - Started process (PID=12992) to work on /home/prathamesh/PycharmProjects/airflow-basic/venv/lib/python3.8/site-packages/airflow/example_dags/example_external_task_marker_dag.py
[2021-03-31 01:55:47,409] {scheduler_job.py:629} INFO - Processing file /home/prathamesh/PycharmProjects/airflow-basic/venv/lib/python3.8/site-packages/airflow/example_dags/example_external_task_marker_dag.py for tasks to queue
[2021-03-31 01:55:47,410] {logging_mixin.py:104} INFO - [2021-03-31 01:55:47,409] {dagbag.py:448} INFO - Filling up the DagBag from /home/prathamesh/PycharmProjects/airflow-basic/venv/lib/python3.8/site-packages/airflow/example_dags/example_external_task_marker_dag.py
[2021-03-31 01:55:47,472] {scheduler_job.py:639} INFO - DAG(s) dict_keys(['example_external_task_marker_parent', 'example_external_task_marker_child']) retrieved from /home/prathamesh/PycharmProjects/airflow-basic/venv/lib/python3.8/site-packages/airflow/example_dags/example_external_task_marker_dag.py
[2021-03-31 01:55:47,563] {logging_mixin.py:104} INFO - [2021-03-31 01:55:47,562] {dag.py:1818} INFO - Sync 2 DAGs
[2021-03-31 01:55:47,587] {logging_mixin.py:104} INFO - [2021-03-31 01:55:47,587] {dag.py:2273} INFO - Setting next_dagrun for example_external_task_marker_child to None
[2021-03-31 01:55:47,589] {logging_mixin.py:104} INFO - [2021-03-31 01:55:47,589] {dag.py:2273} INFO - Setting next_dagrun for example_external_task_marker_parent to None
[2021-03-31 01:55:47,625] {scheduler_job.py:190} INFO - Processing /home/prathamesh/PycharmProjects/airflow-basic/venv/lib/python3.8/site-packages/airflow/example_dags/example_external_task_marker_dag.py took 0.234 seconds
[2021-03-31 01:56:24,148] {scheduler_job.py:182} INFO - Started process (PID=13050) to work on /home/prathamesh/PycharmProjects/airflow-basic/venv/lib/python3.8/site-packages/airflow/example_dags/example_external_task_marker_dag.py
[2021-03-31 01:56:24,150] {scheduler_job.py:629} INFO - Processing file /home/prathamesh/PycharmProjects/airflow-basic/venv/lib/python3.8/site-packages/airflow/example_dags/example_external_task_marker_dag.py for tasks to queue
[2021-03-31 01:56:24,168] {logging_mixin.py:104} INFO - [2021-03-31 01:56:24,167] {dagbag.py:448} INFO - Filling up the DagBag from /home/prathamesh/PycharmProjects/airflow-basic/venv/lib/python3.8/site-packages/airflow/example_dags/example_external_task_marker_dag.py
[2021-03-31 01:56:24,251] {scheduler_job.py:639} INFO - DAG(s) dict_keys(['example_external_task_marker_parent', 'example_external_task_marker_child']) retrieved from /home/prathamesh/PycharmProjects/airflow-basic/venv/lib/python3.8/site-packages/airflow/example_dags/example_external_task_marker_dag.py
[2021-03-31 01:56:24,332] {logging_mixin.py:104} INFO - [2021-03-31 01:56:24,331] {dag.py:1818} INFO - Sync 2 DAGs
[2021-03-31 01:56:24,401] {logging_mixin.py:104} INFO - [2021-03-31 01:56:24,401] {dag.py:2273} INFO - Setting next_dagrun for example_external_task_marker_child to None
[2021-03-31 01:56:24,414] {logging_mixin.py:104} INFO - [2021-03-31 01:56:24,413] {dag.py:2273} INFO - Setting next_dagrun for example_external_task_marker_parent to None
[2021-03-31 01:56:24,488] {scheduler_job.py:190} INFO - Processing /home/prathamesh/PycharmProjects/airflow-basic/venv/lib/python3.8/site-packages/airflow/example_dags/example_external_task_marker_dag.py took 0.368 seconds
[2021-03-31 01:57:02,976] {scheduler_job.py:182} INFO - Started process (PID=13085) to work on /home/prathamesh/PycharmProjects/airflow-basic/venv/lib/python3.8/site-packages/airflow/example_dags/example_external_task_marker_dag.py
[2021-03-31 01:57:02,978] {scheduler_job.py:629} INFO - Processing file /home/prathamesh/PycharmProjects/airflow-basic/venv/lib/python3.8/site-packages/airflow/example_dags/example_external_task_marker_dag.py for tasks to queue
[2021-03-31 01:57:02,978] {logging_mixin.py:104} INFO - [2021-03-31 01:57:02,978] {dagbag.py:448} INFO - Filling up the DagBag from /home/prathamesh/PycharmProjects/airflow-basic/venv/lib/python3.8/site-packages/airflow/example_dags/example_external_task_marker_dag.py
[2021-03-31 01:57:03,014] {scheduler_job.py:639} INFO - DAG(s) dict_keys(['example_external_task_marker_parent', 'example_external_task_marker_child']) retrieved from /home/prathamesh/PycharmProjects/airflow-basic/venv/lib/python3.8/site-packages/airflow/example_dags/example_external_task_marker_dag.py
[2021-03-31 01:57:03,070] {logging_mixin.py:104} INFO - [2021-03-31 01:57:03,070] {dag.py:1818} INFO - Sync 2 DAGs
[2021-03-31 01:57:03,106] {logging_mixin.py:104} INFO - [2021-03-31 01:57:03,105] {dag.py:2273} INFO - Setting next_dagrun for example_external_task_marker_child to None
[2021-03-31 01:57:03,106] {logging_mixin.py:104} INFO - [2021-03-31 01:57:03,106] {dag.py:2273} INFO - Setting next_dagrun for example_external_task_marker_parent to None
[2021-03-31 01:57:03,174] {scheduler_job.py:190} INFO - Processing /home/prathamesh/PycharmProjects/airflow-basic/venv/lib/python3.8/site-packages/airflow/example_dags/example_external_task_marker_dag.py took 0.234 seconds
[2021-03-31 01:57:36,545] {scheduler_job.py:182} INFO - Started process (PID=13116) to work on /home/prathamesh/PycharmProjects/airflow-basic/venv/lib/python3.8/site-packages/airflow/example_dags/example_external_task_marker_dag.py
[2021-03-31 01:57:36,556] {scheduler_job.py:629} INFO - Processing file /home/prathamesh/PycharmProjects/airflow-basic/venv/lib/python3.8/site-packages/airflow/example_dags/example_external_task_marker_dag.py for tasks to queue
[2021-03-31 01:57:36,556] {logging_mixin.py:104} INFO - [2021-03-31 01:57:36,556] {dagbag.py:448} INFO - Filling up the DagBag from /home/prathamesh/PycharmProjects/airflow-basic/venv/lib/python3.8/site-packages/airflow/example_dags/example_external_task_marker_dag.py
[2021-03-31 01:57:36,587] {scheduler_job.py:639} INFO - DAG(s) dict_keys(['example_external_task_marker_parent', 'example_external_task_marker_child']) retrieved from /home/prathamesh/PycharmProjects/airflow-basic/venv/lib/python3.8/site-packages/airflow/example_dags/example_external_task_marker_dag.py
[2021-03-31 01:57:36,652] {logging_mixin.py:104} INFO - [2021-03-31 01:57:36,652] {dag.py:1818} INFO - Sync 2 DAGs
[2021-03-31 01:57:36,692] {logging_mixin.py:104} INFO - [2021-03-31 01:57:36,691] {dag.py:2273} INFO - Setting next_dagrun for example_external_task_marker_child to None
[2021-03-31 01:57:36,692] {logging_mixin.py:104} INFO - [2021-03-31 01:57:36,692] {dag.py:2273} INFO - Setting next_dagrun for example_external_task_marker_parent to None
[2021-03-31 01:57:36,735] {scheduler_job.py:190} INFO - Processing /home/prathamesh/PycharmProjects/airflow-basic/venv/lib/python3.8/site-packages/airflow/example_dags/example_external_task_marker_dag.py took 0.199 seconds
[2021-03-31 02:51:45,470] {scheduler_job.py:182} INFO - Started process (PID=13759) to work on /home/prathamesh/PycharmProjects/airflow-basic/venv/lib/python3.8/site-packages/airflow/example_dags/example_external_task_marker_dag.py
[2021-03-31 02:51:45,474] {scheduler_job.py:629} INFO - Processing file /home/prathamesh/PycharmProjects/airflow-basic/venv/lib/python3.8/site-packages/airflow/example_dags/example_external_task_marker_dag.py for tasks to queue
[2021-03-31 02:51:45,475] {logging_mixin.py:104} INFO - [2021-03-31 02:51:45,475] {dagbag.py:448} INFO - Filling up the DagBag from /home/prathamesh/PycharmProjects/airflow-basic/venv/lib/python3.8/site-packages/airflow/example_dags/example_external_task_marker_dag.py
[2021-03-31 02:51:45,481] {scheduler_job.py:639} INFO - DAG(s) dict_keys(['example_external_task_marker_parent', 'example_external_task_marker_child']) retrieved from /home/prathamesh/PycharmProjects/airflow-basic/venv/lib/python3.8/site-packages/airflow/example_dags/example_external_task_marker_dag.py
[2021-03-31 02:51:45,495] {logging_mixin.py:104} INFO - [2021-03-31 02:51:45,494] {dag.py:1818} INFO - Sync 2 DAGs
[2021-03-31 02:51:45,512] {logging_mixin.py:104} INFO - [2021-03-31 02:51:45,512] {dag.py:2273} INFO - Setting next_dagrun for example_external_task_marker_child to None
[2021-03-31 02:51:45,513] {logging_mixin.py:104} INFO - [2021-03-31 02:51:45,513] {dag.py:2273} INFO - Setting next_dagrun for example_external_task_marker_parent to None
[2021-03-31 02:51:45,519] {scheduler_job.py:190} INFO - Processing /home/prathamesh/PycharmProjects/airflow-basic/venv/lib/python3.8/site-packages/airflow/example_dags/example_external_task_marker_dag.py took 0.052 seconds
[2021-03-31 02:52:22,907] {scheduler_job.py:182} INFO - Started process (PID=13932) to work on /home/prathamesh/PycharmProjects/airflow-basic/venv/lib/python3.8/site-packages/airflow/example_dags/example_external_task_marker_dag.py
[2021-03-31 02:52:22,907] {scheduler_job.py:629} INFO - Processing file /home/prathamesh/PycharmProjects/airflow-basic/venv/lib/python3.8/site-packages/airflow/example_dags/example_external_task_marker_dag.py for tasks to queue
[2021-03-31 02:52:22,908] {logging_mixin.py:104} INFO - [2021-03-31 02:52:22,908] {dagbag.py:448} INFO - Filling up the DagBag from /home/prathamesh/PycharmProjects/airflow-basic/venv/lib/python3.8/site-packages/airflow/example_dags/example_external_task_marker_dag.py
[2021-03-31 02:52:22,915] {scheduler_job.py:639} INFO - DAG(s) dict_keys(['example_external_task_marker_parent', 'example_external_task_marker_child']) retrieved from /home/prathamesh/PycharmProjects/airflow-basic/venv/lib/python3.8/site-packages/airflow/example_dags/example_external_task_marker_dag.py
[2021-03-31 02:52:22,927] {logging_mixin.py:104} INFO - [2021-03-31 02:52:22,926] {dag.py:1818} INFO - Sync 2 DAGs
[2021-03-31 02:52:22,933] {logging_mixin.py:104} INFO - [2021-03-31 02:52:22,933] {dag.py:2273} INFO - Setting next_dagrun for example_external_task_marker_child to None
[2021-03-31 02:52:22,934] {logging_mixin.py:104} INFO - [2021-03-31 02:52:22,934] {dag.py:2273} INFO - Setting next_dagrun for example_external_task_marker_parent to None
[2021-03-31 02:52:22,937] {scheduler_job.py:190} INFO - Processing /home/prathamesh/PycharmProjects/airflow-basic/venv/lib/python3.8/site-packages/airflow/example_dags/example_external_task_marker_dag.py took 0.033 seconds
[2021-03-31 02:52:58,647] {scheduler_job.py:182} INFO - Started process (PID=14063) to work on /home/prathamesh/PycharmProjects/airflow-basic/venv/lib/python3.8/site-packages/airflow/example_dags/example_external_task_marker_dag.py
[2021-03-31 02:52:58,648] {scheduler_job.py:629} INFO - Processing file /home/prathamesh/PycharmProjects/airflow-basic/venv/lib/python3.8/site-packages/airflow/example_dags/example_external_task_marker_dag.py for tasks to queue
[2021-03-31 02:52:58,649] {logging_mixin.py:104} INFO - [2021-03-31 02:52:58,649] {dagbag.py:448} INFO - Filling up the DagBag from /home/prathamesh/PycharmProjects/airflow-basic/venv/lib/python3.8/site-packages/airflow/example_dags/example_external_task_marker_dag.py
[2021-03-31 02:52:58,658] {scheduler_job.py:639} INFO - DAG(s) dict_keys(['example_external_task_marker_parent', 'example_external_task_marker_child']) retrieved from /home/prathamesh/PycharmProjects/airflow-basic/venv/lib/python3.8/site-packages/airflow/example_dags/example_external_task_marker_dag.py
[2021-03-31 02:52:58,670] {logging_mixin.py:104} INFO - [2021-03-31 02:52:58,670] {dag.py:1818} INFO - Sync 2 DAGs
[2021-03-31 02:52:58,676] {logging_mixin.py:104} INFO - [2021-03-31 02:52:58,676] {dag.py:2273} INFO - Setting next_dagrun for example_external_task_marker_child to None
[2021-03-31 02:52:58,677] {logging_mixin.py:104} INFO - [2021-03-31 02:52:58,677] {dag.py:2273} INFO - Setting next_dagrun for example_external_task_marker_parent to None
[2021-03-31 02:52:58,699] {scheduler_job.py:190} INFO - Processing /home/prathamesh/PycharmProjects/airflow-basic/venv/lib/python3.8/site-packages/airflow/example_dags/example_external_task_marker_dag.py took 0.054 seconds
[2021-03-31 02:53:39,431] {scheduler_job.py:182} INFO - Started process (PID=14203) to work on /home/prathamesh/PycharmProjects/airflow-basic/venv/lib/python3.8/site-packages/airflow/example_dags/example_external_task_marker_dag.py
[2021-03-31 02:53:39,432] {scheduler_job.py:629} INFO - Processing file /home/prathamesh/PycharmProjects/airflow-basic/venv/lib/python3.8/site-packages/airflow/example_dags/example_external_task_marker_dag.py for tasks to queue
[2021-03-31 02:53:39,432] {logging_mixin.py:104} INFO - [2021-03-31 02:53:39,432] {dagbag.py:448} INFO - Filling up the DagBag from /home/prathamesh/PycharmProjects/airflow-basic/venv/lib/python3.8/site-packages/airflow/example_dags/example_external_task_marker_dag.py
[2021-03-31 02:53:39,440] {scheduler_job.py:639} INFO - DAG(s) dict_keys(['example_external_task_marker_parent', 'example_external_task_marker_child']) retrieved from /home/prathamesh/PycharmProjects/airflow-basic/venv/lib/python3.8/site-packages/airflow/example_dags/example_external_task_marker_dag.py
[2021-03-31 02:53:39,463] {logging_mixin.py:104} INFO - [2021-03-31 02:53:39,463] {dag.py:1818} INFO - Sync 2 DAGs
[2021-03-31 02:53:39,470] {logging_mixin.py:104} INFO - [2021-03-31 02:53:39,470] {dag.py:2273} INFO - Setting next_dagrun for example_external_task_marker_child to None
[2021-03-31 02:53:39,470] {logging_mixin.py:104} INFO - [2021-03-31 02:53:39,470] {dag.py:2273} INFO - Setting next_dagrun for example_external_task_marker_parent to None
[2021-03-31 02:53:39,495] {scheduler_job.py:190} INFO - Processing /home/prathamesh/PycharmProjects/airflow-basic/venv/lib/python3.8/site-packages/airflow/example_dags/example_external_task_marker_dag.py took 0.067 seconds
[2021-03-31 02:54:17,580] {scheduler_job.py:182} INFO - Started process (PID=14337) to work on /home/prathamesh/PycharmProjects/airflow-basic/venv/lib/python3.8/site-packages/airflow/example_dags/example_external_task_marker_dag.py
[2021-03-31 02:54:17,580] {scheduler_job.py:629} INFO - Processing file /home/prathamesh/PycharmProjects/airflow-basic/venv/lib/python3.8/site-packages/airflow/example_dags/example_external_task_marker_dag.py for tasks to queue
[2021-03-31 02:54:17,581] {logging_mixin.py:104} INFO - [2021-03-31 02:54:17,581] {dagbag.py:448} INFO - Filling up the DagBag from /home/prathamesh/PycharmProjects/airflow-basic/venv/lib/python3.8/site-packages/airflow/example_dags/example_external_task_marker_dag.py
[2021-03-31 02:54:17,587] {scheduler_job.py:639} INFO - DAG(s) dict_keys(['example_external_task_marker_parent', 'example_external_task_marker_child']) retrieved from /home/prathamesh/PycharmProjects/airflow-basic/venv/lib/python3.8/site-packages/airflow/example_dags/example_external_task_marker_dag.py
[2021-03-31 02:54:17,603] {logging_mixin.py:104} INFO - [2021-03-31 02:54:17,603] {dag.py:1818} INFO - Sync 2 DAGs
[2021-03-31 02:54:17,613] {logging_mixin.py:104} INFO - [2021-03-31 02:54:17,613] {dag.py:2273} INFO - Setting next_dagrun for example_external_task_marker_child to None
[2021-03-31 02:54:17,613] {logging_mixin.py:104} INFO - [2021-03-31 02:54:17,613] {dag.py:2273} INFO - Setting next_dagrun for example_external_task_marker_parent to None
[2021-03-31 02:54:17,625] {scheduler_job.py:190} INFO - Processing /home/prathamesh/PycharmProjects/airflow-basic/venv/lib/python3.8/site-packages/airflow/example_dags/example_external_task_marker_dag.py took 0.049 seconds
[2021-03-31 02:54:54,002] {scheduler_job.py:182} INFO - Started process (PID=14470) to work on /home/prathamesh/PycharmProjects/airflow-basic/venv/lib/python3.8/site-packages/airflow/example_dags/example_external_task_marker_dag.py
[2021-03-31 02:54:54,003] {scheduler_job.py:629} INFO - Processing file /home/prathamesh/PycharmProjects/airflow-basic/venv/lib/python3.8/site-packages/airflow/example_dags/example_external_task_marker_dag.py for tasks to queue
[2021-03-31 02:54:54,003] {logging_mixin.py:104} INFO - [2021-03-31 02:54:54,003] {dagbag.py:448} INFO - Filling up the DagBag from /home/prathamesh/PycharmProjects/airflow-basic/venv/lib/python3.8/site-packages/airflow/example_dags/example_external_task_marker_dag.py
[2021-03-31 02:54:54,010] {scheduler_job.py:639} INFO - DAG(s) dict_keys(['example_external_task_marker_parent', 'example_external_task_marker_child']) retrieved from /home/prathamesh/PycharmProjects/airflow-basic/venv/lib/python3.8/site-packages/airflow/example_dags/example_external_task_marker_dag.py
[2021-03-31 02:54:54,022] {logging_mixin.py:104} INFO - [2021-03-31 02:54:54,022] {dag.py:1818} INFO - Sync 2 DAGs
[2021-03-31 02:54:54,029] {logging_mixin.py:104} INFO - [2021-03-31 02:54:54,029] {dag.py:2273} INFO - Setting next_dagrun for example_external_task_marker_child to None
[2021-03-31 02:54:54,029] {logging_mixin.py:104} INFO - [2021-03-31 02:54:54,029] {dag.py:2273} INFO - Setting next_dagrun for example_external_task_marker_parent to None
[2021-03-31 02:54:54,043] {scheduler_job.py:190} INFO - Processing /home/prathamesh/PycharmProjects/airflow-basic/venv/lib/python3.8/site-packages/airflow/example_dags/example_external_task_marker_dag.py took 0.043 seconds
[2021-03-31 02:55:27,837] {scheduler_job.py:182} INFO - Started process (PID=14598) to work on /home/prathamesh/PycharmProjects/airflow-basic/venv/lib/python3.8/site-packages/airflow/example_dags/example_external_task_marker_dag.py
[2021-03-31 02:55:27,839] {scheduler_job.py:629} INFO - Processing file /home/prathamesh/PycharmProjects/airflow-basic/venv/lib/python3.8/site-packages/airflow/example_dags/example_external_task_marker_dag.py for tasks to queue
[2021-03-31 02:55:27,839] {logging_mixin.py:104} INFO - [2021-03-31 02:55:27,839] {dagbag.py:448} INFO - Filling up the DagBag from /home/prathamesh/PycharmProjects/airflow-basic/venv/lib/python3.8/site-packages/airflow/example_dags/example_external_task_marker_dag.py
[2021-03-31 02:55:27,863] {scheduler_job.py:639} INFO - DAG(s) dict_keys(['example_external_task_marker_parent', 'example_external_task_marker_child']) retrieved from /home/prathamesh/PycharmProjects/airflow-basic/venv/lib/python3.8/site-packages/airflow/example_dags/example_external_task_marker_dag.py
[2021-03-31 02:55:27,882] {logging_mixin.py:104} INFO - [2021-03-31 02:55:27,882] {dag.py:1818} INFO - Sync 2 DAGs
[2021-03-31 02:55:27,891] {logging_mixin.py:104} INFO - [2021-03-31 02:55:27,891] {dag.py:2273} INFO - Setting next_dagrun for example_external_task_marker_child to None
[2021-03-31 02:55:27,892] {logging_mixin.py:104} INFO - [2021-03-31 02:55:27,892] {dag.py:2273} INFO - Setting next_dagrun for example_external_task_marker_parent to None
[2021-03-31 02:55:27,909] {scheduler_job.py:190} INFO - Processing /home/prathamesh/PycharmProjects/airflow-basic/venv/lib/python3.8/site-packages/airflow/example_dags/example_external_task_marker_dag.py took 0.074 seconds
[2021-03-31 02:56:50,323] {scheduler_job.py:182} INFO - Started process (PID=14777) to work on /home/prathamesh/PycharmProjects/airflow-basic/venv/lib/python3.8/site-packages/airflow/example_dags/example_external_task_marker_dag.py
[2021-03-31 02:56:50,324] {scheduler_job.py:629} INFO - Processing file /home/prathamesh/PycharmProjects/airflow-basic/venv/lib/python3.8/site-packages/airflow/example_dags/example_external_task_marker_dag.py for tasks to queue
[2021-03-31 02:56:50,325] {logging_mixin.py:104} INFO - [2021-03-31 02:56:50,325] {dagbag.py:448} INFO - Filling up the DagBag from /home/prathamesh/PycharmProjects/airflow-basic/venv/lib/python3.8/site-packages/airflow/example_dags/example_external_task_marker_dag.py
[2021-03-31 02:56:50,335] {scheduler_job.py:639} INFO - DAG(s) dict_keys(['example_external_task_marker_parent', 'example_external_task_marker_child']) retrieved from /home/prathamesh/PycharmProjects/airflow-basic/venv/lib/python3.8/site-packages/airflow/example_dags/example_external_task_marker_dag.py
[2021-03-31 02:56:50,350] {logging_mixin.py:104} INFO - [2021-03-31 02:56:50,350] {dag.py:1818} INFO - Sync 2 DAGs
[2021-03-31 02:56:50,356] {logging_mixin.py:104} INFO - [2021-03-31 02:56:50,355] {dag.py:2273} INFO - Setting next_dagrun for example_external_task_marker_child to None
[2021-03-31 02:56:50,356] {logging_mixin.py:104} INFO - [2021-03-31 02:56:50,356] {dag.py:2273} INFO - Setting next_dagrun for example_external_task_marker_parent to None
[2021-03-31 02:56:50,371] {scheduler_job.py:190} INFO - Processing /home/prathamesh/PycharmProjects/airflow-basic/venv/lib/python3.8/site-packages/airflow/example_dags/example_external_task_marker_dag.py took 0.053 seconds
[2021-03-31 02:57:24,234] {scheduler_job.py:182} INFO - Started process (PID=14911) to work on /home/prathamesh/PycharmProjects/airflow-basic/venv/lib/python3.8/site-packages/airflow/example_dags/example_external_task_marker_dag.py
[2021-03-31 02:57:24,235] {scheduler_job.py:629} INFO - Processing file /home/prathamesh/PycharmProjects/airflow-basic/venv/lib/python3.8/site-packages/airflow/example_dags/example_external_task_marker_dag.py for tasks to queue
[2021-03-31 02:57:24,236] {logging_mixin.py:104} INFO - [2021-03-31 02:57:24,236] {dagbag.py:448} INFO - Filling up the DagBag from /home/prathamesh/PycharmProjects/airflow-basic/venv/lib/python3.8/site-packages/airflow/example_dags/example_external_task_marker_dag.py
[2021-03-31 02:57:24,249] {scheduler_job.py:639} INFO - DAG(s) dict_keys(['example_external_task_marker_parent', 'example_external_task_marker_child']) retrieved from /home/prathamesh/PycharmProjects/airflow-basic/venv/lib/python3.8/site-packages/airflow/example_dags/example_external_task_marker_dag.py
[2021-03-31 02:57:24,269] {logging_mixin.py:104} INFO - [2021-03-31 02:57:24,268] {dag.py:1818} INFO - Sync 2 DAGs
[2021-03-31 02:57:24,290] {logging_mixin.py:104} INFO - [2021-03-31 02:57:24,290] {dag.py:2273} INFO - Setting next_dagrun for example_external_task_marker_child to None
[2021-03-31 02:57:24,290] {logging_mixin.py:104} INFO - [2021-03-31 02:57:24,290] {dag.py:2273} INFO - Setting next_dagrun for example_external_task_marker_parent to None
[2021-03-31 02:57:24,305] {scheduler_job.py:190} INFO - Processing /home/prathamesh/PycharmProjects/airflow-basic/venv/lib/python3.8/site-packages/airflow/example_dags/example_external_task_marker_dag.py took 0.073 seconds
[2021-03-31 02:58:05,947] {scheduler_job.py:182} INFO - Started process (PID=15052) to work on /home/prathamesh/PycharmProjects/airflow-basic/venv/lib/python3.8/site-packages/airflow/example_dags/example_external_task_marker_dag.py
[2021-03-31 02:58:05,947] {scheduler_job.py:629} INFO - Processing file /home/prathamesh/PycharmProjects/airflow-basic/venv/lib/python3.8/site-packages/airflow/example_dags/example_external_task_marker_dag.py for tasks to queue
[2021-03-31 02:58:05,948] {logging_mixin.py:104} INFO - [2021-03-31 02:58:05,948] {dagbag.py:448} INFO - Filling up the DagBag from /home/prathamesh/PycharmProjects/airflow-basic/venv/lib/python3.8/site-packages/airflow/example_dags/example_external_task_marker_dag.py
[2021-03-31 02:58:05,954] {scheduler_job.py:639} INFO - DAG(s) dict_keys(['example_external_task_marker_parent', 'example_external_task_marker_child']) retrieved from /home/prathamesh/PycharmProjects/airflow-basic/venv/lib/python3.8/site-packages/airflow/example_dags/example_external_task_marker_dag.py
[2021-03-31 02:58:05,966] {logging_mixin.py:104} INFO - [2021-03-31 02:58:05,966] {dag.py:1818} INFO - Sync 2 DAGs
[2021-03-31 02:58:05,972] {logging_mixin.py:104} INFO - [2021-03-31 02:58:05,972] {dag.py:2273} INFO - Setting next_dagrun for example_external_task_marker_child to None
[2021-03-31 02:58:05,973] {logging_mixin.py:104} INFO - [2021-03-31 02:58:05,973] {dag.py:2273} INFO - Setting next_dagrun for example_external_task_marker_parent to None
[2021-03-31 02:58:05,988] {scheduler_job.py:190} INFO - Processing /home/prathamesh/PycharmProjects/airflow-basic/venv/lib/python3.8/site-packages/airflow/example_dags/example_external_task_marker_dag.py took 0.044 seconds
[2021-03-31 02:58:47,319] {scheduler_job.py:182} INFO - Started process (PID=15183) to work on /home/prathamesh/PycharmProjects/airflow-basic/venv/lib/python3.8/site-packages/airflow/example_dags/example_external_task_marker_dag.py
[2021-03-31 02:58:47,323] {scheduler_job.py:629} INFO - Processing file /home/prathamesh/PycharmProjects/airflow-basic/venv/lib/python3.8/site-packages/airflow/example_dags/example_external_task_marker_dag.py for tasks to queue
[2021-03-31 02:58:47,323] {logging_mixin.py:104} INFO - [2021-03-31 02:58:47,323] {dagbag.py:448} INFO - Filling up the DagBag from /home/prathamesh/PycharmProjects/airflow-basic/venv/lib/python3.8/site-packages/airflow/example_dags/example_external_task_marker_dag.py
[2021-03-31 02:58:47,331] {scheduler_job.py:639} INFO - DAG(s) dict_keys(['example_external_task_marker_parent', 'example_external_task_marker_child']) retrieved from /home/prathamesh/PycharmProjects/airflow-basic/venv/lib/python3.8/site-packages/airflow/example_dags/example_external_task_marker_dag.py
[2021-03-31 02:58:47,343] {logging_mixin.py:104} INFO - [2021-03-31 02:58:47,343] {dag.py:1818} INFO - Sync 2 DAGs
[2021-03-31 02:58:47,348] {logging_mixin.py:104} INFO - [2021-03-31 02:58:47,348] {dag.py:2273} INFO - Setting next_dagrun for example_external_task_marker_child to None
[2021-03-31 02:58:47,349] {logging_mixin.py:104} INFO - [2021-03-31 02:58:47,349] {dag.py:2273} INFO - Setting next_dagrun for example_external_task_marker_parent to None
[2021-03-31 02:58:47,364] {scheduler_job.py:190} INFO - Processing /home/prathamesh/PycharmProjects/airflow-basic/venv/lib/python3.8/site-packages/airflow/example_dags/example_external_task_marker_dag.py took 0.057 seconds
[2021-03-31 02:59:24,797] {scheduler_job.py:182} INFO - Started process (PID=15315) to work on /home/prathamesh/PycharmProjects/airflow-basic/venv/lib/python3.8/site-packages/airflow/example_dags/example_external_task_marker_dag.py
[2021-03-31 02:59:24,799] {scheduler_job.py:629} INFO - Processing file /home/prathamesh/PycharmProjects/airflow-basic/venv/lib/python3.8/site-packages/airflow/example_dags/example_external_task_marker_dag.py for tasks to queue
[2021-03-31 02:59:24,800] {logging_mixin.py:104} INFO - [2021-03-31 02:59:24,800] {dagbag.py:448} INFO - Filling up the DagBag from /home/prathamesh/PycharmProjects/airflow-basic/venv/lib/python3.8/site-packages/airflow/example_dags/example_external_task_marker_dag.py
[2021-03-31 02:59:24,815] {scheduler_job.py:639} INFO - DAG(s) dict_keys(['example_external_task_marker_parent', 'example_external_task_marker_child']) retrieved from /home/prathamesh/PycharmProjects/airflow-basic/venv/lib/python3.8/site-packages/airflow/example_dags/example_external_task_marker_dag.py
[2021-03-31 02:59:24,834] {logging_mixin.py:104} INFO - [2021-03-31 02:59:24,834] {dag.py:1818} INFO - Sync 2 DAGs
[2021-03-31 02:59:24,852] {logging_mixin.py:104} INFO - [2021-03-31 02:59:24,852] {dag.py:2273} INFO - Setting next_dagrun for example_external_task_marker_child to None
[2021-03-31 02:59:24,852] {logging_mixin.py:104} INFO - [2021-03-31 02:59:24,852] {dag.py:2273} INFO - Setting next_dagrun for example_external_task_marker_parent to None
[2021-03-31 02:59:24,867] {scheduler_job.py:190} INFO - Processing /home/prathamesh/PycharmProjects/airflow-basic/venv/lib/python3.8/site-packages/airflow/example_dags/example_external_task_marker_dag.py took 0.072 seconds
[2021-03-31 03:01:07,411] {scheduler_job.py:182} INFO - Started process (PID=16106) to work on /home/prathamesh/PycharmProjects/airflow-basic/venv/lib/python3.8/site-packages/airflow/example_dags/example_external_task_marker_dag.py
[2021-03-31 03:01:07,412] {scheduler_job.py:629} INFO - Processing file /home/prathamesh/PycharmProjects/airflow-basic/venv/lib/python3.8/site-packages/airflow/example_dags/example_external_task_marker_dag.py for tasks to queue
[2021-03-31 03:01:07,412] {logging_mixin.py:104} INFO - [2021-03-31 03:01:07,412] {dagbag.py:448} INFO - Filling up the DagBag from /home/prathamesh/PycharmProjects/airflow-basic/venv/lib/python3.8/site-packages/airflow/example_dags/example_external_task_marker_dag.py
[2021-03-31 03:01:07,421] {scheduler_job.py:639} INFO - DAG(s) dict_keys(['example_external_task_marker_parent', 'example_external_task_marker_child']) retrieved from /home/prathamesh/PycharmProjects/airflow-basic/venv/lib/python3.8/site-packages/airflow/example_dags/example_external_task_marker_dag.py
[2021-03-31 03:01:07,439] {logging_mixin.py:104} INFO - [2021-03-31 03:01:07,438] {dag.py:1818} INFO - Sync 2 DAGs
[2021-03-31 03:01:07,449] {logging_mixin.py:104} INFO - [2021-03-31 03:01:07,449] {dag.py:2273} INFO - Setting next_dagrun for example_external_task_marker_child to None
[2021-03-31 03:01:07,450] {logging_mixin.py:104} INFO - [2021-03-31 03:01:07,450] {dag.py:2273} INFO - Setting next_dagrun for example_external_task_marker_parent to None
[2021-03-31 03:01:07,466] {scheduler_job.py:190} INFO - Processing /home/prathamesh/PycharmProjects/airflow-basic/venv/lib/python3.8/site-packages/airflow/example_dags/example_external_task_marker_dag.py took 0.057 seconds
[2021-03-31 03:01:45,739] {scheduler_job.py:182} INFO - Started process (PID=16238) to work on /home/prathamesh/PycharmProjects/airflow-basic/venv/lib/python3.8/site-packages/airflow/example_dags/example_external_task_marker_dag.py
[2021-03-31 03:01:45,740] {scheduler_job.py:629} INFO - Processing file /home/prathamesh/PycharmProjects/airflow-basic/venv/lib/python3.8/site-packages/airflow/example_dags/example_external_task_marker_dag.py for tasks to queue
[2021-03-31 03:01:45,741] {logging_mixin.py:104} INFO - [2021-03-31 03:01:45,741] {dagbag.py:448} INFO - Filling up the DagBag from /home/prathamesh/PycharmProjects/airflow-basic/venv/lib/python3.8/site-packages/airflow/example_dags/example_external_task_marker_dag.py
[2021-03-31 03:01:45,760] {scheduler_job.py:639} INFO - DAG(s) dict_keys(['example_external_task_marker_parent', 'example_external_task_marker_child']) retrieved from /home/prathamesh/PycharmProjects/airflow-basic/venv/lib/python3.8/site-packages/airflow/example_dags/example_external_task_marker_dag.py
[2021-03-31 03:01:45,785] {logging_mixin.py:104} INFO - [2021-03-31 03:01:45,785] {dag.py:1818} INFO - Sync 2 DAGs
[2021-03-31 03:01:45,805] {logging_mixin.py:104} INFO - [2021-03-31 03:01:45,805] {dag.py:2273} INFO - Setting next_dagrun for example_external_task_marker_child to None
[2021-03-31 03:01:45,805] {logging_mixin.py:104} INFO - [2021-03-31 03:01:45,805] {dag.py:2273} INFO - Setting next_dagrun for example_external_task_marker_parent to None
[2021-03-31 03:01:45,830] {scheduler_job.py:190} INFO - Processing /home/prathamesh/PycharmProjects/airflow-basic/venv/lib/python3.8/site-packages/airflow/example_dags/example_external_task_marker_dag.py took 0.093 seconds
[2021-03-31 03:02:23,849] {scheduler_job.py:182} INFO - Started process (PID=16371) to work on /home/prathamesh/PycharmProjects/airflow-basic/venv/lib/python3.8/site-packages/airflow/example_dags/example_external_task_marker_dag.py
[2021-03-31 03:02:23,852] {scheduler_job.py:629} INFO - Processing file /home/prathamesh/PycharmProjects/airflow-basic/venv/lib/python3.8/site-packages/airflow/example_dags/example_external_task_marker_dag.py for tasks to queue
[2021-03-31 03:02:23,852] {logging_mixin.py:104} INFO - [2021-03-31 03:02:23,852] {dagbag.py:448} INFO - Filling up the DagBag from /home/prathamesh/PycharmProjects/airflow-basic/venv/lib/python3.8/site-packages/airflow/example_dags/example_external_task_marker_dag.py
[2021-03-31 03:02:23,860] {scheduler_job.py:639} INFO - DAG(s) dict_keys(['example_external_task_marker_parent', 'example_external_task_marker_child']) retrieved from /home/prathamesh/PycharmProjects/airflow-basic/venv/lib/python3.8/site-packages/airflow/example_dags/example_external_task_marker_dag.py
[2021-03-31 03:02:23,880] {logging_mixin.py:104} INFO - [2021-03-31 03:02:23,880] {dag.py:1818} INFO - Sync 2 DAGs
[2021-03-31 03:02:23,897] {logging_mixin.py:104} INFO - [2021-03-31 03:02:23,897] {dag.py:2273} INFO - Setting next_dagrun for example_external_task_marker_child to None
[2021-03-31 03:02:23,897] {logging_mixin.py:104} INFO - [2021-03-31 03:02:23,897] {dag.py:2273} INFO - Setting next_dagrun for example_external_task_marker_parent to None
[2021-03-31 03:02:23,918] {scheduler_job.py:190} INFO - Processing /home/prathamesh/PycharmProjects/airflow-basic/venv/lib/python3.8/site-packages/airflow/example_dags/example_external_task_marker_dag.py took 0.071 seconds
[2021-03-31 03:03:01,632] {scheduler_job.py:182} INFO - Started process (PID=16503) to work on /home/prathamesh/PycharmProjects/airflow-basic/venv/lib/python3.8/site-packages/airflow/example_dags/example_external_task_marker_dag.py
[2021-03-31 03:03:01,633] {scheduler_job.py:629} INFO - Processing file /home/prathamesh/PycharmProjects/airflow-basic/venv/lib/python3.8/site-packages/airflow/example_dags/example_external_task_marker_dag.py for tasks to queue
[2021-03-31 03:03:01,634] {logging_mixin.py:104} INFO - [2021-03-31 03:03:01,634] {dagbag.py:448} INFO - Filling up the DagBag from /home/prathamesh/PycharmProjects/airflow-basic/venv/lib/python3.8/site-packages/airflow/example_dags/example_external_task_marker_dag.py
[2021-03-31 03:03:01,640] {scheduler_job.py:639} INFO - DAG(s) dict_keys(['example_external_task_marker_parent', 'example_external_task_marker_child']) retrieved from /home/prathamesh/PycharmProjects/airflow-basic/venv/lib/python3.8/site-packages/airflow/example_dags/example_external_task_marker_dag.py
[2021-03-31 03:03:01,651] {logging_mixin.py:104} INFO - [2021-03-31 03:03:01,651] {dag.py:1818} INFO - Sync 2 DAGs
[2021-03-31 03:03:01,658] {logging_mixin.py:104} INFO - [2021-03-31 03:03:01,658] {dag.py:2273} INFO - Setting next_dagrun for example_external_task_marker_child to None
[2021-03-31 03:03:01,658] {logging_mixin.py:104} INFO - [2021-03-31 03:03:01,658] {dag.py:2273} INFO - Setting next_dagrun for example_external_task_marker_parent to None
[2021-03-31 03:03:01,664] {scheduler_job.py:190} INFO - Processing /home/prathamesh/PycharmProjects/airflow-basic/venv/lib/python3.8/site-packages/airflow/example_dags/example_external_task_marker_dag.py took 0.034 seconds
[2021-03-31 03:03:46,292] {scheduler_job.py:182} INFO - Started process (PID=16637) to work on /home/prathamesh/PycharmProjects/airflow-basic/venv/lib/python3.8/site-packages/airflow/example_dags/example_external_task_marker_dag.py
[2021-03-31 03:03:46,293] {scheduler_job.py:629} INFO - Processing file /home/prathamesh/PycharmProjects/airflow-basic/venv/lib/python3.8/site-packages/airflow/example_dags/example_external_task_marker_dag.py for tasks to queue
[2021-03-31 03:03:46,293] {logging_mixin.py:104} INFO - [2021-03-31 03:03:46,293] {dagbag.py:448} INFO - Filling up the DagBag from /home/prathamesh/PycharmProjects/airflow-basic/venv/lib/python3.8/site-packages/airflow/example_dags/example_external_task_marker_dag.py
[2021-03-31 03:03:46,300] {scheduler_job.py:639} INFO - DAG(s) dict_keys(['example_external_task_marker_parent', 'example_external_task_marker_child']) retrieved from /home/prathamesh/PycharmProjects/airflow-basic/venv/lib/python3.8/site-packages/airflow/example_dags/example_external_task_marker_dag.py
[2021-03-31 03:03:46,316] {logging_mixin.py:104} INFO - [2021-03-31 03:03:46,316] {dag.py:1818} INFO - Sync 2 DAGs
[2021-03-31 03:03:46,323] {logging_mixin.py:104} INFO - [2021-03-31 03:03:46,323] {dag.py:2273} INFO - Setting next_dagrun for example_external_task_marker_child to None
[2021-03-31 03:03:46,323] {logging_mixin.py:104} INFO - [2021-03-31 03:03:46,323] {dag.py:2273} INFO - Setting next_dagrun for example_external_task_marker_parent to None
[2021-03-31 03:03:46,336] {scheduler_job.py:190} INFO - Processing /home/prathamesh/PycharmProjects/airflow-basic/venv/lib/python3.8/site-packages/airflow/example_dags/example_external_task_marker_dag.py took 0.046 seconds
[2021-03-31 03:04:25,069] {scheduler_job.py:182} INFO - Started process (PID=16771) to work on /home/prathamesh/PycharmProjects/airflow-basic/venv/lib/python3.8/site-packages/airflow/example_dags/example_external_task_marker_dag.py
[2021-03-31 03:04:25,070] {scheduler_job.py:629} INFO - Processing file /home/prathamesh/PycharmProjects/airflow-basic/venv/lib/python3.8/site-packages/airflow/example_dags/example_external_task_marker_dag.py for tasks to queue
[2021-03-31 03:04:25,070] {logging_mixin.py:104} INFO - [2021-03-31 03:04:25,070] {dagbag.py:448} INFO - Filling up the DagBag from /home/prathamesh/PycharmProjects/airflow-basic/venv/lib/python3.8/site-packages/airflow/example_dags/example_external_task_marker_dag.py
[2021-03-31 03:04:25,079] {scheduler_job.py:639} INFO - DAG(s) dict_keys(['example_external_task_marker_parent', 'example_external_task_marker_child']) retrieved from /home/prathamesh/PycharmProjects/airflow-basic/venv/lib/python3.8/site-packages/airflow/example_dags/example_external_task_marker_dag.py
[2021-03-31 03:04:25,092] {logging_mixin.py:104} INFO - [2021-03-31 03:04:25,092] {dag.py:1818} INFO - Sync 2 DAGs
[2021-03-31 03:04:25,099] {logging_mixin.py:104} INFO - [2021-03-31 03:04:25,099] {dag.py:2273} INFO - Setting next_dagrun for example_external_task_marker_child to None
[2021-03-31 03:04:25,100] {logging_mixin.py:104} INFO - [2021-03-31 03:04:25,100] {dag.py:2273} INFO - Setting next_dagrun for example_external_task_marker_parent to None
[2021-03-31 03:04:25,115] {scheduler_job.py:190} INFO - Processing /home/prathamesh/PycharmProjects/airflow-basic/venv/lib/python3.8/site-packages/airflow/example_dags/example_external_task_marker_dag.py took 0.048 seconds
[2021-03-31 03:05:03,621] {scheduler_job.py:182} INFO - Started process (PID=16901) to work on /home/prathamesh/PycharmProjects/airflow-basic/venv/lib/python3.8/site-packages/airflow/example_dags/example_external_task_marker_dag.py
[2021-03-31 03:05:03,623] {scheduler_job.py:629} INFO - Processing file /home/prathamesh/PycharmProjects/airflow-basic/venv/lib/python3.8/site-packages/airflow/example_dags/example_external_task_marker_dag.py for tasks to queue
[2021-03-31 03:05:03,623] {logging_mixin.py:104} INFO - [2021-03-31 03:05:03,623] {dagbag.py:448} INFO - Filling up the DagBag from /home/prathamesh/PycharmProjects/airflow-basic/venv/lib/python3.8/site-packages/airflow/example_dags/example_external_task_marker_dag.py
[2021-03-31 03:05:03,638] {scheduler_job.py:639} INFO - DAG(s) dict_keys(['example_external_task_marker_parent', 'example_external_task_marker_child']) retrieved from /home/prathamesh/PycharmProjects/airflow-basic/venv/lib/python3.8/site-packages/airflow/example_dags/example_external_task_marker_dag.py
[2021-03-31 03:05:03,652] {logging_mixin.py:104} INFO - [2021-03-31 03:05:03,652] {dag.py:1818} INFO - Sync 2 DAGs
[2021-03-31 03:05:03,666] {logging_mixin.py:104} INFO - [2021-03-31 03:05:03,666] {dag.py:2273} INFO - Setting next_dagrun for example_external_task_marker_child to None
[2021-03-31 03:05:03,666] {logging_mixin.py:104} INFO - [2021-03-31 03:05:03,666] {dag.py:2273} INFO - Setting next_dagrun for example_external_task_marker_parent to None
[2021-03-31 03:05:03,682] {scheduler_job.py:190} INFO - Processing /home/prathamesh/PycharmProjects/airflow-basic/venv/lib/python3.8/site-packages/airflow/example_dags/example_external_task_marker_dag.py took 0.064 seconds
[2021-03-31 03:05:37,807] {scheduler_job.py:182} INFO - Started process (PID=17030) to work on /home/prathamesh/PycharmProjects/airflow-basic/venv/lib/python3.8/site-packages/airflow/example_dags/example_external_task_marker_dag.py
[2021-03-31 03:05:37,808] {scheduler_job.py:629} INFO - Processing file /home/prathamesh/PycharmProjects/airflow-basic/venv/lib/python3.8/site-packages/airflow/example_dags/example_external_task_marker_dag.py for tasks to queue
[2021-03-31 03:05:37,808] {logging_mixin.py:104} INFO - [2021-03-31 03:05:37,808] {dagbag.py:448} INFO - Filling up the DagBag from /home/prathamesh/PycharmProjects/airflow-basic/venv/lib/python3.8/site-packages/airflow/example_dags/example_external_task_marker_dag.py
[2021-03-31 03:05:37,816] {scheduler_job.py:639} INFO - DAG(s) dict_keys(['example_external_task_marker_parent', 'example_external_task_marker_child']) retrieved from /home/prathamesh/PycharmProjects/airflow-basic/venv/lib/python3.8/site-packages/airflow/example_dags/example_external_task_marker_dag.py
[2021-03-31 03:05:37,829] {logging_mixin.py:104} INFO - [2021-03-31 03:05:37,828] {dag.py:1818} INFO - Sync 2 DAGs
[2021-03-31 03:05:37,835] {logging_mixin.py:104} INFO - [2021-03-31 03:05:37,835] {dag.py:2273} INFO - Setting next_dagrun for example_external_task_marker_child to None
[2021-03-31 03:05:37,836] {logging_mixin.py:104} INFO - [2021-03-31 03:05:37,836] {dag.py:2273} INFO - Setting next_dagrun for example_external_task_marker_parent to None
[2021-03-31 03:05:37,839] {scheduler_job.py:190} INFO - Processing /home/prathamesh/PycharmProjects/airflow-basic/venv/lib/python3.8/site-packages/airflow/example_dags/example_external_task_marker_dag.py took 0.035 seconds
[2021-03-31 03:06:19,087] {scheduler_job.py:182} INFO - Started process (PID=17170) to work on /home/prathamesh/PycharmProjects/airflow-basic/venv/lib/python3.8/site-packages/airflow/example_dags/example_external_task_marker_dag.py
[2021-03-31 03:06:19,088] {scheduler_job.py:629} INFO - Processing file /home/prathamesh/PycharmProjects/airflow-basic/venv/lib/python3.8/site-packages/airflow/example_dags/example_external_task_marker_dag.py for tasks to queue
[2021-03-31 03:06:19,088] {logging_mixin.py:104} INFO - [2021-03-31 03:06:19,088] {dagbag.py:448} INFO - Filling up the DagBag from /home/prathamesh/PycharmProjects/airflow-basic/venv/lib/python3.8/site-packages/airflow/example_dags/example_external_task_marker_dag.py
[2021-03-31 03:06:19,096] {scheduler_job.py:639} INFO - DAG(s) dict_keys(['example_external_task_marker_parent', 'example_external_task_marker_child']) retrieved from /home/prathamesh/PycharmProjects/airflow-basic/venv/lib/python3.8/site-packages/airflow/example_dags/example_external_task_marker_dag.py
[2021-03-31 03:06:19,107] {logging_mixin.py:104} INFO - [2021-03-31 03:06:19,107] {dag.py:1818} INFO - Sync 2 DAGs
[2021-03-31 03:06:19,113] {logging_mixin.py:104} INFO - [2021-03-31 03:06:19,113] {dag.py:2273} INFO - Setting next_dagrun for example_external_task_marker_child to None
[2021-03-31 03:06:19,114] {logging_mixin.py:104} INFO - [2021-03-31 03:06:19,114] {dag.py:2273} INFO - Setting next_dagrun for example_external_task_marker_parent to None
[2021-03-31 03:06:19,117] {scheduler_job.py:190} INFO - Processing /home/prathamesh/PycharmProjects/airflow-basic/venv/lib/python3.8/site-packages/airflow/example_dags/example_external_task_marker_dag.py took 0.044 seconds
[2021-03-31 03:06:58,307] {scheduler_job.py:182} INFO - Started process (PID=17303) to work on /home/prathamesh/PycharmProjects/airflow-basic/venv/lib/python3.8/site-packages/airflow/example_dags/example_external_task_marker_dag.py
[2021-03-31 03:06:58,308] {scheduler_job.py:629} INFO - Processing file /home/prathamesh/PycharmProjects/airflow-basic/venv/lib/python3.8/site-packages/airflow/example_dags/example_external_task_marker_dag.py for tasks to queue
[2021-03-31 03:06:58,308] {logging_mixin.py:104} INFO - [2021-03-31 03:06:58,308] {dagbag.py:448} INFO - Filling up the DagBag from /home/prathamesh/PycharmProjects/airflow-basic/venv/lib/python3.8/site-packages/airflow/example_dags/example_external_task_marker_dag.py
[2021-03-31 03:06:58,318] {scheduler_job.py:639} INFO - DAG(s) dict_keys(['example_external_task_marker_parent', 'example_external_task_marker_child']) retrieved from /home/prathamesh/PycharmProjects/airflow-basic/venv/lib/python3.8/site-packages/airflow/example_dags/example_external_task_marker_dag.py
[2021-03-31 03:06:58,331] {logging_mixin.py:104} INFO - [2021-03-31 03:06:58,331] {dag.py:1818} INFO - Sync 2 DAGs
[2021-03-31 03:06:58,340] {logging_mixin.py:104} INFO - [2021-03-31 03:06:58,340] {dag.py:2273} INFO - Setting next_dagrun for example_external_task_marker_child to None
[2021-03-31 03:06:58,341] {logging_mixin.py:104} INFO - [2021-03-31 03:06:58,341] {dag.py:2273} INFO - Setting next_dagrun for example_external_task_marker_parent to None
[2021-03-31 03:06:58,345] {scheduler_job.py:190} INFO - Processing /home/prathamesh/PycharmProjects/airflow-basic/venv/lib/python3.8/site-packages/airflow/example_dags/example_external_task_marker_dag.py took 0.040 seconds
[2021-03-31 03:07:38,042] {scheduler_job.py:182} INFO - Started process (PID=17438) to work on /home/prathamesh/PycharmProjects/airflow-basic/venv/lib/python3.8/site-packages/airflow/example_dags/example_external_task_marker_dag.py
[2021-03-31 03:07:38,043] {scheduler_job.py:629} INFO - Processing file /home/prathamesh/PycharmProjects/airflow-basic/venv/lib/python3.8/site-packages/airflow/example_dags/example_external_task_marker_dag.py for tasks to queue
[2021-03-31 03:07:38,043] {logging_mixin.py:104} INFO - [2021-03-31 03:07:38,043] {dagbag.py:448} INFO - Filling up the DagBag from /home/prathamesh/PycharmProjects/airflow-basic/venv/lib/python3.8/site-packages/airflow/example_dags/example_external_task_marker_dag.py
[2021-03-31 03:07:38,054] {scheduler_job.py:639} INFO - DAG(s) dict_keys(['example_external_task_marker_parent', 'example_external_task_marker_child']) retrieved from /home/prathamesh/PycharmProjects/airflow-basic/venv/lib/python3.8/site-packages/airflow/example_dags/example_external_task_marker_dag.py
[2021-03-31 03:07:38,070] {logging_mixin.py:104} INFO - [2021-03-31 03:07:38,069] {dag.py:1818} INFO - Sync 2 DAGs
[2021-03-31 03:07:38,077] {logging_mixin.py:104} INFO - [2021-03-31 03:07:38,077] {dag.py:2273} INFO - Setting next_dagrun for example_external_task_marker_child to None
[2021-03-31 03:07:38,077] {logging_mixin.py:104} INFO - [2021-03-31 03:07:38,077] {dag.py:2273} INFO - Setting next_dagrun for example_external_task_marker_parent to None
[2021-03-31 03:07:38,094] {scheduler_job.py:190} INFO - Processing /home/prathamesh/PycharmProjects/airflow-basic/venv/lib/python3.8/site-packages/airflow/example_dags/example_external_task_marker_dag.py took 0.055 seconds
[2021-03-31 03:08:15,083] {scheduler_job.py:182} INFO - Started process (PID=17581) to work on /home/prathamesh/PycharmProjects/airflow-basic/venv/lib/python3.8/site-packages/airflow/example_dags/example_external_task_marker_dag.py
[2021-03-31 03:08:15,084] {scheduler_job.py:629} INFO - Processing file /home/prathamesh/PycharmProjects/airflow-basic/venv/lib/python3.8/site-packages/airflow/example_dags/example_external_task_marker_dag.py for tasks to queue
[2021-03-31 03:08:15,084] {logging_mixin.py:104} INFO - [2021-03-31 03:08:15,084] {dagbag.py:448} INFO - Filling up the DagBag from /home/prathamesh/PycharmProjects/airflow-basic/venv/lib/python3.8/site-packages/airflow/example_dags/example_external_task_marker_dag.py
[2021-03-31 03:08:15,096] {scheduler_job.py:639} INFO - DAG(s) dict_keys(['example_external_task_marker_parent', 'example_external_task_marker_child']) retrieved from /home/prathamesh/PycharmProjects/airflow-basic/venv/lib/python3.8/site-packages/airflow/example_dags/example_external_task_marker_dag.py
[2021-03-31 03:08:15,108] {logging_mixin.py:104} INFO - [2021-03-31 03:08:15,108] {dag.py:1818} INFO - Sync 2 DAGs
[2021-03-31 03:08:15,128] {logging_mixin.py:104} INFO - [2021-03-31 03:08:15,128] {dag.py:2273} INFO - Setting next_dagrun for example_external_task_marker_child to None
[2021-03-31 03:08:15,129] {logging_mixin.py:104} INFO - [2021-03-31 03:08:15,129] {dag.py:2273} INFO - Setting next_dagrun for example_external_task_marker_parent to None
[2021-03-31 03:08:15,169] {scheduler_job.py:190} INFO - Processing /home/prathamesh/PycharmProjects/airflow-basic/venv/lib/python3.8/site-packages/airflow/example_dags/example_external_task_marker_dag.py took 0.092 seconds
