[2021-03-31 01:48:37,894] {scheduler_job.py:182} INFO - Started process (PID=12582) to work on /home/prathamesh/PycharmProjects/airflow-basic/venv/lib/python3.8/site-packages/airflow/example_dags/example_branch_python_dop_operator_3.py
[2021-03-31 01:48:37,897] {scheduler_job.py:629} INFO - Processing file /home/prathamesh/PycharmProjects/airflow-basic/venv/lib/python3.8/site-packages/airflow/example_dags/example_branch_python_dop_operator_3.py for tasks to queue
[2021-03-31 01:48:37,949] {logging_mixin.py:104} INFO - [2021-03-31 01:48:37,948] {dagbag.py:448} INFO - Filling up the DagBag from /home/prathamesh/PycharmProjects/airflow-basic/venv/lib/python3.8/site-packages/airflow/example_dags/example_branch_python_dop_operator_3.py
[2021-03-31 01:48:38,078] {scheduler_job.py:639} INFO - DAG(s) dict_keys(['example_branch_dop_operator_v3']) retrieved from /home/prathamesh/PycharmProjects/airflow-basic/venv/lib/python3.8/site-packages/airflow/example_dags/example_branch_python_dop_operator_3.py
[2021-03-31 01:48:38,232] {logging_mixin.py:104} INFO - [2021-03-31 01:48:38,232] {dag.py:1818} INFO - Sync 1 DAGs
[2021-03-31 01:48:38,405] {logging_mixin.py:104} INFO - [2021-03-31 01:48:38,405] {dag.py:2273} INFO - Setting next_dagrun for example_branch_dop_operator_v3 to 2021-03-29 00:00:00+00:00
[2021-03-31 01:48:38,483] {scheduler_job.py:190} INFO - Processing /home/prathamesh/PycharmProjects/airflow-basic/venv/lib/python3.8/site-packages/airflow/example_dags/example_branch_python_dop_operator_3.py took 0.596 seconds
[2021-03-31 01:49:17,202] {scheduler_job.py:182} INFO - Started process (PID=12637) to work on /home/prathamesh/PycharmProjects/airflow-basic/venv/lib/python3.8/site-packages/airflow/example_dags/example_branch_python_dop_operator_3.py
[2021-03-31 01:49:17,203] {scheduler_job.py:629} INFO - Processing file /home/prathamesh/PycharmProjects/airflow-basic/venv/lib/python3.8/site-packages/airflow/example_dags/example_branch_python_dop_operator_3.py for tasks to queue
[2021-03-31 01:49:17,204] {logging_mixin.py:104} INFO - [2021-03-31 01:49:17,203] {dagbag.py:448} INFO - Filling up the DagBag from /home/prathamesh/PycharmProjects/airflow-basic/venv/lib/python3.8/site-packages/airflow/example_dags/example_branch_python_dop_operator_3.py
[2021-03-31 01:49:17,242] {scheduler_job.py:639} INFO - DAG(s) dict_keys(['example_branch_dop_operator_v3']) retrieved from /home/prathamesh/PycharmProjects/airflow-basic/venv/lib/python3.8/site-packages/airflow/example_dags/example_branch_python_dop_operator_3.py
[2021-03-31 01:49:17,268] {logging_mixin.py:104} INFO - [2021-03-31 01:49:17,268] {dag.py:1818} INFO - Sync 1 DAGs
[2021-03-31 01:49:17,336] {logging_mixin.py:104} INFO - [2021-03-31 01:49:17,336] {dag.py:2273} INFO - Setting next_dagrun for example_branch_dop_operator_v3 to 2021-03-29 00:00:00+00:00
[2021-03-31 01:49:17,362] {scheduler_job.py:190} INFO - Processing /home/prathamesh/PycharmProjects/airflow-basic/venv/lib/python3.8/site-packages/airflow/example_dags/example_branch_python_dop_operator_3.py took 0.177 seconds
[2021-03-31 01:49:49,094] {scheduler_job.py:182} INFO - Started process (PID=12669) to work on /home/prathamesh/PycharmProjects/airflow-basic/venv/lib/python3.8/site-packages/airflow/example_dags/example_branch_python_dop_operator_3.py
[2021-03-31 01:49:49,095] {scheduler_job.py:629} INFO - Processing file /home/prathamesh/PycharmProjects/airflow-basic/venv/lib/python3.8/site-packages/airflow/example_dags/example_branch_python_dop_operator_3.py for tasks to queue
[2021-03-31 01:49:49,095] {logging_mixin.py:104} INFO - [2021-03-31 01:49:49,095] {dagbag.py:448} INFO - Filling up the DagBag from /home/prathamesh/PycharmProjects/airflow-basic/venv/lib/python3.8/site-packages/airflow/example_dags/example_branch_python_dop_operator_3.py
[2021-03-31 01:49:49,120] {scheduler_job.py:639} INFO - DAG(s) dict_keys(['example_branch_dop_operator_v3']) retrieved from /home/prathamesh/PycharmProjects/airflow-basic/venv/lib/python3.8/site-packages/airflow/example_dags/example_branch_python_dop_operator_3.py
[2021-03-31 01:49:49,133] {logging_mixin.py:104} INFO - [2021-03-31 01:49:49,133] {dag.py:1818} INFO - Sync 1 DAGs
[2021-03-31 01:49:49,190] {logging_mixin.py:104} INFO - [2021-03-31 01:49:49,190] {dag.py:2273} INFO - Setting next_dagrun for example_branch_dop_operator_v3 to 2021-03-29 00:00:00+00:00
[2021-03-31 01:49:49,214] {scheduler_job.py:190} INFO - Processing /home/prathamesh/PycharmProjects/airflow-basic/venv/lib/python3.8/site-packages/airflow/example_dags/example_branch_python_dop_operator_3.py took 0.134 seconds
[2021-03-31 01:50:26,303] {scheduler_job.py:182} INFO - Started process (PID=12701) to work on /home/prathamesh/PycharmProjects/airflow-basic/venv/lib/python3.8/site-packages/airflow/example_dags/example_branch_python_dop_operator_3.py
[2021-03-31 01:50:26,304] {scheduler_job.py:629} INFO - Processing file /home/prathamesh/PycharmProjects/airflow-basic/venv/lib/python3.8/site-packages/airflow/example_dags/example_branch_python_dop_operator_3.py for tasks to queue
[2021-03-31 01:50:26,305] {logging_mixin.py:104} INFO - [2021-03-31 01:50:26,305] {dagbag.py:448} INFO - Filling up the DagBag from /home/prathamesh/PycharmProjects/airflow-basic/venv/lib/python3.8/site-packages/airflow/example_dags/example_branch_python_dop_operator_3.py
[2021-03-31 01:50:26,316] {scheduler_job.py:639} INFO - DAG(s) dict_keys(['example_branch_dop_operator_v3']) retrieved from /home/prathamesh/PycharmProjects/airflow-basic/venv/lib/python3.8/site-packages/airflow/example_dags/example_branch_python_dop_operator_3.py
[2021-03-31 01:50:26,331] {logging_mixin.py:104} INFO - [2021-03-31 01:50:26,331] {dag.py:1818} INFO - Sync 1 DAGs
[2021-03-31 01:50:26,352] {logging_mixin.py:104} INFO - [2021-03-31 01:50:26,351] {dag.py:2273} INFO - Setting next_dagrun for example_branch_dop_operator_v3 to 2021-03-29 00:00:00+00:00
[2021-03-31 01:50:26,362] {scheduler_job.py:190} INFO - Processing /home/prathamesh/PycharmProjects/airflow-basic/venv/lib/python3.8/site-packages/airflow/example_dags/example_branch_python_dop_operator_3.py took 0.062 seconds
[2021-03-31 01:50:56,996] {scheduler_job.py:182} INFO - Started process (PID=12744) to work on /home/prathamesh/PycharmProjects/airflow-basic/venv/lib/python3.8/site-packages/airflow/example_dags/example_branch_python_dop_operator_3.py
[2021-03-31 01:50:56,997] {scheduler_job.py:629} INFO - Processing file /home/prathamesh/PycharmProjects/airflow-basic/venv/lib/python3.8/site-packages/airflow/example_dags/example_branch_python_dop_operator_3.py for tasks to queue
[2021-03-31 01:50:56,997] {logging_mixin.py:104} INFO - [2021-03-31 01:50:56,997] {dagbag.py:448} INFO - Filling up the DagBag from /home/prathamesh/PycharmProjects/airflow-basic/venv/lib/python3.8/site-packages/airflow/example_dags/example_branch_python_dop_operator_3.py
[2021-03-31 01:50:57,015] {scheduler_job.py:639} INFO - DAG(s) dict_keys(['example_branch_dop_operator_v3']) retrieved from /home/prathamesh/PycharmProjects/airflow-basic/venv/lib/python3.8/site-packages/airflow/example_dags/example_branch_python_dop_operator_3.py
[2021-03-31 01:50:57,035] {logging_mixin.py:104} INFO - [2021-03-31 01:50:57,035] {dag.py:1818} INFO - Sync 1 DAGs
[2021-03-31 01:50:57,066] {logging_mixin.py:104} INFO - [2021-03-31 01:50:57,066] {dag.py:2273} INFO - Setting next_dagrun for example_branch_dop_operator_v3 to 2021-03-29 00:00:00+00:00
[2021-03-31 01:50:57,077] {scheduler_job.py:190} INFO - Processing /home/prathamesh/PycharmProjects/airflow-basic/venv/lib/python3.8/site-packages/airflow/example_dags/example_branch_python_dop_operator_3.py took 0.085 seconds
[2021-03-31 01:53:10,858] {scheduler_job.py:182} INFO - Started process (PID=12800) to work on /home/prathamesh/PycharmProjects/airflow-basic/venv/lib/python3.8/site-packages/airflow/example_dags/example_branch_python_dop_operator_3.py
[2021-03-31 01:53:10,880] {scheduler_job.py:629} INFO - Processing file /home/prathamesh/PycharmProjects/airflow-basic/venv/lib/python3.8/site-packages/airflow/example_dags/example_branch_python_dop_operator_3.py for tasks to queue
[2021-03-31 01:53:10,882] {logging_mixin.py:104} INFO - [2021-03-31 01:53:10,882] {dagbag.py:448} INFO - Filling up the DagBag from /home/prathamesh/PycharmProjects/airflow-basic/venv/lib/python3.8/site-packages/airflow/example_dags/example_branch_python_dop_operator_3.py
[2021-03-31 01:53:11,035] {scheduler_job.py:639} INFO - DAG(s) dict_keys(['example_branch_dop_operator_v3']) retrieved from /home/prathamesh/PycharmProjects/airflow-basic/venv/lib/python3.8/site-packages/airflow/example_dags/example_branch_python_dop_operator_3.py
[2021-03-31 01:53:11,208] {logging_mixin.py:104} INFO - [2021-03-31 01:53:11,208] {dag.py:1818} INFO - Sync 1 DAGs
[2021-03-31 01:53:11,455] {logging_mixin.py:104} INFO - [2021-03-31 01:53:11,431] {dag.py:2273} INFO - Setting next_dagrun for example_branch_dop_operator_v3 to 2021-03-29 00:00:00+00:00
[2021-03-31 01:53:11,508] {scheduler_job.py:190} INFO - Processing /home/prathamesh/PycharmProjects/airflow-basic/venv/lib/python3.8/site-packages/airflow/example_dags/example_branch_python_dop_operator_3.py took 0.757 seconds
[2021-03-31 01:53:53,989] {scheduler_job.py:182} INFO - Started process (PID=12849) to work on /home/prathamesh/PycharmProjects/airflow-basic/venv/lib/python3.8/site-packages/airflow/example_dags/example_branch_python_dop_operator_3.py
[2021-03-31 01:53:54,016] {scheduler_job.py:629} INFO - Processing file /home/prathamesh/PycharmProjects/airflow-basic/venv/lib/python3.8/site-packages/airflow/example_dags/example_branch_python_dop_operator_3.py for tasks to queue
[2021-03-31 01:53:54,017] {logging_mixin.py:104} INFO - [2021-03-31 01:53:54,017] {dagbag.py:448} INFO - Filling up the DagBag from /home/prathamesh/PycharmProjects/airflow-basic/venv/lib/python3.8/site-packages/airflow/example_dags/example_branch_python_dop_operator_3.py
[2021-03-31 01:53:54,054] {scheduler_job.py:639} INFO - DAG(s) dict_keys(['example_branch_dop_operator_v3']) retrieved from /home/prathamesh/PycharmProjects/airflow-basic/venv/lib/python3.8/site-packages/airflow/example_dags/example_branch_python_dop_operator_3.py
[2021-03-31 01:53:54,102] {logging_mixin.py:104} INFO - [2021-03-31 01:53:54,102] {dag.py:1818} INFO - Sync 1 DAGs
[2021-03-31 01:53:54,183] {logging_mixin.py:104} INFO - [2021-03-31 01:53:54,183] {dag.py:2273} INFO - Setting next_dagrun for example_branch_dop_operator_v3 to 2021-03-29 00:00:00+00:00
[2021-03-31 01:53:54,204] {scheduler_job.py:190} INFO - Processing /home/prathamesh/PycharmProjects/airflow-basic/venv/lib/python3.8/site-packages/airflow/example_dags/example_branch_python_dop_operator_3.py took 0.218 seconds
[2021-03-31 01:54:34,740] {scheduler_job.py:182} INFO - Started process (PID=12900) to work on /home/prathamesh/PycharmProjects/airflow-basic/venv/lib/python3.8/site-packages/airflow/example_dags/example_branch_python_dop_operator_3.py
[2021-03-31 01:54:34,755] {scheduler_job.py:629} INFO - Processing file /home/prathamesh/PycharmProjects/airflow-basic/venv/lib/python3.8/site-packages/airflow/example_dags/example_branch_python_dop_operator_3.py for tasks to queue
[2021-03-31 01:54:34,757] {logging_mixin.py:104} INFO - [2021-03-31 01:54:34,756] {dagbag.py:448} INFO - Filling up the DagBag from /home/prathamesh/PycharmProjects/airflow-basic/venv/lib/python3.8/site-packages/airflow/example_dags/example_branch_python_dop_operator_3.py
[2021-03-31 01:54:34,819] {scheduler_job.py:639} INFO - DAG(s) dict_keys(['example_branch_dop_operator_v3']) retrieved from /home/prathamesh/PycharmProjects/airflow-basic/venv/lib/python3.8/site-packages/airflow/example_dags/example_branch_python_dop_operator_3.py
[2021-03-31 01:54:34,909] {logging_mixin.py:104} INFO - [2021-03-31 01:54:34,909] {dag.py:1818} INFO - Sync 1 DAGs
[2021-03-31 01:54:35,070] {logging_mixin.py:104} INFO - [2021-03-31 01:54:35,070] {dag.py:2273} INFO - Setting next_dagrun for example_branch_dop_operator_v3 to 2021-03-29 00:00:00+00:00
[2021-03-31 01:54:35,148] {scheduler_job.py:190} INFO - Processing /home/prathamesh/PycharmProjects/airflow-basic/venv/lib/python3.8/site-packages/airflow/example_dags/example_branch_python_dop_operator_3.py took 0.428 seconds
[2021-03-31 01:55:15,980] {scheduler_job.py:182} INFO - Started process (PID=12940) to work on /home/prathamesh/PycharmProjects/airflow-basic/venv/lib/python3.8/site-packages/airflow/example_dags/example_branch_python_dop_operator_3.py
[2021-03-31 01:55:15,988] {scheduler_job.py:629} INFO - Processing file /home/prathamesh/PycharmProjects/airflow-basic/venv/lib/python3.8/site-packages/airflow/example_dags/example_branch_python_dop_operator_3.py for tasks to queue
[2021-03-31 01:55:15,989] {logging_mixin.py:104} INFO - [2021-03-31 01:55:15,989] {dagbag.py:448} INFO - Filling up the DagBag from /home/prathamesh/PycharmProjects/airflow-basic/venv/lib/python3.8/site-packages/airflow/example_dags/example_branch_python_dop_operator_3.py
[2021-03-31 01:55:16,009] {scheduler_job.py:639} INFO - DAG(s) dict_keys(['example_branch_dop_operator_v3']) retrieved from /home/prathamesh/PycharmProjects/airflow-basic/venv/lib/python3.8/site-packages/airflow/example_dags/example_branch_python_dop_operator_3.py
[2021-03-31 01:55:16,033] {logging_mixin.py:104} INFO - [2021-03-31 01:55:16,033] {dag.py:1818} INFO - Sync 1 DAGs
[2021-03-31 01:55:16,084] {logging_mixin.py:104} INFO - [2021-03-31 01:55:16,084] {dag.py:2273} INFO - Setting next_dagrun for example_branch_dop_operator_v3 to 2021-03-29 00:00:00+00:00
[2021-03-31 01:55:16,106] {scheduler_job.py:190} INFO - Processing /home/prathamesh/PycharmProjects/airflow-basic/venv/lib/python3.8/site-packages/airflow/example_dags/example_branch_python_dop_operator_3.py took 0.132 seconds
[2021-03-31 01:56:02,337] {scheduler_job.py:182} INFO - Started process (PID=13031) to work on /home/prathamesh/PycharmProjects/airflow-basic/venv/lib/python3.8/site-packages/airflow/example_dags/example_branch_python_dop_operator_3.py
[2021-03-31 01:56:02,355] {scheduler_job.py:629} INFO - Processing file /home/prathamesh/PycharmProjects/airflow-basic/venv/lib/python3.8/site-packages/airflow/example_dags/example_branch_python_dop_operator_3.py for tasks to queue
[2021-03-31 01:56:02,356] {logging_mixin.py:104} INFO - [2021-03-31 01:56:02,355] {dagbag.py:448} INFO - Filling up the DagBag from /home/prathamesh/PycharmProjects/airflow-basic/venv/lib/python3.8/site-packages/airflow/example_dags/example_branch_python_dop_operator_3.py
[2021-03-31 01:56:02,414] {scheduler_job.py:639} INFO - DAG(s) dict_keys(['example_branch_dop_operator_v3']) retrieved from /home/prathamesh/PycharmProjects/airflow-basic/venv/lib/python3.8/site-packages/airflow/example_dags/example_branch_python_dop_operator_3.py
[2021-03-31 01:56:02,457] {logging_mixin.py:104} INFO - [2021-03-31 01:56:02,456] {dag.py:1818} INFO - Sync 1 DAGs
[2021-03-31 01:56:02,525] {logging_mixin.py:104} INFO - [2021-03-31 01:56:02,525] {dag.py:2273} INFO - Setting next_dagrun for example_branch_dop_operator_v3 to 2021-03-29 00:00:00+00:00
[2021-03-31 01:56:02,554] {scheduler_job.py:190} INFO - Processing /home/prathamesh/PycharmProjects/airflow-basic/venv/lib/python3.8/site-packages/airflow/example_dags/example_branch_python_dop_operator_3.py took 0.220 seconds
[2021-03-31 01:56:46,915] {scheduler_job.py:182} INFO - Started process (PID=13071) to work on /home/prathamesh/PycharmProjects/airflow-basic/venv/lib/python3.8/site-packages/airflow/example_dags/example_branch_python_dop_operator_3.py
[2021-03-31 01:56:46,917] {scheduler_job.py:629} INFO - Processing file /home/prathamesh/PycharmProjects/airflow-basic/venv/lib/python3.8/site-packages/airflow/example_dags/example_branch_python_dop_operator_3.py for tasks to queue
[2021-03-31 01:56:46,918] {logging_mixin.py:104} INFO - [2021-03-31 01:56:46,918] {dagbag.py:448} INFO - Filling up the DagBag from /home/prathamesh/PycharmProjects/airflow-basic/venv/lib/python3.8/site-packages/airflow/example_dags/example_branch_python_dop_operator_3.py
[2021-03-31 01:56:46,991] {scheduler_job.py:639} INFO - DAG(s) dict_keys(['example_branch_dop_operator_v3']) retrieved from /home/prathamesh/PycharmProjects/airflow-basic/venv/lib/python3.8/site-packages/airflow/example_dags/example_branch_python_dop_operator_3.py
[2021-03-31 01:56:47,055] {logging_mixin.py:104} INFO - [2021-03-31 01:56:47,055] {dag.py:1818} INFO - Sync 1 DAGs
[2021-03-31 01:56:47,113] {logging_mixin.py:104} INFO - [2021-03-31 01:56:47,113] {dag.py:2273} INFO - Setting next_dagrun for example_branch_dop_operator_v3 to 2021-03-29 00:00:00+00:00
[2021-03-31 01:56:47,133] {scheduler_job.py:190} INFO - Processing /home/prathamesh/PycharmProjects/airflow-basic/venv/lib/python3.8/site-packages/airflow/example_dags/example_branch_python_dop_operator_3.py took 0.245 seconds
[2021-03-31 01:57:23,984] {scheduler_job.py:182} INFO - Started process (PID=13105) to work on /home/prathamesh/PycharmProjects/airflow-basic/venv/lib/python3.8/site-packages/airflow/example_dags/example_branch_python_dop_operator_3.py
[2021-03-31 01:57:24,001] {scheduler_job.py:629} INFO - Processing file /home/prathamesh/PycharmProjects/airflow-basic/venv/lib/python3.8/site-packages/airflow/example_dags/example_branch_python_dop_operator_3.py for tasks to queue
[2021-03-31 01:57:24,002] {logging_mixin.py:104} INFO - [2021-03-31 01:57:24,001] {dagbag.py:448} INFO - Filling up the DagBag from /home/prathamesh/PycharmProjects/airflow-basic/venv/lib/python3.8/site-packages/airflow/example_dags/example_branch_python_dop_operator_3.py
[2021-03-31 01:57:24,081] {scheduler_job.py:639} INFO - DAG(s) dict_keys(['example_branch_dop_operator_v3']) retrieved from /home/prathamesh/PycharmProjects/airflow-basic/venv/lib/python3.8/site-packages/airflow/example_dags/example_branch_python_dop_operator_3.py
[2021-03-31 01:57:24,169] {logging_mixin.py:104} INFO - [2021-03-31 01:57:24,169] {dag.py:1818} INFO - Sync 1 DAGs
[2021-03-31 01:57:24,376] {logging_mixin.py:104} INFO - [2021-03-31 01:57:24,376] {dag.py:2273} INFO - Setting next_dagrun for example_branch_dop_operator_v3 to 2021-03-29 00:00:00+00:00
[2021-03-31 01:57:24,407] {scheduler_job.py:190} INFO - Processing /home/prathamesh/PycharmProjects/airflow-basic/venv/lib/python3.8/site-packages/airflow/example_dags/example_branch_python_dop_operator_3.py took 0.442 seconds
[2021-03-31 02:51:48,135] {scheduler_job.py:182} INFO - Started process (PID=13766) to work on /home/prathamesh/PycharmProjects/airflow-basic/venv/lib/python3.8/site-packages/airflow/example_dags/example_branch_python_dop_operator_3.py
[2021-03-31 02:51:48,136] {scheduler_job.py:629} INFO - Processing file /home/prathamesh/PycharmProjects/airflow-basic/venv/lib/python3.8/site-packages/airflow/example_dags/example_branch_python_dop_operator_3.py for tasks to queue
[2021-03-31 02:51:48,137] {logging_mixin.py:104} INFO - [2021-03-31 02:51:48,137] {dagbag.py:448} INFO - Filling up the DagBag from /home/prathamesh/PycharmProjects/airflow-basic/venv/lib/python3.8/site-packages/airflow/example_dags/example_branch_python_dop_operator_3.py
[2021-03-31 02:51:48,145] {scheduler_job.py:639} INFO - DAG(s) dict_keys(['example_branch_dop_operator_v3']) retrieved from /home/prathamesh/PycharmProjects/airflow-basic/venv/lib/python3.8/site-packages/airflow/example_dags/example_branch_python_dop_operator_3.py
[2021-03-31 02:51:48,201] {logging_mixin.py:104} INFO - [2021-03-31 02:51:48,201] {dag.py:1818} INFO - Sync 1 DAGs
[2021-03-31 02:51:48,227] {logging_mixin.py:104} INFO - [2021-03-31 02:51:48,226] {dag.py:2273} INFO - Setting next_dagrun for example_branch_dop_operator_v3 to 2021-03-29 00:00:00+00:00
[2021-03-31 02:51:48,280] {scheduler_job.py:190} INFO - Processing /home/prathamesh/PycharmProjects/airflow-basic/venv/lib/python3.8/site-packages/airflow/example_dags/example_branch_python_dop_operator_3.py took 0.168 seconds
[2021-03-31 02:52:26,293] {scheduler_job.py:182} INFO - Started process (PID=13935) to work on /home/prathamesh/PycharmProjects/airflow-basic/venv/lib/python3.8/site-packages/airflow/example_dags/example_branch_python_dop_operator_3.py
[2021-03-31 02:52:26,294] {scheduler_job.py:629} INFO - Processing file /home/prathamesh/PycharmProjects/airflow-basic/venv/lib/python3.8/site-packages/airflow/example_dags/example_branch_python_dop_operator_3.py for tasks to queue
[2021-03-31 02:52:26,295] {logging_mixin.py:104} INFO - [2021-03-31 02:52:26,295] {dagbag.py:448} INFO - Filling up the DagBag from /home/prathamesh/PycharmProjects/airflow-basic/venv/lib/python3.8/site-packages/airflow/example_dags/example_branch_python_dop_operator_3.py
[2021-03-31 02:52:26,303] {scheduler_job.py:639} INFO - DAG(s) dict_keys(['example_branch_dop_operator_v3']) retrieved from /home/prathamesh/PycharmProjects/airflow-basic/venv/lib/python3.8/site-packages/airflow/example_dags/example_branch_python_dop_operator_3.py
[2021-03-31 02:52:26,317] {logging_mixin.py:104} INFO - [2021-03-31 02:52:26,317] {dag.py:1818} INFO - Sync 1 DAGs
[2021-03-31 02:52:26,331] {logging_mixin.py:104} INFO - [2021-03-31 02:52:26,331] {dag.py:2273} INFO - Setting next_dagrun for example_branch_dop_operator_v3 to 2021-03-29 00:00:00+00:00
[2021-03-31 02:52:26,336] {scheduler_job.py:190} INFO - Processing /home/prathamesh/PycharmProjects/airflow-basic/venv/lib/python3.8/site-packages/airflow/example_dags/example_branch_python_dop_operator_3.py took 0.045 seconds
[2021-03-31 02:53:04,909] {scheduler_job.py:182} INFO - Started process (PID=14070) to work on /home/prathamesh/PycharmProjects/airflow-basic/venv/lib/python3.8/site-packages/airflow/example_dags/example_branch_python_dop_operator_3.py
[2021-03-31 02:53:04,910] {scheduler_job.py:629} INFO - Processing file /home/prathamesh/PycharmProjects/airflow-basic/venv/lib/python3.8/site-packages/airflow/example_dags/example_branch_python_dop_operator_3.py for tasks to queue
[2021-03-31 02:53:04,910] {logging_mixin.py:104} INFO - [2021-03-31 02:53:04,910] {dagbag.py:448} INFO - Filling up the DagBag from /home/prathamesh/PycharmProjects/airflow-basic/venv/lib/python3.8/site-packages/airflow/example_dags/example_branch_python_dop_operator_3.py
[2021-03-31 02:53:04,918] {scheduler_job.py:639} INFO - DAG(s) dict_keys(['example_branch_dop_operator_v3']) retrieved from /home/prathamesh/PycharmProjects/airflow-basic/venv/lib/python3.8/site-packages/airflow/example_dags/example_branch_python_dop_operator_3.py
[2021-03-31 02:53:04,928] {logging_mixin.py:104} INFO - [2021-03-31 02:53:04,928] {dag.py:1818} INFO - Sync 1 DAGs
[2021-03-31 02:53:04,941] {logging_mixin.py:104} INFO - [2021-03-31 02:53:04,941] {dag.py:2273} INFO - Setting next_dagrun for example_branch_dop_operator_v3 to 2021-03-29 00:00:00+00:00
[2021-03-31 02:53:04,945] {scheduler_job.py:190} INFO - Processing /home/prathamesh/PycharmProjects/airflow-basic/venv/lib/python3.8/site-packages/airflow/example_dags/example_branch_python_dop_operator_3.py took 0.038 seconds
[2021-03-31 02:53:41,964] {scheduler_job.py:182} INFO - Started process (PID=14206) to work on /home/prathamesh/PycharmProjects/airflow-basic/venv/lib/python3.8/site-packages/airflow/example_dags/example_branch_python_dop_operator_3.py
[2021-03-31 02:53:41,965] {scheduler_job.py:629} INFO - Processing file /home/prathamesh/PycharmProjects/airflow-basic/venv/lib/python3.8/site-packages/airflow/example_dags/example_branch_python_dop_operator_3.py for tasks to queue
[2021-03-31 02:53:41,966] {logging_mixin.py:104} INFO - [2021-03-31 02:53:41,965] {dagbag.py:448} INFO - Filling up the DagBag from /home/prathamesh/PycharmProjects/airflow-basic/venv/lib/python3.8/site-packages/airflow/example_dags/example_branch_python_dop_operator_3.py
[2021-03-31 02:53:41,979] {scheduler_job.py:639} INFO - DAG(s) dict_keys(['example_branch_dop_operator_v3']) retrieved from /home/prathamesh/PycharmProjects/airflow-basic/venv/lib/python3.8/site-packages/airflow/example_dags/example_branch_python_dop_operator_3.py
[2021-03-31 02:53:41,992] {logging_mixin.py:104} INFO - [2021-03-31 02:53:41,992] {dag.py:1818} INFO - Sync 1 DAGs
[2021-03-31 02:53:42,011] {logging_mixin.py:104} INFO - [2021-03-31 02:53:42,010] {dag.py:2273} INFO - Setting next_dagrun for example_branch_dop_operator_v3 to 2021-03-29 00:00:00+00:00
[2021-03-31 02:53:42,020] {scheduler_job.py:190} INFO - Processing /home/prathamesh/PycharmProjects/airflow-basic/venv/lib/python3.8/site-packages/airflow/example_dags/example_branch_python_dop_operator_3.py took 0.059 seconds
[2021-03-31 02:54:21,080] {scheduler_job.py:182} INFO - Started process (PID=14341) to work on /home/prathamesh/PycharmProjects/airflow-basic/venv/lib/python3.8/site-packages/airflow/example_dags/example_branch_python_dop_operator_3.py
[2021-03-31 02:54:21,081] {scheduler_job.py:629} INFO - Processing file /home/prathamesh/PycharmProjects/airflow-basic/venv/lib/python3.8/site-packages/airflow/example_dags/example_branch_python_dop_operator_3.py for tasks to queue
[2021-03-31 02:54:21,081] {logging_mixin.py:104} INFO - [2021-03-31 02:54:21,081] {dagbag.py:448} INFO - Filling up the DagBag from /home/prathamesh/PycharmProjects/airflow-basic/venv/lib/python3.8/site-packages/airflow/example_dags/example_branch_python_dop_operator_3.py
[2021-03-31 02:54:21,126] {scheduler_job.py:639} INFO - DAG(s) dict_keys(['example_branch_dop_operator_v3']) retrieved from /home/prathamesh/PycharmProjects/airflow-basic/venv/lib/python3.8/site-packages/airflow/example_dags/example_branch_python_dop_operator_3.py
[2021-03-31 02:54:21,143] {logging_mixin.py:104} INFO - [2021-03-31 02:54:21,143] {dag.py:1818} INFO - Sync 1 DAGs
[2021-03-31 02:54:21,183] {logging_mixin.py:104} INFO - [2021-03-31 02:54:21,183] {dag.py:2273} INFO - Setting next_dagrun for example_branch_dop_operator_v3 to 2021-03-29 00:00:00+00:00
[2021-03-31 02:54:21,209] {scheduler_job.py:190} INFO - Processing /home/prathamesh/PycharmProjects/airflow-basic/venv/lib/python3.8/site-packages/airflow/example_dags/example_branch_python_dop_operator_3.py took 0.131 seconds
[2021-03-31 02:54:56,881] {scheduler_job.py:182} INFO - Started process (PID=14473) to work on /home/prathamesh/PycharmProjects/airflow-basic/venv/lib/python3.8/site-packages/airflow/example_dags/example_branch_python_dop_operator_3.py
[2021-03-31 02:54:56,882] {scheduler_job.py:629} INFO - Processing file /home/prathamesh/PycharmProjects/airflow-basic/venv/lib/python3.8/site-packages/airflow/example_dags/example_branch_python_dop_operator_3.py for tasks to queue
[2021-03-31 02:54:56,882] {logging_mixin.py:104} INFO - [2021-03-31 02:54:56,882] {dagbag.py:448} INFO - Filling up the DagBag from /home/prathamesh/PycharmProjects/airflow-basic/venv/lib/python3.8/site-packages/airflow/example_dags/example_branch_python_dop_operator_3.py
[2021-03-31 02:54:56,890] {scheduler_job.py:639} INFO - DAG(s) dict_keys(['example_branch_dop_operator_v3']) retrieved from /home/prathamesh/PycharmProjects/airflow-basic/venv/lib/python3.8/site-packages/airflow/example_dags/example_branch_python_dop_operator_3.py
[2021-03-31 02:54:56,898] {logging_mixin.py:104} INFO - [2021-03-31 02:54:56,898] {dag.py:1818} INFO - Sync 1 DAGs
[2021-03-31 02:54:56,915] {logging_mixin.py:104} INFO - [2021-03-31 02:54:56,915] {dag.py:2273} INFO - Setting next_dagrun for example_branch_dop_operator_v3 to 2021-03-29 00:00:00+00:00
[2021-03-31 02:54:56,919] {scheduler_job.py:190} INFO - Processing /home/prathamesh/PycharmProjects/airflow-basic/venv/lib/python3.8/site-packages/airflow/example_dags/example_branch_python_dop_operator_3.py took 0.040 seconds
[2021-03-31 02:56:31,562] {scheduler_job.py:182} INFO - Started process (PID=14759) to work on /home/prathamesh/PycharmProjects/airflow-basic/venv/lib/python3.8/site-packages/airflow/example_dags/example_branch_python_dop_operator_3.py
[2021-03-31 02:56:31,564] {scheduler_job.py:629} INFO - Processing file /home/prathamesh/PycharmProjects/airflow-basic/venv/lib/python3.8/site-packages/airflow/example_dags/example_branch_python_dop_operator_3.py for tasks to queue
[2021-03-31 02:56:31,564] {logging_mixin.py:104} INFO - [2021-03-31 02:56:31,564] {dagbag.py:448} INFO - Filling up the DagBag from /home/prathamesh/PycharmProjects/airflow-basic/venv/lib/python3.8/site-packages/airflow/example_dags/example_branch_python_dop_operator_3.py
[2021-03-31 02:56:31,576] {scheduler_job.py:639} INFO - DAG(s) dict_keys(['example_branch_dop_operator_v3']) retrieved from /home/prathamesh/PycharmProjects/airflow-basic/venv/lib/python3.8/site-packages/airflow/example_dags/example_branch_python_dop_operator_3.py
[2021-03-31 02:56:31,596] {logging_mixin.py:104} INFO - [2021-03-31 02:56:31,596] {dag.py:1818} INFO - Sync 1 DAGs
[2021-03-31 02:56:31,618] {logging_mixin.py:104} INFO - [2021-03-31 02:56:31,618] {dag.py:2273} INFO - Setting next_dagrun for example_branch_dop_operator_v3 to 2021-03-29 00:00:00+00:00
[2021-03-31 02:56:31,638] {scheduler_job.py:190} INFO - Processing /home/prathamesh/PycharmProjects/airflow-basic/venv/lib/python3.8/site-packages/airflow/example_dags/example_branch_python_dop_operator_3.py took 0.079 seconds
[2021-03-31 02:57:11,119] {scheduler_job.py:182} INFO - Started process (PID=14897) to work on /home/prathamesh/PycharmProjects/airflow-basic/venv/lib/python3.8/site-packages/airflow/example_dags/example_branch_python_dop_operator_3.py
[2021-03-31 02:57:11,120] {scheduler_job.py:629} INFO - Processing file /home/prathamesh/PycharmProjects/airflow-basic/venv/lib/python3.8/site-packages/airflow/example_dags/example_branch_python_dop_operator_3.py for tasks to queue
[2021-03-31 02:57:11,123] {logging_mixin.py:104} INFO - [2021-03-31 02:57:11,123] {dagbag.py:448} INFO - Filling up the DagBag from /home/prathamesh/PycharmProjects/airflow-basic/venv/lib/python3.8/site-packages/airflow/example_dags/example_branch_python_dop_operator_3.py
[2021-03-31 02:57:11,133] {scheduler_job.py:639} INFO - DAG(s) dict_keys(['example_branch_dop_operator_v3']) retrieved from /home/prathamesh/PycharmProjects/airflow-basic/venv/lib/python3.8/site-packages/airflow/example_dags/example_branch_python_dop_operator_3.py
[2021-03-31 02:57:11,144] {logging_mixin.py:104} INFO - [2021-03-31 02:57:11,144] {dag.py:1818} INFO - Sync 1 DAGs
[2021-03-31 02:57:11,157] {logging_mixin.py:104} INFO - [2021-03-31 02:57:11,157] {dag.py:2273} INFO - Setting next_dagrun for example_branch_dop_operator_v3 to 2021-03-29 00:00:00+00:00
[2021-03-31 02:57:11,162] {scheduler_job.py:190} INFO - Processing /home/prathamesh/PycharmProjects/airflow-basic/venv/lib/python3.8/site-packages/airflow/example_dags/example_branch_python_dop_operator_3.py took 0.052 seconds
[2021-03-31 02:57:51,632] {scheduler_job.py:182} INFO - Started process (PID=15037) to work on /home/prathamesh/PycharmProjects/airflow-basic/venv/lib/python3.8/site-packages/airflow/example_dags/example_branch_python_dop_operator_3.py
[2021-03-31 02:57:51,637] {scheduler_job.py:629} INFO - Processing file /home/prathamesh/PycharmProjects/airflow-basic/venv/lib/python3.8/site-packages/airflow/example_dags/example_branch_python_dop_operator_3.py for tasks to queue
[2021-03-31 02:57:51,637] {logging_mixin.py:104} INFO - [2021-03-31 02:57:51,637] {dagbag.py:448} INFO - Filling up the DagBag from /home/prathamesh/PycharmProjects/airflow-basic/venv/lib/python3.8/site-packages/airflow/example_dags/example_branch_python_dop_operator_3.py
[2021-03-31 02:57:51,650] {scheduler_job.py:639} INFO - DAG(s) dict_keys(['example_branch_dop_operator_v3']) retrieved from /home/prathamesh/PycharmProjects/airflow-basic/venv/lib/python3.8/site-packages/airflow/example_dags/example_branch_python_dop_operator_3.py
[2021-03-31 02:57:51,664] {logging_mixin.py:104} INFO - [2021-03-31 02:57:51,664] {dag.py:1818} INFO - Sync 1 DAGs
[2021-03-31 02:57:51,684] {logging_mixin.py:104} INFO - [2021-03-31 02:57:51,684] {dag.py:2273} INFO - Setting next_dagrun for example_branch_dop_operator_v3 to 2021-03-29 00:00:00+00:00
[2021-03-31 02:57:51,702] {scheduler_job.py:190} INFO - Processing /home/prathamesh/PycharmProjects/airflow-basic/venv/lib/python3.8/site-packages/airflow/example_dags/example_branch_python_dop_operator_3.py took 0.073 seconds
[2021-03-31 02:58:30,411] {scheduler_job.py:182} INFO - Started process (PID=15168) to work on /home/prathamesh/PycharmProjects/airflow-basic/venv/lib/python3.8/site-packages/airflow/example_dags/example_branch_python_dop_operator_3.py
[2021-03-31 02:58:30,412] {scheduler_job.py:629} INFO - Processing file /home/prathamesh/PycharmProjects/airflow-basic/venv/lib/python3.8/site-packages/airflow/example_dags/example_branch_python_dop_operator_3.py for tasks to queue
[2021-03-31 02:58:30,412] {logging_mixin.py:104} INFO - [2021-03-31 02:58:30,412] {dagbag.py:448} INFO - Filling up the DagBag from /home/prathamesh/PycharmProjects/airflow-basic/venv/lib/python3.8/site-packages/airflow/example_dags/example_branch_python_dop_operator_3.py
[2021-03-31 02:58:30,433] {scheduler_job.py:639} INFO - DAG(s) dict_keys(['example_branch_dop_operator_v3']) retrieved from /home/prathamesh/PycharmProjects/airflow-basic/venv/lib/python3.8/site-packages/airflow/example_dags/example_branch_python_dop_operator_3.py
[2021-03-31 02:58:30,452] {logging_mixin.py:104} INFO - [2021-03-31 02:58:30,452] {dag.py:1818} INFO - Sync 1 DAGs
[2021-03-31 02:58:30,477] {logging_mixin.py:104} INFO - [2021-03-31 02:58:30,477] {dag.py:2273} INFO - Setting next_dagrun for example_branch_dop_operator_v3 to 2021-03-29 00:00:00+00:00
[2021-03-31 02:58:30,484] {scheduler_job.py:190} INFO - Processing /home/prathamesh/PycharmProjects/airflow-basic/venv/lib/python3.8/site-packages/airflow/example_dags/example_branch_python_dop_operator_3.py took 0.087 seconds
[2021-03-31 02:59:11,767] {scheduler_job.py:182} INFO - Started process (PID=15301) to work on /home/prathamesh/PycharmProjects/airflow-basic/venv/lib/python3.8/site-packages/airflow/example_dags/example_branch_python_dop_operator_3.py
[2021-03-31 02:59:11,768] {scheduler_job.py:629} INFO - Processing file /home/prathamesh/PycharmProjects/airflow-basic/venv/lib/python3.8/site-packages/airflow/example_dags/example_branch_python_dop_operator_3.py for tasks to queue
[2021-03-31 02:59:11,769] {logging_mixin.py:104} INFO - [2021-03-31 02:59:11,769] {dagbag.py:448} INFO - Filling up the DagBag from /home/prathamesh/PycharmProjects/airflow-basic/venv/lib/python3.8/site-packages/airflow/example_dags/example_branch_python_dop_operator_3.py
[2021-03-31 02:59:11,831] {scheduler_job.py:639} INFO - DAG(s) dict_keys(['example_branch_dop_operator_v3']) retrieved from /home/prathamesh/PycharmProjects/airflow-basic/venv/lib/python3.8/site-packages/airflow/example_dags/example_branch_python_dop_operator_3.py
[2021-03-31 02:59:11,890] {logging_mixin.py:104} INFO - [2021-03-31 02:59:11,889] {dag.py:1818} INFO - Sync 1 DAGs
[2021-03-31 02:59:11,954] {logging_mixin.py:104} INFO - [2021-03-31 02:59:11,954] {dag.py:2273} INFO - Setting next_dagrun for example_branch_dop_operator_v3 to 2021-03-29 00:00:00+00:00
[2021-03-31 02:59:11,994] {scheduler_job.py:190} INFO - Processing /home/prathamesh/PycharmProjects/airflow-basic/venv/lib/python3.8/site-packages/airflow/example_dags/example_branch_python_dop_operator_3.py took 0.248 seconds
[2021-03-31 03:00:53,115] {scheduler_job.py:182} INFO - Started process (PID=16091) to work on /home/prathamesh/PycharmProjects/airflow-basic/venv/lib/python3.8/site-packages/airflow/example_dags/example_branch_python_dop_operator_3.py
[2021-03-31 03:00:53,116] {scheduler_job.py:629} INFO - Processing file /home/prathamesh/PycharmProjects/airflow-basic/venv/lib/python3.8/site-packages/airflow/example_dags/example_branch_python_dop_operator_3.py for tasks to queue
[2021-03-31 03:00:53,117] {logging_mixin.py:104} INFO - [2021-03-31 03:00:53,117] {dagbag.py:448} INFO - Filling up the DagBag from /home/prathamesh/PycharmProjects/airflow-basic/venv/lib/python3.8/site-packages/airflow/example_dags/example_branch_python_dop_operator_3.py
[2021-03-31 03:00:53,138] {scheduler_job.py:639} INFO - DAG(s) dict_keys(['example_branch_dop_operator_v3']) retrieved from /home/prathamesh/PycharmProjects/airflow-basic/venv/lib/python3.8/site-packages/airflow/example_dags/example_branch_python_dop_operator_3.py
[2021-03-31 03:00:53,149] {logging_mixin.py:104} INFO - [2021-03-31 03:00:53,148] {dag.py:1818} INFO - Sync 1 DAGs
[2021-03-31 03:00:53,164] {logging_mixin.py:104} INFO - [2021-03-31 03:00:53,164] {dag.py:2273} INFO - Setting next_dagrun for example_branch_dop_operator_v3 to 2021-03-29 00:00:00+00:00
[2021-03-31 03:00:53,168] {scheduler_job.py:190} INFO - Processing /home/prathamesh/PycharmProjects/airflow-basic/venv/lib/python3.8/site-packages/airflow/example_dags/example_branch_python_dop_operator_3.py took 0.059 seconds
[2021-03-31 03:01:31,266] {scheduler_job.py:182} INFO - Started process (PID=16222) to work on /home/prathamesh/PycharmProjects/airflow-basic/venv/lib/python3.8/site-packages/airflow/example_dags/example_branch_python_dop_operator_3.py
[2021-03-31 03:01:31,267] {scheduler_job.py:629} INFO - Processing file /home/prathamesh/PycharmProjects/airflow-basic/venv/lib/python3.8/site-packages/airflow/example_dags/example_branch_python_dop_operator_3.py for tasks to queue
[2021-03-31 03:01:31,267] {logging_mixin.py:104} INFO - [2021-03-31 03:01:31,267] {dagbag.py:448} INFO - Filling up the DagBag from /home/prathamesh/PycharmProjects/airflow-basic/venv/lib/python3.8/site-packages/airflow/example_dags/example_branch_python_dop_operator_3.py
[2021-03-31 03:01:31,279] {scheduler_job.py:639} INFO - DAG(s) dict_keys(['example_branch_dop_operator_v3']) retrieved from /home/prathamesh/PycharmProjects/airflow-basic/venv/lib/python3.8/site-packages/airflow/example_dags/example_branch_python_dop_operator_3.py
[2021-03-31 03:01:31,290] {logging_mixin.py:104} INFO - [2021-03-31 03:01:31,290] {dag.py:1818} INFO - Sync 1 DAGs
[2021-03-31 03:01:31,308] {logging_mixin.py:104} INFO - [2021-03-31 03:01:31,308] {dag.py:2273} INFO - Setting next_dagrun for example_branch_dop_operator_v3 to 2021-03-29 00:00:00+00:00
[2021-03-31 03:01:31,312] {scheduler_job.py:190} INFO - Processing /home/prathamesh/PycharmProjects/airflow-basic/venv/lib/python3.8/site-packages/airflow/example_dags/example_branch_python_dop_operator_3.py took 0.048 seconds
[2021-03-31 03:02:09,439] {scheduler_job.py:182} INFO - Started process (PID=16354) to work on /home/prathamesh/PycharmProjects/airflow-basic/venv/lib/python3.8/site-packages/airflow/example_dags/example_branch_python_dop_operator_3.py
[2021-03-31 03:02:09,440] {scheduler_job.py:629} INFO - Processing file /home/prathamesh/PycharmProjects/airflow-basic/venv/lib/python3.8/site-packages/airflow/example_dags/example_branch_python_dop_operator_3.py for tasks to queue
[2021-03-31 03:02:09,440] {logging_mixin.py:104} INFO - [2021-03-31 03:02:09,440] {dagbag.py:448} INFO - Filling up the DagBag from /home/prathamesh/PycharmProjects/airflow-basic/venv/lib/python3.8/site-packages/airflow/example_dags/example_branch_python_dop_operator_3.py
[2021-03-31 03:02:09,448] {scheduler_job.py:639} INFO - DAG(s) dict_keys(['example_branch_dop_operator_v3']) retrieved from /home/prathamesh/PycharmProjects/airflow-basic/venv/lib/python3.8/site-packages/airflow/example_dags/example_branch_python_dop_operator_3.py
[2021-03-31 03:02:09,457] {logging_mixin.py:104} INFO - [2021-03-31 03:02:09,457] {dag.py:1818} INFO - Sync 1 DAGs
[2021-03-31 03:02:09,474] {logging_mixin.py:104} INFO - [2021-03-31 03:02:09,474] {dag.py:2273} INFO - Setting next_dagrun for example_branch_dop_operator_v3 to 2021-03-29 00:00:00+00:00
[2021-03-31 03:02:09,477] {scheduler_job.py:190} INFO - Processing /home/prathamesh/PycharmProjects/airflow-basic/venv/lib/python3.8/site-packages/airflow/example_dags/example_branch_python_dop_operator_3.py took 0.041 seconds
[2021-03-31 03:02:47,476] {scheduler_job.py:182} INFO - Started process (PID=16488) to work on /home/prathamesh/PycharmProjects/airflow-basic/venv/lib/python3.8/site-packages/airflow/example_dags/example_branch_python_dop_operator_3.py
[2021-03-31 03:02:47,477] {scheduler_job.py:629} INFO - Processing file /home/prathamesh/PycharmProjects/airflow-basic/venv/lib/python3.8/site-packages/airflow/example_dags/example_branch_python_dop_operator_3.py for tasks to queue
[2021-03-31 03:02:47,477] {logging_mixin.py:104} INFO - [2021-03-31 03:02:47,477] {dagbag.py:448} INFO - Filling up the DagBag from /home/prathamesh/PycharmProjects/airflow-basic/venv/lib/python3.8/site-packages/airflow/example_dags/example_branch_python_dop_operator_3.py
[2021-03-31 03:02:47,512] {scheduler_job.py:639} INFO - DAG(s) dict_keys(['example_branch_dop_operator_v3']) retrieved from /home/prathamesh/PycharmProjects/airflow-basic/venv/lib/python3.8/site-packages/airflow/example_dags/example_branch_python_dop_operator_3.py
[2021-03-31 03:02:47,532] {logging_mixin.py:104} INFO - [2021-03-31 03:02:47,532] {dag.py:1818} INFO - Sync 1 DAGs
[2021-03-31 03:02:47,579] {logging_mixin.py:104} INFO - [2021-03-31 03:02:47,579] {dag.py:2273} INFO - Setting next_dagrun for example_branch_dop_operator_v3 to 2021-03-29 00:00:00+00:00
[2021-03-31 03:02:47,584] {scheduler_job.py:190} INFO - Processing /home/prathamesh/PycharmProjects/airflow-basic/venv/lib/python3.8/site-packages/airflow/example_dags/example_branch_python_dop_operator_3.py took 0.110 seconds
[2021-03-31 03:03:31,463] {scheduler_job.py:182} INFO - Started process (PID=16622) to work on /home/prathamesh/PycharmProjects/airflow-basic/venv/lib/python3.8/site-packages/airflow/example_dags/example_branch_python_dop_operator_3.py
[2021-03-31 03:03:31,464] {scheduler_job.py:629} INFO - Processing file /home/prathamesh/PycharmProjects/airflow-basic/venv/lib/python3.8/site-packages/airflow/example_dags/example_branch_python_dop_operator_3.py for tasks to queue
[2021-03-31 03:03:31,465] {logging_mixin.py:104} INFO - [2021-03-31 03:03:31,464] {dagbag.py:448} INFO - Filling up the DagBag from /home/prathamesh/PycharmProjects/airflow-basic/venv/lib/python3.8/site-packages/airflow/example_dags/example_branch_python_dop_operator_3.py
[2021-03-31 03:03:31,475] {scheduler_job.py:639} INFO - DAG(s) dict_keys(['example_branch_dop_operator_v3']) retrieved from /home/prathamesh/PycharmProjects/airflow-basic/venv/lib/python3.8/site-packages/airflow/example_dags/example_branch_python_dop_operator_3.py
[2021-03-31 03:03:31,489] {logging_mixin.py:104} INFO - [2021-03-31 03:03:31,487] {dag.py:1818} INFO - Sync 1 DAGs
[2021-03-31 03:03:31,512] {logging_mixin.py:104} INFO - [2021-03-31 03:03:31,512] {dag.py:2273} INFO - Setting next_dagrun for example_branch_dop_operator_v3 to 2021-03-29 00:00:00+00:00
[2021-03-31 03:03:31,517] {scheduler_job.py:190} INFO - Processing /home/prathamesh/PycharmProjects/airflow-basic/venv/lib/python3.8/site-packages/airflow/example_dags/example_branch_python_dop_operator_3.py took 0.056 seconds
[2021-03-31 03:04:09,625] {scheduler_job.py:182} INFO - Started process (PID=16754) to work on /home/prathamesh/PycharmProjects/airflow-basic/venv/lib/python3.8/site-packages/airflow/example_dags/example_branch_python_dop_operator_3.py
[2021-03-31 03:04:09,626] {scheduler_job.py:629} INFO - Processing file /home/prathamesh/PycharmProjects/airflow-basic/venv/lib/python3.8/site-packages/airflow/example_dags/example_branch_python_dop_operator_3.py for tasks to queue
[2021-03-31 03:04:09,627] {logging_mixin.py:104} INFO - [2021-03-31 03:04:09,627] {dagbag.py:448} INFO - Filling up the DagBag from /home/prathamesh/PycharmProjects/airflow-basic/venv/lib/python3.8/site-packages/airflow/example_dags/example_branch_python_dop_operator_3.py
[2021-03-31 03:04:09,635] {scheduler_job.py:639} INFO - DAG(s) dict_keys(['example_branch_dop_operator_v3']) retrieved from /home/prathamesh/PycharmProjects/airflow-basic/venv/lib/python3.8/site-packages/airflow/example_dags/example_branch_python_dop_operator_3.py
[2021-03-31 03:04:09,646] {logging_mixin.py:104} INFO - [2021-03-31 03:04:09,646] {dag.py:1818} INFO - Sync 1 DAGs
[2021-03-31 03:04:09,661] {logging_mixin.py:104} INFO - [2021-03-31 03:04:09,661] {dag.py:2273} INFO - Setting next_dagrun for example_branch_dop_operator_v3 to 2021-03-29 00:00:00+00:00
[2021-03-31 03:04:09,665] {scheduler_job.py:190} INFO - Processing /home/prathamesh/PycharmProjects/airflow-basic/venv/lib/python3.8/site-packages/airflow/example_dags/example_branch_python_dop_operator_3.py took 0.042 seconds
[2021-03-31 03:04:49,943] {scheduler_job.py:182} INFO - Started process (PID=16887) to work on /home/prathamesh/PycharmProjects/airflow-basic/venv/lib/python3.8/site-packages/airflow/example_dags/example_branch_python_dop_operator_3.py
[2021-03-31 03:04:49,956] {scheduler_job.py:629} INFO - Processing file /home/prathamesh/PycharmProjects/airflow-basic/venv/lib/python3.8/site-packages/airflow/example_dags/example_branch_python_dop_operator_3.py for tasks to queue
[2021-03-31 03:04:49,956] {logging_mixin.py:104} INFO - [2021-03-31 03:04:49,956] {dagbag.py:448} INFO - Filling up the DagBag from /home/prathamesh/PycharmProjects/airflow-basic/venv/lib/python3.8/site-packages/airflow/example_dags/example_branch_python_dop_operator_3.py
[2021-03-31 03:04:49,991] {scheduler_job.py:639} INFO - DAG(s) dict_keys(['example_branch_dop_operator_v3']) retrieved from /home/prathamesh/PycharmProjects/airflow-basic/venv/lib/python3.8/site-packages/airflow/example_dags/example_branch_python_dop_operator_3.py
[2021-03-31 03:04:50,002] {logging_mixin.py:104} INFO - [2021-03-31 03:04:50,001] {dag.py:1818} INFO - Sync 1 DAGs
[2021-03-31 03:04:50,047] {logging_mixin.py:104} INFO - [2021-03-31 03:04:50,047] {dag.py:2273} INFO - Setting next_dagrun for example_branch_dop_operator_v3 to 2021-03-29 00:00:00+00:00
[2021-03-31 03:04:50,073] {scheduler_job.py:190} INFO - Processing /home/prathamesh/PycharmProjects/airflow-basic/venv/lib/python3.8/site-packages/airflow/example_dags/example_branch_python_dop_operator_3.py took 0.132 seconds
[2021-03-31 03:05:26,359] {scheduler_job.py:182} INFO - Started process (PID=17017) to work on /home/prathamesh/PycharmProjects/airflow-basic/venv/lib/python3.8/site-packages/airflow/example_dags/example_branch_python_dop_operator_3.py
[2021-03-31 03:05:26,360] {scheduler_job.py:629} INFO - Processing file /home/prathamesh/PycharmProjects/airflow-basic/venv/lib/python3.8/site-packages/airflow/example_dags/example_branch_python_dop_operator_3.py for tasks to queue
[2021-03-31 03:05:26,361] {logging_mixin.py:104} INFO - [2021-03-31 03:05:26,361] {dagbag.py:448} INFO - Filling up the DagBag from /home/prathamesh/PycharmProjects/airflow-basic/venv/lib/python3.8/site-packages/airflow/example_dags/example_branch_python_dop_operator_3.py
[2021-03-31 03:05:26,373] {scheduler_job.py:639} INFO - DAG(s) dict_keys(['example_branch_dop_operator_v3']) retrieved from /home/prathamesh/PycharmProjects/airflow-basic/venv/lib/python3.8/site-packages/airflow/example_dags/example_branch_python_dop_operator_3.py
[2021-03-31 03:05:26,385] {logging_mixin.py:104} INFO - [2021-03-31 03:05:26,385] {dag.py:1818} INFO - Sync 1 DAGs
[2021-03-31 03:05:26,401] {logging_mixin.py:104} INFO - [2021-03-31 03:05:26,401] {dag.py:2273} INFO - Setting next_dagrun for example_branch_dop_operator_v3 to 2021-03-29 00:00:00+00:00
[2021-03-31 03:05:26,406] {scheduler_job.py:190} INFO - Processing /home/prathamesh/PycharmProjects/airflow-basic/venv/lib/python3.8/site-packages/airflow/example_dags/example_branch_python_dop_operator_3.py took 0.053 seconds
[2021-03-31 03:06:10,735] {scheduler_job.py:182} INFO - Started process (PID=17161) to work on /home/prathamesh/PycharmProjects/airflow-basic/venv/lib/python3.8/site-packages/airflow/example_dags/example_branch_python_dop_operator_3.py
[2021-03-31 03:06:10,736] {scheduler_job.py:629} INFO - Processing file /home/prathamesh/PycharmProjects/airflow-basic/venv/lib/python3.8/site-packages/airflow/example_dags/example_branch_python_dop_operator_3.py for tasks to queue
[2021-03-31 03:06:10,736] {logging_mixin.py:104} INFO - [2021-03-31 03:06:10,736] {dagbag.py:448} INFO - Filling up the DagBag from /home/prathamesh/PycharmProjects/airflow-basic/venv/lib/python3.8/site-packages/airflow/example_dags/example_branch_python_dop_operator_3.py
[2021-03-31 03:06:10,747] {scheduler_job.py:639} INFO - DAG(s) dict_keys(['example_branch_dop_operator_v3']) retrieved from /home/prathamesh/PycharmProjects/airflow-basic/venv/lib/python3.8/site-packages/airflow/example_dags/example_branch_python_dop_operator_3.py
[2021-03-31 03:06:10,755] {logging_mixin.py:104} INFO - [2021-03-31 03:06:10,755] {dag.py:1818} INFO - Sync 1 DAGs
[2021-03-31 03:06:10,780] {logging_mixin.py:104} INFO - [2021-03-31 03:06:10,780] {dag.py:2273} INFO - Setting next_dagrun for example_branch_dop_operator_v3 to 2021-03-29 00:00:00+00:00
[2021-03-31 03:06:10,790] {scheduler_job.py:190} INFO - Processing /home/prathamesh/PycharmProjects/airflow-basic/venv/lib/python3.8/site-packages/airflow/example_dags/example_branch_python_dop_operator_3.py took 0.056 seconds
[2021-03-31 03:06:49,078] {scheduler_job.py:182} INFO - Started process (PID=17292) to work on /home/prathamesh/PycharmProjects/airflow-basic/venv/lib/python3.8/site-packages/airflow/example_dags/example_branch_python_dop_operator_3.py
[2021-03-31 03:06:49,079] {scheduler_job.py:629} INFO - Processing file /home/prathamesh/PycharmProjects/airflow-basic/venv/lib/python3.8/site-packages/airflow/example_dags/example_branch_python_dop_operator_3.py for tasks to queue
[2021-03-31 03:06:49,079] {logging_mixin.py:104} INFO - [2021-03-31 03:06:49,079] {dagbag.py:448} INFO - Filling up the DagBag from /home/prathamesh/PycharmProjects/airflow-basic/venv/lib/python3.8/site-packages/airflow/example_dags/example_branch_python_dop_operator_3.py
[2021-03-31 03:06:49,091] {scheduler_job.py:639} INFO - DAG(s) dict_keys(['example_branch_dop_operator_v3']) retrieved from /home/prathamesh/PycharmProjects/airflow-basic/venv/lib/python3.8/site-packages/airflow/example_dags/example_branch_python_dop_operator_3.py
[2021-03-31 03:06:49,100] {logging_mixin.py:104} INFO - [2021-03-31 03:06:49,100] {dag.py:1818} INFO - Sync 1 DAGs
[2021-03-31 03:06:49,116] {logging_mixin.py:104} INFO - [2021-03-31 03:06:49,116] {dag.py:2273} INFO - Setting next_dagrun for example_branch_dop_operator_v3 to 2021-03-29 00:00:00+00:00
[2021-03-31 03:06:49,121] {scheduler_job.py:190} INFO - Processing /home/prathamesh/PycharmProjects/airflow-basic/venv/lib/python3.8/site-packages/airflow/example_dags/example_branch_python_dop_operator_3.py took 0.045 seconds
[2021-03-31 03:07:27,862] {scheduler_job.py:182} INFO - Started process (PID=17427) to work on /home/prathamesh/PycharmProjects/airflow-basic/venv/lib/python3.8/site-packages/airflow/example_dags/example_branch_python_dop_operator_3.py
[2021-03-31 03:07:27,864] {scheduler_job.py:629} INFO - Processing file /home/prathamesh/PycharmProjects/airflow-basic/venv/lib/python3.8/site-packages/airflow/example_dags/example_branch_python_dop_operator_3.py for tasks to queue
[2021-03-31 03:07:27,864] {logging_mixin.py:104} INFO - [2021-03-31 03:07:27,864] {dagbag.py:448} INFO - Filling up the DagBag from /home/prathamesh/PycharmProjects/airflow-basic/venv/lib/python3.8/site-packages/airflow/example_dags/example_branch_python_dop_operator_3.py
[2021-03-31 03:07:27,874] {scheduler_job.py:639} INFO - DAG(s) dict_keys(['example_branch_dop_operator_v3']) retrieved from /home/prathamesh/PycharmProjects/airflow-basic/venv/lib/python3.8/site-packages/airflow/example_dags/example_branch_python_dop_operator_3.py
[2021-03-31 03:07:27,885] {logging_mixin.py:104} INFO - [2021-03-31 03:07:27,885] {dag.py:1818} INFO - Sync 1 DAGs
[2021-03-31 03:07:27,899] {logging_mixin.py:104} INFO - [2021-03-31 03:07:27,899] {dag.py:2273} INFO - Setting next_dagrun for example_branch_dop_operator_v3 to 2021-03-29 00:00:00+00:00
[2021-03-31 03:07:27,903] {scheduler_job.py:190} INFO - Processing /home/prathamesh/PycharmProjects/airflow-basic/venv/lib/python3.8/site-packages/airflow/example_dags/example_branch_python_dop_operator_3.py took 0.044 seconds
[2021-03-31 03:08:07,037] {scheduler_job.py:182} INFO - Started process (PID=17572) to work on /home/prathamesh/PycharmProjects/airflow-basic/venv/lib/python3.8/site-packages/airflow/example_dags/example_branch_python_dop_operator_3.py
[2021-03-31 03:08:07,038] {scheduler_job.py:629} INFO - Processing file /home/prathamesh/PycharmProjects/airflow-basic/venv/lib/python3.8/site-packages/airflow/example_dags/example_branch_python_dop_operator_3.py for tasks to queue
[2021-03-31 03:08:07,038] {logging_mixin.py:104} INFO - [2021-03-31 03:08:07,038] {dagbag.py:448} INFO - Filling up the DagBag from /home/prathamesh/PycharmProjects/airflow-basic/venv/lib/python3.8/site-packages/airflow/example_dags/example_branch_python_dop_operator_3.py
[2021-03-31 03:08:07,050] {scheduler_job.py:639} INFO - DAG(s) dict_keys(['example_branch_dop_operator_v3']) retrieved from /home/prathamesh/PycharmProjects/airflow-basic/venv/lib/python3.8/site-packages/airflow/example_dags/example_branch_python_dop_operator_3.py
[2021-03-31 03:08:07,058] {logging_mixin.py:104} INFO - [2021-03-31 03:08:07,058] {dag.py:1818} INFO - Sync 1 DAGs
[2021-03-31 03:08:07,075] {logging_mixin.py:104} INFO - [2021-03-31 03:08:07,075] {dag.py:2273} INFO - Setting next_dagrun for example_branch_dop_operator_v3 to 2021-03-29 00:00:00+00:00
[2021-03-31 03:08:07,079] {scheduler_job.py:190} INFO - Processing /home/prathamesh/PycharmProjects/airflow-basic/venv/lib/python3.8/site-packages/airflow/example_dags/example_branch_python_dop_operator_3.py took 0.044 seconds
