[2021-03-31 01:48:52,967] {scheduler_job.py:182} INFO - Started process (PID=12616) to work on /home/prathamesh/PycharmProjects/airflow-basic/venv/lib/python3.8/site-packages/airflow/example_dags/example_latest_only.py
[2021-03-31 01:48:52,978] {scheduler_job.py:629} INFO - Processing file /home/prathamesh/PycharmProjects/airflow-basic/venv/lib/python3.8/site-packages/airflow/example_dags/example_latest_only.py for tasks to queue
[2021-03-31 01:48:52,992] {logging_mixin.py:104} INFO - [2021-03-31 01:48:52,992] {dagbag.py:448} INFO - Filling up the DagBag from /home/prathamesh/PycharmProjects/airflow-basic/venv/lib/python3.8/site-packages/airflow/example_dags/example_latest_only.py
[2021-03-31 01:48:53,059] {scheduler_job.py:639} INFO - DAG(s) dict_keys(['latest_only']) retrieved from /home/prathamesh/PycharmProjects/airflow-basic/venv/lib/python3.8/site-packages/airflow/example_dags/example_latest_only.py
[2021-03-31 01:48:53,250] {logging_mixin.py:104} INFO - [2021-03-31 01:48:53,250] {dag.py:1818} INFO - Sync 1 DAGs
[2021-03-31 01:48:53,365] {logging_mixin.py:104} INFO - [2021-03-31 01:48:53,365] {dag.py:2273} INFO - Setting next_dagrun for latest_only to 2021-03-29 00:00:00+00:00
[2021-03-31 01:48:53,412] {scheduler_job.py:190} INFO - Processing /home/prathamesh/PycharmProjects/airflow-basic/venv/lib/python3.8/site-packages/airflow/example_dags/example_latest_only.py took 0.451 seconds
[2021-03-31 01:49:30,627] {scheduler_job.py:182} INFO - Started process (PID=12650) to work on /home/prathamesh/PycharmProjects/airflow-basic/venv/lib/python3.8/site-packages/airflow/example_dags/example_latest_only.py
[2021-03-31 01:49:30,634] {scheduler_job.py:629} INFO - Processing file /home/prathamesh/PycharmProjects/airflow-basic/venv/lib/python3.8/site-packages/airflow/example_dags/example_latest_only.py for tasks to queue
[2021-03-31 01:49:30,634] {logging_mixin.py:104} INFO - [2021-03-31 01:49:30,634] {dagbag.py:448} INFO - Filling up the DagBag from /home/prathamesh/PycharmProjects/airflow-basic/venv/lib/python3.8/site-packages/airflow/example_dags/example_latest_only.py
[2021-03-31 01:49:30,644] {scheduler_job.py:639} INFO - DAG(s) dict_keys(['latest_only']) retrieved from /home/prathamesh/PycharmProjects/airflow-basic/venv/lib/python3.8/site-packages/airflow/example_dags/example_latest_only.py
[2021-03-31 01:49:30,772] {logging_mixin.py:104} INFO - [2021-03-31 01:49:30,772] {dag.py:1818} INFO - Sync 1 DAGs
[2021-03-31 01:49:30,806] {logging_mixin.py:104} INFO - [2021-03-31 01:49:30,806] {dag.py:2273} INFO - Setting next_dagrun for latest_only to 2021-03-29 00:00:00+00:00
[2021-03-31 01:49:30,845] {scheduler_job.py:190} INFO - Processing /home/prathamesh/PycharmProjects/airflow-basic/venv/lib/python3.8/site-packages/airflow/example_dags/example_latest_only.py took 0.243 seconds
[2021-03-31 01:50:05,431] {scheduler_job.py:182} INFO - Started process (PID=12684) to work on /home/prathamesh/PycharmProjects/airflow-basic/venv/lib/python3.8/site-packages/airflow/example_dags/example_latest_only.py
[2021-03-31 01:50:05,432] {scheduler_job.py:629} INFO - Processing file /home/prathamesh/PycharmProjects/airflow-basic/venv/lib/python3.8/site-packages/airflow/example_dags/example_latest_only.py for tasks to queue
[2021-03-31 01:50:05,433] {logging_mixin.py:104} INFO - [2021-03-31 01:50:05,433] {dagbag.py:448} INFO - Filling up the DagBag from /home/prathamesh/PycharmProjects/airflow-basic/venv/lib/python3.8/site-packages/airflow/example_dags/example_latest_only.py
[2021-03-31 01:50:05,442] {scheduler_job.py:639} INFO - DAG(s) dict_keys(['latest_only']) retrieved from /home/prathamesh/PycharmProjects/airflow-basic/venv/lib/python3.8/site-packages/airflow/example_dags/example_latest_only.py
[2021-03-31 01:50:05,454] {logging_mixin.py:104} INFO - [2021-03-31 01:50:05,454] {dag.py:1818} INFO - Sync 1 DAGs
[2021-03-31 01:50:05,463] {logging_mixin.py:104} INFO - [2021-03-31 01:50:05,463] {dag.py:2273} INFO - Setting next_dagrun for latest_only to 2021-03-29 00:00:00+00:00
[2021-03-31 01:50:05,470] {scheduler_job.py:190} INFO - Processing /home/prathamesh/PycharmProjects/airflow-basic/venv/lib/python3.8/site-packages/airflow/example_dags/example_latest_only.py took 0.041 seconds
[2021-03-31 01:50:42,560] {scheduler_job.py:182} INFO - Started process (PID=12723) to work on /home/prathamesh/PycharmProjects/airflow-basic/venv/lib/python3.8/site-packages/airflow/example_dags/example_latest_only.py
[2021-03-31 01:50:42,561] {scheduler_job.py:629} INFO - Processing file /home/prathamesh/PycharmProjects/airflow-basic/venv/lib/python3.8/site-packages/airflow/example_dags/example_latest_only.py for tasks to queue
[2021-03-31 01:50:42,561] {logging_mixin.py:104} INFO - [2021-03-31 01:50:42,561] {dagbag.py:448} INFO - Filling up the DagBag from /home/prathamesh/PycharmProjects/airflow-basic/venv/lib/python3.8/site-packages/airflow/example_dags/example_latest_only.py
[2021-03-31 01:50:42,571] {scheduler_job.py:639} INFO - DAG(s) dict_keys(['latest_only']) retrieved from /home/prathamesh/PycharmProjects/airflow-basic/venv/lib/python3.8/site-packages/airflow/example_dags/example_latest_only.py
[2021-03-31 01:50:42,586] {logging_mixin.py:104} INFO - [2021-03-31 01:50:42,586] {dag.py:1818} INFO - Sync 1 DAGs
[2021-03-31 01:50:42,598] {logging_mixin.py:104} INFO - [2021-03-31 01:50:42,598] {dag.py:2273} INFO - Setting next_dagrun for latest_only to 2021-03-29 00:00:00+00:00
[2021-03-31 01:50:42,604] {scheduler_job.py:190} INFO - Processing /home/prathamesh/PycharmProjects/airflow-basic/venv/lib/python3.8/site-packages/airflow/example_dags/example_latest_only.py took 0.047 seconds
[2021-03-31 01:53:20,028] {scheduler_job.py:182} INFO - Started process (PID=12810) to work on /home/prathamesh/PycharmProjects/airflow-basic/venv/lib/python3.8/site-packages/airflow/example_dags/example_latest_only.py
[2021-03-31 01:53:20,029] {scheduler_job.py:629} INFO - Processing file /home/prathamesh/PycharmProjects/airflow-basic/venv/lib/python3.8/site-packages/airflow/example_dags/example_latest_only.py for tasks to queue
[2021-03-31 01:53:20,029] {logging_mixin.py:104} INFO - [2021-03-31 01:53:20,029] {dagbag.py:448} INFO - Filling up the DagBag from /home/prathamesh/PycharmProjects/airflow-basic/venv/lib/python3.8/site-packages/airflow/example_dags/example_latest_only.py
[2021-03-31 01:53:20,062] {scheduler_job.py:639} INFO - DAG(s) dict_keys(['latest_only']) retrieved from /home/prathamesh/PycharmProjects/airflow-basic/venv/lib/python3.8/site-packages/airflow/example_dags/example_latest_only.py
[2021-03-31 01:53:20,096] {logging_mixin.py:104} INFO - [2021-03-31 01:53:20,096] {dag.py:1818} INFO - Sync 1 DAGs
[2021-03-31 01:53:20,140] {logging_mixin.py:104} INFO - [2021-03-31 01:53:20,140] {dag.py:2273} INFO - Setting next_dagrun for latest_only to 2021-03-29 00:00:00+00:00
[2021-03-31 01:53:20,146] {scheduler_job.py:190} INFO - Processing /home/prathamesh/PycharmProjects/airflow-basic/venv/lib/python3.8/site-packages/airflow/example_dags/example_latest_only.py took 0.145 seconds
[2021-03-31 01:54:01,227] {scheduler_job.py:182} INFO - Started process (PID=12870) to work on /home/prathamesh/PycharmProjects/airflow-basic/venv/lib/python3.8/site-packages/airflow/example_dags/example_latest_only.py
[2021-03-31 01:54:01,242] {scheduler_job.py:629} INFO - Processing file /home/prathamesh/PycharmProjects/airflow-basic/venv/lib/python3.8/site-packages/airflow/example_dags/example_latest_only.py for tasks to queue
[2021-03-31 01:54:01,256] {logging_mixin.py:104} INFO - [2021-03-31 01:54:01,256] {dagbag.py:448} INFO - Filling up the DagBag from /home/prathamesh/PycharmProjects/airflow-basic/venv/lib/python3.8/site-packages/airflow/example_dags/example_latest_only.py
[2021-03-31 01:54:01,337] {scheduler_job.py:639} INFO - DAG(s) dict_keys(['latest_only']) retrieved from /home/prathamesh/PycharmProjects/airflow-basic/venv/lib/python3.8/site-packages/airflow/example_dags/example_latest_only.py
[2021-03-31 01:54:01,502] {logging_mixin.py:104} INFO - [2021-03-31 01:54:01,502] {dag.py:1818} INFO - Sync 1 DAGs
[2021-03-31 01:54:01,570] {logging_mixin.py:104} INFO - [2021-03-31 01:54:01,570] {dag.py:2273} INFO - Setting next_dagrun for latest_only to 2021-03-29 00:00:00+00:00
[2021-03-31 01:54:01,656] {scheduler_job.py:190} INFO - Processing /home/prathamesh/PycharmProjects/airflow-basic/venv/lib/python3.8/site-packages/airflow/example_dags/example_latest_only.py took 0.502 seconds
[2021-03-31 01:54:39,510] {scheduler_job.py:182} INFO - Started process (PID=12904) to work on /home/prathamesh/PycharmProjects/airflow-basic/venv/lib/python3.8/site-packages/airflow/example_dags/example_latest_only.py
[2021-03-31 01:54:39,511] {scheduler_job.py:629} INFO - Processing file /home/prathamesh/PycharmProjects/airflow-basic/venv/lib/python3.8/site-packages/airflow/example_dags/example_latest_only.py for tasks to queue
[2021-03-31 01:54:39,511] {logging_mixin.py:104} INFO - [2021-03-31 01:54:39,511] {dagbag.py:448} INFO - Filling up the DagBag from /home/prathamesh/PycharmProjects/airflow-basic/venv/lib/python3.8/site-packages/airflow/example_dags/example_latest_only.py
[2021-03-31 01:54:39,521] {scheduler_job.py:639} INFO - DAG(s) dict_keys(['latest_only']) retrieved from /home/prathamesh/PycharmProjects/airflow-basic/venv/lib/python3.8/site-packages/airflow/example_dags/example_latest_only.py
[2021-03-31 01:54:39,538] {logging_mixin.py:104} INFO - [2021-03-31 01:54:39,538] {dag.py:1818} INFO - Sync 1 DAGs
[2021-03-31 01:54:39,545] {logging_mixin.py:104} INFO - [2021-03-31 01:54:39,545] {dag.py:2273} INFO - Setting next_dagrun for latest_only to 2021-03-29 00:00:00+00:00
[2021-03-31 01:54:39,551] {scheduler_job.py:190} INFO - Processing /home/prathamesh/PycharmProjects/airflow-basic/venv/lib/python3.8/site-packages/airflow/example_dags/example_latest_only.py took 0.043 seconds
[2021-03-31 01:55:25,490] {scheduler_job.py:182} INFO - Started process (PID=12947) to work on /home/prathamesh/PycharmProjects/airflow-basic/venv/lib/python3.8/site-packages/airflow/example_dags/example_latest_only.py
[2021-03-31 01:55:25,507] {scheduler_job.py:629} INFO - Processing file /home/prathamesh/PycharmProjects/airflow-basic/venv/lib/python3.8/site-packages/airflow/example_dags/example_latest_only.py for tasks to queue
[2021-03-31 01:55:25,509] {logging_mixin.py:104} INFO - [2021-03-31 01:55:25,508] {dagbag.py:448} INFO - Filling up the DagBag from /home/prathamesh/PycharmProjects/airflow-basic/venv/lib/python3.8/site-packages/airflow/example_dags/example_latest_only.py
[2021-03-31 01:55:25,569] {scheduler_job.py:639} INFO - DAG(s) dict_keys(['latest_only']) retrieved from /home/prathamesh/PycharmProjects/airflow-basic/venv/lib/python3.8/site-packages/airflow/example_dags/example_latest_only.py
[2021-03-31 01:55:25,613] {logging_mixin.py:104} INFO - [2021-03-31 01:55:25,613] {dag.py:1818} INFO - Sync 1 DAGs
[2021-03-31 01:55:25,657] {logging_mixin.py:104} INFO - [2021-03-31 01:55:25,657] {dag.py:2273} INFO - Setting next_dagrun for latest_only to 2021-03-29 00:00:00+00:00
[2021-03-31 01:55:25,699] {scheduler_job.py:190} INFO - Processing /home/prathamesh/PycharmProjects/airflow-basic/venv/lib/python3.8/site-packages/airflow/example_dags/example_latest_only.py took 0.215 seconds
[2021-03-31 01:56:08,926] {scheduler_job.py:182} INFO - Started process (PID=13036) to work on /home/prathamesh/PycharmProjects/airflow-basic/venv/lib/python3.8/site-packages/airflow/example_dags/example_latest_only.py
[2021-03-31 01:56:08,928] {scheduler_job.py:629} INFO - Processing file /home/prathamesh/PycharmProjects/airflow-basic/venv/lib/python3.8/site-packages/airflow/example_dags/example_latest_only.py for tasks to queue
[2021-03-31 01:56:08,928] {logging_mixin.py:104} INFO - [2021-03-31 01:56:08,928] {dagbag.py:448} INFO - Filling up the DagBag from /home/prathamesh/PycharmProjects/airflow-basic/venv/lib/python3.8/site-packages/airflow/example_dags/example_latest_only.py
[2021-03-31 01:56:08,939] {scheduler_job.py:639} INFO - DAG(s) dict_keys(['latest_only']) retrieved from /home/prathamesh/PycharmProjects/airflow-basic/venv/lib/python3.8/site-packages/airflow/example_dags/example_latest_only.py
[2021-03-31 01:56:08,957] {logging_mixin.py:104} INFO - [2021-03-31 01:56:08,957] {dag.py:1818} INFO - Sync 1 DAGs
[2021-03-31 01:56:08,975] {logging_mixin.py:104} INFO - [2021-03-31 01:56:08,974] {dag.py:2273} INFO - Setting next_dagrun for latest_only to 2021-03-29 00:00:00+00:00
[2021-03-31 01:56:08,986] {scheduler_job.py:190} INFO - Processing /home/prathamesh/PycharmProjects/airflow-basic/venv/lib/python3.8/site-packages/airflow/example_dags/example_latest_only.py took 0.066 seconds
[2021-03-31 01:56:45,610] {scheduler_job.py:182} INFO - Started process (PID=13070) to work on /home/prathamesh/PycharmProjects/airflow-basic/venv/lib/python3.8/site-packages/airflow/example_dags/example_latest_only.py
[2021-03-31 01:56:45,634] {scheduler_job.py:629} INFO - Processing file /home/prathamesh/PycharmProjects/airflow-basic/venv/lib/python3.8/site-packages/airflow/example_dags/example_latest_only.py for tasks to queue
[2021-03-31 01:56:45,636] {logging_mixin.py:104} INFO - [2021-03-31 01:56:45,636] {dagbag.py:448} INFO - Filling up the DagBag from /home/prathamesh/PycharmProjects/airflow-basic/venv/lib/python3.8/site-packages/airflow/example_dags/example_latest_only.py
[2021-03-31 01:56:45,696] {scheduler_job.py:639} INFO - DAG(s) dict_keys(['latest_only']) retrieved from /home/prathamesh/PycharmProjects/airflow-basic/venv/lib/python3.8/site-packages/airflow/example_dags/example_latest_only.py
[2021-03-31 01:56:45,753] {logging_mixin.py:104} INFO - [2021-03-31 01:56:45,753] {dag.py:1818} INFO - Sync 1 DAGs
[2021-03-31 01:56:45,785] {logging_mixin.py:104} INFO - [2021-03-31 01:56:45,785] {dag.py:2273} INFO - Setting next_dagrun for latest_only to 2021-03-29 00:00:00+00:00
[2021-03-31 01:56:45,800] {scheduler_job.py:190} INFO - Processing /home/prathamesh/PycharmProjects/airflow-basic/venv/lib/python3.8/site-packages/airflow/example_dags/example_latest_only.py took 0.194 seconds
[2021-03-31 01:57:22,614] {scheduler_job.py:182} INFO - Started process (PID=13103) to work on /home/prathamesh/PycharmProjects/airflow-basic/venv/lib/python3.8/site-packages/airflow/example_dags/example_latest_only.py
[2021-03-31 01:57:22,615] {scheduler_job.py:629} INFO - Processing file /home/prathamesh/PycharmProjects/airflow-basic/venv/lib/python3.8/site-packages/airflow/example_dags/example_latest_only.py for tasks to queue
[2021-03-31 01:57:22,615] {logging_mixin.py:104} INFO - [2021-03-31 01:57:22,615] {dagbag.py:448} INFO - Filling up the DagBag from /home/prathamesh/PycharmProjects/airflow-basic/venv/lib/python3.8/site-packages/airflow/example_dags/example_latest_only.py
[2021-03-31 01:57:22,635] {scheduler_job.py:639} INFO - DAG(s) dict_keys(['latest_only']) retrieved from /home/prathamesh/PycharmProjects/airflow-basic/venv/lib/python3.8/site-packages/airflow/example_dags/example_latest_only.py
[2021-03-31 01:57:22,673] {logging_mixin.py:104} INFO - [2021-03-31 01:57:22,673] {dag.py:1818} INFO - Sync 1 DAGs
[2021-03-31 01:57:22,729] {logging_mixin.py:104} INFO - [2021-03-31 01:57:22,729] {dag.py:2273} INFO - Setting next_dagrun for latest_only to 2021-03-29 00:00:00+00:00
[2021-03-31 01:57:22,749] {scheduler_job.py:190} INFO - Processing /home/prathamesh/PycharmProjects/airflow-basic/venv/lib/python3.8/site-packages/airflow/example_dags/example_latest_only.py took 0.153 seconds
[2021-03-31 02:52:08,494] {scheduler_job.py:182} INFO - Started process (PID=13917) to work on /home/prathamesh/PycharmProjects/airflow-basic/venv/lib/python3.8/site-packages/airflow/example_dags/example_latest_only.py
[2021-03-31 02:52:08,495] {scheduler_job.py:629} INFO - Processing file /home/prathamesh/PycharmProjects/airflow-basic/venv/lib/python3.8/site-packages/airflow/example_dags/example_latest_only.py for tasks to queue
[2021-03-31 02:52:08,495] {logging_mixin.py:104} INFO - [2021-03-31 02:52:08,495] {dagbag.py:448} INFO - Filling up the DagBag from /home/prathamesh/PycharmProjects/airflow-basic/venv/lib/python3.8/site-packages/airflow/example_dags/example_latest_only.py
[2021-03-31 02:52:08,503] {scheduler_job.py:639} INFO - DAG(s) dict_keys(['latest_only']) retrieved from /home/prathamesh/PycharmProjects/airflow-basic/venv/lib/python3.8/site-packages/airflow/example_dags/example_latest_only.py
[2021-03-31 02:52:08,512] {logging_mixin.py:104} INFO - [2021-03-31 02:52:08,512] {dag.py:1818} INFO - Sync 1 DAGs
[2021-03-31 02:52:08,520] {logging_mixin.py:104} INFO - [2021-03-31 02:52:08,520] {dag.py:2273} INFO - Setting next_dagrun for latest_only to 2021-03-29 00:00:00+00:00
[2021-03-31 02:52:08,524] {scheduler_job.py:190} INFO - Processing /home/prathamesh/PycharmProjects/airflow-basic/venv/lib/python3.8/site-packages/airflow/example_dags/example_latest_only.py took 0.032 seconds
[2021-03-31 02:52:52,356] {scheduler_job.py:182} INFO - Started process (PID=14056) to work on /home/prathamesh/PycharmProjects/airflow-basic/venv/lib/python3.8/site-packages/airflow/example_dags/example_latest_only.py
[2021-03-31 02:52:52,357] {scheduler_job.py:629} INFO - Processing file /home/prathamesh/PycharmProjects/airflow-basic/venv/lib/python3.8/site-packages/airflow/example_dags/example_latest_only.py for tasks to queue
[2021-03-31 02:52:52,358] {logging_mixin.py:104} INFO - [2021-03-31 02:52:52,357] {dagbag.py:448} INFO - Filling up the DagBag from /home/prathamesh/PycharmProjects/airflow-basic/venv/lib/python3.8/site-packages/airflow/example_dags/example_latest_only.py
[2021-03-31 02:52:52,364] {scheduler_job.py:639} INFO - DAG(s) dict_keys(['latest_only']) retrieved from /home/prathamesh/PycharmProjects/airflow-basic/venv/lib/python3.8/site-packages/airflow/example_dags/example_latest_only.py
[2021-03-31 02:52:52,374] {logging_mixin.py:104} INFO - [2021-03-31 02:52:52,373] {dag.py:1818} INFO - Sync 1 DAGs
[2021-03-31 02:52:52,380] {logging_mixin.py:104} INFO - [2021-03-31 02:52:52,380] {dag.py:2273} INFO - Setting next_dagrun for latest_only to 2021-03-29 00:00:00+00:00
[2021-03-31 02:52:52,386] {scheduler_job.py:190} INFO - Processing /home/prathamesh/PycharmProjects/airflow-basic/venv/lib/python3.8/site-packages/airflow/example_dags/example_latest_only.py took 0.032 seconds
[2021-03-31 02:53:35,388] {scheduler_job.py:182} INFO - Started process (PID=14190) to work on /home/prathamesh/PycharmProjects/airflow-basic/venv/lib/python3.8/site-packages/airflow/example_dags/example_latest_only.py
[2021-03-31 02:53:35,390] {scheduler_job.py:629} INFO - Processing file /home/prathamesh/PycharmProjects/airflow-basic/venv/lib/python3.8/site-packages/airflow/example_dags/example_latest_only.py for tasks to queue
[2021-03-31 02:53:35,390] {logging_mixin.py:104} INFO - [2021-03-31 02:53:35,390] {dagbag.py:448} INFO - Filling up the DagBag from /home/prathamesh/PycharmProjects/airflow-basic/venv/lib/python3.8/site-packages/airflow/example_dags/example_latest_only.py
[2021-03-31 02:53:35,400] {scheduler_job.py:639} INFO - DAG(s) dict_keys(['latest_only']) retrieved from /home/prathamesh/PycharmProjects/airflow-basic/venv/lib/python3.8/site-packages/airflow/example_dags/example_latest_only.py
[2021-03-31 02:53:35,412] {logging_mixin.py:104} INFO - [2021-03-31 02:53:35,412] {dag.py:1818} INFO - Sync 1 DAGs
[2021-03-31 02:53:35,418] {logging_mixin.py:104} INFO - [2021-03-31 02:53:35,418] {dag.py:2273} INFO - Setting next_dagrun for latest_only to 2021-03-29 00:00:00+00:00
[2021-03-31 02:53:35,422] {scheduler_job.py:190} INFO - Processing /home/prathamesh/PycharmProjects/airflow-basic/venv/lib/python3.8/site-packages/airflow/example_dags/example_latest_only.py took 0.038 seconds
[2021-03-31 02:54:14,706] {scheduler_job.py:182} INFO - Started process (PID=14334) to work on /home/prathamesh/PycharmProjects/airflow-basic/venv/lib/python3.8/site-packages/airflow/example_dags/example_latest_only.py
[2021-03-31 02:54:14,707] {scheduler_job.py:629} INFO - Processing file /home/prathamesh/PycharmProjects/airflow-basic/venv/lib/python3.8/site-packages/airflow/example_dags/example_latest_only.py for tasks to queue
[2021-03-31 02:54:14,707] {logging_mixin.py:104} INFO - [2021-03-31 02:54:14,707] {dagbag.py:448} INFO - Filling up the DagBag from /home/prathamesh/PycharmProjects/airflow-basic/venv/lib/python3.8/site-packages/airflow/example_dags/example_latest_only.py
[2021-03-31 02:54:14,721] {scheduler_job.py:639} INFO - DAG(s) dict_keys(['latest_only']) retrieved from /home/prathamesh/PycharmProjects/airflow-basic/venv/lib/python3.8/site-packages/airflow/example_dags/example_latest_only.py
[2021-03-31 02:54:14,736] {logging_mixin.py:104} INFO - [2021-03-31 02:54:14,736] {dag.py:1818} INFO - Sync 1 DAGs
[2021-03-31 02:54:14,748] {logging_mixin.py:104} INFO - [2021-03-31 02:54:14,748] {dag.py:2273} INFO - Setting next_dagrun for latest_only to 2021-03-29 00:00:00+00:00
[2021-03-31 02:54:14,758] {scheduler_job.py:190} INFO - Processing /home/prathamesh/PycharmProjects/airflow-basic/venv/lib/python3.8/site-packages/airflow/example_dags/example_latest_only.py took 0.054 seconds
[2021-03-31 02:54:51,730] {scheduler_job.py:182} INFO - Started process (PID=14468) to work on /home/prathamesh/PycharmProjects/airflow-basic/venv/lib/python3.8/site-packages/airflow/example_dags/example_latest_only.py
[2021-03-31 02:54:51,739] {scheduler_job.py:629} INFO - Processing file /home/prathamesh/PycharmProjects/airflow-basic/venv/lib/python3.8/site-packages/airflow/example_dags/example_latest_only.py for tasks to queue
[2021-03-31 02:54:51,739] {logging_mixin.py:104} INFO - [2021-03-31 02:54:51,739] {dagbag.py:448} INFO - Filling up the DagBag from /home/prathamesh/PycharmProjects/airflow-basic/venv/lib/python3.8/site-packages/airflow/example_dags/example_latest_only.py
[2021-03-31 02:54:51,759] {scheduler_job.py:639} INFO - DAG(s) dict_keys(['latest_only']) retrieved from /home/prathamesh/PycharmProjects/airflow-basic/venv/lib/python3.8/site-packages/airflow/example_dags/example_latest_only.py
[2021-03-31 02:54:51,768] {logging_mixin.py:104} INFO - [2021-03-31 02:54:51,768] {dag.py:1818} INFO - Sync 1 DAGs
[2021-03-31 02:54:51,774] {logging_mixin.py:104} INFO - [2021-03-31 02:54:51,774] {dag.py:2273} INFO - Setting next_dagrun for latest_only to 2021-03-29 00:00:00+00:00
[2021-03-31 02:54:51,791] {scheduler_job.py:190} INFO - Processing /home/prathamesh/PycharmProjects/airflow-basic/venv/lib/python3.8/site-packages/airflow/example_dags/example_latest_only.py took 0.063 seconds
[2021-03-31 02:56:41,213] {scheduler_job.py:182} INFO - Started process (PID=14769) to work on /home/prathamesh/PycharmProjects/airflow-basic/venv/lib/python3.8/site-packages/airflow/example_dags/example_latest_only.py
[2021-03-31 02:56:41,215] {scheduler_job.py:629} INFO - Processing file /home/prathamesh/PycharmProjects/airflow-basic/venv/lib/python3.8/site-packages/airflow/example_dags/example_latest_only.py for tasks to queue
[2021-03-31 02:56:41,216] {logging_mixin.py:104} INFO - [2021-03-31 02:56:41,216] {dagbag.py:448} INFO - Filling up the DagBag from /home/prathamesh/PycharmProjects/airflow-basic/venv/lib/python3.8/site-packages/airflow/example_dags/example_latest_only.py
[2021-03-31 02:56:41,255] {scheduler_job.py:639} INFO - DAG(s) dict_keys(['latest_only']) retrieved from /home/prathamesh/PycharmProjects/airflow-basic/venv/lib/python3.8/site-packages/airflow/example_dags/example_latest_only.py
[2021-03-31 02:56:41,303] {logging_mixin.py:104} INFO - [2021-03-31 02:56:41,303] {dag.py:1818} INFO - Sync 1 DAGs
[2021-03-31 02:56:41,351] {logging_mixin.py:104} INFO - [2021-03-31 02:56:41,351] {dag.py:2273} INFO - Setting next_dagrun for latest_only to 2021-03-29 00:00:00+00:00
[2021-03-31 02:56:41,376] {scheduler_job.py:190} INFO - Processing /home/prathamesh/PycharmProjects/airflow-basic/venv/lib/python3.8/site-packages/airflow/example_dags/example_latest_only.py took 0.169 seconds
[2021-03-31 02:57:18,494] {scheduler_job.py:182} INFO - Started process (PID=14904) to work on /home/prathamesh/PycharmProjects/airflow-basic/venv/lib/python3.8/site-packages/airflow/example_dags/example_latest_only.py
[2021-03-31 02:57:18,495] {scheduler_job.py:629} INFO - Processing file /home/prathamesh/PycharmProjects/airflow-basic/venv/lib/python3.8/site-packages/airflow/example_dags/example_latest_only.py for tasks to queue
[2021-03-31 02:57:18,495] {logging_mixin.py:104} INFO - [2021-03-31 02:57:18,495] {dagbag.py:448} INFO - Filling up the DagBag from /home/prathamesh/PycharmProjects/airflow-basic/venv/lib/python3.8/site-packages/airflow/example_dags/example_latest_only.py
[2021-03-31 02:57:18,504] {scheduler_job.py:639} INFO - DAG(s) dict_keys(['latest_only']) retrieved from /home/prathamesh/PycharmProjects/airflow-basic/venv/lib/python3.8/site-packages/airflow/example_dags/example_latest_only.py
[2021-03-31 02:57:18,516] {logging_mixin.py:104} INFO - [2021-03-31 02:57:18,516] {dag.py:1818} INFO - Sync 1 DAGs
[2021-03-31 02:57:18,531] {logging_mixin.py:104} INFO - [2021-03-31 02:57:18,531] {dag.py:2273} INFO - Setting next_dagrun for latest_only to 2021-03-29 00:00:00+00:00
[2021-03-31 02:57:18,540] {scheduler_job.py:190} INFO - Processing /home/prathamesh/PycharmProjects/airflow-basic/venv/lib/python3.8/site-packages/airflow/example_dags/example_latest_only.py took 0.056 seconds
[2021-03-31 02:57:49,372] {scheduler_job.py:182} INFO - Started process (PID=15035) to work on /home/prathamesh/PycharmProjects/airflow-basic/venv/lib/python3.8/site-packages/airflow/example_dags/example_latest_only.py
[2021-03-31 02:57:49,373] {scheduler_job.py:629} INFO - Processing file /home/prathamesh/PycharmProjects/airflow-basic/venv/lib/python3.8/site-packages/airflow/example_dags/example_latest_only.py for tasks to queue
[2021-03-31 02:57:49,373] {logging_mixin.py:104} INFO - [2021-03-31 02:57:49,373] {dagbag.py:448} INFO - Filling up the DagBag from /home/prathamesh/PycharmProjects/airflow-basic/venv/lib/python3.8/site-packages/airflow/example_dags/example_latest_only.py
[2021-03-31 02:57:49,381] {scheduler_job.py:639} INFO - DAG(s) dict_keys(['latest_only']) retrieved from /home/prathamesh/PycharmProjects/airflow-basic/venv/lib/python3.8/site-packages/airflow/example_dags/example_latest_only.py
[2021-03-31 02:57:49,392] {logging_mixin.py:104} INFO - [2021-03-31 02:57:49,392] {dag.py:1818} INFO - Sync 1 DAGs
[2021-03-31 02:57:49,400] {logging_mixin.py:104} INFO - [2021-03-31 02:57:49,399] {dag.py:2273} INFO - Setting next_dagrun for latest_only to 2021-03-29 00:00:00+00:00
[2021-03-31 02:57:49,404] {scheduler_job.py:190} INFO - Processing /home/prathamesh/PycharmProjects/airflow-basic/venv/lib/python3.8/site-packages/airflow/example_dags/example_latest_only.py took 0.034 seconds
[2021-03-31 02:58:28,148] {scheduler_job.py:182} INFO - Started process (PID=15166) to work on /home/prathamesh/PycharmProjects/airflow-basic/venv/lib/python3.8/site-packages/airflow/example_dags/example_latest_only.py
[2021-03-31 02:58:28,148] {scheduler_job.py:629} INFO - Processing file /home/prathamesh/PycharmProjects/airflow-basic/venv/lib/python3.8/site-packages/airflow/example_dags/example_latest_only.py for tasks to queue
[2021-03-31 02:58:28,149] {logging_mixin.py:104} INFO - [2021-03-31 02:58:28,149] {dagbag.py:448} INFO - Filling up the DagBag from /home/prathamesh/PycharmProjects/airflow-basic/venv/lib/python3.8/site-packages/airflow/example_dags/example_latest_only.py
[2021-03-31 02:58:28,156] {scheduler_job.py:639} INFO - DAG(s) dict_keys(['latest_only']) retrieved from /home/prathamesh/PycharmProjects/airflow-basic/venv/lib/python3.8/site-packages/airflow/example_dags/example_latest_only.py
[2021-03-31 02:58:28,167] {logging_mixin.py:104} INFO - [2021-03-31 02:58:28,167] {dag.py:1818} INFO - Sync 1 DAGs
[2021-03-31 02:58:28,173] {logging_mixin.py:104} INFO - [2021-03-31 02:58:28,173] {dag.py:2273} INFO - Setting next_dagrun for latest_only to 2021-03-29 00:00:00+00:00
[2021-03-31 02:58:28,178] {scheduler_job.py:190} INFO - Processing /home/prathamesh/PycharmProjects/airflow-basic/venv/lib/python3.8/site-packages/airflow/example_dags/example_latest_only.py took 0.032 seconds
[2021-03-31 02:59:08,156] {scheduler_job.py:182} INFO - Started process (PID=15297) to work on /home/prathamesh/PycharmProjects/airflow-basic/venv/lib/python3.8/site-packages/airflow/example_dags/example_latest_only.py
[2021-03-31 02:59:08,157] {scheduler_job.py:629} INFO - Processing file /home/prathamesh/PycharmProjects/airflow-basic/venv/lib/python3.8/site-packages/airflow/example_dags/example_latest_only.py for tasks to queue
[2021-03-31 02:59:08,158] {logging_mixin.py:104} INFO - [2021-03-31 02:59:08,158] {dagbag.py:448} INFO - Filling up the DagBag from /home/prathamesh/PycharmProjects/airflow-basic/venv/lib/python3.8/site-packages/airflow/example_dags/example_latest_only.py
[2021-03-31 02:59:08,170] {scheduler_job.py:639} INFO - DAG(s) dict_keys(['latest_only']) retrieved from /home/prathamesh/PycharmProjects/airflow-basic/venv/lib/python3.8/site-packages/airflow/example_dags/example_latest_only.py
[2021-03-31 02:59:08,187] {logging_mixin.py:104} INFO - [2021-03-31 02:59:08,187] {dag.py:1818} INFO - Sync 1 DAGs
[2021-03-31 02:59:08,198] {logging_mixin.py:104} INFO - [2021-03-31 02:59:08,198] {dag.py:2273} INFO - Setting next_dagrun for latest_only to 2021-03-29 00:00:00+00:00
[2021-03-31 02:59:08,211] {scheduler_job.py:190} INFO - Processing /home/prathamesh/PycharmProjects/airflow-basic/venv/lib/python3.8/site-packages/airflow/example_dags/example_latest_only.py took 0.057 seconds
[2021-03-31 03:01:00,505] {scheduler_job.py:182} INFO - Started process (PID=16098) to work on /home/prathamesh/PycharmProjects/airflow-basic/venv/lib/python3.8/site-packages/airflow/example_dags/example_latest_only.py
[2021-03-31 03:01:00,506] {scheduler_job.py:629} INFO - Processing file /home/prathamesh/PycharmProjects/airflow-basic/venv/lib/python3.8/site-packages/airflow/example_dags/example_latest_only.py for tasks to queue
[2021-03-31 03:01:00,506] {logging_mixin.py:104} INFO - [2021-03-31 03:01:00,506] {dagbag.py:448} INFO - Filling up the DagBag from /home/prathamesh/PycharmProjects/airflow-basic/venv/lib/python3.8/site-packages/airflow/example_dags/example_latest_only.py
[2021-03-31 03:01:00,519] {scheduler_job.py:639} INFO - DAG(s) dict_keys(['latest_only']) retrieved from /home/prathamesh/PycharmProjects/airflow-basic/venv/lib/python3.8/site-packages/airflow/example_dags/example_latest_only.py
[2021-03-31 03:01:00,528] {logging_mixin.py:104} INFO - [2021-03-31 03:01:00,528] {dag.py:1818} INFO - Sync 1 DAGs
[2021-03-31 03:01:00,544] {logging_mixin.py:104} INFO - [2021-03-31 03:01:00,544] {dag.py:2273} INFO - Setting next_dagrun for latest_only to 2021-03-29 00:00:00+00:00
[2021-03-31 03:01:00,549] {scheduler_job.py:190} INFO - Processing /home/prathamesh/PycharmProjects/airflow-basic/venv/lib/python3.8/site-packages/airflow/example_dags/example_latest_only.py took 0.046 seconds
[2021-03-31 03:01:38,684] {scheduler_job.py:182} INFO - Started process (PID=16229) to work on /home/prathamesh/PycharmProjects/airflow-basic/venv/lib/python3.8/site-packages/airflow/example_dags/example_latest_only.py
[2021-03-31 03:01:38,685] {scheduler_job.py:629} INFO - Processing file /home/prathamesh/PycharmProjects/airflow-basic/venv/lib/python3.8/site-packages/airflow/example_dags/example_latest_only.py for tasks to queue
[2021-03-31 03:01:38,685] {logging_mixin.py:104} INFO - [2021-03-31 03:01:38,685] {dagbag.py:448} INFO - Filling up the DagBag from /home/prathamesh/PycharmProjects/airflow-basic/venv/lib/python3.8/site-packages/airflow/example_dags/example_latest_only.py
[2021-03-31 03:01:38,692] {scheduler_job.py:639} INFO - DAG(s) dict_keys(['latest_only']) retrieved from /home/prathamesh/PycharmProjects/airflow-basic/venv/lib/python3.8/site-packages/airflow/example_dags/example_latest_only.py
[2021-03-31 03:01:38,704] {logging_mixin.py:104} INFO - [2021-03-31 03:01:38,704] {dag.py:1818} INFO - Sync 1 DAGs
[2021-03-31 03:01:38,713] {logging_mixin.py:104} INFO - [2021-03-31 03:01:38,713] {dag.py:2273} INFO - Setting next_dagrun for latest_only to 2021-03-29 00:00:00+00:00
[2021-03-31 03:01:38,731] {scheduler_job.py:190} INFO - Processing /home/prathamesh/PycharmProjects/airflow-basic/venv/lib/python3.8/site-packages/airflow/example_dags/example_latest_only.py took 0.050 seconds
[2021-03-31 03:02:16,976] {scheduler_job.py:182} INFO - Started process (PID=16363) to work on /home/prathamesh/PycharmProjects/airflow-basic/venv/lib/python3.8/site-packages/airflow/example_dags/example_latest_only.py
[2021-03-31 03:02:16,992] {scheduler_job.py:629} INFO - Processing file /home/prathamesh/PycharmProjects/airflow-basic/venv/lib/python3.8/site-packages/airflow/example_dags/example_latest_only.py for tasks to queue
[2021-03-31 03:02:16,992] {logging_mixin.py:104} INFO - [2021-03-31 03:02:16,992] {dagbag.py:448} INFO - Filling up the DagBag from /home/prathamesh/PycharmProjects/airflow-basic/venv/lib/python3.8/site-packages/airflow/example_dags/example_latest_only.py
[2021-03-31 03:02:16,998] {scheduler_job.py:639} INFO - DAG(s) dict_keys(['latest_only']) retrieved from /home/prathamesh/PycharmProjects/airflow-basic/venv/lib/python3.8/site-packages/airflow/example_dags/example_latest_only.py
[2021-03-31 03:02:17,018] {logging_mixin.py:104} INFO - [2021-03-31 03:02:17,018] {dag.py:1818} INFO - Sync 1 DAGs
[2021-03-31 03:02:17,037] {logging_mixin.py:104} INFO - [2021-03-31 03:02:17,037] {dag.py:2273} INFO - Setting next_dagrun for latest_only to 2021-03-29 00:00:00+00:00
[2021-03-31 03:02:17,041] {scheduler_job.py:190} INFO - Processing /home/prathamesh/PycharmProjects/airflow-basic/venv/lib/python3.8/site-packages/airflow/example_dags/example_latest_only.py took 0.067 seconds
[2021-03-31 03:02:54,743] {scheduler_job.py:182} INFO - Started process (PID=16495) to work on /home/prathamesh/PycharmProjects/airflow-basic/venv/lib/python3.8/site-packages/airflow/example_dags/example_latest_only.py
[2021-03-31 03:02:54,744] {scheduler_job.py:629} INFO - Processing file /home/prathamesh/PycharmProjects/airflow-basic/venv/lib/python3.8/site-packages/airflow/example_dags/example_latest_only.py for tasks to queue
[2021-03-31 03:02:54,744] {logging_mixin.py:104} INFO - [2021-03-31 03:02:54,744] {dagbag.py:448} INFO - Filling up the DagBag from /home/prathamesh/PycharmProjects/airflow-basic/venv/lib/python3.8/site-packages/airflow/example_dags/example_latest_only.py
[2021-03-31 03:02:54,750] {scheduler_job.py:639} INFO - DAG(s) dict_keys(['latest_only']) retrieved from /home/prathamesh/PycharmProjects/airflow-basic/venv/lib/python3.8/site-packages/airflow/example_dags/example_latest_only.py
[2021-03-31 03:02:54,759] {logging_mixin.py:104} INFO - [2021-03-31 03:02:54,759] {dag.py:1818} INFO - Sync 1 DAGs
[2021-03-31 03:02:54,768] {logging_mixin.py:104} INFO - [2021-03-31 03:02:54,768] {dag.py:2273} INFO - Setting next_dagrun for latest_only to 2021-03-29 00:00:00+00:00
[2021-03-31 03:02:54,772] {scheduler_job.py:190} INFO - Processing /home/prathamesh/PycharmProjects/airflow-basic/venv/lib/python3.8/site-packages/airflow/example_dags/example_latest_only.py took 0.031 seconds
[2021-03-31 03:03:27,469] {scheduler_job.py:182} INFO - Started process (PID=16618) to work on /home/prathamesh/PycharmProjects/airflow-basic/venv/lib/python3.8/site-packages/airflow/example_dags/example_latest_only.py
[2021-03-31 03:03:27,469] {scheduler_job.py:629} INFO - Processing file /home/prathamesh/PycharmProjects/airflow-basic/venv/lib/python3.8/site-packages/airflow/example_dags/example_latest_only.py for tasks to queue
[2021-03-31 03:03:27,470] {logging_mixin.py:104} INFO - [2021-03-31 03:03:27,470] {dagbag.py:448} INFO - Filling up the DagBag from /home/prathamesh/PycharmProjects/airflow-basic/venv/lib/python3.8/site-packages/airflow/example_dags/example_latest_only.py
[2021-03-31 03:03:27,478] {scheduler_job.py:639} INFO - DAG(s) dict_keys(['latest_only']) retrieved from /home/prathamesh/PycharmProjects/airflow-basic/venv/lib/python3.8/site-packages/airflow/example_dags/example_latest_only.py
[2021-03-31 03:03:27,494] {logging_mixin.py:104} INFO - [2021-03-31 03:03:27,494] {dag.py:1818} INFO - Sync 1 DAGs
[2021-03-31 03:03:27,505] {logging_mixin.py:104} INFO - [2021-03-31 03:03:27,505] {dag.py:2273} INFO - Setting next_dagrun for latest_only to 2021-03-29 00:00:00+00:00
[2021-03-31 03:03:27,511] {scheduler_job.py:190} INFO - Processing /home/prathamesh/PycharmProjects/airflow-basic/venv/lib/python3.8/site-packages/airflow/example_dags/example_latest_only.py took 0.044 seconds
[2021-03-31 03:04:05,631] {scheduler_job.py:182} INFO - Started process (PID=16750) to work on /home/prathamesh/PycharmProjects/airflow-basic/venv/lib/python3.8/site-packages/airflow/example_dags/example_latest_only.py
[2021-03-31 03:04:05,632] {scheduler_job.py:629} INFO - Processing file /home/prathamesh/PycharmProjects/airflow-basic/venv/lib/python3.8/site-packages/airflow/example_dags/example_latest_only.py for tasks to queue
[2021-03-31 03:04:05,632] {logging_mixin.py:104} INFO - [2021-03-31 03:04:05,632] {dagbag.py:448} INFO - Filling up the DagBag from /home/prathamesh/PycharmProjects/airflow-basic/venv/lib/python3.8/site-packages/airflow/example_dags/example_latest_only.py
[2021-03-31 03:04:05,645] {scheduler_job.py:639} INFO - DAG(s) dict_keys(['latest_only']) retrieved from /home/prathamesh/PycharmProjects/airflow-basic/venv/lib/python3.8/site-packages/airflow/example_dags/example_latest_only.py
[2021-03-31 03:04:05,661] {logging_mixin.py:104} INFO - [2021-03-31 03:04:05,661] {dag.py:1818} INFO - Sync 1 DAGs
[2021-03-31 03:04:05,667] {logging_mixin.py:104} INFO - [2021-03-31 03:04:05,667] {dag.py:2273} INFO - Setting next_dagrun for latest_only to 2021-03-29 00:00:00+00:00
[2021-03-31 03:04:05,678] {scheduler_job.py:190} INFO - Processing /home/prathamesh/PycharmProjects/airflow-basic/venv/lib/python3.8/site-packages/airflow/example_dags/example_latest_only.py took 0.049 seconds
[2021-03-31 03:04:45,962] {scheduler_job.py:182} INFO - Started process (PID=16882) to work on /home/prathamesh/PycharmProjects/airflow-basic/venv/lib/python3.8/site-packages/airflow/example_dags/example_latest_only.py
[2021-03-31 03:04:45,970] {scheduler_job.py:629} INFO - Processing file /home/prathamesh/PycharmProjects/airflow-basic/venv/lib/python3.8/site-packages/airflow/example_dags/example_latest_only.py for tasks to queue
[2021-03-31 03:04:45,971] {logging_mixin.py:104} INFO - [2021-03-31 03:04:45,971] {dagbag.py:448} INFO - Filling up the DagBag from /home/prathamesh/PycharmProjects/airflow-basic/venv/lib/python3.8/site-packages/airflow/example_dags/example_latest_only.py
[2021-03-31 03:04:45,997] {scheduler_job.py:639} INFO - DAG(s) dict_keys(['latest_only']) retrieved from /home/prathamesh/PycharmProjects/airflow-basic/venv/lib/python3.8/site-packages/airflow/example_dags/example_latest_only.py
[2021-03-31 03:04:46,017] {logging_mixin.py:104} INFO - [2021-03-31 03:04:46,017] {dag.py:1818} INFO - Sync 1 DAGs
[2021-03-31 03:04:46,023] {logging_mixin.py:104} INFO - [2021-03-31 03:04:46,023] {dag.py:2273} INFO - Setting next_dagrun for latest_only to 2021-03-29 00:00:00+00:00
[2021-03-31 03:04:46,041] {scheduler_job.py:190} INFO - Processing /home/prathamesh/PycharmProjects/airflow-basic/venv/lib/python3.8/site-packages/airflow/example_dags/example_latest_only.py took 0.080 seconds
[2021-03-31 03:05:23,513] {scheduler_job.py:182} INFO - Started process (PID=17014) to work on /home/prathamesh/PycharmProjects/airflow-basic/venv/lib/python3.8/site-packages/airflow/example_dags/example_latest_only.py
[2021-03-31 03:05:23,516] {scheduler_job.py:629} INFO - Processing file /home/prathamesh/PycharmProjects/airflow-basic/venv/lib/python3.8/site-packages/airflow/example_dags/example_latest_only.py for tasks to queue
[2021-03-31 03:05:23,517] {logging_mixin.py:104} INFO - [2021-03-31 03:05:23,517] {dagbag.py:448} INFO - Filling up the DagBag from /home/prathamesh/PycharmProjects/airflow-basic/venv/lib/python3.8/site-packages/airflow/example_dags/example_latest_only.py
[2021-03-31 03:05:23,527] {scheduler_job.py:639} INFO - DAG(s) dict_keys(['latest_only']) retrieved from /home/prathamesh/PycharmProjects/airflow-basic/venv/lib/python3.8/site-packages/airflow/example_dags/example_latest_only.py
[2021-03-31 03:05:23,539] {logging_mixin.py:104} INFO - [2021-03-31 03:05:23,539] {dag.py:1818} INFO - Sync 1 DAGs
[2021-03-31 03:05:23,545] {logging_mixin.py:104} INFO - [2021-03-31 03:05:23,545] {dag.py:2273} INFO - Setting next_dagrun for latest_only to 2021-03-29 00:00:00+00:00
[2021-03-31 03:05:23,550] {scheduler_job.py:190} INFO - Processing /home/prathamesh/PycharmProjects/airflow-basic/venv/lib/python3.8/site-packages/airflow/example_dags/example_latest_only.py took 0.042 seconds
[2021-03-31 03:06:05,913] {scheduler_job.py:182} INFO - Started process (PID=17156) to work on /home/prathamesh/PycharmProjects/airflow-basic/venv/lib/python3.8/site-packages/airflow/example_dags/example_latest_only.py
[2021-03-31 03:06:05,914] {scheduler_job.py:629} INFO - Processing file /home/prathamesh/PycharmProjects/airflow-basic/venv/lib/python3.8/site-packages/airflow/example_dags/example_latest_only.py for tasks to queue
[2021-03-31 03:06:05,914] {logging_mixin.py:104} INFO - [2021-03-31 03:06:05,914] {dagbag.py:448} INFO - Filling up the DagBag from /home/prathamesh/PycharmProjects/airflow-basic/venv/lib/python3.8/site-packages/airflow/example_dags/example_latest_only.py
[2021-03-31 03:06:05,921] {scheduler_job.py:639} INFO - DAG(s) dict_keys(['latest_only']) retrieved from /home/prathamesh/PycharmProjects/airflow-basic/venv/lib/python3.8/site-packages/airflow/example_dags/example_latest_only.py
[2021-03-31 03:06:05,931] {logging_mixin.py:104} INFO - [2021-03-31 03:06:05,931] {dag.py:1818} INFO - Sync 1 DAGs
[2021-03-31 03:06:05,939] {logging_mixin.py:104} INFO - [2021-03-31 03:06:05,939] {dag.py:2273} INFO - Setting next_dagrun for latest_only to 2021-03-29 00:00:00+00:00
[2021-03-31 03:06:05,944] {scheduler_job.py:190} INFO - Processing /home/prathamesh/PycharmProjects/airflow-basic/venv/lib/python3.8/site-packages/airflow/example_dags/example_latest_only.py took 0.045 seconds
[2021-03-31 03:06:43,966] {scheduler_job.py:182} INFO - Started process (PID=17287) to work on /home/prathamesh/PycharmProjects/airflow-basic/venv/lib/python3.8/site-packages/airflow/example_dags/example_latest_only.py
[2021-03-31 03:06:43,968] {scheduler_job.py:629} INFO - Processing file /home/prathamesh/PycharmProjects/airflow-basic/venv/lib/python3.8/site-packages/airflow/example_dags/example_latest_only.py for tasks to queue
[2021-03-31 03:06:43,968] {logging_mixin.py:104} INFO - [2021-03-31 03:06:43,968] {dagbag.py:448} INFO - Filling up the DagBag from /home/prathamesh/PycharmProjects/airflow-basic/venv/lib/python3.8/site-packages/airflow/example_dags/example_latest_only.py
[2021-03-31 03:06:43,981] {scheduler_job.py:639} INFO - DAG(s) dict_keys(['latest_only']) retrieved from /home/prathamesh/PycharmProjects/airflow-basic/venv/lib/python3.8/site-packages/airflow/example_dags/example_latest_only.py
[2021-03-31 03:06:43,992] {logging_mixin.py:104} INFO - [2021-03-31 03:06:43,992] {dag.py:1818} INFO - Sync 1 DAGs
[2021-03-31 03:06:44,000] {logging_mixin.py:104} INFO - [2021-03-31 03:06:44,000] {dag.py:2273} INFO - Setting next_dagrun for latest_only to 2021-03-29 00:00:00+00:00
[2021-03-31 03:06:44,005] {scheduler_job.py:190} INFO - Processing /home/prathamesh/PycharmProjects/airflow-basic/venv/lib/python3.8/site-packages/airflow/example_dags/example_latest_only.py took 0.043 seconds
[2021-03-31 03:07:22,418] {scheduler_job.py:182} INFO - Started process (PID=17421) to work on /home/prathamesh/PycharmProjects/airflow-basic/venv/lib/python3.8/site-packages/airflow/example_dags/example_latest_only.py
[2021-03-31 03:07:22,419] {scheduler_job.py:629} INFO - Processing file /home/prathamesh/PycharmProjects/airflow-basic/venv/lib/python3.8/site-packages/airflow/example_dags/example_latest_only.py for tasks to queue
[2021-03-31 03:07:22,420] {logging_mixin.py:104} INFO - [2021-03-31 03:07:22,420] {dagbag.py:448} INFO - Filling up the DagBag from /home/prathamesh/PycharmProjects/airflow-basic/venv/lib/python3.8/site-packages/airflow/example_dags/example_latest_only.py
[2021-03-31 03:07:22,433] {scheduler_job.py:639} INFO - DAG(s) dict_keys(['latest_only']) retrieved from /home/prathamesh/PycharmProjects/airflow-basic/venv/lib/python3.8/site-packages/airflow/example_dags/example_latest_only.py
[2021-03-31 03:07:22,452] {logging_mixin.py:104} INFO - [2021-03-31 03:07:22,452] {dag.py:1818} INFO - Sync 1 DAGs
[2021-03-31 03:07:22,465] {logging_mixin.py:104} INFO - [2021-03-31 03:07:22,465] {dag.py:2273} INFO - Setting next_dagrun for latest_only to 2021-03-29 00:00:00+00:00
[2021-03-31 03:07:22,472] {scheduler_job.py:190} INFO - Processing /home/prathamesh/PycharmProjects/airflow-basic/venv/lib/python3.8/site-packages/airflow/example_dags/example_latest_only.py took 0.058 seconds
[2021-03-31 03:08:01,954] {scheduler_job.py:182} INFO - Started process (PID=17565) to work on /home/prathamesh/PycharmProjects/airflow-basic/venv/lib/python3.8/site-packages/airflow/example_dags/example_latest_only.py
[2021-03-31 03:08:01,955] {scheduler_job.py:629} INFO - Processing file /home/prathamesh/PycharmProjects/airflow-basic/venv/lib/python3.8/site-packages/airflow/example_dags/example_latest_only.py for tasks to queue
[2021-03-31 03:08:01,955] {logging_mixin.py:104} INFO - [2021-03-31 03:08:01,955] {dagbag.py:448} INFO - Filling up the DagBag from /home/prathamesh/PycharmProjects/airflow-basic/venv/lib/python3.8/site-packages/airflow/example_dags/example_latest_only.py
[2021-03-31 03:08:01,966] {scheduler_job.py:639} INFO - DAG(s) dict_keys(['latest_only']) retrieved from /home/prathamesh/PycharmProjects/airflow-basic/venv/lib/python3.8/site-packages/airflow/example_dags/example_latest_only.py
[2021-03-31 03:08:01,999] {logging_mixin.py:104} INFO - [2021-03-31 03:08:01,999] {dag.py:1818} INFO - Sync 1 DAGs
[2021-03-31 03:08:02,007] {logging_mixin.py:104} INFO - [2021-03-31 03:08:02,007] {dag.py:2273} INFO - Setting next_dagrun for latest_only to 2021-03-29 00:00:00+00:00
[2021-03-31 03:08:02,011] {scheduler_job.py:190} INFO - Processing /home/prathamesh/PycharmProjects/airflow-basic/venv/lib/python3.8/site-packages/airflow/example_dags/example_latest_only.py took 0.061 seconds
