[2021-03-31 01:48:43,384] {scheduler_job.py:182} INFO - Started process (PID=12596) to work on /home/prathamesh/PycharmProjects/airflow-basic/venv/lib/python3.8/site-packages/airflow/example_dags/example_nested_branch_dag.py
[2021-03-31 01:48:43,385] {scheduler_job.py:629} INFO - Processing file /home/prathamesh/PycharmProjects/airflow-basic/venv/lib/python3.8/site-packages/airflow/example_dags/example_nested_branch_dag.py for tasks to queue
[2021-03-31 01:48:43,386] {logging_mixin.py:104} INFO - [2021-03-31 01:48:43,386] {dagbag.py:448} INFO - Filling up the DagBag from /home/prathamesh/PycharmProjects/airflow-basic/venv/lib/python3.8/site-packages/airflow/example_dags/example_nested_branch_dag.py
[2021-03-31 01:48:43,450] {scheduler_job.py:639} INFO - DAG(s) dict_keys(['example_nested_branch_dag']) retrieved from /home/prathamesh/PycharmProjects/airflow-basic/venv/lib/python3.8/site-packages/airflow/example_dags/example_nested_branch_dag.py
[2021-03-31 01:48:43,555] {logging_mixin.py:104} INFO - [2021-03-31 01:48:43,545] {dag.py:1818} INFO - Sync 1 DAGs
[2021-03-31 01:48:43,642] {logging_mixin.py:104} INFO - [2021-03-31 01:48:43,642] {dag.py:2273} INFO - Setting next_dagrun for example_nested_branch_dag to 2021-03-29 00:00:00+00:00
[2021-03-31 01:48:43,679] {scheduler_job.py:190} INFO - Processing /home/prathamesh/PycharmProjects/airflow-basic/venv/lib/python3.8/site-packages/airflow/example_dags/example_nested_branch_dag.py took 0.299 seconds
[2021-03-31 01:49:21,963] {scheduler_job.py:182} INFO - Started process (PID=12641) to work on /home/prathamesh/PycharmProjects/airflow-basic/venv/lib/python3.8/site-packages/airflow/example_dags/example_nested_branch_dag.py
[2021-03-31 01:49:21,964] {scheduler_job.py:629} INFO - Processing file /home/prathamesh/PycharmProjects/airflow-basic/venv/lib/python3.8/site-packages/airflow/example_dags/example_nested_branch_dag.py for tasks to queue
[2021-03-31 01:49:21,965] {logging_mixin.py:104} INFO - [2021-03-31 01:49:21,965] {dagbag.py:448} INFO - Filling up the DagBag from /home/prathamesh/PycharmProjects/airflow-basic/venv/lib/python3.8/site-packages/airflow/example_dags/example_nested_branch_dag.py
[2021-03-31 01:49:21,977] {scheduler_job.py:639} INFO - DAG(s) dict_keys(['example_nested_branch_dag']) retrieved from /home/prathamesh/PycharmProjects/airflow-basic/venv/lib/python3.8/site-packages/airflow/example_dags/example_nested_branch_dag.py
[2021-03-31 01:49:21,990] {logging_mixin.py:104} INFO - [2021-03-31 01:49:21,990] {dag.py:1818} INFO - Sync 1 DAGs
[2021-03-31 01:49:22,002] {logging_mixin.py:104} INFO - [2021-03-31 01:49:22,002] {dag.py:2273} INFO - Setting next_dagrun for example_nested_branch_dag to 2021-03-29 00:00:00+00:00
[2021-03-31 01:49:22,012] {scheduler_job.py:190} INFO - Processing /home/prathamesh/PycharmProjects/airflow-basic/venv/lib/python3.8/site-packages/airflow/example_dags/example_nested_branch_dag.py took 0.051 seconds
[2021-03-31 01:49:56,884] {scheduler_job.py:182} INFO - Started process (PID=12676) to work on /home/prathamesh/PycharmProjects/airflow-basic/venv/lib/python3.8/site-packages/airflow/example_dags/example_nested_branch_dag.py
[2021-03-31 01:49:56,887] {scheduler_job.py:629} INFO - Processing file /home/prathamesh/PycharmProjects/airflow-basic/venv/lib/python3.8/site-packages/airflow/example_dags/example_nested_branch_dag.py for tasks to queue
[2021-03-31 01:49:56,888] {logging_mixin.py:104} INFO - [2021-03-31 01:49:56,887] {dagbag.py:448} INFO - Filling up the DagBag from /home/prathamesh/PycharmProjects/airflow-basic/venv/lib/python3.8/site-packages/airflow/example_dags/example_nested_branch_dag.py
[2021-03-31 01:49:56,905] {scheduler_job.py:639} INFO - DAG(s) dict_keys(['example_nested_branch_dag']) retrieved from /home/prathamesh/PycharmProjects/airflow-basic/venv/lib/python3.8/site-packages/airflow/example_dags/example_nested_branch_dag.py
[2021-03-31 01:49:56,931] {logging_mixin.py:104} INFO - [2021-03-31 01:49:56,931] {dag.py:1818} INFO - Sync 1 DAGs
[2021-03-31 01:49:56,961] {logging_mixin.py:104} INFO - [2021-03-31 01:49:56,961] {dag.py:2273} INFO - Setting next_dagrun for example_nested_branch_dag to 2021-03-29 00:00:00+00:00
[2021-03-31 01:49:56,974] {scheduler_job.py:190} INFO - Processing /home/prathamesh/PycharmProjects/airflow-basic/venv/lib/python3.8/site-packages/airflow/example_dags/example_nested_branch_dag.py took 0.095 seconds
[2021-03-31 01:50:37,598] {scheduler_job.py:182} INFO - Started process (PID=12712) to work on /home/prathamesh/PycharmProjects/airflow-basic/venv/lib/python3.8/site-packages/airflow/example_dags/example_nested_branch_dag.py
[2021-03-31 01:50:37,603] {scheduler_job.py:629} INFO - Processing file /home/prathamesh/PycharmProjects/airflow-basic/venv/lib/python3.8/site-packages/airflow/example_dags/example_nested_branch_dag.py for tasks to queue
[2021-03-31 01:50:37,604] {logging_mixin.py:104} INFO - [2021-03-31 01:50:37,604] {dagbag.py:448} INFO - Filling up the DagBag from /home/prathamesh/PycharmProjects/airflow-basic/venv/lib/python3.8/site-packages/airflow/example_dags/example_nested_branch_dag.py
[2021-03-31 01:50:37,642] {scheduler_job.py:639} INFO - DAG(s) dict_keys(['example_nested_branch_dag']) retrieved from /home/prathamesh/PycharmProjects/airflow-basic/venv/lib/python3.8/site-packages/airflow/example_dags/example_nested_branch_dag.py
[2021-03-31 01:50:37,672] {logging_mixin.py:104} INFO - [2021-03-31 01:50:37,672] {dag.py:1818} INFO - Sync 1 DAGs
[2021-03-31 01:50:37,724] {logging_mixin.py:104} INFO - [2021-03-31 01:50:37,724] {dag.py:2273} INFO - Setting next_dagrun for example_nested_branch_dag to 2021-03-29 00:00:00+00:00
[2021-03-31 01:50:37,743] {scheduler_job.py:190} INFO - Processing /home/prathamesh/PycharmProjects/airflow-basic/venv/lib/python3.8/site-packages/airflow/example_dags/example_nested_branch_dag.py took 0.148 seconds
[2021-03-31 01:52:44,860] {scheduler_job.py:182} INFO - Started process (PID=12776) to work on /home/prathamesh/PycharmProjects/airflow-basic/venv/lib/python3.8/site-packages/airflow/example_dags/example_nested_branch_dag.py
[2021-03-31 01:52:44,862] {scheduler_job.py:629} INFO - Processing file /home/prathamesh/PycharmProjects/airflow-basic/venv/lib/python3.8/site-packages/airflow/example_dags/example_nested_branch_dag.py for tasks to queue
[2021-03-31 01:52:44,863] {logging_mixin.py:104} INFO - [2021-03-31 01:52:44,863] {dagbag.py:448} INFO - Filling up the DagBag from /home/prathamesh/PycharmProjects/airflow-basic/venv/lib/python3.8/site-packages/airflow/example_dags/example_nested_branch_dag.py
[2021-03-31 01:52:44,891] {scheduler_job.py:639} INFO - DAG(s) dict_keys(['example_nested_branch_dag']) retrieved from /home/prathamesh/PycharmProjects/airflow-basic/venv/lib/python3.8/site-packages/airflow/example_dags/example_nested_branch_dag.py
[2021-03-31 01:52:44,931] {logging_mixin.py:104} INFO - [2021-03-31 01:52:44,931] {dag.py:1818} INFO - Sync 1 DAGs
[2021-03-31 01:52:44,973] {logging_mixin.py:104} INFO - [2021-03-31 01:52:44,973] {dag.py:2273} INFO - Setting next_dagrun for example_nested_branch_dag to 2021-03-29 00:00:00+00:00
[2021-03-31 01:52:45,007] {scheduler_job.py:190} INFO - Processing /home/prathamesh/PycharmProjects/airflow-basic/venv/lib/python3.8/site-packages/airflow/example_dags/example_nested_branch_dag.py took 0.172 seconds
[2021-03-31 01:53:30,628] {scheduler_job.py:182} INFO - Started process (PID=12820) to work on /home/prathamesh/PycharmProjects/airflow-basic/venv/lib/python3.8/site-packages/airflow/example_dags/example_nested_branch_dag.py
[2021-03-31 01:53:30,629] {scheduler_job.py:629} INFO - Processing file /home/prathamesh/PycharmProjects/airflow-basic/venv/lib/python3.8/site-packages/airflow/example_dags/example_nested_branch_dag.py for tasks to queue
[2021-03-31 01:53:30,630] {logging_mixin.py:104} INFO - [2021-03-31 01:53:30,630] {dagbag.py:448} INFO - Filling up the DagBag from /home/prathamesh/PycharmProjects/airflow-basic/venv/lib/python3.8/site-packages/airflow/example_dags/example_nested_branch_dag.py
[2021-03-31 01:53:30,644] {scheduler_job.py:639} INFO - DAG(s) dict_keys(['example_nested_branch_dag']) retrieved from /home/prathamesh/PycharmProjects/airflow-basic/venv/lib/python3.8/site-packages/airflow/example_dags/example_nested_branch_dag.py
[2021-03-31 01:53:30,657] {logging_mixin.py:104} INFO - [2021-03-31 01:53:30,657] {dag.py:1818} INFO - Sync 1 DAGs
[2021-03-31 01:53:30,692] {logging_mixin.py:104} INFO - [2021-03-31 01:53:30,692] {dag.py:2273} INFO - Setting next_dagrun for example_nested_branch_dag to 2021-03-29 00:00:00+00:00
[2021-03-31 01:53:30,700] {scheduler_job.py:190} INFO - Processing /home/prathamesh/PycharmProjects/airflow-basic/venv/lib/python3.8/site-packages/airflow/example_dags/example_nested_branch_dag.py took 0.075 seconds
[2021-03-31 01:54:10,443] {scheduler_job.py:182} INFO - Started process (PID=12878) to work on /home/prathamesh/PycharmProjects/airflow-basic/venv/lib/python3.8/site-packages/airflow/example_dags/example_nested_branch_dag.py
[2021-03-31 01:54:10,460] {scheduler_job.py:629} INFO - Processing file /home/prathamesh/PycharmProjects/airflow-basic/venv/lib/python3.8/site-packages/airflow/example_dags/example_nested_branch_dag.py for tasks to queue
[2021-03-31 01:54:10,461] {logging_mixin.py:104} INFO - [2021-03-31 01:54:10,461] {dagbag.py:448} INFO - Filling up the DagBag from /home/prathamesh/PycharmProjects/airflow-basic/venv/lib/python3.8/site-packages/airflow/example_dags/example_nested_branch_dag.py
[2021-03-31 01:54:10,506] {scheduler_job.py:639} INFO - DAG(s) dict_keys(['example_nested_branch_dag']) retrieved from /home/prathamesh/PycharmProjects/airflow-basic/venv/lib/python3.8/site-packages/airflow/example_dags/example_nested_branch_dag.py
[2021-03-31 01:54:10,536] {logging_mixin.py:104} INFO - [2021-03-31 01:54:10,536] {dag.py:1818} INFO - Sync 1 DAGs
[2021-03-31 01:54:10,579] {logging_mixin.py:104} INFO - [2021-03-31 01:54:10,579] {dag.py:2273} INFO - Setting next_dagrun for example_nested_branch_dag to 2021-03-29 00:00:00+00:00
[2021-03-31 01:54:10,588] {scheduler_job.py:190} INFO - Processing /home/prathamesh/PycharmProjects/airflow-basic/venv/lib/python3.8/site-packages/airflow/example_dags/example_nested_branch_dag.py took 0.161 seconds
[2021-03-31 01:54:47,953] {scheduler_job.py:182} INFO - Started process (PID=12913) to work on /home/prathamesh/PycharmProjects/airflow-basic/venv/lib/python3.8/site-packages/airflow/example_dags/example_nested_branch_dag.py
[2021-03-31 01:54:47,962] {scheduler_job.py:629} INFO - Processing file /home/prathamesh/PycharmProjects/airflow-basic/venv/lib/python3.8/site-packages/airflow/example_dags/example_nested_branch_dag.py for tasks to queue
[2021-03-31 01:54:47,963] {logging_mixin.py:104} INFO - [2021-03-31 01:54:47,963] {dagbag.py:448} INFO - Filling up the DagBag from /home/prathamesh/PycharmProjects/airflow-basic/venv/lib/python3.8/site-packages/airflow/example_dags/example_nested_branch_dag.py
[2021-03-31 01:54:48,051] {scheduler_job.py:639} INFO - DAG(s) dict_keys(['example_nested_branch_dag']) retrieved from /home/prathamesh/PycharmProjects/airflow-basic/venv/lib/python3.8/site-packages/airflow/example_dags/example_nested_branch_dag.py
[2021-03-31 01:54:48,167] {logging_mixin.py:104} INFO - [2021-03-31 01:54:48,167] {dag.py:1818} INFO - Sync 1 DAGs
[2021-03-31 01:54:48,319] {logging_mixin.py:104} INFO - [2021-03-31 01:54:48,314] {dag.py:2273} INFO - Setting next_dagrun for example_nested_branch_dag to 2021-03-29 00:00:00+00:00
[2021-03-31 01:54:48,410] {scheduler_job.py:190} INFO - Processing /home/prathamesh/PycharmProjects/airflow-basic/venv/lib/python3.8/site-packages/airflow/example_dags/example_nested_branch_dag.py took 0.489 seconds
[2021-03-31 01:55:37,141] {scheduler_job.py:182} INFO - Started process (PID=12970) to work on /home/prathamesh/PycharmProjects/airflow-basic/venv/lib/python3.8/site-packages/airflow/example_dags/example_nested_branch_dag.py
[2021-03-31 01:55:37,153] {scheduler_job.py:629} INFO - Processing file /home/prathamesh/PycharmProjects/airflow-basic/venv/lib/python3.8/site-packages/airflow/example_dags/example_nested_branch_dag.py for tasks to queue
[2021-03-31 01:55:37,154] {logging_mixin.py:104} INFO - [2021-03-31 01:55:37,154] {dagbag.py:448} INFO - Filling up the DagBag from /home/prathamesh/PycharmProjects/airflow-basic/venv/lib/python3.8/site-packages/airflow/example_dags/example_nested_branch_dag.py
[2021-03-31 01:55:37,240] {scheduler_job.py:639} INFO - DAG(s) dict_keys(['example_nested_branch_dag']) retrieved from /home/prathamesh/PycharmProjects/airflow-basic/venv/lib/python3.8/site-packages/airflow/example_dags/example_nested_branch_dag.py
[2021-03-31 01:55:37,376] {logging_mixin.py:104} INFO - [2021-03-31 01:55:37,375] {dag.py:1818} INFO - Sync 1 DAGs
[2021-03-31 01:55:37,553] {logging_mixin.py:104} INFO - [2021-03-31 01:55:37,553] {dag.py:2273} INFO - Setting next_dagrun for example_nested_branch_dag to 2021-03-29 00:00:00+00:00
[2021-03-31 01:55:37,616] {scheduler_job.py:190} INFO - Processing /home/prathamesh/PycharmProjects/airflow-basic/venv/lib/python3.8/site-packages/airflow/example_dags/example_nested_branch_dag.py took 0.493 seconds
[2021-03-31 01:56:16,357] {scheduler_job.py:182} INFO - Started process (PID=13043) to work on /home/prathamesh/PycharmProjects/airflow-basic/venv/lib/python3.8/site-packages/airflow/example_dags/example_nested_branch_dag.py
[2021-03-31 01:56:16,358] {scheduler_job.py:629} INFO - Processing file /home/prathamesh/PycharmProjects/airflow-basic/venv/lib/python3.8/site-packages/airflow/example_dags/example_nested_branch_dag.py for tasks to queue
[2021-03-31 01:56:16,359] {logging_mixin.py:104} INFO - [2021-03-31 01:56:16,359] {dagbag.py:448} INFO - Filling up the DagBag from /home/prathamesh/PycharmProjects/airflow-basic/venv/lib/python3.8/site-packages/airflow/example_dags/example_nested_branch_dag.py
[2021-03-31 01:56:16,384] {scheduler_job.py:639} INFO - DAG(s) dict_keys(['example_nested_branch_dag']) retrieved from /home/prathamesh/PycharmProjects/airflow-basic/venv/lib/python3.8/site-packages/airflow/example_dags/example_nested_branch_dag.py
[2021-03-31 01:56:16,404] {logging_mixin.py:104} INFO - [2021-03-31 01:56:16,403] {dag.py:1818} INFO - Sync 1 DAGs
[2021-03-31 01:56:16,435] {logging_mixin.py:104} INFO - [2021-03-31 01:56:16,435] {dag.py:2273} INFO - Setting next_dagrun for example_nested_branch_dag to 2021-03-29 00:00:00+00:00
[2021-03-31 01:56:16,445] {scheduler_job.py:190} INFO - Processing /home/prathamesh/PycharmProjects/airflow-basic/venv/lib/python3.8/site-packages/airflow/example_dags/example_nested_branch_dag.py took 0.093 seconds
[2021-03-31 01:56:52,396] {scheduler_job.py:182} INFO - Started process (PID=13076) to work on /home/prathamesh/PycharmProjects/airflow-basic/venv/lib/python3.8/site-packages/airflow/example_dags/example_nested_branch_dag.py
[2021-03-31 01:56:52,402] {scheduler_job.py:629} INFO - Processing file /home/prathamesh/PycharmProjects/airflow-basic/venv/lib/python3.8/site-packages/airflow/example_dags/example_nested_branch_dag.py for tasks to queue
[2021-03-31 01:56:52,403] {logging_mixin.py:104} INFO - [2021-03-31 01:56:52,403] {dagbag.py:448} INFO - Filling up the DagBag from /home/prathamesh/PycharmProjects/airflow-basic/venv/lib/python3.8/site-packages/airflow/example_dags/example_nested_branch_dag.py
[2021-03-31 01:56:52,422] {scheduler_job.py:639} INFO - DAG(s) dict_keys(['example_nested_branch_dag']) retrieved from /home/prathamesh/PycharmProjects/airflow-basic/venv/lib/python3.8/site-packages/airflow/example_dags/example_nested_branch_dag.py
[2021-03-31 01:56:52,439] {logging_mixin.py:104} INFO - [2021-03-31 01:56:52,438] {dag.py:1818} INFO - Sync 1 DAGs
[2021-03-31 01:56:52,463] {logging_mixin.py:104} INFO - [2021-03-31 01:56:52,463] {dag.py:2273} INFO - Setting next_dagrun for example_nested_branch_dag to 2021-03-29 00:00:00+00:00
[2021-03-31 01:56:52,473] {scheduler_job.py:190} INFO - Processing /home/prathamesh/PycharmProjects/airflow-basic/venv/lib/python3.8/site-packages/airflow/example_dags/example_nested_branch_dag.py took 0.081 seconds
[2021-03-31 01:57:30,911] {scheduler_job.py:182} INFO - Started process (PID=13110) to work on /home/prathamesh/PycharmProjects/airflow-basic/venv/lib/python3.8/site-packages/airflow/example_dags/example_nested_branch_dag.py
[2021-03-31 01:57:30,921] {scheduler_job.py:629} INFO - Processing file /home/prathamesh/PycharmProjects/airflow-basic/venv/lib/python3.8/site-packages/airflow/example_dags/example_nested_branch_dag.py for tasks to queue
[2021-03-31 01:57:30,922] {logging_mixin.py:104} INFO - [2021-03-31 01:57:30,922] {dagbag.py:448} INFO - Filling up the DagBag from /home/prathamesh/PycharmProjects/airflow-basic/venv/lib/python3.8/site-packages/airflow/example_dags/example_nested_branch_dag.py
[2021-03-31 01:57:30,966] {scheduler_job.py:639} INFO - DAG(s) dict_keys(['example_nested_branch_dag']) retrieved from /home/prathamesh/PycharmProjects/airflow-basic/venv/lib/python3.8/site-packages/airflow/example_dags/example_nested_branch_dag.py
[2021-03-31 01:57:31,083] {logging_mixin.py:104} INFO - [2021-03-31 01:57:31,083] {dag.py:1818} INFO - Sync 1 DAGs
[2021-03-31 01:57:31,166] {logging_mixin.py:104} INFO - [2021-03-31 01:57:31,166] {dag.py:2273} INFO - Setting next_dagrun for example_nested_branch_dag to 2021-03-29 00:00:00+00:00
[2021-03-31 01:57:31,213] {scheduler_job.py:190} INFO - Processing /home/prathamesh/PycharmProjects/airflow-basic/venv/lib/python3.8/site-packages/airflow/example_dags/example_nested_branch_dag.py took 0.330 seconds
[2021-03-31 02:51:46,617] {scheduler_job.py:182} INFO - Started process (PID=13762) to work on /home/prathamesh/PycharmProjects/airflow-basic/venv/lib/python3.8/site-packages/airflow/example_dags/example_nested_branch_dag.py
[2021-03-31 02:51:46,618] {scheduler_job.py:629} INFO - Processing file /home/prathamesh/PycharmProjects/airflow-basic/venv/lib/python3.8/site-packages/airflow/example_dags/example_nested_branch_dag.py for tasks to queue
[2021-03-31 02:51:46,618] {logging_mixin.py:104} INFO - [2021-03-31 02:51:46,618] {dagbag.py:448} INFO - Filling up the DagBag from /home/prathamesh/PycharmProjects/airflow-basic/venv/lib/python3.8/site-packages/airflow/example_dags/example_nested_branch_dag.py
[2021-03-31 02:51:46,649] {scheduler_job.py:639} INFO - DAG(s) dict_keys(['example_nested_branch_dag']) retrieved from /home/prathamesh/PycharmProjects/airflow-basic/venv/lib/python3.8/site-packages/airflow/example_dags/example_nested_branch_dag.py
[2021-03-31 02:51:46,684] {logging_mixin.py:104} INFO - [2021-03-31 02:51:46,684] {dag.py:1818} INFO - Sync 1 DAGs
[2021-03-31 02:51:46,726] {logging_mixin.py:104} INFO - [2021-03-31 02:51:46,726] {dag.py:2273} INFO - Setting next_dagrun for example_nested_branch_dag to 2021-03-29 00:00:00+00:00
[2021-03-31 02:51:46,760] {scheduler_job.py:190} INFO - Processing /home/prathamesh/PycharmProjects/airflow-basic/venv/lib/python3.8/site-packages/airflow/example_dags/example_nested_branch_dag.py took 0.144 seconds
[2021-03-31 02:52:24,045] {scheduler_job.py:182} INFO - Started process (PID=13933) to work on /home/prathamesh/PycharmProjects/airflow-basic/venv/lib/python3.8/site-packages/airflow/example_dags/example_nested_branch_dag.py
[2021-03-31 02:52:24,046] {scheduler_job.py:629} INFO - Processing file /home/prathamesh/PycharmProjects/airflow-basic/venv/lib/python3.8/site-packages/airflow/example_dags/example_nested_branch_dag.py for tasks to queue
[2021-03-31 02:52:24,047] {logging_mixin.py:104} INFO - [2021-03-31 02:52:24,047] {dagbag.py:448} INFO - Filling up the DagBag from /home/prathamesh/PycharmProjects/airflow-basic/venv/lib/python3.8/site-packages/airflow/example_dags/example_nested_branch_dag.py
[2021-03-31 02:52:24,055] {scheduler_job.py:639} INFO - DAG(s) dict_keys(['example_nested_branch_dag']) retrieved from /home/prathamesh/PycharmProjects/airflow-basic/venv/lib/python3.8/site-packages/airflow/example_dags/example_nested_branch_dag.py
[2021-03-31 02:52:24,066] {logging_mixin.py:104} INFO - [2021-03-31 02:52:24,066] {dag.py:1818} INFO - Sync 1 DAGs
[2021-03-31 02:52:24,076] {logging_mixin.py:104} INFO - [2021-03-31 02:52:24,076] {dag.py:2273} INFO - Setting next_dagrun for example_nested_branch_dag to 2021-03-29 00:00:00+00:00
[2021-03-31 02:52:24,082] {scheduler_job.py:190} INFO - Processing /home/prathamesh/PycharmProjects/airflow-basic/venv/lib/python3.8/site-packages/airflow/example_dags/example_nested_branch_dag.py took 0.039 seconds
[2021-03-31 02:52:59,773] {scheduler_job.py:182} INFO - Started process (PID=14064) to work on /home/prathamesh/PycharmProjects/airflow-basic/venv/lib/python3.8/site-packages/airflow/example_dags/example_nested_branch_dag.py
[2021-03-31 02:52:59,773] {scheduler_job.py:629} INFO - Processing file /home/prathamesh/PycharmProjects/airflow-basic/venv/lib/python3.8/site-packages/airflow/example_dags/example_nested_branch_dag.py for tasks to queue
[2021-03-31 02:52:59,774] {logging_mixin.py:104} INFO - [2021-03-31 02:52:59,774] {dagbag.py:448} INFO - Filling up the DagBag from /home/prathamesh/PycharmProjects/airflow-basic/venv/lib/python3.8/site-packages/airflow/example_dags/example_nested_branch_dag.py
[2021-03-31 02:52:59,784] {scheduler_job.py:639} INFO - DAG(s) dict_keys(['example_nested_branch_dag']) retrieved from /home/prathamesh/PycharmProjects/airflow-basic/venv/lib/python3.8/site-packages/airflow/example_dags/example_nested_branch_dag.py
[2021-03-31 02:52:59,796] {logging_mixin.py:104} INFO - [2021-03-31 02:52:59,796] {dag.py:1818} INFO - Sync 1 DAGs
[2021-03-31 02:52:59,807] {logging_mixin.py:104} INFO - [2021-03-31 02:52:59,807] {dag.py:2273} INFO - Setting next_dagrun for example_nested_branch_dag to 2021-03-29 00:00:00+00:00
[2021-03-31 02:52:59,813] {scheduler_job.py:190} INFO - Processing /home/prathamesh/PycharmProjects/airflow-basic/venv/lib/python3.8/site-packages/airflow/example_dags/example_nested_branch_dag.py took 0.043 seconds
[2021-03-31 02:53:40,560] {scheduler_job.py:182} INFO - Started process (PID=14204) to work on /home/prathamesh/PycharmProjects/airflow-basic/venv/lib/python3.8/site-packages/airflow/example_dags/example_nested_branch_dag.py
[2021-03-31 02:53:40,562] {scheduler_job.py:629} INFO - Processing file /home/prathamesh/PycharmProjects/airflow-basic/venv/lib/python3.8/site-packages/airflow/example_dags/example_nested_branch_dag.py for tasks to queue
[2021-03-31 02:53:40,562] {logging_mixin.py:104} INFO - [2021-03-31 02:53:40,562] {dagbag.py:448} INFO - Filling up the DagBag from /home/prathamesh/PycharmProjects/airflow-basic/venv/lib/python3.8/site-packages/airflow/example_dags/example_nested_branch_dag.py
[2021-03-31 02:53:40,574] {scheduler_job.py:639} INFO - DAG(s) dict_keys(['example_nested_branch_dag']) retrieved from /home/prathamesh/PycharmProjects/airflow-basic/venv/lib/python3.8/site-packages/airflow/example_dags/example_nested_branch_dag.py
[2021-03-31 02:53:40,584] {logging_mixin.py:104} INFO - [2021-03-31 02:53:40,584] {dag.py:1818} INFO - Sync 1 DAGs
[2021-03-31 02:53:40,613] {logging_mixin.py:104} INFO - [2021-03-31 02:53:40,613] {dag.py:2273} INFO - Setting next_dagrun for example_nested_branch_dag to 2021-03-29 00:00:00+00:00
[2021-03-31 02:53:40,619] {scheduler_job.py:190} INFO - Processing /home/prathamesh/PycharmProjects/airflow-basic/venv/lib/python3.8/site-packages/airflow/example_dags/example_nested_branch_dag.py took 0.061 seconds
[2021-03-31 02:54:18,703] {scheduler_job.py:182} INFO - Started process (PID=14338) to work on /home/prathamesh/PycharmProjects/airflow-basic/venv/lib/python3.8/site-packages/airflow/example_dags/example_nested_branch_dag.py
[2021-03-31 02:54:18,704] {scheduler_job.py:629} INFO - Processing file /home/prathamesh/PycharmProjects/airflow-basic/venv/lib/python3.8/site-packages/airflow/example_dags/example_nested_branch_dag.py for tasks to queue
[2021-03-31 02:54:18,704] {logging_mixin.py:104} INFO - [2021-03-31 02:54:18,704] {dagbag.py:448} INFO - Filling up the DagBag from /home/prathamesh/PycharmProjects/airflow-basic/venv/lib/python3.8/site-packages/airflow/example_dags/example_nested_branch_dag.py
[2021-03-31 02:54:18,712] {scheduler_job.py:639} INFO - DAG(s) dict_keys(['example_nested_branch_dag']) retrieved from /home/prathamesh/PycharmProjects/airflow-basic/venv/lib/python3.8/site-packages/airflow/example_dags/example_nested_branch_dag.py
[2021-03-31 02:54:18,721] {logging_mixin.py:104} INFO - [2021-03-31 02:54:18,721] {dag.py:1818} INFO - Sync 1 DAGs
[2021-03-31 02:54:18,737] {logging_mixin.py:104} INFO - [2021-03-31 02:54:18,737] {dag.py:2273} INFO - Setting next_dagrun for example_nested_branch_dag to 2021-03-29 00:00:00+00:00
[2021-03-31 02:54:18,742] {scheduler_job.py:190} INFO - Processing /home/prathamesh/PycharmProjects/airflow-basic/venv/lib/python3.8/site-packages/airflow/example_dags/example_nested_branch_dag.py took 0.041 seconds
[2021-03-31 02:54:54,598] {scheduler_job.py:182} INFO - Started process (PID=14471) to work on /home/prathamesh/PycharmProjects/airflow-basic/venv/lib/python3.8/site-packages/airflow/example_dags/example_nested_branch_dag.py
[2021-03-31 02:54:54,599] {scheduler_job.py:629} INFO - Processing file /home/prathamesh/PycharmProjects/airflow-basic/venv/lib/python3.8/site-packages/airflow/example_dags/example_nested_branch_dag.py for tasks to queue
[2021-03-31 02:54:54,600] {logging_mixin.py:104} INFO - [2021-03-31 02:54:54,600] {dagbag.py:448} INFO - Filling up the DagBag from /home/prathamesh/PycharmProjects/airflow-basic/venv/lib/python3.8/site-packages/airflow/example_dags/example_nested_branch_dag.py
[2021-03-31 02:54:54,612] {scheduler_job.py:639} INFO - DAG(s) dict_keys(['example_nested_branch_dag']) retrieved from /home/prathamesh/PycharmProjects/airflow-basic/venv/lib/python3.8/site-packages/airflow/example_dags/example_nested_branch_dag.py
[2021-03-31 02:54:54,626] {logging_mixin.py:104} INFO - [2021-03-31 02:54:54,626] {dag.py:1818} INFO - Sync 1 DAGs
[2021-03-31 02:54:54,639] {logging_mixin.py:104} INFO - [2021-03-31 02:54:54,639] {dag.py:2273} INFO - Setting next_dagrun for example_nested_branch_dag to 2021-03-29 00:00:00+00:00
[2021-03-31 02:54:54,643] {scheduler_job.py:190} INFO - Processing /home/prathamesh/PycharmProjects/airflow-basic/venv/lib/python3.8/site-packages/airflow/example_dags/example_nested_branch_dag.py took 0.048 seconds
[2021-03-31 02:56:52,602] {scheduler_job.py:182} INFO - Started process (PID=14779) to work on /home/prathamesh/PycharmProjects/airflow-basic/venv/lib/python3.8/site-packages/airflow/example_dags/example_nested_branch_dag.py
[2021-03-31 02:56:52,603] {scheduler_job.py:629} INFO - Processing file /home/prathamesh/PycharmProjects/airflow-basic/venv/lib/python3.8/site-packages/airflow/example_dags/example_nested_branch_dag.py for tasks to queue
[2021-03-31 02:56:52,604] {logging_mixin.py:104} INFO - [2021-03-31 02:56:52,604] {dagbag.py:448} INFO - Filling up the DagBag from /home/prathamesh/PycharmProjects/airflow-basic/venv/lib/python3.8/site-packages/airflow/example_dags/example_nested_branch_dag.py
[2021-03-31 02:56:52,613] {scheduler_job.py:639} INFO - DAG(s) dict_keys(['example_nested_branch_dag']) retrieved from /home/prathamesh/PycharmProjects/airflow-basic/venv/lib/python3.8/site-packages/airflow/example_dags/example_nested_branch_dag.py
[2021-03-31 02:56:52,622] {logging_mixin.py:104} INFO - [2021-03-31 02:56:52,622] {dag.py:1818} INFO - Sync 1 DAGs
[2021-03-31 02:56:52,634] {logging_mixin.py:104} INFO - [2021-03-31 02:56:52,634] {dag.py:2273} INFO - Setting next_dagrun for example_nested_branch_dag to 2021-03-29 00:00:00+00:00
[2021-03-31 02:56:52,639] {scheduler_job.py:190} INFO - Processing /home/prathamesh/PycharmProjects/airflow-basic/venv/lib/python3.8/site-packages/airflow/example_dags/example_nested_branch_dag.py took 0.039 seconds
[2021-03-31 02:57:26,519] {scheduler_job.py:182} INFO - Started process (PID=14913) to work on /home/prathamesh/PycharmProjects/airflow-basic/venv/lib/python3.8/site-packages/airflow/example_dags/example_nested_branch_dag.py
[2021-03-31 02:57:26,520] {scheduler_job.py:629} INFO - Processing file /home/prathamesh/PycharmProjects/airflow-basic/venv/lib/python3.8/site-packages/airflow/example_dags/example_nested_branch_dag.py for tasks to queue
[2021-03-31 02:57:26,520] {logging_mixin.py:104} INFO - [2021-03-31 02:57:26,520] {dagbag.py:448} INFO - Filling up the DagBag from /home/prathamesh/PycharmProjects/airflow-basic/venv/lib/python3.8/site-packages/airflow/example_dags/example_nested_branch_dag.py
[2021-03-31 02:57:26,541] {scheduler_job.py:639} INFO - DAG(s) dict_keys(['example_nested_branch_dag']) retrieved from /home/prathamesh/PycharmProjects/airflow-basic/venv/lib/python3.8/site-packages/airflow/example_dags/example_nested_branch_dag.py
[2021-03-31 02:57:26,563] {logging_mixin.py:104} INFO - [2021-03-31 02:57:26,563] {dag.py:1818} INFO - Sync 1 DAGs
[2021-03-31 02:57:26,597] {logging_mixin.py:104} INFO - [2021-03-31 02:57:26,597] {dag.py:2273} INFO - Setting next_dagrun for example_nested_branch_dag to 2021-03-29 00:00:00+00:00
[2021-03-31 02:57:26,603] {scheduler_job.py:190} INFO - Processing /home/prathamesh/PycharmProjects/airflow-basic/venv/lib/python3.8/site-packages/airflow/example_dags/example_nested_branch_dag.py took 0.085 seconds
[2021-03-31 02:58:08,198] {scheduler_job.py:182} INFO - Started process (PID=15055) to work on /home/prathamesh/PycharmProjects/airflow-basic/venv/lib/python3.8/site-packages/airflow/example_dags/example_nested_branch_dag.py
[2021-03-31 02:58:08,199] {scheduler_job.py:629} INFO - Processing file /home/prathamesh/PycharmProjects/airflow-basic/venv/lib/python3.8/site-packages/airflow/example_dags/example_nested_branch_dag.py for tasks to queue
[2021-03-31 02:58:08,199] {logging_mixin.py:104} INFO - [2021-03-31 02:58:08,199] {dagbag.py:448} INFO - Filling up the DagBag from /home/prathamesh/PycharmProjects/airflow-basic/venv/lib/python3.8/site-packages/airflow/example_dags/example_nested_branch_dag.py
[2021-03-31 02:58:08,234] {scheduler_job.py:639} INFO - DAG(s) dict_keys(['example_nested_branch_dag']) retrieved from /home/prathamesh/PycharmProjects/airflow-basic/venv/lib/python3.8/site-packages/airflow/example_dags/example_nested_branch_dag.py
[2021-03-31 02:58:08,254] {logging_mixin.py:104} INFO - [2021-03-31 02:58:08,254] {dag.py:1818} INFO - Sync 1 DAGs
[2021-03-31 02:58:08,272] {logging_mixin.py:104} INFO - [2021-03-31 02:58:08,271] {dag.py:2273} INFO - Setting next_dagrun for example_nested_branch_dag to 2021-03-29 00:00:00+00:00
[2021-03-31 02:58:08,302] {scheduler_job.py:190} INFO - Processing /home/prathamesh/PycharmProjects/airflow-basic/venv/lib/python3.8/site-packages/airflow/example_dags/example_nested_branch_dag.py took 0.106 seconds
[2021-03-31 02:58:52,753] {scheduler_job.py:182} INFO - Started process (PID=15189) to work on /home/prathamesh/PycharmProjects/airflow-basic/venv/lib/python3.8/site-packages/airflow/example_dags/example_nested_branch_dag.py
[2021-03-31 02:58:52,760] {scheduler_job.py:629} INFO - Processing file /home/prathamesh/PycharmProjects/airflow-basic/venv/lib/python3.8/site-packages/airflow/example_dags/example_nested_branch_dag.py for tasks to queue
[2021-03-31 02:58:52,761] {logging_mixin.py:104} INFO - [2021-03-31 02:58:52,761] {dagbag.py:448} INFO - Filling up the DagBag from /home/prathamesh/PycharmProjects/airflow-basic/venv/lib/python3.8/site-packages/airflow/example_dags/example_nested_branch_dag.py
[2021-03-31 02:58:52,787] {scheduler_job.py:639} INFO - DAG(s) dict_keys(['example_nested_branch_dag']) retrieved from /home/prathamesh/PycharmProjects/airflow-basic/venv/lib/python3.8/site-packages/airflow/example_dags/example_nested_branch_dag.py
[2021-03-31 02:58:52,815] {logging_mixin.py:104} INFO - [2021-03-31 02:58:52,815] {dag.py:1818} INFO - Sync 1 DAGs
[2021-03-31 02:58:52,853] {logging_mixin.py:104} INFO - [2021-03-31 02:58:52,853] {dag.py:2273} INFO - Setting next_dagrun for example_nested_branch_dag to 2021-03-29 00:00:00+00:00
[2021-03-31 02:58:52,860] {scheduler_job.py:190} INFO - Processing /home/prathamesh/PycharmProjects/airflow-basic/venv/lib/python3.8/site-packages/airflow/example_dags/example_nested_branch_dag.py took 0.109 seconds
[2021-03-31 03:00:13,975] {scheduler_job.py:182} INFO - Started process (PID=15760) to work on /home/prathamesh/PycharmProjects/airflow-basic/venv/lib/python3.8/site-packages/airflow/example_dags/example_nested_branch_dag.py
[2021-03-31 03:00:13,976] {scheduler_job.py:629} INFO - Processing file /home/prathamesh/PycharmProjects/airflow-basic/venv/lib/python3.8/site-packages/airflow/example_dags/example_nested_branch_dag.py for tasks to queue
[2021-03-31 03:00:13,977] {logging_mixin.py:104} INFO - [2021-03-31 03:00:13,977] {dagbag.py:448} INFO - Filling up the DagBag from /home/prathamesh/PycharmProjects/airflow-basic/venv/lib/python3.8/site-packages/airflow/example_dags/example_nested_branch_dag.py
[2021-03-31 03:00:13,999] {scheduler_job.py:639} INFO - DAG(s) dict_keys(['example_nested_branch_dag']) retrieved from /home/prathamesh/PycharmProjects/airflow-basic/venv/lib/python3.8/site-packages/airflow/example_dags/example_nested_branch_dag.py
[2021-03-31 03:00:14,021] {logging_mixin.py:104} INFO - [2021-03-31 03:00:14,021] {dag.py:1818} INFO - Sync 1 DAGs
[2021-03-31 03:00:14,070] {logging_mixin.py:104} INFO - [2021-03-31 03:00:14,070] {dag.py:2273} INFO - Setting next_dagrun for example_nested_branch_dag to 2021-03-29 00:00:00+00:00
[2021-03-31 03:00:14,088] {scheduler_job.py:190} INFO - Processing /home/prathamesh/PycharmProjects/airflow-basic/venv/lib/python3.8/site-packages/airflow/example_dags/example_nested_branch_dag.py took 0.116 seconds
[2021-03-31 03:01:13,703] {scheduler_job.py:182} INFO - Started process (PID=16113) to work on /home/prathamesh/PycharmProjects/airflow-basic/venv/lib/python3.8/site-packages/airflow/example_dags/example_nested_branch_dag.py
[2021-03-31 03:01:13,704] {scheduler_job.py:629} INFO - Processing file /home/prathamesh/PycharmProjects/airflow-basic/venv/lib/python3.8/site-packages/airflow/example_dags/example_nested_branch_dag.py for tasks to queue
[2021-03-31 03:01:13,704] {logging_mixin.py:104} INFO - [2021-03-31 03:01:13,704] {dagbag.py:448} INFO - Filling up the DagBag from /home/prathamesh/PycharmProjects/airflow-basic/venv/lib/python3.8/site-packages/airflow/example_dags/example_nested_branch_dag.py
[2021-03-31 03:01:13,723] {scheduler_job.py:639} INFO - DAG(s) dict_keys(['example_nested_branch_dag']) retrieved from /home/prathamesh/PycharmProjects/airflow-basic/venv/lib/python3.8/site-packages/airflow/example_dags/example_nested_branch_dag.py
[2021-03-31 03:01:13,756] {logging_mixin.py:104} INFO - [2021-03-31 03:01:13,756] {dag.py:1818} INFO - Sync 1 DAGs
[2021-03-31 03:01:13,782] {logging_mixin.py:104} INFO - [2021-03-31 03:01:13,781] {dag.py:2273} INFO - Setting next_dagrun for example_nested_branch_dag to 2021-03-29 00:00:00+00:00
[2021-03-31 03:01:13,786] {scheduler_job.py:190} INFO - Processing /home/prathamesh/PycharmProjects/airflow-basic/venv/lib/python3.8/site-packages/airflow/example_dags/example_nested_branch_dag.py took 0.085 seconds
[2021-03-31 03:01:52,000] {scheduler_job.py:182} INFO - Started process (PID=16245) to work on /home/prathamesh/PycharmProjects/airflow-basic/venv/lib/python3.8/site-packages/airflow/example_dags/example_nested_branch_dag.py
[2021-03-31 03:01:52,001] {scheduler_job.py:629} INFO - Processing file /home/prathamesh/PycharmProjects/airflow-basic/venv/lib/python3.8/site-packages/airflow/example_dags/example_nested_branch_dag.py for tasks to queue
[2021-03-31 03:01:52,001] {logging_mixin.py:104} INFO - [2021-03-31 03:01:52,001] {dagbag.py:448} INFO - Filling up the DagBag from /home/prathamesh/PycharmProjects/airflow-basic/venv/lib/python3.8/site-packages/airflow/example_dags/example_nested_branch_dag.py
[2021-03-31 03:01:52,014] {scheduler_job.py:639} INFO - DAG(s) dict_keys(['example_nested_branch_dag']) retrieved from /home/prathamesh/PycharmProjects/airflow-basic/venv/lib/python3.8/site-packages/airflow/example_dags/example_nested_branch_dag.py
[2021-03-31 03:01:52,024] {logging_mixin.py:104} INFO - [2021-03-31 03:01:52,024] {dag.py:1818} INFO - Sync 1 DAGs
[2021-03-31 03:01:52,038] {logging_mixin.py:104} INFO - [2021-03-31 03:01:52,037] {dag.py:2273} INFO - Setting next_dagrun for example_nested_branch_dag to 2021-03-29 00:00:00+00:00
[2021-03-31 03:01:52,042] {scheduler_job.py:190} INFO - Processing /home/prathamesh/PycharmProjects/airflow-basic/venv/lib/python3.8/site-packages/airflow/example_dags/example_nested_branch_dag.py took 0.049 seconds
[2021-03-31 03:02:30,157] {scheduler_job.py:182} INFO - Started process (PID=16377) to work on /home/prathamesh/PycharmProjects/airflow-basic/venv/lib/python3.8/site-packages/airflow/example_dags/example_nested_branch_dag.py
[2021-03-31 03:02:30,158] {scheduler_job.py:629} INFO - Processing file /home/prathamesh/PycharmProjects/airflow-basic/venv/lib/python3.8/site-packages/airflow/example_dags/example_nested_branch_dag.py for tasks to queue
[2021-03-31 03:02:30,159] {logging_mixin.py:104} INFO - [2021-03-31 03:02:30,159] {dagbag.py:448} INFO - Filling up the DagBag from /home/prathamesh/PycharmProjects/airflow-basic/venv/lib/python3.8/site-packages/airflow/example_dags/example_nested_branch_dag.py
[2021-03-31 03:02:30,171] {scheduler_job.py:639} INFO - DAG(s) dict_keys(['example_nested_branch_dag']) retrieved from /home/prathamesh/PycharmProjects/airflow-basic/venv/lib/python3.8/site-packages/airflow/example_dags/example_nested_branch_dag.py
[2021-03-31 03:02:30,181] {logging_mixin.py:104} INFO - [2021-03-31 03:02:30,181] {dag.py:1818} INFO - Sync 1 DAGs
[2021-03-31 03:02:30,192] {logging_mixin.py:104} INFO - [2021-03-31 03:02:30,192] {dag.py:2273} INFO - Setting next_dagrun for example_nested_branch_dag to 2021-03-29 00:00:00+00:00
[2021-03-31 03:02:30,197] {scheduler_job.py:190} INFO - Processing /home/prathamesh/PycharmProjects/airflow-basic/venv/lib/python3.8/site-packages/airflow/example_dags/example_nested_branch_dag.py took 0.044 seconds
[2021-03-31 03:03:07,927] {scheduler_job.py:182} INFO - Started process (PID=16509) to work on /home/prathamesh/PycharmProjects/airflow-basic/venv/lib/python3.8/site-packages/airflow/example_dags/example_nested_branch_dag.py
[2021-03-31 03:03:07,930] {scheduler_job.py:629} INFO - Processing file /home/prathamesh/PycharmProjects/airflow-basic/venv/lib/python3.8/site-packages/airflow/example_dags/example_nested_branch_dag.py for tasks to queue
[2021-03-31 03:03:07,930] {logging_mixin.py:104} INFO - [2021-03-31 03:03:07,930] {dagbag.py:448} INFO - Filling up the DagBag from /home/prathamesh/PycharmProjects/airflow-basic/venv/lib/python3.8/site-packages/airflow/example_dags/example_nested_branch_dag.py
[2021-03-31 03:03:07,942] {scheduler_job.py:639} INFO - DAG(s) dict_keys(['example_nested_branch_dag']) retrieved from /home/prathamesh/PycharmProjects/airflow-basic/venv/lib/python3.8/site-packages/airflow/example_dags/example_nested_branch_dag.py
[2021-03-31 03:03:07,958] {logging_mixin.py:104} INFO - [2021-03-31 03:03:07,958] {dag.py:1818} INFO - Sync 1 DAGs
[2021-03-31 03:03:07,969] {logging_mixin.py:104} INFO - [2021-03-31 03:03:07,969] {dag.py:2273} INFO - Setting next_dagrun for example_nested_branch_dag to 2021-03-29 00:00:00+00:00
[2021-03-31 03:03:07,974] {scheduler_job.py:190} INFO - Processing /home/prathamesh/PycharmProjects/airflow-basic/venv/lib/python3.8/site-packages/airflow/example_dags/example_nested_branch_dag.py took 0.052 seconds
[2021-03-31 03:03:48,102] {scheduler_job.py:182} INFO - Started process (PID=16640) to work on /home/prathamesh/PycharmProjects/airflow-basic/venv/lib/python3.8/site-packages/airflow/example_dags/example_nested_branch_dag.py
[2021-03-31 03:03:48,103] {scheduler_job.py:629} INFO - Processing file /home/prathamesh/PycharmProjects/airflow-basic/venv/lib/python3.8/site-packages/airflow/example_dags/example_nested_branch_dag.py for tasks to queue
[2021-03-31 03:03:48,103] {logging_mixin.py:104} INFO - [2021-03-31 03:03:48,103] {dagbag.py:448} INFO - Filling up the DagBag from /home/prathamesh/PycharmProjects/airflow-basic/venv/lib/python3.8/site-packages/airflow/example_dags/example_nested_branch_dag.py
[2021-03-31 03:03:48,123] {scheduler_job.py:639} INFO - DAG(s) dict_keys(['example_nested_branch_dag']) retrieved from /home/prathamesh/PycharmProjects/airflow-basic/venv/lib/python3.8/site-packages/airflow/example_dags/example_nested_branch_dag.py
[2021-03-31 03:03:48,145] {logging_mixin.py:104} INFO - [2021-03-31 03:03:48,145] {dag.py:1818} INFO - Sync 1 DAGs
[2021-03-31 03:03:48,176] {logging_mixin.py:104} INFO - [2021-03-31 03:03:48,176] {dag.py:2273} INFO - Setting next_dagrun for example_nested_branch_dag to 2021-03-29 00:00:00+00:00
[2021-03-31 03:03:48,194] {scheduler_job.py:190} INFO - Processing /home/prathamesh/PycharmProjects/airflow-basic/venv/lib/python3.8/site-packages/airflow/example_dags/example_nested_branch_dag.py took 0.093 seconds
[2021-03-31 03:04:27,364] {scheduler_job.py:182} INFO - Started process (PID=16773) to work on /home/prathamesh/PycharmProjects/airflow-basic/venv/lib/python3.8/site-packages/airflow/example_dags/example_nested_branch_dag.py
[2021-03-31 03:04:27,366] {scheduler_job.py:629} INFO - Processing file /home/prathamesh/PycharmProjects/airflow-basic/venv/lib/python3.8/site-packages/airflow/example_dags/example_nested_branch_dag.py for tasks to queue
[2021-03-31 03:04:27,366] {logging_mixin.py:104} INFO - [2021-03-31 03:04:27,366] {dagbag.py:448} INFO - Filling up the DagBag from /home/prathamesh/PycharmProjects/airflow-basic/venv/lib/python3.8/site-packages/airflow/example_dags/example_nested_branch_dag.py
[2021-03-31 03:04:27,382] {scheduler_job.py:639} INFO - DAG(s) dict_keys(['example_nested_branch_dag']) retrieved from /home/prathamesh/PycharmProjects/airflow-basic/venv/lib/python3.8/site-packages/airflow/example_dags/example_nested_branch_dag.py
[2021-03-31 03:04:27,398] {logging_mixin.py:104} INFO - [2021-03-31 03:04:27,398] {dag.py:1818} INFO - Sync 1 DAGs
[2021-03-31 03:04:27,410] {logging_mixin.py:104} INFO - [2021-03-31 03:04:27,410] {dag.py:2273} INFO - Setting next_dagrun for example_nested_branch_dag to 2021-03-29 00:00:00+00:00
[2021-03-31 03:04:27,415] {scheduler_job.py:190} INFO - Processing /home/prathamesh/PycharmProjects/airflow-basic/venv/lib/python3.8/site-packages/airflow/example_dags/example_nested_branch_dag.py took 0.054 seconds
[2021-03-31 03:05:06,491] {scheduler_job.py:182} INFO - Started process (PID=16904) to work on /home/prathamesh/PycharmProjects/airflow-basic/venv/lib/python3.8/site-packages/airflow/example_dags/example_nested_branch_dag.py
[2021-03-31 03:05:06,491] {scheduler_job.py:629} INFO - Processing file /home/prathamesh/PycharmProjects/airflow-basic/venv/lib/python3.8/site-packages/airflow/example_dags/example_nested_branch_dag.py for tasks to queue
[2021-03-31 03:05:06,492] {logging_mixin.py:104} INFO - [2021-03-31 03:05:06,492] {dagbag.py:448} INFO - Filling up the DagBag from /home/prathamesh/PycharmProjects/airflow-basic/venv/lib/python3.8/site-packages/airflow/example_dags/example_nested_branch_dag.py
[2021-03-31 03:05:06,509] {scheduler_job.py:639} INFO - DAG(s) dict_keys(['example_nested_branch_dag']) retrieved from /home/prathamesh/PycharmProjects/airflow-basic/venv/lib/python3.8/site-packages/airflow/example_dags/example_nested_branch_dag.py
[2021-03-31 03:05:06,524] {logging_mixin.py:104} INFO - [2021-03-31 03:05:06,524] {dag.py:1818} INFO - Sync 1 DAGs
[2021-03-31 03:05:06,539] {logging_mixin.py:104} INFO - [2021-03-31 03:05:06,539] {dag.py:2273} INFO - Setting next_dagrun for example_nested_branch_dag to 2021-03-29 00:00:00+00:00
[2021-03-31 03:05:06,544] {scheduler_job.py:190} INFO - Processing /home/prathamesh/PycharmProjects/airflow-basic/venv/lib/python3.8/site-packages/airflow/example_dags/example_nested_branch_dag.py took 0.055 seconds
[2021-03-31 03:05:41,184] {scheduler_job.py:182} INFO - Started process (PID=17033) to work on /home/prathamesh/PycharmProjects/airflow-basic/venv/lib/python3.8/site-packages/airflow/example_dags/example_nested_branch_dag.py
[2021-03-31 03:05:41,184] {scheduler_job.py:629} INFO - Processing file /home/prathamesh/PycharmProjects/airflow-basic/venv/lib/python3.8/site-packages/airflow/example_dags/example_nested_branch_dag.py for tasks to queue
[2021-03-31 03:05:41,185] {logging_mixin.py:104} INFO - [2021-03-31 03:05:41,185] {dagbag.py:448} INFO - Filling up the DagBag from /home/prathamesh/PycharmProjects/airflow-basic/venv/lib/python3.8/site-packages/airflow/example_dags/example_nested_branch_dag.py
[2021-03-31 03:05:41,195] {scheduler_job.py:639} INFO - DAG(s) dict_keys(['example_nested_branch_dag']) retrieved from /home/prathamesh/PycharmProjects/airflow-basic/venv/lib/python3.8/site-packages/airflow/example_dags/example_nested_branch_dag.py
[2021-03-31 03:05:41,209] {logging_mixin.py:104} INFO - [2021-03-31 03:05:41,209] {dag.py:1818} INFO - Sync 1 DAGs
[2021-03-31 03:05:41,225] {logging_mixin.py:104} INFO - [2021-03-31 03:05:41,225] {dag.py:2273} INFO - Setting next_dagrun for example_nested_branch_dag to 2021-03-29 00:00:00+00:00
[2021-03-31 03:05:41,231] {scheduler_job.py:190} INFO - Processing /home/prathamesh/PycharmProjects/airflow-basic/venv/lib/python3.8/site-packages/airflow/example_dags/example_nested_branch_dag.py took 0.050 seconds
[2021-03-31 03:06:21,323] {scheduler_job.py:182} INFO - Started process (PID=17173) to work on /home/prathamesh/PycharmProjects/airflow-basic/venv/lib/python3.8/site-packages/airflow/example_dags/example_nested_branch_dag.py
[2021-03-31 03:06:21,323] {scheduler_job.py:629} INFO - Processing file /home/prathamesh/PycharmProjects/airflow-basic/venv/lib/python3.8/site-packages/airflow/example_dags/example_nested_branch_dag.py for tasks to queue
[2021-03-31 03:06:21,324] {logging_mixin.py:104} INFO - [2021-03-31 03:06:21,324] {dagbag.py:448} INFO - Filling up the DagBag from /home/prathamesh/PycharmProjects/airflow-basic/venv/lib/python3.8/site-packages/airflow/example_dags/example_nested_branch_dag.py
[2021-03-31 03:06:21,345] {scheduler_job.py:639} INFO - DAG(s) dict_keys(['example_nested_branch_dag']) retrieved from /home/prathamesh/PycharmProjects/airflow-basic/venv/lib/python3.8/site-packages/airflow/example_dags/example_nested_branch_dag.py
[2021-03-31 03:06:21,367] {logging_mixin.py:104} INFO - [2021-03-31 03:06:21,367] {dag.py:1818} INFO - Sync 1 DAGs
[2021-03-31 03:06:21,400] {logging_mixin.py:104} INFO - [2021-03-31 03:06:21,400] {dag.py:2273} INFO - Setting next_dagrun for example_nested_branch_dag to 2021-03-29 00:00:00+00:00
[2021-03-31 03:06:21,404] {scheduler_job.py:190} INFO - Processing /home/prathamesh/PycharmProjects/airflow-basic/venv/lib/python3.8/site-packages/airflow/example_dags/example_nested_branch_dag.py took 0.083 seconds
[2021-03-31 03:07:00,022] {scheduler_job.py:182} INFO - Started process (PID=17305) to work on /home/prathamesh/PycharmProjects/airflow-basic/venv/lib/python3.8/site-packages/airflow/example_dags/example_nested_branch_dag.py
[2021-03-31 03:07:00,024] {scheduler_job.py:629} INFO - Processing file /home/prathamesh/PycharmProjects/airflow-basic/venv/lib/python3.8/site-packages/airflow/example_dags/example_nested_branch_dag.py for tasks to queue
[2021-03-31 03:07:00,025] {logging_mixin.py:104} INFO - [2021-03-31 03:07:00,025] {dagbag.py:448} INFO - Filling up the DagBag from /home/prathamesh/PycharmProjects/airflow-basic/venv/lib/python3.8/site-packages/airflow/example_dags/example_nested_branch_dag.py
[2021-03-31 03:07:00,039] {scheduler_job.py:639} INFO - DAG(s) dict_keys(['example_nested_branch_dag']) retrieved from /home/prathamesh/PycharmProjects/airflow-basic/venv/lib/python3.8/site-packages/airflow/example_dags/example_nested_branch_dag.py
[2021-03-31 03:07:00,050] {logging_mixin.py:104} INFO - [2021-03-31 03:07:00,050] {dag.py:1818} INFO - Sync 1 DAGs
[2021-03-31 03:07:00,061] {logging_mixin.py:104} INFO - [2021-03-31 03:07:00,061] {dag.py:2273} INFO - Setting next_dagrun for example_nested_branch_dag to 2021-03-29 00:00:00+00:00
[2021-03-31 03:07:00,065] {scheduler_job.py:190} INFO - Processing /home/prathamesh/PycharmProjects/airflow-basic/venv/lib/python3.8/site-packages/airflow/example_dags/example_nested_branch_dag.py took 0.046 seconds
[2021-03-31 03:07:39,774] {scheduler_job.py:182} INFO - Started process (PID=17440) to work on /home/prathamesh/PycharmProjects/airflow-basic/venv/lib/python3.8/site-packages/airflow/example_dags/example_nested_branch_dag.py
[2021-03-31 03:07:39,775] {scheduler_job.py:629} INFO - Processing file /home/prathamesh/PycharmProjects/airflow-basic/venv/lib/python3.8/site-packages/airflow/example_dags/example_nested_branch_dag.py for tasks to queue
[2021-03-31 03:07:39,775] {logging_mixin.py:104} INFO - [2021-03-31 03:07:39,775] {dagbag.py:448} INFO - Filling up the DagBag from /home/prathamesh/PycharmProjects/airflow-basic/venv/lib/python3.8/site-packages/airflow/example_dags/example_nested_branch_dag.py
[2021-03-31 03:07:39,819] {scheduler_job.py:639} INFO - DAG(s) dict_keys(['example_nested_branch_dag']) retrieved from /home/prathamesh/PycharmProjects/airflow-basic/venv/lib/python3.8/site-packages/airflow/example_dags/example_nested_branch_dag.py
[2021-03-31 03:07:39,829] {logging_mixin.py:104} INFO - [2021-03-31 03:07:39,829] {dag.py:1818} INFO - Sync 1 DAGs
[2021-03-31 03:07:39,864] {logging_mixin.py:104} INFO - [2021-03-31 03:07:39,864] {dag.py:2273} INFO - Setting next_dagrun for example_nested_branch_dag to 2021-03-29 00:00:00+00:00
[2021-03-31 03:07:39,875] {scheduler_job.py:190} INFO - Processing /home/prathamesh/PycharmProjects/airflow-basic/venv/lib/python3.8/site-packages/airflow/example_dags/example_nested_branch_dag.py took 0.103 seconds
[2021-03-31 03:08:17,930] {scheduler_job.py:182} INFO - Started process (PID=17584) to work on /home/prathamesh/PycharmProjects/airflow-basic/venv/lib/python3.8/site-packages/airflow/example_dags/example_nested_branch_dag.py
[2021-03-31 03:08:17,931] {scheduler_job.py:629} INFO - Processing file /home/prathamesh/PycharmProjects/airflow-basic/venv/lib/python3.8/site-packages/airflow/example_dags/example_nested_branch_dag.py for tasks to queue
[2021-03-31 03:08:17,931] {logging_mixin.py:104} INFO - [2021-03-31 03:08:17,931] {dagbag.py:448} INFO - Filling up the DagBag from /home/prathamesh/PycharmProjects/airflow-basic/venv/lib/python3.8/site-packages/airflow/example_dags/example_nested_branch_dag.py
[2021-03-31 03:08:17,944] {scheduler_job.py:639} INFO - DAG(s) dict_keys(['example_nested_branch_dag']) retrieved from /home/prathamesh/PycharmProjects/airflow-basic/venv/lib/python3.8/site-packages/airflow/example_dags/example_nested_branch_dag.py
[2021-03-31 03:08:17,978] {logging_mixin.py:104} INFO - [2021-03-31 03:08:17,978] {dag.py:1818} INFO - Sync 1 DAGs
[2021-03-31 03:08:18,022] {logging_mixin.py:104} INFO - [2021-03-31 03:08:18,022] {dag.py:2273} INFO - Setting next_dagrun for example_nested_branch_dag to 2021-03-29 00:00:00+00:00
[2021-03-31 03:08:18,027] {scheduler_job.py:190} INFO - Processing /home/prathamesh/PycharmProjects/airflow-basic/venv/lib/python3.8/site-packages/airflow/example_dags/example_nested_branch_dag.py took 0.099 seconds
