[2021-03-31 01:48:36,501] {scheduler_job.py:182} INFO - Started process (PID=12581) to work on /home/prathamesh/PycharmProjects/airflow-basic/venv/lib/python3.8/site-packages/airflow/example_dags/example_trigger_controller_dag.py
[2021-03-31 01:48:36,502] {scheduler_job.py:629} INFO - Processing file /home/prathamesh/PycharmProjects/airflow-basic/venv/lib/python3.8/site-packages/airflow/example_dags/example_trigger_controller_dag.py for tasks to queue
[2021-03-31 01:48:36,503] {logging_mixin.py:104} INFO - [2021-03-31 01:48:36,503] {dagbag.py:448} INFO - Filling up the DagBag from /home/prathamesh/PycharmProjects/airflow-basic/venv/lib/python3.8/site-packages/airflow/example_dags/example_trigger_controller_dag.py
[2021-03-31 01:48:36,557] {scheduler_job.py:639} INFO - DAG(s) dict_keys(['example_trigger_controller_dag']) retrieved from /home/prathamesh/PycharmProjects/airflow-basic/venv/lib/python3.8/site-packages/airflow/example_dags/example_trigger_controller_dag.py
[2021-03-31 01:48:36,605] {logging_mixin.py:104} INFO - [2021-03-31 01:48:36,605] {dag.py:1818} INFO - Sync 1 DAGs
[2021-03-31 01:48:36,652] {logging_mixin.py:104} INFO - [2021-03-31 01:48:36,652] {dag.py:2273} INFO - Setting next_dagrun for example_trigger_controller_dag to 2021-03-29 00:00:00+00:00
[2021-03-31 01:48:36,683] {scheduler_job.py:190} INFO - Processing /home/prathamesh/PycharmProjects/airflow-basic/venv/lib/python3.8/site-packages/airflow/example_dags/example_trigger_controller_dag.py took 0.217 seconds
[2021-03-31 01:49:23,116] {scheduler_job.py:182} INFO - Started process (PID=12642) to work on /home/prathamesh/PycharmProjects/airflow-basic/venv/lib/python3.8/site-packages/airflow/example_dags/example_trigger_controller_dag.py
[2021-03-31 01:49:23,130] {scheduler_job.py:629} INFO - Processing file /home/prathamesh/PycharmProjects/airflow-basic/venv/lib/python3.8/site-packages/airflow/example_dags/example_trigger_controller_dag.py for tasks to queue
[2021-03-31 01:49:23,133] {logging_mixin.py:104} INFO - [2021-03-31 01:49:23,133] {dagbag.py:448} INFO - Filling up the DagBag from /home/prathamesh/PycharmProjects/airflow-basic/venv/lib/python3.8/site-packages/airflow/example_dags/example_trigger_controller_dag.py
[2021-03-31 01:49:23,164] {scheduler_job.py:639} INFO - DAG(s) dict_keys(['example_trigger_controller_dag']) retrieved from /home/prathamesh/PycharmProjects/airflow-basic/venv/lib/python3.8/site-packages/airflow/example_dags/example_trigger_controller_dag.py
[2021-03-31 01:49:23,228] {logging_mixin.py:104} INFO - [2021-03-31 01:49:23,228] {dag.py:1818} INFO - Sync 1 DAGs
[2021-03-31 01:49:23,267] {logging_mixin.py:104} INFO - [2021-03-31 01:49:23,267] {dag.py:2273} INFO - Setting next_dagrun for example_trigger_controller_dag to 2021-03-29 00:00:00+00:00
[2021-03-31 01:49:23,290] {scheduler_job.py:190} INFO - Processing /home/prathamesh/PycharmProjects/airflow-basic/venv/lib/python3.8/site-packages/airflow/example_dags/example_trigger_controller_dag.py took 0.178 seconds
[2021-03-31 01:49:58,120] {scheduler_job.py:182} INFO - Started process (PID=12677) to work on /home/prathamesh/PycharmProjects/airflow-basic/venv/lib/python3.8/site-packages/airflow/example_dags/example_trigger_controller_dag.py
[2021-03-31 01:49:58,121] {scheduler_job.py:629} INFO - Processing file /home/prathamesh/PycharmProjects/airflow-basic/venv/lib/python3.8/site-packages/airflow/example_dags/example_trigger_controller_dag.py for tasks to queue
[2021-03-31 01:49:58,121] {logging_mixin.py:104} INFO - [2021-03-31 01:49:58,121] {dagbag.py:448} INFO - Filling up the DagBag from /home/prathamesh/PycharmProjects/airflow-basic/venv/lib/python3.8/site-packages/airflow/example_dags/example_trigger_controller_dag.py
[2021-03-31 01:49:58,130] {scheduler_job.py:639} INFO - DAG(s) dict_keys(['example_trigger_controller_dag']) retrieved from /home/prathamesh/PycharmProjects/airflow-basic/venv/lib/python3.8/site-packages/airflow/example_dags/example_trigger_controller_dag.py
[2021-03-31 01:49:58,169] {logging_mixin.py:104} INFO - [2021-03-31 01:49:58,169] {dag.py:1818} INFO - Sync 1 DAGs
[2021-03-31 01:49:58,189] {logging_mixin.py:104} INFO - [2021-03-31 01:49:58,189] {dag.py:2273} INFO - Setting next_dagrun for example_trigger_controller_dag to 2021-03-29 00:00:00+00:00
[2021-03-31 01:49:58,199] {scheduler_job.py:190} INFO - Processing /home/prathamesh/PycharmProjects/airflow-basic/venv/lib/python3.8/site-packages/airflow/example_dags/example_trigger_controller_dag.py took 0.082 seconds
[2021-03-31 01:50:33,790] {scheduler_job.py:182} INFO - Started process (PID=12708) to work on /home/prathamesh/PycharmProjects/airflow-basic/venv/lib/python3.8/site-packages/airflow/example_dags/example_trigger_controller_dag.py
[2021-03-31 01:50:33,791] {scheduler_job.py:629} INFO - Processing file /home/prathamesh/PycharmProjects/airflow-basic/venv/lib/python3.8/site-packages/airflow/example_dags/example_trigger_controller_dag.py for tasks to queue
[2021-03-31 01:50:33,792] {logging_mixin.py:104} INFO - [2021-03-31 01:50:33,792] {dagbag.py:448} INFO - Filling up the DagBag from /home/prathamesh/PycharmProjects/airflow-basic/venv/lib/python3.8/site-packages/airflow/example_dags/example_trigger_controller_dag.py
[2021-03-31 01:50:33,809] {scheduler_job.py:639} INFO - DAG(s) dict_keys(['example_trigger_controller_dag']) retrieved from /home/prathamesh/PycharmProjects/airflow-basic/venv/lib/python3.8/site-packages/airflow/example_dags/example_trigger_controller_dag.py
[2021-03-31 01:50:33,829] {logging_mixin.py:104} INFO - [2021-03-31 01:50:33,829] {dag.py:1818} INFO - Sync 1 DAGs
[2021-03-31 01:50:33,847] {logging_mixin.py:104} INFO - [2021-03-31 01:50:33,846] {dag.py:2273} INFO - Setting next_dagrun for example_trigger_controller_dag to 2021-03-29 00:00:00+00:00
[2021-03-31 01:50:33,861] {scheduler_job.py:190} INFO - Processing /home/prathamesh/PycharmProjects/airflow-basic/venv/lib/python3.8/site-packages/airflow/example_dags/example_trigger_controller_dag.py took 0.079 seconds
[2021-03-31 01:52:40,202] {scheduler_job.py:182} INFO - Started process (PID=12773) to work on /home/prathamesh/PycharmProjects/airflow-basic/venv/lib/python3.8/site-packages/airflow/example_dags/example_trigger_controller_dag.py
[2021-03-31 01:52:40,242] {scheduler_job.py:629} INFO - Processing file /home/prathamesh/PycharmProjects/airflow-basic/venv/lib/python3.8/site-packages/airflow/example_dags/example_trigger_controller_dag.py for tasks to queue
[2021-03-31 01:52:40,245] {logging_mixin.py:104} INFO - [2021-03-31 01:52:40,244] {dagbag.py:448} INFO - Filling up the DagBag from /home/prathamesh/PycharmProjects/airflow-basic/venv/lib/python3.8/site-packages/airflow/example_dags/example_trigger_controller_dag.py
[2021-03-31 01:52:40,390] {scheduler_job.py:639} INFO - DAG(s) dict_keys(['example_trigger_controller_dag']) retrieved from /home/prathamesh/PycharmProjects/airflow-basic/venv/lib/python3.8/site-packages/airflow/example_dags/example_trigger_controller_dag.py
[2021-03-31 01:52:40,534] {logging_mixin.py:104} INFO - [2021-03-31 01:52:40,534] {dag.py:1818} INFO - Sync 1 DAGs
[2021-03-31 01:52:40,677] {logging_mixin.py:104} INFO - [2021-03-31 01:52:40,677] {dag.py:2273} INFO - Setting next_dagrun for example_trigger_controller_dag to 2021-03-29 00:00:00+00:00
[2021-03-31 01:52:40,760] {scheduler_job.py:190} INFO - Processing /home/prathamesh/PycharmProjects/airflow-basic/venv/lib/python3.8/site-packages/airflow/example_dags/example_trigger_controller_dag.py took 0.608 seconds
[2021-03-31 01:53:24,596] {scheduler_job.py:182} INFO - Started process (PID=12815) to work on /home/prathamesh/PycharmProjects/airflow-basic/venv/lib/python3.8/site-packages/airflow/example_dags/example_trigger_controller_dag.py
[2021-03-31 01:53:24,617] {scheduler_job.py:629} INFO - Processing file /home/prathamesh/PycharmProjects/airflow-basic/venv/lib/python3.8/site-packages/airflow/example_dags/example_trigger_controller_dag.py for tasks to queue
[2021-03-31 01:53:24,618] {logging_mixin.py:104} INFO - [2021-03-31 01:53:24,618] {dagbag.py:448} INFO - Filling up the DagBag from /home/prathamesh/PycharmProjects/airflow-basic/venv/lib/python3.8/site-packages/airflow/example_dags/example_trigger_controller_dag.py
[2021-03-31 01:53:24,731] {scheduler_job.py:639} INFO - DAG(s) dict_keys(['example_trigger_controller_dag']) retrieved from /home/prathamesh/PycharmProjects/airflow-basic/venv/lib/python3.8/site-packages/airflow/example_dags/example_trigger_controller_dag.py
[2021-03-31 01:53:24,828] {logging_mixin.py:104} INFO - [2021-03-31 01:53:24,827] {dag.py:1818} INFO - Sync 1 DAGs
[2021-03-31 01:53:24,905] {logging_mixin.py:104} INFO - [2021-03-31 01:53:24,905] {dag.py:2273} INFO - Setting next_dagrun for example_trigger_controller_dag to 2021-03-29 00:00:00+00:00
[2021-03-31 01:53:24,966] {scheduler_job.py:190} INFO - Processing /home/prathamesh/PycharmProjects/airflow-basic/venv/lib/python3.8/site-packages/airflow/example_dags/example_trigger_controller_dag.py took 0.394 seconds
[2021-03-31 01:53:56,910] {scheduler_job.py:182} INFO - Started process (PID=12858) to work on /home/prathamesh/PycharmProjects/airflow-basic/venv/lib/python3.8/site-packages/airflow/example_dags/example_trigger_controller_dag.py
[2021-03-31 01:53:56,928] {scheduler_job.py:629} INFO - Processing file /home/prathamesh/PycharmProjects/airflow-basic/venv/lib/python3.8/site-packages/airflow/example_dags/example_trigger_controller_dag.py for tasks to queue
[2021-03-31 01:53:56,929] {logging_mixin.py:104} INFO - [2021-03-31 01:53:56,929] {dagbag.py:448} INFO - Filling up the DagBag from /home/prathamesh/PycharmProjects/airflow-basic/venv/lib/python3.8/site-packages/airflow/example_dags/example_trigger_controller_dag.py
[2021-03-31 01:53:56,956] {scheduler_job.py:639} INFO - DAG(s) dict_keys(['example_trigger_controller_dag']) retrieved from /home/prathamesh/PycharmProjects/airflow-basic/venv/lib/python3.8/site-packages/airflow/example_dags/example_trigger_controller_dag.py
[2021-03-31 01:53:57,034] {logging_mixin.py:104} INFO - [2021-03-31 01:53:57,034] {dag.py:1818} INFO - Sync 1 DAGs
[2021-03-31 01:53:57,088] {logging_mixin.py:104} INFO - [2021-03-31 01:53:57,088] {dag.py:2273} INFO - Setting next_dagrun for example_trigger_controller_dag to 2021-03-29 00:00:00+00:00
[2021-03-31 01:53:57,112] {scheduler_job.py:190} INFO - Processing /home/prathamesh/PycharmProjects/airflow-basic/venv/lib/python3.8/site-packages/airflow/example_dags/example_trigger_controller_dag.py took 0.205 seconds
[2021-03-31 01:54:28,740] {scheduler_job.py:182} INFO - Started process (PID=12895) to work on /home/prathamesh/PycharmProjects/airflow-basic/venv/lib/python3.8/site-packages/airflow/example_dags/example_trigger_controller_dag.py
[2021-03-31 01:54:28,742] {scheduler_job.py:629} INFO - Processing file /home/prathamesh/PycharmProjects/airflow-basic/venv/lib/python3.8/site-packages/airflow/example_dags/example_trigger_controller_dag.py for tasks to queue
[2021-03-31 01:54:28,749] {logging_mixin.py:104} INFO - [2021-03-31 01:54:28,749] {dagbag.py:448} INFO - Filling up the DagBag from /home/prathamesh/PycharmProjects/airflow-basic/venv/lib/python3.8/site-packages/airflow/example_dags/example_trigger_controller_dag.py
[2021-03-31 01:54:28,791] {scheduler_job.py:639} INFO - DAG(s) dict_keys(['example_trigger_controller_dag']) retrieved from /home/prathamesh/PycharmProjects/airflow-basic/venv/lib/python3.8/site-packages/airflow/example_dags/example_trigger_controller_dag.py
[2021-03-31 01:54:28,861] {logging_mixin.py:104} INFO - [2021-03-31 01:54:28,861] {dag.py:1818} INFO - Sync 1 DAGs
[2021-03-31 01:54:28,924] {logging_mixin.py:104} INFO - [2021-03-31 01:54:28,923] {dag.py:2273} INFO - Setting next_dagrun for example_trigger_controller_dag to 2021-03-29 00:00:00+00:00
[2021-03-31 01:54:28,974] {scheduler_job.py:190} INFO - Processing /home/prathamesh/PycharmProjects/airflow-basic/venv/lib/python3.8/site-packages/airflow/example_dags/example_trigger_controller_dag.py took 0.264 seconds
[2021-03-31 01:55:00,474] {scheduler_job.py:182} INFO - Started process (PID=12929) to work on /home/prathamesh/PycharmProjects/airflow-basic/venv/lib/python3.8/site-packages/airflow/example_dags/example_trigger_controller_dag.py
[2021-03-31 01:55:00,487] {scheduler_job.py:629} INFO - Processing file /home/prathamesh/PycharmProjects/airflow-basic/venv/lib/python3.8/site-packages/airflow/example_dags/example_trigger_controller_dag.py for tasks to queue
[2021-03-31 01:55:00,492] {logging_mixin.py:104} INFO - [2021-03-31 01:55:00,492] {dagbag.py:448} INFO - Filling up the DagBag from /home/prathamesh/PycharmProjects/airflow-basic/venv/lib/python3.8/site-packages/airflow/example_dags/example_trigger_controller_dag.py
[2021-03-31 01:55:00,540] {scheduler_job.py:639} INFO - DAG(s) dict_keys(['example_trigger_controller_dag']) retrieved from /home/prathamesh/PycharmProjects/airflow-basic/venv/lib/python3.8/site-packages/airflow/example_dags/example_trigger_controller_dag.py
[2021-03-31 01:55:00,672] {logging_mixin.py:104} INFO - [2021-03-31 01:55:00,672] {dag.py:1818} INFO - Sync 1 DAGs
[2021-03-31 01:55:00,746] {logging_mixin.py:104} INFO - [2021-03-31 01:55:00,746] {dag.py:2273} INFO - Setting next_dagrun for example_trigger_controller_dag to 2021-03-29 00:00:00+00:00
[2021-03-31 01:55:00,817] {scheduler_job.py:190} INFO - Processing /home/prathamesh/PycharmProjects/airflow-basic/venv/lib/python3.8/site-packages/airflow/example_dags/example_trigger_controller_dag.py took 0.364 seconds
[2021-03-31 01:55:46,058] {scheduler_job.py:182} INFO - Started process (PID=12990) to work on /home/prathamesh/PycharmProjects/airflow-basic/venv/lib/python3.8/site-packages/airflow/example_dags/example_trigger_controller_dag.py
[2021-03-31 01:55:46,059] {scheduler_job.py:629} INFO - Processing file /home/prathamesh/PycharmProjects/airflow-basic/venv/lib/python3.8/site-packages/airflow/example_dags/example_trigger_controller_dag.py for tasks to queue
[2021-03-31 01:55:46,060] {logging_mixin.py:104} INFO - [2021-03-31 01:55:46,060] {dagbag.py:448} INFO - Filling up the DagBag from /home/prathamesh/PycharmProjects/airflow-basic/venv/lib/python3.8/site-packages/airflow/example_dags/example_trigger_controller_dag.py
[2021-03-31 01:55:46,084] {scheduler_job.py:639} INFO - DAG(s) dict_keys(['example_trigger_controller_dag']) retrieved from /home/prathamesh/PycharmProjects/airflow-basic/venv/lib/python3.8/site-packages/airflow/example_dags/example_trigger_controller_dag.py
[2021-03-31 01:55:46,132] {logging_mixin.py:104} INFO - [2021-03-31 01:55:46,132] {dag.py:1818} INFO - Sync 1 DAGs
[2021-03-31 01:55:46,167] {logging_mixin.py:104} INFO - [2021-03-31 01:55:46,167] {dag.py:2273} INFO - Setting next_dagrun for example_trigger_controller_dag to 2021-03-29 00:00:00+00:00
[2021-03-31 01:55:46,196] {scheduler_job.py:190} INFO - Processing /home/prathamesh/PycharmProjects/airflow-basic/venv/lib/python3.8/site-packages/airflow/example_dags/example_trigger_controller_dag.py took 0.157 seconds
[2021-03-31 01:56:22,353] {scheduler_job.py:182} INFO - Started process (PID=13049) to work on /home/prathamesh/PycharmProjects/airflow-basic/venv/lib/python3.8/site-packages/airflow/example_dags/example_trigger_controller_dag.py
[2021-03-31 01:56:22,356] {scheduler_job.py:629} INFO - Processing file /home/prathamesh/PycharmProjects/airflow-basic/venv/lib/python3.8/site-packages/airflow/example_dags/example_trigger_controller_dag.py for tasks to queue
[2021-03-31 01:56:22,357] {logging_mixin.py:104} INFO - [2021-03-31 01:56:22,357] {dagbag.py:448} INFO - Filling up the DagBag from /home/prathamesh/PycharmProjects/airflow-basic/venv/lib/python3.8/site-packages/airflow/example_dags/example_trigger_controller_dag.py
[2021-03-31 01:56:22,450] {scheduler_job.py:639} INFO - DAG(s) dict_keys(['example_trigger_controller_dag']) retrieved from /home/prathamesh/PycharmProjects/airflow-basic/venv/lib/python3.8/site-packages/airflow/example_dags/example_trigger_controller_dag.py
[2021-03-31 01:56:22,579] {logging_mixin.py:104} INFO - [2021-03-31 01:56:22,579] {dag.py:1818} INFO - Sync 1 DAGs
[2021-03-31 01:56:22,624] {logging_mixin.py:104} INFO - [2021-03-31 01:56:22,624] {dag.py:2273} INFO - Setting next_dagrun for example_trigger_controller_dag to 2021-03-29 00:00:00+00:00
[2021-03-31 01:56:22,691] {scheduler_job.py:190} INFO - Processing /home/prathamesh/PycharmProjects/airflow-basic/venv/lib/python3.8/site-packages/airflow/example_dags/example_trigger_controller_dag.py took 0.388 seconds
[2021-03-31 01:57:02,330] {scheduler_job.py:182} INFO - Started process (PID=13084) to work on /home/prathamesh/PycharmProjects/airflow-basic/venv/lib/python3.8/site-packages/airflow/example_dags/example_trigger_controller_dag.py
[2021-03-31 01:57:02,332] {scheduler_job.py:629} INFO - Processing file /home/prathamesh/PycharmProjects/airflow-basic/venv/lib/python3.8/site-packages/airflow/example_dags/example_trigger_controller_dag.py for tasks to queue
[2021-03-31 01:57:02,332] {logging_mixin.py:104} INFO - [2021-03-31 01:57:02,332] {dagbag.py:448} INFO - Filling up the DagBag from /home/prathamesh/PycharmProjects/airflow-basic/venv/lib/python3.8/site-packages/airflow/example_dags/example_trigger_controller_dag.py
[2021-03-31 01:57:02,403] {scheduler_job.py:639} INFO - DAG(s) dict_keys(['example_trigger_controller_dag']) retrieved from /home/prathamesh/PycharmProjects/airflow-basic/venv/lib/python3.8/site-packages/airflow/example_dags/example_trigger_controller_dag.py
[2021-03-31 01:57:02,469] {logging_mixin.py:104} INFO - [2021-03-31 01:57:02,469] {dag.py:1818} INFO - Sync 1 DAGs
[2021-03-31 01:57:02,696] {logging_mixin.py:104} INFO - [2021-03-31 01:57:02,696] {dag.py:2273} INFO - Setting next_dagrun for example_trigger_controller_dag to 2021-03-29 00:00:00+00:00
[2021-03-31 01:57:02,730] {scheduler_job.py:190} INFO - Processing /home/prathamesh/PycharmProjects/airflow-basic/venv/lib/python3.8/site-packages/airflow/example_dags/example_trigger_controller_dag.py took 0.424 seconds
[2021-03-31 01:57:35,328] {scheduler_job.py:182} INFO - Started process (PID=13115) to work on /home/prathamesh/PycharmProjects/airflow-basic/venv/lib/python3.8/site-packages/airflow/example_dags/example_trigger_controller_dag.py
[2021-03-31 01:57:35,329] {scheduler_job.py:629} INFO - Processing file /home/prathamesh/PycharmProjects/airflow-basic/venv/lib/python3.8/site-packages/airflow/example_dags/example_trigger_controller_dag.py for tasks to queue
[2021-03-31 01:57:35,330] {logging_mixin.py:104} INFO - [2021-03-31 01:57:35,329] {dagbag.py:448} INFO - Filling up the DagBag from /home/prathamesh/PycharmProjects/airflow-basic/venv/lib/python3.8/site-packages/airflow/example_dags/example_trigger_controller_dag.py
[2021-03-31 01:57:35,342] {scheduler_job.py:639} INFO - DAG(s) dict_keys(['example_trigger_controller_dag']) retrieved from /home/prathamesh/PycharmProjects/airflow-basic/venv/lib/python3.8/site-packages/airflow/example_dags/example_trigger_controller_dag.py
[2021-03-31 01:57:35,357] {logging_mixin.py:104} INFO - [2021-03-31 01:57:35,357] {dag.py:1818} INFO - Sync 1 DAGs
[2021-03-31 01:57:35,378] {logging_mixin.py:104} INFO - [2021-03-31 01:57:35,378] {dag.py:2273} INFO - Setting next_dagrun for example_trigger_controller_dag to 2021-03-29 00:00:00+00:00
[2021-03-31 01:57:35,383] {scheduler_job.py:190} INFO - Processing /home/prathamesh/PycharmProjects/airflow-basic/venv/lib/python3.8/site-packages/airflow/example_dags/example_trigger_controller_dag.py took 0.059 seconds
[2021-03-31 02:52:09,622] {scheduler_job.py:182} INFO - Started process (PID=13918) to work on /home/prathamesh/PycharmProjects/airflow-basic/venv/lib/python3.8/site-packages/airflow/example_dags/example_trigger_controller_dag.py
[2021-03-31 02:52:09,623] {scheduler_job.py:629} INFO - Processing file /home/prathamesh/PycharmProjects/airflow-basic/venv/lib/python3.8/site-packages/airflow/example_dags/example_trigger_controller_dag.py for tasks to queue
[2021-03-31 02:52:09,623] {logging_mixin.py:104} INFO - [2021-03-31 02:52:09,623] {dagbag.py:448} INFO - Filling up the DagBag from /home/prathamesh/PycharmProjects/airflow-basic/venv/lib/python3.8/site-packages/airflow/example_dags/example_trigger_controller_dag.py
[2021-03-31 02:52:09,629] {scheduler_job.py:639} INFO - DAG(s) dict_keys(['example_trigger_controller_dag']) retrieved from /home/prathamesh/PycharmProjects/airflow-basic/venv/lib/python3.8/site-packages/airflow/example_dags/example_trigger_controller_dag.py
[2021-03-31 02:52:09,652] {logging_mixin.py:104} INFO - [2021-03-31 02:52:09,652] {dag.py:1818} INFO - Sync 1 DAGs
[2021-03-31 02:52:09,662] {logging_mixin.py:104} INFO - [2021-03-31 02:52:09,662] {dag.py:2273} INFO - Setting next_dagrun for example_trigger_controller_dag to 2021-03-29 00:00:00+00:00
[2021-03-31 02:52:09,667] {scheduler_job.py:190} INFO - Processing /home/prathamesh/PycharmProjects/airflow-basic/venv/lib/python3.8/site-packages/airflow/example_dags/example_trigger_controller_dag.py took 0.049 seconds
[2021-03-31 02:52:49,531] {scheduler_job.py:182} INFO - Started process (PID=14052) to work on /home/prathamesh/PycharmProjects/airflow-basic/venv/lib/python3.8/site-packages/airflow/example_dags/example_trigger_controller_dag.py
[2021-03-31 02:52:49,532] {scheduler_job.py:629} INFO - Processing file /home/prathamesh/PycharmProjects/airflow-basic/venv/lib/python3.8/site-packages/airflow/example_dags/example_trigger_controller_dag.py for tasks to queue
[2021-03-31 02:52:49,533] {logging_mixin.py:104} INFO - [2021-03-31 02:52:49,533] {dagbag.py:448} INFO - Filling up the DagBag from /home/prathamesh/PycharmProjects/airflow-basic/venv/lib/python3.8/site-packages/airflow/example_dags/example_trigger_controller_dag.py
[2021-03-31 02:52:49,539] {scheduler_job.py:639} INFO - DAG(s) dict_keys(['example_trigger_controller_dag']) retrieved from /home/prathamesh/PycharmProjects/airflow-basic/venv/lib/python3.8/site-packages/airflow/example_dags/example_trigger_controller_dag.py
[2021-03-31 02:52:49,559] {logging_mixin.py:104} INFO - [2021-03-31 02:52:49,559] {dag.py:1818} INFO - Sync 1 DAGs
[2021-03-31 02:52:49,576] {logging_mixin.py:104} INFO - [2021-03-31 02:52:49,576] {dag.py:2273} INFO - Setting next_dagrun for example_trigger_controller_dag to 2021-03-29 00:00:00+00:00
[2021-03-31 02:52:49,580] {scheduler_job.py:190} INFO - Processing /home/prathamesh/PycharmProjects/airflow-basic/venv/lib/python3.8/site-packages/airflow/example_dags/example_trigger_controller_dag.py took 0.063 seconds
[2021-03-31 02:53:31,962] {scheduler_job.py:182} INFO - Started process (PID=14187) to work on /home/prathamesh/PycharmProjects/airflow-basic/venv/lib/python3.8/site-packages/airflow/example_dags/example_trigger_controller_dag.py
[2021-03-31 02:53:31,962] {scheduler_job.py:629} INFO - Processing file /home/prathamesh/PycharmProjects/airflow-basic/venv/lib/python3.8/site-packages/airflow/example_dags/example_trigger_controller_dag.py for tasks to queue
[2021-03-31 02:53:31,963] {logging_mixin.py:104} INFO - [2021-03-31 02:53:31,963] {dagbag.py:448} INFO - Filling up the DagBag from /home/prathamesh/PycharmProjects/airflow-basic/venv/lib/python3.8/site-packages/airflow/example_dags/example_trigger_controller_dag.py
[2021-03-31 02:53:31,969] {scheduler_job.py:639} INFO - DAG(s) dict_keys(['example_trigger_controller_dag']) retrieved from /home/prathamesh/PycharmProjects/airflow-basic/venv/lib/python3.8/site-packages/airflow/example_dags/example_trigger_controller_dag.py
[2021-03-31 02:53:31,978] {logging_mixin.py:104} INFO - [2021-03-31 02:53:31,978] {dag.py:1818} INFO - Sync 1 DAGs
[2021-03-31 02:53:31,985] {logging_mixin.py:104} INFO - [2021-03-31 02:53:31,985] {dag.py:2273} INFO - Setting next_dagrun for example_trigger_controller_dag to 2021-03-29 00:00:00+00:00
[2021-03-31 02:53:31,988] {scheduler_job.py:190} INFO - Processing /home/prathamesh/PycharmProjects/airflow-basic/venv/lib/python3.8/site-packages/airflow/example_dags/example_trigger_controller_dag.py took 0.029 seconds
[2021-03-31 02:54:11,271] {scheduler_job.py:182} INFO - Started process (PID=14331) to work on /home/prathamesh/PycharmProjects/airflow-basic/venv/lib/python3.8/site-packages/airflow/example_dags/example_trigger_controller_dag.py
[2021-03-31 02:54:11,271] {scheduler_job.py:629} INFO - Processing file /home/prathamesh/PycharmProjects/airflow-basic/venv/lib/python3.8/site-packages/airflow/example_dags/example_trigger_controller_dag.py for tasks to queue
[2021-03-31 02:54:11,272] {logging_mixin.py:104} INFO - [2021-03-31 02:54:11,272] {dagbag.py:448} INFO - Filling up the DagBag from /home/prathamesh/PycharmProjects/airflow-basic/venv/lib/python3.8/site-packages/airflow/example_dags/example_trigger_controller_dag.py
[2021-03-31 02:54:11,279] {scheduler_job.py:639} INFO - DAG(s) dict_keys(['example_trigger_controller_dag']) retrieved from /home/prathamesh/PycharmProjects/airflow-basic/venv/lib/python3.8/site-packages/airflow/example_dags/example_trigger_controller_dag.py
[2021-03-31 02:54:11,300] {logging_mixin.py:104} INFO - [2021-03-31 02:54:11,300] {dag.py:1818} INFO - Sync 1 DAGs
[2021-03-31 02:54:11,309] {logging_mixin.py:104} INFO - [2021-03-31 02:54:11,307] {dag.py:2273} INFO - Setting next_dagrun for example_trigger_controller_dag to 2021-03-29 00:00:00+00:00
[2021-03-31 02:54:11,314] {scheduler_job.py:190} INFO - Processing /home/prathamesh/PycharmProjects/airflow-basic/venv/lib/python3.8/site-packages/airflow/example_dags/example_trigger_controller_dag.py took 0.046 seconds
[2021-03-31 02:54:52,875] {scheduler_job.py:182} INFO - Started process (PID=14469) to work on /home/prathamesh/PycharmProjects/airflow-basic/venv/lib/python3.8/site-packages/airflow/example_dags/example_trigger_controller_dag.py
[2021-03-31 02:54:52,888] {scheduler_job.py:629} INFO - Processing file /home/prathamesh/PycharmProjects/airflow-basic/venv/lib/python3.8/site-packages/airflow/example_dags/example_trigger_controller_dag.py for tasks to queue
[2021-03-31 02:54:52,888] {logging_mixin.py:104} INFO - [2021-03-31 02:54:52,888] {dagbag.py:448} INFO - Filling up the DagBag from /home/prathamesh/PycharmProjects/airflow-basic/venv/lib/python3.8/site-packages/airflow/example_dags/example_trigger_controller_dag.py
[2021-03-31 02:54:52,894] {scheduler_job.py:639} INFO - DAG(s) dict_keys(['example_trigger_controller_dag']) retrieved from /home/prathamesh/PycharmProjects/airflow-basic/venv/lib/python3.8/site-packages/airflow/example_dags/example_trigger_controller_dag.py
[2021-03-31 02:54:52,915] {logging_mixin.py:104} INFO - [2021-03-31 02:54:52,915] {dag.py:1818} INFO - Sync 1 DAGs
[2021-03-31 02:54:52,935] {logging_mixin.py:104} INFO - [2021-03-31 02:54:52,935] {dag.py:2273} INFO - Setting next_dagrun for example_trigger_controller_dag to 2021-03-29 00:00:00+00:00
[2021-03-31 02:54:52,952] {scheduler_job.py:190} INFO - Processing /home/prathamesh/PycharmProjects/airflow-basic/venv/lib/python3.8/site-packages/airflow/example_dags/example_trigger_controller_dag.py took 0.079 seconds
[2021-03-31 02:56:11,905] {scheduler_job.py:182} INFO - Started process (PID=14625) to work on /home/prathamesh/PycharmProjects/airflow-basic/venv/lib/python3.8/site-packages/airflow/example_dags/example_trigger_controller_dag.py
[2021-03-31 02:56:11,906] {scheduler_job.py:629} INFO - Processing file /home/prathamesh/PycharmProjects/airflow-basic/venv/lib/python3.8/site-packages/airflow/example_dags/example_trigger_controller_dag.py for tasks to queue
[2021-03-31 02:56:11,906] {logging_mixin.py:104} INFO - [2021-03-31 02:56:11,906] {dagbag.py:448} INFO - Filling up the DagBag from /home/prathamesh/PycharmProjects/airflow-basic/venv/lib/python3.8/site-packages/airflow/example_dags/example_trigger_controller_dag.py
[2021-03-31 02:56:11,915] {scheduler_job.py:639} INFO - DAG(s) dict_keys(['example_trigger_controller_dag']) retrieved from /home/prathamesh/PycharmProjects/airflow-basic/venv/lib/python3.8/site-packages/airflow/example_dags/example_trigger_controller_dag.py
[2021-03-31 02:56:11,956] {logging_mixin.py:104} INFO - [2021-03-31 02:56:11,956] {dag.py:1818} INFO - Sync 1 DAGs
[2021-03-31 02:56:11,977] {logging_mixin.py:104} INFO - [2021-03-31 02:56:11,977] {dag.py:2273} INFO - Setting next_dagrun for example_trigger_controller_dag to 2021-03-29 00:00:00+00:00
[2021-03-31 02:56:11,988] {scheduler_job.py:190} INFO - Processing /home/prathamesh/PycharmProjects/airflow-basic/venv/lib/python3.8/site-packages/airflow/example_dags/example_trigger_controller_dag.py took 0.103 seconds
[2021-03-31 02:56:57,900] {scheduler_job.py:182} INFO - Started process (PID=14786) to work on /home/prathamesh/PycharmProjects/airflow-basic/venv/lib/python3.8/site-packages/airflow/example_dags/example_trigger_controller_dag.py
[2021-03-31 02:56:57,914] {scheduler_job.py:629} INFO - Processing file /home/prathamesh/PycharmProjects/airflow-basic/venv/lib/python3.8/site-packages/airflow/example_dags/example_trigger_controller_dag.py for tasks to queue
[2021-03-31 02:56:57,914] {logging_mixin.py:104} INFO - [2021-03-31 02:56:57,914] {dagbag.py:448} INFO - Filling up the DagBag from /home/prathamesh/PycharmProjects/airflow-basic/venv/lib/python3.8/site-packages/airflow/example_dags/example_trigger_controller_dag.py
[2021-03-31 02:56:57,923] {scheduler_job.py:639} INFO - DAG(s) dict_keys(['example_trigger_controller_dag']) retrieved from /home/prathamesh/PycharmProjects/airflow-basic/venv/lib/python3.8/site-packages/airflow/example_dags/example_trigger_controller_dag.py
[2021-03-31 02:56:57,972] {logging_mixin.py:104} INFO - [2021-03-31 02:56:57,972] {dag.py:1818} INFO - Sync 1 DAGs
[2021-03-31 02:56:58,004] {logging_mixin.py:104} INFO - [2021-03-31 02:56:58,004] {dag.py:2273} INFO - Setting next_dagrun for example_trigger_controller_dag to 2021-03-29 00:00:00+00:00
[2021-03-31 02:56:58,009] {scheduler_job.py:190} INFO - Processing /home/prathamesh/PycharmProjects/airflow-basic/venv/lib/python3.8/site-packages/airflow/example_dags/example_trigger_controller_dag.py took 0.112 seconds
[2021-03-31 02:57:31,665] {scheduler_job.py:182} INFO - Started process (PID=14920) to work on /home/prathamesh/PycharmProjects/airflow-basic/venv/lib/python3.8/site-packages/airflow/example_dags/example_trigger_controller_dag.py
[2021-03-31 02:57:31,669] {scheduler_job.py:629} INFO - Processing file /home/prathamesh/PycharmProjects/airflow-basic/venv/lib/python3.8/site-packages/airflow/example_dags/example_trigger_controller_dag.py for tasks to queue
[2021-03-31 02:57:31,669] {logging_mixin.py:104} INFO - [2021-03-31 02:57:31,669] {dagbag.py:448} INFO - Filling up the DagBag from /home/prathamesh/PycharmProjects/airflow-basic/venv/lib/python3.8/site-packages/airflow/example_dags/example_trigger_controller_dag.py
[2021-03-31 02:57:31,677] {scheduler_job.py:639} INFO - DAG(s) dict_keys(['example_trigger_controller_dag']) retrieved from /home/prathamesh/PycharmProjects/airflow-basic/venv/lib/python3.8/site-packages/airflow/example_dags/example_trigger_controller_dag.py
[2021-03-31 02:57:31,690] {logging_mixin.py:104} INFO - [2021-03-31 02:57:31,690] {dag.py:1818} INFO - Sync 1 DAGs
[2021-03-31 02:57:31,703] {logging_mixin.py:104} INFO - [2021-03-31 02:57:31,703] {dag.py:2273} INFO - Setting next_dagrun for example_trigger_controller_dag to 2021-03-29 00:00:00+00:00
[2021-03-31 02:57:31,710] {scheduler_job.py:190} INFO - Processing /home/prathamesh/PycharmProjects/airflow-basic/venv/lib/python3.8/site-packages/airflow/example_dags/example_trigger_controller_dag.py took 0.047 seconds
[2021-03-31 02:58:11,244] {scheduler_job.py:182} INFO - Started process (PID=15058) to work on /home/prathamesh/PycharmProjects/airflow-basic/venv/lib/python3.8/site-packages/airflow/example_dags/example_trigger_controller_dag.py
[2021-03-31 02:58:11,244] {scheduler_job.py:629} INFO - Processing file /home/prathamesh/PycharmProjects/airflow-basic/venv/lib/python3.8/site-packages/airflow/example_dags/example_trigger_controller_dag.py for tasks to queue
[2021-03-31 02:58:11,245] {logging_mixin.py:104} INFO - [2021-03-31 02:58:11,245] {dagbag.py:448} INFO - Filling up the DagBag from /home/prathamesh/PycharmProjects/airflow-basic/venv/lib/python3.8/site-packages/airflow/example_dags/example_trigger_controller_dag.py
[2021-03-31 02:58:11,252] {scheduler_job.py:639} INFO - DAG(s) dict_keys(['example_trigger_controller_dag']) retrieved from /home/prathamesh/PycharmProjects/airflow-basic/venv/lib/python3.8/site-packages/airflow/example_dags/example_trigger_controller_dag.py
[2021-03-31 02:58:11,262] {logging_mixin.py:104} INFO - [2021-03-31 02:58:11,262] {dag.py:1818} INFO - Sync 1 DAGs
[2021-03-31 02:58:11,269] {logging_mixin.py:104} INFO - [2021-03-31 02:58:11,269] {dag.py:2273} INFO - Setting next_dagrun for example_trigger_controller_dag to 2021-03-29 00:00:00+00:00
[2021-03-31 02:58:11,273] {scheduler_job.py:190} INFO - Processing /home/prathamesh/PycharmProjects/airflow-basic/venv/lib/python3.8/site-packages/airflow/example_dags/example_trigger_controller_dag.py took 0.032 seconds
[2021-03-31 02:58:51,018] {scheduler_job.py:182} INFO - Started process (PID=15187) to work on /home/prathamesh/PycharmProjects/airflow-basic/venv/lib/python3.8/site-packages/airflow/example_dags/example_trigger_controller_dag.py
[2021-03-31 02:58:51,018] {scheduler_job.py:629} INFO - Processing file /home/prathamesh/PycharmProjects/airflow-basic/venv/lib/python3.8/site-packages/airflow/example_dags/example_trigger_controller_dag.py for tasks to queue
[2021-03-31 02:58:51,019] {logging_mixin.py:104} INFO - [2021-03-31 02:58:51,019] {dagbag.py:448} INFO - Filling up the DagBag from /home/prathamesh/PycharmProjects/airflow-basic/venv/lib/python3.8/site-packages/airflow/example_dags/example_trigger_controller_dag.py
[2021-03-31 02:58:51,050] {scheduler_job.py:639} INFO - DAG(s) dict_keys(['example_trigger_controller_dag']) retrieved from /home/prathamesh/PycharmProjects/airflow-basic/venv/lib/python3.8/site-packages/airflow/example_dags/example_trigger_controller_dag.py
[2021-03-31 02:58:51,076] {logging_mixin.py:104} INFO - [2021-03-31 02:58:51,075] {dag.py:1818} INFO - Sync 1 DAGs
[2021-03-31 02:58:51,082] {logging_mixin.py:104} INFO - [2021-03-31 02:58:51,082] {dag.py:2273} INFO - Setting next_dagrun for example_trigger_controller_dag to 2021-03-29 00:00:00+00:00
[2021-03-31 02:58:51,099] {scheduler_job.py:190} INFO - Processing /home/prathamesh/PycharmProjects/airflow-basic/venv/lib/python3.8/site-packages/airflow/example_dags/example_trigger_controller_dag.py took 0.083 seconds
[2021-03-31 02:59:28,824] {scheduler_job.py:182} INFO - Started process (PID=15319) to work on /home/prathamesh/PycharmProjects/airflow-basic/venv/lib/python3.8/site-packages/airflow/example_dags/example_trigger_controller_dag.py
[2021-03-31 02:59:28,825] {scheduler_job.py:629} INFO - Processing file /home/prathamesh/PycharmProjects/airflow-basic/venv/lib/python3.8/site-packages/airflow/example_dags/example_trigger_controller_dag.py for tasks to queue
[2021-03-31 02:59:28,825] {logging_mixin.py:104} INFO - [2021-03-31 02:59:28,825] {dagbag.py:448} INFO - Filling up the DagBag from /home/prathamesh/PycharmProjects/airflow-basic/venv/lib/python3.8/site-packages/airflow/example_dags/example_trigger_controller_dag.py
[2021-03-31 02:59:28,835] {scheduler_job.py:639} INFO - DAG(s) dict_keys(['example_trigger_controller_dag']) retrieved from /home/prathamesh/PycharmProjects/airflow-basic/venv/lib/python3.8/site-packages/airflow/example_dags/example_trigger_controller_dag.py
[2021-03-31 02:59:28,844] {logging_mixin.py:104} INFO - [2021-03-31 02:59:28,844] {dag.py:1818} INFO - Sync 1 DAGs
[2021-03-31 02:59:28,856] {logging_mixin.py:104} INFO - [2021-03-31 02:59:28,856] {dag.py:2273} INFO - Setting next_dagrun for example_trigger_controller_dag to 2021-03-29 00:00:00+00:00
[2021-03-31 02:59:28,869] {scheduler_job.py:190} INFO - Processing /home/prathamesh/PycharmProjects/airflow-basic/venv/lib/python3.8/site-packages/airflow/example_dags/example_trigger_controller_dag.py took 0.047 seconds
[2021-03-31 03:00:39,314] {scheduler_job.py:182} INFO - Started process (PID=15977) to work on /home/prathamesh/PycharmProjects/airflow-basic/venv/lib/python3.8/site-packages/airflow/example_dags/example_trigger_controller_dag.py
[2021-03-31 03:00:39,316] {scheduler_job.py:629} INFO - Processing file /home/prathamesh/PycharmProjects/airflow-basic/venv/lib/python3.8/site-packages/airflow/example_dags/example_trigger_controller_dag.py for tasks to queue
[2021-03-31 03:00:39,317] {logging_mixin.py:104} INFO - [2021-03-31 03:00:39,317] {dagbag.py:448} INFO - Filling up the DagBag from /home/prathamesh/PycharmProjects/airflow-basic/venv/lib/python3.8/site-packages/airflow/example_dags/example_trigger_controller_dag.py
[2021-03-31 03:00:39,323] {scheduler_job.py:639} INFO - DAG(s) dict_keys(['example_trigger_controller_dag']) retrieved from /home/prathamesh/PycharmProjects/airflow-basic/venv/lib/python3.8/site-packages/airflow/example_dags/example_trigger_controller_dag.py
[2021-03-31 03:00:39,334] {logging_mixin.py:104} INFO - [2021-03-31 03:00:39,334] {dag.py:1818} INFO - Sync 1 DAGs
[2021-03-31 03:00:39,344] {logging_mixin.py:104} INFO - [2021-03-31 03:00:39,344] {dag.py:2273} INFO - Setting next_dagrun for example_trigger_controller_dag to 2021-03-29 00:00:00+00:00
[2021-03-31 03:00:39,350] {scheduler_job.py:190} INFO - Processing /home/prathamesh/PycharmProjects/airflow-basic/venv/lib/python3.8/site-packages/airflow/example_dags/example_trigger_controller_dag.py took 0.038 seconds
[2021-03-31 03:01:11,415] {scheduler_job.py:182} INFO - Started process (PID=16110) to work on /home/prathamesh/PycharmProjects/airflow-basic/venv/lib/python3.8/site-packages/airflow/example_dags/example_trigger_controller_dag.py
[2021-03-31 03:01:11,415] {scheduler_job.py:629} INFO - Processing file /home/prathamesh/PycharmProjects/airflow-basic/venv/lib/python3.8/site-packages/airflow/example_dags/example_trigger_controller_dag.py for tasks to queue
[2021-03-31 03:01:11,418] {logging_mixin.py:104} INFO - [2021-03-31 03:01:11,418] {dagbag.py:448} INFO - Filling up the DagBag from /home/prathamesh/PycharmProjects/airflow-basic/venv/lib/python3.8/site-packages/airflow/example_dags/example_trigger_controller_dag.py
[2021-03-31 03:01:11,424] {scheduler_job.py:639} INFO - DAG(s) dict_keys(['example_trigger_controller_dag']) retrieved from /home/prathamesh/PycharmProjects/airflow-basic/venv/lib/python3.8/site-packages/airflow/example_dags/example_trigger_controller_dag.py
[2021-03-31 03:01:11,441] {logging_mixin.py:104} INFO - [2021-03-31 03:01:11,441] {dag.py:1818} INFO - Sync 1 DAGs
[2021-03-31 03:01:11,453] {logging_mixin.py:104} INFO - [2021-03-31 03:01:11,453] {dag.py:2273} INFO - Setting next_dagrun for example_trigger_controller_dag to 2021-03-29 00:00:00+00:00
[2021-03-31 03:01:11,457] {scheduler_job.py:190} INFO - Processing /home/prathamesh/PycharmProjects/airflow-basic/venv/lib/python3.8/site-packages/airflow/example_dags/example_trigger_controller_dag.py took 0.045 seconds
[2021-03-31 03:01:49,251] {scheduler_job.py:182} INFO - Started process (PID=16242) to work on /home/prathamesh/PycharmProjects/airflow-basic/venv/lib/python3.8/site-packages/airflow/example_dags/example_trigger_controller_dag.py
[2021-03-31 03:01:49,252] {scheduler_job.py:629} INFO - Processing file /home/prathamesh/PycharmProjects/airflow-basic/venv/lib/python3.8/site-packages/airflow/example_dags/example_trigger_controller_dag.py for tasks to queue
[2021-03-31 03:01:49,252] {logging_mixin.py:104} INFO - [2021-03-31 03:01:49,252] {dagbag.py:448} INFO - Filling up the DagBag from /home/prathamesh/PycharmProjects/airflow-basic/venv/lib/python3.8/site-packages/airflow/example_dags/example_trigger_controller_dag.py
[2021-03-31 03:01:49,258] {scheduler_job.py:639} INFO - DAG(s) dict_keys(['example_trigger_controller_dag']) retrieved from /home/prathamesh/PycharmProjects/airflow-basic/venv/lib/python3.8/site-packages/airflow/example_dags/example_trigger_controller_dag.py
[2021-03-31 03:01:49,269] {logging_mixin.py:104} INFO - [2021-03-31 03:01:49,269] {dag.py:1818} INFO - Sync 1 DAGs
[2021-03-31 03:01:49,279] {logging_mixin.py:104} INFO - [2021-03-31 03:01:49,279] {dag.py:2273} INFO - Setting next_dagrun for example_trigger_controller_dag to 2021-03-29 00:00:00+00:00
[2021-03-31 03:01:49,286] {scheduler_job.py:190} INFO - Processing /home/prathamesh/PycharmProjects/airflow-basic/venv/lib/python3.8/site-packages/airflow/example_dags/example_trigger_controller_dag.py took 0.037 seconds
[2021-03-31 03:02:26,109] {scheduler_job.py:182} INFO - Started process (PID=16373) to work on /home/prathamesh/PycharmProjects/airflow-basic/venv/lib/python3.8/site-packages/airflow/example_dags/example_trigger_controller_dag.py
[2021-03-31 03:02:26,110] {scheduler_job.py:629} INFO - Processing file /home/prathamesh/PycharmProjects/airflow-basic/venv/lib/python3.8/site-packages/airflow/example_dags/example_trigger_controller_dag.py for tasks to queue
[2021-03-31 03:02:26,110] {logging_mixin.py:104} INFO - [2021-03-31 03:02:26,110] {dagbag.py:448} INFO - Filling up the DagBag from /home/prathamesh/PycharmProjects/airflow-basic/venv/lib/python3.8/site-packages/airflow/example_dags/example_trigger_controller_dag.py
[2021-03-31 03:02:26,118] {scheduler_job.py:639} INFO - DAG(s) dict_keys(['example_trigger_controller_dag']) retrieved from /home/prathamesh/PycharmProjects/airflow-basic/venv/lib/python3.8/site-packages/airflow/example_dags/example_trigger_controller_dag.py
[2021-03-31 03:02:26,128] {logging_mixin.py:104} INFO - [2021-03-31 03:02:26,128] {dag.py:1818} INFO - Sync 1 DAGs
[2021-03-31 03:02:26,137] {logging_mixin.py:104} INFO - [2021-03-31 03:02:26,137] {dag.py:2273} INFO - Setting next_dagrun for example_trigger_controller_dag to 2021-03-29 00:00:00+00:00
[2021-03-31 03:02:26,141] {scheduler_job.py:190} INFO - Processing /home/prathamesh/PycharmProjects/airflow-basic/venv/lib/python3.8/site-packages/airflow/example_dags/example_trigger_controller_dag.py took 0.034 seconds
[2021-03-31 03:03:03,901] {scheduler_job.py:182} INFO - Started process (PID=16505) to work on /home/prathamesh/PycharmProjects/airflow-basic/venv/lib/python3.8/site-packages/airflow/example_dags/example_trigger_controller_dag.py
[2021-03-31 03:03:03,903] {scheduler_job.py:629} INFO - Processing file /home/prathamesh/PycharmProjects/airflow-basic/venv/lib/python3.8/site-packages/airflow/example_dags/example_trigger_controller_dag.py for tasks to queue
[2021-03-31 03:03:03,904] {logging_mixin.py:104} INFO - [2021-03-31 03:03:03,904] {dagbag.py:448} INFO - Filling up the DagBag from /home/prathamesh/PycharmProjects/airflow-basic/venv/lib/python3.8/site-packages/airflow/example_dags/example_trigger_controller_dag.py
[2021-03-31 03:03:03,914] {scheduler_job.py:639} INFO - DAG(s) dict_keys(['example_trigger_controller_dag']) retrieved from /home/prathamesh/PycharmProjects/airflow-basic/venv/lib/python3.8/site-packages/airflow/example_dags/example_trigger_controller_dag.py
[2021-03-31 03:03:03,926] {logging_mixin.py:104} INFO - [2021-03-31 03:03:03,926] {dag.py:1818} INFO - Sync 1 DAGs
[2021-03-31 03:03:03,934] {logging_mixin.py:104} INFO - [2021-03-31 03:03:03,934] {dag.py:2273} INFO - Setting next_dagrun for example_trigger_controller_dag to 2021-03-29 00:00:00+00:00
[2021-03-31 03:03:03,940] {scheduler_job.py:190} INFO - Processing /home/prathamesh/PycharmProjects/airflow-basic/venv/lib/python3.8/site-packages/airflow/example_dags/example_trigger_controller_dag.py took 0.044 seconds
[2021-03-31 03:03:40,039] {scheduler_job.py:182} INFO - Started process (PID=16630) to work on /home/prathamesh/PycharmProjects/airflow-basic/venv/lib/python3.8/site-packages/airflow/example_dags/example_trigger_controller_dag.py
[2021-03-31 03:03:40,040] {scheduler_job.py:629} INFO - Processing file /home/prathamesh/PycharmProjects/airflow-basic/venv/lib/python3.8/site-packages/airflow/example_dags/example_trigger_controller_dag.py for tasks to queue
[2021-03-31 03:03:40,041] {logging_mixin.py:104} INFO - [2021-03-31 03:03:40,041] {dagbag.py:448} INFO - Filling up the DagBag from /home/prathamesh/PycharmProjects/airflow-basic/venv/lib/python3.8/site-packages/airflow/example_dags/example_trigger_controller_dag.py
[2021-03-31 03:03:40,047] {scheduler_job.py:639} INFO - DAG(s) dict_keys(['example_trigger_controller_dag']) retrieved from /home/prathamesh/PycharmProjects/airflow-basic/venv/lib/python3.8/site-packages/airflow/example_dags/example_trigger_controller_dag.py
[2021-03-31 03:03:40,058] {logging_mixin.py:104} INFO - [2021-03-31 03:03:40,057] {dag.py:1818} INFO - Sync 1 DAGs
[2021-03-31 03:03:40,067] {logging_mixin.py:104} INFO - [2021-03-31 03:03:40,067] {dag.py:2273} INFO - Setting next_dagrun for example_trigger_controller_dag to 2021-03-29 00:00:00+00:00
[2021-03-31 03:03:40,071] {scheduler_job.py:190} INFO - Processing /home/prathamesh/PycharmProjects/airflow-basic/venv/lib/python3.8/site-packages/airflow/example_dags/example_trigger_controller_dag.py took 0.035 seconds
[2021-03-31 03:04:14,766] {scheduler_job.py:182} INFO - Started process (PID=16759) to work on /home/prathamesh/PycharmProjects/airflow-basic/venv/lib/python3.8/site-packages/airflow/example_dags/example_trigger_controller_dag.py
[2021-03-31 03:04:14,767] {scheduler_job.py:629} INFO - Processing file /home/prathamesh/PycharmProjects/airflow-basic/venv/lib/python3.8/site-packages/airflow/example_dags/example_trigger_controller_dag.py for tasks to queue
[2021-03-31 03:04:14,767] {logging_mixin.py:104} INFO - [2021-03-31 03:04:14,767] {dagbag.py:448} INFO - Filling up the DagBag from /home/prathamesh/PycharmProjects/airflow-basic/venv/lib/python3.8/site-packages/airflow/example_dags/example_trigger_controller_dag.py
[2021-03-31 03:04:14,779] {scheduler_job.py:639} INFO - DAG(s) dict_keys(['example_trigger_controller_dag']) retrieved from /home/prathamesh/PycharmProjects/airflow-basic/venv/lib/python3.8/site-packages/airflow/example_dags/example_trigger_controller_dag.py
[2021-03-31 03:04:14,791] {logging_mixin.py:104} INFO - [2021-03-31 03:04:14,791] {dag.py:1818} INFO - Sync 1 DAGs
[2021-03-31 03:04:14,800] {logging_mixin.py:104} INFO - [2021-03-31 03:04:14,800] {dag.py:2273} INFO - Setting next_dagrun for example_trigger_controller_dag to 2021-03-29 00:00:00+00:00
[2021-03-31 03:04:14,810] {scheduler_job.py:190} INFO - Processing /home/prathamesh/PycharmProjects/airflow-basic/venv/lib/python3.8/site-packages/airflow/example_dags/example_trigger_controller_dag.py took 0.046 seconds
[2021-03-31 03:04:53,940] {scheduler_job.py:182} INFO - Started process (PID=16891) to work on /home/prathamesh/PycharmProjects/airflow-basic/venv/lib/python3.8/site-packages/airflow/example_dags/example_trigger_controller_dag.py
[2021-03-31 03:04:53,941] {scheduler_job.py:629} INFO - Processing file /home/prathamesh/PycharmProjects/airflow-basic/venv/lib/python3.8/site-packages/airflow/example_dags/example_trigger_controller_dag.py for tasks to queue
[2021-03-31 03:04:53,942] {logging_mixin.py:104} INFO - [2021-03-31 03:04:53,941] {dagbag.py:448} INFO - Filling up the DagBag from /home/prathamesh/PycharmProjects/airflow-basic/venv/lib/python3.8/site-packages/airflow/example_dags/example_trigger_controller_dag.py
[2021-03-31 03:04:53,948] {scheduler_job.py:639} INFO - DAG(s) dict_keys(['example_trigger_controller_dag']) retrieved from /home/prathamesh/PycharmProjects/airflow-basic/venv/lib/python3.8/site-packages/airflow/example_dags/example_trigger_controller_dag.py
[2021-03-31 03:04:53,958] {logging_mixin.py:104} INFO - [2021-03-31 03:04:53,958] {dag.py:1818} INFO - Sync 1 DAGs
[2021-03-31 03:04:53,969] {logging_mixin.py:104} INFO - [2021-03-31 03:04:53,968] {dag.py:2273} INFO - Setting next_dagrun for example_trigger_controller_dag to 2021-03-29 00:00:00+00:00
[2021-03-31 03:04:53,974] {scheduler_job.py:190} INFO - Processing /home/prathamesh/PycharmProjects/airflow-basic/venv/lib/python3.8/site-packages/airflow/example_dags/example_trigger_controller_dag.py took 0.036 seconds
[2021-03-31 03:05:29,763] {scheduler_job.py:182} INFO - Started process (PID=17021) to work on /home/prathamesh/PycharmProjects/airflow-basic/venv/lib/python3.8/site-packages/airflow/example_dags/example_trigger_controller_dag.py
[2021-03-31 03:05:29,764] {scheduler_job.py:629} INFO - Processing file /home/prathamesh/PycharmProjects/airflow-basic/venv/lib/python3.8/site-packages/airflow/example_dags/example_trigger_controller_dag.py for tasks to queue
[2021-03-31 03:05:29,764] {logging_mixin.py:104} INFO - [2021-03-31 03:05:29,764] {dagbag.py:448} INFO - Filling up the DagBag from /home/prathamesh/PycharmProjects/airflow-basic/venv/lib/python3.8/site-packages/airflow/example_dags/example_trigger_controller_dag.py
[2021-03-31 03:05:29,772] {scheduler_job.py:639} INFO - DAG(s) dict_keys(['example_trigger_controller_dag']) retrieved from /home/prathamesh/PycharmProjects/airflow-basic/venv/lib/python3.8/site-packages/airflow/example_dags/example_trigger_controller_dag.py
[2021-03-31 03:05:29,783] {logging_mixin.py:104} INFO - [2021-03-31 03:05:29,783] {dag.py:1818} INFO - Sync 1 DAGs
[2021-03-31 03:05:29,789] {logging_mixin.py:104} INFO - [2021-03-31 03:05:29,789] {dag.py:2273} INFO - Setting next_dagrun for example_trigger_controller_dag to 2021-03-29 00:00:00+00:00
[2021-03-31 03:05:29,794] {scheduler_job.py:190} INFO - Processing /home/prathamesh/PycharmProjects/airflow-basic/venv/lib/python3.8/site-packages/airflow/example_dags/example_trigger_controller_dag.py took 0.034 seconds
[2021-03-31 03:06:03,637] {scheduler_job.py:182} INFO - Started process (PID=17154) to work on /home/prathamesh/PycharmProjects/airflow-basic/venv/lib/python3.8/site-packages/airflow/example_dags/example_trigger_controller_dag.py
[2021-03-31 03:06:03,639] {scheduler_job.py:629} INFO - Processing file /home/prathamesh/PycharmProjects/airflow-basic/venv/lib/python3.8/site-packages/airflow/example_dags/example_trigger_controller_dag.py for tasks to queue
[2021-03-31 03:06:03,640] {logging_mixin.py:104} INFO - [2021-03-31 03:06:03,639] {dagbag.py:448} INFO - Filling up the DagBag from /home/prathamesh/PycharmProjects/airflow-basic/venv/lib/python3.8/site-packages/airflow/example_dags/example_trigger_controller_dag.py
[2021-03-31 03:06:03,649] {scheduler_job.py:639} INFO - DAG(s) dict_keys(['example_trigger_controller_dag']) retrieved from /home/prathamesh/PycharmProjects/airflow-basic/venv/lib/python3.8/site-packages/airflow/example_dags/example_trigger_controller_dag.py
[2021-03-31 03:06:03,661] {logging_mixin.py:104} INFO - [2021-03-31 03:06:03,661] {dag.py:1818} INFO - Sync 1 DAGs
[2021-03-31 03:06:03,668] {logging_mixin.py:104} INFO - [2021-03-31 03:06:03,668] {dag.py:2273} INFO - Setting next_dagrun for example_trigger_controller_dag to 2021-03-29 00:00:00+00:00
[2021-03-31 03:06:03,672] {scheduler_job.py:190} INFO - Processing /home/prathamesh/PycharmProjects/airflow-basic/venv/lib/python3.8/site-packages/airflow/example_dags/example_trigger_controller_dag.py took 0.041 seconds
[2021-03-31 03:06:41,702] {scheduler_job.py:182} INFO - Started process (PID=17285) to work on /home/prathamesh/PycharmProjects/airflow-basic/venv/lib/python3.8/site-packages/airflow/example_dags/example_trigger_controller_dag.py
[2021-03-31 03:06:41,703] {scheduler_job.py:629} INFO - Processing file /home/prathamesh/PycharmProjects/airflow-basic/venv/lib/python3.8/site-packages/airflow/example_dags/example_trigger_controller_dag.py for tasks to queue
[2021-03-31 03:06:41,707] {logging_mixin.py:104} INFO - [2021-03-31 03:06:41,707] {dagbag.py:448} INFO - Filling up the DagBag from /home/prathamesh/PycharmProjects/airflow-basic/venv/lib/python3.8/site-packages/airflow/example_dags/example_trigger_controller_dag.py
[2021-03-31 03:06:41,724] {scheduler_job.py:639} INFO - DAG(s) dict_keys(['example_trigger_controller_dag']) retrieved from /home/prathamesh/PycharmProjects/airflow-basic/venv/lib/python3.8/site-packages/airflow/example_dags/example_trigger_controller_dag.py
[2021-03-31 03:06:41,737] {logging_mixin.py:104} INFO - [2021-03-31 03:06:41,736] {dag.py:1818} INFO - Sync 1 DAGs
[2021-03-31 03:06:41,747] {logging_mixin.py:104} INFO - [2021-03-31 03:06:41,747] {dag.py:2273} INFO - Setting next_dagrun for example_trigger_controller_dag to 2021-03-29 00:00:00+00:00
[2021-03-31 03:06:41,754] {scheduler_job.py:190} INFO - Processing /home/prathamesh/PycharmProjects/airflow-basic/venv/lib/python3.8/site-packages/airflow/example_dags/example_trigger_controller_dag.py took 0.056 seconds
[2021-03-31 03:07:20,153] {scheduler_job.py:182} INFO - Started process (PID=17419) to work on /home/prathamesh/PycharmProjects/airflow-basic/venv/lib/python3.8/site-packages/airflow/example_dags/example_trigger_controller_dag.py
[2021-03-31 03:07:20,154] {scheduler_job.py:629} INFO - Processing file /home/prathamesh/PycharmProjects/airflow-basic/venv/lib/python3.8/site-packages/airflow/example_dags/example_trigger_controller_dag.py for tasks to queue
[2021-03-31 03:07:20,155] {logging_mixin.py:104} INFO - [2021-03-31 03:07:20,155] {dagbag.py:448} INFO - Filling up the DagBag from /home/prathamesh/PycharmProjects/airflow-basic/venv/lib/python3.8/site-packages/airflow/example_dags/example_trigger_controller_dag.py
[2021-03-31 03:07:20,169] {scheduler_job.py:639} INFO - DAG(s) dict_keys(['example_trigger_controller_dag']) retrieved from /home/prathamesh/PycharmProjects/airflow-basic/venv/lib/python3.8/site-packages/airflow/example_dags/example_trigger_controller_dag.py
[2021-03-31 03:07:20,186] {logging_mixin.py:104} INFO - [2021-03-31 03:07:20,186] {dag.py:1818} INFO - Sync 1 DAGs
[2021-03-31 03:07:20,197] {logging_mixin.py:104} INFO - [2021-03-31 03:07:20,197] {dag.py:2273} INFO - Setting next_dagrun for example_trigger_controller_dag to 2021-03-29 00:00:00+00:00
[2021-03-31 03:07:20,202] {scheduler_job.py:190} INFO - Processing /home/prathamesh/PycharmProjects/airflow-basic/venv/lib/python3.8/site-packages/airflow/example_dags/example_trigger_controller_dag.py took 0.051 seconds
[2021-03-31 03:07:59,678] {scheduler_job.py:182} INFO - Started process (PID=17557) to work on /home/prathamesh/PycharmProjects/airflow-basic/venv/lib/python3.8/site-packages/airflow/example_dags/example_trigger_controller_dag.py
[2021-03-31 03:07:59,678] {scheduler_job.py:629} INFO - Processing file /home/prathamesh/PycharmProjects/airflow-basic/venv/lib/python3.8/site-packages/airflow/example_dags/example_trigger_controller_dag.py for tasks to queue
[2021-03-31 03:07:59,679] {logging_mixin.py:104} INFO - [2021-03-31 03:07:59,679] {dagbag.py:448} INFO - Filling up the DagBag from /home/prathamesh/PycharmProjects/airflow-basic/venv/lib/python3.8/site-packages/airflow/example_dags/example_trigger_controller_dag.py
[2021-03-31 03:07:59,698] {scheduler_job.py:639} INFO - DAG(s) dict_keys(['example_trigger_controller_dag']) retrieved from /home/prathamesh/PycharmProjects/airflow-basic/venv/lib/python3.8/site-packages/airflow/example_dags/example_trigger_controller_dag.py
[2021-03-31 03:07:59,732] {logging_mixin.py:104} INFO - [2021-03-31 03:07:59,732] {dag.py:1818} INFO - Sync 1 DAGs
[2021-03-31 03:07:59,738] {logging_mixin.py:104} INFO - [2021-03-31 03:07:59,738] {dag.py:2273} INFO - Setting next_dagrun for example_trigger_controller_dag to 2021-03-29 00:00:00+00:00
[2021-03-31 03:07:59,745] {scheduler_job.py:190} INFO - Processing /home/prathamesh/PycharmProjects/airflow-basic/venv/lib/python3.8/site-packages/airflow/example_dags/example_trigger_controller_dag.py took 0.070 seconds
