[2021-03-31 01:48:57,013] {scheduler_job.py:182} INFO - Started process (PID=12619) to work on /home/prathamesh/PycharmProjects/airflow-basic/venv/lib/python3.8/site-packages/airflow/example_dags/example_latest_only_with_trigger.py
[2021-03-31 01:48:57,015] {scheduler_job.py:629} INFO - Processing file /home/prathamesh/PycharmProjects/airflow-basic/venv/lib/python3.8/site-packages/airflow/example_dags/example_latest_only_with_trigger.py for tasks to queue
[2021-03-31 01:48:57,016] {logging_mixin.py:104} INFO - [2021-03-31 01:48:57,016] {dagbag.py:448} INFO - Filling up the DagBag from /home/prathamesh/PycharmProjects/airflow-basic/venv/lib/python3.8/site-packages/airflow/example_dags/example_latest_only_with_trigger.py
[2021-03-31 01:48:57,109] {scheduler_job.py:639} INFO - DAG(s) dict_keys(['latest_only_with_trigger']) retrieved from /home/prathamesh/PycharmProjects/airflow-basic/venv/lib/python3.8/site-packages/airflow/example_dags/example_latest_only_with_trigger.py
[2021-03-31 01:48:57,226] {logging_mixin.py:104} INFO - [2021-03-31 01:48:57,225] {dag.py:1818} INFO - Sync 1 DAGs
[2021-03-31 01:48:57,412] {logging_mixin.py:104} INFO - [2021-03-31 01:48:57,385] {dag.py:2273} INFO - Setting next_dagrun for latest_only_with_trigger to 2021-03-29 00:00:00+00:00
[2021-03-31 01:48:57,531] {scheduler_job.py:190} INFO - Processing /home/prathamesh/PycharmProjects/airflow-basic/venv/lib/python3.8/site-packages/airflow/example_dags/example_latest_only_with_trigger.py took 0.542 seconds
[2021-03-31 01:49:34,336] {scheduler_job.py:182} INFO - Started process (PID=12653) to work on /home/prathamesh/PycharmProjects/airflow-basic/venv/lib/python3.8/site-packages/airflow/example_dags/example_latest_only_with_trigger.py
[2021-03-31 01:49:34,337] {scheduler_job.py:629} INFO - Processing file /home/prathamesh/PycharmProjects/airflow-basic/venv/lib/python3.8/site-packages/airflow/example_dags/example_latest_only_with_trigger.py for tasks to queue
[2021-03-31 01:49:34,337] {logging_mixin.py:104} INFO - [2021-03-31 01:49:34,337] {dagbag.py:448} INFO - Filling up the DagBag from /home/prathamesh/PycharmProjects/airflow-basic/venv/lib/python3.8/site-packages/airflow/example_dags/example_latest_only_with_trigger.py
[2021-03-31 01:49:34,346] {scheduler_job.py:639} INFO - DAG(s) dict_keys(['latest_only_with_trigger']) retrieved from /home/prathamesh/PycharmProjects/airflow-basic/venv/lib/python3.8/site-packages/airflow/example_dags/example_latest_only_with_trigger.py
[2021-03-31 01:49:34,359] {logging_mixin.py:104} INFO - [2021-03-31 01:49:34,359] {dag.py:1818} INFO - Sync 1 DAGs
[2021-03-31 01:49:34,369] {logging_mixin.py:104} INFO - [2021-03-31 01:49:34,369] {dag.py:2273} INFO - Setting next_dagrun for latest_only_with_trigger to 2021-03-29 00:00:00+00:00
[2021-03-31 01:49:34,375] {scheduler_job.py:190} INFO - Processing /home/prathamesh/PycharmProjects/airflow-basic/venv/lib/python3.8/site-packages/airflow/example_dags/example_latest_only_with_trigger.py took 0.042 seconds
[2021-03-31 01:50:06,521] {scheduler_job.py:182} INFO - Started process (PID=12686) to work on /home/prathamesh/PycharmProjects/airflow-basic/venv/lib/python3.8/site-packages/airflow/example_dags/example_latest_only_with_trigger.py
[2021-03-31 01:50:06,522] {scheduler_job.py:629} INFO - Processing file /home/prathamesh/PycharmProjects/airflow-basic/venv/lib/python3.8/site-packages/airflow/example_dags/example_latest_only_with_trigger.py for tasks to queue
[2021-03-31 01:50:06,522] {logging_mixin.py:104} INFO - [2021-03-31 01:50:06,522] {dagbag.py:448} INFO - Filling up the DagBag from /home/prathamesh/PycharmProjects/airflow-basic/venv/lib/python3.8/site-packages/airflow/example_dags/example_latest_only_with_trigger.py
[2021-03-31 01:50:06,532] {scheduler_job.py:639} INFO - DAG(s) dict_keys(['latest_only_with_trigger']) retrieved from /home/prathamesh/PycharmProjects/airflow-basic/venv/lib/python3.8/site-packages/airflow/example_dags/example_latest_only_with_trigger.py
[2021-03-31 01:50:06,550] {logging_mixin.py:104} INFO - [2021-03-31 01:50:06,550] {dag.py:1818} INFO - Sync 1 DAGs
[2021-03-31 01:50:06,562] {logging_mixin.py:104} INFO - [2021-03-31 01:50:06,561] {dag.py:2273} INFO - Setting next_dagrun for latest_only_with_trigger to 2021-03-29 00:00:00+00:00
[2021-03-31 01:50:06,573] {scheduler_job.py:190} INFO - Processing /home/prathamesh/PycharmProjects/airflow-basic/venv/lib/python3.8/site-packages/airflow/example_dags/example_latest_only_with_trigger.py took 0.056 seconds
[2021-03-31 01:50:42,872] {scheduler_job.py:182} INFO - Started process (PID=12724) to work on /home/prathamesh/PycharmProjects/airflow-basic/venv/lib/python3.8/site-packages/airflow/example_dags/example_latest_only_with_trigger.py
[2021-03-31 01:50:42,875] {scheduler_job.py:629} INFO - Processing file /home/prathamesh/PycharmProjects/airflow-basic/venv/lib/python3.8/site-packages/airflow/example_dags/example_latest_only_with_trigger.py for tasks to queue
[2021-03-31 01:50:42,878] {logging_mixin.py:104} INFO - [2021-03-31 01:50:42,878] {dagbag.py:448} INFO - Filling up the DagBag from /home/prathamesh/PycharmProjects/airflow-basic/venv/lib/python3.8/site-packages/airflow/example_dags/example_latest_only_with_trigger.py
[2021-03-31 01:50:42,888] {scheduler_job.py:639} INFO - DAG(s) dict_keys(['latest_only_with_trigger']) retrieved from /home/prathamesh/PycharmProjects/airflow-basic/venv/lib/python3.8/site-packages/airflow/example_dags/example_latest_only_with_trigger.py
[2021-03-31 01:50:42,903] {logging_mixin.py:104} INFO - [2021-03-31 01:50:42,903] {dag.py:1818} INFO - Sync 1 DAGs
[2021-03-31 01:50:42,914] {logging_mixin.py:104} INFO - [2021-03-31 01:50:42,914] {dag.py:2273} INFO - Setting next_dagrun for latest_only_with_trigger to 2021-03-29 00:00:00+00:00
[2021-03-31 01:50:42,925] {scheduler_job.py:190} INFO - Processing /home/prathamesh/PycharmProjects/airflow-basic/venv/lib/python3.8/site-packages/airflow/example_dags/example_latest_only_with_trigger.py took 0.055 seconds
[2021-03-31 01:52:57,435] {scheduler_job.py:182} INFO - Started process (PID=12788) to work on /home/prathamesh/PycharmProjects/airflow-basic/venv/lib/python3.8/site-packages/airflow/example_dags/example_latest_only_with_trigger.py
[2021-03-31 01:52:57,437] {scheduler_job.py:629} INFO - Processing file /home/prathamesh/PycharmProjects/airflow-basic/venv/lib/python3.8/site-packages/airflow/example_dags/example_latest_only_with_trigger.py for tasks to queue
[2021-03-31 01:52:57,438] {logging_mixin.py:104} INFO - [2021-03-31 01:52:57,438] {dagbag.py:448} INFO - Filling up the DagBag from /home/prathamesh/PycharmProjects/airflow-basic/venv/lib/python3.8/site-packages/airflow/example_dags/example_latest_only_with_trigger.py
[2021-03-31 01:52:57,556] {scheduler_job.py:639} INFO - DAG(s) dict_keys(['latest_only_with_trigger']) retrieved from /home/prathamesh/PycharmProjects/airflow-basic/venv/lib/python3.8/site-packages/airflow/example_dags/example_latest_only_with_trigger.py
[2021-03-31 01:52:57,724] {logging_mixin.py:104} INFO - [2021-03-31 01:52:57,724] {dag.py:1818} INFO - Sync 1 DAGs
[2021-03-31 01:52:57,851] {logging_mixin.py:104} INFO - [2021-03-31 01:52:57,850] {dag.py:2273} INFO - Setting next_dagrun for latest_only_with_trigger to 2021-03-29 00:00:00+00:00
[2021-03-31 01:52:58,009] {scheduler_job.py:190} INFO - Processing /home/prathamesh/PycharmProjects/airflow-basic/venv/lib/python3.8/site-packages/airflow/example_dags/example_latest_only_with_trigger.py took 0.621 seconds
[2021-03-31 01:53:37,286] {scheduler_job.py:182} INFO - Started process (PID=12827) to work on /home/prathamesh/PycharmProjects/airflow-basic/venv/lib/python3.8/site-packages/airflow/example_dags/example_latest_only_with_trigger.py
[2021-03-31 01:53:37,287] {scheduler_job.py:629} INFO - Processing file /home/prathamesh/PycharmProjects/airflow-basic/venv/lib/python3.8/site-packages/airflow/example_dags/example_latest_only_with_trigger.py for tasks to queue
[2021-03-31 01:53:37,288] {logging_mixin.py:104} INFO - [2021-03-31 01:53:37,287] {dagbag.py:448} INFO - Filling up the DagBag from /home/prathamesh/PycharmProjects/airflow-basic/venv/lib/python3.8/site-packages/airflow/example_dags/example_latest_only_with_trigger.py
[2021-03-31 01:53:37,299] {scheduler_job.py:639} INFO - DAG(s) dict_keys(['latest_only_with_trigger']) retrieved from /home/prathamesh/PycharmProjects/airflow-basic/venv/lib/python3.8/site-packages/airflow/example_dags/example_latest_only_with_trigger.py
[2021-03-31 01:53:37,325] {logging_mixin.py:104} INFO - [2021-03-31 01:53:37,325] {dag.py:1818} INFO - Sync 1 DAGs
[2021-03-31 01:53:37,342] {logging_mixin.py:104} INFO - [2021-03-31 01:53:37,342] {dag.py:2273} INFO - Setting next_dagrun for latest_only_with_trigger to 2021-03-29 00:00:00+00:00
[2021-03-31 01:53:37,354] {scheduler_job.py:190} INFO - Processing /home/prathamesh/PycharmProjects/airflow-basic/venv/lib/python3.8/site-packages/airflow/example_dags/example_latest_only_with_trigger.py took 0.073 seconds
[2021-03-31 01:54:19,482] {scheduler_job.py:182} INFO - Started process (PID=12886) to work on /home/prathamesh/PycharmProjects/airflow-basic/venv/lib/python3.8/site-packages/airflow/example_dags/example_latest_only_with_trigger.py
[2021-03-31 01:54:19,494] {scheduler_job.py:629} INFO - Processing file /home/prathamesh/PycharmProjects/airflow-basic/venv/lib/python3.8/site-packages/airflow/example_dags/example_latest_only_with_trigger.py for tasks to queue
[2021-03-31 01:54:19,494] {logging_mixin.py:104} INFO - [2021-03-31 01:54:19,494] {dagbag.py:448} INFO - Filling up the DagBag from /home/prathamesh/PycharmProjects/airflow-basic/venv/lib/python3.8/site-packages/airflow/example_dags/example_latest_only_with_trigger.py
[2021-03-31 01:54:19,535] {scheduler_job.py:639} INFO - DAG(s) dict_keys(['latest_only_with_trigger']) retrieved from /home/prathamesh/PycharmProjects/airflow-basic/venv/lib/python3.8/site-packages/airflow/example_dags/example_latest_only_with_trigger.py
[2021-03-31 01:54:19,561] {logging_mixin.py:104} INFO - [2021-03-31 01:54:19,561] {dag.py:1818} INFO - Sync 1 DAGs
[2021-03-31 01:54:19,583] {logging_mixin.py:104} INFO - [2021-03-31 01:54:19,583] {dag.py:2273} INFO - Setting next_dagrun for latest_only_with_trigger to 2021-03-29 00:00:00+00:00
[2021-03-31 01:54:19,611] {scheduler_job.py:190} INFO - Processing /home/prathamesh/PycharmProjects/airflow-basic/venv/lib/python3.8/site-packages/airflow/example_dags/example_latest_only_with_trigger.py took 0.145 seconds
[2021-03-31 01:54:53,227] {scheduler_job.py:182} INFO - Started process (PID=12918) to work on /home/prathamesh/PycharmProjects/airflow-basic/venv/lib/python3.8/site-packages/airflow/example_dags/example_latest_only_with_trigger.py
[2021-03-31 01:54:53,228] {scheduler_job.py:629} INFO - Processing file /home/prathamesh/PycharmProjects/airflow-basic/venv/lib/python3.8/site-packages/airflow/example_dags/example_latest_only_with_trigger.py for tasks to queue
[2021-03-31 01:54:53,229] {logging_mixin.py:104} INFO - [2021-03-31 01:54:53,229] {dagbag.py:448} INFO - Filling up the DagBag from /home/prathamesh/PycharmProjects/airflow-basic/venv/lib/python3.8/site-packages/airflow/example_dags/example_latest_only_with_trigger.py
[2021-03-31 01:54:53,294] {scheduler_job.py:639} INFO - DAG(s) dict_keys(['latest_only_with_trigger']) retrieved from /home/prathamesh/PycharmProjects/airflow-basic/venv/lib/python3.8/site-packages/airflow/example_dags/example_latest_only_with_trigger.py
[2021-03-31 01:54:53,333] {logging_mixin.py:104} INFO - [2021-03-31 01:54:53,332] {dag.py:1818} INFO - Sync 1 DAGs
[2021-03-31 01:54:53,366] {logging_mixin.py:104} INFO - [2021-03-31 01:54:53,366] {dag.py:2273} INFO - Setting next_dagrun for latest_only_with_trigger to 2021-03-29 00:00:00+00:00
[2021-03-31 01:54:53,419] {scheduler_job.py:190} INFO - Processing /home/prathamesh/PycharmProjects/airflow-basic/venv/lib/python3.8/site-packages/airflow/example_dags/example_latest_only_with_trigger.py took 0.195 seconds
[2021-03-31 01:55:32,086] {scheduler_job.py:182} INFO - Started process (PID=12956) to work on /home/prathamesh/PycharmProjects/airflow-basic/venv/lib/python3.8/site-packages/airflow/example_dags/example_latest_only_with_trigger.py
[2021-03-31 01:55:32,088] {scheduler_job.py:629} INFO - Processing file /home/prathamesh/PycharmProjects/airflow-basic/venv/lib/python3.8/site-packages/airflow/example_dags/example_latest_only_with_trigger.py for tasks to queue
[2021-03-31 01:55:32,088] {logging_mixin.py:104} INFO - [2021-03-31 01:55:32,088] {dagbag.py:448} INFO - Filling up the DagBag from /home/prathamesh/PycharmProjects/airflow-basic/venv/lib/python3.8/site-packages/airflow/example_dags/example_latest_only_with_trigger.py
[2021-03-31 01:55:32,129] {scheduler_job.py:639} INFO - DAG(s) dict_keys(['latest_only_with_trigger']) retrieved from /home/prathamesh/PycharmProjects/airflow-basic/venv/lib/python3.8/site-packages/airflow/example_dags/example_latest_only_with_trigger.py
[2021-03-31 01:55:32,218] {logging_mixin.py:104} INFO - [2021-03-31 01:55:32,218] {dag.py:1818} INFO - Sync 1 DAGs
[2021-03-31 01:55:32,287] {logging_mixin.py:104} INFO - [2021-03-31 01:55:32,287] {dag.py:2273} INFO - Setting next_dagrun for latest_only_with_trigger to 2021-03-29 00:00:00+00:00
[2021-03-31 01:55:32,321] {scheduler_job.py:190} INFO - Processing /home/prathamesh/PycharmProjects/airflow-basic/venv/lib/python3.8/site-packages/airflow/example_dags/example_latest_only_with_trigger.py took 0.256 seconds
[2021-03-31 01:56:12,792] {scheduler_job.py:182} INFO - Started process (PID=13040) to work on /home/prathamesh/PycharmProjects/airflow-basic/venv/lib/python3.8/site-packages/airflow/example_dags/example_latest_only_with_trigger.py
[2021-03-31 01:56:12,793] {scheduler_job.py:629} INFO - Processing file /home/prathamesh/PycharmProjects/airflow-basic/venv/lib/python3.8/site-packages/airflow/example_dags/example_latest_only_with_trigger.py for tasks to queue
[2021-03-31 01:56:12,794] {logging_mixin.py:104} INFO - [2021-03-31 01:56:12,794] {dagbag.py:448} INFO - Filling up the DagBag from /home/prathamesh/PycharmProjects/airflow-basic/venv/lib/python3.8/site-packages/airflow/example_dags/example_latest_only_with_trigger.py
[2021-03-31 01:56:12,801] {scheduler_job.py:639} INFO - DAG(s) dict_keys(['latest_only_with_trigger']) retrieved from /home/prathamesh/PycharmProjects/airflow-basic/venv/lib/python3.8/site-packages/airflow/example_dags/example_latest_only_with_trigger.py
[2021-03-31 01:56:12,813] {logging_mixin.py:104} INFO - [2021-03-31 01:56:12,813] {dag.py:1818} INFO - Sync 1 DAGs
[2021-03-31 01:56:12,823] {logging_mixin.py:104} INFO - [2021-03-31 01:56:12,823] {dag.py:2273} INFO - Setting next_dagrun for latest_only_with_trigger to 2021-03-29 00:00:00+00:00
[2021-03-31 01:56:12,829] {scheduler_job.py:190} INFO - Processing /home/prathamesh/PycharmProjects/airflow-basic/venv/lib/python3.8/site-packages/airflow/example_dags/example_latest_only_with_trigger.py took 0.039 seconds
[2021-03-31 01:56:49,564] {scheduler_job.py:182} INFO - Started process (PID=13073) to work on /home/prathamesh/PycharmProjects/airflow-basic/venv/lib/python3.8/site-packages/airflow/example_dags/example_latest_only_with_trigger.py
[2021-03-31 01:56:49,565] {scheduler_job.py:629} INFO - Processing file /home/prathamesh/PycharmProjects/airflow-basic/venv/lib/python3.8/site-packages/airflow/example_dags/example_latest_only_with_trigger.py for tasks to queue
[2021-03-31 01:56:49,566] {logging_mixin.py:104} INFO - [2021-03-31 01:56:49,566] {dagbag.py:448} INFO - Filling up the DagBag from /home/prathamesh/PycharmProjects/airflow-basic/venv/lib/python3.8/site-packages/airflow/example_dags/example_latest_only_with_trigger.py
[2021-03-31 01:56:49,608] {scheduler_job.py:639} INFO - DAG(s) dict_keys(['latest_only_with_trigger']) retrieved from /home/prathamesh/PycharmProjects/airflow-basic/venv/lib/python3.8/site-packages/airflow/example_dags/example_latest_only_with_trigger.py
[2021-03-31 01:56:49,694] {logging_mixin.py:104} INFO - [2021-03-31 01:56:49,694] {dag.py:1818} INFO - Sync 1 DAGs
[2021-03-31 01:56:49,749] {logging_mixin.py:104} INFO - [2021-03-31 01:56:49,748] {dag.py:2273} INFO - Setting next_dagrun for latest_only_with_trigger to 2021-03-29 00:00:00+00:00
[2021-03-31 01:56:49,756] {scheduler_job.py:190} INFO - Processing /home/prathamesh/PycharmProjects/airflow-basic/venv/lib/python3.8/site-packages/airflow/example_dags/example_latest_only_with_trigger.py took 0.196 seconds
[2021-03-31 01:57:26,613] {scheduler_job.py:182} INFO - Started process (PID=13107) to work on /home/prathamesh/PycharmProjects/airflow-basic/venv/lib/python3.8/site-packages/airflow/example_dags/example_latest_only_with_trigger.py
[2021-03-31 01:57:26,627] {scheduler_job.py:629} INFO - Processing file /home/prathamesh/PycharmProjects/airflow-basic/venv/lib/python3.8/site-packages/airflow/example_dags/example_latest_only_with_trigger.py for tasks to queue
[2021-03-31 01:57:26,628] {logging_mixin.py:104} INFO - [2021-03-31 01:57:26,628] {dagbag.py:448} INFO - Filling up the DagBag from /home/prathamesh/PycharmProjects/airflow-basic/venv/lib/python3.8/site-packages/airflow/example_dags/example_latest_only_with_trigger.py
[2021-03-31 01:57:26,734] {scheduler_job.py:639} INFO - DAG(s) dict_keys(['latest_only_with_trigger']) retrieved from /home/prathamesh/PycharmProjects/airflow-basic/venv/lib/python3.8/site-packages/airflow/example_dags/example_latest_only_with_trigger.py
[2021-03-31 01:57:26,866] {logging_mixin.py:104} INFO - [2021-03-31 01:57:26,866] {dag.py:1818} INFO - Sync 1 DAGs
[2021-03-31 01:57:26,937] {logging_mixin.py:104} INFO - [2021-03-31 01:57:26,937] {dag.py:2273} INFO - Setting next_dagrun for latest_only_with_trigger to 2021-03-29 00:00:00+00:00
[2021-03-31 01:57:26,968] {scheduler_job.py:190} INFO - Processing /home/prathamesh/PycharmProjects/airflow-basic/venv/lib/python3.8/site-packages/airflow/example_dags/example_latest_only_with_trigger.py took 0.360 seconds
[2021-03-31 02:52:17,630] {scheduler_job.py:182} INFO - Started process (PID=13927) to work on /home/prathamesh/PycharmProjects/airflow-basic/venv/lib/python3.8/site-packages/airflow/example_dags/example_latest_only_with_trigger.py
[2021-03-31 02:52:17,636] {scheduler_job.py:629} INFO - Processing file /home/prathamesh/PycharmProjects/airflow-basic/venv/lib/python3.8/site-packages/airflow/example_dags/example_latest_only_with_trigger.py for tasks to queue
[2021-03-31 02:52:17,636] {logging_mixin.py:104} INFO - [2021-03-31 02:52:17,636] {dagbag.py:448} INFO - Filling up the DagBag from /home/prathamesh/PycharmProjects/airflow-basic/venv/lib/python3.8/site-packages/airflow/example_dags/example_latest_only_with_trigger.py
[2021-03-31 02:52:17,643] {scheduler_job.py:639} INFO - DAG(s) dict_keys(['latest_only_with_trigger']) retrieved from /home/prathamesh/PycharmProjects/airflow-basic/venv/lib/python3.8/site-packages/airflow/example_dags/example_latest_only_with_trigger.py
[2021-03-31 02:52:17,678] {logging_mixin.py:104} INFO - [2021-03-31 02:52:17,678] {dag.py:1818} INFO - Sync 1 DAGs
[2021-03-31 02:52:17,703] {logging_mixin.py:104} INFO - [2021-03-31 02:52:17,703] {dag.py:2273} INFO - Setting next_dagrun for latest_only_with_trigger to 2021-03-29 00:00:00+00:00
[2021-03-31 02:52:17,727] {scheduler_job.py:190} INFO - Processing /home/prathamesh/PycharmProjects/airflow-basic/venv/lib/python3.8/site-packages/airflow/example_dags/example_latest_only_with_trigger.py took 0.100 seconds
[2021-03-31 02:53:01,212] {scheduler_job.py:182} INFO - Started process (PID=14066) to work on /home/prathamesh/PycharmProjects/airflow-basic/venv/lib/python3.8/site-packages/airflow/example_dags/example_latest_only_with_trigger.py
[2021-03-31 02:53:01,213] {scheduler_job.py:629} INFO - Processing file /home/prathamesh/PycharmProjects/airflow-basic/venv/lib/python3.8/site-packages/airflow/example_dags/example_latest_only_with_trigger.py for tasks to queue
[2021-03-31 02:53:01,213] {logging_mixin.py:104} INFO - [2021-03-31 02:53:01,213] {dagbag.py:448} INFO - Filling up the DagBag from /home/prathamesh/PycharmProjects/airflow-basic/venv/lib/python3.8/site-packages/airflow/example_dags/example_latest_only_with_trigger.py
[2021-03-31 02:53:01,220] {scheduler_job.py:639} INFO - DAG(s) dict_keys(['latest_only_with_trigger']) retrieved from /home/prathamesh/PycharmProjects/airflow-basic/venv/lib/python3.8/site-packages/airflow/example_dags/example_latest_only_with_trigger.py
[2021-03-31 02:53:01,231] {logging_mixin.py:104} INFO - [2021-03-31 02:53:01,231] {dag.py:1818} INFO - Sync 1 DAGs
[2021-03-31 02:53:01,237] {logging_mixin.py:104} INFO - [2021-03-31 02:53:01,237] {dag.py:2273} INFO - Setting next_dagrun for latest_only_with_trigger to 2021-03-29 00:00:00+00:00
[2021-03-31 02:53:01,242] {scheduler_job.py:190} INFO - Processing /home/prathamesh/PycharmProjects/airflow-basic/venv/lib/python3.8/site-packages/airflow/example_dags/example_latest_only_with_trigger.py took 0.033 seconds
[2021-03-31 02:53:44,526] {scheduler_job.py:182} INFO - Started process (PID=14209) to work on /home/prathamesh/PycharmProjects/airflow-basic/venv/lib/python3.8/site-packages/airflow/example_dags/example_latest_only_with_trigger.py
[2021-03-31 02:53:44,527] {scheduler_job.py:629} INFO - Processing file /home/prathamesh/PycharmProjects/airflow-basic/venv/lib/python3.8/site-packages/airflow/example_dags/example_latest_only_with_trigger.py for tasks to queue
[2021-03-31 02:53:44,527] {logging_mixin.py:104} INFO - [2021-03-31 02:53:44,527] {dagbag.py:448} INFO - Filling up the DagBag from /home/prathamesh/PycharmProjects/airflow-basic/venv/lib/python3.8/site-packages/airflow/example_dags/example_latest_only_with_trigger.py
[2021-03-31 02:53:44,535] {scheduler_job.py:639} INFO - DAG(s) dict_keys(['latest_only_with_trigger']) retrieved from /home/prathamesh/PycharmProjects/airflow-basic/venv/lib/python3.8/site-packages/airflow/example_dags/example_latest_only_with_trigger.py
[2021-03-31 02:53:44,554] {logging_mixin.py:104} INFO - [2021-03-31 02:53:44,554] {dag.py:1818} INFO - Sync 1 DAGs
[2021-03-31 02:53:44,572] {logging_mixin.py:104} INFO - [2021-03-31 02:53:44,572] {dag.py:2273} INFO - Setting next_dagrun for latest_only_with_trigger to 2021-03-29 00:00:00+00:00
[2021-03-31 02:53:44,577] {scheduler_job.py:190} INFO - Processing /home/prathamesh/PycharmProjects/airflow-basic/venv/lib/python3.8/site-packages/airflow/example_dags/example_latest_only_with_trigger.py took 0.053 seconds
[2021-03-31 02:54:23,882] {scheduler_job.py:182} INFO - Started process (PID=14344) to work on /home/prathamesh/PycharmProjects/airflow-basic/venv/lib/python3.8/site-packages/airflow/example_dags/example_latest_only_with_trigger.py
[2021-03-31 02:54:23,884] {scheduler_job.py:629} INFO - Processing file /home/prathamesh/PycharmProjects/airflow-basic/venv/lib/python3.8/site-packages/airflow/example_dags/example_latest_only_with_trigger.py for tasks to queue
[2021-03-31 02:54:23,884] {logging_mixin.py:104} INFO - [2021-03-31 02:54:23,884] {dagbag.py:448} INFO - Filling up the DagBag from /home/prathamesh/PycharmProjects/airflow-basic/venv/lib/python3.8/site-packages/airflow/example_dags/example_latest_only_with_trigger.py
[2021-03-31 02:54:23,896] {scheduler_job.py:639} INFO - DAG(s) dict_keys(['latest_only_with_trigger']) retrieved from /home/prathamesh/PycharmProjects/airflow-basic/venv/lib/python3.8/site-packages/airflow/example_dags/example_latest_only_with_trigger.py
[2021-03-31 02:54:23,906] {logging_mixin.py:104} INFO - [2021-03-31 02:54:23,906] {dag.py:1818} INFO - Sync 1 DAGs
[2021-03-31 02:54:23,917] {logging_mixin.py:104} INFO - [2021-03-31 02:54:23,917] {dag.py:2273} INFO - Setting next_dagrun for latest_only_with_trigger to 2021-03-29 00:00:00+00:00
[2021-03-31 02:54:23,921] {scheduler_job.py:190} INFO - Processing /home/prathamesh/PycharmProjects/airflow-basic/venv/lib/python3.8/site-packages/airflow/example_dags/example_latest_only_with_trigger.py took 0.044 seconds
[2021-03-31 02:54:59,445] {scheduler_job.py:182} INFO - Started process (PID=14476) to work on /home/prathamesh/PycharmProjects/airflow-basic/venv/lib/python3.8/site-packages/airflow/example_dags/example_latest_only_with_trigger.py
[2021-03-31 02:54:59,446] {scheduler_job.py:629} INFO - Processing file /home/prathamesh/PycharmProjects/airflow-basic/venv/lib/python3.8/site-packages/airflow/example_dags/example_latest_only_with_trigger.py for tasks to queue
[2021-03-31 02:54:59,447] {logging_mixin.py:104} INFO - [2021-03-31 02:54:59,447] {dagbag.py:448} INFO - Filling up the DagBag from /home/prathamesh/PycharmProjects/airflow-basic/venv/lib/python3.8/site-packages/airflow/example_dags/example_latest_only_with_trigger.py
[2021-03-31 02:54:59,453] {scheduler_job.py:639} INFO - DAG(s) dict_keys(['latest_only_with_trigger']) retrieved from /home/prathamesh/PycharmProjects/airflow-basic/venv/lib/python3.8/site-packages/airflow/example_dags/example_latest_only_with_trigger.py
[2021-03-31 02:54:59,463] {logging_mixin.py:104} INFO - [2021-03-31 02:54:59,463] {dag.py:1818} INFO - Sync 1 DAGs
[2021-03-31 02:54:59,471] {logging_mixin.py:104} INFO - [2021-03-31 02:54:59,471] {dag.py:2273} INFO - Setting next_dagrun for latest_only_with_trigger to 2021-03-29 00:00:00+00:00
[2021-03-31 02:54:59,475] {scheduler_job.py:190} INFO - Processing /home/prathamesh/PycharmProjects/airflow-basic/venv/lib/python3.8/site-packages/airflow/example_dags/example_latest_only_with_trigger.py took 0.033 seconds
[2021-03-31 02:56:34,403] {scheduler_job.py:182} INFO - Started process (PID=14762) to work on /home/prathamesh/PycharmProjects/airflow-basic/venv/lib/python3.8/site-packages/airflow/example_dags/example_latest_only_with_trigger.py
[2021-03-31 02:56:34,404] {scheduler_job.py:629} INFO - Processing file /home/prathamesh/PycharmProjects/airflow-basic/venv/lib/python3.8/site-packages/airflow/example_dags/example_latest_only_with_trigger.py for tasks to queue
[2021-03-31 02:56:34,405] {logging_mixin.py:104} INFO - [2021-03-31 02:56:34,405] {dagbag.py:448} INFO - Filling up the DagBag from /home/prathamesh/PycharmProjects/airflow-basic/venv/lib/python3.8/site-packages/airflow/example_dags/example_latest_only_with_trigger.py
[2021-03-31 02:56:34,420] {scheduler_job.py:639} INFO - DAG(s) dict_keys(['latest_only_with_trigger']) retrieved from /home/prathamesh/PycharmProjects/airflow-basic/venv/lib/python3.8/site-packages/airflow/example_dags/example_latest_only_with_trigger.py
[2021-03-31 02:56:34,456] {logging_mixin.py:104} INFO - [2021-03-31 02:56:34,456] {dag.py:1818} INFO - Sync 1 DAGs
[2021-03-31 02:56:34,480] {logging_mixin.py:104} INFO - [2021-03-31 02:56:34,480] {dag.py:2273} INFO - Setting next_dagrun for latest_only_with_trigger to 2021-03-29 00:00:00+00:00
[2021-03-31 02:56:34,501] {scheduler_job.py:190} INFO - Processing /home/prathamesh/PycharmProjects/airflow-basic/venv/lib/python3.8/site-packages/airflow/example_dags/example_latest_only_with_trigger.py took 0.102 seconds
[2021-03-31 02:57:13,835] {scheduler_job.py:182} INFO - Started process (PID=14900) to work on /home/prathamesh/PycharmProjects/airflow-basic/venv/lib/python3.8/site-packages/airflow/example_dags/example_latest_only_with_trigger.py
[2021-03-31 02:57:13,836] {scheduler_job.py:629} INFO - Processing file /home/prathamesh/PycharmProjects/airflow-basic/venv/lib/python3.8/site-packages/airflow/example_dags/example_latest_only_with_trigger.py for tasks to queue
[2021-03-31 02:57:13,837] {logging_mixin.py:104} INFO - [2021-03-31 02:57:13,837] {dagbag.py:448} INFO - Filling up the DagBag from /home/prathamesh/PycharmProjects/airflow-basic/venv/lib/python3.8/site-packages/airflow/example_dags/example_latest_only_with_trigger.py
[2021-03-31 02:57:13,849] {scheduler_job.py:639} INFO - DAG(s) dict_keys(['latest_only_with_trigger']) retrieved from /home/prathamesh/PycharmProjects/airflow-basic/venv/lib/python3.8/site-packages/airflow/example_dags/example_latest_only_with_trigger.py
[2021-03-31 02:57:13,882] {logging_mixin.py:104} INFO - [2021-03-31 02:57:13,881] {dag.py:1818} INFO - Sync 1 DAGs
[2021-03-31 02:57:13,913] {logging_mixin.py:104} INFO - [2021-03-31 02:57:13,913] {dag.py:2273} INFO - Setting next_dagrun for latest_only_with_trigger to 2021-03-29 00:00:00+00:00
[2021-03-31 02:57:13,934] {scheduler_job.py:190} INFO - Processing /home/prathamesh/PycharmProjects/airflow-basic/venv/lib/python3.8/site-packages/airflow/example_dags/example_latest_only_with_trigger.py took 0.128 seconds
[2021-03-31 02:57:54,503] {scheduler_job.py:182} INFO - Started process (PID=15040) to work on /home/prathamesh/PycharmProjects/airflow-basic/venv/lib/python3.8/site-packages/airflow/example_dags/example_latest_only_with_trigger.py
[2021-03-31 02:57:54,504] {scheduler_job.py:629} INFO - Processing file /home/prathamesh/PycharmProjects/airflow-basic/venv/lib/python3.8/site-packages/airflow/example_dags/example_latest_only_with_trigger.py for tasks to queue
[2021-03-31 02:57:54,505] {logging_mixin.py:104} INFO - [2021-03-31 02:57:54,505] {dagbag.py:448} INFO - Filling up the DagBag from /home/prathamesh/PycharmProjects/airflow-basic/venv/lib/python3.8/site-packages/airflow/example_dags/example_latest_only_with_trigger.py
[2021-03-31 02:57:54,511] {scheduler_job.py:639} INFO - DAG(s) dict_keys(['latest_only_with_trigger']) retrieved from /home/prathamesh/PycharmProjects/airflow-basic/venv/lib/python3.8/site-packages/airflow/example_dags/example_latest_only_with_trigger.py
[2021-03-31 02:57:54,524] {logging_mixin.py:104} INFO - [2021-03-31 02:57:54,524] {dag.py:1818} INFO - Sync 1 DAGs
[2021-03-31 02:57:54,536] {logging_mixin.py:104} INFO - [2021-03-31 02:57:54,536] {dag.py:2273} INFO - Setting next_dagrun for latest_only_with_trigger to 2021-03-29 00:00:00+00:00
[2021-03-31 02:57:54,540] {scheduler_job.py:190} INFO - Processing /home/prathamesh/PycharmProjects/airflow-basic/venv/lib/python3.8/site-packages/airflow/example_dags/example_latest_only_with_trigger.py took 0.039 seconds
[2021-03-31 02:58:33,288] {scheduler_job.py:182} INFO - Started process (PID=15171) to work on /home/prathamesh/PycharmProjects/airflow-basic/venv/lib/python3.8/site-packages/airflow/example_dags/example_latest_only_with_trigger.py
[2021-03-31 02:58:33,289] {scheduler_job.py:629} INFO - Processing file /home/prathamesh/PycharmProjects/airflow-basic/venv/lib/python3.8/site-packages/airflow/example_dags/example_latest_only_with_trigger.py for tasks to queue
[2021-03-31 02:58:33,289] {logging_mixin.py:104} INFO - [2021-03-31 02:58:33,289] {dagbag.py:448} INFO - Filling up the DagBag from /home/prathamesh/PycharmProjects/airflow-basic/venv/lib/python3.8/site-packages/airflow/example_dags/example_latest_only_with_trigger.py
[2021-03-31 02:58:33,296] {scheduler_job.py:639} INFO - DAG(s) dict_keys(['latest_only_with_trigger']) retrieved from /home/prathamesh/PycharmProjects/airflow-basic/venv/lib/python3.8/site-packages/airflow/example_dags/example_latest_only_with_trigger.py
[2021-03-31 02:58:33,306] {logging_mixin.py:104} INFO - [2021-03-31 02:58:33,306] {dag.py:1818} INFO - Sync 1 DAGs
[2021-03-31 02:58:33,312] {logging_mixin.py:104} INFO - [2021-03-31 02:58:33,312] {dag.py:2273} INFO - Setting next_dagrun for latest_only_with_trigger to 2021-03-29 00:00:00+00:00
[2021-03-31 02:58:33,318] {scheduler_job.py:190} INFO - Processing /home/prathamesh/PycharmProjects/airflow-basic/venv/lib/python3.8/site-packages/airflow/example_dags/example_latest_only_with_trigger.py took 0.032 seconds
[2021-03-31 02:59:14,771] {scheduler_job.py:182} INFO - Started process (PID=15304) to work on /home/prathamesh/PycharmProjects/airflow-basic/venv/lib/python3.8/site-packages/airflow/example_dags/example_latest_only_with_trigger.py
[2021-03-31 02:59:14,772] {scheduler_job.py:629} INFO - Processing file /home/prathamesh/PycharmProjects/airflow-basic/venv/lib/python3.8/site-packages/airflow/example_dags/example_latest_only_with_trigger.py for tasks to queue
[2021-03-31 02:59:14,772] {logging_mixin.py:104} INFO - [2021-03-31 02:59:14,772] {dagbag.py:448} INFO - Filling up the DagBag from /home/prathamesh/PycharmProjects/airflow-basic/venv/lib/python3.8/site-packages/airflow/example_dags/example_latest_only_with_trigger.py
[2021-03-31 02:59:14,784] {scheduler_job.py:639} INFO - DAG(s) dict_keys(['latest_only_with_trigger']) retrieved from /home/prathamesh/PycharmProjects/airflow-basic/venv/lib/python3.8/site-packages/airflow/example_dags/example_latest_only_with_trigger.py
[2021-03-31 02:59:14,855] {logging_mixin.py:104} INFO - [2021-03-31 02:59:14,855] {dag.py:1818} INFO - Sync 1 DAGs
[2021-03-31 02:59:14,884] {logging_mixin.py:104} INFO - [2021-03-31 02:59:14,884] {dag.py:2273} INFO - Setting next_dagrun for latest_only_with_trigger to 2021-03-29 00:00:00+00:00
[2021-03-31 02:59:14,888] {scheduler_job.py:190} INFO - Processing /home/prathamesh/PycharmProjects/airflow-basic/venv/lib/python3.8/site-packages/airflow/example_dags/example_latest_only_with_trigger.py took 0.135 seconds
[2021-03-31 03:00:55,968] {scheduler_job.py:182} INFO - Started process (PID=16094) to work on /home/prathamesh/PycharmProjects/airflow-basic/venv/lib/python3.8/site-packages/airflow/example_dags/example_latest_only_with_trigger.py
[2021-03-31 03:00:55,969] {scheduler_job.py:629} INFO - Processing file /home/prathamesh/PycharmProjects/airflow-basic/venv/lib/python3.8/site-packages/airflow/example_dags/example_latest_only_with_trigger.py for tasks to queue
[2021-03-31 03:00:55,969] {logging_mixin.py:104} INFO - [2021-03-31 03:00:55,969] {dagbag.py:448} INFO - Filling up the DagBag from /home/prathamesh/PycharmProjects/airflow-basic/venv/lib/python3.8/site-packages/airflow/example_dags/example_latest_only_with_trigger.py
[2021-03-31 03:00:55,977] {scheduler_job.py:639} INFO - DAG(s) dict_keys(['latest_only_with_trigger']) retrieved from /home/prathamesh/PycharmProjects/airflow-basic/venv/lib/python3.8/site-packages/airflow/example_dags/example_latest_only_with_trigger.py
[2021-03-31 03:00:55,988] {logging_mixin.py:104} INFO - [2021-03-31 03:00:55,988] {dag.py:1818} INFO - Sync 1 DAGs
[2021-03-31 03:00:55,996] {logging_mixin.py:104} INFO - [2021-03-31 03:00:55,996] {dag.py:2273} INFO - Setting next_dagrun for latest_only_with_trigger to 2021-03-29 00:00:00+00:00
[2021-03-31 03:00:56,000] {scheduler_job.py:190} INFO - Processing /home/prathamesh/PycharmProjects/airflow-basic/venv/lib/python3.8/site-packages/airflow/example_dags/example_latest_only_with_trigger.py took 0.034 seconds
[2021-03-31 03:01:34,132] {scheduler_job.py:182} INFO - Started process (PID=16225) to work on /home/prathamesh/PycharmProjects/airflow-basic/venv/lib/python3.8/site-packages/airflow/example_dags/example_latest_only_with_trigger.py
[2021-03-31 03:01:34,133] {scheduler_job.py:629} INFO - Processing file /home/prathamesh/PycharmProjects/airflow-basic/venv/lib/python3.8/site-packages/airflow/example_dags/example_latest_only_with_trigger.py for tasks to queue
[2021-03-31 03:01:34,134] {logging_mixin.py:104} INFO - [2021-03-31 03:01:34,134] {dagbag.py:448} INFO - Filling up the DagBag from /home/prathamesh/PycharmProjects/airflow-basic/venv/lib/python3.8/site-packages/airflow/example_dags/example_latest_only_with_trigger.py
[2021-03-31 03:01:34,140] {scheduler_job.py:639} INFO - DAG(s) dict_keys(['latest_only_with_trigger']) retrieved from /home/prathamesh/PycharmProjects/airflow-basic/venv/lib/python3.8/site-packages/airflow/example_dags/example_latest_only_with_trigger.py
[2021-03-31 03:01:34,150] {logging_mixin.py:104} INFO - [2021-03-31 03:01:34,150] {dag.py:1818} INFO - Sync 1 DAGs
[2021-03-31 03:01:34,161] {logging_mixin.py:104} INFO - [2021-03-31 03:01:34,161] {dag.py:2273} INFO - Setting next_dagrun for latest_only_with_trigger to 2021-03-29 00:00:00+00:00
[2021-03-31 03:01:34,165] {scheduler_job.py:190} INFO - Processing /home/prathamesh/PycharmProjects/airflow-basic/venv/lib/python3.8/site-packages/airflow/example_dags/example_latest_only_with_trigger.py took 0.035 seconds
[2021-03-31 03:02:12,306] {scheduler_job.py:182} INFO - Started process (PID=16358) to work on /home/prathamesh/PycharmProjects/airflow-basic/venv/lib/python3.8/site-packages/airflow/example_dags/example_latest_only_with_trigger.py
[2021-03-31 03:02:12,307] {scheduler_job.py:629} INFO - Processing file /home/prathamesh/PycharmProjects/airflow-basic/venv/lib/python3.8/site-packages/airflow/example_dags/example_latest_only_with_trigger.py for tasks to queue
[2021-03-31 03:02:12,308] {logging_mixin.py:104} INFO - [2021-03-31 03:02:12,308] {dagbag.py:448} INFO - Filling up the DagBag from /home/prathamesh/PycharmProjects/airflow-basic/venv/lib/python3.8/site-packages/airflow/example_dags/example_latest_only_with_trigger.py
[2021-03-31 03:02:12,322] {scheduler_job.py:639} INFO - DAG(s) dict_keys(['latest_only_with_trigger']) retrieved from /home/prathamesh/PycharmProjects/airflow-basic/venv/lib/python3.8/site-packages/airflow/example_dags/example_latest_only_with_trigger.py
[2021-03-31 03:02:12,341] {logging_mixin.py:104} INFO - [2021-03-31 03:02:12,341] {dag.py:1818} INFO - Sync 1 DAGs
[2021-03-31 03:02:12,365] {logging_mixin.py:104} INFO - [2021-03-31 03:02:12,365] {dag.py:2273} INFO - Setting next_dagrun for latest_only_with_trigger to 2021-03-29 00:00:00+00:00
[2021-03-31 03:02:12,371] {scheduler_job.py:190} INFO - Processing /home/prathamesh/PycharmProjects/airflow-basic/venv/lib/python3.8/site-packages/airflow/example_dags/example_latest_only_with_trigger.py took 0.069 seconds
[2021-03-31 03:02:50,234] {scheduler_job.py:182} INFO - Started process (PID=16491) to work on /home/prathamesh/PycharmProjects/airflow-basic/venv/lib/python3.8/site-packages/airflow/example_dags/example_latest_only_with_trigger.py
[2021-03-31 03:02:50,235] {scheduler_job.py:629} INFO - Processing file /home/prathamesh/PycharmProjects/airflow-basic/venv/lib/python3.8/site-packages/airflow/example_dags/example_latest_only_with_trigger.py for tasks to queue
[2021-03-31 03:02:50,236] {logging_mixin.py:104} INFO - [2021-03-31 03:02:50,236] {dagbag.py:448} INFO - Filling up the DagBag from /home/prathamesh/PycharmProjects/airflow-basic/venv/lib/python3.8/site-packages/airflow/example_dags/example_latest_only_with_trigger.py
[2021-03-31 03:02:50,248] {scheduler_job.py:639} INFO - DAG(s) dict_keys(['latest_only_with_trigger']) retrieved from /home/prathamesh/PycharmProjects/airflow-basic/venv/lib/python3.8/site-packages/airflow/example_dags/example_latest_only_with_trigger.py
[2021-03-31 03:02:50,261] {logging_mixin.py:104} INFO - [2021-03-31 03:02:50,261] {dag.py:1818} INFO - Sync 1 DAGs
[2021-03-31 03:02:50,273] {logging_mixin.py:104} INFO - [2021-03-31 03:02:50,272] {dag.py:2273} INFO - Setting next_dagrun for latest_only_with_trigger to 2021-03-29 00:00:00+00:00
[2021-03-31 03:02:50,277] {scheduler_job.py:190} INFO - Processing /home/prathamesh/PycharmProjects/airflow-basic/venv/lib/python3.8/site-packages/airflow/example_dags/example_latest_only_with_trigger.py took 0.048 seconds
[2021-03-31 03:03:34,867] {scheduler_job.py:182} INFO - Started process (PID=16625) to work on /home/prathamesh/PycharmProjects/airflow-basic/venv/lib/python3.8/site-packages/airflow/example_dags/example_latest_only_with_trigger.py
[2021-03-31 03:03:34,868] {scheduler_job.py:629} INFO - Processing file /home/prathamesh/PycharmProjects/airflow-basic/venv/lib/python3.8/site-packages/airflow/example_dags/example_latest_only_with_trigger.py for tasks to queue
[2021-03-31 03:03:34,869] {logging_mixin.py:104} INFO - [2021-03-31 03:03:34,869] {dagbag.py:448} INFO - Filling up the DagBag from /home/prathamesh/PycharmProjects/airflow-basic/venv/lib/python3.8/site-packages/airflow/example_dags/example_latest_only_with_trigger.py
[2021-03-31 03:03:34,879] {scheduler_job.py:639} INFO - DAG(s) dict_keys(['latest_only_with_trigger']) retrieved from /home/prathamesh/PycharmProjects/airflow-basic/venv/lib/python3.8/site-packages/airflow/example_dags/example_latest_only_with_trigger.py
[2021-03-31 03:03:34,890] {logging_mixin.py:104} INFO - [2021-03-31 03:03:34,890] {dag.py:1818} INFO - Sync 1 DAGs
[2021-03-31 03:03:34,897] {logging_mixin.py:104} INFO - [2021-03-31 03:03:34,897] {dag.py:2273} INFO - Setting next_dagrun for latest_only_with_trigger to 2021-03-29 00:00:00+00:00
[2021-03-31 03:03:34,902] {scheduler_job.py:190} INFO - Processing /home/prathamesh/PycharmProjects/airflow-basic/venv/lib/python3.8/site-packages/airflow/example_dags/example_latest_only_with_trigger.py took 0.040 seconds
[2021-03-31 03:04:13,028] {scheduler_job.py:182} INFO - Started process (PID=16757) to work on /home/prathamesh/PycharmProjects/airflow-basic/venv/lib/python3.8/site-packages/airflow/example_dags/example_latest_only_with_trigger.py
[2021-03-31 03:04:13,030] {scheduler_job.py:629} INFO - Processing file /home/prathamesh/PycharmProjects/airflow-basic/venv/lib/python3.8/site-packages/airflow/example_dags/example_latest_only_with_trigger.py for tasks to queue
[2021-03-31 03:04:13,030] {logging_mixin.py:104} INFO - [2021-03-31 03:04:13,030] {dagbag.py:448} INFO - Filling up the DagBag from /home/prathamesh/PycharmProjects/airflow-basic/venv/lib/python3.8/site-packages/airflow/example_dags/example_latest_only_with_trigger.py
[2021-03-31 03:04:13,041] {scheduler_job.py:639} INFO - DAG(s) dict_keys(['latest_only_with_trigger']) retrieved from /home/prathamesh/PycharmProjects/airflow-basic/venv/lib/python3.8/site-packages/airflow/example_dags/example_latest_only_with_trigger.py
[2021-03-31 03:04:13,053] {logging_mixin.py:104} INFO - [2021-03-31 03:04:13,053] {dag.py:1818} INFO - Sync 1 DAGs
[2021-03-31 03:04:13,059] {logging_mixin.py:104} INFO - [2021-03-31 03:04:13,059] {dag.py:2273} INFO - Setting next_dagrun for latest_only_with_trigger to 2021-03-29 00:00:00+00:00
[2021-03-31 03:04:13,063] {scheduler_job.py:190} INFO - Processing /home/prathamesh/PycharmProjects/airflow-basic/venv/lib/python3.8/site-packages/airflow/example_dags/example_latest_only_with_trigger.py took 0.039 seconds
[2021-03-31 03:04:53,630] {scheduler_job.py:182} INFO - Started process (PID=16890) to work on /home/prathamesh/PycharmProjects/airflow-basic/venv/lib/python3.8/site-packages/airflow/example_dags/example_latest_only_with_trigger.py
[2021-03-31 03:04:53,631] {scheduler_job.py:629} INFO - Processing file /home/prathamesh/PycharmProjects/airflow-basic/venv/lib/python3.8/site-packages/airflow/example_dags/example_latest_only_with_trigger.py for tasks to queue
[2021-03-31 03:04:53,631] {logging_mixin.py:104} INFO - [2021-03-31 03:04:53,631] {dagbag.py:448} INFO - Filling up the DagBag from /home/prathamesh/PycharmProjects/airflow-basic/venv/lib/python3.8/site-packages/airflow/example_dags/example_latest_only_with_trigger.py
[2021-03-31 03:04:53,638] {scheduler_job.py:639} INFO - DAG(s) dict_keys(['latest_only_with_trigger']) retrieved from /home/prathamesh/PycharmProjects/airflow-basic/venv/lib/python3.8/site-packages/airflow/example_dags/example_latest_only_with_trigger.py
[2021-03-31 03:04:53,681] {logging_mixin.py:104} INFO - [2021-03-31 03:04:53,681] {dag.py:1818} INFO - Sync 1 DAGs
[2021-03-31 03:04:53,731] {logging_mixin.py:104} INFO - [2021-03-31 03:04:53,731] {dag.py:2273} INFO - Setting next_dagrun for latest_only_with_trigger to 2021-03-29 00:00:00+00:00
[2021-03-31 03:04:53,740] {scheduler_job.py:190} INFO - Processing /home/prathamesh/PycharmProjects/airflow-basic/venv/lib/python3.8/site-packages/airflow/example_dags/example_latest_only_with_trigger.py took 0.132 seconds
[2021-03-31 03:05:36,670] {scheduler_job.py:182} INFO - Started process (PID=17029) to work on /home/prathamesh/PycharmProjects/airflow-basic/venv/lib/python3.8/site-packages/airflow/example_dags/example_latest_only_with_trigger.py
[2021-03-31 03:05:36,673] {scheduler_job.py:629} INFO - Processing file /home/prathamesh/PycharmProjects/airflow-basic/venv/lib/python3.8/site-packages/airflow/example_dags/example_latest_only_with_trigger.py for tasks to queue
[2021-03-31 03:05:36,677] {logging_mixin.py:104} INFO - [2021-03-31 03:05:36,676] {dagbag.py:448} INFO - Filling up the DagBag from /home/prathamesh/PycharmProjects/airflow-basic/venv/lib/python3.8/site-packages/airflow/example_dags/example_latest_only_with_trigger.py
[2021-03-31 03:05:36,686] {scheduler_job.py:639} INFO - DAG(s) dict_keys(['latest_only_with_trigger']) retrieved from /home/prathamesh/PycharmProjects/airflow-basic/venv/lib/python3.8/site-packages/airflow/example_dags/example_latest_only_with_trigger.py
[2021-03-31 03:05:36,697] {logging_mixin.py:104} INFO - [2021-03-31 03:05:36,697] {dag.py:1818} INFO - Sync 1 DAGs
[2021-03-31 03:05:36,708] {logging_mixin.py:104} INFO - [2021-03-31 03:05:36,708] {dag.py:2273} INFO - Setting next_dagrun for latest_only_with_trigger to 2021-03-29 00:00:00+00:00
[2021-03-31 03:05:36,712] {scheduler_job.py:190} INFO - Processing /home/prathamesh/PycharmProjects/airflow-basic/venv/lib/python3.8/site-packages/airflow/example_dags/example_latest_only_with_trigger.py took 0.048 seconds
[2021-03-31 03:06:16,803] {scheduler_job.py:182} INFO - Started process (PID=17168) to work on /home/prathamesh/PycharmProjects/airflow-basic/venv/lib/python3.8/site-packages/airflow/example_dags/example_latest_only_with_trigger.py
[2021-03-31 03:06:16,810] {scheduler_job.py:629} INFO - Processing file /home/prathamesh/PycharmProjects/airflow-basic/venv/lib/python3.8/site-packages/airflow/example_dags/example_latest_only_with_trigger.py for tasks to queue
[2021-03-31 03:06:16,810] {logging_mixin.py:104} INFO - [2021-03-31 03:06:16,810] {dagbag.py:448} INFO - Filling up the DagBag from /home/prathamesh/PycharmProjects/airflow-basic/venv/lib/python3.8/site-packages/airflow/example_dags/example_latest_only_with_trigger.py
[2021-03-31 03:06:16,819] {scheduler_job.py:639} INFO - DAG(s) dict_keys(['latest_only_with_trigger']) retrieved from /home/prathamesh/PycharmProjects/airflow-basic/venv/lib/python3.8/site-packages/airflow/example_dags/example_latest_only_with_trigger.py
[2021-03-31 03:06:16,827] {logging_mixin.py:104} INFO - [2021-03-31 03:06:16,827] {dag.py:1818} INFO - Sync 1 DAGs
[2021-03-31 03:06:16,834] {logging_mixin.py:104} INFO - [2021-03-31 03:06:16,834] {dag.py:2273} INFO - Setting next_dagrun for latest_only_with_trigger to 2021-03-29 00:00:00+00:00
[2021-03-31 03:06:16,839] {scheduler_job.py:190} INFO - Processing /home/prathamesh/PycharmProjects/airflow-basic/venv/lib/python3.8/site-packages/airflow/example_dags/example_latest_only_with_trigger.py took 0.039 seconds
[2021-03-31 03:06:54,559] {scheduler_job.py:182} INFO - Started process (PID=17299) to work on /home/prathamesh/PycharmProjects/airflow-basic/venv/lib/python3.8/site-packages/airflow/example_dags/example_latest_only_with_trigger.py
[2021-03-31 03:06:54,576] {scheduler_job.py:629} INFO - Processing file /home/prathamesh/PycharmProjects/airflow-basic/venv/lib/python3.8/site-packages/airflow/example_dags/example_latest_only_with_trigger.py for tasks to queue
[2021-03-31 03:06:54,576] {logging_mixin.py:104} INFO - [2021-03-31 03:06:54,576] {dagbag.py:448} INFO - Filling up the DagBag from /home/prathamesh/PycharmProjects/airflow-basic/venv/lib/python3.8/site-packages/airflow/example_dags/example_latest_only_with_trigger.py
[2021-03-31 03:06:54,583] {scheduler_job.py:639} INFO - DAG(s) dict_keys(['latest_only_with_trigger']) retrieved from /home/prathamesh/PycharmProjects/airflow-basic/venv/lib/python3.8/site-packages/airflow/example_dags/example_latest_only_with_trigger.py
[2021-03-31 03:06:54,602] {logging_mixin.py:104} INFO - [2021-03-31 03:06:54,602] {dag.py:1818} INFO - Sync 1 DAGs
[2021-03-31 03:06:54,620] {logging_mixin.py:104} INFO - [2021-03-31 03:06:54,620] {dag.py:2273} INFO - Setting next_dagrun for latest_only_with_trigger to 2021-03-29 00:00:00+00:00
[2021-03-31 03:06:54,624] {scheduler_job.py:190} INFO - Processing /home/prathamesh/PycharmProjects/airflow-basic/venv/lib/python3.8/site-packages/airflow/example_dags/example_latest_only_with_trigger.py took 0.067 seconds
[2021-03-31 03:07:33,476] {scheduler_job.py:182} INFO - Started process (PID=17434) to work on /home/prathamesh/PycharmProjects/airflow-basic/venv/lib/python3.8/site-packages/airflow/example_dags/example_latest_only_with_trigger.py
[2021-03-31 03:07:33,478] {scheduler_job.py:629} INFO - Processing file /home/prathamesh/PycharmProjects/airflow-basic/venv/lib/python3.8/site-packages/airflow/example_dags/example_latest_only_with_trigger.py for tasks to queue
[2021-03-31 03:07:33,479] {logging_mixin.py:104} INFO - [2021-03-31 03:07:33,479] {dagbag.py:448} INFO - Filling up the DagBag from /home/prathamesh/PycharmProjects/airflow-basic/venv/lib/python3.8/site-packages/airflow/example_dags/example_latest_only_with_trigger.py
[2021-03-31 03:07:33,487] {scheduler_job.py:639} INFO - DAG(s) dict_keys(['latest_only_with_trigger']) retrieved from /home/prathamesh/PycharmProjects/airflow-basic/venv/lib/python3.8/site-packages/airflow/example_dags/example_latest_only_with_trigger.py
[2021-03-31 03:07:33,496] {logging_mixin.py:104} INFO - [2021-03-31 03:07:33,495] {dag.py:1818} INFO - Sync 1 DAGs
[2021-03-31 03:07:33,502] {logging_mixin.py:104} INFO - [2021-03-31 03:07:33,502] {dag.py:2273} INFO - Setting next_dagrun for latest_only_with_trigger to 2021-03-29 00:00:00+00:00
[2021-03-31 03:07:33,506] {scheduler_job.py:190} INFO - Processing /home/prathamesh/PycharmProjects/airflow-basic/venv/lib/python3.8/site-packages/airflow/example_dags/example_latest_only_with_trigger.py took 0.032 seconds
[2021-03-31 03:08:12,789] {scheduler_job.py:182} INFO - Started process (PID=17579) to work on /home/prathamesh/PycharmProjects/airflow-basic/venv/lib/python3.8/site-packages/airflow/example_dags/example_latest_only_with_trigger.py
[2021-03-31 03:08:12,794] {scheduler_job.py:629} INFO - Processing file /home/prathamesh/PycharmProjects/airflow-basic/venv/lib/python3.8/site-packages/airflow/example_dags/example_latest_only_with_trigger.py for tasks to queue
[2021-03-31 03:08:12,796] {logging_mixin.py:104} INFO - [2021-03-31 03:08:12,796] {dagbag.py:448} INFO - Filling up the DagBag from /home/prathamesh/PycharmProjects/airflow-basic/venv/lib/python3.8/site-packages/airflow/example_dags/example_latest_only_with_trigger.py
[2021-03-31 03:08:12,807] {scheduler_job.py:639} INFO - DAG(s) dict_keys(['latest_only_with_trigger']) retrieved from /home/prathamesh/PycharmProjects/airflow-basic/venv/lib/python3.8/site-packages/airflow/example_dags/example_latest_only_with_trigger.py
[2021-03-31 03:08:12,819] {logging_mixin.py:104} INFO - [2021-03-31 03:08:12,819] {dag.py:1818} INFO - Sync 1 DAGs
[2021-03-31 03:08:12,829] {logging_mixin.py:104} INFO - [2021-03-31 03:08:12,829] {dag.py:2273} INFO - Setting next_dagrun for latest_only_with_trigger to 2021-03-29 00:00:00+00:00
[2021-03-31 03:08:12,837] {scheduler_job.py:190} INFO - Processing /home/prathamesh/PycharmProjects/airflow-basic/venv/lib/python3.8/site-packages/airflow/example_dags/example_latest_only_with_trigger.py took 0.050 seconds
