[2021-03-31 01:48:17,853] {scheduler_job.py:182} INFO - Started process (PID=12552) to work on /home/prathamesh/PycharmProjects/airflow-basic/venv/lib/python3.8/site-packages/airflow/example_dags/example_dag_decorator.py
[2021-03-31 01:48:17,855] {scheduler_job.py:629} INFO - Processing file /home/prathamesh/PycharmProjects/airflow-basic/venv/lib/python3.8/site-packages/airflow/example_dags/example_dag_decorator.py for tasks to queue
[2021-03-31 01:48:17,856] {logging_mixin.py:104} INFO - [2021-03-31 01:48:17,856] {dagbag.py:448} INFO - Filling up the DagBag from /home/prathamesh/PycharmProjects/airflow-basic/venv/lib/python3.8/site-packages/airflow/example_dags/example_dag_decorator.py
[2021-03-31 01:48:17,925] {scheduler_job.py:639} INFO - DAG(s) dict_keys(['example_dag_decorator']) retrieved from /home/prathamesh/PycharmProjects/airflow-basic/venv/lib/python3.8/site-packages/airflow/example_dags/example_dag_decorator.py
[2021-03-31 01:48:18,002] {logging_mixin.py:104} INFO - [2021-03-31 01:48:18,002] {dag.py:1818} INFO - Sync 1 DAGs
[2021-03-31 01:48:18,053] {logging_mixin.py:104} INFO - [2021-03-31 01:48:18,053] {dag.py:2273} INFO - Setting next_dagrun for example_dag_decorator to None
[2021-03-31 01:48:18,125] {scheduler_job.py:190} INFO - Processing /home/prathamesh/PycharmProjects/airflow-basic/venv/lib/python3.8/site-packages/airflow/example_dags/example_dag_decorator.py took 0.276 seconds
[2021-03-31 01:49:11,783] {scheduler_job.py:182} INFO - Started process (PID=12632) to work on /home/prathamesh/PycharmProjects/airflow-basic/venv/lib/python3.8/site-packages/airflow/example_dags/example_dag_decorator.py
[2021-03-31 01:49:11,784] {scheduler_job.py:629} INFO - Processing file /home/prathamesh/PycharmProjects/airflow-basic/venv/lib/python3.8/site-packages/airflow/example_dags/example_dag_decorator.py for tasks to queue
[2021-03-31 01:49:11,784] {logging_mixin.py:104} INFO - [2021-03-31 01:49:11,784] {dagbag.py:448} INFO - Filling up the DagBag from /home/prathamesh/PycharmProjects/airflow-basic/venv/lib/python3.8/site-packages/airflow/example_dags/example_dag_decorator.py
[2021-03-31 01:49:11,800] {scheduler_job.py:639} INFO - DAG(s) dict_keys(['example_dag_decorator']) retrieved from /home/prathamesh/PycharmProjects/airflow-basic/venv/lib/python3.8/site-packages/airflow/example_dags/example_dag_decorator.py
[2021-03-31 01:49:11,821] {logging_mixin.py:104} INFO - [2021-03-31 01:49:11,821] {dag.py:1818} INFO - Sync 1 DAGs
[2021-03-31 01:49:11,844] {logging_mixin.py:104} INFO - [2021-03-31 01:49:11,844] {dag.py:2273} INFO - Setting next_dagrun for example_dag_decorator to None
[2021-03-31 01:49:11,866] {scheduler_job.py:190} INFO - Processing /home/prathamesh/PycharmProjects/airflow-basic/venv/lib/python3.8/site-packages/airflow/example_dags/example_dag_decorator.py took 0.088 seconds
[2021-03-31 01:49:50,320] {scheduler_job.py:182} INFO - Started process (PID=12670) to work on /home/prathamesh/PycharmProjects/airflow-basic/venv/lib/python3.8/site-packages/airflow/example_dags/example_dag_decorator.py
[2021-03-31 01:49:50,321] {scheduler_job.py:629} INFO - Processing file /home/prathamesh/PycharmProjects/airflow-basic/venv/lib/python3.8/site-packages/airflow/example_dags/example_dag_decorator.py for tasks to queue
[2021-03-31 01:49:50,322] {logging_mixin.py:104} INFO - [2021-03-31 01:49:50,322] {dagbag.py:448} INFO - Filling up the DagBag from /home/prathamesh/PycharmProjects/airflow-basic/venv/lib/python3.8/site-packages/airflow/example_dags/example_dag_decorator.py
[2021-03-31 01:49:50,339] {scheduler_job.py:639} INFO - DAG(s) dict_keys(['example_dag_decorator']) retrieved from /home/prathamesh/PycharmProjects/airflow-basic/venv/lib/python3.8/site-packages/airflow/example_dags/example_dag_decorator.py
[2021-03-31 01:49:50,356] {logging_mixin.py:104} INFO - [2021-03-31 01:49:50,356] {dag.py:1818} INFO - Sync 1 DAGs
[2021-03-31 01:49:50,372] {logging_mixin.py:104} INFO - [2021-03-31 01:49:50,372] {dag.py:2273} INFO - Setting next_dagrun for example_dag_decorator to None
[2021-03-31 01:49:50,403] {scheduler_job.py:190} INFO - Processing /home/prathamesh/PycharmProjects/airflow-basic/venv/lib/python3.8/site-packages/airflow/example_dags/example_dag_decorator.py took 0.087 seconds
[2021-03-31 01:50:27,434] {scheduler_job.py:182} INFO - Started process (PID=12702) to work on /home/prathamesh/PycharmProjects/airflow-basic/venv/lib/python3.8/site-packages/airflow/example_dags/example_dag_decorator.py
[2021-03-31 01:50:27,435] {scheduler_job.py:629} INFO - Processing file /home/prathamesh/PycharmProjects/airflow-basic/venv/lib/python3.8/site-packages/airflow/example_dags/example_dag_decorator.py for tasks to queue
[2021-03-31 01:50:27,435] {logging_mixin.py:104} INFO - [2021-03-31 01:50:27,435] {dagbag.py:448} INFO - Filling up the DagBag from /home/prathamesh/PycharmProjects/airflow-basic/venv/lib/python3.8/site-packages/airflow/example_dags/example_dag_decorator.py
[2021-03-31 01:50:27,451] {scheduler_job.py:639} INFO - DAG(s) dict_keys(['example_dag_decorator']) retrieved from /home/prathamesh/PycharmProjects/airflow-basic/venv/lib/python3.8/site-packages/airflow/example_dags/example_dag_decorator.py
[2021-03-31 01:50:27,473] {logging_mixin.py:104} INFO - [2021-03-31 01:50:27,473] {dag.py:1818} INFO - Sync 1 DAGs
[2021-03-31 01:50:27,492] {logging_mixin.py:104} INFO - [2021-03-31 01:50:27,492] {dag.py:2273} INFO - Setting next_dagrun for example_dag_decorator to None
[2021-03-31 01:50:27,514] {scheduler_job.py:190} INFO - Processing /home/prathamesh/PycharmProjects/airflow-basic/venv/lib/python3.8/site-packages/airflow/example_dags/example_dag_decorator.py took 0.084 seconds
[2021-03-31 01:52:50,006] {scheduler_job.py:182} INFO - Started process (PID=12780) to work on /home/prathamesh/PycharmProjects/airflow-basic/venv/lib/python3.8/site-packages/airflow/example_dags/example_dag_decorator.py
[2021-03-31 01:52:50,007] {scheduler_job.py:629} INFO - Processing file /home/prathamesh/PycharmProjects/airflow-basic/venv/lib/python3.8/site-packages/airflow/example_dags/example_dag_decorator.py for tasks to queue
[2021-03-31 01:52:50,008] {logging_mixin.py:104} INFO - [2021-03-31 01:52:50,007] {dagbag.py:448} INFO - Filling up the DagBag from /home/prathamesh/PycharmProjects/airflow-basic/venv/lib/python3.8/site-packages/airflow/example_dags/example_dag_decorator.py
[2021-03-31 01:52:50,032] {scheduler_job.py:639} INFO - DAG(s) dict_keys(['example_dag_decorator']) retrieved from /home/prathamesh/PycharmProjects/airflow-basic/venv/lib/python3.8/site-packages/airflow/example_dags/example_dag_decorator.py
[2021-03-31 01:52:50,080] {logging_mixin.py:104} INFO - [2021-03-31 01:52:50,080] {dag.py:1818} INFO - Sync 1 DAGs
[2021-03-31 01:52:50,116] {logging_mixin.py:104} INFO - [2021-03-31 01:52:50,116] {dag.py:2273} INFO - Setting next_dagrun for example_dag_decorator to None
[2021-03-31 01:52:50,147] {scheduler_job.py:190} INFO - Processing /home/prathamesh/PycharmProjects/airflow-basic/venv/lib/python3.8/site-packages/airflow/example_dags/example_dag_decorator.py took 0.157 seconds
[2021-03-31 01:53:34,394] {scheduler_job.py:182} INFO - Started process (PID=12824) to work on /home/prathamesh/PycharmProjects/airflow-basic/venv/lib/python3.8/site-packages/airflow/example_dags/example_dag_decorator.py
[2021-03-31 01:53:34,396] {scheduler_job.py:629} INFO - Processing file /home/prathamesh/PycharmProjects/airflow-basic/venv/lib/python3.8/site-packages/airflow/example_dags/example_dag_decorator.py for tasks to queue
[2021-03-31 01:53:34,400] {logging_mixin.py:104} INFO - [2021-03-31 01:53:34,400] {dagbag.py:448} INFO - Filling up the DagBag from /home/prathamesh/PycharmProjects/airflow-basic/venv/lib/python3.8/site-packages/airflow/example_dags/example_dag_decorator.py
[2021-03-31 01:53:34,427] {scheduler_job.py:639} INFO - DAG(s) dict_keys(['example_dag_decorator']) retrieved from /home/prathamesh/PycharmProjects/airflow-basic/venv/lib/python3.8/site-packages/airflow/example_dags/example_dag_decorator.py
[2021-03-31 01:53:34,456] {logging_mixin.py:104} INFO - [2021-03-31 01:53:34,455] {dag.py:1818} INFO - Sync 1 DAGs
[2021-03-31 01:53:34,474] {logging_mixin.py:104} INFO - [2021-03-31 01:53:34,474] {dag.py:2273} INFO - Setting next_dagrun for example_dag_decorator to None
[2021-03-31 01:53:34,501] {scheduler_job.py:190} INFO - Processing /home/prathamesh/PycharmProjects/airflow-basic/venv/lib/python3.8/site-packages/airflow/example_dags/example_dag_decorator.py took 0.111 seconds
[2021-03-31 01:54:15,524] {scheduler_job.py:182} INFO - Started process (PID=12882) to work on /home/prathamesh/PycharmProjects/airflow-basic/venv/lib/python3.8/site-packages/airflow/example_dags/example_dag_decorator.py
[2021-03-31 01:54:15,525] {scheduler_job.py:629} INFO - Processing file /home/prathamesh/PycharmProjects/airflow-basic/venv/lib/python3.8/site-packages/airflow/example_dags/example_dag_decorator.py for tasks to queue
[2021-03-31 01:54:15,525] {logging_mixin.py:104} INFO - [2021-03-31 01:54:15,525] {dagbag.py:448} INFO - Filling up the DagBag from /home/prathamesh/PycharmProjects/airflow-basic/venv/lib/python3.8/site-packages/airflow/example_dags/example_dag_decorator.py
[2021-03-31 01:54:15,558] {scheduler_job.py:639} INFO - DAG(s) dict_keys(['example_dag_decorator']) retrieved from /home/prathamesh/PycharmProjects/airflow-basic/venv/lib/python3.8/site-packages/airflow/example_dags/example_dag_decorator.py
[2021-03-31 01:54:15,582] {logging_mixin.py:104} INFO - [2021-03-31 01:54:15,582] {dag.py:1818} INFO - Sync 1 DAGs
[2021-03-31 01:54:15,604] {logging_mixin.py:104} INFO - [2021-03-31 01:54:15,604] {dag.py:2273} INFO - Setting next_dagrun for example_dag_decorator to None
[2021-03-31 01:54:15,624] {scheduler_job.py:190} INFO - Processing /home/prathamesh/PycharmProjects/airflow-basic/venv/lib/python3.8/site-packages/airflow/example_dags/example_dag_decorator.py took 0.104 seconds
[2021-03-31 01:54:57,274] {scheduler_job.py:182} INFO - Started process (PID=12927) to work on /home/prathamesh/PycharmProjects/airflow-basic/venv/lib/python3.8/site-packages/airflow/example_dags/example_dag_decorator.py
[2021-03-31 01:54:57,287] {scheduler_job.py:629} INFO - Processing file /home/prathamesh/PycharmProjects/airflow-basic/venv/lib/python3.8/site-packages/airflow/example_dags/example_dag_decorator.py for tasks to queue
[2021-03-31 01:54:57,306] {logging_mixin.py:104} INFO - [2021-03-31 01:54:57,306] {dagbag.py:448} INFO - Filling up the DagBag from /home/prathamesh/PycharmProjects/airflow-basic/venv/lib/python3.8/site-packages/airflow/example_dags/example_dag_decorator.py
[2021-03-31 01:54:57,410] {scheduler_job.py:639} INFO - DAG(s) dict_keys(['example_dag_decorator']) retrieved from /home/prathamesh/PycharmProjects/airflow-basic/venv/lib/python3.8/site-packages/airflow/example_dags/example_dag_decorator.py
[2021-03-31 01:54:57,478] {logging_mixin.py:104} INFO - [2021-03-31 01:54:57,478] {dag.py:1818} INFO - Sync 1 DAGs
[2021-03-31 01:54:57,553] {logging_mixin.py:104} INFO - [2021-03-31 01:54:57,553] {dag.py:2273} INFO - Setting next_dagrun for example_dag_decorator to None
[2021-03-31 01:54:57,636] {scheduler_job.py:190} INFO - Processing /home/prathamesh/PycharmProjects/airflow-basic/venv/lib/python3.8/site-packages/airflow/example_dags/example_dag_decorator.py took 0.391 seconds
[2021-03-31 01:55:42,324] {scheduler_job.py:182} INFO - Started process (PID=12987) to work on /home/prathamesh/PycharmProjects/airflow-basic/venv/lib/python3.8/site-packages/airflow/example_dags/example_dag_decorator.py
[2021-03-31 01:55:42,341] {scheduler_job.py:629} INFO - Processing file /home/prathamesh/PycharmProjects/airflow-basic/venv/lib/python3.8/site-packages/airflow/example_dags/example_dag_decorator.py for tasks to queue
[2021-03-31 01:55:42,342] {logging_mixin.py:104} INFO - [2021-03-31 01:55:42,342] {dagbag.py:448} INFO - Filling up the DagBag from /home/prathamesh/PycharmProjects/airflow-basic/venv/lib/python3.8/site-packages/airflow/example_dags/example_dag_decorator.py
[2021-03-31 01:55:42,392] {scheduler_job.py:639} INFO - DAG(s) dict_keys(['example_dag_decorator']) retrieved from /home/prathamesh/PycharmProjects/airflow-basic/venv/lib/python3.8/site-packages/airflow/example_dags/example_dag_decorator.py
[2021-03-31 01:55:42,464] {logging_mixin.py:104} INFO - [2021-03-31 01:55:42,464] {dag.py:1818} INFO - Sync 1 DAGs
[2021-03-31 01:55:42,494] {logging_mixin.py:104} INFO - [2021-03-31 01:55:42,494] {dag.py:2273} INFO - Setting next_dagrun for example_dag_decorator to None
[2021-03-31 01:55:42,530] {scheduler_job.py:190} INFO - Processing /home/prathamesh/PycharmProjects/airflow-basic/venv/lib/python3.8/site-packages/airflow/example_dags/example_dag_decorator.py took 0.226 seconds
[2021-03-31 01:56:20,769] {scheduler_job.py:182} INFO - Started process (PID=13047) to work on /home/prathamesh/PycharmProjects/airflow-basic/venv/lib/python3.8/site-packages/airflow/example_dags/example_dag_decorator.py
[2021-03-31 01:56:20,772] {scheduler_job.py:629} INFO - Processing file /home/prathamesh/PycharmProjects/airflow-basic/venv/lib/python3.8/site-packages/airflow/example_dags/example_dag_decorator.py for tasks to queue
[2021-03-31 01:56:20,776] {logging_mixin.py:104} INFO - [2021-03-31 01:56:20,775] {dagbag.py:448} INFO - Filling up the DagBag from /home/prathamesh/PycharmProjects/airflow-basic/venv/lib/python3.8/site-packages/airflow/example_dags/example_dag_decorator.py
[2021-03-31 01:56:20,800] {scheduler_job.py:639} INFO - DAG(s) dict_keys(['example_dag_decorator']) retrieved from /home/prathamesh/PycharmProjects/airflow-basic/venv/lib/python3.8/site-packages/airflow/example_dags/example_dag_decorator.py
[2021-03-31 01:56:20,928] {logging_mixin.py:104} INFO - [2021-03-31 01:56:20,928] {dag.py:1818} INFO - Sync 1 DAGs
[2021-03-31 01:56:21,062] {logging_mixin.py:104} INFO - [2021-03-31 01:56:21,062] {dag.py:2273} INFO - Setting next_dagrun for example_dag_decorator to None
[2021-03-31 01:56:21,177] {scheduler_job.py:190} INFO - Processing /home/prathamesh/PycharmProjects/airflow-basic/venv/lib/python3.8/site-packages/airflow/example_dags/example_dag_decorator.py took 0.414 seconds
[2021-03-31 01:57:07,959] {scheduler_job.py:182} INFO - Started process (PID=13089) to work on /home/prathamesh/PycharmProjects/airflow-basic/venv/lib/python3.8/site-packages/airflow/example_dags/example_dag_decorator.py
[2021-03-31 01:57:07,961] {scheduler_job.py:629} INFO - Processing file /home/prathamesh/PycharmProjects/airflow-basic/venv/lib/python3.8/site-packages/airflow/example_dags/example_dag_decorator.py for tasks to queue
[2021-03-31 01:57:07,961] {logging_mixin.py:104} INFO - [2021-03-31 01:57:07,961] {dagbag.py:448} INFO - Filling up the DagBag from /home/prathamesh/PycharmProjects/airflow-basic/venv/lib/python3.8/site-packages/airflow/example_dags/example_dag_decorator.py
[2021-03-31 01:57:07,979] {scheduler_job.py:639} INFO - DAG(s) dict_keys(['example_dag_decorator']) retrieved from /home/prathamesh/PycharmProjects/airflow-basic/venv/lib/python3.8/site-packages/airflow/example_dags/example_dag_decorator.py
[2021-03-31 01:57:08,003] {logging_mixin.py:104} INFO - [2021-03-31 01:57:08,003] {dag.py:1818} INFO - Sync 1 DAGs
[2021-03-31 01:57:08,017] {logging_mixin.py:104} INFO - [2021-03-31 01:57:08,017] {dag.py:2273} INFO - Setting next_dagrun for example_dag_decorator to None
[2021-03-31 01:57:08,039] {scheduler_job.py:190} INFO - Processing /home/prathamesh/PycharmProjects/airflow-basic/venv/lib/python3.8/site-packages/airflow/example_dags/example_dag_decorator.py took 0.083 seconds
[2021-03-31 01:57:46,413] {scheduler_job.py:182} INFO - Started process (PID=13134) to work on /home/prathamesh/PycharmProjects/airflow-basic/venv/lib/python3.8/site-packages/airflow/example_dags/example_dag_decorator.py
[2021-03-31 01:57:46,414] {scheduler_job.py:629} INFO - Processing file /home/prathamesh/PycharmProjects/airflow-basic/venv/lib/python3.8/site-packages/airflow/example_dags/example_dag_decorator.py for tasks to queue
[2021-03-31 01:57:46,415] {logging_mixin.py:104} INFO - [2021-03-31 01:57:46,415] {dagbag.py:448} INFO - Filling up the DagBag from /home/prathamesh/PycharmProjects/airflow-basic/venv/lib/python3.8/site-packages/airflow/example_dags/example_dag_decorator.py
[2021-03-31 01:57:46,488] {scheduler_job.py:639} INFO - DAG(s) dict_keys(['example_dag_decorator']) retrieved from /home/prathamesh/PycharmProjects/airflow-basic/venv/lib/python3.8/site-packages/airflow/example_dags/example_dag_decorator.py
[2021-03-31 01:57:46,589] {logging_mixin.py:104} INFO - [2021-03-31 01:57:46,589] {dag.py:1818} INFO - Sync 1 DAGs
[2021-03-31 01:57:46,639] {logging_mixin.py:104} INFO - [2021-03-31 01:57:46,639] {dag.py:2273} INFO - Setting next_dagrun for example_dag_decorator to None
[2021-03-31 01:57:46,700] {scheduler_job.py:190} INFO - Processing /home/prathamesh/PycharmProjects/airflow-basic/venv/lib/python3.8/site-packages/airflow/example_dags/example_dag_decorator.py took 0.308 seconds
[2021-03-31 02:51:43,200] {scheduler_job.py:182} INFO - Started process (PID=13757) to work on /home/prathamesh/PycharmProjects/airflow-basic/venv/lib/python3.8/site-packages/airflow/example_dags/example_dag_decorator.py
[2021-03-31 02:51:43,201] {scheduler_job.py:629} INFO - Processing file /home/prathamesh/PycharmProjects/airflow-basic/venv/lib/python3.8/site-packages/airflow/example_dags/example_dag_decorator.py for tasks to queue
[2021-03-31 02:51:43,201] {logging_mixin.py:104} INFO - [2021-03-31 02:51:43,201] {dagbag.py:448} INFO - Filling up the DagBag from /home/prathamesh/PycharmProjects/airflow-basic/venv/lib/python3.8/site-packages/airflow/example_dags/example_dag_decorator.py
[2021-03-31 02:51:43,222] {scheduler_job.py:639} INFO - DAG(s) dict_keys(['example_dag_decorator']) retrieved from /home/prathamesh/PycharmProjects/airflow-basic/venv/lib/python3.8/site-packages/airflow/example_dags/example_dag_decorator.py
[2021-03-31 02:51:43,233] {logging_mixin.py:104} INFO - [2021-03-31 02:51:43,233] {dag.py:1818} INFO - Sync 1 DAGs
[2021-03-31 02:51:43,240] {logging_mixin.py:104} INFO - [2021-03-31 02:51:43,240] {dag.py:2273} INFO - Setting next_dagrun for example_dag_decorator to None
[2021-03-31 02:51:43,263] {scheduler_job.py:190} INFO - Processing /home/prathamesh/PycharmProjects/airflow-basic/venv/lib/python3.8/site-packages/airflow/example_dags/example_dag_decorator.py took 0.065 seconds
[2021-03-31 02:52:21,245] {scheduler_job.py:182} INFO - Started process (PID=13930) to work on /home/prathamesh/PycharmProjects/airflow-basic/venv/lib/python3.8/site-packages/airflow/example_dags/example_dag_decorator.py
[2021-03-31 02:52:21,245] {scheduler_job.py:629} INFO - Processing file /home/prathamesh/PycharmProjects/airflow-basic/venv/lib/python3.8/site-packages/airflow/example_dags/example_dag_decorator.py for tasks to queue
[2021-03-31 02:52:21,246] {logging_mixin.py:104} INFO - [2021-03-31 02:52:21,246] {dagbag.py:448} INFO - Filling up the DagBag from /home/prathamesh/PycharmProjects/airflow-basic/venv/lib/python3.8/site-packages/airflow/example_dags/example_dag_decorator.py
[2021-03-31 02:52:21,256] {scheduler_job.py:639} INFO - DAG(s) dict_keys(['example_dag_decorator']) retrieved from /home/prathamesh/PycharmProjects/airflow-basic/venv/lib/python3.8/site-packages/airflow/example_dags/example_dag_decorator.py
[2021-03-31 02:52:21,267] {logging_mixin.py:104} INFO - [2021-03-31 02:52:21,267] {dag.py:1818} INFO - Sync 1 DAGs
[2021-03-31 02:52:21,277] {logging_mixin.py:104} INFO - [2021-03-31 02:52:21,277] {dag.py:2273} INFO - Setting next_dagrun for example_dag_decorator to None
[2021-03-31 02:52:21,290] {scheduler_job.py:190} INFO - Processing /home/prathamesh/PycharmProjects/airflow-basic/venv/lib/python3.8/site-packages/airflow/example_dags/example_dag_decorator.py took 0.047 seconds
[2021-03-31 02:52:56,365] {scheduler_job.py:182} INFO - Started process (PID=14061) to work on /home/prathamesh/PycharmProjects/airflow-basic/venv/lib/python3.8/site-packages/airflow/example_dags/example_dag_decorator.py
[2021-03-31 02:52:56,367] {scheduler_job.py:629} INFO - Processing file /home/prathamesh/PycharmProjects/airflow-basic/venv/lib/python3.8/site-packages/airflow/example_dags/example_dag_decorator.py for tasks to queue
[2021-03-31 02:52:56,368] {logging_mixin.py:104} INFO - [2021-03-31 02:52:56,368] {dagbag.py:448} INFO - Filling up the DagBag from /home/prathamesh/PycharmProjects/airflow-basic/venv/lib/python3.8/site-packages/airflow/example_dags/example_dag_decorator.py
[2021-03-31 02:52:56,380] {scheduler_job.py:639} INFO - DAG(s) dict_keys(['example_dag_decorator']) retrieved from /home/prathamesh/PycharmProjects/airflow-basic/venv/lib/python3.8/site-packages/airflow/example_dags/example_dag_decorator.py
[2021-03-31 02:52:56,390] {logging_mixin.py:104} INFO - [2021-03-31 02:52:56,390] {dag.py:1818} INFO - Sync 1 DAGs
[2021-03-31 02:52:56,396] {logging_mixin.py:104} INFO - [2021-03-31 02:52:56,396] {dag.py:2273} INFO - Setting next_dagrun for example_dag_decorator to None
[2021-03-31 02:52:56,410] {scheduler_job.py:190} INFO - Processing /home/prathamesh/PycharmProjects/airflow-basic/venv/lib/python3.8/site-packages/airflow/example_dags/example_dag_decorator.py took 0.047 seconds
[2021-03-31 02:53:29,105] {scheduler_job.py:182} INFO - Started process (PID=14184) to work on /home/prathamesh/PycharmProjects/airflow-basic/venv/lib/python3.8/site-packages/airflow/example_dags/example_dag_decorator.py
[2021-03-31 02:53:29,105] {scheduler_job.py:629} INFO - Processing file /home/prathamesh/PycharmProjects/airflow-basic/venv/lib/python3.8/site-packages/airflow/example_dags/example_dag_decorator.py for tasks to queue
[2021-03-31 02:53:29,106] {logging_mixin.py:104} INFO - [2021-03-31 02:53:29,106] {dagbag.py:448} INFO - Filling up the DagBag from /home/prathamesh/PycharmProjects/airflow-basic/venv/lib/python3.8/site-packages/airflow/example_dags/example_dag_decorator.py
[2021-03-31 02:53:29,115] {scheduler_job.py:639} INFO - DAG(s) dict_keys(['example_dag_decorator']) retrieved from /home/prathamesh/PycharmProjects/airflow-basic/venv/lib/python3.8/site-packages/airflow/example_dags/example_dag_decorator.py
[2021-03-31 02:53:29,125] {logging_mixin.py:104} INFO - [2021-03-31 02:53:29,125] {dag.py:1818} INFO - Sync 1 DAGs
[2021-03-31 02:53:29,133] {logging_mixin.py:104} INFO - [2021-03-31 02:53:29,133] {dag.py:2273} INFO - Setting next_dagrun for example_dag_decorator to None
[2021-03-31 02:53:29,147] {scheduler_job.py:190} INFO - Processing /home/prathamesh/PycharmProjects/airflow-basic/venv/lib/python3.8/site-packages/airflow/example_dags/example_dag_decorator.py took 0.045 seconds
[2021-03-31 02:54:08,439] {scheduler_job.py:182} INFO - Started process (PID=14327) to work on /home/prathamesh/PycharmProjects/airflow-basic/venv/lib/python3.8/site-packages/airflow/example_dags/example_dag_decorator.py
[2021-03-31 02:54:08,447] {scheduler_job.py:629} INFO - Processing file /home/prathamesh/PycharmProjects/airflow-basic/venv/lib/python3.8/site-packages/airflow/example_dags/example_dag_decorator.py for tasks to queue
[2021-03-31 02:54:08,447] {logging_mixin.py:104} INFO - [2021-03-31 02:54:08,447] {dagbag.py:448} INFO - Filling up the DagBag from /home/prathamesh/PycharmProjects/airflow-basic/venv/lib/python3.8/site-packages/airflow/example_dags/example_dag_decorator.py
[2021-03-31 02:54:08,477] {scheduler_job.py:639} INFO - DAG(s) dict_keys(['example_dag_decorator']) retrieved from /home/prathamesh/PycharmProjects/airflow-basic/venv/lib/python3.8/site-packages/airflow/example_dags/example_dag_decorator.py
[2021-03-31 02:54:08,510] {logging_mixin.py:104} INFO - [2021-03-31 02:54:08,510] {dag.py:1818} INFO - Sync 1 DAGs
[2021-03-31 02:54:08,523] {logging_mixin.py:104} INFO - [2021-03-31 02:54:08,523] {dag.py:2273} INFO - Setting next_dagrun for example_dag_decorator to None
[2021-03-31 02:54:08,553] {scheduler_job.py:190} INFO - Processing /home/prathamesh/PycharmProjects/airflow-basic/venv/lib/python3.8/site-packages/airflow/example_dags/example_dag_decorator.py took 0.116 seconds
[2021-03-31 02:54:46,584] {scheduler_job.py:182} INFO - Started process (PID=14462) to work on /home/prathamesh/PycharmProjects/airflow-basic/venv/lib/python3.8/site-packages/airflow/example_dags/example_dag_decorator.py
[2021-03-31 02:54:46,585] {scheduler_job.py:629} INFO - Processing file /home/prathamesh/PycharmProjects/airflow-basic/venv/lib/python3.8/site-packages/airflow/example_dags/example_dag_decorator.py for tasks to queue
[2021-03-31 02:54:46,585] {logging_mixin.py:104} INFO - [2021-03-31 02:54:46,585] {dagbag.py:448} INFO - Filling up the DagBag from /home/prathamesh/PycharmProjects/airflow-basic/venv/lib/python3.8/site-packages/airflow/example_dags/example_dag_decorator.py
[2021-03-31 02:54:46,595] {scheduler_job.py:639} INFO - DAG(s) dict_keys(['example_dag_decorator']) retrieved from /home/prathamesh/PycharmProjects/airflow-basic/venv/lib/python3.8/site-packages/airflow/example_dags/example_dag_decorator.py
[2021-03-31 02:54:46,606] {logging_mixin.py:104} INFO - [2021-03-31 02:54:46,606] {dag.py:1818} INFO - Sync 1 DAGs
[2021-03-31 02:54:46,614] {logging_mixin.py:104} INFO - [2021-03-31 02:54:46,614] {dag.py:2273} INFO - Setting next_dagrun for example_dag_decorator to None
[2021-03-31 02:54:46,627] {scheduler_job.py:190} INFO - Processing /home/prathamesh/PycharmProjects/airflow-basic/venv/lib/python3.8/site-packages/airflow/example_dags/example_dag_decorator.py took 0.045 seconds
[2021-03-31 02:55:25,580] {scheduler_job.py:182} INFO - Started process (PID=14596) to work on /home/prathamesh/PycharmProjects/airflow-basic/venv/lib/python3.8/site-packages/airflow/example_dags/example_dag_decorator.py
[2021-03-31 02:55:25,581] {scheduler_job.py:629} INFO - Processing file /home/prathamesh/PycharmProjects/airflow-basic/venv/lib/python3.8/site-packages/airflow/example_dags/example_dag_decorator.py for tasks to queue
[2021-03-31 02:55:25,582] {logging_mixin.py:104} INFO - [2021-03-31 02:55:25,582] {dagbag.py:448} INFO - Filling up the DagBag from /home/prathamesh/PycharmProjects/airflow-basic/venv/lib/python3.8/site-packages/airflow/example_dags/example_dag_decorator.py
[2021-03-31 02:55:25,596] {scheduler_job.py:639} INFO - DAG(s) dict_keys(['example_dag_decorator']) retrieved from /home/prathamesh/PycharmProjects/airflow-basic/venv/lib/python3.8/site-packages/airflow/example_dags/example_dag_decorator.py
[2021-03-31 02:55:25,610] {logging_mixin.py:104} INFO - [2021-03-31 02:55:25,610] {dag.py:1818} INFO - Sync 1 DAGs
[2021-03-31 02:55:25,618] {logging_mixin.py:104} INFO - [2021-03-31 02:55:25,618] {dag.py:2273} INFO - Setting next_dagrun for example_dag_decorator to None
[2021-03-31 02:55:25,630] {scheduler_job.py:190} INFO - Processing /home/prathamesh/PycharmProjects/airflow-basic/venv/lib/python3.8/site-packages/airflow/example_dags/example_dag_decorator.py took 0.055 seconds
[2021-03-31 02:56:55,480] {scheduler_job.py:182} INFO - Started process (PID=14784) to work on /home/prathamesh/PycharmProjects/airflow-basic/venv/lib/python3.8/site-packages/airflow/example_dags/example_dag_decorator.py
[2021-03-31 02:56:55,481] {scheduler_job.py:629} INFO - Processing file /home/prathamesh/PycharmProjects/airflow-basic/venv/lib/python3.8/site-packages/airflow/example_dags/example_dag_decorator.py for tasks to queue
[2021-03-31 02:56:55,481] {logging_mixin.py:104} INFO - [2021-03-31 02:56:55,481] {dagbag.py:448} INFO - Filling up the DagBag from /home/prathamesh/PycharmProjects/airflow-basic/venv/lib/python3.8/site-packages/airflow/example_dags/example_dag_decorator.py
[2021-03-31 02:56:55,523] {scheduler_job.py:639} INFO - DAG(s) dict_keys(['example_dag_decorator']) retrieved from /home/prathamesh/PycharmProjects/airflow-basic/venv/lib/python3.8/site-packages/airflow/example_dags/example_dag_decorator.py
[2021-03-31 02:56:55,543] {logging_mixin.py:104} INFO - [2021-03-31 02:56:55,543] {dag.py:1818} INFO - Sync 1 DAGs
[2021-03-31 02:56:55,558] {logging_mixin.py:104} INFO - [2021-03-31 02:56:55,558] {dag.py:2273} INFO - Setting next_dagrun for example_dag_decorator to None
[2021-03-31 02:56:55,574] {scheduler_job.py:190} INFO - Processing /home/prathamesh/PycharmProjects/airflow-basic/venv/lib/python3.8/site-packages/airflow/example_dags/example_dag_decorator.py took 0.098 seconds
[2021-03-31 02:57:34,524] {scheduler_job.py:182} INFO - Started process (PID=14923) to work on /home/prathamesh/PycharmProjects/airflow-basic/venv/lib/python3.8/site-packages/airflow/example_dags/example_dag_decorator.py
[2021-03-31 02:57:34,525] {scheduler_job.py:629} INFO - Processing file /home/prathamesh/PycharmProjects/airflow-basic/venv/lib/python3.8/site-packages/airflow/example_dags/example_dag_decorator.py for tasks to queue
[2021-03-31 02:57:34,525] {logging_mixin.py:104} INFO - [2021-03-31 02:57:34,525] {dagbag.py:448} INFO - Filling up the DagBag from /home/prathamesh/PycharmProjects/airflow-basic/venv/lib/python3.8/site-packages/airflow/example_dags/example_dag_decorator.py
[2021-03-31 02:57:34,536] {scheduler_job.py:639} INFO - DAG(s) dict_keys(['example_dag_decorator']) retrieved from /home/prathamesh/PycharmProjects/airflow-basic/venv/lib/python3.8/site-packages/airflow/example_dags/example_dag_decorator.py
[2021-03-31 02:57:34,555] {logging_mixin.py:104} INFO - [2021-03-31 02:57:34,555] {dag.py:1818} INFO - Sync 1 DAGs
[2021-03-31 02:57:34,563] {logging_mixin.py:104} INFO - [2021-03-31 02:57:34,562] {dag.py:2273} INFO - Setting next_dagrun for example_dag_decorator to None
[2021-03-31 02:57:34,575] {scheduler_job.py:190} INFO - Processing /home/prathamesh/PycharmProjects/airflow-basic/venv/lib/python3.8/site-packages/airflow/example_dags/example_dag_decorator.py took 0.054 seconds
[2021-03-31 02:58:14,072] {scheduler_job.py:182} INFO - Started process (PID=15061) to work on /home/prathamesh/PycharmProjects/airflow-basic/venv/lib/python3.8/site-packages/airflow/example_dags/example_dag_decorator.py
[2021-03-31 02:58:14,073] {scheduler_job.py:629} INFO - Processing file /home/prathamesh/PycharmProjects/airflow-basic/venv/lib/python3.8/site-packages/airflow/example_dags/example_dag_decorator.py for tasks to queue
[2021-03-31 02:58:14,074] {logging_mixin.py:104} INFO - [2021-03-31 02:58:14,074] {dagbag.py:448} INFO - Filling up the DagBag from /home/prathamesh/PycharmProjects/airflow-basic/venv/lib/python3.8/site-packages/airflow/example_dags/example_dag_decorator.py
[2021-03-31 02:58:14,083] {scheduler_job.py:639} INFO - DAG(s) dict_keys(['example_dag_decorator']) retrieved from /home/prathamesh/PycharmProjects/airflow-basic/venv/lib/python3.8/site-packages/airflow/example_dags/example_dag_decorator.py
[2021-03-31 02:58:14,094] {logging_mixin.py:104} INFO - [2021-03-31 02:58:14,094] {dag.py:1818} INFO - Sync 1 DAGs
[2021-03-31 02:58:14,101] {logging_mixin.py:104} INFO - [2021-03-31 02:58:14,101] {dag.py:2273} INFO - Setting next_dagrun for example_dag_decorator to None
[2021-03-31 02:58:14,114] {scheduler_job.py:190} INFO - Processing /home/prathamesh/PycharmProjects/airflow-basic/venv/lib/python3.8/site-packages/airflow/example_dags/example_dag_decorator.py took 0.044 seconds
[2021-03-31 02:58:56,299] {scheduler_job.py:182} INFO - Started process (PID=15192) to work on /home/prathamesh/PycharmProjects/airflow-basic/venv/lib/python3.8/site-packages/airflow/example_dags/example_dag_decorator.py
[2021-03-31 02:58:56,312] {scheduler_job.py:629} INFO - Processing file /home/prathamesh/PycharmProjects/airflow-basic/venv/lib/python3.8/site-packages/airflow/example_dags/example_dag_decorator.py for tasks to queue
[2021-03-31 02:58:56,313] {logging_mixin.py:104} INFO - [2021-03-31 02:58:56,313] {dagbag.py:448} INFO - Filling up the DagBag from /home/prathamesh/PycharmProjects/airflow-basic/venv/lib/python3.8/site-packages/airflow/example_dags/example_dag_decorator.py
[2021-03-31 02:58:56,322] {scheduler_job.py:639} INFO - DAG(s) dict_keys(['example_dag_decorator']) retrieved from /home/prathamesh/PycharmProjects/airflow-basic/venv/lib/python3.8/site-packages/airflow/example_dags/example_dag_decorator.py
[2021-03-31 02:58:56,356] {logging_mixin.py:104} INFO - [2021-03-31 02:58:56,356] {dag.py:1818} INFO - Sync 1 DAGs
[2021-03-31 02:58:56,365] {logging_mixin.py:104} INFO - [2021-03-31 02:58:56,365] {dag.py:2273} INFO - Setting next_dagrun for example_dag_decorator to None
[2021-03-31 02:58:56,383] {scheduler_job.py:190} INFO - Processing /home/prathamesh/PycharmProjects/airflow-basic/venv/lib/python3.8/site-packages/airflow/example_dags/example_dag_decorator.py took 0.087 seconds
[2021-03-31 03:00:37,016] {scheduler_job.py:182} INFO - Started process (PID=15975) to work on /home/prathamesh/PycharmProjects/airflow-basic/venv/lib/python3.8/site-packages/airflow/example_dags/example_dag_decorator.py
[2021-03-31 03:00:37,017] {scheduler_job.py:629} INFO - Processing file /home/prathamesh/PycharmProjects/airflow-basic/venv/lib/python3.8/site-packages/airflow/example_dags/example_dag_decorator.py for tasks to queue
[2021-03-31 03:00:37,017] {logging_mixin.py:104} INFO - [2021-03-31 03:00:37,017] {dagbag.py:448} INFO - Filling up the DagBag from /home/prathamesh/PycharmProjects/airflow-basic/venv/lib/python3.8/site-packages/airflow/example_dags/example_dag_decorator.py
[2021-03-31 03:00:37,027] {scheduler_job.py:639} INFO - DAG(s) dict_keys(['example_dag_decorator']) retrieved from /home/prathamesh/PycharmProjects/airflow-basic/venv/lib/python3.8/site-packages/airflow/example_dags/example_dag_decorator.py
[2021-03-31 03:00:37,038] {logging_mixin.py:104} INFO - [2021-03-31 03:00:37,038] {dag.py:1818} INFO - Sync 1 DAGs
[2021-03-31 03:00:37,048] {logging_mixin.py:104} INFO - [2021-03-31 03:00:37,048] {dag.py:2273} INFO - Setting next_dagrun for example_dag_decorator to None
[2021-03-31 03:00:37,061] {scheduler_job.py:190} INFO - Processing /home/prathamesh/PycharmProjects/airflow-basic/venv/lib/python3.8/site-packages/airflow/example_dags/example_dag_decorator.py took 0.047 seconds
[2021-03-31 03:01:16,554] {scheduler_job.py:182} INFO - Started process (PID=16116) to work on /home/prathamesh/PycharmProjects/airflow-basic/venv/lib/python3.8/site-packages/airflow/example_dags/example_dag_decorator.py
[2021-03-31 03:01:16,555] {scheduler_job.py:629} INFO - Processing file /home/prathamesh/PycharmProjects/airflow-basic/venv/lib/python3.8/site-packages/airflow/example_dags/example_dag_decorator.py for tasks to queue
[2021-03-31 03:01:16,556] {logging_mixin.py:104} INFO - [2021-03-31 03:01:16,555] {dagbag.py:448} INFO - Filling up the DagBag from /home/prathamesh/PycharmProjects/airflow-basic/venv/lib/python3.8/site-packages/airflow/example_dags/example_dag_decorator.py
[2021-03-31 03:01:16,564] {scheduler_job.py:639} INFO - DAG(s) dict_keys(['example_dag_decorator']) retrieved from /home/prathamesh/PycharmProjects/airflow-basic/venv/lib/python3.8/site-packages/airflow/example_dags/example_dag_decorator.py
[2021-03-31 03:01:16,576] {logging_mixin.py:104} INFO - [2021-03-31 03:01:16,576] {dag.py:1818} INFO - Sync 1 DAGs
[2021-03-31 03:01:16,581] {logging_mixin.py:104} INFO - [2021-03-31 03:01:16,581] {dag.py:2273} INFO - Setting next_dagrun for example_dag_decorator to None
[2021-03-31 03:01:16,597] {scheduler_job.py:190} INFO - Processing /home/prathamesh/PycharmProjects/airflow-basic/venv/lib/python3.8/site-packages/airflow/example_dags/example_dag_decorator.py took 0.045 seconds
[2021-03-31 03:01:54,856] {scheduler_job.py:182} INFO - Started process (PID=16248) to work on /home/prathamesh/PycharmProjects/airflow-basic/venv/lib/python3.8/site-packages/airflow/example_dags/example_dag_decorator.py
[2021-03-31 03:01:54,857] {scheduler_job.py:629} INFO - Processing file /home/prathamesh/PycharmProjects/airflow-basic/venv/lib/python3.8/site-packages/airflow/example_dags/example_dag_decorator.py for tasks to queue
[2021-03-31 03:01:54,858] {logging_mixin.py:104} INFO - [2021-03-31 03:01:54,857] {dagbag.py:448} INFO - Filling up the DagBag from /home/prathamesh/PycharmProjects/airflow-basic/venv/lib/python3.8/site-packages/airflow/example_dags/example_dag_decorator.py
[2021-03-31 03:01:54,868] {scheduler_job.py:639} INFO - DAG(s) dict_keys(['example_dag_decorator']) retrieved from /home/prathamesh/PycharmProjects/airflow-basic/venv/lib/python3.8/site-packages/airflow/example_dags/example_dag_decorator.py
[2021-03-31 03:01:54,879] {logging_mixin.py:104} INFO - [2021-03-31 03:01:54,879] {dag.py:1818} INFO - Sync 1 DAGs
[2021-03-31 03:01:54,886] {logging_mixin.py:104} INFO - [2021-03-31 03:01:54,886] {dag.py:2273} INFO - Setting next_dagrun for example_dag_decorator to None
[2021-03-31 03:01:54,899] {scheduler_job.py:190} INFO - Processing /home/prathamesh/PycharmProjects/airflow-basic/venv/lib/python3.8/site-packages/airflow/example_dags/example_dag_decorator.py took 0.045 seconds
[2021-03-31 03:02:32,991] {scheduler_job.py:182} INFO - Started process (PID=16381) to work on /home/prathamesh/PycharmProjects/airflow-basic/venv/lib/python3.8/site-packages/airflow/example_dags/example_dag_decorator.py
[2021-03-31 03:02:32,992] {scheduler_job.py:629} INFO - Processing file /home/prathamesh/PycharmProjects/airflow-basic/venv/lib/python3.8/site-packages/airflow/example_dags/example_dag_decorator.py for tasks to queue
[2021-03-31 03:02:32,992] {logging_mixin.py:104} INFO - [2021-03-31 03:02:32,992] {dagbag.py:448} INFO - Filling up the DagBag from /home/prathamesh/PycharmProjects/airflow-basic/venv/lib/python3.8/site-packages/airflow/example_dags/example_dag_decorator.py
[2021-03-31 03:02:33,002] {scheduler_job.py:639} INFO - DAG(s) dict_keys(['example_dag_decorator']) retrieved from /home/prathamesh/PycharmProjects/airflow-basic/venv/lib/python3.8/site-packages/airflow/example_dags/example_dag_decorator.py
[2021-03-31 03:02:33,014] {logging_mixin.py:104} INFO - [2021-03-31 03:02:33,014] {dag.py:1818} INFO - Sync 1 DAGs
[2021-03-31 03:02:33,020] {logging_mixin.py:104} INFO - [2021-03-31 03:02:33,020] {dag.py:2273} INFO - Setting next_dagrun for example_dag_decorator to None
[2021-03-31 03:02:33,036] {scheduler_job.py:190} INFO - Processing /home/prathamesh/PycharmProjects/airflow-basic/venv/lib/python3.8/site-packages/airflow/example_dags/example_dag_decorator.py took 0.048 seconds
[2021-03-31 03:03:10,800] {scheduler_job.py:182} INFO - Started process (PID=16512) to work on /home/prathamesh/PycharmProjects/airflow-basic/venv/lib/python3.8/site-packages/airflow/example_dags/example_dag_decorator.py
[2021-03-31 03:03:10,802] {scheduler_job.py:629} INFO - Processing file /home/prathamesh/PycharmProjects/airflow-basic/venv/lib/python3.8/site-packages/airflow/example_dags/example_dag_decorator.py for tasks to queue
[2021-03-31 03:03:10,802] {logging_mixin.py:104} INFO - [2021-03-31 03:03:10,802] {dagbag.py:448} INFO - Filling up the DagBag from /home/prathamesh/PycharmProjects/airflow-basic/venv/lib/python3.8/site-packages/airflow/example_dags/example_dag_decorator.py
[2021-03-31 03:03:10,814] {scheduler_job.py:639} INFO - DAG(s) dict_keys(['example_dag_decorator']) retrieved from /home/prathamesh/PycharmProjects/airflow-basic/venv/lib/python3.8/site-packages/airflow/example_dags/example_dag_decorator.py
[2021-03-31 03:03:10,826] {logging_mixin.py:104} INFO - [2021-03-31 03:03:10,826] {dag.py:1818} INFO - Sync 1 DAGs
[2021-03-31 03:03:10,833] {logging_mixin.py:104} INFO - [2021-03-31 03:03:10,833] {dag.py:2273} INFO - Setting next_dagrun for example_dag_decorator to None
[2021-03-31 03:03:10,847] {scheduler_job.py:190} INFO - Processing /home/prathamesh/PycharmProjects/airflow-basic/venv/lib/python3.8/site-packages/airflow/example_dags/example_dag_decorator.py took 0.064 seconds
[2021-03-31 03:03:52,083] {scheduler_job.py:182} INFO - Started process (PID=16644) to work on /home/prathamesh/PycharmProjects/airflow-basic/venv/lib/python3.8/site-packages/airflow/example_dags/example_dag_decorator.py
[2021-03-31 03:03:52,084] {scheduler_job.py:629} INFO - Processing file /home/prathamesh/PycharmProjects/airflow-basic/venv/lib/python3.8/site-packages/airflow/example_dags/example_dag_decorator.py for tasks to queue
[2021-03-31 03:03:52,084] {logging_mixin.py:104} INFO - [2021-03-31 03:03:52,084] {dagbag.py:448} INFO - Filling up the DagBag from /home/prathamesh/PycharmProjects/airflow-basic/venv/lib/python3.8/site-packages/airflow/example_dags/example_dag_decorator.py
[2021-03-31 03:03:52,093] {scheduler_job.py:639} INFO - DAG(s) dict_keys(['example_dag_decorator']) retrieved from /home/prathamesh/PycharmProjects/airflow-basic/venv/lib/python3.8/site-packages/airflow/example_dags/example_dag_decorator.py
[2021-03-31 03:03:52,105] {logging_mixin.py:104} INFO - [2021-03-31 03:03:52,105] {dag.py:1818} INFO - Sync 1 DAGs
[2021-03-31 03:03:52,111] {logging_mixin.py:104} INFO - [2021-03-31 03:03:52,111] {dag.py:2273} INFO - Setting next_dagrun for example_dag_decorator to None
[2021-03-31 03:03:52,127] {scheduler_job.py:190} INFO - Processing /home/prathamesh/PycharmProjects/airflow-basic/venv/lib/python3.8/site-packages/airflow/example_dags/example_dag_decorator.py took 0.046 seconds
[2021-03-31 03:04:30,210] {scheduler_job.py:182} INFO - Started process (PID=16776) to work on /home/prathamesh/PycharmProjects/airflow-basic/venv/lib/python3.8/site-packages/airflow/example_dags/example_dag_decorator.py
[2021-03-31 03:04:30,211] {scheduler_job.py:629} INFO - Processing file /home/prathamesh/PycharmProjects/airflow-basic/venv/lib/python3.8/site-packages/airflow/example_dags/example_dag_decorator.py for tasks to queue
[2021-03-31 03:04:30,212] {logging_mixin.py:104} INFO - [2021-03-31 03:04:30,212] {dagbag.py:448} INFO - Filling up the DagBag from /home/prathamesh/PycharmProjects/airflow-basic/venv/lib/python3.8/site-packages/airflow/example_dags/example_dag_decorator.py
[2021-03-31 03:04:30,221] {scheduler_job.py:639} INFO - DAG(s) dict_keys(['example_dag_decorator']) retrieved from /home/prathamesh/PycharmProjects/airflow-basic/venv/lib/python3.8/site-packages/airflow/example_dags/example_dag_decorator.py
[2021-03-31 03:04:30,237] {logging_mixin.py:104} INFO - [2021-03-31 03:04:30,237] {dag.py:1818} INFO - Sync 1 DAGs
[2021-03-31 03:04:30,245] {logging_mixin.py:104} INFO - [2021-03-31 03:04:30,245] {dag.py:2273} INFO - Setting next_dagrun for example_dag_decorator to None
[2021-03-31 03:04:30,261] {scheduler_job.py:190} INFO - Processing /home/prathamesh/PycharmProjects/airflow-basic/venv/lib/python3.8/site-packages/airflow/example_dags/example_dag_decorator.py took 0.055 seconds
[2021-03-31 03:05:09,359] {scheduler_job.py:182} INFO - Started process (PID=16907) to work on /home/prathamesh/PycharmProjects/airflow-basic/venv/lib/python3.8/site-packages/airflow/example_dags/example_dag_decorator.py
[2021-03-31 03:05:09,360] {scheduler_job.py:629} INFO - Processing file /home/prathamesh/PycharmProjects/airflow-basic/venv/lib/python3.8/site-packages/airflow/example_dags/example_dag_decorator.py for tasks to queue
[2021-03-31 03:05:09,361] {logging_mixin.py:104} INFO - [2021-03-31 03:05:09,361] {dagbag.py:448} INFO - Filling up the DagBag from /home/prathamesh/PycharmProjects/airflow-basic/venv/lib/python3.8/site-packages/airflow/example_dags/example_dag_decorator.py
[2021-03-31 03:05:09,371] {scheduler_job.py:639} INFO - DAG(s) dict_keys(['example_dag_decorator']) retrieved from /home/prathamesh/PycharmProjects/airflow-basic/venv/lib/python3.8/site-packages/airflow/example_dags/example_dag_decorator.py
[2021-03-31 03:05:09,383] {logging_mixin.py:104} INFO - [2021-03-31 03:05:09,383] {dag.py:1818} INFO - Sync 1 DAGs
[2021-03-31 03:05:09,388] {logging_mixin.py:104} INFO - [2021-03-31 03:05:09,388] {dag.py:2273} INFO - Setting next_dagrun for example_dag_decorator to None
[2021-03-31 03:05:09,402] {scheduler_job.py:190} INFO - Processing /home/prathamesh/PycharmProjects/airflow-basic/venv/lib/python3.8/site-packages/airflow/example_dags/example_dag_decorator.py took 0.046 seconds
[2021-03-31 03:05:46,954] {scheduler_job.py:182} INFO - Started process (PID=17039) to work on /home/prathamesh/PycharmProjects/airflow-basic/venv/lib/python3.8/site-packages/airflow/example_dags/example_dag_decorator.py
[2021-03-31 03:05:46,957] {scheduler_job.py:629} INFO - Processing file /home/prathamesh/PycharmProjects/airflow-basic/venv/lib/python3.8/site-packages/airflow/example_dags/example_dag_decorator.py for tasks to queue
[2021-03-31 03:05:46,959] {logging_mixin.py:104} INFO - [2021-03-31 03:05:46,959] {dagbag.py:448} INFO - Filling up the DagBag from /home/prathamesh/PycharmProjects/airflow-basic/venv/lib/python3.8/site-packages/airflow/example_dags/example_dag_decorator.py
[2021-03-31 03:05:46,971] {scheduler_job.py:639} INFO - DAG(s) dict_keys(['example_dag_decorator']) retrieved from /home/prathamesh/PycharmProjects/airflow-basic/venv/lib/python3.8/site-packages/airflow/example_dags/example_dag_decorator.py
[2021-03-31 03:05:46,981] {logging_mixin.py:104} INFO - [2021-03-31 03:05:46,981] {dag.py:1818} INFO - Sync 1 DAGs
[2021-03-31 03:05:46,987] {logging_mixin.py:104} INFO - [2021-03-31 03:05:46,987] {dag.py:2273} INFO - Setting next_dagrun for example_dag_decorator to None
[2021-03-31 03:05:47,000] {scheduler_job.py:190} INFO - Processing /home/prathamesh/PycharmProjects/airflow-basic/venv/lib/python3.8/site-packages/airflow/example_dags/example_dag_decorator.py took 0.050 seconds
[2021-03-31 03:06:27,090] {scheduler_job.py:182} INFO - Started process (PID=17179) to work on /home/prathamesh/PycharmProjects/airflow-basic/venv/lib/python3.8/site-packages/airflow/example_dags/example_dag_decorator.py
[2021-03-31 03:06:27,093] {scheduler_job.py:629} INFO - Processing file /home/prathamesh/PycharmProjects/airflow-basic/venv/lib/python3.8/site-packages/airflow/example_dags/example_dag_decorator.py for tasks to queue
[2021-03-31 03:06:27,094] {logging_mixin.py:104} INFO - [2021-03-31 03:06:27,094] {dagbag.py:448} INFO - Filling up the DagBag from /home/prathamesh/PycharmProjects/airflow-basic/venv/lib/python3.8/site-packages/airflow/example_dags/example_dag_decorator.py
[2021-03-31 03:06:27,105] {scheduler_job.py:639} INFO - DAG(s) dict_keys(['example_dag_decorator']) retrieved from /home/prathamesh/PycharmProjects/airflow-basic/venv/lib/python3.8/site-packages/airflow/example_dags/example_dag_decorator.py
[2021-03-31 03:06:27,120] {logging_mixin.py:104} INFO - [2021-03-31 03:06:27,120] {dag.py:1818} INFO - Sync 1 DAGs
[2021-03-31 03:06:27,126] {logging_mixin.py:104} INFO - [2021-03-31 03:06:27,126] {dag.py:2273} INFO - Setting next_dagrun for example_dag_decorator to None
[2021-03-31 03:06:27,138] {scheduler_job.py:190} INFO - Processing /home/prathamesh/PycharmProjects/airflow-basic/venv/lib/python3.8/site-packages/airflow/example_dags/example_dag_decorator.py took 0.050 seconds
[2021-03-31 03:07:05,163] {scheduler_job.py:182} INFO - Started process (PID=17310) to work on /home/prathamesh/PycharmProjects/airflow-basic/venv/lib/python3.8/site-packages/airflow/example_dags/example_dag_decorator.py
[2021-03-31 03:07:05,164] {scheduler_job.py:629} INFO - Processing file /home/prathamesh/PycharmProjects/airflow-basic/venv/lib/python3.8/site-packages/airflow/example_dags/example_dag_decorator.py for tasks to queue
[2021-03-31 03:07:05,165] {logging_mixin.py:104} INFO - [2021-03-31 03:07:05,164] {dagbag.py:448} INFO - Filling up the DagBag from /home/prathamesh/PycharmProjects/airflow-basic/venv/lib/python3.8/site-packages/airflow/example_dags/example_dag_decorator.py
[2021-03-31 03:07:05,183] {scheduler_job.py:639} INFO - DAG(s) dict_keys(['example_dag_decorator']) retrieved from /home/prathamesh/PycharmProjects/airflow-basic/venv/lib/python3.8/site-packages/airflow/example_dags/example_dag_decorator.py
[2021-03-31 03:07:05,200] {logging_mixin.py:104} INFO - [2021-03-31 03:07:05,200] {dag.py:1818} INFO - Sync 1 DAGs
[2021-03-31 03:07:05,209] {logging_mixin.py:104} INFO - [2021-03-31 03:07:05,209] {dag.py:2273} INFO - Setting next_dagrun for example_dag_decorator to None
[2021-03-31 03:07:05,229] {scheduler_job.py:190} INFO - Processing /home/prathamesh/PycharmProjects/airflow-basic/venv/lib/python3.8/site-packages/airflow/example_dags/example_dag_decorator.py took 0.071 seconds
[2021-03-31 03:07:44,913] {scheduler_job.py:182} INFO - Started process (PID=17445) to work on /home/prathamesh/PycharmProjects/airflow-basic/venv/lib/python3.8/site-packages/airflow/example_dags/example_dag_decorator.py
[2021-03-31 03:07:44,915] {scheduler_job.py:629} INFO - Processing file /home/prathamesh/PycharmProjects/airflow-basic/venv/lib/python3.8/site-packages/airflow/example_dags/example_dag_decorator.py for tasks to queue
[2021-03-31 03:07:44,915] {logging_mixin.py:104} INFO - [2021-03-31 03:07:44,915] {dagbag.py:448} INFO - Filling up the DagBag from /home/prathamesh/PycharmProjects/airflow-basic/venv/lib/python3.8/site-packages/airflow/example_dags/example_dag_decorator.py
[2021-03-31 03:07:44,930] {scheduler_job.py:639} INFO - DAG(s) dict_keys(['example_dag_decorator']) retrieved from /home/prathamesh/PycharmProjects/airflow-basic/venv/lib/python3.8/site-packages/airflow/example_dags/example_dag_decorator.py
[2021-03-31 03:07:44,948] {logging_mixin.py:104} INFO - [2021-03-31 03:07:44,948] {dag.py:1818} INFO - Sync 1 DAGs
[2021-03-31 03:07:44,967] {logging_mixin.py:104} INFO - [2021-03-31 03:07:44,967] {dag.py:2273} INFO - Setting next_dagrun for example_dag_decorator to None
[2021-03-31 03:07:44,996] {scheduler_job.py:190} INFO - Processing /home/prathamesh/PycharmProjects/airflow-basic/venv/lib/python3.8/site-packages/airflow/example_dags/example_dag_decorator.py took 0.085 seconds
