[2021-03-31 01:49:02,753] {scheduler_job.py:182} INFO - Started process (PID=12623) to work on /home/prathamesh/PycharmProjects/airflow-basic/venv/lib/python3.8/site-packages/airflow/example_dags/example_skip_dag.py
[2021-03-31 01:49:02,755] {scheduler_job.py:629} INFO - Processing file /home/prathamesh/PycharmProjects/airflow-basic/venv/lib/python3.8/site-packages/airflow/example_dags/example_skip_dag.py for tasks to queue
[2021-03-31 01:49:02,756] {logging_mixin.py:104} INFO - [2021-03-31 01:49:02,755] {dagbag.py:448} INFO - Filling up the DagBag from /home/prathamesh/PycharmProjects/airflow-basic/venv/lib/python3.8/site-packages/airflow/example_dags/example_skip_dag.py
[2021-03-31 01:49:02,797] {scheduler_job.py:639} INFO - DAG(s) dict_keys(['example_skip_dag']) retrieved from /home/prathamesh/PycharmProjects/airflow-basic/venv/lib/python3.8/site-packages/airflow/example_dags/example_skip_dag.py
[2021-03-31 01:49:02,873] {logging_mixin.py:104} INFO - [2021-03-31 01:49:02,872] {dag.py:1818} INFO - Sync 1 DAGs
[2021-03-31 01:49:02,909] {logging_mixin.py:104} INFO - [2021-03-31 01:49:02,909] {dag.py:2273} INFO - Setting next_dagrun for example_skip_dag to 2021-03-29 00:00:00+00:00
[2021-03-31 01:49:02,942] {scheduler_job.py:190} INFO - Processing /home/prathamesh/PycharmProjects/airflow-basic/venv/lib/python3.8/site-packages/airflow/example_dags/example_skip_dag.py took 0.208 seconds
[2021-03-31 01:49:39,549] {scheduler_job.py:182} INFO - Started process (PID=12658) to work on /home/prathamesh/PycharmProjects/airflow-basic/venv/lib/python3.8/site-packages/airflow/example_dags/example_skip_dag.py
[2021-03-31 01:49:39,551] {scheduler_job.py:629} INFO - Processing file /home/prathamesh/PycharmProjects/airflow-basic/venv/lib/python3.8/site-packages/airflow/example_dags/example_skip_dag.py for tasks to queue
[2021-03-31 01:49:39,552] {logging_mixin.py:104} INFO - [2021-03-31 01:49:39,552] {dagbag.py:448} INFO - Filling up the DagBag from /home/prathamesh/PycharmProjects/airflow-basic/venv/lib/python3.8/site-packages/airflow/example_dags/example_skip_dag.py
[2021-03-31 01:49:39,566] {scheduler_job.py:639} INFO - DAG(s) dict_keys(['example_skip_dag']) retrieved from /home/prathamesh/PycharmProjects/airflow-basic/venv/lib/python3.8/site-packages/airflow/example_dags/example_skip_dag.py
[2021-03-31 01:49:39,585] {logging_mixin.py:104} INFO - [2021-03-31 01:49:39,585] {dag.py:1818} INFO - Sync 1 DAGs
[2021-03-31 01:49:39,598] {logging_mixin.py:104} INFO - [2021-03-31 01:49:39,598] {dag.py:2273} INFO - Setting next_dagrun for example_skip_dag to 2021-03-29 00:00:00+00:00
[2021-03-31 01:49:39,606] {scheduler_job.py:190} INFO - Processing /home/prathamesh/PycharmProjects/airflow-basic/venv/lib/python3.8/site-packages/airflow/example_dags/example_skip_dag.py took 0.061 seconds
[2021-03-31 01:50:12,282] {scheduler_job.py:182} INFO - Started process (PID=12691) to work on /home/prathamesh/PycharmProjects/airflow-basic/venv/lib/python3.8/site-packages/airflow/example_dags/example_skip_dag.py
[2021-03-31 01:50:12,287] {scheduler_job.py:629} INFO - Processing file /home/prathamesh/PycharmProjects/airflow-basic/venv/lib/python3.8/site-packages/airflow/example_dags/example_skip_dag.py for tasks to queue
[2021-03-31 01:50:12,288] {logging_mixin.py:104} INFO - [2021-03-31 01:50:12,288] {dagbag.py:448} INFO - Filling up the DagBag from /home/prathamesh/PycharmProjects/airflow-basic/venv/lib/python3.8/site-packages/airflow/example_dags/example_skip_dag.py
[2021-03-31 01:50:12,304] {scheduler_job.py:639} INFO - DAG(s) dict_keys(['example_skip_dag']) retrieved from /home/prathamesh/PycharmProjects/airflow-basic/venv/lib/python3.8/site-packages/airflow/example_dags/example_skip_dag.py
[2021-03-31 01:50:12,334] {logging_mixin.py:104} INFO - [2021-03-31 01:50:12,334] {dag.py:1818} INFO - Sync 1 DAGs
[2021-03-31 01:50:12,354] {logging_mixin.py:104} INFO - [2021-03-31 01:50:12,354] {dag.py:2273} INFO - Setting next_dagrun for example_skip_dag to 2021-03-29 00:00:00+00:00
[2021-03-31 01:50:12,366] {scheduler_job.py:190} INFO - Processing /home/prathamesh/PycharmProjects/airflow-basic/venv/lib/python3.8/site-packages/airflow/example_dags/example_skip_dag.py took 0.089 seconds
[2021-03-31 01:50:48,089] {scheduler_job.py:182} INFO - Started process (PID=12732) to work on /home/prathamesh/PycharmProjects/airflow-basic/venv/lib/python3.8/site-packages/airflow/example_dags/example_skip_dag.py
[2021-03-31 01:50:48,102] {scheduler_job.py:629} INFO - Processing file /home/prathamesh/PycharmProjects/airflow-basic/venv/lib/python3.8/site-packages/airflow/example_dags/example_skip_dag.py for tasks to queue
[2021-03-31 01:50:48,103] {logging_mixin.py:104} INFO - [2021-03-31 01:50:48,102] {dagbag.py:448} INFO - Filling up the DagBag from /home/prathamesh/PycharmProjects/airflow-basic/venv/lib/python3.8/site-packages/airflow/example_dags/example_skip_dag.py
[2021-03-31 01:50:48,192] {scheduler_job.py:639} INFO - DAG(s) dict_keys(['example_skip_dag']) retrieved from /home/prathamesh/PycharmProjects/airflow-basic/venv/lib/python3.8/site-packages/airflow/example_dags/example_skip_dag.py
[2021-03-31 01:50:48,250] {logging_mixin.py:104} INFO - [2021-03-31 01:50:48,250] {dag.py:1818} INFO - Sync 1 DAGs
[2021-03-31 01:50:48,340] {logging_mixin.py:104} INFO - [2021-03-31 01:50:48,340] {dag.py:2273} INFO - Setting next_dagrun for example_skip_dag to 2021-03-29 00:00:00+00:00
[2021-03-31 01:50:48,401] {scheduler_job.py:190} INFO - Processing /home/prathamesh/PycharmProjects/airflow-basic/venv/lib/python3.8/site-packages/airflow/example_dags/example_skip_dag.py took 0.316 seconds
[2021-03-31 01:52:55,494] {scheduler_job.py:182} INFO - Started process (PID=12784) to work on /home/prathamesh/PycharmProjects/airflow-basic/venv/lib/python3.8/site-packages/airflow/example_dags/example_skip_dag.py
[2021-03-31 01:52:55,505] {scheduler_job.py:629} INFO - Processing file /home/prathamesh/PycharmProjects/airflow-basic/venv/lib/python3.8/site-packages/airflow/example_dags/example_skip_dag.py for tasks to queue
[2021-03-31 01:52:55,551] {logging_mixin.py:104} INFO - [2021-03-31 01:52:55,506] {dagbag.py:448} INFO - Filling up the DagBag from /home/prathamesh/PycharmProjects/airflow-basic/venv/lib/python3.8/site-packages/airflow/example_dags/example_skip_dag.py
[2021-03-31 01:52:55,663] {scheduler_job.py:639} INFO - DAG(s) dict_keys(['example_skip_dag']) retrieved from /home/prathamesh/PycharmProjects/airflow-basic/venv/lib/python3.8/site-packages/airflow/example_dags/example_skip_dag.py
[2021-03-31 01:52:55,841] {logging_mixin.py:104} INFO - [2021-03-31 01:52:55,840] {dag.py:1818} INFO - Sync 1 DAGs
[2021-03-31 01:52:55,936] {logging_mixin.py:104} INFO - [2021-03-31 01:52:55,935] {dag.py:2273} INFO - Setting next_dagrun for example_skip_dag to 2021-03-29 00:00:00+00:00
[2021-03-31 01:52:56,011] {scheduler_job.py:190} INFO - Processing /home/prathamesh/PycharmProjects/airflow-basic/venv/lib/python3.8/site-packages/airflow/example_dags/example_skip_dag.py took 0.549 seconds
[2021-03-31 01:53:39,569] {scheduler_job.py:182} INFO - Started process (PID=12829) to work on /home/prathamesh/PycharmProjects/airflow-basic/venv/lib/python3.8/site-packages/airflow/example_dags/example_skip_dag.py
[2021-03-31 01:53:39,570] {scheduler_job.py:629} INFO - Processing file /home/prathamesh/PycharmProjects/airflow-basic/venv/lib/python3.8/site-packages/airflow/example_dags/example_skip_dag.py for tasks to queue
[2021-03-31 01:53:39,571] {logging_mixin.py:104} INFO - [2021-03-31 01:53:39,571] {dagbag.py:448} INFO - Filling up the DagBag from /home/prathamesh/PycharmProjects/airflow-basic/venv/lib/python3.8/site-packages/airflow/example_dags/example_skip_dag.py
[2021-03-31 01:53:39,593] {scheduler_job.py:639} INFO - DAG(s) dict_keys(['example_skip_dag']) retrieved from /home/prathamesh/PycharmProjects/airflow-basic/venv/lib/python3.8/site-packages/airflow/example_dags/example_skip_dag.py
[2021-03-31 01:53:39,645] {logging_mixin.py:104} INFO - [2021-03-31 01:53:39,645] {dag.py:1818} INFO - Sync 1 DAGs
[2021-03-31 01:53:39,677] {logging_mixin.py:104} INFO - [2021-03-31 01:53:39,676] {dag.py:2273} INFO - Setting next_dagrun for example_skip_dag to 2021-03-29 00:00:00+00:00
[2021-03-31 01:53:39,732] {scheduler_job.py:190} INFO - Processing /home/prathamesh/PycharmProjects/airflow-basic/venv/lib/python3.8/site-packages/airflow/example_dags/example_skip_dag.py took 0.176 seconds
[2021-03-31 01:54:26,078] {scheduler_job.py:182} INFO - Started process (PID=12893) to work on /home/prathamesh/PycharmProjects/airflow-basic/venv/lib/python3.8/site-packages/airflow/example_dags/example_skip_dag.py
[2021-03-31 01:54:26,105] {scheduler_job.py:629} INFO - Processing file /home/prathamesh/PycharmProjects/airflow-basic/venv/lib/python3.8/site-packages/airflow/example_dags/example_skip_dag.py for tasks to queue
[2021-03-31 01:54:26,106] {logging_mixin.py:104} INFO - [2021-03-31 01:54:26,106] {dagbag.py:448} INFO - Filling up the DagBag from /home/prathamesh/PycharmProjects/airflow-basic/venv/lib/python3.8/site-packages/airflow/example_dags/example_skip_dag.py
[2021-03-31 01:54:26,138] {scheduler_job.py:639} INFO - DAG(s) dict_keys(['example_skip_dag']) retrieved from /home/prathamesh/PycharmProjects/airflow-basic/venv/lib/python3.8/site-packages/airflow/example_dags/example_skip_dag.py
[2021-03-31 01:54:26,175] {logging_mixin.py:104} INFO - [2021-03-31 01:54:26,175] {dag.py:1818} INFO - Sync 1 DAGs
[2021-03-31 01:54:26,283] {logging_mixin.py:104} INFO - [2021-03-31 01:54:26,283] {dag.py:2273} INFO - Setting next_dagrun for example_skip_dag to 2021-03-29 00:00:00+00:00
[2021-03-31 01:54:26,327] {scheduler_job.py:190} INFO - Processing /home/prathamesh/PycharmProjects/airflow-basic/venv/lib/python3.8/site-packages/airflow/example_dags/example_skip_dag.py took 0.252 seconds
[2021-03-31 01:55:11,948] {scheduler_job.py:182} INFO - Started process (PID=12936) to work on /home/prathamesh/PycharmProjects/airflow-basic/venv/lib/python3.8/site-packages/airflow/example_dags/example_skip_dag.py
[2021-03-31 01:55:11,949] {scheduler_job.py:629} INFO - Processing file /home/prathamesh/PycharmProjects/airflow-basic/venv/lib/python3.8/site-packages/airflow/example_dags/example_skip_dag.py for tasks to queue
[2021-03-31 01:55:11,949] {logging_mixin.py:104} INFO - [2021-03-31 01:55:11,949] {dagbag.py:448} INFO - Filling up the DagBag from /home/prathamesh/PycharmProjects/airflow-basic/venv/lib/python3.8/site-packages/airflow/example_dags/example_skip_dag.py
[2021-03-31 01:55:11,957] {scheduler_job.py:639} INFO - DAG(s) dict_keys(['example_skip_dag']) retrieved from /home/prathamesh/PycharmProjects/airflow-basic/venv/lib/python3.8/site-packages/airflow/example_dags/example_skip_dag.py
[2021-03-31 01:55:11,972] {logging_mixin.py:104} INFO - [2021-03-31 01:55:11,972] {dag.py:1818} INFO - Sync 1 DAGs
[2021-03-31 01:55:11,982] {logging_mixin.py:104} INFO - [2021-03-31 01:55:11,982] {dag.py:2273} INFO - Setting next_dagrun for example_skip_dag to 2021-03-29 00:00:00+00:00
[2021-03-31 01:55:11,989] {scheduler_job.py:190} INFO - Processing /home/prathamesh/PycharmProjects/airflow-basic/venv/lib/python3.8/site-packages/airflow/example_dags/example_skip_dag.py took 0.044 seconds
[2021-03-31 01:55:58,559] {scheduler_job.py:182} INFO - Started process (PID=13028) to work on /home/prathamesh/PycharmProjects/airflow-basic/venv/lib/python3.8/site-packages/airflow/example_dags/example_skip_dag.py
[2021-03-31 01:55:58,561] {scheduler_job.py:629} INFO - Processing file /home/prathamesh/PycharmProjects/airflow-basic/venv/lib/python3.8/site-packages/airflow/example_dags/example_skip_dag.py for tasks to queue
[2021-03-31 01:55:58,562] {logging_mixin.py:104} INFO - [2021-03-31 01:55:58,562] {dagbag.py:448} INFO - Filling up the DagBag from /home/prathamesh/PycharmProjects/airflow-basic/venv/lib/python3.8/site-packages/airflow/example_dags/example_skip_dag.py
[2021-03-31 01:55:58,589] {scheduler_job.py:639} INFO - DAG(s) dict_keys(['example_skip_dag']) retrieved from /home/prathamesh/PycharmProjects/airflow-basic/venv/lib/python3.8/site-packages/airflow/example_dags/example_skip_dag.py
[2021-03-31 01:55:58,644] {logging_mixin.py:104} INFO - [2021-03-31 01:55:58,644] {dag.py:1818} INFO - Sync 1 DAGs
[2021-03-31 01:55:58,666] {logging_mixin.py:104} INFO - [2021-03-31 01:55:58,666] {dag.py:2273} INFO - Setting next_dagrun for example_skip_dag to 2021-03-29 00:00:00+00:00
[2021-03-31 01:55:58,748] {scheduler_job.py:190} INFO - Processing /home/prathamesh/PycharmProjects/airflow-basic/venv/lib/python3.8/site-packages/airflow/example_dags/example_skip_dag.py took 0.204 seconds
[2021-03-31 01:56:37,390] {scheduler_job.py:182} INFO - Started process (PID=13060) to work on /home/prathamesh/PycharmProjects/airflow-basic/venv/lib/python3.8/site-packages/airflow/example_dags/example_skip_dag.py
[2021-03-31 01:56:37,391] {scheduler_job.py:629} INFO - Processing file /home/prathamesh/PycharmProjects/airflow-basic/venv/lib/python3.8/site-packages/airflow/example_dags/example_skip_dag.py for tasks to queue
[2021-03-31 01:56:37,391] {logging_mixin.py:104} INFO - [2021-03-31 01:56:37,391] {dagbag.py:448} INFO - Filling up the DagBag from /home/prathamesh/PycharmProjects/airflow-basic/venv/lib/python3.8/site-packages/airflow/example_dags/example_skip_dag.py
[2021-03-31 01:56:37,402] {scheduler_job.py:639} INFO - DAG(s) dict_keys(['example_skip_dag']) retrieved from /home/prathamesh/PycharmProjects/airflow-basic/venv/lib/python3.8/site-packages/airflow/example_dags/example_skip_dag.py
[2021-03-31 01:56:37,417] {logging_mixin.py:104} INFO - [2021-03-31 01:56:37,417] {dag.py:1818} INFO - Sync 1 DAGs
[2021-03-31 01:56:37,429] {logging_mixin.py:104} INFO - [2021-03-31 01:56:37,429] {dag.py:2273} INFO - Setting next_dagrun for example_skip_dag to 2021-03-29 00:00:00+00:00
[2021-03-31 01:56:37,437] {scheduler_job.py:190} INFO - Processing /home/prathamesh/PycharmProjects/airflow-basic/venv/lib/python3.8/site-packages/airflow/example_dags/example_skip_dag.py took 0.052 seconds
[2021-03-31 01:57:17,184] {scheduler_job.py:182} INFO - Started process (PID=13098) to work on /home/prathamesh/PycharmProjects/airflow-basic/venv/lib/python3.8/site-packages/airflow/example_dags/example_skip_dag.py
[2021-03-31 01:57:17,186] {scheduler_job.py:629} INFO - Processing file /home/prathamesh/PycharmProjects/airflow-basic/venv/lib/python3.8/site-packages/airflow/example_dags/example_skip_dag.py for tasks to queue
[2021-03-31 01:57:17,196] {logging_mixin.py:104} INFO - [2021-03-31 01:57:17,196] {dagbag.py:448} INFO - Filling up the DagBag from /home/prathamesh/PycharmProjects/airflow-basic/venv/lib/python3.8/site-packages/airflow/example_dags/example_skip_dag.py
[2021-03-31 01:57:17,213] {scheduler_job.py:639} INFO - DAG(s) dict_keys(['example_skip_dag']) retrieved from /home/prathamesh/PycharmProjects/airflow-basic/venv/lib/python3.8/site-packages/airflow/example_dags/example_skip_dag.py
[2021-03-31 01:57:17,235] {logging_mixin.py:104} INFO - [2021-03-31 01:57:17,235] {dag.py:1818} INFO - Sync 1 DAGs
[2021-03-31 01:57:17,247] {logging_mixin.py:104} INFO - [2021-03-31 01:57:17,247] {dag.py:2273} INFO - Setting next_dagrun for example_skip_dag to 2021-03-29 00:00:00+00:00
[2021-03-31 01:57:17,256] {scheduler_job.py:190} INFO - Processing /home/prathamesh/PycharmProjects/airflow-basic/venv/lib/python3.8/site-packages/airflow/example_dags/example_skip_dag.py took 0.077 seconds
[2021-03-31 02:52:18,918] {scheduler_job.py:182} INFO - Started process (PID=13928) to work on /home/prathamesh/PycharmProjects/airflow-basic/venv/lib/python3.8/site-packages/airflow/example_dags/example_skip_dag.py
[2021-03-31 02:52:18,918] {scheduler_job.py:629} INFO - Processing file /home/prathamesh/PycharmProjects/airflow-basic/venv/lib/python3.8/site-packages/airflow/example_dags/example_skip_dag.py for tasks to queue
[2021-03-31 02:52:18,919] {logging_mixin.py:104} INFO - [2021-03-31 02:52:18,919] {dagbag.py:448} INFO - Filling up the DagBag from /home/prathamesh/PycharmProjects/airflow-basic/venv/lib/python3.8/site-packages/airflow/example_dags/example_skip_dag.py
[2021-03-31 02:52:18,937] {scheduler_job.py:639} INFO - DAG(s) dict_keys(['example_skip_dag']) retrieved from /home/prathamesh/PycharmProjects/airflow-basic/venv/lib/python3.8/site-packages/airflow/example_dags/example_skip_dag.py
[2021-03-31 02:52:18,958] {logging_mixin.py:104} INFO - [2021-03-31 02:52:18,958] {dag.py:1818} INFO - Sync 1 DAGs
[2021-03-31 02:52:18,991] {logging_mixin.py:104} INFO - [2021-03-31 02:52:18,991] {dag.py:2273} INFO - Setting next_dagrun for example_skip_dag to 2021-03-29 00:00:00+00:00
[2021-03-31 02:52:19,008] {scheduler_job.py:190} INFO - Processing /home/prathamesh/PycharmProjects/airflow-basic/venv/lib/python3.8/site-packages/airflow/example_dags/example_skip_dag.py took 0.093 seconds
[2021-03-31 02:53:01,502] {scheduler_job.py:182} INFO - Started process (PID=14067) to work on /home/prathamesh/PycharmProjects/airflow-basic/venv/lib/python3.8/site-packages/airflow/example_dags/example_skip_dag.py
[2021-03-31 02:53:01,503] {scheduler_job.py:629} INFO - Processing file /home/prathamesh/PycharmProjects/airflow-basic/venv/lib/python3.8/site-packages/airflow/example_dags/example_skip_dag.py for tasks to queue
[2021-03-31 02:53:01,504] {logging_mixin.py:104} INFO - [2021-03-31 02:53:01,504] {dagbag.py:448} INFO - Filling up the DagBag from /home/prathamesh/PycharmProjects/airflow-basic/venv/lib/python3.8/site-packages/airflow/example_dags/example_skip_dag.py
[2021-03-31 02:53:01,512] {scheduler_job.py:639} INFO - DAG(s) dict_keys(['example_skip_dag']) retrieved from /home/prathamesh/PycharmProjects/airflow-basic/venv/lib/python3.8/site-packages/airflow/example_dags/example_skip_dag.py
[2021-03-31 02:53:01,524] {logging_mixin.py:104} INFO - [2021-03-31 02:53:01,524] {dag.py:1818} INFO - Sync 1 DAGs
[2021-03-31 02:53:01,534] {logging_mixin.py:104} INFO - [2021-03-31 02:53:01,534] {dag.py:2273} INFO - Setting next_dagrun for example_skip_dag to 2021-03-29 00:00:00+00:00
[2021-03-31 02:53:01,539] {scheduler_job.py:190} INFO - Processing /home/prathamesh/PycharmProjects/airflow-basic/venv/lib/python3.8/site-packages/airflow/example_dags/example_skip_dag.py took 0.040 seconds
[2021-03-31 02:53:48,561] {scheduler_job.py:182} INFO - Started process (PID=14214) to work on /home/prathamesh/PycharmProjects/airflow-basic/venv/lib/python3.8/site-packages/airflow/example_dags/example_skip_dag.py
[2021-03-31 02:53:48,562] {scheduler_job.py:629} INFO - Processing file /home/prathamesh/PycharmProjects/airflow-basic/venv/lib/python3.8/site-packages/airflow/example_dags/example_skip_dag.py for tasks to queue
[2021-03-31 02:53:48,563] {logging_mixin.py:104} INFO - [2021-03-31 02:53:48,562] {dagbag.py:448} INFO - Filling up the DagBag from /home/prathamesh/PycharmProjects/airflow-basic/venv/lib/python3.8/site-packages/airflow/example_dags/example_skip_dag.py
[2021-03-31 02:53:48,570] {scheduler_job.py:639} INFO - DAG(s) dict_keys(['example_skip_dag']) retrieved from /home/prathamesh/PycharmProjects/airflow-basic/venv/lib/python3.8/site-packages/airflow/example_dags/example_skip_dag.py
[2021-03-31 02:53:48,580] {logging_mixin.py:104} INFO - [2021-03-31 02:53:48,580] {dag.py:1818} INFO - Sync 1 DAGs
[2021-03-31 02:53:48,586] {logging_mixin.py:104} INFO - [2021-03-31 02:53:48,586] {dag.py:2273} INFO - Setting next_dagrun for example_skip_dag to 2021-03-29 00:00:00+00:00
[2021-03-31 02:53:48,592] {scheduler_job.py:190} INFO - Processing /home/prathamesh/PycharmProjects/airflow-basic/venv/lib/python3.8/site-packages/airflow/example_dags/example_skip_dag.py took 0.033 seconds
[2021-03-31 02:54:31,371] {scheduler_job.py:182} INFO - Started process (PID=14352) to work on /home/prathamesh/PycharmProjects/airflow-basic/venv/lib/python3.8/site-packages/airflow/example_dags/example_skip_dag.py
[2021-03-31 02:54:31,372] {scheduler_job.py:629} INFO - Processing file /home/prathamesh/PycharmProjects/airflow-basic/venv/lib/python3.8/site-packages/airflow/example_dags/example_skip_dag.py for tasks to queue
[2021-03-31 02:54:31,372] {logging_mixin.py:104} INFO - [2021-03-31 02:54:31,372] {dagbag.py:448} INFO - Filling up the DagBag from /home/prathamesh/PycharmProjects/airflow-basic/venv/lib/python3.8/site-packages/airflow/example_dags/example_skip_dag.py
[2021-03-31 02:54:31,385] {scheduler_job.py:639} INFO - DAG(s) dict_keys(['example_skip_dag']) retrieved from /home/prathamesh/PycharmProjects/airflow-basic/venv/lib/python3.8/site-packages/airflow/example_dags/example_skip_dag.py
[2021-03-31 02:54:31,400] {logging_mixin.py:104} INFO - [2021-03-31 02:54:31,400] {dag.py:1818} INFO - Sync 1 DAGs
[2021-03-31 02:54:31,408] {logging_mixin.py:104} INFO - [2021-03-31 02:54:31,408] {dag.py:2273} INFO - Setting next_dagrun for example_skip_dag to 2021-03-29 00:00:00+00:00
[2021-03-31 02:54:31,414] {scheduler_job.py:190} INFO - Processing /home/prathamesh/PycharmProjects/airflow-basic/venv/lib/python3.8/site-packages/airflow/example_dags/example_skip_dag.py took 0.046 seconds
[2021-03-31 02:55:08,443] {scheduler_job.py:182} INFO - Started process (PID=14485) to work on /home/prathamesh/PycharmProjects/airflow-basic/venv/lib/python3.8/site-packages/airflow/example_dags/example_skip_dag.py
[2021-03-31 02:55:08,444] {scheduler_job.py:629} INFO - Processing file /home/prathamesh/PycharmProjects/airflow-basic/venv/lib/python3.8/site-packages/airflow/example_dags/example_skip_dag.py for tasks to queue
[2021-03-31 02:55:08,445] {logging_mixin.py:104} INFO - [2021-03-31 02:55:08,445] {dagbag.py:448} INFO - Filling up the DagBag from /home/prathamesh/PycharmProjects/airflow-basic/venv/lib/python3.8/site-packages/airflow/example_dags/example_skip_dag.py
[2021-03-31 02:55:08,452] {scheduler_job.py:639} INFO - DAG(s) dict_keys(['example_skip_dag']) retrieved from /home/prathamesh/PycharmProjects/airflow-basic/venv/lib/python3.8/site-packages/airflow/example_dags/example_skip_dag.py
[2021-03-31 02:55:08,461] {logging_mixin.py:104} INFO - [2021-03-31 02:55:08,461] {dag.py:1818} INFO - Sync 1 DAGs
[2021-03-31 02:55:08,468] {logging_mixin.py:104} INFO - [2021-03-31 02:55:08,468] {dag.py:2273} INFO - Setting next_dagrun for example_skip_dag to 2021-03-29 00:00:00+00:00
[2021-03-31 02:55:08,473] {scheduler_job.py:190} INFO - Processing /home/prathamesh/PycharmProjects/airflow-basic/venv/lib/python3.8/site-packages/airflow/example_dags/example_skip_dag.py took 0.033 seconds
[2021-03-31 02:56:37,221] {scheduler_job.py:182} INFO - Started process (PID=14766) to work on /home/prathamesh/PycharmProjects/airflow-basic/venv/lib/python3.8/site-packages/airflow/example_dags/example_skip_dag.py
[2021-03-31 02:56:37,247] {scheduler_job.py:629} INFO - Processing file /home/prathamesh/PycharmProjects/airflow-basic/venv/lib/python3.8/site-packages/airflow/example_dags/example_skip_dag.py for tasks to queue
[2021-03-31 02:56:37,248] {logging_mixin.py:104} INFO - [2021-03-31 02:56:37,248] {dagbag.py:448} INFO - Filling up the DagBag from /home/prathamesh/PycharmProjects/airflow-basic/venv/lib/python3.8/site-packages/airflow/example_dags/example_skip_dag.py
[2021-03-31 02:56:37,304] {scheduler_job.py:639} INFO - DAG(s) dict_keys(['example_skip_dag']) retrieved from /home/prathamesh/PycharmProjects/airflow-basic/venv/lib/python3.8/site-packages/airflow/example_dags/example_skip_dag.py
[2021-03-31 02:56:37,339] {logging_mixin.py:104} INFO - [2021-03-31 02:56:37,339] {dag.py:1818} INFO - Sync 1 DAGs
[2021-03-31 02:56:37,394] {logging_mixin.py:104} INFO - [2021-03-31 02:56:37,393] {dag.py:2273} INFO - Setting next_dagrun for example_skip_dag to 2021-03-29 00:00:00+00:00
[2021-03-31 02:56:37,401] {scheduler_job.py:190} INFO - Processing /home/prathamesh/PycharmProjects/airflow-basic/venv/lib/python3.8/site-packages/airflow/example_dags/example_skip_dag.py took 0.184 seconds
[2021-03-31 02:57:17,362] {scheduler_job.py:182} INFO - Started process (PID=14903) to work on /home/prathamesh/PycharmProjects/airflow-basic/venv/lib/python3.8/site-packages/airflow/example_dags/example_skip_dag.py
[2021-03-31 02:57:17,363] {scheduler_job.py:629} INFO - Processing file /home/prathamesh/PycharmProjects/airflow-basic/venv/lib/python3.8/site-packages/airflow/example_dags/example_skip_dag.py for tasks to queue
[2021-03-31 02:57:17,363] {logging_mixin.py:104} INFO - [2021-03-31 02:57:17,363] {dagbag.py:448} INFO - Filling up the DagBag from /home/prathamesh/PycharmProjects/airflow-basic/venv/lib/python3.8/site-packages/airflow/example_dags/example_skip_dag.py
[2021-03-31 02:57:17,369] {scheduler_job.py:639} INFO - DAG(s) dict_keys(['example_skip_dag']) retrieved from /home/prathamesh/PycharmProjects/airflow-basic/venv/lib/python3.8/site-packages/airflow/example_dags/example_skip_dag.py
[2021-03-31 02:57:17,382] {logging_mixin.py:104} INFO - [2021-03-31 02:57:17,381] {dag.py:1818} INFO - Sync 1 DAGs
[2021-03-31 02:57:17,392] {logging_mixin.py:104} INFO - [2021-03-31 02:57:17,392] {dag.py:2273} INFO - Setting next_dagrun for example_skip_dag to 2021-03-29 00:00:00+00:00
[2021-03-31 02:57:17,396] {scheduler_job.py:190} INFO - Processing /home/prathamesh/PycharmProjects/airflow-basic/venv/lib/python3.8/site-packages/airflow/example_dags/example_skip_dag.py took 0.038 seconds
[2021-03-31 02:57:58,520] {scheduler_job.py:182} INFO - Started process (PID=15044) to work on /home/prathamesh/PycharmProjects/airflow-basic/venv/lib/python3.8/site-packages/airflow/example_dags/example_skip_dag.py
[2021-03-31 02:57:58,522] {scheduler_job.py:629} INFO - Processing file /home/prathamesh/PycharmProjects/airflow-basic/venv/lib/python3.8/site-packages/airflow/example_dags/example_skip_dag.py for tasks to queue
[2021-03-31 02:57:58,522] {logging_mixin.py:104} INFO - [2021-03-31 02:57:58,522] {dagbag.py:448} INFO - Filling up the DagBag from /home/prathamesh/PycharmProjects/airflow-basic/venv/lib/python3.8/site-packages/airflow/example_dags/example_skip_dag.py
[2021-03-31 02:57:58,532] {scheduler_job.py:639} INFO - DAG(s) dict_keys(['example_skip_dag']) retrieved from /home/prathamesh/PycharmProjects/airflow-basic/venv/lib/python3.8/site-packages/airflow/example_dags/example_skip_dag.py
[2021-03-31 02:57:58,557] {logging_mixin.py:104} INFO - [2021-03-31 02:57:58,557] {dag.py:1818} INFO - Sync 1 DAGs
[2021-03-31 02:57:58,563] {logging_mixin.py:104} INFO - [2021-03-31 02:57:58,563] {dag.py:2273} INFO - Setting next_dagrun for example_skip_dag to 2021-03-29 00:00:00+00:00
[2021-03-31 02:57:58,567] {scheduler_job.py:190} INFO - Processing /home/prathamesh/PycharmProjects/airflow-basic/venv/lib/python3.8/site-packages/airflow/example_dags/example_skip_dag.py took 0.051 seconds
[2021-03-31 02:58:48,743] {scheduler_job.py:182} INFO - Started process (PID=15185) to work on /home/prathamesh/PycharmProjects/airflow-basic/venv/lib/python3.8/site-packages/airflow/example_dags/example_skip_dag.py
[2021-03-31 02:58:48,744] {scheduler_job.py:629} INFO - Processing file /home/prathamesh/PycharmProjects/airflow-basic/venv/lib/python3.8/site-packages/airflow/example_dags/example_skip_dag.py for tasks to queue
[2021-03-31 02:58:48,745] {logging_mixin.py:104} INFO - [2021-03-31 02:58:48,745] {dagbag.py:448} INFO - Filling up the DagBag from /home/prathamesh/PycharmProjects/airflow-basic/venv/lib/python3.8/site-packages/airflow/example_dags/example_skip_dag.py
[2021-03-31 02:58:48,751] {scheduler_job.py:639} INFO - DAG(s) dict_keys(['example_skip_dag']) retrieved from /home/prathamesh/PycharmProjects/airflow-basic/venv/lib/python3.8/site-packages/airflow/example_dags/example_skip_dag.py
[2021-03-31 02:58:48,767] {logging_mixin.py:104} INFO - [2021-03-31 02:58:48,767] {dag.py:1818} INFO - Sync 1 DAGs
[2021-03-31 02:58:48,776] {logging_mixin.py:104} INFO - [2021-03-31 02:58:48,776] {dag.py:2273} INFO - Setting next_dagrun for example_skip_dag to 2021-03-29 00:00:00+00:00
[2021-03-31 02:58:48,787] {scheduler_job.py:190} INFO - Processing /home/prathamesh/PycharmProjects/airflow-basic/venv/lib/python3.8/site-packages/airflow/example_dags/example_skip_dag.py took 0.050 seconds
[2021-03-31 02:59:27,053] {scheduler_job.py:182} INFO - Started process (PID=15317) to work on /home/prathamesh/PycharmProjects/airflow-basic/venv/lib/python3.8/site-packages/airflow/example_dags/example_skip_dag.py
[2021-03-31 02:59:27,054] {scheduler_job.py:629} INFO - Processing file /home/prathamesh/PycharmProjects/airflow-basic/venv/lib/python3.8/site-packages/airflow/example_dags/example_skip_dag.py for tasks to queue
[2021-03-31 02:59:27,055] {logging_mixin.py:104} INFO - [2021-03-31 02:59:27,054] {dagbag.py:448} INFO - Filling up the DagBag from /home/prathamesh/PycharmProjects/airflow-basic/venv/lib/python3.8/site-packages/airflow/example_dags/example_skip_dag.py
[2021-03-31 02:59:27,076] {scheduler_job.py:639} INFO - DAG(s) dict_keys(['example_skip_dag']) retrieved from /home/prathamesh/PycharmProjects/airflow-basic/venv/lib/python3.8/site-packages/airflow/example_dags/example_skip_dag.py
[2021-03-31 02:59:27,117] {logging_mixin.py:104} INFO - [2021-03-31 02:59:27,117] {dag.py:1818} INFO - Sync 1 DAGs
[2021-03-31 02:59:27,125] {logging_mixin.py:104} INFO - [2021-03-31 02:59:27,125] {dag.py:2273} INFO - Setting next_dagrun for example_skip_dag to 2021-03-29 00:00:00+00:00
[2021-03-31 02:59:27,134] {scheduler_job.py:190} INFO - Processing /home/prathamesh/PycharmProjects/airflow-basic/venv/lib/python3.8/site-packages/airflow/example_dags/example_skip_dag.py took 0.084 seconds
[2021-03-31 03:01:09,690] {scheduler_job.py:182} INFO - Started process (PID=16108) to work on /home/prathamesh/PycharmProjects/airflow-basic/venv/lib/python3.8/site-packages/airflow/example_dags/example_skip_dag.py
[2021-03-31 03:01:09,691] {scheduler_job.py:629} INFO - Processing file /home/prathamesh/PycharmProjects/airflow-basic/venv/lib/python3.8/site-packages/airflow/example_dags/example_skip_dag.py for tasks to queue
[2021-03-31 03:01:09,692] {logging_mixin.py:104} INFO - [2021-03-31 03:01:09,692] {dagbag.py:448} INFO - Filling up the DagBag from /home/prathamesh/PycharmProjects/airflow-basic/venv/lib/python3.8/site-packages/airflow/example_dags/example_skip_dag.py
[2021-03-31 03:01:09,702] {scheduler_job.py:639} INFO - DAG(s) dict_keys(['example_skip_dag']) retrieved from /home/prathamesh/PycharmProjects/airflow-basic/venv/lib/python3.8/site-packages/airflow/example_dags/example_skip_dag.py
[2021-03-31 03:01:09,720] {logging_mixin.py:104} INFO - [2021-03-31 03:01:09,720] {dag.py:1818} INFO - Sync 1 DAGs
[2021-03-31 03:01:09,728] {logging_mixin.py:104} INFO - [2021-03-31 03:01:09,728] {dag.py:2273} INFO - Setting next_dagrun for example_skip_dag to 2021-03-29 00:00:00+00:00
[2021-03-31 03:01:09,732] {scheduler_job.py:190} INFO - Processing /home/prathamesh/PycharmProjects/airflow-basic/venv/lib/python3.8/site-packages/airflow/example_dags/example_skip_dag.py took 0.049 seconds
[2021-03-31 03:01:53,118] {scheduler_job.py:182} INFO - Started process (PID=16246) to work on /home/prathamesh/PycharmProjects/airflow-basic/venv/lib/python3.8/site-packages/airflow/example_dags/example_skip_dag.py
[2021-03-31 03:01:53,119] {scheduler_job.py:629} INFO - Processing file /home/prathamesh/PycharmProjects/airflow-basic/venv/lib/python3.8/site-packages/airflow/example_dags/example_skip_dag.py for tasks to queue
[2021-03-31 03:01:53,119] {logging_mixin.py:104} INFO - [2021-03-31 03:01:53,119] {dagbag.py:448} INFO - Filling up the DagBag from /home/prathamesh/PycharmProjects/airflow-basic/venv/lib/python3.8/site-packages/airflow/example_dags/example_skip_dag.py
[2021-03-31 03:01:53,128] {scheduler_job.py:639} INFO - DAG(s) dict_keys(['example_skip_dag']) retrieved from /home/prathamesh/PycharmProjects/airflow-basic/venv/lib/python3.8/site-packages/airflow/example_dags/example_skip_dag.py
[2021-03-31 03:01:53,137] {logging_mixin.py:104} INFO - [2021-03-31 03:01:53,137] {dag.py:1818} INFO - Sync 1 DAGs
[2021-03-31 03:01:53,144] {logging_mixin.py:104} INFO - [2021-03-31 03:01:53,144] {dag.py:2273} INFO - Setting next_dagrun for example_skip_dag to 2021-03-29 00:00:00+00:00
[2021-03-31 03:01:53,149] {scheduler_job.py:190} INFO - Processing /home/prathamesh/PycharmProjects/airflow-basic/venv/lib/python3.8/site-packages/airflow/example_dags/example_skip_dag.py took 0.034 seconds
[2021-03-31 03:02:31,290] {scheduler_job.py:182} INFO - Started process (PID=16379) to work on /home/prathamesh/PycharmProjects/airflow-basic/venv/lib/python3.8/site-packages/airflow/example_dags/example_skip_dag.py
[2021-03-31 03:02:31,291] {scheduler_job.py:629} INFO - Processing file /home/prathamesh/PycharmProjects/airflow-basic/venv/lib/python3.8/site-packages/airflow/example_dags/example_skip_dag.py for tasks to queue
[2021-03-31 03:02:31,291] {logging_mixin.py:104} INFO - [2021-03-31 03:02:31,291] {dagbag.py:448} INFO - Filling up the DagBag from /home/prathamesh/PycharmProjects/airflow-basic/venv/lib/python3.8/site-packages/airflow/example_dags/example_skip_dag.py
[2021-03-31 03:02:31,305] {scheduler_job.py:639} INFO - DAG(s) dict_keys(['example_skip_dag']) retrieved from /home/prathamesh/PycharmProjects/airflow-basic/venv/lib/python3.8/site-packages/airflow/example_dags/example_skip_dag.py
[2021-03-31 03:02:31,314] {logging_mixin.py:104} INFO - [2021-03-31 03:02:31,314] {dag.py:1818} INFO - Sync 1 DAGs
[2021-03-31 03:02:31,323] {logging_mixin.py:104} INFO - [2021-03-31 03:02:31,323] {dag.py:2273} INFO - Setting next_dagrun for example_skip_dag to 2021-03-29 00:00:00+00:00
[2021-03-31 03:02:31,327] {scheduler_job.py:190} INFO - Processing /home/prathamesh/PycharmProjects/airflow-basic/venv/lib/python3.8/site-packages/airflow/example_dags/example_skip_dag.py took 0.043 seconds
[2021-03-31 03:03:09,046] {scheduler_job.py:182} INFO - Started process (PID=16510) to work on /home/prathamesh/PycharmProjects/airflow-basic/venv/lib/python3.8/site-packages/airflow/example_dags/example_skip_dag.py
[2021-03-31 03:03:09,048] {scheduler_job.py:629} INFO - Processing file /home/prathamesh/PycharmProjects/airflow-basic/venv/lib/python3.8/site-packages/airflow/example_dags/example_skip_dag.py for tasks to queue
[2021-03-31 03:03:09,049] {logging_mixin.py:104} INFO - [2021-03-31 03:03:09,049] {dagbag.py:448} INFO - Filling up the DagBag from /home/prathamesh/PycharmProjects/airflow-basic/venv/lib/python3.8/site-packages/airflow/example_dags/example_skip_dag.py
[2021-03-31 03:03:09,056] {scheduler_job.py:639} INFO - DAG(s) dict_keys(['example_skip_dag']) retrieved from /home/prathamesh/PycharmProjects/airflow-basic/venv/lib/python3.8/site-packages/airflow/example_dags/example_skip_dag.py
[2021-03-31 03:03:09,065] {logging_mixin.py:104} INFO - [2021-03-31 03:03:09,065] {dag.py:1818} INFO - Sync 1 DAGs
[2021-03-31 03:03:09,074] {logging_mixin.py:104} INFO - [2021-03-31 03:03:09,074] {dag.py:2273} INFO - Setting next_dagrun for example_skip_dag to 2021-03-29 00:00:00+00:00
[2021-03-31 03:03:09,078] {scheduler_job.py:190} INFO - Processing /home/prathamesh/PycharmProjects/airflow-basic/venv/lib/python3.8/site-packages/airflow/example_dags/example_skip_dag.py took 0.035 seconds
[2021-03-31 03:03:50,590] {scheduler_job.py:182} INFO - Started process (PID=16642) to work on /home/prathamesh/PycharmProjects/airflow-basic/venv/lib/python3.8/site-packages/airflow/example_dags/example_skip_dag.py
[2021-03-31 03:03:50,591] {scheduler_job.py:629} INFO - Processing file /home/prathamesh/PycharmProjects/airflow-basic/venv/lib/python3.8/site-packages/airflow/example_dags/example_skip_dag.py for tasks to queue
[2021-03-31 03:03:50,591] {logging_mixin.py:104} INFO - [2021-03-31 03:03:50,591] {dagbag.py:448} INFO - Filling up the DagBag from /home/prathamesh/PycharmProjects/airflow-basic/venv/lib/python3.8/site-packages/airflow/example_dags/example_skip_dag.py
[2021-03-31 03:03:50,597] {scheduler_job.py:639} INFO - DAG(s) dict_keys(['example_skip_dag']) retrieved from /home/prathamesh/PycharmProjects/airflow-basic/venv/lib/python3.8/site-packages/airflow/example_dags/example_skip_dag.py
[2021-03-31 03:03:50,614] {logging_mixin.py:104} INFO - [2021-03-31 03:03:50,614] {dag.py:1818} INFO - Sync 1 DAGs
[2021-03-31 03:03:50,622] {logging_mixin.py:104} INFO - [2021-03-31 03:03:50,622] {dag.py:2273} INFO - Setting next_dagrun for example_skip_dag to 2021-03-29 00:00:00+00:00
[2021-03-31 03:03:50,626] {scheduler_job.py:190} INFO - Processing /home/prathamesh/PycharmProjects/airflow-basic/venv/lib/python3.8/site-packages/airflow/example_dags/example_skip_dag.py took 0.038 seconds
[2021-03-31 03:04:28,485] {scheduler_job.py:182} INFO - Started process (PID=16774) to work on /home/prathamesh/PycharmProjects/airflow-basic/venv/lib/python3.8/site-packages/airflow/example_dags/example_skip_dag.py
[2021-03-31 03:04:28,486] {scheduler_job.py:629} INFO - Processing file /home/prathamesh/PycharmProjects/airflow-basic/venv/lib/python3.8/site-packages/airflow/example_dags/example_skip_dag.py for tasks to queue
[2021-03-31 03:04:28,487] {logging_mixin.py:104} INFO - [2021-03-31 03:04:28,486] {dagbag.py:448} INFO - Filling up the DagBag from /home/prathamesh/PycharmProjects/airflow-basic/venv/lib/python3.8/site-packages/airflow/example_dags/example_skip_dag.py
[2021-03-31 03:04:28,494] {scheduler_job.py:639} INFO - DAG(s) dict_keys(['example_skip_dag']) retrieved from /home/prathamesh/PycharmProjects/airflow-basic/venv/lib/python3.8/site-packages/airflow/example_dags/example_skip_dag.py
[2021-03-31 03:04:28,504] {logging_mixin.py:104} INFO - [2021-03-31 03:04:28,504] {dag.py:1818} INFO - Sync 1 DAGs
[2021-03-31 03:04:28,512] {logging_mixin.py:104} INFO - [2021-03-31 03:04:28,512] {dag.py:2273} INFO - Setting next_dagrun for example_skip_dag to 2021-03-29 00:00:00+00:00
[2021-03-31 03:04:28,516] {scheduler_job.py:190} INFO - Processing /home/prathamesh/PycharmProjects/airflow-basic/venv/lib/python3.8/site-packages/airflow/example_dags/example_skip_dag.py took 0.033 seconds
[2021-03-31 03:05:05,369] {scheduler_job.py:182} INFO - Started process (PID=16903) to work on /home/prathamesh/PycharmProjects/airflow-basic/venv/lib/python3.8/site-packages/airflow/example_dags/example_skip_dag.py
[2021-03-31 03:05:05,370] {scheduler_job.py:629} INFO - Processing file /home/prathamesh/PycharmProjects/airflow-basic/venv/lib/python3.8/site-packages/airflow/example_dags/example_skip_dag.py for tasks to queue
[2021-03-31 03:05:05,370] {logging_mixin.py:104} INFO - [2021-03-31 03:05:05,370] {dagbag.py:448} INFO - Filling up the DagBag from /home/prathamesh/PycharmProjects/airflow-basic/venv/lib/python3.8/site-packages/airflow/example_dags/example_skip_dag.py
[2021-03-31 03:05:05,381] {scheduler_job.py:639} INFO - DAG(s) dict_keys(['example_skip_dag']) retrieved from /home/prathamesh/PycharmProjects/airflow-basic/venv/lib/python3.8/site-packages/airflow/example_dags/example_skip_dag.py
[2021-03-31 03:05:05,396] {logging_mixin.py:104} INFO - [2021-03-31 03:05:05,396] {dag.py:1818} INFO - Sync 1 DAGs
[2021-03-31 03:05:05,402] {logging_mixin.py:104} INFO - [2021-03-31 03:05:05,402] {dag.py:2273} INFO - Setting next_dagrun for example_skip_dag to 2021-03-29 00:00:00+00:00
[2021-03-31 03:05:05,407] {scheduler_job.py:190} INFO - Processing /home/prathamesh/PycharmProjects/airflow-basic/venv/lib/python3.8/site-packages/airflow/example_dags/example_skip_dag.py took 0.040 seconds
[2021-03-31 03:05:44,075] {scheduler_job.py:182} INFO - Started process (PID=17036) to work on /home/prathamesh/PycharmProjects/airflow-basic/venv/lib/python3.8/site-packages/airflow/example_dags/example_skip_dag.py
[2021-03-31 03:05:44,076] {scheduler_job.py:629} INFO - Processing file /home/prathamesh/PycharmProjects/airflow-basic/venv/lib/python3.8/site-packages/airflow/example_dags/example_skip_dag.py for tasks to queue
[2021-03-31 03:05:44,076] {logging_mixin.py:104} INFO - [2021-03-31 03:05:44,076] {dagbag.py:448} INFO - Filling up the DagBag from /home/prathamesh/PycharmProjects/airflow-basic/venv/lib/python3.8/site-packages/airflow/example_dags/example_skip_dag.py
[2021-03-31 03:05:44,083] {scheduler_job.py:639} INFO - DAG(s) dict_keys(['example_skip_dag']) retrieved from /home/prathamesh/PycharmProjects/airflow-basic/venv/lib/python3.8/site-packages/airflow/example_dags/example_skip_dag.py
[2021-03-31 03:05:44,093] {logging_mixin.py:104} INFO - [2021-03-31 03:05:44,093] {dag.py:1818} INFO - Sync 1 DAGs
[2021-03-31 03:05:44,101] {logging_mixin.py:104} INFO - [2021-03-31 03:05:44,101] {dag.py:2273} INFO - Setting next_dagrun for example_skip_dag to 2021-03-29 00:00:00+00:00
[2021-03-31 03:05:44,105] {scheduler_job.py:190} INFO - Processing /home/prathamesh/PycharmProjects/airflow-basic/venv/lib/python3.8/site-packages/airflow/example_dags/example_skip_dag.py took 0.032 seconds
[2021-03-31 03:06:23,101] {scheduler_job.py:182} INFO - Started process (PID=17175) to work on /home/prathamesh/PycharmProjects/airflow-basic/venv/lib/python3.8/site-packages/airflow/example_dags/example_skip_dag.py
[2021-03-31 03:06:23,101] {scheduler_job.py:629} INFO - Processing file /home/prathamesh/PycharmProjects/airflow-basic/venv/lib/python3.8/site-packages/airflow/example_dags/example_skip_dag.py for tasks to queue
[2021-03-31 03:06:23,102] {logging_mixin.py:104} INFO - [2021-03-31 03:06:23,102] {dagbag.py:448} INFO - Filling up the DagBag from /home/prathamesh/PycharmProjects/airflow-basic/venv/lib/python3.8/site-packages/airflow/example_dags/example_skip_dag.py
[2021-03-31 03:06:23,121] {scheduler_job.py:639} INFO - DAG(s) dict_keys(['example_skip_dag']) retrieved from /home/prathamesh/PycharmProjects/airflow-basic/venv/lib/python3.8/site-packages/airflow/example_dags/example_skip_dag.py
[2021-03-31 03:06:23,142] {logging_mixin.py:104} INFO - [2021-03-31 03:06:23,142] {dag.py:1818} INFO - Sync 1 DAGs
[2021-03-31 03:06:23,171] {logging_mixin.py:104} INFO - [2021-03-31 03:06:23,171] {dag.py:2273} INFO - Setting next_dagrun for example_skip_dag to 2021-03-29 00:00:00+00:00
[2021-03-31 03:06:23,175] {scheduler_job.py:190} INFO - Processing /home/prathamesh/PycharmProjects/airflow-basic/venv/lib/python3.8/site-packages/airflow/example_dags/example_skip_dag.py took 0.076 seconds
[2021-03-31 03:07:03,458] {scheduler_job.py:182} INFO - Started process (PID=17308) to work on /home/prathamesh/PycharmProjects/airflow-basic/venv/lib/python3.8/site-packages/airflow/example_dags/example_skip_dag.py
[2021-03-31 03:07:03,459] {scheduler_job.py:629} INFO - Processing file /home/prathamesh/PycharmProjects/airflow-basic/venv/lib/python3.8/site-packages/airflow/example_dags/example_skip_dag.py for tasks to queue
[2021-03-31 03:07:03,460] {logging_mixin.py:104} INFO - [2021-03-31 03:07:03,460] {dagbag.py:448} INFO - Filling up the DagBag from /home/prathamesh/PycharmProjects/airflow-basic/venv/lib/python3.8/site-packages/airflow/example_dags/example_skip_dag.py
[2021-03-31 03:07:03,471] {scheduler_job.py:639} INFO - DAG(s) dict_keys(['example_skip_dag']) retrieved from /home/prathamesh/PycharmProjects/airflow-basic/venv/lib/python3.8/site-packages/airflow/example_dags/example_skip_dag.py
[2021-03-31 03:07:03,491] {logging_mixin.py:104} INFO - [2021-03-31 03:07:03,491] {dag.py:1818} INFO - Sync 1 DAGs
[2021-03-31 03:07:03,503] {logging_mixin.py:104} INFO - [2021-03-31 03:07:03,503] {dag.py:2273} INFO - Setting next_dagrun for example_skip_dag to 2021-03-29 00:00:00+00:00
[2021-03-31 03:07:03,512] {scheduler_job.py:190} INFO - Processing /home/prathamesh/PycharmProjects/airflow-basic/venv/lib/python3.8/site-packages/airflow/example_dags/example_skip_dag.py took 0.057 seconds
[2021-03-31 03:07:43,191] {scheduler_job.py:182} INFO - Started process (PID=17443) to work on /home/prathamesh/PycharmProjects/airflow-basic/venv/lib/python3.8/site-packages/airflow/example_dags/example_skip_dag.py
[2021-03-31 03:07:43,192] {scheduler_job.py:629} INFO - Processing file /home/prathamesh/PycharmProjects/airflow-basic/venv/lib/python3.8/site-packages/airflow/example_dags/example_skip_dag.py for tasks to queue
[2021-03-31 03:07:43,192] {logging_mixin.py:104} INFO - [2021-03-31 03:07:43,192] {dagbag.py:448} INFO - Filling up the DagBag from /home/prathamesh/PycharmProjects/airflow-basic/venv/lib/python3.8/site-packages/airflow/example_dags/example_skip_dag.py
[2021-03-31 03:07:43,214] {scheduler_job.py:639} INFO - DAG(s) dict_keys(['example_skip_dag']) retrieved from /home/prathamesh/PycharmProjects/airflow-basic/venv/lib/python3.8/site-packages/airflow/example_dags/example_skip_dag.py
[2021-03-31 03:07:43,235] {logging_mixin.py:104} INFO - [2021-03-31 03:07:43,235] {dag.py:1818} INFO - Sync 1 DAGs
[2021-03-31 03:07:43,258] {logging_mixin.py:104} INFO - [2021-03-31 03:07:43,258] {dag.py:2273} INFO - Setting next_dagrun for example_skip_dag to 2021-03-29 00:00:00+00:00
[2021-03-31 03:07:43,264] {scheduler_job.py:190} INFO - Processing /home/prathamesh/PycharmProjects/airflow-basic/venv/lib/python3.8/site-packages/airflow/example_dags/example_skip_dag.py took 0.075 seconds
[2021-03-31 03:08:21,522] {scheduler_job.py:182} INFO - Started process (PID=17587) to work on /home/prathamesh/PycharmProjects/airflow-basic/venv/lib/python3.8/site-packages/airflow/example_dags/example_skip_dag.py
[2021-03-31 03:08:21,522] {scheduler_job.py:629} INFO - Processing file /home/prathamesh/PycharmProjects/airflow-basic/venv/lib/python3.8/site-packages/airflow/example_dags/example_skip_dag.py for tasks to queue
[2021-03-31 03:08:21,523] {logging_mixin.py:104} INFO - [2021-03-31 03:08:21,523] {dagbag.py:448} INFO - Filling up the DagBag from /home/prathamesh/PycharmProjects/airflow-basic/venv/lib/python3.8/site-packages/airflow/example_dags/example_skip_dag.py
[2021-03-31 03:08:21,534] {scheduler_job.py:639} INFO - DAG(s) dict_keys(['example_skip_dag']) retrieved from /home/prathamesh/PycharmProjects/airflow-basic/venv/lib/python3.8/site-packages/airflow/example_dags/example_skip_dag.py
[2021-03-31 03:08:21,547] {logging_mixin.py:104} INFO - [2021-03-31 03:08:21,547] {dag.py:1818} INFO - Sync 1 DAGs
[2021-03-31 03:08:21,557] {logging_mixin.py:104} INFO - [2021-03-31 03:08:21,557] {dag.py:2273} INFO - Setting next_dagrun for example_skip_dag to 2021-03-29 00:00:00+00:00
[2021-03-31 03:08:21,564] {scheduler_job.py:190} INFO - Processing /home/prathamesh/PycharmProjects/airflow-basic/venv/lib/python3.8/site-packages/airflow/example_dags/example_skip_dag.py took 0.046 seconds
