[2021-03-31 01:49:00,281] {scheduler_job.py:182} INFO - Started process (PID=12621) to work on /home/prathamesh/PycharmProjects/airflow-basic/venv/lib/python3.8/site-packages/airflow/example_dags/example_task_group.py
[2021-03-31 01:49:00,295] {scheduler_job.py:629} INFO - Processing file /home/prathamesh/PycharmProjects/airflow-basic/venv/lib/python3.8/site-packages/airflow/example_dags/example_task_group.py for tasks to queue
[2021-03-31 01:49:00,296] {logging_mixin.py:104} INFO - [2021-03-31 01:49:00,296] {dagbag.py:448} INFO - Filling up the DagBag from /home/prathamesh/PycharmProjects/airflow-basic/venv/lib/python3.8/site-packages/airflow/example_dags/example_task_group.py
[2021-03-31 01:49:00,320] {scheduler_job.py:639} INFO - DAG(s) dict_keys(['example_task_group']) retrieved from /home/prathamesh/PycharmProjects/airflow-basic/venv/lib/python3.8/site-packages/airflow/example_dags/example_task_group.py
[2021-03-31 01:49:00,388] {logging_mixin.py:104} INFO - [2021-03-31 01:49:00,388] {dag.py:1818} INFO - Sync 1 DAGs
[2021-03-31 01:49:00,411] {logging_mixin.py:104} INFO - [2021-03-31 01:49:00,411] {dag.py:2273} INFO - Setting next_dagrun for example_task_group to 2021-03-29 00:00:00+00:00
[2021-03-31 01:49:00,458] {scheduler_job.py:190} INFO - Processing /home/prathamesh/PycharmProjects/airflow-basic/venv/lib/python3.8/site-packages/airflow/example_dags/example_task_group.py took 0.180 seconds
[2021-03-31 01:49:37,275] {scheduler_job.py:182} INFO - Started process (PID=12656) to work on /home/prathamesh/PycharmProjects/airflow-basic/venv/lib/python3.8/site-packages/airflow/example_dags/example_task_group.py
[2021-03-31 01:49:37,276] {scheduler_job.py:629} INFO - Processing file /home/prathamesh/PycharmProjects/airflow-basic/venv/lib/python3.8/site-packages/airflow/example_dags/example_task_group.py for tasks to queue
[2021-03-31 01:49:37,283] {logging_mixin.py:104} INFO - [2021-03-31 01:49:37,283] {dagbag.py:448} INFO - Filling up the DagBag from /home/prathamesh/PycharmProjects/airflow-basic/venv/lib/python3.8/site-packages/airflow/example_dags/example_task_group.py
[2021-03-31 01:49:37,292] {scheduler_job.py:639} INFO - DAG(s) dict_keys(['example_task_group']) retrieved from /home/prathamesh/PycharmProjects/airflow-basic/venv/lib/python3.8/site-packages/airflow/example_dags/example_task_group.py
[2021-03-31 01:49:37,305] {logging_mixin.py:104} INFO - [2021-03-31 01:49:37,305] {dag.py:1818} INFO - Sync 1 DAGs
[2021-03-31 01:49:37,315] {logging_mixin.py:104} INFO - [2021-03-31 01:49:37,314] {dag.py:2273} INFO - Setting next_dagrun for example_task_group to 2021-03-29 00:00:00+00:00
[2021-03-31 01:49:37,323] {scheduler_job.py:190} INFO - Processing /home/prathamesh/PycharmProjects/airflow-basic/venv/lib/python3.8/site-packages/airflow/example_dags/example_task_group.py took 0.051 seconds
[2021-03-31 01:50:11,113] {scheduler_job.py:182} INFO - Started process (PID=12690) to work on /home/prathamesh/PycharmProjects/airflow-basic/venv/lib/python3.8/site-packages/airflow/example_dags/example_task_group.py
[2021-03-31 01:50:11,114] {scheduler_job.py:629} INFO - Processing file /home/prathamesh/PycharmProjects/airflow-basic/venv/lib/python3.8/site-packages/airflow/example_dags/example_task_group.py for tasks to queue
[2021-03-31 01:50:11,115] {logging_mixin.py:104} INFO - [2021-03-31 01:50:11,115] {dagbag.py:448} INFO - Filling up the DagBag from /home/prathamesh/PycharmProjects/airflow-basic/venv/lib/python3.8/site-packages/airflow/example_dags/example_task_group.py
[2021-03-31 01:50:11,137] {scheduler_job.py:639} INFO - DAG(s) dict_keys(['example_task_group']) retrieved from /home/prathamesh/PycharmProjects/airflow-basic/venv/lib/python3.8/site-packages/airflow/example_dags/example_task_group.py
[2021-03-31 01:50:11,159] {logging_mixin.py:104} INFO - [2021-03-31 01:50:11,159] {dag.py:1818} INFO - Sync 1 DAGs
[2021-03-31 01:50:11,188] {logging_mixin.py:104} INFO - [2021-03-31 01:50:11,188] {dag.py:2273} INFO - Setting next_dagrun for example_task_group to 2021-03-29 00:00:00+00:00
[2021-03-31 01:50:11,198] {scheduler_job.py:190} INFO - Processing /home/prathamesh/PycharmProjects/airflow-basic/venv/lib/python3.8/site-packages/airflow/example_dags/example_task_group.py took 0.088 seconds
[2021-03-31 01:50:52,455] {scheduler_job.py:182} INFO - Started process (PID=12738) to work on /home/prathamesh/PycharmProjects/airflow-basic/venv/lib/python3.8/site-packages/airflow/example_dags/example_task_group.py
[2021-03-31 01:50:52,464] {scheduler_job.py:629} INFO - Processing file /home/prathamesh/PycharmProjects/airflow-basic/venv/lib/python3.8/site-packages/airflow/example_dags/example_task_group.py for tasks to queue
[2021-03-31 01:50:52,465] {logging_mixin.py:104} INFO - [2021-03-31 01:50:52,465] {dagbag.py:448} INFO - Filling up the DagBag from /home/prathamesh/PycharmProjects/airflow-basic/venv/lib/python3.8/site-packages/airflow/example_dags/example_task_group.py
[2021-03-31 01:50:52,503] {scheduler_job.py:639} INFO - DAG(s) dict_keys(['example_task_group']) retrieved from /home/prathamesh/PycharmProjects/airflow-basic/venv/lib/python3.8/site-packages/airflow/example_dags/example_task_group.py
[2021-03-31 01:50:52,549] {logging_mixin.py:104} INFO - [2021-03-31 01:50:52,549] {dag.py:1818} INFO - Sync 1 DAGs
[2021-03-31 01:50:52,578] {logging_mixin.py:104} INFO - [2021-03-31 01:50:52,578] {dag.py:2273} INFO - Setting next_dagrun for example_task_group to 2021-03-29 00:00:00+00:00
[2021-03-31 01:50:52,590] {scheduler_job.py:190} INFO - Processing /home/prathamesh/PycharmProjects/airflow-basic/venv/lib/python3.8/site-packages/airflow/example_dags/example_task_group.py took 0.138 seconds
[2021-03-31 01:53:14,530] {scheduler_job.py:182} INFO - Started process (PID=12803) to work on /home/prathamesh/PycharmProjects/airflow-basic/venv/lib/python3.8/site-packages/airflow/example_dags/example_task_group.py
[2021-03-31 01:53:14,542] {scheduler_job.py:629} INFO - Processing file /home/prathamesh/PycharmProjects/airflow-basic/venv/lib/python3.8/site-packages/airflow/example_dags/example_task_group.py for tasks to queue
[2021-03-31 01:53:14,543] {logging_mixin.py:104} INFO - [2021-03-31 01:53:14,543] {dagbag.py:448} INFO - Filling up the DagBag from /home/prathamesh/PycharmProjects/airflow-basic/venv/lib/python3.8/site-packages/airflow/example_dags/example_task_group.py
[2021-03-31 01:53:14,589] {scheduler_job.py:639} INFO - DAG(s) dict_keys(['example_task_group']) retrieved from /home/prathamesh/PycharmProjects/airflow-basic/venv/lib/python3.8/site-packages/airflow/example_dags/example_task_group.py
[2021-03-31 01:53:14,664] {logging_mixin.py:104} INFO - [2021-03-31 01:53:14,663] {dag.py:1818} INFO - Sync 1 DAGs
[2021-03-31 01:53:14,790] {logging_mixin.py:104} INFO - [2021-03-31 01:53:14,790] {dag.py:2273} INFO - Setting next_dagrun for example_task_group to 2021-03-29 00:00:00+00:00
[2021-03-31 01:53:14,853] {scheduler_job.py:190} INFO - Processing /home/prathamesh/PycharmProjects/airflow-basic/venv/lib/python3.8/site-packages/airflow/example_dags/example_task_group.py took 0.327 seconds
[2021-03-31 01:53:55,449] {scheduler_job.py:182} INFO - Started process (PID=12853) to work on /home/prathamesh/PycharmProjects/airflow-basic/venv/lib/python3.8/site-packages/airflow/example_dags/example_task_group.py
[2021-03-31 01:53:55,450] {scheduler_job.py:629} INFO - Processing file /home/prathamesh/PycharmProjects/airflow-basic/venv/lib/python3.8/site-packages/airflow/example_dags/example_task_group.py for tasks to queue
[2021-03-31 01:53:55,451] {logging_mixin.py:104} INFO - [2021-03-31 01:53:55,450] {dagbag.py:448} INFO - Filling up the DagBag from /home/prathamesh/PycharmProjects/airflow-basic/venv/lib/python3.8/site-packages/airflow/example_dags/example_task_group.py
[2021-03-31 01:53:55,485] {scheduler_job.py:639} INFO - DAG(s) dict_keys(['example_task_group']) retrieved from /home/prathamesh/PycharmProjects/airflow-basic/venv/lib/python3.8/site-packages/airflow/example_dags/example_task_group.py
[2021-03-31 01:53:55,592] {logging_mixin.py:104} INFO - [2021-03-31 01:53:55,592] {dag.py:1818} INFO - Sync 1 DAGs
[2021-03-31 01:53:55,667] {logging_mixin.py:104} INFO - [2021-03-31 01:53:55,666] {dag.py:2273} INFO - Setting next_dagrun for example_task_group to 2021-03-29 00:00:00+00:00
[2021-03-31 01:53:55,733] {scheduler_job.py:190} INFO - Processing /home/prathamesh/PycharmProjects/airflow-basic/venv/lib/python3.8/site-packages/airflow/example_dags/example_task_group.py took 0.326 seconds
[2021-03-31 01:54:35,383] {scheduler_job.py:182} INFO - Started process (PID=12901) to work on /home/prathamesh/PycharmProjects/airflow-basic/venv/lib/python3.8/site-packages/airflow/example_dags/example_task_group.py
[2021-03-31 01:54:35,389] {scheduler_job.py:629} INFO - Processing file /home/prathamesh/PycharmProjects/airflow-basic/venv/lib/python3.8/site-packages/airflow/example_dags/example_task_group.py for tasks to queue
[2021-03-31 01:54:35,397] {logging_mixin.py:104} INFO - [2021-03-31 01:54:35,397] {dagbag.py:448} INFO - Filling up the DagBag from /home/prathamesh/PycharmProjects/airflow-basic/venv/lib/python3.8/site-packages/airflow/example_dags/example_task_group.py
[2021-03-31 01:54:35,423] {scheduler_job.py:639} INFO - DAG(s) dict_keys(['example_task_group']) retrieved from /home/prathamesh/PycharmProjects/airflow-basic/venv/lib/python3.8/site-packages/airflow/example_dags/example_task_group.py
[2021-03-31 01:54:35,503] {logging_mixin.py:104} INFO - [2021-03-31 01:54:35,503] {dag.py:1818} INFO - Sync 1 DAGs
[2021-03-31 01:54:35,638] {logging_mixin.py:104} INFO - [2021-03-31 01:54:35,637] {dag.py:2273} INFO - Setting next_dagrun for example_task_group to 2021-03-29 00:00:00+00:00
[2021-03-31 01:54:35,711] {scheduler_job.py:190} INFO - Processing /home/prathamesh/PycharmProjects/airflow-basic/venv/lib/python3.8/site-packages/airflow/example_dags/example_task_group.py took 0.334 seconds
[2021-03-31 01:55:17,421] {scheduler_job.py:182} INFO - Started process (PID=12941) to work on /home/prathamesh/PycharmProjects/airflow-basic/venv/lib/python3.8/site-packages/airflow/example_dags/example_task_group.py
[2021-03-31 01:55:17,460] {scheduler_job.py:629} INFO - Processing file /home/prathamesh/PycharmProjects/airflow-basic/venv/lib/python3.8/site-packages/airflow/example_dags/example_task_group.py for tasks to queue
[2021-03-31 01:55:17,463] {logging_mixin.py:104} INFO - [2021-03-31 01:55:17,462] {dagbag.py:448} INFO - Filling up the DagBag from /home/prathamesh/PycharmProjects/airflow-basic/venv/lib/python3.8/site-packages/airflow/example_dags/example_task_group.py
[2021-03-31 01:55:17,623] {scheduler_job.py:639} INFO - DAG(s) dict_keys(['example_task_group']) retrieved from /home/prathamesh/PycharmProjects/airflow-basic/venv/lib/python3.8/site-packages/airflow/example_dags/example_task_group.py
[2021-03-31 01:55:17,864] {logging_mixin.py:104} INFO - [2021-03-31 01:55:17,824] {dag.py:1818} INFO - Sync 1 DAGs
[2021-03-31 01:55:18,074] {logging_mixin.py:104} INFO - [2021-03-31 01:55:18,074] {dag.py:2273} INFO - Setting next_dagrun for example_task_group to 2021-03-29 00:00:00+00:00
[2021-03-31 01:55:18,139] {scheduler_job.py:190} INFO - Processing /home/prathamesh/PycharmProjects/airflow-basic/venv/lib/python3.8/site-packages/airflow/example_dags/example_task_group.py took 0.762 seconds
[2021-03-31 01:56:03,677] {scheduler_job.py:182} INFO - Started process (PID=13032) to work on /home/prathamesh/PycharmProjects/airflow-basic/venv/lib/python3.8/site-packages/airflow/example_dags/example_task_group.py
[2021-03-31 01:56:03,680] {scheduler_job.py:629} INFO - Processing file /home/prathamesh/PycharmProjects/airflow-basic/venv/lib/python3.8/site-packages/airflow/example_dags/example_task_group.py for tasks to queue
[2021-03-31 01:56:03,680] {logging_mixin.py:104} INFO - [2021-03-31 01:56:03,680] {dagbag.py:448} INFO - Filling up the DagBag from /home/prathamesh/PycharmProjects/airflow-basic/venv/lib/python3.8/site-packages/airflow/example_dags/example_task_group.py
[2021-03-31 01:56:03,737] {scheduler_job.py:639} INFO - DAG(s) dict_keys(['example_task_group']) retrieved from /home/prathamesh/PycharmProjects/airflow-basic/venv/lib/python3.8/site-packages/airflow/example_dags/example_task_group.py
[2021-03-31 01:56:03,824] {logging_mixin.py:104} INFO - [2021-03-31 01:56:03,824] {dag.py:1818} INFO - Sync 1 DAGs
[2021-03-31 01:56:03,889] {logging_mixin.py:104} INFO - [2021-03-31 01:56:03,889] {dag.py:2273} INFO - Setting next_dagrun for example_task_group to 2021-03-29 00:00:00+00:00
[2021-03-31 01:56:03,926] {scheduler_job.py:190} INFO - Processing /home/prathamesh/PycharmProjects/airflow-basic/venv/lib/python3.8/site-packages/airflow/example_dags/example_task_group.py took 0.253 seconds
[2021-03-31 01:56:48,409] {scheduler_job.py:182} INFO - Started process (PID=13072) to work on /home/prathamesh/PycharmProjects/airflow-basic/venv/lib/python3.8/site-packages/airflow/example_dags/example_task_group.py
[2021-03-31 01:56:48,410] {scheduler_job.py:629} INFO - Processing file /home/prathamesh/PycharmProjects/airflow-basic/venv/lib/python3.8/site-packages/airflow/example_dags/example_task_group.py for tasks to queue
[2021-03-31 01:56:48,411] {logging_mixin.py:104} INFO - [2021-03-31 01:56:48,411] {dagbag.py:448} INFO - Filling up the DagBag from /home/prathamesh/PycharmProjects/airflow-basic/venv/lib/python3.8/site-packages/airflow/example_dags/example_task_group.py
[2021-03-31 01:56:48,424] {scheduler_job.py:639} INFO - DAG(s) dict_keys(['example_task_group']) retrieved from /home/prathamesh/PycharmProjects/airflow-basic/venv/lib/python3.8/site-packages/airflow/example_dags/example_task_group.py
[2021-03-31 01:56:48,442] {logging_mixin.py:104} INFO - [2021-03-31 01:56:48,442] {dag.py:1818} INFO - Sync 1 DAGs
[2021-03-31 01:56:48,457] {logging_mixin.py:104} INFO - [2021-03-31 01:56:48,456] {dag.py:2273} INFO - Setting next_dagrun for example_task_group to 2021-03-29 00:00:00+00:00
[2021-03-31 01:56:48,465] {scheduler_job.py:190} INFO - Processing /home/prathamesh/PycharmProjects/airflow-basic/venv/lib/python3.8/site-packages/airflow/example_dags/example_task_group.py took 0.073 seconds
[2021-03-31 01:57:25,744] {scheduler_job.py:182} INFO - Started process (PID=13106) to work on /home/prathamesh/PycharmProjects/airflow-basic/venv/lib/python3.8/site-packages/airflow/example_dags/example_task_group.py
[2021-03-31 01:57:25,753] {scheduler_job.py:629} INFO - Processing file /home/prathamesh/PycharmProjects/airflow-basic/venv/lib/python3.8/site-packages/airflow/example_dags/example_task_group.py for tasks to queue
[2021-03-31 01:57:25,754] {logging_mixin.py:104} INFO - [2021-03-31 01:57:25,754] {dagbag.py:448} INFO - Filling up the DagBag from /home/prathamesh/PycharmProjects/airflow-basic/venv/lib/python3.8/site-packages/airflow/example_dags/example_task_group.py
[2021-03-31 01:57:25,850] {scheduler_job.py:639} INFO - DAG(s) dict_keys(['example_task_group']) retrieved from /home/prathamesh/PycharmProjects/airflow-basic/venv/lib/python3.8/site-packages/airflow/example_dags/example_task_group.py
[2021-03-31 01:57:25,946] {logging_mixin.py:104} INFO - [2021-03-31 01:57:25,946] {dag.py:1818} INFO - Sync 1 DAGs
[2021-03-31 01:57:26,033] {logging_mixin.py:104} INFO - [2021-03-31 01:57:26,033] {dag.py:2273} INFO - Setting next_dagrun for example_task_group to 2021-03-29 00:00:00+00:00
[2021-03-31 01:57:26,092] {scheduler_job.py:190} INFO - Processing /home/prathamesh/PycharmProjects/airflow-basic/venv/lib/python3.8/site-packages/airflow/example_dags/example_task_group.py took 0.367 seconds
[2021-03-31 02:51:50,631] {scheduler_job.py:182} INFO - Started process (PID=13784) to work on /home/prathamesh/PycharmProjects/airflow-basic/venv/lib/python3.8/site-packages/airflow/example_dags/example_task_group.py
[2021-03-31 02:51:50,644] {scheduler_job.py:629} INFO - Processing file /home/prathamesh/PycharmProjects/airflow-basic/venv/lib/python3.8/site-packages/airflow/example_dags/example_task_group.py for tasks to queue
[2021-03-31 02:51:50,644] {logging_mixin.py:104} INFO - [2021-03-31 02:51:50,644] {dagbag.py:448} INFO - Filling up the DagBag from /home/prathamesh/PycharmProjects/airflow-basic/venv/lib/python3.8/site-packages/airflow/example_dags/example_task_group.py
[2021-03-31 02:51:50,651] {scheduler_job.py:639} INFO - DAG(s) dict_keys(['example_task_group']) retrieved from /home/prathamesh/PycharmProjects/airflow-basic/venv/lib/python3.8/site-packages/airflow/example_dags/example_task_group.py
[2021-03-31 02:51:50,691] {logging_mixin.py:104} INFO - [2021-03-31 02:51:50,691] {dag.py:1818} INFO - Sync 1 DAGs
[2021-03-31 02:51:50,719] {logging_mixin.py:104} INFO - [2021-03-31 02:51:50,719] {dag.py:2273} INFO - Setting next_dagrun for example_task_group to 2021-03-29 00:00:00+00:00
[2021-03-31 02:51:50,734] {scheduler_job.py:190} INFO - Processing /home/prathamesh/PycharmProjects/airflow-basic/venv/lib/python3.8/site-packages/airflow/example_dags/example_task_group.py took 0.105 seconds
[2021-03-31 02:52:27,421] {scheduler_job.py:182} INFO - Started process (PID=13936) to work on /home/prathamesh/PycharmProjects/airflow-basic/venv/lib/python3.8/site-packages/airflow/example_dags/example_task_group.py
[2021-03-31 02:52:27,422] {scheduler_job.py:629} INFO - Processing file /home/prathamesh/PycharmProjects/airflow-basic/venv/lib/python3.8/site-packages/airflow/example_dags/example_task_group.py for tasks to queue
[2021-03-31 02:52:27,422] {logging_mixin.py:104} INFO - [2021-03-31 02:52:27,422] {dagbag.py:448} INFO - Filling up the DagBag from /home/prathamesh/PycharmProjects/airflow-basic/venv/lib/python3.8/site-packages/airflow/example_dags/example_task_group.py
[2021-03-31 02:52:27,430] {scheduler_job.py:639} INFO - DAG(s) dict_keys(['example_task_group']) retrieved from /home/prathamesh/PycharmProjects/airflow-basic/venv/lib/python3.8/site-packages/airflow/example_dags/example_task_group.py
[2021-03-31 02:52:27,439] {logging_mixin.py:104} INFO - [2021-03-31 02:52:27,438] {dag.py:1818} INFO - Sync 1 DAGs
[2021-03-31 02:52:27,445] {logging_mixin.py:104} INFO - [2021-03-31 02:52:27,445] {dag.py:2273} INFO - Setting next_dagrun for example_task_group to 2021-03-29 00:00:00+00:00
[2021-03-31 02:52:27,449] {scheduler_job.py:190} INFO - Processing /home/prathamesh/PycharmProjects/airflow-basic/venv/lib/python3.8/site-packages/airflow/example_dags/example_task_group.py took 0.030 seconds
[2021-03-31 02:53:06,037] {scheduler_job.py:182} INFO - Started process (PID=14071) to work on /home/prathamesh/PycharmProjects/airflow-basic/venv/lib/python3.8/site-packages/airflow/example_dags/example_task_group.py
[2021-03-31 02:53:06,038] {scheduler_job.py:629} INFO - Processing file /home/prathamesh/PycharmProjects/airflow-basic/venv/lib/python3.8/site-packages/airflow/example_dags/example_task_group.py for tasks to queue
[2021-03-31 02:53:06,038] {logging_mixin.py:104} INFO - [2021-03-31 02:53:06,038] {dagbag.py:448} INFO - Filling up the DagBag from /home/prathamesh/PycharmProjects/airflow-basic/venv/lib/python3.8/site-packages/airflow/example_dags/example_task_group.py
[2021-03-31 02:53:06,045] {scheduler_job.py:639} INFO - DAG(s) dict_keys(['example_task_group']) retrieved from /home/prathamesh/PycharmProjects/airflow-basic/venv/lib/python3.8/site-packages/airflow/example_dags/example_task_group.py
[2021-03-31 02:53:06,054] {logging_mixin.py:104} INFO - [2021-03-31 02:53:06,054] {dag.py:1818} INFO - Sync 1 DAGs
[2021-03-31 02:53:06,062] {logging_mixin.py:104} INFO - [2021-03-31 02:53:06,062] {dag.py:2273} INFO - Setting next_dagrun for example_task_group to 2021-03-29 00:00:00+00:00
[2021-03-31 02:53:06,065] {scheduler_job.py:190} INFO - Processing /home/prathamesh/PycharmProjects/airflow-basic/venv/lib/python3.8/site-packages/airflow/example_dags/example_task_group.py took 0.031 seconds
[2021-03-31 02:53:42,248] {scheduler_job.py:182} INFO - Started process (PID=14207) to work on /home/prathamesh/PycharmProjects/airflow-basic/venv/lib/python3.8/site-packages/airflow/example_dags/example_task_group.py
[2021-03-31 02:53:42,249] {scheduler_job.py:629} INFO - Processing file /home/prathamesh/PycharmProjects/airflow-basic/venv/lib/python3.8/site-packages/airflow/example_dags/example_task_group.py for tasks to queue
[2021-03-31 02:53:42,249] {logging_mixin.py:104} INFO - [2021-03-31 02:53:42,249] {dagbag.py:448} INFO - Filling up the DagBag from /home/prathamesh/PycharmProjects/airflow-basic/venv/lib/python3.8/site-packages/airflow/example_dags/example_task_group.py
[2021-03-31 02:53:42,258] {scheduler_job.py:639} INFO - DAG(s) dict_keys(['example_task_group']) retrieved from /home/prathamesh/PycharmProjects/airflow-basic/venv/lib/python3.8/site-packages/airflow/example_dags/example_task_group.py
[2021-03-31 02:53:42,270] {logging_mixin.py:104} INFO - [2021-03-31 02:53:42,270] {dag.py:1818} INFO - Sync 1 DAGs
[2021-03-31 02:53:42,278] {logging_mixin.py:104} INFO - [2021-03-31 02:53:42,278] {dag.py:2273} INFO - Setting next_dagrun for example_task_group to 2021-03-29 00:00:00+00:00
[2021-03-31 02:53:42,282] {scheduler_job.py:190} INFO - Processing /home/prathamesh/PycharmProjects/airflow-basic/venv/lib/python3.8/site-packages/airflow/example_dags/example_task_group.py took 0.038 seconds
[2021-03-31 02:54:21,554] {scheduler_job.py:182} INFO - Started process (PID=14342) to work on /home/prathamesh/PycharmProjects/airflow-basic/venv/lib/python3.8/site-packages/airflow/example_dags/example_task_group.py
[2021-03-31 02:54:21,567] {scheduler_job.py:629} INFO - Processing file /home/prathamesh/PycharmProjects/airflow-basic/venv/lib/python3.8/site-packages/airflow/example_dags/example_task_group.py for tasks to queue
[2021-03-31 02:54:21,568] {logging_mixin.py:104} INFO - [2021-03-31 02:54:21,568] {dagbag.py:448} INFO - Filling up the DagBag from /home/prathamesh/PycharmProjects/airflow-basic/venv/lib/python3.8/site-packages/airflow/example_dags/example_task_group.py
[2021-03-31 02:54:21,590] {scheduler_job.py:639} INFO - DAG(s) dict_keys(['example_task_group']) retrieved from /home/prathamesh/PycharmProjects/airflow-basic/venv/lib/python3.8/site-packages/airflow/example_dags/example_task_group.py
[2021-03-31 02:54:21,599] {logging_mixin.py:104} INFO - [2021-03-31 02:54:21,599] {dag.py:1818} INFO - Sync 1 DAGs
[2021-03-31 02:54:21,605] {logging_mixin.py:104} INFO - [2021-03-31 02:54:21,605] {dag.py:2273} INFO - Setting next_dagrun for example_task_group to 2021-03-29 00:00:00+00:00
[2021-03-31 02:54:21,625] {scheduler_job.py:190} INFO - Processing /home/prathamesh/PycharmProjects/airflow-basic/venv/lib/python3.8/site-packages/airflow/example_dags/example_task_group.py took 0.073 seconds
[2021-03-31 02:54:58,014] {scheduler_job.py:182} INFO - Started process (PID=14474) to work on /home/prathamesh/PycharmProjects/airflow-basic/venv/lib/python3.8/site-packages/airflow/example_dags/example_task_group.py
[2021-03-31 02:54:58,015] {scheduler_job.py:629} INFO - Processing file /home/prathamesh/PycharmProjects/airflow-basic/venv/lib/python3.8/site-packages/airflow/example_dags/example_task_group.py for tasks to queue
[2021-03-31 02:54:58,015] {logging_mixin.py:104} INFO - [2021-03-31 02:54:58,015] {dagbag.py:448} INFO - Filling up the DagBag from /home/prathamesh/PycharmProjects/airflow-basic/venv/lib/python3.8/site-packages/airflow/example_dags/example_task_group.py
[2021-03-31 02:54:58,024] {scheduler_job.py:639} INFO - DAG(s) dict_keys(['example_task_group']) retrieved from /home/prathamesh/PycharmProjects/airflow-basic/venv/lib/python3.8/site-packages/airflow/example_dags/example_task_group.py
[2021-03-31 02:54:58,033] {logging_mixin.py:104} INFO - [2021-03-31 02:54:58,033] {dag.py:1818} INFO - Sync 1 DAGs
[2021-03-31 02:54:58,039] {logging_mixin.py:104} INFO - [2021-03-31 02:54:58,039] {dag.py:2273} INFO - Setting next_dagrun for example_task_group to 2021-03-29 00:00:00+00:00
[2021-03-31 02:54:58,046] {scheduler_job.py:190} INFO - Processing /home/prathamesh/PycharmProjects/airflow-basic/venv/lib/python3.8/site-packages/airflow/example_dags/example_task_group.py took 0.034 seconds
[2021-03-31 02:56:10,635] {scheduler_job.py:182} INFO - Started process (PID=14624) to work on /home/prathamesh/PycharmProjects/airflow-basic/venv/lib/python3.8/site-packages/airflow/example_dags/example_task_group.py
[2021-03-31 02:56:10,636] {scheduler_job.py:629} INFO - Processing file /home/prathamesh/PycharmProjects/airflow-basic/venv/lib/python3.8/site-packages/airflow/example_dags/example_task_group.py for tasks to queue
[2021-03-31 02:56:10,636] {logging_mixin.py:104} INFO - [2021-03-31 02:56:10,636] {dagbag.py:448} INFO - Filling up the DagBag from /home/prathamesh/PycharmProjects/airflow-basic/venv/lib/python3.8/site-packages/airflow/example_dags/example_task_group.py
[2021-03-31 02:56:10,657] {scheduler_job.py:639} INFO - DAG(s) dict_keys(['example_task_group']) retrieved from /home/prathamesh/PycharmProjects/airflow-basic/venv/lib/python3.8/site-packages/airflow/example_dags/example_task_group.py
[2021-03-31 02:56:10,682] {logging_mixin.py:104} INFO - [2021-03-31 02:56:10,682] {dag.py:1818} INFO - Sync 1 DAGs
[2021-03-31 02:56:10,705] {logging_mixin.py:104} INFO - [2021-03-31 02:56:10,703] {dag.py:2273} INFO - Setting next_dagrun for example_task_group to 2021-03-29 00:00:00+00:00
[2021-03-31 02:56:10,732] {scheduler_job.py:190} INFO - Processing /home/prathamesh/PycharmProjects/airflow-basic/venv/lib/python3.8/site-packages/airflow/example_dags/example_task_group.py took 0.099 seconds
[2021-03-31 02:56:56,747] {scheduler_job.py:182} INFO - Started process (PID=14785) to work on /home/prathamesh/PycharmProjects/airflow-basic/venv/lib/python3.8/site-packages/airflow/example_dags/example_task_group.py
[2021-03-31 02:56:56,750] {scheduler_job.py:629} INFO - Processing file /home/prathamesh/PycharmProjects/airflow-basic/venv/lib/python3.8/site-packages/airflow/example_dags/example_task_group.py for tasks to queue
[2021-03-31 02:56:56,751] {logging_mixin.py:104} INFO - [2021-03-31 02:56:56,751] {dagbag.py:448} INFO - Filling up the DagBag from /home/prathamesh/PycharmProjects/airflow-basic/venv/lib/python3.8/site-packages/airflow/example_dags/example_task_group.py
[2021-03-31 02:56:56,764] {scheduler_job.py:639} INFO - DAG(s) dict_keys(['example_task_group']) retrieved from /home/prathamesh/PycharmProjects/airflow-basic/venv/lib/python3.8/site-packages/airflow/example_dags/example_task_group.py
[2021-03-31 02:56:56,784] {logging_mixin.py:104} INFO - [2021-03-31 02:56:56,784] {dag.py:1818} INFO - Sync 1 DAGs
[2021-03-31 02:56:56,796] {logging_mixin.py:104} INFO - [2021-03-31 02:56:56,796] {dag.py:2273} INFO - Setting next_dagrun for example_task_group to 2021-03-29 00:00:00+00:00
[2021-03-31 02:56:56,807] {scheduler_job.py:190} INFO - Processing /home/prathamesh/PycharmProjects/airflow-basic/venv/lib/python3.8/site-packages/airflow/example_dags/example_task_group.py took 0.069 seconds
[2021-03-31 02:57:30,540] {scheduler_job.py:182} INFO - Started process (PID=14918) to work on /home/prathamesh/PycharmProjects/airflow-basic/venv/lib/python3.8/site-packages/airflow/example_dags/example_task_group.py
[2021-03-31 02:57:30,541] {scheduler_job.py:629} INFO - Processing file /home/prathamesh/PycharmProjects/airflow-basic/venv/lib/python3.8/site-packages/airflow/example_dags/example_task_group.py for tasks to queue
[2021-03-31 02:57:30,541] {logging_mixin.py:104} INFO - [2021-03-31 02:57:30,541] {dagbag.py:448} INFO - Filling up the DagBag from /home/prathamesh/PycharmProjects/airflow-basic/venv/lib/python3.8/site-packages/airflow/example_dags/example_task_group.py
[2021-03-31 02:57:30,552] {scheduler_job.py:639} INFO - DAG(s) dict_keys(['example_task_group']) retrieved from /home/prathamesh/PycharmProjects/airflow-basic/venv/lib/python3.8/site-packages/airflow/example_dags/example_task_group.py
[2021-03-31 02:57:30,562] {logging_mixin.py:104} INFO - [2021-03-31 02:57:30,562] {dag.py:1818} INFO - Sync 1 DAGs
[2021-03-31 02:57:30,571] {logging_mixin.py:104} INFO - [2021-03-31 02:57:30,571] {dag.py:2273} INFO - Setting next_dagrun for example_task_group to 2021-03-29 00:00:00+00:00
[2021-03-31 02:57:30,575] {scheduler_job.py:190} INFO - Processing /home/prathamesh/PycharmProjects/airflow-basic/venv/lib/python3.8/site-packages/airflow/example_dags/example_task_group.py took 0.039 seconds
[2021-03-31 02:58:10,093] {scheduler_job.py:182} INFO - Started process (PID=15057) to work on /home/prathamesh/PycharmProjects/airflow-basic/venv/lib/python3.8/site-packages/airflow/example_dags/example_task_group.py
[2021-03-31 02:58:10,094] {scheduler_job.py:629} INFO - Processing file /home/prathamesh/PycharmProjects/airflow-basic/venv/lib/python3.8/site-packages/airflow/example_dags/example_task_group.py for tasks to queue
[2021-03-31 02:58:10,094] {logging_mixin.py:104} INFO - [2021-03-31 02:58:10,094] {dagbag.py:448} INFO - Filling up the DagBag from /home/prathamesh/PycharmProjects/airflow-basic/venv/lib/python3.8/site-packages/airflow/example_dags/example_task_group.py
[2021-03-31 02:58:10,112] {scheduler_job.py:639} INFO - DAG(s) dict_keys(['example_task_group']) retrieved from /home/prathamesh/PycharmProjects/airflow-basic/venv/lib/python3.8/site-packages/airflow/example_dags/example_task_group.py
[2021-03-31 02:58:10,133] {logging_mixin.py:104} INFO - [2021-03-31 02:58:10,133] {dag.py:1818} INFO - Sync 1 DAGs
[2021-03-31 02:58:10,150] {logging_mixin.py:104} INFO - [2021-03-31 02:58:10,150] {dag.py:2273} INFO - Setting next_dagrun for example_task_group to 2021-03-29 00:00:00+00:00
[2021-03-31 02:58:10,154] {scheduler_job.py:190} INFO - Processing /home/prathamesh/PycharmProjects/airflow-basic/venv/lib/python3.8/site-packages/airflow/example_dags/example_task_group.py took 0.063 seconds
[2021-03-31 02:58:49,874] {scheduler_job.py:182} INFO - Started process (PID=15186) to work on /home/prathamesh/PycharmProjects/airflow-basic/venv/lib/python3.8/site-packages/airflow/example_dags/example_task_group.py
[2021-03-31 02:58:49,874] {scheduler_job.py:629} INFO - Processing file /home/prathamesh/PycharmProjects/airflow-basic/venv/lib/python3.8/site-packages/airflow/example_dags/example_task_group.py for tasks to queue
[2021-03-31 02:58:49,875] {logging_mixin.py:104} INFO - [2021-03-31 02:58:49,875] {dagbag.py:448} INFO - Filling up the DagBag from /home/prathamesh/PycharmProjects/airflow-basic/venv/lib/python3.8/site-packages/airflow/example_dags/example_task_group.py
[2021-03-31 02:58:49,883] {scheduler_job.py:639} INFO - DAG(s) dict_keys(['example_task_group']) retrieved from /home/prathamesh/PycharmProjects/airflow-basic/venv/lib/python3.8/site-packages/airflow/example_dags/example_task_group.py
[2021-03-31 02:58:49,897] {logging_mixin.py:104} INFO - [2021-03-31 02:58:49,897] {dag.py:1818} INFO - Sync 1 DAGs
[2021-03-31 02:58:49,910] {logging_mixin.py:104} INFO - [2021-03-31 02:58:49,910] {dag.py:2273} INFO - Setting next_dagrun for example_task_group to 2021-03-29 00:00:00+00:00
[2021-03-31 02:58:49,921] {scheduler_job.py:190} INFO - Processing /home/prathamesh/PycharmProjects/airflow-basic/venv/lib/python3.8/site-packages/airflow/example_dags/example_task_group.py took 0.050 seconds
[2021-03-31 02:59:27,672] {scheduler_job.py:182} INFO - Started process (PID=15318) to work on /home/prathamesh/PycharmProjects/airflow-basic/venv/lib/python3.8/site-packages/airflow/example_dags/example_task_group.py
[2021-03-31 02:59:27,673] {scheduler_job.py:629} INFO - Processing file /home/prathamesh/PycharmProjects/airflow-basic/venv/lib/python3.8/site-packages/airflow/example_dags/example_task_group.py for tasks to queue
[2021-03-31 02:59:27,673] {logging_mixin.py:104} INFO - [2021-03-31 02:59:27,673] {dagbag.py:448} INFO - Filling up the DagBag from /home/prathamesh/PycharmProjects/airflow-basic/venv/lib/python3.8/site-packages/airflow/example_dags/example_task_group.py
[2021-03-31 02:59:27,681] {scheduler_job.py:639} INFO - DAG(s) dict_keys(['example_task_group']) retrieved from /home/prathamesh/PycharmProjects/airflow-basic/venv/lib/python3.8/site-packages/airflow/example_dags/example_task_group.py
[2021-03-31 02:59:27,691] {logging_mixin.py:104} INFO - [2021-03-31 02:59:27,691] {dag.py:1818} INFO - Sync 1 DAGs
[2021-03-31 02:59:27,703] {logging_mixin.py:104} INFO - [2021-03-31 02:59:27,703] {dag.py:2273} INFO - Setting next_dagrun for example_task_group to 2021-03-29 00:00:00+00:00
[2021-03-31 02:59:27,709] {scheduler_job.py:190} INFO - Processing /home/prathamesh/PycharmProjects/airflow-basic/venv/lib/python3.8/site-packages/airflow/example_dags/example_task_group.py took 0.039 seconds
[2021-03-31 03:00:38,141] {scheduler_job.py:182} INFO - Started process (PID=15976) to work on /home/prathamesh/PycharmProjects/airflow-basic/venv/lib/python3.8/site-packages/airflow/example_dags/example_task_group.py
[2021-03-31 03:00:38,144] {scheduler_job.py:629} INFO - Processing file /home/prathamesh/PycharmProjects/airflow-basic/venv/lib/python3.8/site-packages/airflow/example_dags/example_task_group.py for tasks to queue
[2021-03-31 03:00:38,145] {logging_mixin.py:104} INFO - [2021-03-31 03:00:38,145] {dagbag.py:448} INFO - Filling up the DagBag from /home/prathamesh/PycharmProjects/airflow-basic/venv/lib/python3.8/site-packages/airflow/example_dags/example_task_group.py
[2021-03-31 03:00:38,152] {scheduler_job.py:639} INFO - DAG(s) dict_keys(['example_task_group']) retrieved from /home/prathamesh/PycharmProjects/airflow-basic/venv/lib/python3.8/site-packages/airflow/example_dags/example_task_group.py
[2021-03-31 03:00:38,164] {logging_mixin.py:104} INFO - [2021-03-31 03:00:38,164] {dag.py:1818} INFO - Sync 1 DAGs
[2021-03-31 03:00:38,171] {logging_mixin.py:104} INFO - [2021-03-31 03:00:38,171] {dag.py:2273} INFO - Setting next_dagrun for example_task_group to 2021-03-29 00:00:00+00:00
[2021-03-31 03:00:38,182] {scheduler_job.py:190} INFO - Processing /home/prathamesh/PycharmProjects/airflow-basic/venv/lib/python3.8/site-packages/airflow/example_dags/example_task_group.py took 0.043 seconds
[2021-03-31 03:01:10,590] {scheduler_job.py:182} INFO - Started process (PID=16109) to work on /home/prathamesh/PycharmProjects/airflow-basic/venv/lib/python3.8/site-packages/airflow/example_dags/example_task_group.py
[2021-03-31 03:01:10,590] {scheduler_job.py:629} INFO - Processing file /home/prathamesh/PycharmProjects/airflow-basic/venv/lib/python3.8/site-packages/airflow/example_dags/example_task_group.py for tasks to queue
[2021-03-31 03:01:10,591] {logging_mixin.py:104} INFO - [2021-03-31 03:01:10,591] {dagbag.py:448} INFO - Filling up the DagBag from /home/prathamesh/PycharmProjects/airflow-basic/venv/lib/python3.8/site-packages/airflow/example_dags/example_task_group.py
[2021-03-31 03:01:10,599] {scheduler_job.py:639} INFO - DAG(s) dict_keys(['example_task_group']) retrieved from /home/prathamesh/PycharmProjects/airflow-basic/venv/lib/python3.8/site-packages/airflow/example_dags/example_task_group.py
[2021-03-31 03:01:10,608] {logging_mixin.py:104} INFO - [2021-03-31 03:01:10,608] {dag.py:1818} INFO - Sync 1 DAGs
[2021-03-31 03:01:10,616] {logging_mixin.py:104} INFO - [2021-03-31 03:01:10,616] {dag.py:2273} INFO - Setting next_dagrun for example_task_group to 2021-03-29 00:00:00+00:00
[2021-03-31 03:01:10,620] {scheduler_job.py:190} INFO - Processing /home/prathamesh/PycharmProjects/airflow-basic/venv/lib/python3.8/site-packages/airflow/example_dags/example_task_group.py took 0.032 seconds
[2021-03-31 03:01:48,132] {scheduler_job.py:182} INFO - Started process (PID=16241) to work on /home/prathamesh/PycharmProjects/airflow-basic/venv/lib/python3.8/site-packages/airflow/example_dags/example_task_group.py
[2021-03-31 03:01:48,134] {scheduler_job.py:629} INFO - Processing file /home/prathamesh/PycharmProjects/airflow-basic/venv/lib/python3.8/site-packages/airflow/example_dags/example_task_group.py for tasks to queue
[2021-03-31 03:01:48,136] {logging_mixin.py:104} INFO - [2021-03-31 03:01:48,135] {dagbag.py:448} INFO - Filling up the DagBag from /home/prathamesh/PycharmProjects/airflow-basic/venv/lib/python3.8/site-packages/airflow/example_dags/example_task_group.py
[2021-03-31 03:01:48,145] {scheduler_job.py:639} INFO - DAG(s) dict_keys(['example_task_group']) retrieved from /home/prathamesh/PycharmProjects/airflow-basic/venv/lib/python3.8/site-packages/airflow/example_dags/example_task_group.py
[2021-03-31 03:01:48,158] {logging_mixin.py:104} INFO - [2021-03-31 03:01:48,158] {dag.py:1818} INFO - Sync 1 DAGs
[2021-03-31 03:01:48,165] {logging_mixin.py:104} INFO - [2021-03-31 03:01:48,165] {dag.py:2273} INFO - Setting next_dagrun for example_task_group to 2021-03-29 00:00:00+00:00
[2021-03-31 03:01:48,169] {scheduler_job.py:190} INFO - Processing /home/prathamesh/PycharmProjects/airflow-basic/venv/lib/python3.8/site-packages/airflow/example_dags/example_task_group.py took 0.041 seconds
[2021-03-31 03:02:24,980] {scheduler_job.py:182} INFO - Started process (PID=16372) to work on /home/prathamesh/PycharmProjects/airflow-basic/venv/lib/python3.8/site-packages/airflow/example_dags/example_task_group.py
[2021-03-31 03:02:24,981] {scheduler_job.py:629} INFO - Processing file /home/prathamesh/PycharmProjects/airflow-basic/venv/lib/python3.8/site-packages/airflow/example_dags/example_task_group.py for tasks to queue
[2021-03-31 03:02:24,981] {logging_mixin.py:104} INFO - [2021-03-31 03:02:24,981] {dagbag.py:448} INFO - Filling up the DagBag from /home/prathamesh/PycharmProjects/airflow-basic/venv/lib/python3.8/site-packages/airflow/example_dags/example_task_group.py
[2021-03-31 03:02:24,988] {scheduler_job.py:639} INFO - DAG(s) dict_keys(['example_task_group']) retrieved from /home/prathamesh/PycharmProjects/airflow-basic/venv/lib/python3.8/site-packages/airflow/example_dags/example_task_group.py
[2021-03-31 03:02:24,997] {logging_mixin.py:104} INFO - [2021-03-31 03:02:24,997] {dag.py:1818} INFO - Sync 1 DAGs
[2021-03-31 03:02:25,004] {logging_mixin.py:104} INFO - [2021-03-31 03:02:25,004] {dag.py:2273} INFO - Setting next_dagrun for example_task_group to 2021-03-29 00:00:00+00:00
[2021-03-31 03:02:25,010] {scheduler_job.py:190} INFO - Processing /home/prathamesh/PycharmProjects/airflow-basic/venv/lib/python3.8/site-packages/airflow/example_dags/example_task_group.py took 0.032 seconds
[2021-03-31 03:03:02,757] {scheduler_job.py:182} INFO - Started process (PID=16504) to work on /home/prathamesh/PycharmProjects/airflow-basic/venv/lib/python3.8/site-packages/airflow/example_dags/example_task_group.py
[2021-03-31 03:03:02,758] {scheduler_job.py:629} INFO - Processing file /home/prathamesh/PycharmProjects/airflow-basic/venv/lib/python3.8/site-packages/airflow/example_dags/example_task_group.py for tasks to queue
[2021-03-31 03:03:02,759] {logging_mixin.py:104} INFO - [2021-03-31 03:03:02,759] {dagbag.py:448} INFO - Filling up the DagBag from /home/prathamesh/PycharmProjects/airflow-basic/venv/lib/python3.8/site-packages/airflow/example_dags/example_task_group.py
[2021-03-31 03:03:02,770] {scheduler_job.py:639} INFO - DAG(s) dict_keys(['example_task_group']) retrieved from /home/prathamesh/PycharmProjects/airflow-basic/venv/lib/python3.8/site-packages/airflow/example_dags/example_task_group.py
[2021-03-31 03:03:02,782] {logging_mixin.py:104} INFO - [2021-03-31 03:03:02,782] {dag.py:1818} INFO - Sync 1 DAGs
[2021-03-31 03:03:02,794] {logging_mixin.py:104} INFO - [2021-03-31 03:03:02,794] {dag.py:2273} INFO - Setting next_dagrun for example_task_group to 2021-03-29 00:00:00+00:00
[2021-03-31 03:03:02,804] {scheduler_job.py:190} INFO - Processing /home/prathamesh/PycharmProjects/airflow-basic/venv/lib/python3.8/site-packages/airflow/example_dags/example_task_group.py took 0.049 seconds
[2021-03-31 03:03:38,893] {scheduler_job.py:182} INFO - Started process (PID=16629) to work on /home/prathamesh/PycharmProjects/airflow-basic/venv/lib/python3.8/site-packages/airflow/example_dags/example_task_group.py
[2021-03-31 03:03:38,894] {scheduler_job.py:629} INFO - Processing file /home/prathamesh/PycharmProjects/airflow-basic/venv/lib/python3.8/site-packages/airflow/example_dags/example_task_group.py for tasks to queue
[2021-03-31 03:03:38,895] {logging_mixin.py:104} INFO - [2021-03-31 03:03:38,895] {dagbag.py:448} INFO - Filling up the DagBag from /home/prathamesh/PycharmProjects/airflow-basic/venv/lib/python3.8/site-packages/airflow/example_dags/example_task_group.py
[2021-03-31 03:03:38,906] {scheduler_job.py:639} INFO - DAG(s) dict_keys(['example_task_group']) retrieved from /home/prathamesh/PycharmProjects/airflow-basic/venv/lib/python3.8/site-packages/airflow/example_dags/example_task_group.py
[2021-03-31 03:03:38,920] {logging_mixin.py:104} INFO - [2021-03-31 03:03:38,920] {dag.py:1818} INFO - Sync 1 DAGs
[2021-03-31 03:03:38,938] {logging_mixin.py:104} INFO - [2021-03-31 03:03:38,937] {dag.py:2273} INFO - Setting next_dagrun for example_task_group to 2021-03-29 00:00:00+00:00
[2021-03-31 03:03:38,944] {scheduler_job.py:190} INFO - Processing /home/prathamesh/PycharmProjects/airflow-basic/venv/lib/python3.8/site-packages/airflow/example_dags/example_task_group.py took 0.053 seconds
[2021-03-31 03:04:14,154] {scheduler_job.py:182} INFO - Started process (PID=16758) to work on /home/prathamesh/PycharmProjects/airflow-basic/venv/lib/python3.8/site-packages/airflow/example_dags/example_task_group.py
[2021-03-31 03:04:14,154] {scheduler_job.py:629} INFO - Processing file /home/prathamesh/PycharmProjects/airflow-basic/venv/lib/python3.8/site-packages/airflow/example_dags/example_task_group.py for tasks to queue
[2021-03-31 03:04:14,155] {logging_mixin.py:104} INFO - [2021-03-31 03:04:14,155] {dagbag.py:448} INFO - Filling up the DagBag from /home/prathamesh/PycharmProjects/airflow-basic/venv/lib/python3.8/site-packages/airflow/example_dags/example_task_group.py
[2021-03-31 03:04:14,162] {scheduler_job.py:639} INFO - DAG(s) dict_keys(['example_task_group']) retrieved from /home/prathamesh/PycharmProjects/airflow-basic/venv/lib/python3.8/site-packages/airflow/example_dags/example_task_group.py
[2021-03-31 03:04:14,172] {logging_mixin.py:104} INFO - [2021-03-31 03:04:14,172] {dag.py:1818} INFO - Sync 1 DAGs
[2021-03-31 03:04:14,180] {logging_mixin.py:104} INFO - [2021-03-31 03:04:14,180] {dag.py:2273} INFO - Setting next_dagrun for example_task_group to 2021-03-29 00:00:00+00:00
[2021-03-31 03:04:14,184] {scheduler_job.py:190} INFO - Processing /home/prathamesh/PycharmProjects/airflow-basic/venv/lib/python3.8/site-packages/airflow/example_dags/example_task_group.py took 0.033 seconds
[2021-03-31 03:04:44,805] {scheduler_job.py:182} INFO - Started process (PID=16881) to work on /home/prathamesh/PycharmProjects/airflow-basic/venv/lib/python3.8/site-packages/airflow/example_dags/example_task_group.py
[2021-03-31 03:04:44,806] {scheduler_job.py:629} INFO - Processing file /home/prathamesh/PycharmProjects/airflow-basic/venv/lib/python3.8/site-packages/airflow/example_dags/example_task_group.py for tasks to queue
[2021-03-31 03:04:44,806] {logging_mixin.py:104} INFO - [2021-03-31 03:04:44,806] {dagbag.py:448} INFO - Filling up the DagBag from /home/prathamesh/PycharmProjects/airflow-basic/venv/lib/python3.8/site-packages/airflow/example_dags/example_task_group.py
[2021-03-31 03:04:44,815] {scheduler_job.py:639} INFO - DAG(s) dict_keys(['example_task_group']) retrieved from /home/prathamesh/PycharmProjects/airflow-basic/venv/lib/python3.8/site-packages/airflow/example_dags/example_task_group.py
[2021-03-31 03:04:44,838] {logging_mixin.py:104} INFO - [2021-03-31 03:04:44,838] {dag.py:1818} INFO - Sync 1 DAGs
[2021-03-31 03:04:44,844] {logging_mixin.py:104} INFO - [2021-03-31 03:04:44,844] {dag.py:2273} INFO - Setting next_dagrun for example_task_group to 2021-03-29 00:00:00+00:00
[2021-03-31 03:04:44,873] {scheduler_job.py:190} INFO - Processing /home/prathamesh/PycharmProjects/airflow-basic/venv/lib/python3.8/site-packages/airflow/example_dags/example_task_group.py took 0.070 seconds
[2021-03-31 03:05:22,362] {scheduler_job.py:182} INFO - Started process (PID=17013) to work on /home/prathamesh/PycharmProjects/airflow-basic/venv/lib/python3.8/site-packages/airflow/example_dags/example_task_group.py
[2021-03-31 03:05:22,363] {scheduler_job.py:629} INFO - Processing file /home/prathamesh/PycharmProjects/airflow-basic/venv/lib/python3.8/site-packages/airflow/example_dags/example_task_group.py for tasks to queue
[2021-03-31 03:05:22,363] {logging_mixin.py:104} INFO - [2021-03-31 03:05:22,363] {dagbag.py:448} INFO - Filling up the DagBag from /home/prathamesh/PycharmProjects/airflow-basic/venv/lib/python3.8/site-packages/airflow/example_dags/example_task_group.py
[2021-03-31 03:05:22,373] {scheduler_job.py:639} INFO - DAG(s) dict_keys(['example_task_group']) retrieved from /home/prathamesh/PycharmProjects/airflow-basic/venv/lib/python3.8/site-packages/airflow/example_dags/example_task_group.py
[2021-03-31 03:05:22,383] {logging_mixin.py:104} INFO - [2021-03-31 03:05:22,383] {dag.py:1818} INFO - Sync 1 DAGs
[2021-03-31 03:05:22,392] {logging_mixin.py:104} INFO - [2021-03-31 03:05:22,391] {dag.py:2273} INFO - Setting next_dagrun for example_task_group to 2021-03-29 00:00:00+00:00
[2021-03-31 03:05:22,395] {scheduler_job.py:190} INFO - Processing /home/prathamesh/PycharmProjects/airflow-basic/venv/lib/python3.8/site-packages/airflow/example_dags/example_task_group.py took 0.037 seconds
[2021-03-31 03:06:02,473] {scheduler_job.py:182} INFO - Started process (PID=17153) to work on /home/prathamesh/PycharmProjects/airflow-basic/venv/lib/python3.8/site-packages/airflow/example_dags/example_task_group.py
[2021-03-31 03:06:02,474] {scheduler_job.py:629} INFO - Processing file /home/prathamesh/PycharmProjects/airflow-basic/venv/lib/python3.8/site-packages/airflow/example_dags/example_task_group.py for tasks to queue
[2021-03-31 03:06:02,474] {logging_mixin.py:104} INFO - [2021-03-31 03:06:02,474] {dagbag.py:448} INFO - Filling up the DagBag from /home/prathamesh/PycharmProjects/airflow-basic/venv/lib/python3.8/site-packages/airflow/example_dags/example_task_group.py
[2021-03-31 03:06:02,483] {scheduler_job.py:639} INFO - DAG(s) dict_keys(['example_task_group']) retrieved from /home/prathamesh/PycharmProjects/airflow-basic/venv/lib/python3.8/site-packages/airflow/example_dags/example_task_group.py
[2021-03-31 03:06:02,493] {logging_mixin.py:104} INFO - [2021-03-31 03:06:02,493] {dag.py:1818} INFO - Sync 1 DAGs
[2021-03-31 03:06:02,501] {logging_mixin.py:104} INFO - [2021-03-31 03:06:02,501] {dag.py:2273} INFO - Setting next_dagrun for example_task_group to 2021-03-29 00:00:00+00:00
[2021-03-31 03:06:02,506] {scheduler_job.py:190} INFO - Processing /home/prathamesh/PycharmProjects/airflow-basic/venv/lib/python3.8/site-packages/airflow/example_dags/example_task_group.py took 0.034 seconds
[2021-03-31 03:06:40,568] {scheduler_job.py:182} INFO - Started process (PID=17284) to work on /home/prathamesh/PycharmProjects/airflow-basic/venv/lib/python3.8/site-packages/airflow/example_dags/example_task_group.py
[2021-03-31 03:06:40,569] {scheduler_job.py:629} INFO - Processing file /home/prathamesh/PycharmProjects/airflow-basic/venv/lib/python3.8/site-packages/airflow/example_dags/example_task_group.py for tasks to queue
[2021-03-31 03:06:40,569] {logging_mixin.py:104} INFO - [2021-03-31 03:06:40,569] {dagbag.py:448} INFO - Filling up the DagBag from /home/prathamesh/PycharmProjects/airflow-basic/venv/lib/python3.8/site-packages/airflow/example_dags/example_task_group.py
[2021-03-31 03:06:40,578] {scheduler_job.py:639} INFO - DAG(s) dict_keys(['example_task_group']) retrieved from /home/prathamesh/PycharmProjects/airflow-basic/venv/lib/python3.8/site-packages/airflow/example_dags/example_task_group.py
[2021-03-31 03:06:40,590] {logging_mixin.py:104} INFO - [2021-03-31 03:06:40,589] {dag.py:1818} INFO - Sync 1 DAGs
[2021-03-31 03:06:40,597] {logging_mixin.py:104} INFO - [2021-03-31 03:06:40,597] {dag.py:2273} INFO - Setting next_dagrun for example_task_group to 2021-03-29 00:00:00+00:00
[2021-03-31 03:06:40,602] {scheduler_job.py:190} INFO - Processing /home/prathamesh/PycharmProjects/airflow-basic/venv/lib/python3.8/site-packages/airflow/example_dags/example_task_group.py took 0.037 seconds
[2021-03-31 03:07:19,032] {scheduler_job.py:182} INFO - Started process (PID=17418) to work on /home/prathamesh/PycharmProjects/airflow-basic/venv/lib/python3.8/site-packages/airflow/example_dags/example_task_group.py
[2021-03-31 03:07:19,033] {scheduler_job.py:629} INFO - Processing file /home/prathamesh/PycharmProjects/airflow-basic/venv/lib/python3.8/site-packages/airflow/example_dags/example_task_group.py for tasks to queue
[2021-03-31 03:07:19,034] {logging_mixin.py:104} INFO - [2021-03-31 03:07:19,034] {dagbag.py:448} INFO - Filling up the DagBag from /home/prathamesh/PycharmProjects/airflow-basic/venv/lib/python3.8/site-packages/airflow/example_dags/example_task_group.py
[2021-03-31 03:07:19,047] {scheduler_job.py:639} INFO - DAG(s) dict_keys(['example_task_group']) retrieved from /home/prathamesh/PycharmProjects/airflow-basic/venv/lib/python3.8/site-packages/airflow/example_dags/example_task_group.py
[2021-03-31 03:07:19,058] {logging_mixin.py:104} INFO - [2021-03-31 03:07:19,058] {dag.py:1818} INFO - Sync 1 DAGs
[2021-03-31 03:07:19,067] {logging_mixin.py:104} INFO - [2021-03-31 03:07:19,067] {dag.py:2273} INFO - Setting next_dagrun for example_task_group to 2021-03-29 00:00:00+00:00
[2021-03-31 03:07:19,071] {scheduler_job.py:190} INFO - Processing /home/prathamesh/PycharmProjects/airflow-basic/venv/lib/python3.8/site-packages/airflow/example_dags/example_task_group.py took 0.043 seconds
[2021-03-31 03:07:58,513] {scheduler_job.py:182} INFO - Started process (PID=17551) to work on /home/prathamesh/PycharmProjects/airflow-basic/venv/lib/python3.8/site-packages/airflow/example_dags/example_task_group.py
[2021-03-31 03:07:58,513] {scheduler_job.py:629} INFO - Processing file /home/prathamesh/PycharmProjects/airflow-basic/venv/lib/python3.8/site-packages/airflow/example_dags/example_task_group.py for tasks to queue
[2021-03-31 03:07:58,514] {logging_mixin.py:104} INFO - [2021-03-31 03:07:58,514] {dagbag.py:448} INFO - Filling up the DagBag from /home/prathamesh/PycharmProjects/airflow-basic/venv/lib/python3.8/site-packages/airflow/example_dags/example_task_group.py
[2021-03-31 03:07:58,535] {scheduler_job.py:639} INFO - DAG(s) dict_keys(['example_task_group']) retrieved from /home/prathamesh/PycharmProjects/airflow-basic/venv/lib/python3.8/site-packages/airflow/example_dags/example_task_group.py
[2021-03-31 03:07:58,556] {logging_mixin.py:104} INFO - [2021-03-31 03:07:58,556] {dag.py:1818} INFO - Sync 1 DAGs
[2021-03-31 03:07:58,566] {logging_mixin.py:104} INFO - [2021-03-31 03:07:58,566] {dag.py:2273} INFO - Setting next_dagrun for example_task_group to 2021-03-29 00:00:00+00:00
[2021-03-31 03:07:58,577] {scheduler_job.py:190} INFO - Processing /home/prathamesh/PycharmProjects/airflow-basic/venv/lib/python3.8/site-packages/airflow/example_dags/example_task_group.py took 0.067 seconds
