[2021-03-31 01:48:58,903] {scheduler_job.py:182} INFO - Started process (PID=12620) to work on /home/prathamesh/PycharmProjects/airflow-basic/venv/lib/python3.8/site-packages/airflow/example_dags/example_short_circuit_operator.py
[2021-03-31 01:48:58,923] {scheduler_job.py:629} INFO - Processing file /home/prathamesh/PycharmProjects/airflow-basic/venv/lib/python3.8/site-packages/airflow/example_dags/example_short_circuit_operator.py for tasks to queue
[2021-03-31 01:48:58,924] {logging_mixin.py:104} INFO - [2021-03-31 01:48:58,924] {dagbag.py:448} INFO - Filling up the DagBag from /home/prathamesh/PycharmProjects/airflow-basic/venv/lib/python3.8/site-packages/airflow/example_dags/example_short_circuit_operator.py
[2021-03-31 01:48:58,982] {scheduler_job.py:639} INFO - DAG(s) dict_keys(['example_short_circuit_operator']) retrieved from /home/prathamesh/PycharmProjects/airflow-basic/venv/lib/python3.8/site-packages/airflow/example_dags/example_short_circuit_operator.py
[2021-03-31 01:48:59,073] {logging_mixin.py:104} INFO - [2021-03-31 01:48:59,068] {dag.py:1818} INFO - Sync 1 DAGs
[2021-03-31 01:48:59,125] {logging_mixin.py:104} INFO - [2021-03-31 01:48:59,125] {dag.py:2273} INFO - Setting next_dagrun for example_short_circuit_operator to 2021-03-29 00:00:00+00:00
[2021-03-31 01:48:59,141] {scheduler_job.py:190} INFO - Processing /home/prathamesh/PycharmProjects/airflow-basic/venv/lib/python3.8/site-packages/airflow/example_dags/example_short_circuit_operator.py took 0.265 seconds
[2021-03-31 01:49:35,974] {scheduler_job.py:182} INFO - Started process (PID=12655) to work on /home/prathamesh/PycharmProjects/airflow-basic/venv/lib/python3.8/site-packages/airflow/example_dags/example_short_circuit_operator.py
[2021-03-31 01:49:35,981] {scheduler_job.py:629} INFO - Processing file /home/prathamesh/PycharmProjects/airflow-basic/venv/lib/python3.8/site-packages/airflow/example_dags/example_short_circuit_operator.py for tasks to queue
[2021-03-31 01:49:35,982] {logging_mixin.py:104} INFO - [2021-03-31 01:49:35,982] {dagbag.py:448} INFO - Filling up the DagBag from /home/prathamesh/PycharmProjects/airflow-basic/venv/lib/python3.8/site-packages/airflow/example_dags/example_short_circuit_operator.py
[2021-03-31 01:49:36,014] {scheduler_job.py:639} INFO - DAG(s) dict_keys(['example_short_circuit_operator']) retrieved from /home/prathamesh/PycharmProjects/airflow-basic/venv/lib/python3.8/site-packages/airflow/example_dags/example_short_circuit_operator.py
[2021-03-31 01:49:36,045] {logging_mixin.py:104} INFO - [2021-03-31 01:49:36,044] {dag.py:1818} INFO - Sync 1 DAGs
[2021-03-31 01:49:36,067] {logging_mixin.py:104} INFO - [2021-03-31 01:49:36,067] {dag.py:2273} INFO - Setting next_dagrun for example_short_circuit_operator to 2021-03-29 00:00:00+00:00
[2021-03-31 01:49:36,073] {scheduler_job.py:190} INFO - Processing /home/prathamesh/PycharmProjects/airflow-basic/venv/lib/python3.8/site-packages/airflow/example_dags/example_short_circuit_operator.py took 0.101 seconds
[2021-03-31 01:50:09,986] {scheduler_job.py:182} INFO - Started process (PID=12689) to work on /home/prathamesh/PycharmProjects/airflow-basic/venv/lib/python3.8/site-packages/airflow/example_dags/example_short_circuit_operator.py
[2021-03-31 01:50:09,987] {scheduler_job.py:629} INFO - Processing file /home/prathamesh/PycharmProjects/airflow-basic/venv/lib/python3.8/site-packages/airflow/example_dags/example_short_circuit_operator.py for tasks to queue
[2021-03-31 01:50:09,988] {logging_mixin.py:104} INFO - [2021-03-31 01:50:09,988] {dagbag.py:448} INFO - Filling up the DagBag from /home/prathamesh/PycharmProjects/airflow-basic/venv/lib/python3.8/site-packages/airflow/example_dags/example_short_circuit_operator.py
[2021-03-31 01:50:10,003] {scheduler_job.py:639} INFO - DAG(s) dict_keys(['example_short_circuit_operator']) retrieved from /home/prathamesh/PycharmProjects/airflow-basic/venv/lib/python3.8/site-packages/airflow/example_dags/example_short_circuit_operator.py
[2021-03-31 01:50:10,019] {logging_mixin.py:104} INFO - [2021-03-31 01:50:10,019] {dag.py:1818} INFO - Sync 1 DAGs
[2021-03-31 01:50:10,031] {logging_mixin.py:104} INFO - [2021-03-31 01:50:10,031] {dag.py:2273} INFO - Setting next_dagrun for example_short_circuit_operator to 2021-03-29 00:00:00+00:00
[2021-03-31 01:50:10,045] {scheduler_job.py:190} INFO - Processing /home/prathamesh/PycharmProjects/airflow-basic/venv/lib/python3.8/site-packages/airflow/example_dags/example_short_circuit_operator.py took 0.069 seconds
[2021-03-31 01:50:49,599] {scheduler_job.py:182} INFO - Started process (PID=12736) to work on /home/prathamesh/PycharmProjects/airflow-basic/venv/lib/python3.8/site-packages/airflow/example_dags/example_short_circuit_operator.py
[2021-03-31 01:50:49,601] {scheduler_job.py:629} INFO - Processing file /home/prathamesh/PycharmProjects/airflow-basic/venv/lib/python3.8/site-packages/airflow/example_dags/example_short_circuit_operator.py for tasks to queue
[2021-03-31 01:50:49,601] {logging_mixin.py:104} INFO - [2021-03-31 01:50:49,601] {dagbag.py:448} INFO - Filling up the DagBag from /home/prathamesh/PycharmProjects/airflow-basic/venv/lib/python3.8/site-packages/airflow/example_dags/example_short_circuit_operator.py
[2021-03-31 01:50:49,667] {scheduler_job.py:639} INFO - DAG(s) dict_keys(['example_short_circuit_operator']) retrieved from /home/prathamesh/PycharmProjects/airflow-basic/venv/lib/python3.8/site-packages/airflow/example_dags/example_short_circuit_operator.py
[2021-03-31 01:50:49,766] {logging_mixin.py:104} INFO - [2021-03-31 01:50:49,766] {dag.py:1818} INFO - Sync 1 DAGs
[2021-03-31 01:50:49,817] {logging_mixin.py:104} INFO - [2021-03-31 01:50:49,817] {dag.py:2273} INFO - Setting next_dagrun for example_short_circuit_operator to 2021-03-29 00:00:00+00:00
[2021-03-31 01:50:49,862] {scheduler_job.py:190} INFO - Processing /home/prathamesh/PycharmProjects/airflow-basic/venv/lib/python3.8/site-packages/airflow/example_dags/example_short_circuit_operator.py took 0.267 seconds
[2021-03-31 01:52:46,154] {scheduler_job.py:182} INFO - Started process (PID=12777) to work on /home/prathamesh/PycharmProjects/airflow-basic/venv/lib/python3.8/site-packages/airflow/example_dags/example_short_circuit_operator.py
[2021-03-31 01:52:46,169] {scheduler_job.py:629} INFO - Processing file /home/prathamesh/PycharmProjects/airflow-basic/venv/lib/python3.8/site-packages/airflow/example_dags/example_short_circuit_operator.py for tasks to queue
[2021-03-31 01:52:46,170] {logging_mixin.py:104} INFO - [2021-03-31 01:52:46,170] {dagbag.py:448} INFO - Filling up the DagBag from /home/prathamesh/PycharmProjects/airflow-basic/venv/lib/python3.8/site-packages/airflow/example_dags/example_short_circuit_operator.py
[2021-03-31 01:52:46,193] {scheduler_job.py:639} INFO - DAG(s) dict_keys(['example_short_circuit_operator']) retrieved from /home/prathamesh/PycharmProjects/airflow-basic/venv/lib/python3.8/site-packages/airflow/example_dags/example_short_circuit_operator.py
[2021-03-31 01:52:46,234] {logging_mixin.py:104} INFO - [2021-03-31 01:52:46,233] {dag.py:1818} INFO - Sync 1 DAGs
[2021-03-31 01:52:46,260] {logging_mixin.py:104} INFO - [2021-03-31 01:52:46,259] {dag.py:2273} INFO - Setting next_dagrun for example_short_circuit_operator to 2021-03-29 00:00:00+00:00
[2021-03-31 01:52:46,291] {scheduler_job.py:190} INFO - Processing /home/prathamesh/PycharmProjects/airflow-basic/venv/lib/python3.8/site-packages/airflow/example_dags/example_short_circuit_operator.py took 0.140 seconds
[2021-03-31 01:53:30,966] {scheduler_job.py:182} INFO - Started process (PID=12821) to work on /home/prathamesh/PycharmProjects/airflow-basic/venv/lib/python3.8/site-packages/airflow/example_dags/example_short_circuit_operator.py
[2021-03-31 01:53:30,968] {scheduler_job.py:629} INFO - Processing file /home/prathamesh/PycharmProjects/airflow-basic/venv/lib/python3.8/site-packages/airflow/example_dags/example_short_circuit_operator.py for tasks to queue
[2021-03-31 01:53:30,968] {logging_mixin.py:104} INFO - [2021-03-31 01:53:30,968] {dagbag.py:448} INFO - Filling up the DagBag from /home/prathamesh/PycharmProjects/airflow-basic/venv/lib/python3.8/site-packages/airflow/example_dags/example_short_circuit_operator.py
[2021-03-31 01:53:30,980] {scheduler_job.py:639} INFO - DAG(s) dict_keys(['example_short_circuit_operator']) retrieved from /home/prathamesh/PycharmProjects/airflow-basic/venv/lib/python3.8/site-packages/airflow/example_dags/example_short_circuit_operator.py
[2021-03-31 01:53:30,996] {logging_mixin.py:104} INFO - [2021-03-31 01:53:30,996] {dag.py:1818} INFO - Sync 1 DAGs
[2021-03-31 01:53:31,007] {logging_mixin.py:104} INFO - [2021-03-31 01:53:31,006] {dag.py:2273} INFO - Setting next_dagrun for example_short_circuit_operator to 2021-03-29 00:00:00+00:00
[2021-03-31 01:53:31,012] {scheduler_job.py:190} INFO - Processing /home/prathamesh/PycharmProjects/airflow-basic/venv/lib/python3.8/site-packages/airflow/example_dags/example_short_circuit_operator.py took 0.049 seconds
[2021-03-31 01:54:11,724] {scheduler_job.py:182} INFO - Started process (PID=12879) to work on /home/prathamesh/PycharmProjects/airflow-basic/venv/lib/python3.8/site-packages/airflow/example_dags/example_short_circuit_operator.py
[2021-03-31 01:54:11,729] {scheduler_job.py:629} INFO - Processing file /home/prathamesh/PycharmProjects/airflow-basic/venv/lib/python3.8/site-packages/airflow/example_dags/example_short_circuit_operator.py for tasks to queue
[2021-03-31 01:54:11,731] {logging_mixin.py:104} INFO - [2021-03-31 01:54:11,730] {dagbag.py:448} INFO - Filling up the DagBag from /home/prathamesh/PycharmProjects/airflow-basic/venv/lib/python3.8/site-packages/airflow/example_dags/example_short_circuit_operator.py
[2021-03-31 01:54:11,763] {scheduler_job.py:639} INFO - DAG(s) dict_keys(['example_short_circuit_operator']) retrieved from /home/prathamesh/PycharmProjects/airflow-basic/venv/lib/python3.8/site-packages/airflow/example_dags/example_short_circuit_operator.py
[2021-03-31 01:54:11,807] {logging_mixin.py:104} INFO - [2021-03-31 01:54:11,806] {dag.py:1818} INFO - Sync 1 DAGs
[2021-03-31 01:54:11,846] {logging_mixin.py:104} INFO - [2021-03-31 01:54:11,846] {dag.py:2273} INFO - Setting next_dagrun for example_short_circuit_operator to 2021-03-29 00:00:00+00:00
[2021-03-31 01:54:11,907] {scheduler_job.py:190} INFO - Processing /home/prathamesh/PycharmProjects/airflow-basic/venv/lib/python3.8/site-packages/airflow/example_dags/example_short_circuit_operator.py took 0.195 seconds
[2021-03-31 01:54:48,729] {scheduler_job.py:182} INFO - Started process (PID=12914) to work on /home/prathamesh/PycharmProjects/airflow-basic/venv/lib/python3.8/site-packages/airflow/example_dags/example_short_circuit_operator.py
[2021-03-31 01:54:48,745] {scheduler_job.py:629} INFO - Processing file /home/prathamesh/PycharmProjects/airflow-basic/venv/lib/python3.8/site-packages/airflow/example_dags/example_short_circuit_operator.py for tasks to queue
[2021-03-31 01:54:48,751] {logging_mixin.py:104} INFO - [2021-03-31 01:54:48,746] {dagbag.py:448} INFO - Filling up the DagBag from /home/prathamesh/PycharmProjects/airflow-basic/venv/lib/python3.8/site-packages/airflow/example_dags/example_short_circuit_operator.py
[2021-03-31 01:54:48,819] {scheduler_job.py:639} INFO - DAG(s) dict_keys(['example_short_circuit_operator']) retrieved from /home/prathamesh/PycharmProjects/airflow-basic/venv/lib/python3.8/site-packages/airflow/example_dags/example_short_circuit_operator.py
[2021-03-31 01:54:48,921] {logging_mixin.py:104} INFO - [2021-03-31 01:54:48,920] {dag.py:1818} INFO - Sync 1 DAGs
[2021-03-31 01:54:48,998] {logging_mixin.py:104} INFO - [2021-03-31 01:54:48,998] {dag.py:2273} INFO - Setting next_dagrun for example_short_circuit_operator to 2021-03-29 00:00:00+00:00
[2021-03-31 01:54:49,029] {scheduler_job.py:190} INFO - Processing /home/prathamesh/PycharmProjects/airflow-basic/venv/lib/python3.8/site-packages/airflow/example_dags/example_short_circuit_operator.py took 0.323 seconds
[2021-03-31 01:55:38,943] {scheduler_job.py:182} INFO - Started process (PID=12972) to work on /home/prathamesh/PycharmProjects/airflow-basic/venv/lib/python3.8/site-packages/airflow/example_dags/example_short_circuit_operator.py
[2021-03-31 01:55:38,958] {scheduler_job.py:629} INFO - Processing file /home/prathamesh/PycharmProjects/airflow-basic/venv/lib/python3.8/site-packages/airflow/example_dags/example_short_circuit_operator.py for tasks to queue
[2021-03-31 01:55:38,960] {logging_mixin.py:104} INFO - [2021-03-31 01:55:38,959] {dagbag.py:448} INFO - Filling up the DagBag from /home/prathamesh/PycharmProjects/airflow-basic/venv/lib/python3.8/site-packages/airflow/example_dags/example_short_circuit_operator.py
[2021-03-31 01:55:39,018] {scheduler_job.py:639} INFO - DAG(s) dict_keys(['example_short_circuit_operator']) retrieved from /home/prathamesh/PycharmProjects/airflow-basic/venv/lib/python3.8/site-packages/airflow/example_dags/example_short_circuit_operator.py
[2021-03-31 01:55:39,097] {logging_mixin.py:104} INFO - [2021-03-31 01:55:39,097] {dag.py:1818} INFO - Sync 1 DAGs
[2021-03-31 01:55:39,154] {logging_mixin.py:104} INFO - [2021-03-31 01:55:39,154] {dag.py:2273} INFO - Setting next_dagrun for example_short_circuit_operator to 2021-03-29 00:00:00+00:00
[2021-03-31 01:55:39,207] {scheduler_job.py:190} INFO - Processing /home/prathamesh/PycharmProjects/airflow-basic/venv/lib/python3.8/site-packages/airflow/example_dags/example_short_circuit_operator.py took 0.282 seconds
[2021-03-31 01:56:16,854] {scheduler_job.py:182} INFO - Started process (PID=13044) to work on /home/prathamesh/PycharmProjects/airflow-basic/venv/lib/python3.8/site-packages/airflow/example_dags/example_short_circuit_operator.py
[2021-03-31 01:56:16,868] {scheduler_job.py:629} INFO - Processing file /home/prathamesh/PycharmProjects/airflow-basic/venv/lib/python3.8/site-packages/airflow/example_dags/example_short_circuit_operator.py for tasks to queue
[2021-03-31 01:56:16,869] {logging_mixin.py:104} INFO - [2021-03-31 01:56:16,869] {dagbag.py:448} INFO - Filling up the DagBag from /home/prathamesh/PycharmProjects/airflow-basic/venv/lib/python3.8/site-packages/airflow/example_dags/example_short_circuit_operator.py
[2021-03-31 01:56:16,911] {scheduler_job.py:639} INFO - DAG(s) dict_keys(['example_short_circuit_operator']) retrieved from /home/prathamesh/PycharmProjects/airflow-basic/venv/lib/python3.8/site-packages/airflow/example_dags/example_short_circuit_operator.py
[2021-03-31 01:56:16,950] {logging_mixin.py:104} INFO - [2021-03-31 01:56:16,949] {dag.py:1818} INFO - Sync 1 DAGs
[2021-03-31 01:56:17,004] {logging_mixin.py:104} INFO - [2021-03-31 01:56:17,004] {dag.py:2273} INFO - Setting next_dagrun for example_short_circuit_operator to 2021-03-29 00:00:00+00:00
[2021-03-31 01:56:17,028] {scheduler_job.py:190} INFO - Processing /home/prathamesh/PycharmProjects/airflow-basic/venv/lib/python3.8/site-packages/airflow/example_dags/example_short_circuit_operator.py took 0.185 seconds
[2021-03-31 01:56:53,768] {scheduler_job.py:182} INFO - Started process (PID=13078) to work on /home/prathamesh/PycharmProjects/airflow-basic/venv/lib/python3.8/site-packages/airflow/example_dags/example_short_circuit_operator.py
[2021-03-31 01:56:53,779] {scheduler_job.py:629} INFO - Processing file /home/prathamesh/PycharmProjects/airflow-basic/venv/lib/python3.8/site-packages/airflow/example_dags/example_short_circuit_operator.py for tasks to queue
[2021-03-31 01:56:53,817] {logging_mixin.py:104} INFO - [2021-03-31 01:56:53,780] {dagbag.py:448} INFO - Filling up the DagBag from /home/prathamesh/PycharmProjects/airflow-basic/venv/lib/python3.8/site-packages/airflow/example_dags/example_short_circuit_operator.py
[2021-03-31 01:56:53,960] {scheduler_job.py:639} INFO - DAG(s) dict_keys(['example_short_circuit_operator']) retrieved from /home/prathamesh/PycharmProjects/airflow-basic/venv/lib/python3.8/site-packages/airflow/example_dags/example_short_circuit_operator.py
[2021-03-31 01:56:54,091] {logging_mixin.py:104} INFO - [2021-03-31 01:56:54,091] {dag.py:1818} INFO - Sync 1 DAGs
[2021-03-31 01:56:54,338] {logging_mixin.py:104} INFO - [2021-03-31 01:56:54,338] {dag.py:2273} INFO - Setting next_dagrun for example_short_circuit_operator to 2021-03-29 00:00:00+00:00
[2021-03-31 01:56:54,477] {scheduler_job.py:190} INFO - Processing /home/prathamesh/PycharmProjects/airflow-basic/venv/lib/python3.8/site-packages/airflow/example_dags/example_short_circuit_operator.py took 0.772 seconds
[2021-03-31 01:57:32,241] {scheduler_job.py:182} INFO - Started process (PID=13112) to work on /home/prathamesh/PycharmProjects/airflow-basic/venv/lib/python3.8/site-packages/airflow/example_dags/example_short_circuit_operator.py
[2021-03-31 01:57:32,249] {scheduler_job.py:629} INFO - Processing file /home/prathamesh/PycharmProjects/airflow-basic/venv/lib/python3.8/site-packages/airflow/example_dags/example_short_circuit_operator.py for tasks to queue
[2021-03-31 01:57:32,250] {logging_mixin.py:104} INFO - [2021-03-31 01:57:32,250] {dagbag.py:448} INFO - Filling up the DagBag from /home/prathamesh/PycharmProjects/airflow-basic/venv/lib/python3.8/site-packages/airflow/example_dags/example_short_circuit_operator.py
[2021-03-31 01:57:32,325] {scheduler_job.py:639} INFO - DAG(s) dict_keys(['example_short_circuit_operator']) retrieved from /home/prathamesh/PycharmProjects/airflow-basic/venv/lib/python3.8/site-packages/airflow/example_dags/example_short_circuit_operator.py
[2021-03-31 01:57:32,392] {logging_mixin.py:104} INFO - [2021-03-31 01:57:32,391] {dag.py:1818} INFO - Sync 1 DAGs
[2021-03-31 01:57:32,508] {logging_mixin.py:104} INFO - [2021-03-31 01:57:32,508] {dag.py:2273} INFO - Setting next_dagrun for example_short_circuit_operator to 2021-03-29 00:00:00+00:00
[2021-03-31 01:57:32,520] {scheduler_job.py:190} INFO - Processing /home/prathamesh/PycharmProjects/airflow-basic/venv/lib/python3.8/site-packages/airflow/example_dags/example_short_circuit_operator.py took 0.318 seconds
[2021-03-31 02:51:54,467] {scheduler_job.py:182} INFO - Started process (PID=13809) to work on /home/prathamesh/PycharmProjects/airflow-basic/venv/lib/python3.8/site-packages/airflow/example_dags/example_short_circuit_operator.py
[2021-03-31 02:51:54,468] {scheduler_job.py:629} INFO - Processing file /home/prathamesh/PycharmProjects/airflow-basic/venv/lib/python3.8/site-packages/airflow/example_dags/example_short_circuit_operator.py for tasks to queue
[2021-03-31 02:51:54,469] {logging_mixin.py:104} INFO - [2021-03-31 02:51:54,469] {dagbag.py:448} INFO - Filling up the DagBag from /home/prathamesh/PycharmProjects/airflow-basic/venv/lib/python3.8/site-packages/airflow/example_dags/example_short_circuit_operator.py
[2021-03-31 02:51:54,491] {scheduler_job.py:639} INFO - DAG(s) dict_keys(['example_short_circuit_operator']) retrieved from /home/prathamesh/PycharmProjects/airflow-basic/venv/lib/python3.8/site-packages/airflow/example_dags/example_short_circuit_operator.py
[2021-03-31 02:51:54,525] {logging_mixin.py:104} INFO - [2021-03-31 02:51:54,525] {dag.py:1818} INFO - Sync 1 DAGs
[2021-03-31 02:51:54,533] {logging_mixin.py:104} INFO - [2021-03-31 02:51:54,532] {dag.py:2273} INFO - Setting next_dagrun for example_short_circuit_operator to 2021-03-29 00:00:00+00:00
[2021-03-31 02:51:54,551] {scheduler_job.py:190} INFO - Processing /home/prathamesh/PycharmProjects/airflow-basic/venv/lib/python3.8/site-packages/airflow/example_dags/example_short_circuit_operator.py took 0.086 seconds
[2021-03-31 02:52:29,412] {scheduler_job.py:182} INFO - Started process (PID=13939) to work on /home/prathamesh/PycharmProjects/airflow-basic/venv/lib/python3.8/site-packages/airflow/example_dags/example_short_circuit_operator.py
[2021-03-31 02:52:29,415] {scheduler_job.py:629} INFO - Processing file /home/prathamesh/PycharmProjects/airflow-basic/venv/lib/python3.8/site-packages/airflow/example_dags/example_short_circuit_operator.py for tasks to queue
[2021-03-31 02:52:29,416] {logging_mixin.py:104} INFO - [2021-03-31 02:52:29,416] {dagbag.py:448} INFO - Filling up the DagBag from /home/prathamesh/PycharmProjects/airflow-basic/venv/lib/python3.8/site-packages/airflow/example_dags/example_short_circuit_operator.py
[2021-03-31 02:52:29,424] {scheduler_job.py:639} INFO - DAG(s) dict_keys(['example_short_circuit_operator']) retrieved from /home/prathamesh/PycharmProjects/airflow-basic/venv/lib/python3.8/site-packages/airflow/example_dags/example_short_circuit_operator.py
[2021-03-31 02:52:29,432] {logging_mixin.py:104} INFO - [2021-03-31 02:52:29,432] {dag.py:1818} INFO - Sync 1 DAGs
[2021-03-31 02:52:29,440] {logging_mixin.py:104} INFO - [2021-03-31 02:52:29,440] {dag.py:2273} INFO - Setting next_dagrun for example_short_circuit_operator to 2021-03-29 00:00:00+00:00
[2021-03-31 02:52:29,444] {scheduler_job.py:190} INFO - Processing /home/prathamesh/PycharmProjects/airflow-basic/venv/lib/python3.8/site-packages/airflow/example_dags/example_short_circuit_operator.py took 0.036 seconds
[2021-03-31 02:53:07,788] {scheduler_job.py:182} INFO - Started process (PID=14073) to work on /home/prathamesh/PycharmProjects/airflow-basic/venv/lib/python3.8/site-packages/airflow/example_dags/example_short_circuit_operator.py
[2021-03-31 02:53:07,788] {scheduler_job.py:629} INFO - Processing file /home/prathamesh/PycharmProjects/airflow-basic/venv/lib/python3.8/site-packages/airflow/example_dags/example_short_circuit_operator.py for tasks to queue
[2021-03-31 02:53:07,789] {logging_mixin.py:104} INFO - [2021-03-31 02:53:07,789] {dagbag.py:448} INFO - Filling up the DagBag from /home/prathamesh/PycharmProjects/airflow-basic/venv/lib/python3.8/site-packages/airflow/example_dags/example_short_circuit_operator.py
[2021-03-31 02:53:07,797] {scheduler_job.py:639} INFO - DAG(s) dict_keys(['example_short_circuit_operator']) retrieved from /home/prathamesh/PycharmProjects/airflow-basic/venv/lib/python3.8/site-packages/airflow/example_dags/example_short_circuit_operator.py
[2021-03-31 02:53:07,808] {logging_mixin.py:104} INFO - [2021-03-31 02:53:07,808] {dag.py:1818} INFO - Sync 1 DAGs
[2021-03-31 02:53:07,814] {logging_mixin.py:104} INFO - [2021-03-31 02:53:07,814] {dag.py:2273} INFO - Setting next_dagrun for example_short_circuit_operator to 2021-03-29 00:00:00+00:00
[2021-03-31 02:53:07,818] {scheduler_job.py:190} INFO - Processing /home/prathamesh/PycharmProjects/airflow-basic/venv/lib/python3.8/site-packages/airflow/example_dags/example_short_circuit_operator.py took 0.032 seconds
[2021-03-31 02:53:45,656] {scheduler_job.py:182} INFO - Started process (PID=14210) to work on /home/prathamesh/PycharmProjects/airflow-basic/venv/lib/python3.8/site-packages/airflow/example_dags/example_short_circuit_operator.py
[2021-03-31 02:53:45,657] {scheduler_job.py:629} INFO - Processing file /home/prathamesh/PycharmProjects/airflow-basic/venv/lib/python3.8/site-packages/airflow/example_dags/example_short_circuit_operator.py for tasks to queue
[2021-03-31 02:53:45,658] {logging_mixin.py:104} INFO - [2021-03-31 02:53:45,657] {dagbag.py:448} INFO - Filling up the DagBag from /home/prathamesh/PycharmProjects/airflow-basic/venv/lib/python3.8/site-packages/airflow/example_dags/example_short_circuit_operator.py
[2021-03-31 02:53:45,668] {scheduler_job.py:639} INFO - DAG(s) dict_keys(['example_short_circuit_operator']) retrieved from /home/prathamesh/PycharmProjects/airflow-basic/venv/lib/python3.8/site-packages/airflow/example_dags/example_short_circuit_operator.py
[2021-03-31 02:53:45,682] {logging_mixin.py:104} INFO - [2021-03-31 02:53:45,682] {dag.py:1818} INFO - Sync 1 DAGs
[2021-03-31 02:53:45,688] {logging_mixin.py:104} INFO - [2021-03-31 02:53:45,688] {dag.py:2273} INFO - Setting next_dagrun for example_short_circuit_operator to 2021-03-29 00:00:00+00:00
[2021-03-31 02:53:45,696] {scheduler_job.py:190} INFO - Processing /home/prathamesh/PycharmProjects/airflow-basic/venv/lib/python3.8/site-packages/airflow/example_dags/example_short_circuit_operator.py took 0.044 seconds
[2021-03-31 02:54:25,017] {scheduler_job.py:182} INFO - Started process (PID=14345) to work on /home/prathamesh/PycharmProjects/airflow-basic/venv/lib/python3.8/site-packages/airflow/example_dags/example_short_circuit_operator.py
[2021-03-31 02:54:25,018] {scheduler_job.py:629} INFO - Processing file /home/prathamesh/PycharmProjects/airflow-basic/venv/lib/python3.8/site-packages/airflow/example_dags/example_short_circuit_operator.py for tasks to queue
[2021-03-31 02:54:25,018] {logging_mixin.py:104} INFO - [2021-03-31 02:54:25,018] {dagbag.py:448} INFO - Filling up the DagBag from /home/prathamesh/PycharmProjects/airflow-basic/venv/lib/python3.8/site-packages/airflow/example_dags/example_short_circuit_operator.py
[2021-03-31 02:54:25,029] {scheduler_job.py:639} INFO - DAG(s) dict_keys(['example_short_circuit_operator']) retrieved from /home/prathamesh/PycharmProjects/airflow-basic/venv/lib/python3.8/site-packages/airflow/example_dags/example_short_circuit_operator.py
[2021-03-31 02:54:25,038] {logging_mixin.py:104} INFO - [2021-03-31 02:54:25,038] {dag.py:1818} INFO - Sync 1 DAGs
[2021-03-31 02:54:25,044] {logging_mixin.py:104} INFO - [2021-03-31 02:54:25,044] {dag.py:2273} INFO - Setting next_dagrun for example_short_circuit_operator to 2021-03-29 00:00:00+00:00
[2021-03-31 02:54:25,050] {scheduler_job.py:190} INFO - Processing /home/prathamesh/PycharmProjects/airflow-basic/venv/lib/python3.8/site-packages/airflow/example_dags/example_short_circuit_operator.py took 0.035 seconds
[2021-03-31 02:55:04,265] {scheduler_job.py:182} INFO - Started process (PID=14481) to work on /home/prathamesh/PycharmProjects/airflow-basic/venv/lib/python3.8/site-packages/airflow/example_dags/example_short_circuit_operator.py
[2021-03-31 02:55:04,266] {scheduler_job.py:629} INFO - Processing file /home/prathamesh/PycharmProjects/airflow-basic/venv/lib/python3.8/site-packages/airflow/example_dags/example_short_circuit_operator.py for tasks to queue
[2021-03-31 02:55:04,267] {logging_mixin.py:104} INFO - [2021-03-31 02:55:04,267] {dagbag.py:448} INFO - Filling up the DagBag from /home/prathamesh/PycharmProjects/airflow-basic/venv/lib/python3.8/site-packages/airflow/example_dags/example_short_circuit_operator.py
[2021-03-31 02:55:04,280] {scheduler_job.py:639} INFO - DAG(s) dict_keys(['example_short_circuit_operator']) retrieved from /home/prathamesh/PycharmProjects/airflow-basic/venv/lib/python3.8/site-packages/airflow/example_dags/example_short_circuit_operator.py
[2021-03-31 02:55:04,290] {logging_mixin.py:104} INFO - [2021-03-31 02:55:04,290] {dag.py:1818} INFO - Sync 1 DAGs
[2021-03-31 02:55:04,298] {logging_mixin.py:104} INFO - [2021-03-31 02:55:04,298] {dag.py:2273} INFO - Setting next_dagrun for example_short_circuit_operator to 2021-03-29 00:00:00+00:00
[2021-03-31 02:55:04,303] {scheduler_job.py:190} INFO - Processing /home/prathamesh/PycharmProjects/airflow-basic/venv/lib/python3.8/site-packages/airflow/example_dags/example_short_circuit_operator.py took 0.044 seconds
[2021-03-31 02:56:13,144] {scheduler_job.py:182} INFO - Started process (PID=14626) to work on /home/prathamesh/PycharmProjects/airflow-basic/venv/lib/python3.8/site-packages/airflow/example_dags/example_short_circuit_operator.py
[2021-03-31 02:56:13,157] {scheduler_job.py:629} INFO - Processing file /home/prathamesh/PycharmProjects/airflow-basic/venv/lib/python3.8/site-packages/airflow/example_dags/example_short_circuit_operator.py for tasks to queue
[2021-03-31 02:56:13,158] {logging_mixin.py:104} INFO - [2021-03-31 02:56:13,158] {dagbag.py:448} INFO - Filling up the DagBag from /home/prathamesh/PycharmProjects/airflow-basic/venv/lib/python3.8/site-packages/airflow/example_dags/example_short_circuit_operator.py
[2021-03-31 02:56:13,165] {scheduler_job.py:639} INFO - DAG(s) dict_keys(['example_short_circuit_operator']) retrieved from /home/prathamesh/PycharmProjects/airflow-basic/venv/lib/python3.8/site-packages/airflow/example_dags/example_short_circuit_operator.py
[2021-03-31 02:56:13,202] {logging_mixin.py:104} INFO - [2021-03-31 02:56:13,202] {dag.py:1818} INFO - Sync 1 DAGs
[2021-03-31 02:56:13,247] {logging_mixin.py:104} INFO - [2021-03-31 02:56:13,247] {dag.py:2273} INFO - Setting next_dagrun for example_short_circuit_operator to 2021-03-29 00:00:00+00:00
[2021-03-31 02:56:13,270] {scheduler_job.py:190} INFO - Processing /home/prathamesh/PycharmProjects/airflow-basic/venv/lib/python3.8/site-packages/airflow/example_dags/example_short_circuit_operator.py took 0.128 seconds
[2021-03-31 02:56:59,148] {scheduler_job.py:182} INFO - Started process (PID=14789) to work on /home/prathamesh/PycharmProjects/airflow-basic/venv/lib/python3.8/site-packages/airflow/example_dags/example_short_circuit_operator.py
[2021-03-31 02:56:59,155] {scheduler_job.py:629} INFO - Processing file /home/prathamesh/PycharmProjects/airflow-basic/venv/lib/python3.8/site-packages/airflow/example_dags/example_short_circuit_operator.py for tasks to queue
[2021-03-31 02:56:59,156] {logging_mixin.py:104} INFO - [2021-03-31 02:56:59,156] {dagbag.py:448} INFO - Filling up the DagBag from /home/prathamesh/PycharmProjects/airflow-basic/venv/lib/python3.8/site-packages/airflow/example_dags/example_short_circuit_operator.py
[2021-03-31 02:56:59,183] {scheduler_job.py:639} INFO - DAG(s) dict_keys(['example_short_circuit_operator']) retrieved from /home/prathamesh/PycharmProjects/airflow-basic/venv/lib/python3.8/site-packages/airflow/example_dags/example_short_circuit_operator.py
[2021-03-31 02:56:59,205] {logging_mixin.py:104} INFO - [2021-03-31 02:56:59,205] {dag.py:1818} INFO - Sync 1 DAGs
[2021-03-31 02:56:59,211] {logging_mixin.py:104} INFO - [2021-03-31 02:56:59,211] {dag.py:2273} INFO - Setting next_dagrun for example_short_circuit_operator to 2021-03-29 00:00:00+00:00
[2021-03-31 02:56:59,227] {scheduler_job.py:190} INFO - Processing /home/prathamesh/PycharmProjects/airflow-basic/venv/lib/python3.8/site-packages/airflow/example_dags/example_short_circuit_operator.py took 0.081 seconds
[2021-03-31 02:57:32,796] {scheduler_job.py:182} INFO - Started process (PID=14921) to work on /home/prathamesh/PycharmProjects/airflow-basic/venv/lib/python3.8/site-packages/airflow/example_dags/example_short_circuit_operator.py
[2021-03-31 02:57:32,807] {scheduler_job.py:629} INFO - Processing file /home/prathamesh/PycharmProjects/airflow-basic/venv/lib/python3.8/site-packages/airflow/example_dags/example_short_circuit_operator.py for tasks to queue
[2021-03-31 02:57:32,807] {logging_mixin.py:104} INFO - [2021-03-31 02:57:32,807] {dagbag.py:448} INFO - Filling up the DagBag from /home/prathamesh/PycharmProjects/airflow-basic/venv/lib/python3.8/site-packages/airflow/example_dags/example_short_circuit_operator.py
[2021-03-31 02:57:32,830] {scheduler_job.py:639} INFO - DAG(s) dict_keys(['example_short_circuit_operator']) retrieved from /home/prathamesh/PycharmProjects/airflow-basic/venv/lib/python3.8/site-packages/airflow/example_dags/example_short_circuit_operator.py
[2021-03-31 02:57:32,841] {logging_mixin.py:104} INFO - [2021-03-31 02:57:32,841] {dag.py:1818} INFO - Sync 1 DAGs
[2021-03-31 02:57:32,869] {logging_mixin.py:104} INFO - [2021-03-31 02:57:32,869] {dag.py:2273} INFO - Setting next_dagrun for example_short_circuit_operator to 2021-03-29 00:00:00+00:00
[2021-03-31 02:57:32,879] {scheduler_job.py:190} INFO - Processing /home/prathamesh/PycharmProjects/airflow-basic/venv/lib/python3.8/site-packages/airflow/example_dags/example_short_circuit_operator.py took 0.085 seconds
[2021-03-31 02:58:12,368] {scheduler_job.py:182} INFO - Started process (PID=15059) to work on /home/prathamesh/PycharmProjects/airflow-basic/venv/lib/python3.8/site-packages/airflow/example_dags/example_short_circuit_operator.py
[2021-03-31 02:58:12,368] {scheduler_job.py:629} INFO - Processing file /home/prathamesh/PycharmProjects/airflow-basic/venv/lib/python3.8/site-packages/airflow/example_dags/example_short_circuit_operator.py for tasks to queue
[2021-03-31 02:58:12,369] {logging_mixin.py:104} INFO - [2021-03-31 02:58:12,369] {dagbag.py:448} INFO - Filling up the DagBag from /home/prathamesh/PycharmProjects/airflow-basic/venv/lib/python3.8/site-packages/airflow/example_dags/example_short_circuit_operator.py
[2021-03-31 02:58:12,376] {scheduler_job.py:639} INFO - DAG(s) dict_keys(['example_short_circuit_operator']) retrieved from /home/prathamesh/PycharmProjects/airflow-basic/venv/lib/python3.8/site-packages/airflow/example_dags/example_short_circuit_operator.py
[2021-03-31 02:58:12,401] {logging_mixin.py:104} INFO - [2021-03-31 02:58:12,401] {dag.py:1818} INFO - Sync 1 DAGs
[2021-03-31 02:58:12,427] {logging_mixin.py:104} INFO - [2021-03-31 02:58:12,427] {dag.py:2273} INFO - Setting next_dagrun for example_short_circuit_operator to 2021-03-29 00:00:00+00:00
[2021-03-31 02:58:12,433] {scheduler_job.py:190} INFO - Processing /home/prathamesh/PycharmProjects/airflow-basic/venv/lib/python3.8/site-packages/airflow/example_dags/example_short_circuit_operator.py took 0.068 seconds
[2021-03-31 02:58:52,146] {scheduler_job.py:182} INFO - Started process (PID=15188) to work on /home/prathamesh/PycharmProjects/airflow-basic/venv/lib/python3.8/site-packages/airflow/example_dags/example_short_circuit_operator.py
[2021-03-31 02:58:52,147] {scheduler_job.py:629} INFO - Processing file /home/prathamesh/PycharmProjects/airflow-basic/venv/lib/python3.8/site-packages/airflow/example_dags/example_short_circuit_operator.py for tasks to queue
[2021-03-31 02:58:52,148] {logging_mixin.py:104} INFO - [2021-03-31 02:58:52,148] {dagbag.py:448} INFO - Filling up the DagBag from /home/prathamesh/PycharmProjects/airflow-basic/venv/lib/python3.8/site-packages/airflow/example_dags/example_short_circuit_operator.py
[2021-03-31 02:58:52,158] {scheduler_job.py:639} INFO - DAG(s) dict_keys(['example_short_circuit_operator']) retrieved from /home/prathamesh/PycharmProjects/airflow-basic/venv/lib/python3.8/site-packages/airflow/example_dags/example_short_circuit_operator.py
[2021-03-31 02:58:52,175] {logging_mixin.py:104} INFO - [2021-03-31 02:58:52,175] {dag.py:1818} INFO - Sync 1 DAGs
[2021-03-31 02:58:52,182] {logging_mixin.py:104} INFO - [2021-03-31 02:58:52,182] {dag.py:2273} INFO - Setting next_dagrun for example_short_circuit_operator to 2021-03-29 00:00:00+00:00
[2021-03-31 02:58:52,194] {scheduler_job.py:190} INFO - Processing /home/prathamesh/PycharmProjects/airflow-basic/venv/lib/python3.8/site-packages/airflow/example_dags/example_short_circuit_operator.py took 0.050 seconds
[2021-03-31 02:59:52,135] {scheduler_job.py:182} INFO - Started process (PID=15537) to work on /home/prathamesh/PycharmProjects/airflow-basic/venv/lib/python3.8/site-packages/airflow/example_dags/example_short_circuit_operator.py
[2021-03-31 02:59:52,136] {scheduler_job.py:629} INFO - Processing file /home/prathamesh/PycharmProjects/airflow-basic/venv/lib/python3.8/site-packages/airflow/example_dags/example_short_circuit_operator.py for tasks to queue
[2021-03-31 02:59:52,137] {logging_mixin.py:104} INFO - [2021-03-31 02:59:52,136] {dagbag.py:448} INFO - Filling up the DagBag from /home/prathamesh/PycharmProjects/airflow-basic/venv/lib/python3.8/site-packages/airflow/example_dags/example_short_circuit_operator.py
[2021-03-31 02:59:52,143] {scheduler_job.py:639} INFO - DAG(s) dict_keys(['example_short_circuit_operator']) retrieved from /home/prathamesh/PycharmProjects/airflow-basic/venv/lib/python3.8/site-packages/airflow/example_dags/example_short_circuit_operator.py
[2021-03-31 02:59:52,152] {logging_mixin.py:104} INFO - [2021-03-31 02:59:52,152] {dag.py:1818} INFO - Sync 1 DAGs
[2021-03-31 02:59:52,159] {logging_mixin.py:104} INFO - [2021-03-31 02:59:52,159] {dag.py:2273} INFO - Setting next_dagrun for example_short_circuit_operator to 2021-03-29 00:00:00+00:00
[2021-03-31 02:59:52,164] {scheduler_job.py:190} INFO - Processing /home/prathamesh/PycharmProjects/airflow-basic/venv/lib/python3.8/site-packages/airflow/example_dags/example_short_circuit_operator.py took 0.032 seconds
[2021-03-31 03:00:39,705] {scheduler_job.py:182} INFO - Started process (PID=15978) to work on /home/prathamesh/PycharmProjects/airflow-basic/venv/lib/python3.8/site-packages/airflow/example_dags/example_short_circuit_operator.py
[2021-03-31 03:00:39,712] {scheduler_job.py:629} INFO - Processing file /home/prathamesh/PycharmProjects/airflow-basic/venv/lib/python3.8/site-packages/airflow/example_dags/example_short_circuit_operator.py for tasks to queue
[2021-03-31 03:00:39,712] {logging_mixin.py:104} INFO - [2021-03-31 03:00:39,712] {dagbag.py:448} INFO - Filling up the DagBag from /home/prathamesh/PycharmProjects/airflow-basic/venv/lib/python3.8/site-packages/airflow/example_dags/example_short_circuit_operator.py
[2021-03-31 03:00:39,719] {scheduler_job.py:639} INFO - DAG(s) dict_keys(['example_short_circuit_operator']) retrieved from /home/prathamesh/PycharmProjects/airflow-basic/venv/lib/python3.8/site-packages/airflow/example_dags/example_short_circuit_operator.py
[2021-03-31 03:00:39,729] {logging_mixin.py:104} INFO - [2021-03-31 03:00:39,729] {dag.py:1818} INFO - Sync 1 DAGs
[2021-03-31 03:00:39,740] {logging_mixin.py:104} INFO - [2021-03-31 03:00:39,740] {dag.py:2273} INFO - Setting next_dagrun for example_short_circuit_operator to 2021-03-29 00:00:00+00:00
[2021-03-31 03:00:39,745] {scheduler_job.py:190} INFO - Processing /home/prathamesh/PycharmProjects/airflow-basic/venv/lib/python3.8/site-packages/airflow/example_dags/example_short_circuit_operator.py took 0.044 seconds
[2021-03-31 03:01:12,560] {scheduler_job.py:182} INFO - Started process (PID=16111) to work on /home/prathamesh/PycharmProjects/airflow-basic/venv/lib/python3.8/site-packages/airflow/example_dags/example_short_circuit_operator.py
[2021-03-31 03:01:12,561] {scheduler_job.py:629} INFO - Processing file /home/prathamesh/PycharmProjects/airflow-basic/venv/lib/python3.8/site-packages/airflow/example_dags/example_short_circuit_operator.py for tasks to queue
[2021-03-31 03:01:12,561] {logging_mixin.py:104} INFO - [2021-03-31 03:01:12,561] {dagbag.py:448} INFO - Filling up the DagBag from /home/prathamesh/PycharmProjects/airflow-basic/venv/lib/python3.8/site-packages/airflow/example_dags/example_short_circuit_operator.py
[2021-03-31 03:01:12,569] {scheduler_job.py:639} INFO - DAG(s) dict_keys(['example_short_circuit_operator']) retrieved from /home/prathamesh/PycharmProjects/airflow-basic/venv/lib/python3.8/site-packages/airflow/example_dags/example_short_circuit_operator.py
[2021-03-31 03:01:12,579] {logging_mixin.py:104} INFO - [2021-03-31 03:01:12,579] {dag.py:1818} INFO - Sync 1 DAGs
[2021-03-31 03:01:12,588] {logging_mixin.py:104} INFO - [2021-03-31 03:01:12,588] {dag.py:2273} INFO - Setting next_dagrun for example_short_circuit_operator to 2021-03-29 00:00:00+00:00
[2021-03-31 03:01:12,592] {scheduler_job.py:190} INFO - Processing /home/prathamesh/PycharmProjects/airflow-basic/venv/lib/python3.8/site-packages/airflow/example_dags/example_short_circuit_operator.py took 0.034 seconds
[2021-03-31 03:01:49,722] {scheduler_job.py:182} INFO - Started process (PID=16243) to work on /home/prathamesh/PycharmProjects/airflow-basic/venv/lib/python3.8/site-packages/airflow/example_dags/example_short_circuit_operator.py
[2021-03-31 03:01:49,723] {scheduler_job.py:629} INFO - Processing file /home/prathamesh/PycharmProjects/airflow-basic/venv/lib/python3.8/site-packages/airflow/example_dags/example_short_circuit_operator.py for tasks to queue
[2021-03-31 03:01:49,723] {logging_mixin.py:104} INFO - [2021-03-31 03:01:49,723] {dagbag.py:448} INFO - Filling up the DagBag from /home/prathamesh/PycharmProjects/airflow-basic/venv/lib/python3.8/site-packages/airflow/example_dags/example_short_circuit_operator.py
[2021-03-31 03:01:49,731] {scheduler_job.py:639} INFO - DAG(s) dict_keys(['example_short_circuit_operator']) retrieved from /home/prathamesh/PycharmProjects/airflow-basic/venv/lib/python3.8/site-packages/airflow/example_dags/example_short_circuit_operator.py
[2021-03-31 03:01:49,742] {logging_mixin.py:104} INFO - [2021-03-31 03:01:49,742] {dag.py:1818} INFO - Sync 1 DAGs
[2021-03-31 03:01:49,750] {logging_mixin.py:104} INFO - [2021-03-31 03:01:49,750] {dag.py:2273} INFO - Setting next_dagrun for example_short_circuit_operator to 2021-03-29 00:00:00+00:00
[2021-03-31 03:01:49,754] {scheduler_job.py:190} INFO - Processing /home/prathamesh/PycharmProjects/airflow-basic/venv/lib/python3.8/site-packages/airflow/example_dags/example_short_circuit_operator.py took 0.038 seconds
[2021-03-31 03:02:27,235] {scheduler_job.py:182} INFO - Started process (PID=16374) to work on /home/prathamesh/PycharmProjects/airflow-basic/venv/lib/python3.8/site-packages/airflow/example_dags/example_short_circuit_operator.py
[2021-03-31 03:02:27,236] {scheduler_job.py:629} INFO - Processing file /home/prathamesh/PycharmProjects/airflow-basic/venv/lib/python3.8/site-packages/airflow/example_dags/example_short_circuit_operator.py for tasks to queue
[2021-03-31 03:02:27,236] {logging_mixin.py:104} INFO - [2021-03-31 03:02:27,236] {dagbag.py:448} INFO - Filling up the DagBag from /home/prathamesh/PycharmProjects/airflow-basic/venv/lib/python3.8/site-packages/airflow/example_dags/example_short_circuit_operator.py
[2021-03-31 03:02:27,245] {scheduler_job.py:639} INFO - DAG(s) dict_keys(['example_short_circuit_operator']) retrieved from /home/prathamesh/PycharmProjects/airflow-basic/venv/lib/python3.8/site-packages/airflow/example_dags/example_short_circuit_operator.py
[2021-03-31 03:02:27,256] {logging_mixin.py:104} INFO - [2021-03-31 03:02:27,256] {dag.py:1818} INFO - Sync 1 DAGs
[2021-03-31 03:02:27,267] {logging_mixin.py:104} INFO - [2021-03-31 03:02:27,264] {dag.py:2273} INFO - Setting next_dagrun for example_short_circuit_operator to 2021-03-29 00:00:00+00:00
[2021-03-31 03:02:27,272] {scheduler_job.py:190} INFO - Processing /home/prathamesh/PycharmProjects/airflow-basic/venv/lib/python3.8/site-packages/airflow/example_dags/example_short_circuit_operator.py took 0.040 seconds
[2021-03-31 03:03:05,041] {scheduler_job.py:182} INFO - Started process (PID=16506) to work on /home/prathamesh/PycharmProjects/airflow-basic/venv/lib/python3.8/site-packages/airflow/example_dags/example_short_circuit_operator.py
[2021-03-31 03:03:05,044] {scheduler_job.py:629} INFO - Processing file /home/prathamesh/PycharmProjects/airflow-basic/venv/lib/python3.8/site-packages/airflow/example_dags/example_short_circuit_operator.py for tasks to queue
[2021-03-31 03:03:05,045] {logging_mixin.py:104} INFO - [2021-03-31 03:03:05,045] {dagbag.py:448} INFO - Filling up the DagBag from /home/prathamesh/PycharmProjects/airflow-basic/venv/lib/python3.8/site-packages/airflow/example_dags/example_short_circuit_operator.py
[2021-03-31 03:03:05,056] {scheduler_job.py:639} INFO - DAG(s) dict_keys(['example_short_circuit_operator']) retrieved from /home/prathamesh/PycharmProjects/airflow-basic/venv/lib/python3.8/site-packages/airflow/example_dags/example_short_circuit_operator.py
[2021-03-31 03:03:05,067] {logging_mixin.py:104} INFO - [2021-03-31 03:03:05,067] {dag.py:1818} INFO - Sync 1 DAGs
[2021-03-31 03:03:05,075] {logging_mixin.py:104} INFO - [2021-03-31 03:03:05,075] {dag.py:2273} INFO - Setting next_dagrun for example_short_circuit_operator to 2021-03-29 00:00:00+00:00
[2021-03-31 03:03:05,079] {scheduler_job.py:190} INFO - Processing /home/prathamesh/PycharmProjects/airflow-basic/venv/lib/python3.8/site-packages/airflow/example_dags/example_short_circuit_operator.py took 0.043 seconds
[2021-03-31 03:03:41,163] {scheduler_job.py:182} INFO - Started process (PID=16631) to work on /home/prathamesh/PycharmProjects/airflow-basic/venv/lib/python3.8/site-packages/airflow/example_dags/example_short_circuit_operator.py
[2021-03-31 03:03:41,163] {scheduler_job.py:629} INFO - Processing file /home/prathamesh/PycharmProjects/airflow-basic/venv/lib/python3.8/site-packages/airflow/example_dags/example_short_circuit_operator.py for tasks to queue
[2021-03-31 03:03:41,164] {logging_mixin.py:104} INFO - [2021-03-31 03:03:41,164] {dagbag.py:448} INFO - Filling up the DagBag from /home/prathamesh/PycharmProjects/airflow-basic/venv/lib/python3.8/site-packages/airflow/example_dags/example_short_circuit_operator.py
[2021-03-31 03:03:41,171] {scheduler_job.py:639} INFO - DAG(s) dict_keys(['example_short_circuit_operator']) retrieved from /home/prathamesh/PycharmProjects/airflow-basic/venv/lib/python3.8/site-packages/airflow/example_dags/example_short_circuit_operator.py
[2021-03-31 03:03:41,181] {logging_mixin.py:104} INFO - [2021-03-31 03:03:41,181] {dag.py:1818} INFO - Sync 1 DAGs
[2021-03-31 03:03:41,189] {logging_mixin.py:104} INFO - [2021-03-31 03:03:41,189] {dag.py:2273} INFO - Setting next_dagrun for example_short_circuit_operator to 2021-03-29 00:00:00+00:00
[2021-03-31 03:03:41,194] {scheduler_job.py:190} INFO - Processing /home/prathamesh/PycharmProjects/airflow-basic/venv/lib/python3.8/site-packages/airflow/example_dags/example_short_circuit_operator.py took 0.035 seconds
[2021-03-31 03:04:15,936] {scheduler_job.py:182} INFO - Started process (PID=16760) to work on /home/prathamesh/PycharmProjects/airflow-basic/venv/lib/python3.8/site-packages/airflow/example_dags/example_short_circuit_operator.py
[2021-03-31 03:04:15,937] {scheduler_job.py:629} INFO - Processing file /home/prathamesh/PycharmProjects/airflow-basic/venv/lib/python3.8/site-packages/airflow/example_dags/example_short_circuit_operator.py for tasks to queue
[2021-03-31 03:04:15,938] {logging_mixin.py:104} INFO - [2021-03-31 03:04:15,938] {dagbag.py:448} INFO - Filling up the DagBag from /home/prathamesh/PycharmProjects/airflow-basic/venv/lib/python3.8/site-packages/airflow/example_dags/example_short_circuit_operator.py
[2021-03-31 03:04:15,947] {scheduler_job.py:639} INFO - DAG(s) dict_keys(['example_short_circuit_operator']) retrieved from /home/prathamesh/PycharmProjects/airflow-basic/venv/lib/python3.8/site-packages/airflow/example_dags/example_short_circuit_operator.py
[2021-03-31 03:04:15,958] {logging_mixin.py:104} INFO - [2021-03-31 03:04:15,957] {dag.py:1818} INFO - Sync 1 DAGs
[2021-03-31 03:04:15,964] {logging_mixin.py:104} INFO - [2021-03-31 03:04:15,964] {dag.py:2273} INFO - Setting next_dagrun for example_short_circuit_operator to 2021-03-29 00:00:00+00:00
[2021-03-31 03:04:15,967] {scheduler_job.py:190} INFO - Processing /home/prathamesh/PycharmProjects/airflow-basic/venv/lib/python3.8/site-packages/airflow/example_dags/example_short_circuit_operator.py took 0.034 seconds
[2021-03-31 03:04:55,116] {scheduler_job.py:182} INFO - Started process (PID=16892) to work on /home/prathamesh/PycharmProjects/airflow-basic/venv/lib/python3.8/site-packages/airflow/example_dags/example_short_circuit_operator.py
[2021-03-31 03:04:55,117] {scheduler_job.py:629} INFO - Processing file /home/prathamesh/PycharmProjects/airflow-basic/venv/lib/python3.8/site-packages/airflow/example_dags/example_short_circuit_operator.py for tasks to queue
[2021-03-31 03:04:55,119] {logging_mixin.py:104} INFO - [2021-03-31 03:04:55,119] {dagbag.py:448} INFO - Filling up the DagBag from /home/prathamesh/PycharmProjects/airflow-basic/venv/lib/python3.8/site-packages/airflow/example_dags/example_short_circuit_operator.py
[2021-03-31 03:04:55,126] {scheduler_job.py:639} INFO - DAG(s) dict_keys(['example_short_circuit_operator']) retrieved from /home/prathamesh/PycharmProjects/airflow-basic/venv/lib/python3.8/site-packages/airflow/example_dags/example_short_circuit_operator.py
[2021-03-31 03:04:55,136] {logging_mixin.py:104} INFO - [2021-03-31 03:04:55,136] {dag.py:1818} INFO - Sync 1 DAGs
[2021-03-31 03:04:55,143] {logging_mixin.py:104} INFO - [2021-03-31 03:04:55,143] {dag.py:2273} INFO - Setting next_dagrun for example_short_circuit_operator to 2021-03-29 00:00:00+00:00
[2021-03-31 03:04:55,147] {scheduler_job.py:190} INFO - Processing /home/prathamesh/PycharmProjects/airflow-basic/venv/lib/python3.8/site-packages/airflow/example_dags/example_short_circuit_operator.py took 0.034 seconds
[2021-03-31 03:05:30,885] {scheduler_job.py:182} INFO - Started process (PID=17022) to work on /home/prathamesh/PycharmProjects/airflow-basic/venv/lib/python3.8/site-packages/airflow/example_dags/example_short_circuit_operator.py
[2021-03-31 03:05:30,886] {scheduler_job.py:629} INFO - Processing file /home/prathamesh/PycharmProjects/airflow-basic/venv/lib/python3.8/site-packages/airflow/example_dags/example_short_circuit_operator.py for tasks to queue
[2021-03-31 03:05:30,886] {logging_mixin.py:104} INFO - [2021-03-31 03:05:30,886] {dagbag.py:448} INFO - Filling up the DagBag from /home/prathamesh/PycharmProjects/airflow-basic/venv/lib/python3.8/site-packages/airflow/example_dags/example_short_circuit_operator.py
[2021-03-31 03:05:30,895] {scheduler_job.py:639} INFO - DAG(s) dict_keys(['example_short_circuit_operator']) retrieved from /home/prathamesh/PycharmProjects/airflow-basic/venv/lib/python3.8/site-packages/airflow/example_dags/example_short_circuit_operator.py
[2021-03-31 03:05:30,907] {logging_mixin.py:104} INFO - [2021-03-31 03:05:30,907] {dag.py:1818} INFO - Sync 1 DAGs
[2021-03-31 03:05:30,917] {logging_mixin.py:104} INFO - [2021-03-31 03:05:30,917] {dag.py:2273} INFO - Setting next_dagrun for example_short_circuit_operator to 2021-03-29 00:00:00+00:00
[2021-03-31 03:05:30,921] {scheduler_job.py:190} INFO - Processing /home/prathamesh/PycharmProjects/airflow-basic/venv/lib/python3.8/site-packages/airflow/example_dags/example_short_circuit_operator.py took 0.039 seconds
[2021-03-31 03:06:04,771] {scheduler_job.py:182} INFO - Started process (PID=17155) to work on /home/prathamesh/PycharmProjects/airflow-basic/venv/lib/python3.8/site-packages/airflow/example_dags/example_short_circuit_operator.py
[2021-03-31 03:06:04,772] {scheduler_job.py:629} INFO - Processing file /home/prathamesh/PycharmProjects/airflow-basic/venv/lib/python3.8/site-packages/airflow/example_dags/example_short_circuit_operator.py for tasks to queue
[2021-03-31 03:06:04,772] {logging_mixin.py:104} INFO - [2021-03-31 03:06:04,772] {dagbag.py:448} INFO - Filling up the DagBag from /home/prathamesh/PycharmProjects/airflow-basic/venv/lib/python3.8/site-packages/airflow/example_dags/example_short_circuit_operator.py
[2021-03-31 03:06:04,779] {scheduler_job.py:639} INFO - DAG(s) dict_keys(['example_short_circuit_operator']) retrieved from /home/prathamesh/PycharmProjects/airflow-basic/venv/lib/python3.8/site-packages/airflow/example_dags/example_short_circuit_operator.py
[2021-03-31 03:06:04,799] {logging_mixin.py:104} INFO - [2021-03-31 03:06:04,799] {dag.py:1818} INFO - Sync 1 DAGs
[2021-03-31 03:06:04,805] {logging_mixin.py:104} INFO - [2021-03-31 03:06:04,805] {dag.py:2273} INFO - Setting next_dagrun for example_short_circuit_operator to 2021-03-29 00:00:00+00:00
[2021-03-31 03:06:04,809] {scheduler_job.py:190} INFO - Processing /home/prathamesh/PycharmProjects/airflow-basic/venv/lib/python3.8/site-packages/airflow/example_dags/example_short_circuit_operator.py took 0.052 seconds
[2021-03-31 03:06:42,838] {scheduler_job.py:182} INFO - Started process (PID=17286) to work on /home/prathamesh/PycharmProjects/airflow-basic/venv/lib/python3.8/site-packages/airflow/example_dags/example_short_circuit_operator.py
[2021-03-31 03:06:42,839] {scheduler_job.py:629} INFO - Processing file /home/prathamesh/PycharmProjects/airflow-basic/venv/lib/python3.8/site-packages/airflow/example_dags/example_short_circuit_operator.py for tasks to queue
[2021-03-31 03:06:42,840] {logging_mixin.py:104} INFO - [2021-03-31 03:06:42,840] {dagbag.py:448} INFO - Filling up the DagBag from /home/prathamesh/PycharmProjects/airflow-basic/venv/lib/python3.8/site-packages/airflow/example_dags/example_short_circuit_operator.py
[2021-03-31 03:06:42,855] {scheduler_job.py:639} INFO - DAG(s) dict_keys(['example_short_circuit_operator']) retrieved from /home/prathamesh/PycharmProjects/airflow-basic/venv/lib/python3.8/site-packages/airflow/example_dags/example_short_circuit_operator.py
[2021-03-31 03:06:42,868] {logging_mixin.py:104} INFO - [2021-03-31 03:06:42,868] {dag.py:1818} INFO - Sync 1 DAGs
[2021-03-31 03:06:42,880] {logging_mixin.py:104} INFO - [2021-03-31 03:06:42,880] {dag.py:2273} INFO - Setting next_dagrun for example_short_circuit_operator to 2021-03-29 00:00:00+00:00
[2021-03-31 03:06:42,888] {scheduler_job.py:190} INFO - Processing /home/prathamesh/PycharmProjects/airflow-basic/venv/lib/python3.8/site-packages/airflow/example_dags/example_short_circuit_operator.py took 0.052 seconds
[2021-03-31 03:07:21,286] {scheduler_job.py:182} INFO - Started process (PID=17420) to work on /home/prathamesh/PycharmProjects/airflow-basic/venv/lib/python3.8/site-packages/airflow/example_dags/example_short_circuit_operator.py
[2021-03-31 03:07:21,287] {scheduler_job.py:629} INFO - Processing file /home/prathamesh/PycharmProjects/airflow-basic/venv/lib/python3.8/site-packages/airflow/example_dags/example_short_circuit_operator.py for tasks to queue
[2021-03-31 03:07:21,287] {logging_mixin.py:104} INFO - [2021-03-31 03:07:21,287] {dagbag.py:448} INFO - Filling up the DagBag from /home/prathamesh/PycharmProjects/airflow-basic/venv/lib/python3.8/site-packages/airflow/example_dags/example_short_circuit_operator.py
[2021-03-31 03:07:21,303] {scheduler_job.py:639} INFO - DAG(s) dict_keys(['example_short_circuit_operator']) retrieved from /home/prathamesh/PycharmProjects/airflow-basic/venv/lib/python3.8/site-packages/airflow/example_dags/example_short_circuit_operator.py
[2021-03-31 03:07:21,319] {logging_mixin.py:104} INFO - [2021-03-31 03:07:21,318] {dag.py:1818} INFO - Sync 1 DAGs
[2021-03-31 03:07:21,330] {logging_mixin.py:104} INFO - [2021-03-31 03:07:21,330] {dag.py:2273} INFO - Setting next_dagrun for example_short_circuit_operator to 2021-03-29 00:00:00+00:00
[2021-03-31 03:07:21,338] {scheduler_job.py:190} INFO - Processing /home/prathamesh/PycharmProjects/airflow-basic/venv/lib/python3.8/site-packages/airflow/example_dags/example_short_circuit_operator.py took 0.055 seconds
[2021-03-31 03:08:00,817] {scheduler_job.py:182} INFO - Started process (PID=17563) to work on /home/prathamesh/PycharmProjects/airflow-basic/venv/lib/python3.8/site-packages/airflow/example_dags/example_short_circuit_operator.py
[2021-03-31 03:08:00,819] {scheduler_job.py:629} INFO - Processing file /home/prathamesh/PycharmProjects/airflow-basic/venv/lib/python3.8/site-packages/airflow/example_dags/example_short_circuit_operator.py for tasks to queue
[2021-03-31 03:08:00,820] {logging_mixin.py:104} INFO - [2021-03-31 03:08:00,820] {dagbag.py:448} INFO - Filling up the DagBag from /home/prathamesh/PycharmProjects/airflow-basic/venv/lib/python3.8/site-packages/airflow/example_dags/example_short_circuit_operator.py
[2021-03-31 03:08:00,835] {scheduler_job.py:639} INFO - DAG(s) dict_keys(['example_short_circuit_operator']) retrieved from /home/prathamesh/PycharmProjects/airflow-basic/venv/lib/python3.8/site-packages/airflow/example_dags/example_short_circuit_operator.py
[2021-03-31 03:08:00,850] {logging_mixin.py:104} INFO - [2021-03-31 03:08:00,850] {dag.py:1818} INFO - Sync 1 DAGs
[2021-03-31 03:08:00,879] {logging_mixin.py:104} INFO - [2021-03-31 03:08:00,878] {dag.py:2273} INFO - Setting next_dagrun for example_short_circuit_operator to 2021-03-29 00:00:00+00:00
[2021-03-31 03:08:00,885] {scheduler_job.py:190} INFO - Processing /home/prathamesh/PycharmProjects/airflow-basic/venv/lib/python3.8/site-packages/airflow/example_dags/example_short_circuit_operator.py took 0.072 seconds
