[2021-03-31 01:48:56,077] {scheduler_job.py:182} INFO - Started process (PID=12618) to work on /home/prathamesh/PycharmProjects/airflow-basic/venv/lib/python3.8/site-packages/airflow/example_dags/example_python_operator.py
[2021-03-31 01:48:56,086] {scheduler_job.py:629} INFO - Processing file /home/prathamesh/PycharmProjects/airflow-basic/venv/lib/python3.8/site-packages/airflow/example_dags/example_python_operator.py for tasks to queue
[2021-03-31 01:48:56,087] {logging_mixin.py:104} INFO - [2021-03-31 01:48:56,087] {dagbag.py:448} INFO - Filling up the DagBag from /home/prathamesh/PycharmProjects/airflow-basic/venv/lib/python3.8/site-packages/airflow/example_dags/example_python_operator.py
[2021-03-31 01:48:56,156] {scheduler_job.py:639} INFO - DAG(s) dict_keys(['example_python_operator']) retrieved from /home/prathamesh/PycharmProjects/airflow-basic/venv/lib/python3.8/site-packages/airflow/example_dags/example_python_operator.py
[2021-03-31 01:48:56,238] {logging_mixin.py:104} INFO - [2021-03-31 01:48:56,238] {dag.py:1818} INFO - Sync 1 DAGs
[2021-03-31 01:48:56,282] {logging_mixin.py:104} INFO - [2021-03-31 01:48:56,282] {dag.py:2273} INFO - Setting next_dagrun for example_python_operator to None
[2021-03-31 01:48:56,360] {scheduler_job.py:190} INFO - Processing /home/prathamesh/PycharmProjects/airflow-basic/venv/lib/python3.8/site-packages/airflow/example_dags/example_python_operator.py took 0.314 seconds
[2021-03-31 01:49:35,468] {scheduler_job.py:182} INFO - Started process (PID=12654) to work on /home/prathamesh/PycharmProjects/airflow-basic/venv/lib/python3.8/site-packages/airflow/example_dags/example_python_operator.py
[2021-03-31 01:49:35,469] {scheduler_job.py:629} INFO - Processing file /home/prathamesh/PycharmProjects/airflow-basic/venv/lib/python3.8/site-packages/airflow/example_dags/example_python_operator.py for tasks to queue
[2021-03-31 01:49:35,469] {logging_mixin.py:104} INFO - [2021-03-31 01:49:35,469] {dagbag.py:448} INFO - Filling up the DagBag from /home/prathamesh/PycharmProjects/airflow-basic/venv/lib/python3.8/site-packages/airflow/example_dags/example_python_operator.py
[2021-03-31 01:49:35,479] {scheduler_job.py:639} INFO - DAG(s) dict_keys(['example_python_operator']) retrieved from /home/prathamesh/PycharmProjects/airflow-basic/venv/lib/python3.8/site-packages/airflow/example_dags/example_python_operator.py
[2021-03-31 01:49:35,491] {logging_mixin.py:104} INFO - [2021-03-31 01:49:35,491] {dag.py:1818} INFO - Sync 1 DAGs
[2021-03-31 01:49:35,510] {logging_mixin.py:104} INFO - [2021-03-31 01:49:35,510] {dag.py:2273} INFO - Setting next_dagrun for example_python_operator to None
[2021-03-31 01:49:35,515] {scheduler_job.py:190} INFO - Processing /home/prathamesh/PycharmProjects/airflow-basic/venv/lib/python3.8/site-packages/airflow/example_dags/example_python_operator.py took 0.049 seconds
[2021-03-31 01:50:06,026] {scheduler_job.py:182} INFO - Started process (PID=12685) to work on /home/prathamesh/PycharmProjects/airflow-basic/venv/lib/python3.8/site-packages/airflow/example_dags/example_python_operator.py
[2021-03-31 01:50:06,029] {scheduler_job.py:629} INFO - Processing file /home/prathamesh/PycharmProjects/airflow-basic/venv/lib/python3.8/site-packages/airflow/example_dags/example_python_operator.py for tasks to queue
[2021-03-31 01:50:06,031] {logging_mixin.py:104} INFO - [2021-03-31 01:50:06,031] {dagbag.py:448} INFO - Filling up the DagBag from /home/prathamesh/PycharmProjects/airflow-basic/venv/lib/python3.8/site-packages/airflow/example_dags/example_python_operator.py
[2021-03-31 01:50:06,044] {scheduler_job.py:639} INFO - DAG(s) dict_keys(['example_python_operator']) retrieved from /home/prathamesh/PycharmProjects/airflow-basic/venv/lib/python3.8/site-packages/airflow/example_dags/example_python_operator.py
[2021-03-31 01:50:06,058] {logging_mixin.py:104} INFO - [2021-03-31 01:50:06,057] {dag.py:1818} INFO - Sync 1 DAGs
[2021-03-31 01:50:06,067] {logging_mixin.py:104} INFO - [2021-03-31 01:50:06,067] {dag.py:2273} INFO - Setting next_dagrun for example_python_operator to None
[2021-03-31 01:50:06,075] {scheduler_job.py:190} INFO - Processing /home/prathamesh/PycharmProjects/airflow-basic/venv/lib/python3.8/site-packages/airflow/example_dags/example_python_operator.py took 0.052 seconds
[2021-03-31 01:50:44,030] {scheduler_job.py:182} INFO - Started process (PID=12725) to work on /home/prathamesh/PycharmProjects/airflow-basic/venv/lib/python3.8/site-packages/airflow/example_dags/example_python_operator.py
[2021-03-31 01:50:44,031] {scheduler_job.py:629} INFO - Processing file /home/prathamesh/PycharmProjects/airflow-basic/venv/lib/python3.8/site-packages/airflow/example_dags/example_python_operator.py for tasks to queue
[2021-03-31 01:50:44,032] {logging_mixin.py:104} INFO - [2021-03-31 01:50:44,032] {dagbag.py:448} INFO - Filling up the DagBag from /home/prathamesh/PycharmProjects/airflow-basic/venv/lib/python3.8/site-packages/airflow/example_dags/example_python_operator.py
[2021-03-31 01:50:44,050] {scheduler_job.py:639} INFO - DAG(s) dict_keys(['example_python_operator']) retrieved from /home/prathamesh/PycharmProjects/airflow-basic/venv/lib/python3.8/site-packages/airflow/example_dags/example_python_operator.py
[2021-03-31 01:50:44,065] {logging_mixin.py:104} INFO - [2021-03-31 01:50:44,065] {dag.py:1818} INFO - Sync 1 DAGs
[2021-03-31 01:50:44,076] {logging_mixin.py:104} INFO - [2021-03-31 01:50:44,076] {dag.py:2273} INFO - Setting next_dagrun for example_python_operator to None
[2021-03-31 01:50:44,087] {scheduler_job.py:190} INFO - Processing /home/prathamesh/PycharmProjects/airflow-basic/venv/lib/python3.8/site-packages/airflow/example_dags/example_python_operator.py took 0.061 seconds
[2021-03-31 01:52:52,784] {scheduler_job.py:182} INFO - Started process (PID=12782) to work on /home/prathamesh/PycharmProjects/airflow-basic/venv/lib/python3.8/site-packages/airflow/example_dags/example_python_operator.py
[2021-03-31 01:52:52,792] {scheduler_job.py:629} INFO - Processing file /home/prathamesh/PycharmProjects/airflow-basic/venv/lib/python3.8/site-packages/airflow/example_dags/example_python_operator.py for tasks to queue
[2021-03-31 01:52:52,793] {logging_mixin.py:104} INFO - [2021-03-31 01:52:52,793] {dagbag.py:448} INFO - Filling up the DagBag from /home/prathamesh/PycharmProjects/airflow-basic/venv/lib/python3.8/site-packages/airflow/example_dags/example_python_operator.py
[2021-03-31 01:52:52,885] {scheduler_job.py:639} INFO - DAG(s) dict_keys(['example_python_operator']) retrieved from /home/prathamesh/PycharmProjects/airflow-basic/venv/lib/python3.8/site-packages/airflow/example_dags/example_python_operator.py
[2021-03-31 01:52:52,981] {logging_mixin.py:104} INFO - [2021-03-31 01:52:52,981] {dag.py:1818} INFO - Sync 1 DAGs
[2021-03-31 01:52:53,088] {logging_mixin.py:104} INFO - [2021-03-31 01:52:53,065] {dag.py:2273} INFO - Setting next_dagrun for example_python_operator to None
[2021-03-31 01:52:53,271] {scheduler_job.py:190} INFO - Processing /home/prathamesh/PycharmProjects/airflow-basic/venv/lib/python3.8/site-packages/airflow/example_dags/example_python_operator.py took 0.515 seconds
[2021-03-31 01:53:36,124] {scheduler_job.py:182} INFO - Started process (PID=12826) to work on /home/prathamesh/PycharmProjects/airflow-basic/venv/lib/python3.8/site-packages/airflow/example_dags/example_python_operator.py
[2021-03-31 01:53:36,125] {scheduler_job.py:629} INFO - Processing file /home/prathamesh/PycharmProjects/airflow-basic/venv/lib/python3.8/site-packages/airflow/example_dags/example_python_operator.py for tasks to queue
[2021-03-31 01:53:36,126] {logging_mixin.py:104} INFO - [2021-03-31 01:53:36,126] {dagbag.py:448} INFO - Filling up the DagBag from /home/prathamesh/PycharmProjects/airflow-basic/venv/lib/python3.8/site-packages/airflow/example_dags/example_python_operator.py
[2021-03-31 01:53:36,138] {scheduler_job.py:639} INFO - DAG(s) dict_keys(['example_python_operator']) retrieved from /home/prathamesh/PycharmProjects/airflow-basic/venv/lib/python3.8/site-packages/airflow/example_dags/example_python_operator.py
[2021-03-31 01:53:36,154] {logging_mixin.py:104} INFO - [2021-03-31 01:53:36,154] {dag.py:1818} INFO - Sync 1 DAGs
[2021-03-31 01:53:36,167] {logging_mixin.py:104} INFO - [2021-03-31 01:53:36,167] {dag.py:2273} INFO - Setting next_dagrun for example_python_operator to None
[2021-03-31 01:53:36,176] {scheduler_job.py:190} INFO - Processing /home/prathamesh/PycharmProjects/airflow-basic/venv/lib/python3.8/site-packages/airflow/example_dags/example_python_operator.py took 0.057 seconds
[2021-03-31 01:54:17,948] {scheduler_job.py:182} INFO - Started process (PID=12884) to work on /home/prathamesh/PycharmProjects/airflow-basic/venv/lib/python3.8/site-packages/airflow/example_dags/example_python_operator.py
[2021-03-31 01:54:17,950] {scheduler_job.py:629} INFO - Processing file /home/prathamesh/PycharmProjects/airflow-basic/venv/lib/python3.8/site-packages/airflow/example_dags/example_python_operator.py for tasks to queue
[2021-03-31 01:54:17,951] {logging_mixin.py:104} INFO - [2021-03-31 01:54:17,951] {dagbag.py:448} INFO - Filling up the DagBag from /home/prathamesh/PycharmProjects/airflow-basic/venv/lib/python3.8/site-packages/airflow/example_dags/example_python_operator.py
[2021-03-31 01:54:18,019] {scheduler_job.py:639} INFO - DAG(s) dict_keys(['example_python_operator']) retrieved from /home/prathamesh/PycharmProjects/airflow-basic/venv/lib/python3.8/site-packages/airflow/example_dags/example_python_operator.py
[2021-03-31 01:54:18,177] {logging_mixin.py:104} INFO - [2021-03-31 01:54:18,176] {dag.py:1818} INFO - Sync 1 DAGs
[2021-03-31 01:54:18,234] {logging_mixin.py:104} INFO - [2021-03-31 01:54:18,234] {dag.py:2273} INFO - Setting next_dagrun for example_python_operator to None
[2021-03-31 01:54:18,267] {scheduler_job.py:190} INFO - Processing /home/prathamesh/PycharmProjects/airflow-basic/venv/lib/python3.8/site-packages/airflow/example_dags/example_python_operator.py took 0.342 seconds
[2021-03-31 01:54:55,980] {scheduler_job.py:182} INFO - Started process (PID=12925) to work on /home/prathamesh/PycharmProjects/airflow-basic/venv/lib/python3.8/site-packages/airflow/example_dags/example_python_operator.py
[2021-03-31 01:54:55,982] {scheduler_job.py:629} INFO - Processing file /home/prathamesh/PycharmProjects/airflow-basic/venv/lib/python3.8/site-packages/airflow/example_dags/example_python_operator.py for tasks to queue
[2021-03-31 01:54:55,982] {logging_mixin.py:104} INFO - [2021-03-31 01:54:55,982] {dagbag.py:448} INFO - Filling up the DagBag from /home/prathamesh/PycharmProjects/airflow-basic/venv/lib/python3.8/site-packages/airflow/example_dags/example_python_operator.py
[2021-03-31 01:54:56,068] {scheduler_job.py:639} INFO - DAG(s) dict_keys(['example_python_operator']) retrieved from /home/prathamesh/PycharmProjects/airflow-basic/venv/lib/python3.8/site-packages/airflow/example_dags/example_python_operator.py
[2021-03-31 01:54:56,133] {logging_mixin.py:104} INFO - [2021-03-31 01:54:56,133] {dag.py:1818} INFO - Sync 1 DAGs
[2021-03-31 01:54:56,189] {logging_mixin.py:104} INFO - [2021-03-31 01:54:56,189] {dag.py:2273} INFO - Setting next_dagrun for example_python_operator to None
[2021-03-31 01:54:56,247] {scheduler_job.py:190} INFO - Processing /home/prathamesh/PycharmProjects/airflow-basic/venv/lib/python3.8/site-packages/airflow/example_dags/example_python_operator.py took 0.288 seconds
[2021-03-31 01:55:44,843] {scheduler_job.py:182} INFO - Started process (PID=12989) to work on /home/prathamesh/PycharmProjects/airflow-basic/venv/lib/python3.8/site-packages/airflow/example_dags/example_python_operator.py
[2021-03-31 01:55:44,846] {scheduler_job.py:629} INFO - Processing file /home/prathamesh/PycharmProjects/airflow-basic/venv/lib/python3.8/site-packages/airflow/example_dags/example_python_operator.py for tasks to queue
[2021-03-31 01:55:44,847] {logging_mixin.py:104} INFO - [2021-03-31 01:55:44,847] {dagbag.py:448} INFO - Filling up the DagBag from /home/prathamesh/PycharmProjects/airflow-basic/venv/lib/python3.8/site-packages/airflow/example_dags/example_python_operator.py
[2021-03-31 01:55:44,874] {scheduler_job.py:639} INFO - DAG(s) dict_keys(['example_python_operator']) retrieved from /home/prathamesh/PycharmProjects/airflow-basic/venv/lib/python3.8/site-packages/airflow/example_dags/example_python_operator.py
[2021-03-31 01:55:44,891] {logging_mixin.py:104} INFO - [2021-03-31 01:55:44,891] {dag.py:1818} INFO - Sync 1 DAGs
[2021-03-31 01:55:44,905] {logging_mixin.py:104} INFO - [2021-03-31 01:55:44,905] {dag.py:2273} INFO - Setting next_dagrun for example_python_operator to None
[2021-03-31 01:55:44,931] {scheduler_job.py:190} INFO - Processing /home/prathamesh/PycharmProjects/airflow-basic/venv/lib/python3.8/site-packages/airflow/example_dags/example_python_operator.py took 0.091 seconds
[2021-03-31 01:56:27,740] {scheduler_job.py:182} INFO - Started process (PID=13052) to work on /home/prathamesh/PycharmProjects/airflow-basic/venv/lib/python3.8/site-packages/airflow/example_dags/example_python_operator.py
[2021-03-31 01:56:27,755] {scheduler_job.py:629} INFO - Processing file /home/prathamesh/PycharmProjects/airflow-basic/venv/lib/python3.8/site-packages/airflow/example_dags/example_python_operator.py for tasks to queue
[2021-03-31 01:56:27,756] {logging_mixin.py:104} INFO - [2021-03-31 01:56:27,756] {dagbag.py:448} INFO - Filling up the DagBag from /home/prathamesh/PycharmProjects/airflow-basic/venv/lib/python3.8/site-packages/airflow/example_dags/example_python_operator.py
[2021-03-31 01:56:27,906] {scheduler_job.py:639} INFO - DAG(s) dict_keys(['example_python_operator']) retrieved from /home/prathamesh/PycharmProjects/airflow-basic/venv/lib/python3.8/site-packages/airflow/example_dags/example_python_operator.py
[2021-03-31 01:56:28,008] {logging_mixin.py:104} INFO - [2021-03-31 01:56:28,007] {dag.py:1818} INFO - Sync 1 DAGs
[2021-03-31 01:56:28,126] {logging_mixin.py:104} INFO - [2021-03-31 01:56:28,126] {dag.py:2273} INFO - Setting next_dagrun for example_python_operator to None
[2021-03-31 01:56:28,146] {scheduler_job.py:190} INFO - Processing /home/prathamesh/PycharmProjects/airflow-basic/venv/lib/python3.8/site-packages/airflow/example_dags/example_python_operator.py took 0.465 seconds
[2021-03-31 01:57:09,749] {scheduler_job.py:182} INFO - Started process (PID=13091) to work on /home/prathamesh/PycharmProjects/airflow-basic/venv/lib/python3.8/site-packages/airflow/example_dags/example_python_operator.py
[2021-03-31 01:57:09,751] {scheduler_job.py:629} INFO - Processing file /home/prathamesh/PycharmProjects/airflow-basic/venv/lib/python3.8/site-packages/airflow/example_dags/example_python_operator.py for tasks to queue
[2021-03-31 01:57:09,753] {logging_mixin.py:104} INFO - [2021-03-31 01:57:09,752] {dagbag.py:448} INFO - Filling up the DagBag from /home/prathamesh/PycharmProjects/airflow-basic/venv/lib/python3.8/site-packages/airflow/example_dags/example_python_operator.py
[2021-03-31 01:57:09,802] {scheduler_job.py:639} INFO - DAG(s) dict_keys(['example_python_operator']) retrieved from /home/prathamesh/PycharmProjects/airflow-basic/venv/lib/python3.8/site-packages/airflow/example_dags/example_python_operator.py
[2021-03-31 01:57:09,866] {logging_mixin.py:104} INFO - [2021-03-31 01:57:09,866] {dag.py:1818} INFO - Sync 1 DAGs
[2021-03-31 01:57:09,949] {logging_mixin.py:104} INFO - [2021-03-31 01:57:09,949] {dag.py:2273} INFO - Setting next_dagrun for example_python_operator to None
[2021-03-31 01:57:09,969] {scheduler_job.py:190} INFO - Processing /home/prathamesh/PycharmProjects/airflow-basic/venv/lib/python3.8/site-packages/airflow/example_dags/example_python_operator.py took 0.230 seconds
[2021-03-31 01:57:44,519] {scheduler_job.py:182} INFO - Started process (PID=13132) to work on /home/prathamesh/PycharmProjects/airflow-basic/venv/lib/python3.8/site-packages/airflow/example_dags/example_python_operator.py
[2021-03-31 01:57:44,520] {scheduler_job.py:629} INFO - Processing file /home/prathamesh/PycharmProjects/airflow-basic/venv/lib/python3.8/site-packages/airflow/example_dags/example_python_operator.py for tasks to queue
[2021-03-31 01:57:44,521] {logging_mixin.py:104} INFO - [2021-03-31 01:57:44,521] {dagbag.py:448} INFO - Filling up the DagBag from /home/prathamesh/PycharmProjects/airflow-basic/venv/lib/python3.8/site-packages/airflow/example_dags/example_python_operator.py
[2021-03-31 01:57:44,532] {scheduler_job.py:639} INFO - DAG(s) dict_keys(['example_python_operator']) retrieved from /home/prathamesh/PycharmProjects/airflow-basic/venv/lib/python3.8/site-packages/airflow/example_dags/example_python_operator.py
[2021-03-31 01:57:44,545] {logging_mixin.py:104} INFO - [2021-03-31 01:57:44,545] {dag.py:1818} INFO - Sync 1 DAGs
[2021-03-31 01:57:44,576] {logging_mixin.py:104} INFO - [2021-03-31 01:57:44,576] {dag.py:2273} INFO - Setting next_dagrun for example_python_operator to None
[2021-03-31 01:57:44,593] {scheduler_job.py:190} INFO - Processing /home/prathamesh/PycharmProjects/airflow-basic/venv/lib/python3.8/site-packages/airflow/example_dags/example_python_operator.py took 0.077 seconds
[2021-03-31 02:52:12,478] {scheduler_job.py:182} INFO - Started process (PID=13921) to work on /home/prathamesh/PycharmProjects/airflow-basic/venv/lib/python3.8/site-packages/airflow/example_dags/example_python_operator.py
[2021-03-31 02:52:12,479] {scheduler_job.py:629} INFO - Processing file /home/prathamesh/PycharmProjects/airflow-basic/venv/lib/python3.8/site-packages/airflow/example_dags/example_python_operator.py for tasks to queue
[2021-03-31 02:52:12,479] {logging_mixin.py:104} INFO - [2021-03-31 02:52:12,479] {dagbag.py:448} INFO - Filling up the DagBag from /home/prathamesh/PycharmProjects/airflow-basic/venv/lib/python3.8/site-packages/airflow/example_dags/example_python_operator.py
[2021-03-31 02:52:12,488] {scheduler_job.py:639} INFO - DAG(s) dict_keys(['example_python_operator']) retrieved from /home/prathamesh/PycharmProjects/airflow-basic/venv/lib/python3.8/site-packages/airflow/example_dags/example_python_operator.py
[2021-03-31 02:52:12,500] {logging_mixin.py:104} INFO - [2021-03-31 02:52:12,499] {dag.py:1818} INFO - Sync 1 DAGs
[2021-03-31 02:52:12,506] {logging_mixin.py:104} INFO - [2021-03-31 02:52:12,506] {dag.py:2273} INFO - Setting next_dagrun for example_python_operator to None
[2021-03-31 02:52:12,519] {scheduler_job.py:190} INFO - Processing /home/prathamesh/PycharmProjects/airflow-basic/venv/lib/python3.8/site-packages/airflow/example_dags/example_python_operator.py took 0.043 seconds
[2021-03-31 02:52:55,746] {scheduler_job.py:182} INFO - Started process (PID=14060) to work on /home/prathamesh/PycharmProjects/airflow-basic/venv/lib/python3.8/site-packages/airflow/example_dags/example_python_operator.py
[2021-03-31 02:52:55,747] {scheduler_job.py:629} INFO - Processing file /home/prathamesh/PycharmProjects/airflow-basic/venv/lib/python3.8/site-packages/airflow/example_dags/example_python_operator.py for tasks to queue
[2021-03-31 02:52:55,747] {logging_mixin.py:104} INFO - [2021-03-31 02:52:55,747] {dagbag.py:448} INFO - Filling up the DagBag from /home/prathamesh/PycharmProjects/airflow-basic/venv/lib/python3.8/site-packages/airflow/example_dags/example_python_operator.py
[2021-03-31 02:52:55,755] {scheduler_job.py:639} INFO - DAG(s) dict_keys(['example_python_operator']) retrieved from /home/prathamesh/PycharmProjects/airflow-basic/venv/lib/python3.8/site-packages/airflow/example_dags/example_python_operator.py
[2021-03-31 02:52:55,764] {logging_mixin.py:104} INFO - [2021-03-31 02:52:55,764] {dag.py:1818} INFO - Sync 1 DAGs
[2021-03-31 02:52:55,773] {logging_mixin.py:104} INFO - [2021-03-31 02:52:55,773] {dag.py:2273} INFO - Setting next_dagrun for example_python_operator to None
[2021-03-31 02:52:55,777] {scheduler_job.py:190} INFO - Processing /home/prathamesh/PycharmProjects/airflow-basic/venv/lib/python3.8/site-packages/airflow/example_dags/example_python_operator.py took 0.033 seconds
[2021-03-31 02:53:38,258] {scheduler_job.py:182} INFO - Started process (PID=14197) to work on /home/prathamesh/PycharmProjects/airflow-basic/venv/lib/python3.8/site-packages/airflow/example_dags/example_python_operator.py
[2021-03-31 02:53:38,259] {scheduler_job.py:629} INFO - Processing file /home/prathamesh/PycharmProjects/airflow-basic/venv/lib/python3.8/site-packages/airflow/example_dags/example_python_operator.py for tasks to queue
[2021-03-31 02:53:38,259] {logging_mixin.py:104} INFO - [2021-03-31 02:53:38,259] {dagbag.py:448} INFO - Filling up the DagBag from /home/prathamesh/PycharmProjects/airflow-basic/venv/lib/python3.8/site-packages/airflow/example_dags/example_python_operator.py
[2021-03-31 02:53:38,279] {scheduler_job.py:639} INFO - DAG(s) dict_keys(['example_python_operator']) retrieved from /home/prathamesh/PycharmProjects/airflow-basic/venv/lib/python3.8/site-packages/airflow/example_dags/example_python_operator.py
[2021-03-31 02:53:38,301] {logging_mixin.py:104} INFO - [2021-03-31 02:53:38,301] {dag.py:1818} INFO - Sync 1 DAGs
[2021-03-31 02:53:38,321] {logging_mixin.py:104} INFO - [2021-03-31 02:53:38,321] {dag.py:2273} INFO - Setting next_dagrun for example_python_operator to None
[2021-03-31 02:53:38,348] {scheduler_job.py:190} INFO - Processing /home/prathamesh/PycharmProjects/airflow-basic/venv/lib/python3.8/site-packages/airflow/example_dags/example_python_operator.py took 0.092 seconds
[2021-03-31 02:54:27,880] {scheduler_job.py:182} INFO - Started process (PID=14348) to work on /home/prathamesh/PycharmProjects/airflow-basic/venv/lib/python3.8/site-packages/airflow/example_dags/example_python_operator.py
[2021-03-31 02:54:27,880] {scheduler_job.py:629} INFO - Processing file /home/prathamesh/PycharmProjects/airflow-basic/venv/lib/python3.8/site-packages/airflow/example_dags/example_python_operator.py for tasks to queue
[2021-03-31 02:54:27,881] {logging_mixin.py:104} INFO - [2021-03-31 02:54:27,881] {dagbag.py:448} INFO - Filling up the DagBag from /home/prathamesh/PycharmProjects/airflow-basic/venv/lib/python3.8/site-packages/airflow/example_dags/example_python_operator.py
[2021-03-31 02:54:27,896] {scheduler_job.py:639} INFO - DAG(s) dict_keys(['example_python_operator']) retrieved from /home/prathamesh/PycharmProjects/airflow-basic/venv/lib/python3.8/site-packages/airflow/example_dags/example_python_operator.py
[2021-03-31 02:54:27,917] {logging_mixin.py:104} INFO - [2021-03-31 02:54:27,916] {dag.py:1818} INFO - Sync 1 DAGs
[2021-03-31 02:54:27,931] {logging_mixin.py:104} INFO - [2021-03-31 02:54:27,931] {dag.py:2273} INFO - Setting next_dagrun for example_python_operator to None
[2021-03-31 02:54:27,939] {scheduler_job.py:190} INFO - Processing /home/prathamesh/PycharmProjects/airflow-basic/venv/lib/python3.8/site-packages/airflow/example_dags/example_python_operator.py took 0.064 seconds
[2021-03-31 02:55:02,000] {scheduler_job.py:182} INFO - Started process (PID=14479) to work on /home/prathamesh/PycharmProjects/airflow-basic/venv/lib/python3.8/site-packages/airflow/example_dags/example_python_operator.py
[2021-03-31 02:55:02,001] {scheduler_job.py:629} INFO - Processing file /home/prathamesh/PycharmProjects/airflow-basic/venv/lib/python3.8/site-packages/airflow/example_dags/example_python_operator.py for tasks to queue
[2021-03-31 02:55:02,001] {logging_mixin.py:104} INFO - [2021-03-31 02:55:02,001] {dagbag.py:448} INFO - Filling up the DagBag from /home/prathamesh/PycharmProjects/airflow-basic/venv/lib/python3.8/site-packages/airflow/example_dags/example_python_operator.py
[2021-03-31 02:55:02,008] {scheduler_job.py:639} INFO - DAG(s) dict_keys(['example_python_operator']) retrieved from /home/prathamesh/PycharmProjects/airflow-basic/venv/lib/python3.8/site-packages/airflow/example_dags/example_python_operator.py
[2021-03-31 02:55:02,019] {logging_mixin.py:104} INFO - [2021-03-31 02:55:02,019] {dag.py:1818} INFO - Sync 1 DAGs
[2021-03-31 02:55:02,027] {logging_mixin.py:104} INFO - [2021-03-31 02:55:02,027] {dag.py:2273} INFO - Setting next_dagrun for example_python_operator to None
[2021-03-31 02:55:02,034] {scheduler_job.py:190} INFO - Processing /home/prathamesh/PycharmProjects/airflow-basic/venv/lib/python3.8/site-packages/airflow/example_dags/example_python_operator.py took 0.035 seconds
[2021-03-31 02:56:35,753] {scheduler_job.py:182} INFO - Started process (PID=14765) to work on /home/prathamesh/PycharmProjects/airflow-basic/venv/lib/python3.8/site-packages/airflow/example_dags/example_python_operator.py
[2021-03-31 02:56:35,755] {scheduler_job.py:629} INFO - Processing file /home/prathamesh/PycharmProjects/airflow-basic/venv/lib/python3.8/site-packages/airflow/example_dags/example_python_operator.py for tasks to queue
[2021-03-31 02:56:35,755] {logging_mixin.py:104} INFO - [2021-03-31 02:56:35,755] {dagbag.py:448} INFO - Filling up the DagBag from /home/prathamesh/PycharmProjects/airflow-basic/venv/lib/python3.8/site-packages/airflow/example_dags/example_python_operator.py
[2021-03-31 02:56:35,796] {scheduler_job.py:639} INFO - DAG(s) dict_keys(['example_python_operator']) retrieved from /home/prathamesh/PycharmProjects/airflow-basic/venv/lib/python3.8/site-packages/airflow/example_dags/example_python_operator.py
[2021-03-31 02:56:35,890] {logging_mixin.py:104} INFO - [2021-03-31 02:56:35,890] {dag.py:1818} INFO - Sync 1 DAGs
[2021-03-31 02:56:35,957] {logging_mixin.py:104} INFO - [2021-03-31 02:56:35,956] {dag.py:2273} INFO - Setting next_dagrun for example_python_operator to None
[2021-03-31 02:56:36,028] {scheduler_job.py:190} INFO - Processing /home/prathamesh/PycharmProjects/airflow-basic/venv/lib/python3.8/site-packages/airflow/example_dags/example_python_operator.py took 0.291 seconds
[2021-03-31 02:57:15,097] {scheduler_job.py:182} INFO - Started process (PID=14901) to work on /home/prathamesh/PycharmProjects/airflow-basic/venv/lib/python3.8/site-packages/airflow/example_dags/example_python_operator.py
[2021-03-31 02:57:15,112] {scheduler_job.py:629} INFO - Processing file /home/prathamesh/PycharmProjects/airflow-basic/venv/lib/python3.8/site-packages/airflow/example_dags/example_python_operator.py for tasks to queue
[2021-03-31 02:57:15,113] {logging_mixin.py:104} INFO - [2021-03-31 02:57:15,112] {dagbag.py:448} INFO - Filling up the DagBag from /home/prathamesh/PycharmProjects/airflow-basic/venv/lib/python3.8/site-packages/airflow/example_dags/example_python_operator.py
[2021-03-31 02:57:15,130] {scheduler_job.py:639} INFO - DAG(s) dict_keys(['example_python_operator']) retrieved from /home/prathamesh/PycharmProjects/airflow-basic/venv/lib/python3.8/site-packages/airflow/example_dags/example_python_operator.py
[2021-03-31 02:57:15,142] {logging_mixin.py:104} INFO - [2021-03-31 02:57:15,142] {dag.py:1818} INFO - Sync 1 DAGs
[2021-03-31 02:57:15,173] {logging_mixin.py:104} INFO - [2021-03-31 02:57:15,173] {dag.py:2273} INFO - Setting next_dagrun for example_python_operator to None
[2021-03-31 02:57:15,178] {scheduler_job.py:190} INFO - Processing /home/prathamesh/PycharmProjects/airflow-basic/venv/lib/python3.8/site-packages/airflow/example_dags/example_python_operator.py took 0.084 seconds
[2021-03-31 02:57:55,651] {scheduler_job.py:182} INFO - Started process (PID=15041) to work on /home/prathamesh/PycharmProjects/airflow-basic/venv/lib/python3.8/site-packages/airflow/example_dags/example_python_operator.py
[2021-03-31 02:57:55,651] {scheduler_job.py:629} INFO - Processing file /home/prathamesh/PycharmProjects/airflow-basic/venv/lib/python3.8/site-packages/airflow/example_dags/example_python_operator.py for tasks to queue
[2021-03-31 02:57:55,652] {logging_mixin.py:104} INFO - [2021-03-31 02:57:55,652] {dagbag.py:448} INFO - Filling up the DagBag from /home/prathamesh/PycharmProjects/airflow-basic/venv/lib/python3.8/site-packages/airflow/example_dags/example_python_operator.py
[2021-03-31 02:57:55,665] {scheduler_job.py:639} INFO - DAG(s) dict_keys(['example_python_operator']) retrieved from /home/prathamesh/PycharmProjects/airflow-basic/venv/lib/python3.8/site-packages/airflow/example_dags/example_python_operator.py
[2021-03-31 02:57:55,675] {logging_mixin.py:104} INFO - [2021-03-31 02:57:55,675] {dag.py:1818} INFO - Sync 1 DAGs
[2021-03-31 02:57:55,682] {logging_mixin.py:104} INFO - [2021-03-31 02:57:55,682] {dag.py:2273} INFO - Setting next_dagrun for example_python_operator to None
[2021-03-31 02:57:55,686] {scheduler_job.py:190} INFO - Processing /home/prathamesh/PycharmProjects/airflow-basic/venv/lib/python3.8/site-packages/airflow/example_dags/example_python_operator.py took 0.042 seconds
[2021-03-31 02:58:34,430] {scheduler_job.py:182} INFO - Started process (PID=15172) to work on /home/prathamesh/PycharmProjects/airflow-basic/venv/lib/python3.8/site-packages/airflow/example_dags/example_python_operator.py
[2021-03-31 02:58:34,431] {scheduler_job.py:629} INFO - Processing file /home/prathamesh/PycharmProjects/airflow-basic/venv/lib/python3.8/site-packages/airflow/example_dags/example_python_operator.py for tasks to queue
[2021-03-31 02:58:34,431] {logging_mixin.py:104} INFO - [2021-03-31 02:58:34,431] {dagbag.py:448} INFO - Filling up the DagBag from /home/prathamesh/PycharmProjects/airflow-basic/venv/lib/python3.8/site-packages/airflow/example_dags/example_python_operator.py
[2021-03-31 02:58:34,438] {scheduler_job.py:639} INFO - DAG(s) dict_keys(['example_python_operator']) retrieved from /home/prathamesh/PycharmProjects/airflow-basic/venv/lib/python3.8/site-packages/airflow/example_dags/example_python_operator.py
[2021-03-31 02:58:34,448] {logging_mixin.py:104} INFO - [2021-03-31 02:58:34,448] {dag.py:1818} INFO - Sync 1 DAGs
[2021-03-31 02:58:34,454] {logging_mixin.py:104} INFO - [2021-03-31 02:58:34,454] {dag.py:2273} INFO - Setting next_dagrun for example_python_operator to None
[2021-03-31 02:58:34,460] {scheduler_job.py:190} INFO - Processing /home/prathamesh/PycharmProjects/airflow-basic/venv/lib/python3.8/site-packages/airflow/example_dags/example_python_operator.py took 0.032 seconds
[2021-03-31 02:59:16,005] {scheduler_job.py:182} INFO - Started process (PID=15305) to work on /home/prathamesh/PycharmProjects/airflow-basic/venv/lib/python3.8/site-packages/airflow/example_dags/example_python_operator.py
[2021-03-31 02:59:16,013] {scheduler_job.py:629} INFO - Processing file /home/prathamesh/PycharmProjects/airflow-basic/venv/lib/python3.8/site-packages/airflow/example_dags/example_python_operator.py for tasks to queue
[2021-03-31 02:59:16,013] {logging_mixin.py:104} INFO - [2021-03-31 02:59:16,013] {dagbag.py:448} INFO - Filling up the DagBag from /home/prathamesh/PycharmProjects/airflow-basic/venv/lib/python3.8/site-packages/airflow/example_dags/example_python_operator.py
[2021-03-31 02:59:16,037] {scheduler_job.py:639} INFO - DAG(s) dict_keys(['example_python_operator']) retrieved from /home/prathamesh/PycharmProjects/airflow-basic/venv/lib/python3.8/site-packages/airflow/example_dags/example_python_operator.py
[2021-03-31 02:59:16,068] {logging_mixin.py:104} INFO - [2021-03-31 02:59:16,068] {dag.py:1818} INFO - Sync 1 DAGs
[2021-03-31 02:59:16,101] {logging_mixin.py:104} INFO - [2021-03-31 02:59:16,100] {dag.py:2273} INFO - Setting next_dagrun for example_python_operator to None
[2021-03-31 02:59:16,109] {scheduler_job.py:190} INFO - Processing /home/prathamesh/PycharmProjects/airflow-basic/venv/lib/python3.8/site-packages/airflow/example_dags/example_python_operator.py took 0.106 seconds
[2021-03-31 03:00:57,121] {scheduler_job.py:182} INFO - Started process (PID=16095) to work on /home/prathamesh/PycharmProjects/airflow-basic/venv/lib/python3.8/site-packages/airflow/example_dags/example_python_operator.py
[2021-03-31 03:00:57,122] {scheduler_job.py:629} INFO - Processing file /home/prathamesh/PycharmProjects/airflow-basic/venv/lib/python3.8/site-packages/airflow/example_dags/example_python_operator.py for tasks to queue
[2021-03-31 03:00:57,123] {logging_mixin.py:104} INFO - [2021-03-31 03:00:57,123] {dagbag.py:448} INFO - Filling up the DagBag from /home/prathamesh/PycharmProjects/airflow-basic/venv/lib/python3.8/site-packages/airflow/example_dags/example_python_operator.py
[2021-03-31 03:00:57,130] {scheduler_job.py:639} INFO - DAG(s) dict_keys(['example_python_operator']) retrieved from /home/prathamesh/PycharmProjects/airflow-basic/venv/lib/python3.8/site-packages/airflow/example_dags/example_python_operator.py
[2021-03-31 03:00:57,144] {logging_mixin.py:104} INFO - [2021-03-31 03:00:57,144] {dag.py:1818} INFO - Sync 1 DAGs
[2021-03-31 03:00:57,151] {logging_mixin.py:104} INFO - [2021-03-31 03:00:57,151] {dag.py:2273} INFO - Setting next_dagrun for example_python_operator to None
[2021-03-31 03:00:57,159] {scheduler_job.py:190} INFO - Processing /home/prathamesh/PycharmProjects/airflow-basic/venv/lib/python3.8/site-packages/airflow/example_dags/example_python_operator.py took 0.041 seconds
[2021-03-31 03:01:35,270] {scheduler_job.py:182} INFO - Started process (PID=16226) to work on /home/prathamesh/PycharmProjects/airflow-basic/venv/lib/python3.8/site-packages/airflow/example_dags/example_python_operator.py
[2021-03-31 03:01:35,271] {scheduler_job.py:629} INFO - Processing file /home/prathamesh/PycharmProjects/airflow-basic/venv/lib/python3.8/site-packages/airflow/example_dags/example_python_operator.py for tasks to queue
[2021-03-31 03:01:35,271] {logging_mixin.py:104} INFO - [2021-03-31 03:01:35,271] {dagbag.py:448} INFO - Filling up the DagBag from /home/prathamesh/PycharmProjects/airflow-basic/venv/lib/python3.8/site-packages/airflow/example_dags/example_python_operator.py
[2021-03-31 03:01:35,279] {scheduler_job.py:639} INFO - DAG(s) dict_keys(['example_python_operator']) retrieved from /home/prathamesh/PycharmProjects/airflow-basic/venv/lib/python3.8/site-packages/airflow/example_dags/example_python_operator.py
[2021-03-31 03:01:35,290] {logging_mixin.py:104} INFO - [2021-03-31 03:01:35,290] {dag.py:1818} INFO - Sync 1 DAGs
[2021-03-31 03:01:35,298] {logging_mixin.py:104} INFO - [2021-03-31 03:01:35,298] {dag.py:2273} INFO - Setting next_dagrun for example_python_operator to None
[2021-03-31 03:01:35,308] {scheduler_job.py:190} INFO - Processing /home/prathamesh/PycharmProjects/airflow-basic/venv/lib/python3.8/site-packages/airflow/example_dags/example_python_operator.py took 0.040 seconds
[2021-03-31 03:02:13,445] {scheduler_job.py:182} INFO - Started process (PID=16359) to work on /home/prathamesh/PycharmProjects/airflow-basic/venv/lib/python3.8/site-packages/airflow/example_dags/example_python_operator.py
[2021-03-31 03:02:13,446] {scheduler_job.py:629} INFO - Processing file /home/prathamesh/PycharmProjects/airflow-basic/venv/lib/python3.8/site-packages/airflow/example_dags/example_python_operator.py for tasks to queue
[2021-03-31 03:02:13,447] {logging_mixin.py:104} INFO - [2021-03-31 03:02:13,446] {dagbag.py:448} INFO - Filling up the DagBag from /home/prathamesh/PycharmProjects/airflow-basic/venv/lib/python3.8/site-packages/airflow/example_dags/example_python_operator.py
[2021-03-31 03:02:13,467] {scheduler_job.py:639} INFO - DAG(s) dict_keys(['example_python_operator']) retrieved from /home/prathamesh/PycharmProjects/airflow-basic/venv/lib/python3.8/site-packages/airflow/example_dags/example_python_operator.py
[2021-03-31 03:02:13,482] {logging_mixin.py:104} INFO - [2021-03-31 03:02:13,482] {dag.py:1818} INFO - Sync 1 DAGs
[2021-03-31 03:02:13,492] {logging_mixin.py:104} INFO - [2021-03-31 03:02:13,492] {dag.py:2273} INFO - Setting next_dagrun for example_python_operator to None
[2021-03-31 03:02:13,497] {scheduler_job.py:190} INFO - Processing /home/prathamesh/PycharmProjects/airflow-basic/venv/lib/python3.8/site-packages/airflow/example_dags/example_python_operator.py took 0.054 seconds
[2021-03-31 03:02:51,363] {scheduler_job.py:182} INFO - Started process (PID=16492) to work on /home/prathamesh/PycharmProjects/airflow-basic/venv/lib/python3.8/site-packages/airflow/example_dags/example_python_operator.py
[2021-03-31 03:02:51,365] {scheduler_job.py:629} INFO - Processing file /home/prathamesh/PycharmProjects/airflow-basic/venv/lib/python3.8/site-packages/airflow/example_dags/example_python_operator.py for tasks to queue
[2021-03-31 03:02:51,365] {logging_mixin.py:104} INFO - [2021-03-31 03:02:51,365] {dagbag.py:448} INFO - Filling up the DagBag from /home/prathamesh/PycharmProjects/airflow-basic/venv/lib/python3.8/site-packages/airflow/example_dags/example_python_operator.py
[2021-03-31 03:02:51,374] {scheduler_job.py:639} INFO - DAG(s) dict_keys(['example_python_operator']) retrieved from /home/prathamesh/PycharmProjects/airflow-basic/venv/lib/python3.8/site-packages/airflow/example_dags/example_python_operator.py
[2021-03-31 03:02:51,384] {logging_mixin.py:104} INFO - [2021-03-31 03:02:51,384] {dag.py:1818} INFO - Sync 1 DAGs
[2021-03-31 03:02:51,393] {logging_mixin.py:104} INFO - [2021-03-31 03:02:51,393] {dag.py:2273} INFO - Setting next_dagrun for example_python_operator to None
[2021-03-31 03:02:51,399] {scheduler_job.py:190} INFO - Processing /home/prathamesh/PycharmProjects/airflow-basic/venv/lib/python3.8/site-packages/airflow/example_dags/example_python_operator.py took 0.039 seconds
[2021-03-31 03:03:35,986] {scheduler_job.py:182} INFO - Started process (PID=16626) to work on /home/prathamesh/PycharmProjects/airflow-basic/venv/lib/python3.8/site-packages/airflow/example_dags/example_python_operator.py
[2021-03-31 03:03:35,987] {scheduler_job.py:629} INFO - Processing file /home/prathamesh/PycharmProjects/airflow-basic/venv/lib/python3.8/site-packages/airflow/example_dags/example_python_operator.py for tasks to queue
[2021-03-31 03:03:35,987] {logging_mixin.py:104} INFO - [2021-03-31 03:03:35,987] {dagbag.py:448} INFO - Filling up the DagBag from /home/prathamesh/PycharmProjects/airflow-basic/venv/lib/python3.8/site-packages/airflow/example_dags/example_python_operator.py
[2021-03-31 03:03:35,994] {scheduler_job.py:639} INFO - DAG(s) dict_keys(['example_python_operator']) retrieved from /home/prathamesh/PycharmProjects/airflow-basic/venv/lib/python3.8/site-packages/airflow/example_dags/example_python_operator.py
[2021-03-31 03:03:36,006] {logging_mixin.py:104} INFO - [2021-03-31 03:03:36,006] {dag.py:1818} INFO - Sync 1 DAGs
[2021-03-31 03:03:36,013] {logging_mixin.py:104} INFO - [2021-03-31 03:03:36,013] {dag.py:2273} INFO - Setting next_dagrun for example_python_operator to None
[2021-03-31 03:03:36,017] {scheduler_job.py:190} INFO - Processing /home/prathamesh/PycharmProjects/airflow-basic/venv/lib/python3.8/site-packages/airflow/example_dags/example_python_operator.py took 0.038 seconds
[2021-03-31 03:04:19,913] {scheduler_job.py:182} INFO - Started process (PID=16766) to work on /home/prathamesh/PycharmProjects/airflow-basic/venv/lib/python3.8/site-packages/airflow/example_dags/example_python_operator.py
[2021-03-31 03:04:19,927] {scheduler_job.py:629} INFO - Processing file /home/prathamesh/PycharmProjects/airflow-basic/venv/lib/python3.8/site-packages/airflow/example_dags/example_python_operator.py for tasks to queue
[2021-03-31 03:04:19,928] {logging_mixin.py:104} INFO - [2021-03-31 03:04:19,928] {dagbag.py:448} INFO - Filling up the DagBag from /home/prathamesh/PycharmProjects/airflow-basic/venv/lib/python3.8/site-packages/airflow/example_dags/example_python_operator.py
[2021-03-31 03:04:19,935] {scheduler_job.py:639} INFO - DAG(s) dict_keys(['example_python_operator']) retrieved from /home/prathamesh/PycharmProjects/airflow-basic/venv/lib/python3.8/site-packages/airflow/example_dags/example_python_operator.py
[2021-03-31 03:04:19,956] {logging_mixin.py:104} INFO - [2021-03-31 03:04:19,955] {dag.py:1818} INFO - Sync 1 DAGs
[2021-03-31 03:04:19,974] {logging_mixin.py:104} INFO - [2021-03-31 03:04:19,974] {dag.py:2273} INFO - Setting next_dagrun for example_python_operator to None
[2021-03-31 03:04:19,979] {scheduler_job.py:190} INFO - Processing /home/prathamesh/PycharmProjects/airflow-basic/venv/lib/python3.8/site-packages/airflow/example_dags/example_python_operator.py took 0.068 seconds
[2021-03-31 03:05:00,220] {scheduler_job.py:182} INFO - Started process (PID=16898) to work on /home/prathamesh/PycharmProjects/airflow-basic/venv/lib/python3.8/site-packages/airflow/example_dags/example_python_operator.py
[2021-03-31 03:05:00,221] {scheduler_job.py:629} INFO - Processing file /home/prathamesh/PycharmProjects/airflow-basic/venv/lib/python3.8/site-packages/airflow/example_dags/example_python_operator.py for tasks to queue
[2021-03-31 03:05:00,222] {logging_mixin.py:104} INFO - [2021-03-31 03:05:00,221] {dagbag.py:448} INFO - Filling up the DagBag from /home/prathamesh/PycharmProjects/airflow-basic/venv/lib/python3.8/site-packages/airflow/example_dags/example_python_operator.py
[2021-03-31 03:05:00,230] {scheduler_job.py:639} INFO - DAG(s) dict_keys(['example_python_operator']) retrieved from /home/prathamesh/PycharmProjects/airflow-basic/venv/lib/python3.8/site-packages/airflow/example_dags/example_python_operator.py
[2021-03-31 03:05:00,240] {logging_mixin.py:104} INFO - [2021-03-31 03:05:00,240] {dag.py:1818} INFO - Sync 1 DAGs
[2021-03-31 03:05:00,248] {logging_mixin.py:104} INFO - [2021-03-31 03:05:00,247] {dag.py:2273} INFO - Setting next_dagrun for example_python_operator to None
[2021-03-31 03:05:00,254] {scheduler_job.py:190} INFO - Processing /home/prathamesh/PycharmProjects/airflow-basic/venv/lib/python3.8/site-packages/airflow/example_dags/example_python_operator.py took 0.037 seconds
[2021-03-31 03:05:40,056] {scheduler_job.py:182} INFO - Started process (PID=17032) to work on /home/prathamesh/PycharmProjects/airflow-basic/venv/lib/python3.8/site-packages/airflow/example_dags/example_python_operator.py
[2021-03-31 03:05:40,057] {scheduler_job.py:629} INFO - Processing file /home/prathamesh/PycharmProjects/airflow-basic/venv/lib/python3.8/site-packages/airflow/example_dags/example_python_operator.py for tasks to queue
[2021-03-31 03:05:40,057] {logging_mixin.py:104} INFO - [2021-03-31 03:05:40,057] {dagbag.py:448} INFO - Filling up the DagBag from /home/prathamesh/PycharmProjects/airflow-basic/venv/lib/python3.8/site-packages/airflow/example_dags/example_python_operator.py
[2021-03-31 03:05:40,065] {scheduler_job.py:639} INFO - DAG(s) dict_keys(['example_python_operator']) retrieved from /home/prathamesh/PycharmProjects/airflow-basic/venv/lib/python3.8/site-packages/airflow/example_dags/example_python_operator.py
[2021-03-31 03:05:40,078] {logging_mixin.py:104} INFO - [2021-03-31 03:05:40,078] {dag.py:1818} INFO - Sync 1 DAGs
[2021-03-31 03:05:40,085] {logging_mixin.py:104} INFO - [2021-03-31 03:05:40,085] {dag.py:2273} INFO - Setting next_dagrun for example_python_operator to None
[2021-03-31 03:05:40,089] {scheduler_job.py:190} INFO - Processing /home/prathamesh/PycharmProjects/airflow-basic/venv/lib/python3.8/site-packages/airflow/example_dags/example_python_operator.py took 0.035 seconds
[2021-03-31 03:06:17,943] {scheduler_job.py:182} INFO - Started process (PID=17169) to work on /home/prathamesh/PycharmProjects/airflow-basic/venv/lib/python3.8/site-packages/airflow/example_dags/example_python_operator.py
[2021-03-31 03:06:17,944] {scheduler_job.py:629} INFO - Processing file /home/prathamesh/PycharmProjects/airflow-basic/venv/lib/python3.8/site-packages/airflow/example_dags/example_python_operator.py for tasks to queue
[2021-03-31 03:06:17,947] {logging_mixin.py:104} INFO - [2021-03-31 03:06:17,947] {dagbag.py:448} INFO - Filling up the DagBag from /home/prathamesh/PycharmProjects/airflow-basic/venv/lib/python3.8/site-packages/airflow/example_dags/example_python_operator.py
[2021-03-31 03:06:17,959] {scheduler_job.py:639} INFO - DAG(s) dict_keys(['example_python_operator']) retrieved from /home/prathamesh/PycharmProjects/airflow-basic/venv/lib/python3.8/site-packages/airflow/example_dags/example_python_operator.py
[2021-03-31 03:06:17,968] {logging_mixin.py:104} INFO - [2021-03-31 03:06:17,968] {dag.py:1818} INFO - Sync 1 DAGs
[2021-03-31 03:06:17,973] {logging_mixin.py:104} INFO - [2021-03-31 03:06:17,973] {dag.py:2273} INFO - Setting next_dagrun for example_python_operator to None
[2021-03-31 03:06:17,977] {scheduler_job.py:190} INFO - Processing /home/prathamesh/PycharmProjects/airflow-basic/venv/lib/python3.8/site-packages/airflow/example_dags/example_python_operator.py took 0.038 seconds
[2021-03-31 03:06:54,858] {scheduler_job.py:182} INFO - Started process (PID=17300) to work on /home/prathamesh/PycharmProjects/airflow-basic/venv/lib/python3.8/site-packages/airflow/example_dags/example_python_operator.py
[2021-03-31 03:06:54,867] {scheduler_job.py:629} INFO - Processing file /home/prathamesh/PycharmProjects/airflow-basic/venv/lib/python3.8/site-packages/airflow/example_dags/example_python_operator.py for tasks to queue
[2021-03-31 03:06:54,867] {logging_mixin.py:104} INFO - [2021-03-31 03:06:54,867] {dagbag.py:448} INFO - Filling up the DagBag from /home/prathamesh/PycharmProjects/airflow-basic/venv/lib/python3.8/site-packages/airflow/example_dags/example_python_operator.py
[2021-03-31 03:06:54,876] {scheduler_job.py:639} INFO - DAG(s) dict_keys(['example_python_operator']) retrieved from /home/prathamesh/PycharmProjects/airflow-basic/venv/lib/python3.8/site-packages/airflow/example_dags/example_python_operator.py
[2021-03-31 03:06:54,885] {logging_mixin.py:104} INFO - [2021-03-31 03:06:54,885] {dag.py:1818} INFO - Sync 1 DAGs
[2021-03-31 03:06:54,891] {logging_mixin.py:104} INFO - [2021-03-31 03:06:54,891] {dag.py:2273} INFO - Setting next_dagrun for example_python_operator to None
[2021-03-31 03:06:54,898] {scheduler_job.py:190} INFO - Processing /home/prathamesh/PycharmProjects/airflow-basic/venv/lib/python3.8/site-packages/airflow/example_dags/example_python_operator.py took 0.042 seconds
[2021-03-31 03:07:34,627] {scheduler_job.py:182} INFO - Started process (PID=17435) to work on /home/prathamesh/PycharmProjects/airflow-basic/venv/lib/python3.8/site-packages/airflow/example_dags/example_python_operator.py
[2021-03-31 03:07:34,637] {scheduler_job.py:629} INFO - Processing file /home/prathamesh/PycharmProjects/airflow-basic/venv/lib/python3.8/site-packages/airflow/example_dags/example_python_operator.py for tasks to queue
[2021-03-31 03:07:34,638] {logging_mixin.py:104} INFO - [2021-03-31 03:07:34,638] {dagbag.py:448} INFO - Filling up the DagBag from /home/prathamesh/PycharmProjects/airflow-basic/venv/lib/python3.8/site-packages/airflow/example_dags/example_python_operator.py
[2021-03-31 03:07:34,647] {scheduler_job.py:639} INFO - DAG(s) dict_keys(['example_python_operator']) retrieved from /home/prathamesh/PycharmProjects/airflow-basic/venv/lib/python3.8/site-packages/airflow/example_dags/example_python_operator.py
[2021-03-31 03:07:34,671] {logging_mixin.py:104} INFO - [2021-03-31 03:07:34,671] {dag.py:1818} INFO - Sync 1 DAGs
[2021-03-31 03:07:34,689] {logging_mixin.py:104} INFO - [2021-03-31 03:07:34,689] {dag.py:2273} INFO - Setting next_dagrun for example_python_operator to None
[2021-03-31 03:07:34,707] {scheduler_job.py:190} INFO - Processing /home/prathamesh/PycharmProjects/airflow-basic/venv/lib/python3.8/site-packages/airflow/example_dags/example_python_operator.py took 0.083 seconds
[2021-03-31 03:08:13,931] {scheduler_job.py:182} INFO - Started process (PID=17580) to work on /home/prathamesh/PycharmProjects/airflow-basic/venv/lib/python3.8/site-packages/airflow/example_dags/example_python_operator.py
[2021-03-31 03:08:13,932] {scheduler_job.py:629} INFO - Processing file /home/prathamesh/PycharmProjects/airflow-basic/venv/lib/python3.8/site-packages/airflow/example_dags/example_python_operator.py for tasks to queue
[2021-03-31 03:08:13,933] {logging_mixin.py:104} INFO - [2021-03-31 03:08:13,933] {dagbag.py:448} INFO - Filling up the DagBag from /home/prathamesh/PycharmProjects/airflow-basic/venv/lib/python3.8/site-packages/airflow/example_dags/example_python_operator.py
[2021-03-31 03:08:13,945] {scheduler_job.py:639} INFO - DAG(s) dict_keys(['example_python_operator']) retrieved from /home/prathamesh/PycharmProjects/airflow-basic/venv/lib/python3.8/site-packages/airflow/example_dags/example_python_operator.py
[2021-03-31 03:08:13,954] {logging_mixin.py:104} INFO - [2021-03-31 03:08:13,954] {dag.py:1818} INFO - Sync 1 DAGs
[2021-03-31 03:08:13,961] {logging_mixin.py:104} INFO - [2021-03-31 03:08:13,961] {dag.py:2273} INFO - Setting next_dagrun for example_python_operator to None
[2021-03-31 03:08:13,966] {scheduler_job.py:190} INFO - Processing /home/prathamesh/PycharmProjects/airflow-basic/venv/lib/python3.8/site-packages/airflow/example_dags/example_python_operator.py took 0.037 seconds
