[2021-03-31 01:48:54,636] {scheduler_job.py:182} INFO - Started process (PID=12617) to work on /home/prathamesh/PycharmProjects/airflow-basic/venv/lib/python3.8/site-packages/airflow/example_dags/example_kubernetes_executor.py
[2021-03-31 01:48:54,637] {scheduler_job.py:629} INFO - Processing file /home/prathamesh/PycharmProjects/airflow-basic/venv/lib/python3.8/site-packages/airflow/example_dags/example_kubernetes_executor.py for tasks to queue
[2021-03-31 01:48:54,638] {logging_mixin.py:104} INFO - [2021-03-31 01:48:54,638] {dagbag.py:448} INFO - Filling up the DagBag from /home/prathamesh/PycharmProjects/airflow-basic/venv/lib/python3.8/site-packages/airflow/example_dags/example_kubernetes_executor.py
[2021-03-31 01:48:54,699] {scheduler_job.py:639} INFO - DAG(s) dict_keys(['example_kubernetes_executor']) retrieved from /home/prathamesh/PycharmProjects/airflow-basic/venv/lib/python3.8/site-packages/airflow/example_dags/example_kubernetes_executor.py
[2021-03-31 01:48:54,779] {logging_mixin.py:104} INFO - [2021-03-31 01:48:54,779] {dag.py:1818} INFO - Sync 1 DAGs
[2021-03-31 01:48:54,831] {logging_mixin.py:104} INFO - [2021-03-31 01:48:54,831] {dag.py:2273} INFO - Setting next_dagrun for example_kubernetes_executor to None
[2021-03-31 01:48:54,892] {scheduler_job.py:190} INFO - Processing /home/prathamesh/PycharmProjects/airflow-basic/venv/lib/python3.8/site-packages/airflow/example_dags/example_kubernetes_executor.py took 0.260 seconds
[2021-03-31 01:49:32,055] {scheduler_job.py:182} INFO - Started process (PID=12651) to work on /home/prathamesh/PycharmProjects/airflow-basic/venv/lib/python3.8/site-packages/airflow/example_dags/example_kubernetes_executor.py
[2021-03-31 01:49:32,055] {scheduler_job.py:629} INFO - Processing file /home/prathamesh/PycharmProjects/airflow-basic/venv/lib/python3.8/site-packages/airflow/example_dags/example_kubernetes_executor.py for tasks to queue
[2021-03-31 01:49:32,056] {logging_mixin.py:104} INFO - [2021-03-31 01:49:32,056] {dagbag.py:448} INFO - Filling up the DagBag from /home/prathamesh/PycharmProjects/airflow-basic/venv/lib/python3.8/site-packages/airflow/example_dags/example_kubernetes_executor.py
[2021-03-31 01:49:32,087] {scheduler_job.py:639} INFO - DAG(s) dict_keys(['example_kubernetes_executor']) retrieved from /home/prathamesh/PycharmProjects/airflow-basic/venv/lib/python3.8/site-packages/airflow/example_dags/example_kubernetes_executor.py
[2021-03-31 01:49:32,120] {logging_mixin.py:104} INFO - [2021-03-31 01:49:32,120] {dag.py:1818} INFO - Sync 1 DAGs
[2021-03-31 01:49:32,131] {logging_mixin.py:104} INFO - [2021-03-31 01:49:32,131] {dag.py:2273} INFO - Setting next_dagrun for example_kubernetes_executor to None
[2021-03-31 01:49:32,138] {scheduler_job.py:190} INFO - Processing /home/prathamesh/PycharmProjects/airflow-basic/venv/lib/python3.8/site-packages/airflow/example_dags/example_kubernetes_executor.py took 0.086 seconds
[2021-03-31 01:50:03,166] {scheduler_job.py:182} INFO - Started process (PID=12682) to work on /home/prathamesh/PycharmProjects/airflow-basic/venv/lib/python3.8/site-packages/airflow/example_dags/example_kubernetes_executor.py
[2021-03-31 01:50:03,168] {scheduler_job.py:629} INFO - Processing file /home/prathamesh/PycharmProjects/airflow-basic/venv/lib/python3.8/site-packages/airflow/example_dags/example_kubernetes_executor.py for tasks to queue
[2021-03-31 01:50:03,169] {logging_mixin.py:104} INFO - [2021-03-31 01:50:03,169] {dagbag.py:448} INFO - Filling up the DagBag from /home/prathamesh/PycharmProjects/airflow-basic/venv/lib/python3.8/site-packages/airflow/example_dags/example_kubernetes_executor.py
[2021-03-31 01:50:03,182] {scheduler_job.py:639} INFO - DAG(s) dict_keys(['example_kubernetes_executor']) retrieved from /home/prathamesh/PycharmProjects/airflow-basic/venv/lib/python3.8/site-packages/airflow/example_dags/example_kubernetes_executor.py
[2021-03-31 01:50:03,200] {logging_mixin.py:104} INFO - [2021-03-31 01:50:03,197] {dag.py:1818} INFO - Sync 1 DAGs
[2021-03-31 01:50:03,210] {logging_mixin.py:104} INFO - [2021-03-31 01:50:03,210] {dag.py:2273} INFO - Setting next_dagrun for example_kubernetes_executor to None
[2021-03-31 01:50:03,216] {scheduler_job.py:190} INFO - Processing /home/prathamesh/PycharmProjects/airflow-basic/venv/lib/python3.8/site-packages/airflow/example_dags/example_kubernetes_executor.py took 0.053 seconds
[2021-03-31 01:50:40,169] {scheduler_job.py:182} INFO - Started process (PID=12716) to work on /home/prathamesh/PycharmProjects/airflow-basic/venv/lib/python3.8/site-packages/airflow/example_dags/example_kubernetes_executor.py
[2021-03-31 01:50:40,170] {scheduler_job.py:629} INFO - Processing file /home/prathamesh/PycharmProjects/airflow-basic/venv/lib/python3.8/site-packages/airflow/example_dags/example_kubernetes_executor.py for tasks to queue
[2021-03-31 01:50:40,171] {logging_mixin.py:104} INFO - [2021-03-31 01:50:40,171] {dagbag.py:448} INFO - Filling up the DagBag from /home/prathamesh/PycharmProjects/airflow-basic/venv/lib/python3.8/site-packages/airflow/example_dags/example_kubernetes_executor.py
[2021-03-31 01:50:40,184] {scheduler_job.py:639} INFO - DAG(s) dict_keys(['example_kubernetes_executor']) retrieved from /home/prathamesh/PycharmProjects/airflow-basic/venv/lib/python3.8/site-packages/airflow/example_dags/example_kubernetes_executor.py
[2021-03-31 01:50:40,215] {logging_mixin.py:104} INFO - [2021-03-31 01:50:40,215] {dag.py:1818} INFO - Sync 1 DAGs
[2021-03-31 01:50:40,250] {logging_mixin.py:104} INFO - [2021-03-31 01:50:40,250] {dag.py:2273} INFO - Setting next_dagrun for example_kubernetes_executor to None
[2021-03-31 01:50:40,272] {scheduler_job.py:190} INFO - Processing /home/prathamesh/PycharmProjects/airflow-basic/venv/lib/python3.8/site-packages/airflow/example_dags/example_kubernetes_executor.py took 0.130 seconds
[2021-03-31 01:53:17,332] {scheduler_job.py:182} INFO - Started process (PID=12806) to work on /home/prathamesh/PycharmProjects/airflow-basic/venv/lib/python3.8/site-packages/airflow/example_dags/example_kubernetes_executor.py
[2021-03-31 01:53:17,345] {scheduler_job.py:629} INFO - Processing file /home/prathamesh/PycharmProjects/airflow-basic/venv/lib/python3.8/site-packages/airflow/example_dags/example_kubernetes_executor.py for tasks to queue
[2021-03-31 01:53:17,345] {logging_mixin.py:104} INFO - [2021-03-31 01:53:17,345] {dagbag.py:448} INFO - Filling up the DagBag from /home/prathamesh/PycharmProjects/airflow-basic/venv/lib/python3.8/site-packages/airflow/example_dags/example_kubernetes_executor.py
[2021-03-31 01:53:17,392] {scheduler_job.py:639} INFO - DAG(s) dict_keys(['example_kubernetes_executor']) retrieved from /home/prathamesh/PycharmProjects/airflow-basic/venv/lib/python3.8/site-packages/airflow/example_dags/example_kubernetes_executor.py
[2021-03-31 01:53:17,435] {logging_mixin.py:104} INFO - [2021-03-31 01:53:17,435] {dag.py:1818} INFO - Sync 1 DAGs
[2021-03-31 01:53:17,467] {logging_mixin.py:104} INFO - [2021-03-31 01:53:17,467] {dag.py:2273} INFO - Setting next_dagrun for example_kubernetes_executor to None
[2021-03-31 01:53:17,531] {scheduler_job.py:190} INFO - Processing /home/prathamesh/PycharmProjects/airflow-basic/venv/lib/python3.8/site-packages/airflow/example_dags/example_kubernetes_executor.py took 0.202 seconds
[2021-03-31 01:53:51,837] {scheduler_job.py:182} INFO - Started process (PID=12843) to work on /home/prathamesh/PycharmProjects/airflow-basic/venv/lib/python3.8/site-packages/airflow/example_dags/example_kubernetes_executor.py
[2021-03-31 01:53:51,857] {scheduler_job.py:629} INFO - Processing file /home/prathamesh/PycharmProjects/airflow-basic/venv/lib/python3.8/site-packages/airflow/example_dags/example_kubernetes_executor.py for tasks to queue
[2021-03-31 01:53:51,858] {logging_mixin.py:104} INFO - [2021-03-31 01:53:51,858] {dagbag.py:448} INFO - Filling up the DagBag from /home/prathamesh/PycharmProjects/airflow-basic/venv/lib/python3.8/site-packages/airflow/example_dags/example_kubernetes_executor.py
[2021-03-31 01:53:51,931] {scheduler_job.py:639} INFO - DAG(s) dict_keys(['example_kubernetes_executor']) retrieved from /home/prathamesh/PycharmProjects/airflow-basic/venv/lib/python3.8/site-packages/airflow/example_dags/example_kubernetes_executor.py
[2021-03-31 01:53:52,026] {logging_mixin.py:104} INFO - [2021-03-31 01:53:52,025] {dag.py:1818} INFO - Sync 1 DAGs
[2021-03-31 01:53:52,069] {logging_mixin.py:104} INFO - [2021-03-31 01:53:52,069] {dag.py:2273} INFO - Setting next_dagrun for example_kubernetes_executor to None
[2021-03-31 01:53:52,093] {scheduler_job.py:190} INFO - Processing /home/prathamesh/PycharmProjects/airflow-basic/venv/lib/python3.8/site-packages/airflow/example_dags/example_kubernetes_executor.py took 0.261 seconds
[2021-03-31 01:54:32,663] {scheduler_job.py:182} INFO - Started process (PID=12898) to work on /home/prathamesh/PycharmProjects/airflow-basic/venv/lib/python3.8/site-packages/airflow/example_dags/example_kubernetes_executor.py
[2021-03-31 01:54:32,672] {scheduler_job.py:629} INFO - Processing file /home/prathamesh/PycharmProjects/airflow-basic/venv/lib/python3.8/site-packages/airflow/example_dags/example_kubernetes_executor.py for tasks to queue
[2021-03-31 01:54:32,672] {logging_mixin.py:104} INFO - [2021-03-31 01:54:32,672] {dagbag.py:448} INFO - Filling up the DagBag from /home/prathamesh/PycharmProjects/airflow-basic/venv/lib/python3.8/site-packages/airflow/example_dags/example_kubernetes_executor.py
[2021-03-31 01:54:32,715] {scheduler_job.py:639} INFO - DAG(s) dict_keys(['example_kubernetes_executor']) retrieved from /home/prathamesh/PycharmProjects/airflow-basic/venv/lib/python3.8/site-packages/airflow/example_dags/example_kubernetes_executor.py
[2021-03-31 01:54:32,754] {logging_mixin.py:104} INFO - [2021-03-31 01:54:32,753] {dag.py:1818} INFO - Sync 1 DAGs
[2021-03-31 01:54:32,780] {logging_mixin.py:104} INFO - [2021-03-31 01:54:32,780] {dag.py:2273} INFO - Setting next_dagrun for example_kubernetes_executor to None
[2021-03-31 01:54:32,807] {scheduler_job.py:190} INFO - Processing /home/prathamesh/PycharmProjects/airflow-basic/venv/lib/python3.8/site-packages/airflow/example_dags/example_kubernetes_executor.py took 0.148 seconds
[2021-03-31 01:55:21,476] {scheduler_job.py:182} INFO - Started process (PID=12944) to work on /home/prathamesh/PycharmProjects/airflow-basic/venv/lib/python3.8/site-packages/airflow/example_dags/example_kubernetes_executor.py
[2021-03-31 01:55:21,490] {scheduler_job.py:629} INFO - Processing file /home/prathamesh/PycharmProjects/airflow-basic/venv/lib/python3.8/site-packages/airflow/example_dags/example_kubernetes_executor.py for tasks to queue
[2021-03-31 01:55:21,491] {logging_mixin.py:104} INFO - [2021-03-31 01:55:21,491] {dagbag.py:448} INFO - Filling up the DagBag from /home/prathamesh/PycharmProjects/airflow-basic/venv/lib/python3.8/site-packages/airflow/example_dags/example_kubernetes_executor.py
[2021-03-31 01:55:21,734] {scheduler_job.py:639} INFO - DAG(s) dict_keys(['example_kubernetes_executor']) retrieved from /home/prathamesh/PycharmProjects/airflow-basic/venv/lib/python3.8/site-packages/airflow/example_dags/example_kubernetes_executor.py
[2021-03-31 01:55:21,935] {logging_mixin.py:104} INFO - [2021-03-31 01:55:21,935] {dag.py:1818} INFO - Sync 1 DAGs
[2021-03-31 01:55:22,004] {logging_mixin.py:104} INFO - [2021-03-31 01:55:22,004] {dag.py:2273} INFO - Setting next_dagrun for example_kubernetes_executor to None
[2021-03-31 01:55:22,246] {scheduler_job.py:190} INFO - Processing /home/prathamesh/PycharmProjects/airflow-basic/venv/lib/python3.8/site-packages/airflow/example_dags/example_kubernetes_executor.py took 0.805 seconds
[2021-03-31 01:56:06,345] {scheduler_job.py:182} INFO - Started process (PID=13034) to work on /home/prathamesh/PycharmProjects/airflow-basic/venv/lib/python3.8/site-packages/airflow/example_dags/example_kubernetes_executor.py
[2021-03-31 01:56:06,361] {scheduler_job.py:629} INFO - Processing file /home/prathamesh/PycharmProjects/airflow-basic/venv/lib/python3.8/site-packages/airflow/example_dags/example_kubernetes_executor.py for tasks to queue
[2021-03-31 01:56:06,361] {logging_mixin.py:104} INFO - [2021-03-31 01:56:06,361] {dagbag.py:448} INFO - Filling up the DagBag from /home/prathamesh/PycharmProjects/airflow-basic/venv/lib/python3.8/site-packages/airflow/example_dags/example_kubernetes_executor.py
[2021-03-31 01:56:06,394] {scheduler_job.py:639} INFO - DAG(s) dict_keys(['example_kubernetes_executor']) retrieved from /home/prathamesh/PycharmProjects/airflow-basic/venv/lib/python3.8/site-packages/airflow/example_dags/example_kubernetes_executor.py
[2021-03-31 01:56:06,447] {logging_mixin.py:104} INFO - [2021-03-31 01:56:06,447] {dag.py:1818} INFO - Sync 1 DAGs
[2021-03-31 01:56:06,499] {logging_mixin.py:104} INFO - [2021-03-31 01:56:06,499] {dag.py:2273} INFO - Setting next_dagrun for example_kubernetes_executor to None
[2021-03-31 01:56:06,515] {scheduler_job.py:190} INFO - Processing /home/prathamesh/PycharmProjects/airflow-basic/venv/lib/python3.8/site-packages/airflow/example_dags/example_kubernetes_executor.py took 0.185 seconds
[2021-03-31 01:56:43,122] {scheduler_job.py:182} INFO - Started process (PID=13066) to work on /home/prathamesh/PycharmProjects/airflow-basic/venv/lib/python3.8/site-packages/airflow/example_dags/example_kubernetes_executor.py
[2021-03-31 01:56:43,123] {scheduler_job.py:629} INFO - Processing file /home/prathamesh/PycharmProjects/airflow-basic/venv/lib/python3.8/site-packages/airflow/example_dags/example_kubernetes_executor.py for tasks to queue
[2021-03-31 01:56:43,124] {logging_mixin.py:104} INFO - [2021-03-31 01:56:43,124] {dagbag.py:448} INFO - Filling up the DagBag from /home/prathamesh/PycharmProjects/airflow-basic/venv/lib/python3.8/site-packages/airflow/example_dags/example_kubernetes_executor.py
[2021-03-31 01:56:43,166] {scheduler_job.py:639} INFO - DAG(s) dict_keys(['example_kubernetes_executor']) retrieved from /home/prathamesh/PycharmProjects/airflow-basic/venv/lib/python3.8/site-packages/airflow/example_dags/example_kubernetes_executor.py
[2021-03-31 01:56:43,190] {logging_mixin.py:104} INFO - [2021-03-31 01:56:43,190] {dag.py:1818} INFO - Sync 1 DAGs
[2021-03-31 01:56:43,203] {logging_mixin.py:104} INFO - [2021-03-31 01:56:43,203] {dag.py:2273} INFO - Setting next_dagrun for example_kubernetes_executor to None
[2021-03-31 01:56:43,214] {scheduler_job.py:190} INFO - Processing /home/prathamesh/PycharmProjects/airflow-basic/venv/lib/python3.8/site-packages/airflow/example_dags/example_kubernetes_executor.py took 0.097 seconds
[2021-03-31 01:57:20,847] {scheduler_job.py:182} INFO - Started process (PID=13101) to work on /home/prathamesh/PycharmProjects/airflow-basic/venv/lib/python3.8/site-packages/airflow/example_dags/example_kubernetes_executor.py
[2021-03-31 01:57:20,849] {scheduler_job.py:629} INFO - Processing file /home/prathamesh/PycharmProjects/airflow-basic/venv/lib/python3.8/site-packages/airflow/example_dags/example_kubernetes_executor.py for tasks to queue
[2021-03-31 01:57:20,850] {logging_mixin.py:104} INFO - [2021-03-31 01:57:20,849] {dagbag.py:448} INFO - Filling up the DagBag from /home/prathamesh/PycharmProjects/airflow-basic/venv/lib/python3.8/site-packages/airflow/example_dags/example_kubernetes_executor.py
[2021-03-31 01:57:20,896] {scheduler_job.py:639} INFO - DAG(s) dict_keys(['example_kubernetes_executor']) retrieved from /home/prathamesh/PycharmProjects/airflow-basic/venv/lib/python3.8/site-packages/airflow/example_dags/example_kubernetes_executor.py
[2021-03-31 01:57:20,967] {logging_mixin.py:104} INFO - [2021-03-31 01:57:20,967] {dag.py:1818} INFO - Sync 1 DAGs
[2021-03-31 01:57:21,002] {logging_mixin.py:104} INFO - [2021-03-31 01:57:21,001] {dag.py:2273} INFO - Setting next_dagrun for example_kubernetes_executor to None
[2021-03-31 01:57:21,041] {scheduler_job.py:190} INFO - Processing /home/prathamesh/PycharmProjects/airflow-basic/venv/lib/python3.8/site-packages/airflow/example_dags/example_kubernetes_executor.py took 0.198 seconds
[2021-03-31 02:52:11,870] {scheduler_job.py:182} INFO - Started process (PID=13920) to work on /home/prathamesh/PycharmProjects/airflow-basic/venv/lib/python3.8/site-packages/airflow/example_dags/example_kubernetes_executor.py
[2021-03-31 02:52:11,871] {scheduler_job.py:629} INFO - Processing file /home/prathamesh/PycharmProjects/airflow-basic/venv/lib/python3.8/site-packages/airflow/example_dags/example_kubernetes_executor.py for tasks to queue
[2021-03-31 02:52:11,871] {logging_mixin.py:104} INFO - [2021-03-31 02:52:11,871] {dagbag.py:448} INFO - Filling up the DagBag from /home/prathamesh/PycharmProjects/airflow-basic/venv/lib/python3.8/site-packages/airflow/example_dags/example_kubernetes_executor.py
[2021-03-31 02:52:11,878] {scheduler_job.py:639} INFO - DAG(s) dict_keys(['example_kubernetes_executor']) retrieved from /home/prathamesh/PycharmProjects/airflow-basic/venv/lib/python3.8/site-packages/airflow/example_dags/example_kubernetes_executor.py
[2021-03-31 02:52:11,891] {logging_mixin.py:104} INFO - [2021-03-31 02:52:11,891] {dag.py:1818} INFO - Sync 1 DAGs
[2021-03-31 02:52:11,896] {logging_mixin.py:104} INFO - [2021-03-31 02:52:11,896] {dag.py:2273} INFO - Setting next_dagrun for example_kubernetes_executor to None
[2021-03-31 02:52:11,914] {scheduler_job.py:190} INFO - Processing /home/prathamesh/PycharmProjects/airflow-basic/venv/lib/python3.8/site-packages/airflow/example_dags/example_kubernetes_executor.py took 0.046 seconds
[2021-03-31 02:52:54,623] {scheduler_job.py:182} INFO - Started process (PID=14059) to work on /home/prathamesh/PycharmProjects/airflow-basic/venv/lib/python3.8/site-packages/airflow/example_dags/example_kubernetes_executor.py
[2021-03-31 02:52:54,624] {scheduler_job.py:629} INFO - Processing file /home/prathamesh/PycharmProjects/airflow-basic/venv/lib/python3.8/site-packages/airflow/example_dags/example_kubernetes_executor.py for tasks to queue
[2021-03-31 02:52:54,624] {logging_mixin.py:104} INFO - [2021-03-31 02:52:54,624] {dagbag.py:448} INFO - Filling up the DagBag from /home/prathamesh/PycharmProjects/airflow-basic/venv/lib/python3.8/site-packages/airflow/example_dags/example_kubernetes_executor.py
[2021-03-31 02:52:54,638] {scheduler_job.py:639} INFO - DAG(s) dict_keys(['example_kubernetes_executor']) retrieved from /home/prathamesh/PycharmProjects/airflow-basic/venv/lib/python3.8/site-packages/airflow/example_dags/example_kubernetes_executor.py
[2021-03-31 02:52:54,649] {logging_mixin.py:104} INFO - [2021-03-31 02:52:54,649] {dag.py:1818} INFO - Sync 1 DAGs
[2021-03-31 02:52:54,654] {logging_mixin.py:104} INFO - [2021-03-31 02:52:54,654] {dag.py:2273} INFO - Setting next_dagrun for example_kubernetes_executor to None
[2021-03-31 02:52:54,660] {scheduler_job.py:190} INFO - Processing /home/prathamesh/PycharmProjects/airflow-basic/venv/lib/python3.8/site-packages/airflow/example_dags/example_kubernetes_executor.py took 0.039 seconds
[2021-03-31 02:53:37,103] {scheduler_job.py:182} INFO - Started process (PID=14192) to work on /home/prathamesh/PycharmProjects/airflow-basic/venv/lib/python3.8/site-packages/airflow/example_dags/example_kubernetes_executor.py
[2021-03-31 02:53:37,111] {scheduler_job.py:629} INFO - Processing file /home/prathamesh/PycharmProjects/airflow-basic/venv/lib/python3.8/site-packages/airflow/example_dags/example_kubernetes_executor.py for tasks to queue
[2021-03-31 02:53:37,111] {logging_mixin.py:104} INFO - [2021-03-31 02:53:37,111] {dagbag.py:448} INFO - Filling up the DagBag from /home/prathamesh/PycharmProjects/airflow-basic/venv/lib/python3.8/site-packages/airflow/example_dags/example_kubernetes_executor.py
[2021-03-31 02:53:37,132] {scheduler_job.py:639} INFO - DAG(s) dict_keys(['example_kubernetes_executor']) retrieved from /home/prathamesh/PycharmProjects/airflow-basic/venv/lib/python3.8/site-packages/airflow/example_dags/example_kubernetes_executor.py
[2021-03-31 02:53:37,152] {logging_mixin.py:104} INFO - [2021-03-31 02:53:37,151] {dag.py:1818} INFO - Sync 1 DAGs
[2021-03-31 02:53:37,158] {logging_mixin.py:104} INFO - [2021-03-31 02:53:37,158] {dag.py:2273} INFO - Setting next_dagrun for example_kubernetes_executor to None
[2021-03-31 02:53:37,169] {scheduler_job.py:190} INFO - Processing /home/prathamesh/PycharmProjects/airflow-basic/venv/lib/python3.8/site-packages/airflow/example_dags/example_kubernetes_executor.py took 0.068 seconds
[2021-03-31 02:54:16,412] {scheduler_job.py:182} INFO - Started process (PID=14336) to work on /home/prathamesh/PycharmProjects/airflow-basic/venv/lib/python3.8/site-packages/airflow/example_dags/example_kubernetes_executor.py
[2021-03-31 02:54:16,416] {scheduler_job.py:629} INFO - Processing file /home/prathamesh/PycharmProjects/airflow-basic/venv/lib/python3.8/site-packages/airflow/example_dags/example_kubernetes_executor.py for tasks to queue
[2021-03-31 02:54:16,417] {logging_mixin.py:104} INFO - [2021-03-31 02:54:16,417] {dagbag.py:448} INFO - Filling up the DagBag from /home/prathamesh/PycharmProjects/airflow-basic/venv/lib/python3.8/site-packages/airflow/example_dags/example_kubernetes_executor.py
[2021-03-31 02:54:16,428] {scheduler_job.py:639} INFO - DAG(s) dict_keys(['example_kubernetes_executor']) retrieved from /home/prathamesh/PycharmProjects/airflow-basic/venv/lib/python3.8/site-packages/airflow/example_dags/example_kubernetes_executor.py
[2021-03-31 02:54:16,437] {logging_mixin.py:104} INFO - [2021-03-31 02:54:16,437] {dag.py:1818} INFO - Sync 1 DAGs
[2021-03-31 02:54:16,445] {logging_mixin.py:104} INFO - [2021-03-31 02:54:16,445] {dag.py:2273} INFO - Setting next_dagrun for example_kubernetes_executor to None
[2021-03-31 02:54:16,452] {scheduler_job.py:190} INFO - Processing /home/prathamesh/PycharmProjects/airflow-basic/venv/lib/python3.8/site-packages/airflow/example_dags/example_kubernetes_executor.py took 0.043 seconds
[2021-03-31 02:55:00,876] {scheduler_job.py:182} INFO - Started process (PID=14478) to work on /home/prathamesh/PycharmProjects/airflow-basic/venv/lib/python3.8/site-packages/airflow/example_dags/example_kubernetes_executor.py
[2021-03-31 02:55:00,877] {scheduler_job.py:629} INFO - Processing file /home/prathamesh/PycharmProjects/airflow-basic/venv/lib/python3.8/site-packages/airflow/example_dags/example_kubernetes_executor.py for tasks to queue
[2021-03-31 02:55:00,878] {logging_mixin.py:104} INFO - [2021-03-31 02:55:00,878] {dagbag.py:448} INFO - Filling up the DagBag from /home/prathamesh/PycharmProjects/airflow-basic/venv/lib/python3.8/site-packages/airflow/example_dags/example_kubernetes_executor.py
[2021-03-31 02:55:00,889] {scheduler_job.py:639} INFO - DAG(s) dict_keys(['example_kubernetes_executor']) retrieved from /home/prathamesh/PycharmProjects/airflow-basic/venv/lib/python3.8/site-packages/airflow/example_dags/example_kubernetes_executor.py
[2021-03-31 02:55:00,899] {logging_mixin.py:104} INFO - [2021-03-31 02:55:00,899] {dag.py:1818} INFO - Sync 1 DAGs
[2021-03-31 02:55:00,905] {logging_mixin.py:104} INFO - [2021-03-31 02:55:00,905] {dag.py:2273} INFO - Setting next_dagrun for example_kubernetes_executor to None
[2021-03-31 02:55:00,911] {scheduler_job.py:190} INFO - Processing /home/prathamesh/PycharmProjects/airflow-basic/venv/lib/python3.8/site-packages/airflow/example_dags/example_kubernetes_executor.py took 0.038 seconds
[2021-03-31 02:56:46,309] {scheduler_job.py:182} INFO - Started process (PID=14773) to work on /home/prathamesh/PycharmProjects/airflow-basic/venv/lib/python3.8/site-packages/airflow/example_dags/example_kubernetes_executor.py
[2021-03-31 02:56:46,310] {scheduler_job.py:629} INFO - Processing file /home/prathamesh/PycharmProjects/airflow-basic/venv/lib/python3.8/site-packages/airflow/example_dags/example_kubernetes_executor.py for tasks to queue
[2021-03-31 02:56:46,311] {logging_mixin.py:104} INFO - [2021-03-31 02:56:46,311] {dagbag.py:448} INFO - Filling up the DagBag from /home/prathamesh/PycharmProjects/airflow-basic/venv/lib/python3.8/site-packages/airflow/example_dags/example_kubernetes_executor.py
[2021-03-31 02:56:46,319] {scheduler_job.py:639} INFO - DAG(s) dict_keys(['example_kubernetes_executor']) retrieved from /home/prathamesh/PycharmProjects/airflow-basic/venv/lib/python3.8/site-packages/airflow/example_dags/example_kubernetes_executor.py
[2021-03-31 02:56:46,332] {logging_mixin.py:104} INFO - [2021-03-31 02:56:46,332] {dag.py:1818} INFO - Sync 1 DAGs
[2021-03-31 02:56:46,337] {logging_mixin.py:104} INFO - [2021-03-31 02:56:46,337] {dag.py:2273} INFO - Setting next_dagrun for example_kubernetes_executor to None
[2021-03-31 02:56:46,352] {scheduler_job.py:190} INFO - Processing /home/prathamesh/PycharmProjects/airflow-basic/venv/lib/python3.8/site-packages/airflow/example_dags/example_kubernetes_executor.py took 0.045 seconds
[2021-03-31 02:57:22,509] {scheduler_job.py:182} INFO - Started process (PID=14908) to work on /home/prathamesh/PycharmProjects/airflow-basic/venv/lib/python3.8/site-packages/airflow/example_dags/example_kubernetes_executor.py
[2021-03-31 02:57:22,510] {scheduler_job.py:629} INFO - Processing file /home/prathamesh/PycharmProjects/airflow-basic/venv/lib/python3.8/site-packages/airflow/example_dags/example_kubernetes_executor.py for tasks to queue
[2021-03-31 02:57:22,511] {logging_mixin.py:104} INFO - [2021-03-31 02:57:22,511] {dagbag.py:448} INFO - Filling up the DagBag from /home/prathamesh/PycharmProjects/airflow-basic/venv/lib/python3.8/site-packages/airflow/example_dags/example_kubernetes_executor.py
[2021-03-31 02:57:22,533] {scheduler_job.py:639} INFO - DAG(s) dict_keys(['example_kubernetes_executor']) retrieved from /home/prathamesh/PycharmProjects/airflow-basic/venv/lib/python3.8/site-packages/airflow/example_dags/example_kubernetes_executor.py
[2021-03-31 02:57:22,543] {logging_mixin.py:104} INFO - [2021-03-31 02:57:22,543] {dag.py:1818} INFO - Sync 1 DAGs
[2021-03-31 02:57:22,553] {logging_mixin.py:104} INFO - [2021-03-31 02:57:22,553] {dag.py:2273} INFO - Setting next_dagrun for example_kubernetes_executor to None
[2021-03-31 02:57:22,557] {scheduler_job.py:190} INFO - Processing /home/prathamesh/PycharmProjects/airflow-basic/venv/lib/python3.8/site-packages/airflow/example_dags/example_kubernetes_executor.py took 0.051 seconds
[2021-03-31 02:58:03,364] {scheduler_job.py:182} INFO - Started process (PID=15049) to work on /home/prathamesh/PycharmProjects/airflow-basic/venv/lib/python3.8/site-packages/airflow/example_dags/example_kubernetes_executor.py
[2021-03-31 02:58:03,365] {scheduler_job.py:629} INFO - Processing file /home/prathamesh/PycharmProjects/airflow-basic/venv/lib/python3.8/site-packages/airflow/example_dags/example_kubernetes_executor.py for tasks to queue
[2021-03-31 02:58:03,366] {logging_mixin.py:104} INFO - [2021-03-31 02:58:03,366] {dagbag.py:448} INFO - Filling up the DagBag from /home/prathamesh/PycharmProjects/airflow-basic/venv/lib/python3.8/site-packages/airflow/example_dags/example_kubernetes_executor.py
[2021-03-31 02:58:03,386] {scheduler_job.py:639} INFO - DAG(s) dict_keys(['example_kubernetes_executor']) retrieved from /home/prathamesh/PycharmProjects/airflow-basic/venv/lib/python3.8/site-packages/airflow/example_dags/example_kubernetes_executor.py
[2021-03-31 02:58:03,414] {logging_mixin.py:104} INFO - [2021-03-31 02:58:03,414] {dag.py:1818} INFO - Sync 1 DAGs
[2021-03-31 02:58:03,420] {logging_mixin.py:104} INFO - [2021-03-31 02:58:03,420] {dag.py:2273} INFO - Setting next_dagrun for example_kubernetes_executor to None
[2021-03-31 02:58:03,428] {scheduler_job.py:190} INFO - Processing /home/prathamesh/PycharmProjects/airflow-basic/venv/lib/python3.8/site-packages/airflow/example_dags/example_kubernetes_executor.py took 0.066 seconds
[2021-03-31 02:58:42,440] {scheduler_job.py:182} INFO - Started process (PID=15179) to work on /home/prathamesh/PycharmProjects/airflow-basic/venv/lib/python3.8/site-packages/airflow/example_dags/example_kubernetes_executor.py
[2021-03-31 02:58:42,446] {scheduler_job.py:629} INFO - Processing file /home/prathamesh/PycharmProjects/airflow-basic/venv/lib/python3.8/site-packages/airflow/example_dags/example_kubernetes_executor.py for tasks to queue
[2021-03-31 02:58:42,447] {logging_mixin.py:104} INFO - [2021-03-31 02:58:42,447] {dagbag.py:448} INFO - Filling up the DagBag from /home/prathamesh/PycharmProjects/airflow-basic/venv/lib/python3.8/site-packages/airflow/example_dags/example_kubernetes_executor.py
[2021-03-31 02:58:42,465] {scheduler_job.py:639} INFO - DAG(s) dict_keys(['example_kubernetes_executor']) retrieved from /home/prathamesh/PycharmProjects/airflow-basic/venv/lib/python3.8/site-packages/airflow/example_dags/example_kubernetes_executor.py
[2021-03-31 02:58:42,490] {logging_mixin.py:104} INFO - [2021-03-31 02:58:42,490] {dag.py:1818} INFO - Sync 1 DAGs
[2021-03-31 02:58:42,509] {logging_mixin.py:104} INFO - [2021-03-31 02:58:42,509] {dag.py:2273} INFO - Setting next_dagrun for example_kubernetes_executor to None
[2021-03-31 02:58:42,523] {scheduler_job.py:190} INFO - Processing /home/prathamesh/PycharmProjects/airflow-basic/venv/lib/python3.8/site-packages/airflow/example_dags/example_kubernetes_executor.py took 0.086 seconds
[2021-03-31 02:59:22,150] {scheduler_job.py:182} INFO - Started process (PID=15311) to work on /home/prathamesh/PycharmProjects/airflow-basic/venv/lib/python3.8/site-packages/airflow/example_dags/example_kubernetes_executor.py
[2021-03-31 02:59:22,151] {scheduler_job.py:629} INFO - Processing file /home/prathamesh/PycharmProjects/airflow-basic/venv/lib/python3.8/site-packages/airflow/example_dags/example_kubernetes_executor.py for tasks to queue
[2021-03-31 02:59:22,151] {logging_mixin.py:104} INFO - [2021-03-31 02:59:22,151] {dagbag.py:448} INFO - Filling up the DagBag from /home/prathamesh/PycharmProjects/airflow-basic/venv/lib/python3.8/site-packages/airflow/example_dags/example_kubernetes_executor.py
[2021-03-31 02:59:22,163] {scheduler_job.py:639} INFO - DAG(s) dict_keys(['example_kubernetes_executor']) retrieved from /home/prathamesh/PycharmProjects/airflow-basic/venv/lib/python3.8/site-packages/airflow/example_dags/example_kubernetes_executor.py
[2021-03-31 02:59:22,180] {logging_mixin.py:104} INFO - [2021-03-31 02:59:22,180] {dag.py:1818} INFO - Sync 1 DAGs
[2021-03-31 02:59:22,191] {logging_mixin.py:104} INFO - [2021-03-31 02:59:22,191] {dag.py:2273} INFO - Setting next_dagrun for example_kubernetes_executor to None
[2021-03-31 02:59:22,201] {scheduler_job.py:190} INFO - Processing /home/prathamesh/PycharmProjects/airflow-basic/venv/lib/python3.8/site-packages/airflow/example_dags/example_kubernetes_executor.py took 0.054 seconds
[2021-03-31 03:01:04,557] {scheduler_job.py:182} INFO - Started process (PID=16102) to work on /home/prathamesh/PycharmProjects/airflow-basic/venv/lib/python3.8/site-packages/airflow/example_dags/example_kubernetes_executor.py
[2021-03-31 03:01:04,560] {scheduler_job.py:629} INFO - Processing file /home/prathamesh/PycharmProjects/airflow-basic/venv/lib/python3.8/site-packages/airflow/example_dags/example_kubernetes_executor.py for tasks to queue
[2021-03-31 03:01:04,560] {logging_mixin.py:104} INFO - [2021-03-31 03:01:04,560] {dagbag.py:448} INFO - Filling up the DagBag from /home/prathamesh/PycharmProjects/airflow-basic/venv/lib/python3.8/site-packages/airflow/example_dags/example_kubernetes_executor.py
[2021-03-31 03:01:04,567] {scheduler_job.py:639} INFO - DAG(s) dict_keys(['example_kubernetes_executor']) retrieved from /home/prathamesh/PycharmProjects/airflow-basic/venv/lib/python3.8/site-packages/airflow/example_dags/example_kubernetes_executor.py
[2021-03-31 03:01:04,577] {logging_mixin.py:104} INFO - [2021-03-31 03:01:04,577] {dag.py:1818} INFO - Sync 1 DAGs
[2021-03-31 03:01:04,585] {logging_mixin.py:104} INFO - [2021-03-31 03:01:04,585] {dag.py:2273} INFO - Setting next_dagrun for example_kubernetes_executor to None
[2021-03-31 03:01:04,591] {scheduler_job.py:190} INFO - Processing /home/prathamesh/PycharmProjects/airflow-basic/venv/lib/python3.8/site-packages/airflow/example_dags/example_kubernetes_executor.py took 0.036 seconds
[2021-03-31 03:01:42,690] {scheduler_job.py:182} INFO - Started process (PID=16233) to work on /home/prathamesh/PycharmProjects/airflow-basic/venv/lib/python3.8/site-packages/airflow/example_dags/example_kubernetes_executor.py
[2021-03-31 03:01:42,691] {scheduler_job.py:629} INFO - Processing file /home/prathamesh/PycharmProjects/airflow-basic/venv/lib/python3.8/site-packages/airflow/example_dags/example_kubernetes_executor.py for tasks to queue
[2021-03-31 03:01:42,691] {logging_mixin.py:104} INFO - [2021-03-31 03:01:42,691] {dagbag.py:448} INFO - Filling up the DagBag from /home/prathamesh/PycharmProjects/airflow-basic/venv/lib/python3.8/site-packages/airflow/example_dags/example_kubernetes_executor.py
[2021-03-31 03:01:42,698] {scheduler_job.py:639} INFO - DAG(s) dict_keys(['example_kubernetes_executor']) retrieved from /home/prathamesh/PycharmProjects/airflow-basic/venv/lib/python3.8/site-packages/airflow/example_dags/example_kubernetes_executor.py
[2021-03-31 03:01:42,708] {logging_mixin.py:104} INFO - [2021-03-31 03:01:42,708] {dag.py:1818} INFO - Sync 1 DAGs
[2021-03-31 03:01:42,720] {logging_mixin.py:104} INFO - [2021-03-31 03:01:42,720] {dag.py:2273} INFO - Setting next_dagrun for example_kubernetes_executor to None
[2021-03-31 03:01:42,724] {scheduler_job.py:190} INFO - Processing /home/prathamesh/PycharmProjects/airflow-basic/venv/lib/python3.8/site-packages/airflow/example_dags/example_kubernetes_executor.py took 0.036 seconds
[2021-03-31 03:02:20,983] {scheduler_job.py:182} INFO - Started process (PID=16367) to work on /home/prathamesh/PycharmProjects/airflow-basic/venv/lib/python3.8/site-packages/airflow/example_dags/example_kubernetes_executor.py
[2021-03-31 03:02:20,984] {scheduler_job.py:629} INFO - Processing file /home/prathamesh/PycharmProjects/airflow-basic/venv/lib/python3.8/site-packages/airflow/example_dags/example_kubernetes_executor.py for tasks to queue
[2021-03-31 03:02:20,985] {logging_mixin.py:104} INFO - [2021-03-31 03:02:20,984] {dagbag.py:448} INFO - Filling up the DagBag from /home/prathamesh/PycharmProjects/airflow-basic/venv/lib/python3.8/site-packages/airflow/example_dags/example_kubernetes_executor.py
[2021-03-31 03:02:20,993] {scheduler_job.py:639} INFO - DAG(s) dict_keys(['example_kubernetes_executor']) retrieved from /home/prathamesh/PycharmProjects/airflow-basic/venv/lib/python3.8/site-packages/airflow/example_dags/example_kubernetes_executor.py
[2021-03-31 03:02:21,003] {logging_mixin.py:104} INFO - [2021-03-31 03:02:21,003] {dag.py:1818} INFO - Sync 1 DAGs
[2021-03-31 03:02:21,011] {logging_mixin.py:104} INFO - [2021-03-31 03:02:21,011] {dag.py:2273} INFO - Setting next_dagrun for example_kubernetes_executor to None
[2021-03-31 03:02:21,018] {scheduler_job.py:190} INFO - Processing /home/prathamesh/PycharmProjects/airflow-basic/venv/lib/python3.8/site-packages/airflow/example_dags/example_kubernetes_executor.py took 0.037 seconds
[2021-03-31 03:02:58,751] {scheduler_job.py:182} INFO - Started process (PID=16499) to work on /home/prathamesh/PycharmProjects/airflow-basic/venv/lib/python3.8/site-packages/airflow/example_dags/example_kubernetes_executor.py
[2021-03-31 03:02:58,753] {scheduler_job.py:629} INFO - Processing file /home/prathamesh/PycharmProjects/airflow-basic/venv/lib/python3.8/site-packages/airflow/example_dags/example_kubernetes_executor.py for tasks to queue
[2021-03-31 03:02:58,753] {logging_mixin.py:104} INFO - [2021-03-31 03:02:58,753] {dagbag.py:448} INFO - Filling up the DagBag from /home/prathamesh/PycharmProjects/airflow-basic/venv/lib/python3.8/site-packages/airflow/example_dags/example_kubernetes_executor.py
[2021-03-31 03:02:58,760] {scheduler_job.py:639} INFO - DAG(s) dict_keys(['example_kubernetes_executor']) retrieved from /home/prathamesh/PycharmProjects/airflow-basic/venv/lib/python3.8/site-packages/airflow/example_dags/example_kubernetes_executor.py
[2021-03-31 03:02:58,770] {logging_mixin.py:104} INFO - [2021-03-31 03:02:58,770] {dag.py:1818} INFO - Sync 1 DAGs
[2021-03-31 03:02:58,779] {logging_mixin.py:104} INFO - [2021-03-31 03:02:58,779] {dag.py:2273} INFO - Setting next_dagrun for example_kubernetes_executor to None
[2021-03-31 03:02:58,783] {scheduler_job.py:190} INFO - Processing /home/prathamesh/PycharmProjects/airflow-basic/venv/lib/python3.8/site-packages/airflow/example_dags/example_kubernetes_executor.py took 0.034 seconds
[2021-03-31 03:03:41,756] {scheduler_job.py:182} INFO - Started process (PID=16633) to work on /home/prathamesh/PycharmProjects/airflow-basic/venv/lib/python3.8/site-packages/airflow/example_dags/example_kubernetes_executor.py
[2021-03-31 03:03:41,757] {scheduler_job.py:629} INFO - Processing file /home/prathamesh/PycharmProjects/airflow-basic/venv/lib/python3.8/site-packages/airflow/example_dags/example_kubernetes_executor.py for tasks to queue
[2021-03-31 03:03:41,758] {logging_mixin.py:104} INFO - [2021-03-31 03:03:41,758] {dagbag.py:448} INFO - Filling up the DagBag from /home/prathamesh/PycharmProjects/airflow-basic/venv/lib/python3.8/site-packages/airflow/example_dags/example_kubernetes_executor.py
[2021-03-31 03:03:41,771] {scheduler_job.py:639} INFO - DAG(s) dict_keys(['example_kubernetes_executor']) retrieved from /home/prathamesh/PycharmProjects/airflow-basic/venv/lib/python3.8/site-packages/airflow/example_dags/example_kubernetes_executor.py
[2021-03-31 03:03:41,787] {logging_mixin.py:104} INFO - [2021-03-31 03:03:41,787] {dag.py:1818} INFO - Sync 1 DAGs
[2021-03-31 03:03:41,793] {logging_mixin.py:104} INFO - [2021-03-31 03:03:41,793] {dag.py:2273} INFO - Setting next_dagrun for example_kubernetes_executor to None
[2021-03-31 03:03:41,803] {scheduler_job.py:190} INFO - Processing /home/prathamesh/PycharmProjects/airflow-basic/venv/lib/python3.8/site-packages/airflow/example_dags/example_kubernetes_executor.py took 0.049 seconds
[2021-03-31 03:04:18,188] {scheduler_job.py:182} INFO - Started process (PID=16763) to work on /home/prathamesh/PycharmProjects/airflow-basic/venv/lib/python3.8/site-packages/airflow/example_dags/example_kubernetes_executor.py
[2021-03-31 03:04:18,201] {scheduler_job.py:629} INFO - Processing file /home/prathamesh/PycharmProjects/airflow-basic/venv/lib/python3.8/site-packages/airflow/example_dags/example_kubernetes_executor.py for tasks to queue
[2021-03-31 03:04:18,202] {logging_mixin.py:104} INFO - [2021-03-31 03:04:18,202] {dagbag.py:448} INFO - Filling up the DagBag from /home/prathamesh/PycharmProjects/airflow-basic/venv/lib/python3.8/site-packages/airflow/example_dags/example_kubernetes_executor.py
[2021-03-31 03:04:18,209] {scheduler_job.py:639} INFO - DAG(s) dict_keys(['example_kubernetes_executor']) retrieved from /home/prathamesh/PycharmProjects/airflow-basic/venv/lib/python3.8/site-packages/airflow/example_dags/example_kubernetes_executor.py
[2021-03-31 03:04:18,231] {logging_mixin.py:104} INFO - [2021-03-31 03:04:18,231] {dag.py:1818} INFO - Sync 1 DAGs
[2021-03-31 03:04:18,248] {logging_mixin.py:104} INFO - [2021-03-31 03:04:18,248] {dag.py:2273} INFO - Setting next_dagrun for example_kubernetes_executor to None
[2021-03-31 03:04:18,252] {scheduler_job.py:190} INFO - Processing /home/prathamesh/PycharmProjects/airflow-basic/venv/lib/python3.8/site-packages/airflow/example_dags/example_kubernetes_executor.py took 0.066 seconds
[2021-03-31 03:04:57,375] {scheduler_job.py:182} INFO - Started process (PID=16894) to work on /home/prathamesh/PycharmProjects/airflow-basic/venv/lib/python3.8/site-packages/airflow/example_dags/example_kubernetes_executor.py
[2021-03-31 03:04:57,376] {scheduler_job.py:629} INFO - Processing file /home/prathamesh/PycharmProjects/airflow-basic/venv/lib/python3.8/site-packages/airflow/example_dags/example_kubernetes_executor.py for tasks to queue
[2021-03-31 03:04:57,376] {logging_mixin.py:104} INFO - [2021-03-31 03:04:57,376] {dagbag.py:448} INFO - Filling up the DagBag from /home/prathamesh/PycharmProjects/airflow-basic/venv/lib/python3.8/site-packages/airflow/example_dags/example_kubernetes_executor.py
[2021-03-31 03:04:57,384] {scheduler_job.py:639} INFO - DAG(s) dict_keys(['example_kubernetes_executor']) retrieved from /home/prathamesh/PycharmProjects/airflow-basic/venv/lib/python3.8/site-packages/airflow/example_dags/example_kubernetes_executor.py
[2021-03-31 03:04:57,395] {logging_mixin.py:104} INFO - [2021-03-31 03:04:57,395] {dag.py:1818} INFO - Sync 1 DAGs
[2021-03-31 03:04:57,401] {logging_mixin.py:104} INFO - [2021-03-31 03:04:57,401] {dag.py:2273} INFO - Setting next_dagrun for example_kubernetes_executor to None
[2021-03-31 03:04:57,406] {scheduler_job.py:190} INFO - Processing /home/prathamesh/PycharmProjects/airflow-basic/venv/lib/python3.8/site-packages/airflow/example_dags/example_kubernetes_executor.py took 0.035 seconds
[2021-03-31 03:05:32,660] {scheduler_job.py:182} INFO - Started process (PID=17024) to work on /home/prathamesh/PycharmProjects/airflow-basic/venv/lib/python3.8/site-packages/airflow/example_dags/example_kubernetes_executor.py
[2021-03-31 03:05:32,661] {scheduler_job.py:629} INFO - Processing file /home/prathamesh/PycharmProjects/airflow-basic/venv/lib/python3.8/site-packages/airflow/example_dags/example_kubernetes_executor.py for tasks to queue
[2021-03-31 03:05:32,662] {logging_mixin.py:104} INFO - [2021-03-31 03:05:32,662] {dagbag.py:448} INFO - Filling up the DagBag from /home/prathamesh/PycharmProjects/airflow-basic/venv/lib/python3.8/site-packages/airflow/example_dags/example_kubernetes_executor.py
[2021-03-31 03:05:32,669] {scheduler_job.py:639} INFO - DAG(s) dict_keys(['example_kubernetes_executor']) retrieved from /home/prathamesh/PycharmProjects/airflow-basic/venv/lib/python3.8/site-packages/airflow/example_dags/example_kubernetes_executor.py
[2021-03-31 03:05:32,678] {logging_mixin.py:104} INFO - [2021-03-31 03:05:32,678] {dag.py:1818} INFO - Sync 1 DAGs
[2021-03-31 03:05:32,685] {logging_mixin.py:104} INFO - [2021-03-31 03:05:32,685] {dag.py:2273} INFO - Setting next_dagrun for example_kubernetes_executor to None
[2021-03-31 03:05:32,691] {scheduler_job.py:190} INFO - Processing /home/prathamesh/PycharmProjects/airflow-basic/venv/lib/python3.8/site-packages/airflow/example_dags/example_kubernetes_executor.py took 0.035 seconds
[2021-03-31 03:06:12,795] {scheduler_job.py:182} INFO - Started process (PID=17163) to work on /home/prathamesh/PycharmProjects/airflow-basic/venv/lib/python3.8/site-packages/airflow/example_dags/example_kubernetes_executor.py
[2021-03-31 03:06:12,796] {scheduler_job.py:629} INFO - Processing file /home/prathamesh/PycharmProjects/airflow-basic/venv/lib/python3.8/site-packages/airflow/example_dags/example_kubernetes_executor.py for tasks to queue
[2021-03-31 03:06:12,796] {logging_mixin.py:104} INFO - [2021-03-31 03:06:12,796] {dagbag.py:448} INFO - Filling up the DagBag from /home/prathamesh/PycharmProjects/airflow-basic/venv/lib/python3.8/site-packages/airflow/example_dags/example_kubernetes_executor.py
[2021-03-31 03:06:12,806] {scheduler_job.py:639} INFO - DAG(s) dict_keys(['example_kubernetes_executor']) retrieved from /home/prathamesh/PycharmProjects/airflow-basic/venv/lib/python3.8/site-packages/airflow/example_dags/example_kubernetes_executor.py
[2021-03-31 03:06:12,817] {logging_mixin.py:104} INFO - [2021-03-31 03:06:12,817] {dag.py:1818} INFO - Sync 1 DAGs
[2021-03-31 03:06:12,824] {logging_mixin.py:104} INFO - [2021-03-31 03:06:12,824] {dag.py:2273} INFO - Setting next_dagrun for example_kubernetes_executor to None
[2021-03-31 03:06:12,829] {scheduler_job.py:190} INFO - Processing /home/prathamesh/PycharmProjects/airflow-basic/venv/lib/python3.8/site-packages/airflow/example_dags/example_kubernetes_executor.py took 0.035 seconds
[2021-03-31 03:06:49,700] {scheduler_job.py:182} INFO - Started process (PID=17293) to work on /home/prathamesh/PycharmProjects/airflow-basic/venv/lib/python3.8/site-packages/airflow/example_dags/example_kubernetes_executor.py
[2021-03-31 03:06:49,701] {scheduler_job.py:629} INFO - Processing file /home/prathamesh/PycharmProjects/airflow-basic/venv/lib/python3.8/site-packages/airflow/example_dags/example_kubernetes_executor.py for tasks to queue
[2021-03-31 03:06:49,702] {logging_mixin.py:104} INFO - [2021-03-31 03:06:49,702] {dagbag.py:448} INFO - Filling up the DagBag from /home/prathamesh/PycharmProjects/airflow-basic/venv/lib/python3.8/site-packages/airflow/example_dags/example_kubernetes_executor.py
[2021-03-31 03:06:49,714] {scheduler_job.py:639} INFO - DAG(s) dict_keys(['example_kubernetes_executor']) retrieved from /home/prathamesh/PycharmProjects/airflow-basic/venv/lib/python3.8/site-packages/airflow/example_dags/example_kubernetes_executor.py
[2021-03-31 03:06:49,723] {logging_mixin.py:104} INFO - [2021-03-31 03:06:49,723] {dag.py:1818} INFO - Sync 1 DAGs
[2021-03-31 03:06:49,729] {logging_mixin.py:104} INFO - [2021-03-31 03:06:49,729] {dag.py:2273} INFO - Setting next_dagrun for example_kubernetes_executor to None
[2021-03-31 03:06:49,734] {scheduler_job.py:190} INFO - Processing /home/prathamesh/PycharmProjects/airflow-basic/venv/lib/python3.8/site-packages/airflow/example_dags/example_kubernetes_executor.py took 0.036 seconds
[2021-03-31 03:07:28,323] {scheduler_job.py:182} INFO - Started process (PID=17428) to work on /home/prathamesh/PycharmProjects/airflow-basic/venv/lib/python3.8/site-packages/airflow/example_dags/example_kubernetes_executor.py
[2021-03-31 03:07:28,324] {scheduler_job.py:629} INFO - Processing file /home/prathamesh/PycharmProjects/airflow-basic/venv/lib/python3.8/site-packages/airflow/example_dags/example_kubernetes_executor.py for tasks to queue
[2021-03-31 03:07:28,324] {logging_mixin.py:104} INFO - [2021-03-31 03:07:28,324] {dagbag.py:448} INFO - Filling up the DagBag from /home/prathamesh/PycharmProjects/airflow-basic/venv/lib/python3.8/site-packages/airflow/example_dags/example_kubernetes_executor.py
[2021-03-31 03:07:28,338] {scheduler_job.py:639} INFO - DAG(s) dict_keys(['example_kubernetes_executor']) retrieved from /home/prathamesh/PycharmProjects/airflow-basic/venv/lib/python3.8/site-packages/airflow/example_dags/example_kubernetes_executor.py
[2021-03-31 03:07:28,346] {logging_mixin.py:104} INFO - [2021-03-31 03:07:28,346] {dag.py:1818} INFO - Sync 1 DAGs
[2021-03-31 03:07:28,352] {logging_mixin.py:104} INFO - [2021-03-31 03:07:28,352] {dag.py:2273} INFO - Setting next_dagrun for example_kubernetes_executor to None
[2021-03-31 03:07:28,356] {scheduler_job.py:190} INFO - Processing /home/prathamesh/PycharmProjects/airflow-basic/venv/lib/python3.8/site-packages/airflow/example_dags/example_kubernetes_executor.py took 0.035 seconds
[2021-03-31 03:08:07,658] {scheduler_job.py:182} INFO - Started process (PID=17573) to work on /home/prathamesh/PycharmProjects/airflow-basic/venv/lib/python3.8/site-packages/airflow/example_dags/example_kubernetes_executor.py
[2021-03-31 03:08:07,659] {scheduler_job.py:629} INFO - Processing file /home/prathamesh/PycharmProjects/airflow-basic/venv/lib/python3.8/site-packages/airflow/example_dags/example_kubernetes_executor.py for tasks to queue
[2021-03-31 03:08:07,660] {logging_mixin.py:104} INFO - [2021-03-31 03:08:07,660] {dagbag.py:448} INFO - Filling up the DagBag from /home/prathamesh/PycharmProjects/airflow-basic/venv/lib/python3.8/site-packages/airflow/example_dags/example_kubernetes_executor.py
[2021-03-31 03:08:07,680] {scheduler_job.py:639} INFO - DAG(s) dict_keys(['example_kubernetes_executor']) retrieved from /home/prathamesh/PycharmProjects/airflow-basic/venv/lib/python3.8/site-packages/airflow/example_dags/example_kubernetes_executor.py
[2021-03-31 03:08:07,692] {logging_mixin.py:104} INFO - [2021-03-31 03:08:07,692] {dag.py:1818} INFO - Sync 1 DAGs
[2021-03-31 03:08:07,698] {logging_mixin.py:104} INFO - [2021-03-31 03:08:07,698] {dag.py:2273} INFO - Setting next_dagrun for example_kubernetes_executor to None
[2021-03-31 03:08:07,702] {scheduler_job.py:190} INFO - Processing /home/prathamesh/PycharmProjects/airflow-basic/venv/lib/python3.8/site-packages/airflow/example_dags/example_kubernetes_executor.py took 0.049 seconds
