[2021-03-31 01:48:47,399] {scheduler_job.py:182} INFO - Started process (PID=12610) to work on /home/prathamesh/PycharmProjects/airflow-basic/venv/lib/python3.8/site-packages/airflow/example_dags/example_bash_operator.py
[2021-03-31 01:48:47,400] {scheduler_job.py:629} INFO - Processing file /home/prathamesh/PycharmProjects/airflow-basic/venv/lib/python3.8/site-packages/airflow/example_dags/example_bash_operator.py for tasks to queue
[2021-03-31 01:48:47,401] {logging_mixin.py:104} INFO - [2021-03-31 01:48:47,401] {dagbag.py:448} INFO - Filling up the DagBag from /home/prathamesh/PycharmProjects/airflow-basic/venv/lib/python3.8/site-packages/airflow/example_dags/example_bash_operator.py
[2021-03-31 01:48:47,453] {scheduler_job.py:639} INFO - DAG(s) dict_keys(['example_bash_operator']) retrieved from /home/prathamesh/PycharmProjects/airflow-basic/venv/lib/python3.8/site-packages/airflow/example_dags/example_bash_operator.py
[2021-03-31 01:48:47,526] {logging_mixin.py:104} INFO - [2021-03-31 01:48:47,526] {dag.py:1818} INFO - Sync 1 DAGs
[2021-03-31 01:48:47,619] {logging_mixin.py:104} INFO - [2021-03-31 01:48:47,619] {dag.py:2273} INFO - Setting next_dagrun for example_bash_operator to 2021-03-29 00:00:00+00:00
[2021-03-31 01:48:47,651] {scheduler_job.py:190} INFO - Processing /home/prathamesh/PycharmProjects/airflow-basic/venv/lib/python3.8/site-packages/airflow/example_dags/example_bash_operator.py took 0.278 seconds
[2021-03-31 01:49:25,004] {scheduler_job.py:182} INFO - Started process (PID=12644) to work on /home/prathamesh/PycharmProjects/airflow-basic/venv/lib/python3.8/site-packages/airflow/example_dags/example_bash_operator.py
[2021-03-31 01:49:25,009] {scheduler_job.py:629} INFO - Processing file /home/prathamesh/PycharmProjects/airflow-basic/venv/lib/python3.8/site-packages/airflow/example_dags/example_bash_operator.py for tasks to queue
[2021-03-31 01:49:25,010] {logging_mixin.py:104} INFO - [2021-03-31 01:49:25,010] {dagbag.py:448} INFO - Filling up the DagBag from /home/prathamesh/PycharmProjects/airflow-basic/venv/lib/python3.8/site-packages/airflow/example_dags/example_bash_operator.py
[2021-03-31 01:49:25,110] {scheduler_job.py:639} INFO - DAG(s) dict_keys(['example_bash_operator']) retrieved from /home/prathamesh/PycharmProjects/airflow-basic/venv/lib/python3.8/site-packages/airflow/example_dags/example_bash_operator.py
[2021-03-31 01:49:25,201] {logging_mixin.py:104} INFO - [2021-03-31 01:49:25,201] {dag.py:1818} INFO - Sync 1 DAGs
[2021-03-31 01:49:25,318] {logging_mixin.py:104} INFO - [2021-03-31 01:49:25,317] {dag.py:2273} INFO - Setting next_dagrun for example_bash_operator to 2021-03-29 00:00:00+00:00
[2021-03-31 01:49:25,354] {scheduler_job.py:190} INFO - Processing /home/prathamesh/PycharmProjects/airflow-basic/venv/lib/python3.8/site-packages/airflow/example_dags/example_bash_operator.py took 0.376 seconds
[2021-03-31 01:50:00,379] {scheduler_job.py:182} INFO - Started process (PID=12679) to work on /home/prathamesh/PycharmProjects/airflow-basic/venv/lib/python3.8/site-packages/airflow/example_dags/example_bash_operator.py
[2021-03-31 01:50:00,380] {scheduler_job.py:629} INFO - Processing file /home/prathamesh/PycharmProjects/airflow-basic/venv/lib/python3.8/site-packages/airflow/example_dags/example_bash_operator.py for tasks to queue
[2021-03-31 01:50:00,380] {logging_mixin.py:104} INFO - [2021-03-31 01:50:00,380] {dagbag.py:448} INFO - Filling up the DagBag from /home/prathamesh/PycharmProjects/airflow-basic/venv/lib/python3.8/site-packages/airflow/example_dags/example_bash_operator.py
[2021-03-31 01:50:00,392] {scheduler_job.py:639} INFO - DAG(s) dict_keys(['example_bash_operator']) retrieved from /home/prathamesh/PycharmProjects/airflow-basic/venv/lib/python3.8/site-packages/airflow/example_dags/example_bash_operator.py
[2021-03-31 01:50:00,407] {logging_mixin.py:104} INFO - [2021-03-31 01:50:00,407] {dag.py:1818} INFO - Sync 1 DAGs
[2021-03-31 01:50:00,428] {logging_mixin.py:104} INFO - [2021-03-31 01:50:00,428] {dag.py:2273} INFO - Setting next_dagrun for example_bash_operator to 2021-03-29 00:00:00+00:00
[2021-03-31 01:50:00,439] {scheduler_job.py:190} INFO - Processing /home/prathamesh/PycharmProjects/airflow-basic/venv/lib/python3.8/site-packages/airflow/example_dags/example_bash_operator.py took 0.063 seconds
[2021-03-31 01:50:32,296] {scheduler_job.py:182} INFO - Started process (PID=12706) to work on /home/prathamesh/PycharmProjects/airflow-basic/venv/lib/python3.8/site-packages/airflow/example_dags/example_bash_operator.py
[2021-03-31 01:50:32,299] {scheduler_job.py:629} INFO - Processing file /home/prathamesh/PycharmProjects/airflow-basic/venv/lib/python3.8/site-packages/airflow/example_dags/example_bash_operator.py for tasks to queue
[2021-03-31 01:50:32,299] {logging_mixin.py:104} INFO - [2021-03-31 01:50:32,299] {dagbag.py:448} INFO - Filling up the DagBag from /home/prathamesh/PycharmProjects/airflow-basic/venv/lib/python3.8/site-packages/airflow/example_dags/example_bash_operator.py
[2021-03-31 01:50:32,312] {scheduler_job.py:639} INFO - DAG(s) dict_keys(['example_bash_operator']) retrieved from /home/prathamesh/PycharmProjects/airflow-basic/venv/lib/python3.8/site-packages/airflow/example_dags/example_bash_operator.py
[2021-03-31 01:50:32,331] {logging_mixin.py:104} INFO - [2021-03-31 01:50:32,331] {dag.py:1818} INFO - Sync 1 DAGs
[2021-03-31 01:50:32,350] {logging_mixin.py:104} INFO - [2021-03-31 01:50:32,349] {dag.py:2273} INFO - Setting next_dagrun for example_bash_operator to 2021-03-29 00:00:00+00:00
[2021-03-31 01:50:32,371] {scheduler_job.py:190} INFO - Processing /home/prathamesh/PycharmProjects/airflow-basic/venv/lib/python3.8/site-packages/airflow/example_dags/example_bash_operator.py took 0.078 seconds
[2021-03-31 01:52:47,447] {scheduler_job.py:182} INFO - Started process (PID=12778) to work on /home/prathamesh/PycharmProjects/airflow-basic/venv/lib/python3.8/site-packages/airflow/example_dags/example_bash_operator.py
[2021-03-31 01:52:47,450] {scheduler_job.py:629} INFO - Processing file /home/prathamesh/PycharmProjects/airflow-basic/venv/lib/python3.8/site-packages/airflow/example_dags/example_bash_operator.py for tasks to queue
[2021-03-31 01:52:47,450] {logging_mixin.py:104} INFO - [2021-03-31 01:52:47,450] {dagbag.py:448} INFO - Filling up the DagBag from /home/prathamesh/PycharmProjects/airflow-basic/venv/lib/python3.8/site-packages/airflow/example_dags/example_bash_operator.py
[2021-03-31 01:52:47,474] {scheduler_job.py:639} INFO - DAG(s) dict_keys(['example_bash_operator']) retrieved from /home/prathamesh/PycharmProjects/airflow-basic/venv/lib/python3.8/site-packages/airflow/example_dags/example_bash_operator.py
[2021-03-31 01:52:47,499] {logging_mixin.py:104} INFO - [2021-03-31 01:52:47,499] {dag.py:1818} INFO - Sync 1 DAGs
[2021-03-31 01:52:47,537] {logging_mixin.py:104} INFO - [2021-03-31 01:52:47,537] {dag.py:2273} INFO - Setting next_dagrun for example_bash_operator to 2021-03-29 00:00:00+00:00
[2021-03-31 01:52:47,559] {scheduler_job.py:190} INFO - Processing /home/prathamesh/PycharmProjects/airflow-basic/venv/lib/python3.8/site-packages/airflow/example_dags/example_bash_operator.py took 0.115 seconds
[2021-03-31 01:53:32,122] {scheduler_job.py:182} INFO - Started process (PID=12822) to work on /home/prathamesh/PycharmProjects/airflow-basic/venv/lib/python3.8/site-packages/airflow/example_dags/example_bash_operator.py
[2021-03-31 01:53:32,123] {scheduler_job.py:629} INFO - Processing file /home/prathamesh/PycharmProjects/airflow-basic/venv/lib/python3.8/site-packages/airflow/example_dags/example_bash_operator.py for tasks to queue
[2021-03-31 01:53:32,123] {logging_mixin.py:104} INFO - [2021-03-31 01:53:32,123] {dagbag.py:448} INFO - Filling up the DagBag from /home/prathamesh/PycharmProjects/airflow-basic/venv/lib/python3.8/site-packages/airflow/example_dags/example_bash_operator.py
[2021-03-31 01:53:32,132] {scheduler_job.py:639} INFO - DAG(s) dict_keys(['example_bash_operator']) retrieved from /home/prathamesh/PycharmProjects/airflow-basic/venv/lib/python3.8/site-packages/airflow/example_dags/example_bash_operator.py
[2021-03-31 01:53:32,142] {logging_mixin.py:104} INFO - [2021-03-31 01:53:32,142] {dag.py:1818} INFO - Sync 1 DAGs
[2021-03-31 01:53:32,154] {logging_mixin.py:104} INFO - [2021-03-31 01:53:32,154] {dag.py:2273} INFO - Setting next_dagrun for example_bash_operator to 2021-03-29 00:00:00+00:00
[2021-03-31 01:53:32,160] {scheduler_job.py:190} INFO - Processing /home/prathamesh/PycharmProjects/airflow-basic/venv/lib/python3.8/site-packages/airflow/example_dags/example_bash_operator.py took 0.040 seconds
[2021-03-31 01:54:13,134] {scheduler_job.py:182} INFO - Started process (PID=12880) to work on /home/prathamesh/PycharmProjects/airflow-basic/venv/lib/python3.8/site-packages/airflow/example_dags/example_bash_operator.py
[2021-03-31 01:54:13,138] {scheduler_job.py:629} INFO - Processing file /home/prathamesh/PycharmProjects/airflow-basic/venv/lib/python3.8/site-packages/airflow/example_dags/example_bash_operator.py for tasks to queue
[2021-03-31 01:54:13,153] {logging_mixin.py:104} INFO - [2021-03-31 01:54:13,151] {dagbag.py:448} INFO - Filling up the DagBag from /home/prathamesh/PycharmProjects/airflow-basic/venv/lib/python3.8/site-packages/airflow/example_dags/example_bash_operator.py
[2021-03-31 01:54:13,242] {scheduler_job.py:639} INFO - DAG(s) dict_keys(['example_bash_operator']) retrieved from /home/prathamesh/PycharmProjects/airflow-basic/venv/lib/python3.8/site-packages/airflow/example_dags/example_bash_operator.py
[2021-03-31 01:54:13,410] {logging_mixin.py:104} INFO - [2021-03-31 01:54:13,409] {dag.py:1818} INFO - Sync 1 DAGs
[2021-03-31 01:54:13,541] {logging_mixin.py:104} INFO - [2021-03-31 01:54:13,541] {dag.py:2273} INFO - Setting next_dagrun for example_bash_operator to 2021-03-29 00:00:00+00:00
[2021-03-31 01:54:13,563] {scheduler_job.py:190} INFO - Processing /home/prathamesh/PycharmProjects/airflow-basic/venv/lib/python3.8/site-packages/airflow/example_dags/example_bash_operator.py took 0.463 seconds
[2021-03-31 01:54:51,800] {scheduler_job.py:182} INFO - Started process (PID=12917) to work on /home/prathamesh/PycharmProjects/airflow-basic/venv/lib/python3.8/site-packages/airflow/example_dags/example_bash_operator.py
[2021-03-31 01:54:51,802] {scheduler_job.py:629} INFO - Processing file /home/prathamesh/PycharmProjects/airflow-basic/venv/lib/python3.8/site-packages/airflow/example_dags/example_bash_operator.py for tasks to queue
[2021-03-31 01:54:51,805] {logging_mixin.py:104} INFO - [2021-03-31 01:54:51,805] {dagbag.py:448} INFO - Filling up the DagBag from /home/prathamesh/PycharmProjects/airflow-basic/venv/lib/python3.8/site-packages/airflow/example_dags/example_bash_operator.py
[2021-03-31 01:54:51,835] {scheduler_job.py:639} INFO - DAG(s) dict_keys(['example_bash_operator']) retrieved from /home/prathamesh/PycharmProjects/airflow-basic/venv/lib/python3.8/site-packages/airflow/example_dags/example_bash_operator.py
[2021-03-31 01:54:51,929] {logging_mixin.py:104} INFO - [2021-03-31 01:54:51,928] {dag.py:1818} INFO - Sync 1 DAGs
[2021-03-31 01:54:51,990] {logging_mixin.py:104} INFO - [2021-03-31 01:54:51,989] {dag.py:2273} INFO - Setting next_dagrun for example_bash_operator to 2021-03-29 00:00:00+00:00
[2021-03-31 01:54:52,010] {scheduler_job.py:190} INFO - Processing /home/prathamesh/PycharmProjects/airflow-basic/venv/lib/python3.8/site-packages/airflow/example_dags/example_bash_operator.py took 0.224 seconds
[2021-03-31 01:55:39,444] {scheduler_job.py:182} INFO - Started process (PID=12973) to work on /home/prathamesh/PycharmProjects/airflow-basic/venv/lib/python3.8/site-packages/airflow/example_dags/example_bash_operator.py
[2021-03-31 01:55:39,456] {scheduler_job.py:629} INFO - Processing file /home/prathamesh/PycharmProjects/airflow-basic/venv/lib/python3.8/site-packages/airflow/example_dags/example_bash_operator.py for tasks to queue
[2021-03-31 01:55:39,457] {logging_mixin.py:104} INFO - [2021-03-31 01:55:39,457] {dagbag.py:448} INFO - Filling up the DagBag from /home/prathamesh/PycharmProjects/airflow-basic/venv/lib/python3.8/site-packages/airflow/example_dags/example_bash_operator.py
[2021-03-31 01:55:39,514] {scheduler_job.py:639} INFO - DAG(s) dict_keys(['example_bash_operator']) retrieved from /home/prathamesh/PycharmProjects/airflow-basic/venv/lib/python3.8/site-packages/airflow/example_dags/example_bash_operator.py
[2021-03-31 01:55:39,567] {logging_mixin.py:104} INFO - [2021-03-31 01:55:39,567] {dag.py:1818} INFO - Sync 1 DAGs
[2021-03-31 01:55:39,671] {logging_mixin.py:104} INFO - [2021-03-31 01:55:39,671] {dag.py:2273} INFO - Setting next_dagrun for example_bash_operator to 2021-03-29 00:00:00+00:00
[2021-03-31 01:55:39,717] {scheduler_job.py:190} INFO - Processing /home/prathamesh/PycharmProjects/airflow-basic/venv/lib/python3.8/site-packages/airflow/example_dags/example_bash_operator.py took 0.295 seconds
[2021-03-31 01:56:18,191] {scheduler_job.py:182} INFO - Started process (PID=13045) to work on /home/prathamesh/PycharmProjects/airflow-basic/venv/lib/python3.8/site-packages/airflow/example_dags/example_bash_operator.py
[2021-03-31 01:56:18,196] {scheduler_job.py:629} INFO - Processing file /home/prathamesh/PycharmProjects/airflow-basic/venv/lib/python3.8/site-packages/airflow/example_dags/example_bash_operator.py for tasks to queue
[2021-03-31 01:56:18,197] {logging_mixin.py:104} INFO - [2021-03-31 01:56:18,197] {dagbag.py:448} INFO - Filling up the DagBag from /home/prathamesh/PycharmProjects/airflow-basic/venv/lib/python3.8/site-packages/airflow/example_dags/example_bash_operator.py
[2021-03-31 01:56:18,233] {scheduler_job.py:639} INFO - DAG(s) dict_keys(['example_bash_operator']) retrieved from /home/prathamesh/PycharmProjects/airflow-basic/venv/lib/python3.8/site-packages/airflow/example_dags/example_bash_operator.py
[2021-03-31 01:56:18,281] {logging_mixin.py:104} INFO - [2021-03-31 01:56:18,281] {dag.py:1818} INFO - Sync 1 DAGs
[2021-03-31 01:56:18,336] {logging_mixin.py:104} INFO - [2021-03-31 01:56:18,336] {dag.py:2273} INFO - Setting next_dagrun for example_bash_operator to 2021-03-29 00:00:00+00:00
[2021-03-31 01:56:18,357] {scheduler_job.py:190} INFO - Processing /home/prathamesh/PycharmProjects/airflow-basic/venv/lib/python3.8/site-packages/airflow/example_dags/example_bash_operator.py took 0.184 seconds
[2021-03-31 01:56:55,830] {scheduler_job.py:182} INFO - Started process (PID=13079) to work on /home/prathamesh/PycharmProjects/airflow-basic/venv/lib/python3.8/site-packages/airflow/example_dags/example_bash_operator.py
[2021-03-31 01:56:55,843] {scheduler_job.py:629} INFO - Processing file /home/prathamesh/PycharmProjects/airflow-basic/venv/lib/python3.8/site-packages/airflow/example_dags/example_bash_operator.py for tasks to queue
[2021-03-31 01:56:55,844] {logging_mixin.py:104} INFO - [2021-03-31 01:56:55,844] {dagbag.py:448} INFO - Filling up the DagBag from /home/prathamesh/PycharmProjects/airflow-basic/venv/lib/python3.8/site-packages/airflow/example_dags/example_bash_operator.py
[2021-03-31 01:56:56,087] {scheduler_job.py:639} INFO - DAG(s) dict_keys(['example_bash_operator']) retrieved from /home/prathamesh/PycharmProjects/airflow-basic/venv/lib/python3.8/site-packages/airflow/example_dags/example_bash_operator.py
[2021-03-31 01:56:56,316] {logging_mixin.py:104} INFO - [2021-03-31 01:56:56,316] {dag.py:1818} INFO - Sync 1 DAGs
[2021-03-31 01:56:56,458] {logging_mixin.py:104} INFO - [2021-03-31 01:56:56,458] {dag.py:2273} INFO - Setting next_dagrun for example_bash_operator to 2021-03-29 00:00:00+00:00
[2021-03-31 01:56:56,480] {scheduler_job.py:190} INFO - Processing /home/prathamesh/PycharmProjects/airflow-basic/venv/lib/python3.8/site-packages/airflow/example_dags/example_bash_operator.py took 0.690 seconds
[2021-03-31 01:57:33,822] {scheduler_job.py:182} INFO - Started process (PID=13114) to work on /home/prathamesh/PycharmProjects/airflow-basic/venv/lib/python3.8/site-packages/airflow/example_dags/example_bash_operator.py
[2021-03-31 01:57:33,835] {scheduler_job.py:629} INFO - Processing file /home/prathamesh/PycharmProjects/airflow-basic/venv/lib/python3.8/site-packages/airflow/example_dags/example_bash_operator.py for tasks to queue
[2021-03-31 01:57:33,836] {logging_mixin.py:104} INFO - [2021-03-31 01:57:33,836] {dagbag.py:448} INFO - Filling up the DagBag from /home/prathamesh/PycharmProjects/airflow-basic/venv/lib/python3.8/site-packages/airflow/example_dags/example_bash_operator.py
[2021-03-31 01:57:33,883] {scheduler_job.py:639} INFO - DAG(s) dict_keys(['example_bash_operator']) retrieved from /home/prathamesh/PycharmProjects/airflow-basic/venv/lib/python3.8/site-packages/airflow/example_dags/example_bash_operator.py
[2021-03-31 01:57:33,933] {logging_mixin.py:104} INFO - [2021-03-31 01:57:33,933] {dag.py:1818} INFO - Sync 1 DAGs
[2021-03-31 01:57:34,062] {logging_mixin.py:104} INFO - [2021-03-31 01:57:34,062] {dag.py:2273} INFO - Setting next_dagrun for example_bash_operator to 2021-03-29 00:00:00+00:00
[2021-03-31 01:57:34,100] {scheduler_job.py:190} INFO - Processing /home/prathamesh/PycharmProjects/airflow-basic/venv/lib/python3.8/site-packages/airflow/example_dags/example_bash_operator.py took 0.307 seconds
[2021-03-31 02:51:55,625] {scheduler_job.py:182} INFO - Started process (PID=13810) to work on /home/prathamesh/PycharmProjects/airflow-basic/venv/lib/python3.8/site-packages/airflow/example_dags/example_bash_operator.py
[2021-03-31 02:51:55,639] {scheduler_job.py:629} INFO - Processing file /home/prathamesh/PycharmProjects/airflow-basic/venv/lib/python3.8/site-packages/airflow/example_dags/example_bash_operator.py for tasks to queue
[2021-03-31 02:51:55,640] {logging_mixin.py:104} INFO - [2021-03-31 02:51:55,640] {dagbag.py:448} INFO - Filling up the DagBag from /home/prathamesh/PycharmProjects/airflow-basic/venv/lib/python3.8/site-packages/airflow/example_dags/example_bash_operator.py
[2021-03-31 02:51:55,661] {scheduler_job.py:639} INFO - DAG(s) dict_keys(['example_bash_operator']) retrieved from /home/prathamesh/PycharmProjects/airflow-basic/venv/lib/python3.8/site-packages/airflow/example_dags/example_bash_operator.py
[2021-03-31 02:51:55,682] {logging_mixin.py:104} INFO - [2021-03-31 02:51:55,682] {dag.py:1818} INFO - Sync 1 DAGs
[2021-03-31 02:51:55,707] {logging_mixin.py:104} INFO - [2021-03-31 02:51:55,707] {dag.py:2273} INFO - Setting next_dagrun for example_bash_operator to 2021-03-29 00:00:00+00:00
[2021-03-31 02:51:55,723] {scheduler_job.py:190} INFO - Processing /home/prathamesh/PycharmProjects/airflow-basic/venv/lib/python3.8/site-packages/airflow/example_dags/example_bash_operator.py took 0.101 seconds
[2021-03-31 02:52:30,546] {scheduler_job.py:182} INFO - Started process (PID=13940) to work on /home/prathamesh/PycharmProjects/airflow-basic/venv/lib/python3.8/site-packages/airflow/example_dags/example_bash_operator.py
[2021-03-31 02:52:30,548] {scheduler_job.py:629} INFO - Processing file /home/prathamesh/PycharmProjects/airflow-basic/venv/lib/python3.8/site-packages/airflow/example_dags/example_bash_operator.py for tasks to queue
[2021-03-31 02:52:30,549] {logging_mixin.py:104} INFO - [2021-03-31 02:52:30,549] {dagbag.py:448} INFO - Filling up the DagBag from /home/prathamesh/PycharmProjects/airflow-basic/venv/lib/python3.8/site-packages/airflow/example_dags/example_bash_operator.py
[2021-03-31 02:52:30,560] {scheduler_job.py:639} INFO - DAG(s) dict_keys(['example_bash_operator']) retrieved from /home/prathamesh/PycharmProjects/airflow-basic/venv/lib/python3.8/site-packages/airflow/example_dags/example_bash_operator.py
[2021-03-31 02:52:30,570] {logging_mixin.py:104} INFO - [2021-03-31 02:52:30,570] {dag.py:1818} INFO - Sync 1 DAGs
[2021-03-31 02:52:30,581] {logging_mixin.py:104} INFO - [2021-03-31 02:52:30,581] {dag.py:2273} INFO - Setting next_dagrun for example_bash_operator to 2021-03-29 00:00:00+00:00
[2021-03-31 02:52:30,587] {scheduler_job.py:190} INFO - Processing /home/prathamesh/PycharmProjects/airflow-basic/venv/lib/python3.8/site-packages/airflow/example_dags/example_bash_operator.py took 0.044 seconds
[2021-03-31 02:53:08,915] {scheduler_job.py:182} INFO - Started process (PID=14074) to work on /home/prathamesh/PycharmProjects/airflow-basic/venv/lib/python3.8/site-packages/airflow/example_dags/example_bash_operator.py
[2021-03-31 02:53:08,915] {scheduler_job.py:629} INFO - Processing file /home/prathamesh/PycharmProjects/airflow-basic/venv/lib/python3.8/site-packages/airflow/example_dags/example_bash_operator.py for tasks to queue
[2021-03-31 02:53:08,916] {logging_mixin.py:104} INFO - [2021-03-31 02:53:08,916] {dagbag.py:448} INFO - Filling up the DagBag from /home/prathamesh/PycharmProjects/airflow-basic/venv/lib/python3.8/site-packages/airflow/example_dags/example_bash_operator.py
[2021-03-31 02:53:08,925] {scheduler_job.py:639} INFO - DAG(s) dict_keys(['example_bash_operator']) retrieved from /home/prathamesh/PycharmProjects/airflow-basic/venv/lib/python3.8/site-packages/airflow/example_dags/example_bash_operator.py
[2021-03-31 02:53:08,935] {logging_mixin.py:104} INFO - [2021-03-31 02:53:08,935] {dag.py:1818} INFO - Sync 1 DAGs
[2021-03-31 02:53:08,946] {logging_mixin.py:104} INFO - [2021-03-31 02:53:08,945] {dag.py:2273} INFO - Setting next_dagrun for example_bash_operator to 2021-03-29 00:00:00+00:00
[2021-03-31 02:53:08,950] {scheduler_job.py:190} INFO - Processing /home/prathamesh/PycharmProjects/airflow-basic/venv/lib/python3.8/site-packages/airflow/example_dags/example_bash_operator.py took 0.037 seconds
[2021-03-31 02:53:46,800] {scheduler_job.py:182} INFO - Started process (PID=14211) to work on /home/prathamesh/PycharmProjects/airflow-basic/venv/lib/python3.8/site-packages/airflow/example_dags/example_bash_operator.py
[2021-03-31 02:53:46,801] {scheduler_job.py:629} INFO - Processing file /home/prathamesh/PycharmProjects/airflow-basic/venv/lib/python3.8/site-packages/airflow/example_dags/example_bash_operator.py for tasks to queue
[2021-03-31 02:53:46,801] {logging_mixin.py:104} INFO - [2021-03-31 02:53:46,801] {dagbag.py:448} INFO - Filling up the DagBag from /home/prathamesh/PycharmProjects/airflow-basic/venv/lib/python3.8/site-packages/airflow/example_dags/example_bash_operator.py
[2021-03-31 02:53:46,816] {scheduler_job.py:639} INFO - DAG(s) dict_keys(['example_bash_operator']) retrieved from /home/prathamesh/PycharmProjects/airflow-basic/venv/lib/python3.8/site-packages/airflow/example_dags/example_bash_operator.py
[2021-03-31 02:53:46,852] {logging_mixin.py:104} INFO - [2021-03-31 02:53:46,852] {dag.py:1818} INFO - Sync 1 DAGs
[2021-03-31 02:53:46,881] {logging_mixin.py:104} INFO - [2021-03-31 02:53:46,881] {dag.py:2273} INFO - Setting next_dagrun for example_bash_operator to 2021-03-29 00:00:00+00:00
[2021-03-31 02:53:46,885] {scheduler_job.py:190} INFO - Processing /home/prathamesh/PycharmProjects/airflow-basic/venv/lib/python3.8/site-packages/airflow/example_dags/example_bash_operator.py took 0.096 seconds
[2021-03-31 02:54:26,138] {scheduler_job.py:182} INFO - Started process (PID=14346) to work on /home/prathamesh/PycharmProjects/airflow-basic/venv/lib/python3.8/site-packages/airflow/example_dags/example_bash_operator.py
[2021-03-31 02:54:26,141] {scheduler_job.py:629} INFO - Processing file /home/prathamesh/PycharmProjects/airflow-basic/venv/lib/python3.8/site-packages/airflow/example_dags/example_bash_operator.py for tasks to queue
[2021-03-31 02:54:26,141] {logging_mixin.py:104} INFO - [2021-03-31 02:54:26,141] {dagbag.py:448} INFO - Filling up the DagBag from /home/prathamesh/PycharmProjects/airflow-basic/venv/lib/python3.8/site-packages/airflow/example_dags/example_bash_operator.py
[2021-03-31 02:54:26,152] {scheduler_job.py:639} INFO - DAG(s) dict_keys(['example_bash_operator']) retrieved from /home/prathamesh/PycharmProjects/airflow-basic/venv/lib/python3.8/site-packages/airflow/example_dags/example_bash_operator.py
[2021-03-31 02:54:26,169] {logging_mixin.py:104} INFO - [2021-03-31 02:54:26,169] {dag.py:1818} INFO - Sync 1 DAGs
[2021-03-31 02:54:26,180] {logging_mixin.py:104} INFO - [2021-03-31 02:54:26,180] {dag.py:2273} INFO - Setting next_dagrun for example_bash_operator to 2021-03-29 00:00:00+00:00
[2021-03-31 02:54:26,188] {scheduler_job.py:190} INFO - Processing /home/prathamesh/PycharmProjects/airflow-basic/venv/lib/python3.8/site-packages/airflow/example_dags/example_bash_operator.py took 0.052 seconds
[2021-03-31 02:55:04,872] {scheduler_job.py:182} INFO - Started process (PID=14482) to work on /home/prathamesh/PycharmProjects/airflow-basic/venv/lib/python3.8/site-packages/airflow/example_dags/example_bash_operator.py
[2021-03-31 02:55:04,882] {scheduler_job.py:629} INFO - Processing file /home/prathamesh/PycharmProjects/airflow-basic/venv/lib/python3.8/site-packages/airflow/example_dags/example_bash_operator.py for tasks to queue
[2021-03-31 02:55:04,883] {logging_mixin.py:104} INFO - [2021-03-31 02:55:04,882] {dagbag.py:448} INFO - Filling up the DagBag from /home/prathamesh/PycharmProjects/airflow-basic/venv/lib/python3.8/site-packages/airflow/example_dags/example_bash_operator.py
[2021-03-31 02:55:04,916] {scheduler_job.py:639} INFO - DAG(s) dict_keys(['example_bash_operator']) retrieved from /home/prathamesh/PycharmProjects/airflow-basic/venv/lib/python3.8/site-packages/airflow/example_dags/example_bash_operator.py
[2021-03-31 02:55:04,966] {logging_mixin.py:104} INFO - [2021-03-31 02:55:04,966] {dag.py:1818} INFO - Sync 1 DAGs
[2021-03-31 02:55:04,988] {logging_mixin.py:104} INFO - [2021-03-31 02:55:04,988] {dag.py:2273} INFO - Setting next_dagrun for example_bash_operator to 2021-03-29 00:00:00+00:00
[2021-03-31 02:55:05,012] {scheduler_job.py:190} INFO - Processing /home/prathamesh/PycharmProjects/airflow-basic/venv/lib/python3.8/site-packages/airflow/example_dags/example_bash_operator.py took 0.142 seconds
[2021-03-31 02:56:42,567] {scheduler_job.py:182} INFO - Started process (PID=14770) to work on /home/prathamesh/PycharmProjects/airflow-basic/venv/lib/python3.8/site-packages/airflow/example_dags/example_bash_operator.py
[2021-03-31 02:56:42,579] {scheduler_job.py:629} INFO - Processing file /home/prathamesh/PycharmProjects/airflow-basic/venv/lib/python3.8/site-packages/airflow/example_dags/example_bash_operator.py for tasks to queue
[2021-03-31 02:56:42,580] {logging_mixin.py:104} INFO - [2021-03-31 02:56:42,580] {dagbag.py:448} INFO - Filling up the DagBag from /home/prathamesh/PycharmProjects/airflow-basic/venv/lib/python3.8/site-packages/airflow/example_dags/example_bash_operator.py
[2021-03-31 02:56:42,642] {scheduler_job.py:639} INFO - DAG(s) dict_keys(['example_bash_operator']) retrieved from /home/prathamesh/PycharmProjects/airflow-basic/venv/lib/python3.8/site-packages/airflow/example_dags/example_bash_operator.py
[2021-03-31 02:56:42,764] {logging_mixin.py:104} INFO - [2021-03-31 02:56:42,764] {dag.py:1818} INFO - Sync 1 DAGs
[2021-03-31 02:56:42,919] {logging_mixin.py:104} INFO - [2021-03-31 02:56:42,918] {dag.py:2273} INFO - Setting next_dagrun for example_bash_operator to 2021-03-29 00:00:00+00:00
[2021-03-31 02:56:42,960] {scheduler_job.py:190} INFO - Processing /home/prathamesh/PycharmProjects/airflow-basic/venv/lib/python3.8/site-packages/airflow/example_dags/example_bash_operator.py took 0.424 seconds
[2021-03-31 02:57:23,659] {scheduler_job.py:182} INFO - Started process (PID=14909) to work on /home/prathamesh/PycharmProjects/airflow-basic/venv/lib/python3.8/site-packages/airflow/example_dags/example_bash_operator.py
[2021-03-31 02:57:23,660] {scheduler_job.py:629} INFO - Processing file /home/prathamesh/PycharmProjects/airflow-basic/venv/lib/python3.8/site-packages/airflow/example_dags/example_bash_operator.py for tasks to queue
[2021-03-31 02:57:23,660] {logging_mixin.py:104} INFO - [2021-03-31 02:57:23,660] {dagbag.py:448} INFO - Filling up the DagBag from /home/prathamesh/PycharmProjects/airflow-basic/venv/lib/python3.8/site-packages/airflow/example_dags/example_bash_operator.py
[2021-03-31 02:57:23,668] {scheduler_job.py:639} INFO - DAG(s) dict_keys(['example_bash_operator']) retrieved from /home/prathamesh/PycharmProjects/airflow-basic/venv/lib/python3.8/site-packages/airflow/example_dags/example_bash_operator.py
[2021-03-31 02:57:23,679] {logging_mixin.py:104} INFO - [2021-03-31 02:57:23,679] {dag.py:1818} INFO - Sync 1 DAGs
[2021-03-31 02:57:23,694] {logging_mixin.py:104} INFO - [2021-03-31 02:57:23,694] {dag.py:2273} INFO - Setting next_dagrun for example_bash_operator to 2021-03-29 00:00:00+00:00
[2021-03-31 02:57:23,699] {scheduler_job.py:190} INFO - Processing /home/prathamesh/PycharmProjects/airflow-basic/venv/lib/python3.8/site-packages/airflow/example_dags/example_bash_operator.py took 0.042 seconds
[2021-03-31 02:58:00,781] {scheduler_job.py:182} INFO - Started process (PID=15046) to work on /home/prathamesh/PycharmProjects/airflow-basic/venv/lib/python3.8/site-packages/airflow/example_dags/example_bash_operator.py
[2021-03-31 02:58:00,782] {scheduler_job.py:629} INFO - Processing file /home/prathamesh/PycharmProjects/airflow-basic/venv/lib/python3.8/site-packages/airflow/example_dags/example_bash_operator.py for tasks to queue
[2021-03-31 02:58:00,782] {logging_mixin.py:104} INFO - [2021-03-31 02:58:00,782] {dagbag.py:448} INFO - Filling up the DagBag from /home/prathamesh/PycharmProjects/airflow-basic/venv/lib/python3.8/site-packages/airflow/example_dags/example_bash_operator.py
[2021-03-31 02:58:00,793] {scheduler_job.py:639} INFO - DAG(s) dict_keys(['example_bash_operator']) retrieved from /home/prathamesh/PycharmProjects/airflow-basic/venv/lib/python3.8/site-packages/airflow/example_dags/example_bash_operator.py
[2021-03-31 02:58:00,824] {logging_mixin.py:104} INFO - [2021-03-31 02:58:00,824] {dag.py:1818} INFO - Sync 1 DAGs
[2021-03-31 02:58:00,852] {logging_mixin.py:104} INFO - [2021-03-31 02:58:00,852] {dag.py:2273} INFO - Setting next_dagrun for example_bash_operator to 2021-03-29 00:00:00+00:00
[2021-03-31 02:58:00,865] {scheduler_job.py:190} INFO - Processing /home/prathamesh/PycharmProjects/airflow-basic/venv/lib/python3.8/site-packages/airflow/example_dags/example_bash_operator.py took 0.086 seconds
[2021-03-31 02:58:40,872] {scheduler_job.py:182} INFO - Started process (PID=15177) to work on /home/prathamesh/PycharmProjects/airflow-basic/venv/lib/python3.8/site-packages/airflow/example_dags/example_bash_operator.py
[2021-03-31 02:58:40,873] {scheduler_job.py:629} INFO - Processing file /home/prathamesh/PycharmProjects/airflow-basic/venv/lib/python3.8/site-packages/airflow/example_dags/example_bash_operator.py for tasks to queue
[2021-03-31 02:58:40,873] {logging_mixin.py:104} INFO - [2021-03-31 02:58:40,873] {dagbag.py:448} INFO - Filling up the DagBag from /home/prathamesh/PycharmProjects/airflow-basic/venv/lib/python3.8/site-packages/airflow/example_dags/example_bash_operator.py
[2021-03-31 02:58:40,899] {scheduler_job.py:639} INFO - DAG(s) dict_keys(['example_bash_operator']) retrieved from /home/prathamesh/PycharmProjects/airflow-basic/venv/lib/python3.8/site-packages/airflow/example_dags/example_bash_operator.py
[2021-03-31 02:58:40,918] {logging_mixin.py:104} INFO - [2021-03-31 02:58:40,918] {dag.py:1818} INFO - Sync 1 DAGs
[2021-03-31 02:58:40,940] {logging_mixin.py:104} INFO - [2021-03-31 02:58:40,940] {dag.py:2273} INFO - Setting next_dagrun for example_bash_operator to 2021-03-29 00:00:00+00:00
[2021-03-31 02:58:40,979] {scheduler_job.py:190} INFO - Processing /home/prathamesh/PycharmProjects/airflow-basic/venv/lib/python3.8/site-packages/airflow/example_dags/example_bash_operator.py took 0.109 seconds
[2021-03-31 02:59:19,662] {scheduler_job.py:182} INFO - Started process (PID=15308) to work on /home/prathamesh/PycharmProjects/airflow-basic/venv/lib/python3.8/site-packages/airflow/example_dags/example_bash_operator.py
[2021-03-31 02:59:19,663] {scheduler_job.py:629} INFO - Processing file /home/prathamesh/PycharmProjects/airflow-basic/venv/lib/python3.8/site-packages/airflow/example_dags/example_bash_operator.py for tasks to queue
[2021-03-31 02:59:19,663] {logging_mixin.py:104} INFO - [2021-03-31 02:59:19,663] {dagbag.py:448} INFO - Filling up the DagBag from /home/prathamesh/PycharmProjects/airflow-basic/venv/lib/python3.8/site-packages/airflow/example_dags/example_bash_operator.py
[2021-03-31 02:59:19,672] {scheduler_job.py:639} INFO - DAG(s) dict_keys(['example_bash_operator']) retrieved from /home/prathamesh/PycharmProjects/airflow-basic/venv/lib/python3.8/site-packages/airflow/example_dags/example_bash_operator.py
[2021-03-31 02:59:19,681] {logging_mixin.py:104} INFO - [2021-03-31 02:59:19,681] {dag.py:1818} INFO - Sync 1 DAGs
[2021-03-31 02:59:19,692] {logging_mixin.py:104} INFO - [2021-03-31 02:59:19,692] {dag.py:2273} INFO - Setting next_dagrun for example_bash_operator to 2021-03-29 00:00:00+00:00
[2021-03-31 02:59:19,703] {scheduler_job.py:190} INFO - Processing /home/prathamesh/PycharmProjects/airflow-basic/venv/lib/python3.8/site-packages/airflow/example_dags/example_bash_operator.py took 0.043 seconds
[2021-03-31 03:01:01,122] {scheduler_job.py:182} INFO - Started process (PID=16099) to work on /home/prathamesh/PycharmProjects/airflow-basic/venv/lib/python3.8/site-packages/airflow/example_dags/example_bash_operator.py
[2021-03-31 03:01:01,123] {scheduler_job.py:629} INFO - Processing file /home/prathamesh/PycharmProjects/airflow-basic/venv/lib/python3.8/site-packages/airflow/example_dags/example_bash_operator.py for tasks to queue
[2021-03-31 03:01:01,123] {logging_mixin.py:104} INFO - [2021-03-31 03:01:01,123] {dagbag.py:448} INFO - Filling up the DagBag from /home/prathamesh/PycharmProjects/airflow-basic/venv/lib/python3.8/site-packages/airflow/example_dags/example_bash_operator.py
[2021-03-31 03:01:01,135] {scheduler_job.py:639} INFO - DAG(s) dict_keys(['example_bash_operator']) retrieved from /home/prathamesh/PycharmProjects/airflow-basic/venv/lib/python3.8/site-packages/airflow/example_dags/example_bash_operator.py
[2021-03-31 03:01:01,159] {logging_mixin.py:104} INFO - [2021-03-31 03:01:01,159] {dag.py:1818} INFO - Sync 1 DAGs
[2021-03-31 03:01:01,176] {logging_mixin.py:104} INFO - [2021-03-31 03:01:01,176] {dag.py:2273} INFO - Setting next_dagrun for example_bash_operator to 2021-03-29 00:00:00+00:00
[2021-03-31 03:01:01,187] {scheduler_job.py:190} INFO - Processing /home/prathamesh/PycharmProjects/airflow-basic/venv/lib/python3.8/site-packages/airflow/example_dags/example_bash_operator.py took 0.067 seconds
[2021-03-31 03:01:40,418] {scheduler_job.py:182} INFO - Started process (PID=16231) to work on /home/prathamesh/PycharmProjects/airflow-basic/venv/lib/python3.8/site-packages/airflow/example_dags/example_bash_operator.py
[2021-03-31 03:01:40,418] {scheduler_job.py:629} INFO - Processing file /home/prathamesh/PycharmProjects/airflow-basic/venv/lib/python3.8/site-packages/airflow/example_dags/example_bash_operator.py for tasks to queue
[2021-03-31 03:01:40,419] {logging_mixin.py:104} INFO - [2021-03-31 03:01:40,419] {dagbag.py:448} INFO - Filling up the DagBag from /home/prathamesh/PycharmProjects/airflow-basic/venv/lib/python3.8/site-packages/airflow/example_dags/example_bash_operator.py
[2021-03-31 03:01:40,427] {scheduler_job.py:639} INFO - DAG(s) dict_keys(['example_bash_operator']) retrieved from /home/prathamesh/PycharmProjects/airflow-basic/venv/lib/python3.8/site-packages/airflow/example_dags/example_bash_operator.py
[2021-03-31 03:01:40,438] {logging_mixin.py:104} INFO - [2021-03-31 03:01:40,438] {dag.py:1818} INFO - Sync 1 DAGs
[2021-03-31 03:01:40,451] {logging_mixin.py:104} INFO - [2021-03-31 03:01:40,451] {dag.py:2273} INFO - Setting next_dagrun for example_bash_operator to 2021-03-29 00:00:00+00:00
[2021-03-31 03:01:40,456] {scheduler_job.py:190} INFO - Processing /home/prathamesh/PycharmProjects/airflow-basic/venv/lib/python3.8/site-packages/airflow/example_dags/example_bash_operator.py took 0.041 seconds
[2021-03-31 03:02:18,735] {scheduler_job.py:182} INFO - Started process (PID=16365) to work on /home/prathamesh/PycharmProjects/airflow-basic/venv/lib/python3.8/site-packages/airflow/example_dags/example_bash_operator.py
[2021-03-31 03:02:18,736] {scheduler_job.py:629} INFO - Processing file /home/prathamesh/PycharmProjects/airflow-basic/venv/lib/python3.8/site-packages/airflow/example_dags/example_bash_operator.py for tasks to queue
[2021-03-31 03:02:18,736] {logging_mixin.py:104} INFO - [2021-03-31 03:02:18,736] {dagbag.py:448} INFO - Filling up the DagBag from /home/prathamesh/PycharmProjects/airflow-basic/venv/lib/python3.8/site-packages/airflow/example_dags/example_bash_operator.py
[2021-03-31 03:02:18,744] {scheduler_job.py:639} INFO - DAG(s) dict_keys(['example_bash_operator']) retrieved from /home/prathamesh/PycharmProjects/airflow-basic/venv/lib/python3.8/site-packages/airflow/example_dags/example_bash_operator.py
[2021-03-31 03:02:18,752] {logging_mixin.py:104} INFO - [2021-03-31 03:02:18,752] {dag.py:1818} INFO - Sync 1 DAGs
[2021-03-31 03:02:18,764] {logging_mixin.py:104} INFO - [2021-03-31 03:02:18,764] {dag.py:2273} INFO - Setting next_dagrun for example_bash_operator to 2021-03-29 00:00:00+00:00
[2021-03-31 03:02:18,768] {scheduler_job.py:190} INFO - Processing /home/prathamesh/PycharmProjects/airflow-basic/venv/lib/python3.8/site-packages/airflow/example_dags/example_bash_operator.py took 0.035 seconds
[2021-03-31 03:02:56,508] {scheduler_job.py:182} INFO - Started process (PID=16497) to work on /home/prathamesh/PycharmProjects/airflow-basic/venv/lib/python3.8/site-packages/airflow/example_dags/example_bash_operator.py
[2021-03-31 03:02:56,509] {scheduler_job.py:629} INFO - Processing file /home/prathamesh/PycharmProjects/airflow-basic/venv/lib/python3.8/site-packages/airflow/example_dags/example_bash_operator.py for tasks to queue
[2021-03-31 03:02:56,509] {logging_mixin.py:104} INFO - [2021-03-31 03:02:56,509] {dagbag.py:448} INFO - Filling up the DagBag from /home/prathamesh/PycharmProjects/airflow-basic/venv/lib/python3.8/site-packages/airflow/example_dags/example_bash_operator.py
[2021-03-31 03:02:56,519] {scheduler_job.py:639} INFO - DAG(s) dict_keys(['example_bash_operator']) retrieved from /home/prathamesh/PycharmProjects/airflow-basic/venv/lib/python3.8/site-packages/airflow/example_dags/example_bash_operator.py
[2021-03-31 03:02:56,530] {logging_mixin.py:104} INFO - [2021-03-31 03:02:56,530] {dag.py:1818} INFO - Sync 1 DAGs
[2021-03-31 03:02:56,550] {logging_mixin.py:104} INFO - [2021-03-31 03:02:56,550] {dag.py:2273} INFO - Setting next_dagrun for example_bash_operator to 2021-03-29 00:00:00+00:00
[2021-03-31 03:02:56,554] {scheduler_job.py:190} INFO - Processing /home/prathamesh/PycharmProjects/airflow-basic/venv/lib/python3.8/site-packages/airflow/example_dags/example_bash_operator.py took 0.055 seconds
[2021-03-31 03:03:28,593] {scheduler_job.py:182} INFO - Started process (PID=16619) to work on /home/prathamesh/PycharmProjects/airflow-basic/venv/lib/python3.8/site-packages/airflow/example_dags/example_bash_operator.py
[2021-03-31 03:03:28,594] {scheduler_job.py:629} INFO - Processing file /home/prathamesh/PycharmProjects/airflow-basic/venv/lib/python3.8/site-packages/airflow/example_dags/example_bash_operator.py for tasks to queue
[2021-03-31 03:03:28,594] {logging_mixin.py:104} INFO - [2021-03-31 03:03:28,594] {dagbag.py:448} INFO - Filling up the DagBag from /home/prathamesh/PycharmProjects/airflow-basic/venv/lib/python3.8/site-packages/airflow/example_dags/example_bash_operator.py
[2021-03-31 03:03:28,602] {scheduler_job.py:639} INFO - DAG(s) dict_keys(['example_bash_operator']) retrieved from /home/prathamesh/PycharmProjects/airflow-basic/venv/lib/python3.8/site-packages/airflow/example_dags/example_bash_operator.py
[2021-03-31 03:03:28,614] {logging_mixin.py:104} INFO - [2021-03-31 03:03:28,614] {dag.py:1818} INFO - Sync 1 DAGs
[2021-03-31 03:03:28,626] {logging_mixin.py:104} INFO - [2021-03-31 03:03:28,626] {dag.py:2273} INFO - Setting next_dagrun for example_bash_operator to 2021-03-29 00:00:00+00:00
[2021-03-31 03:03:28,633] {scheduler_job.py:190} INFO - Processing /home/prathamesh/PycharmProjects/airflow-basic/venv/lib/python3.8/site-packages/airflow/example_dags/example_bash_operator.py took 0.042 seconds
[2021-03-31 03:04:06,779] {scheduler_job.py:182} INFO - Started process (PID=16751) to work on /home/prathamesh/PycharmProjects/airflow-basic/venv/lib/python3.8/site-packages/airflow/example_dags/example_bash_operator.py
[2021-03-31 03:04:06,780] {scheduler_job.py:629} INFO - Processing file /home/prathamesh/PycharmProjects/airflow-basic/venv/lib/python3.8/site-packages/airflow/example_dags/example_bash_operator.py for tasks to queue
[2021-03-31 03:04:06,781] {logging_mixin.py:104} INFO - [2021-03-31 03:04:06,781] {dagbag.py:448} INFO - Filling up the DagBag from /home/prathamesh/PycharmProjects/airflow-basic/venv/lib/python3.8/site-packages/airflow/example_dags/example_bash_operator.py
[2021-03-31 03:04:06,791] {scheduler_job.py:639} INFO - DAG(s) dict_keys(['example_bash_operator']) retrieved from /home/prathamesh/PycharmProjects/airflow-basic/venv/lib/python3.8/site-packages/airflow/example_dags/example_bash_operator.py
[2021-03-31 03:04:06,803] {logging_mixin.py:104} INFO - [2021-03-31 03:04:06,803] {dag.py:1818} INFO - Sync 1 DAGs
[2021-03-31 03:04:06,815] {logging_mixin.py:104} INFO - [2021-03-31 03:04:06,814] {dag.py:2273} INFO - Setting next_dagrun for example_bash_operator to 2021-03-29 00:00:00+00:00
[2021-03-31 03:04:06,819] {scheduler_job.py:190} INFO - Processing /home/prathamesh/PycharmProjects/airflow-basic/venv/lib/python3.8/site-packages/airflow/example_dags/example_bash_operator.py took 0.048 seconds
[2021-03-31 03:04:47,110] {scheduler_job.py:182} INFO - Started process (PID=16883) to work on /home/prathamesh/PycharmProjects/airflow-basic/venv/lib/python3.8/site-packages/airflow/example_dags/example_bash_operator.py
[2021-03-31 03:04:47,116] {scheduler_job.py:629} INFO - Processing file /home/prathamesh/PycharmProjects/airflow-basic/venv/lib/python3.8/site-packages/airflow/example_dags/example_bash_operator.py for tasks to queue
[2021-03-31 03:04:47,117] {logging_mixin.py:104} INFO - [2021-03-31 03:04:47,117] {dagbag.py:448} INFO - Filling up the DagBag from /home/prathamesh/PycharmProjects/airflow-basic/venv/lib/python3.8/site-packages/airflow/example_dags/example_bash_operator.py
[2021-03-31 03:04:47,142] {scheduler_job.py:639} INFO - DAG(s) dict_keys(['example_bash_operator']) retrieved from /home/prathamesh/PycharmProjects/airflow-basic/venv/lib/python3.8/site-packages/airflow/example_dags/example_bash_operator.py
[2021-03-31 03:04:47,168] {logging_mixin.py:104} INFO - [2021-03-31 03:04:47,168] {dag.py:1818} INFO - Sync 1 DAGs
[2021-03-31 03:04:47,194] {logging_mixin.py:104} INFO - [2021-03-31 03:04:47,194] {dag.py:2273} INFO - Setting next_dagrun for example_bash_operator to 2021-03-29 00:00:00+00:00
[2021-03-31 03:04:47,213] {scheduler_job.py:190} INFO - Processing /home/prathamesh/PycharmProjects/airflow-basic/venv/lib/python3.8/site-packages/airflow/example_dags/example_bash_operator.py took 0.111 seconds
[2021-03-31 03:05:24,627] {scheduler_job.py:182} INFO - Started process (PID=17015) to work on /home/prathamesh/PycharmProjects/airflow-basic/venv/lib/python3.8/site-packages/airflow/example_dags/example_bash_operator.py
[2021-03-31 03:05:24,628] {scheduler_job.py:629} INFO - Processing file /home/prathamesh/PycharmProjects/airflow-basic/venv/lib/python3.8/site-packages/airflow/example_dags/example_bash_operator.py for tasks to queue
[2021-03-31 03:05:24,628] {logging_mixin.py:104} INFO - [2021-03-31 03:05:24,628] {dagbag.py:448} INFO - Filling up the DagBag from /home/prathamesh/PycharmProjects/airflow-basic/venv/lib/python3.8/site-packages/airflow/example_dags/example_bash_operator.py
[2021-03-31 03:05:24,636] {scheduler_job.py:639} INFO - DAG(s) dict_keys(['example_bash_operator']) retrieved from /home/prathamesh/PycharmProjects/airflow-basic/venv/lib/python3.8/site-packages/airflow/example_dags/example_bash_operator.py
[2021-03-31 03:05:24,646] {logging_mixin.py:104} INFO - [2021-03-31 03:05:24,646] {dag.py:1818} INFO - Sync 1 DAGs
[2021-03-31 03:05:24,657] {logging_mixin.py:104} INFO - [2021-03-31 03:05:24,657] {dag.py:2273} INFO - Setting next_dagrun for example_bash_operator to 2021-03-29 00:00:00+00:00
[2021-03-31 03:05:24,661] {scheduler_job.py:190} INFO - Processing /home/prathamesh/PycharmProjects/airflow-basic/venv/lib/python3.8/site-packages/airflow/example_dags/example_bash_operator.py took 0.035 seconds
[2021-03-31 03:06:06,487] {scheduler_job.py:182} INFO - Started process (PID=17157) to work on /home/prathamesh/PycharmProjects/airflow-basic/venv/lib/python3.8/site-packages/airflow/example_dags/example_bash_operator.py
[2021-03-31 03:06:06,490] {scheduler_job.py:629} INFO - Processing file /home/prathamesh/PycharmProjects/airflow-basic/venv/lib/python3.8/site-packages/airflow/example_dags/example_bash_operator.py for tasks to queue
[2021-03-31 03:06:06,493] {logging_mixin.py:104} INFO - [2021-03-31 03:06:06,492] {dagbag.py:448} INFO - Filling up the DagBag from /home/prathamesh/PycharmProjects/airflow-basic/venv/lib/python3.8/site-packages/airflow/example_dags/example_bash_operator.py
[2021-03-31 03:06:06,505] {scheduler_job.py:639} INFO - DAG(s) dict_keys(['example_bash_operator']) retrieved from /home/prathamesh/PycharmProjects/airflow-basic/venv/lib/python3.8/site-packages/airflow/example_dags/example_bash_operator.py
[2021-03-31 03:06:06,515] {logging_mixin.py:104} INFO - [2021-03-31 03:06:06,515] {dag.py:1818} INFO - Sync 1 DAGs
[2021-03-31 03:06:06,527] {logging_mixin.py:104} INFO - [2021-03-31 03:06:06,527] {dag.py:2273} INFO - Setting next_dagrun for example_bash_operator to 2021-03-29 00:00:00+00:00
[2021-03-31 03:06:06,533] {scheduler_job.py:190} INFO - Processing /home/prathamesh/PycharmProjects/airflow-basic/venv/lib/python3.8/site-packages/airflow/example_dags/example_bash_operator.py took 0.052 seconds
[2021-03-31 03:06:44,562] {scheduler_job.py:182} INFO - Started process (PID=17288) to work on /home/prathamesh/PycharmProjects/airflow-basic/venv/lib/python3.8/site-packages/airflow/example_dags/example_bash_operator.py
[2021-03-31 03:06:44,566] {scheduler_job.py:629} INFO - Processing file /home/prathamesh/PycharmProjects/airflow-basic/venv/lib/python3.8/site-packages/airflow/example_dags/example_bash_operator.py for tasks to queue
[2021-03-31 03:06:44,566] {logging_mixin.py:104} INFO - [2021-03-31 03:06:44,566] {dagbag.py:448} INFO - Filling up the DagBag from /home/prathamesh/PycharmProjects/airflow-basic/venv/lib/python3.8/site-packages/airflow/example_dags/example_bash_operator.py
[2021-03-31 03:06:44,577] {scheduler_job.py:639} INFO - DAG(s) dict_keys(['example_bash_operator']) retrieved from /home/prathamesh/PycharmProjects/airflow-basic/venv/lib/python3.8/site-packages/airflow/example_dags/example_bash_operator.py
[2021-03-31 03:06:44,592] {logging_mixin.py:104} INFO - [2021-03-31 03:06:44,592] {dag.py:1818} INFO - Sync 1 DAGs
[2021-03-31 03:06:44,605] {logging_mixin.py:104} INFO - [2021-03-31 03:06:44,605] {dag.py:2273} INFO - Setting next_dagrun for example_bash_operator to 2021-03-29 00:00:00+00:00
[2021-03-31 03:06:44,612] {scheduler_job.py:190} INFO - Processing /home/prathamesh/PycharmProjects/airflow-basic/venv/lib/python3.8/site-packages/airflow/example_dags/example_bash_operator.py took 0.053 seconds
[2021-03-31 03:07:23,056] {scheduler_job.py:182} INFO - Started process (PID=17423) to work on /home/prathamesh/PycharmProjects/airflow-basic/venv/lib/python3.8/site-packages/airflow/example_dags/example_bash_operator.py
[2021-03-31 03:07:23,061] {scheduler_job.py:629} INFO - Processing file /home/prathamesh/PycharmProjects/airflow-basic/venv/lib/python3.8/site-packages/airflow/example_dags/example_bash_operator.py for tasks to queue
[2021-03-31 03:07:23,062] {logging_mixin.py:104} INFO - [2021-03-31 03:07:23,062] {dagbag.py:448} INFO - Filling up the DagBag from /home/prathamesh/PycharmProjects/airflow-basic/venv/lib/python3.8/site-packages/airflow/example_dags/example_bash_operator.py
[2021-03-31 03:07:23,085] {scheduler_job.py:639} INFO - DAG(s) dict_keys(['example_bash_operator']) retrieved from /home/prathamesh/PycharmProjects/airflow-basic/venv/lib/python3.8/site-packages/airflow/example_dags/example_bash_operator.py
[2021-03-31 03:07:23,110] {logging_mixin.py:104} INFO - [2021-03-31 03:07:23,110] {dag.py:1818} INFO - Sync 1 DAGs
[2021-03-31 03:07:23,147] {logging_mixin.py:104} INFO - [2021-03-31 03:07:23,147] {dag.py:2273} INFO - Setting next_dagrun for example_bash_operator to 2021-03-29 00:00:00+00:00
[2021-03-31 03:07:23,153] {scheduler_job.py:190} INFO - Processing /home/prathamesh/PycharmProjects/airflow-basic/venv/lib/python3.8/site-packages/airflow/example_dags/example_bash_operator.py took 0.114 seconds
[2021-03-31 03:08:02,501] {scheduler_job.py:182} INFO - Started process (PID=17566) to work on /home/prathamesh/PycharmProjects/airflow-basic/venv/lib/python3.8/site-packages/airflow/example_dags/example_bash_operator.py
[2021-03-31 03:08:02,509] {scheduler_job.py:629} INFO - Processing file /home/prathamesh/PycharmProjects/airflow-basic/venv/lib/python3.8/site-packages/airflow/example_dags/example_bash_operator.py for tasks to queue
[2021-03-31 03:08:02,509] {logging_mixin.py:104} INFO - [2021-03-31 03:08:02,509] {dagbag.py:448} INFO - Filling up the DagBag from /home/prathamesh/PycharmProjects/airflow-basic/venv/lib/python3.8/site-packages/airflow/example_dags/example_bash_operator.py
[2021-03-31 03:08:02,519] {scheduler_job.py:639} INFO - DAG(s) dict_keys(['example_bash_operator']) retrieved from /home/prathamesh/PycharmProjects/airflow-basic/venv/lib/python3.8/site-packages/airflow/example_dags/example_bash_operator.py
[2021-03-31 03:08:02,527] {logging_mixin.py:104} INFO - [2021-03-31 03:08:02,527] {dag.py:1818} INFO - Sync 1 DAGs
[2021-03-31 03:08:02,540] {logging_mixin.py:104} INFO - [2021-03-31 03:08:02,540] {dag.py:2273} INFO - Setting next_dagrun for example_bash_operator to 2021-03-29 00:00:00+00:00
[2021-03-31 03:08:02,545] {scheduler_job.py:190} INFO - Processing /home/prathamesh/PycharmProjects/airflow-basic/venv/lib/python3.8/site-packages/airflow/example_dags/example_bash_operator.py took 0.045 seconds
