[2021-03-31 01:48:48,873] {scheduler_job.py:182} INFO - Started process (PID=12613) to work on /home/prathamesh/PycharmProjects/airflow-basic/venv/lib/python3.8/site-packages/airflow/example_dags/example_trigger_target_dag.py
[2021-03-31 01:48:48,874] {scheduler_job.py:629} INFO - Processing file /home/prathamesh/PycharmProjects/airflow-basic/venv/lib/python3.8/site-packages/airflow/example_dags/example_trigger_target_dag.py for tasks to queue
[2021-03-31 01:48:48,875] {logging_mixin.py:104} INFO - [2021-03-31 01:48:48,875] {dagbag.py:448} INFO - Filling up the DagBag from /home/prathamesh/PycharmProjects/airflow-basic/venv/lib/python3.8/site-packages/airflow/example_dags/example_trigger_target_dag.py
[2021-03-31 01:48:48,934] {scheduler_job.py:639} INFO - DAG(s) dict_keys(['example_trigger_target_dag']) retrieved from /home/prathamesh/PycharmProjects/airflow-basic/venv/lib/python3.8/site-packages/airflow/example_dags/example_trigger_target_dag.py
[2021-03-31 01:48:49,035] {logging_mixin.py:104} INFO - [2021-03-31 01:48:49,023] {dag.py:1818} INFO - Sync 1 DAGs
[2021-03-31 01:48:49,092] {logging_mixin.py:104} INFO - [2021-03-31 01:48:49,092] {dag.py:2273} INFO - Setting next_dagrun for example_trigger_target_dag to None
[2021-03-31 01:48:49,125] {scheduler_job.py:190} INFO - Processing /home/prathamesh/PycharmProjects/airflow-basic/venv/lib/python3.8/site-packages/airflow/example_dags/example_trigger_target_dag.py took 0.274 seconds
[2021-03-31 01:49:26,624] {scheduler_job.py:182} INFO - Started process (PID=12646) to work on /home/prathamesh/PycharmProjects/airflow-basic/venv/lib/python3.8/site-packages/airflow/example_dags/example_trigger_target_dag.py
[2021-03-31 01:49:26,633] {scheduler_job.py:629} INFO - Processing file /home/prathamesh/PycharmProjects/airflow-basic/venv/lib/python3.8/site-packages/airflow/example_dags/example_trigger_target_dag.py for tasks to queue
[2021-03-31 01:49:26,634] {logging_mixin.py:104} INFO - [2021-03-31 01:49:26,634] {dagbag.py:448} INFO - Filling up the DagBag from /home/prathamesh/PycharmProjects/airflow-basic/venv/lib/python3.8/site-packages/airflow/example_dags/example_trigger_target_dag.py
[2021-03-31 01:49:26,667] {scheduler_job.py:639} INFO - DAG(s) dict_keys(['example_trigger_target_dag']) retrieved from /home/prathamesh/PycharmProjects/airflow-basic/venv/lib/python3.8/site-packages/airflow/example_dags/example_trigger_target_dag.py
[2021-03-31 01:49:26,718] {logging_mixin.py:104} INFO - [2021-03-31 01:49:26,718] {dag.py:1818} INFO - Sync 1 DAGs
[2021-03-31 01:49:26,769] {logging_mixin.py:104} INFO - [2021-03-31 01:49:26,768] {dag.py:2273} INFO - Setting next_dagrun for example_trigger_target_dag to None
[2021-03-31 01:49:26,810] {scheduler_job.py:190} INFO - Processing /home/prathamesh/PycharmProjects/airflow-basic/venv/lib/python3.8/site-packages/airflow/example_dags/example_trigger_target_dag.py took 0.190 seconds
[2021-03-31 01:50:02,029] {scheduler_job.py:182} INFO - Started process (PID=12681) to work on /home/prathamesh/PycharmProjects/airflow-basic/venv/lib/python3.8/site-packages/airflow/example_dags/example_trigger_target_dag.py
[2021-03-31 01:50:02,031] {scheduler_job.py:629} INFO - Processing file /home/prathamesh/PycharmProjects/airflow-basic/venv/lib/python3.8/site-packages/airflow/example_dags/example_trigger_target_dag.py for tasks to queue
[2021-03-31 01:50:02,033] {logging_mixin.py:104} INFO - [2021-03-31 01:50:02,032] {dagbag.py:448} INFO - Filling up the DagBag from /home/prathamesh/PycharmProjects/airflow-basic/venv/lib/python3.8/site-packages/airflow/example_dags/example_trigger_target_dag.py
[2021-03-31 01:50:02,049] {scheduler_job.py:639} INFO - DAG(s) dict_keys(['example_trigger_target_dag']) retrieved from /home/prathamesh/PycharmProjects/airflow-basic/venv/lib/python3.8/site-packages/airflow/example_dags/example_trigger_target_dag.py
[2021-03-31 01:50:02,073] {logging_mixin.py:104} INFO - [2021-03-31 01:50:02,073] {dag.py:1818} INFO - Sync 1 DAGs
[2021-03-31 01:50:02,090] {logging_mixin.py:104} INFO - [2021-03-31 01:50:02,090] {dag.py:2273} INFO - Setting next_dagrun for example_trigger_target_dag to None
[2021-03-31 01:50:02,105] {scheduler_job.py:190} INFO - Processing /home/prathamesh/PycharmProjects/airflow-basic/venv/lib/python3.8/site-packages/airflow/example_dags/example_trigger_target_dag.py took 0.080 seconds
[2021-03-31 01:50:38,871] {scheduler_job.py:182} INFO - Started process (PID=12715) to work on /home/prathamesh/PycharmProjects/airflow-basic/venv/lib/python3.8/site-packages/airflow/example_dags/example_trigger_target_dag.py
[2021-03-31 01:50:38,889] {scheduler_job.py:629} INFO - Processing file /home/prathamesh/PycharmProjects/airflow-basic/venv/lib/python3.8/site-packages/airflow/example_dags/example_trigger_target_dag.py for tasks to queue
[2021-03-31 01:50:38,889] {logging_mixin.py:104} INFO - [2021-03-31 01:50:38,889] {dagbag.py:448} INFO - Filling up the DagBag from /home/prathamesh/PycharmProjects/airflow-basic/venv/lib/python3.8/site-packages/airflow/example_dags/example_trigger_target_dag.py
[2021-03-31 01:50:38,911] {scheduler_job.py:639} INFO - DAG(s) dict_keys(['example_trigger_target_dag']) retrieved from /home/prathamesh/PycharmProjects/airflow-basic/venv/lib/python3.8/site-packages/airflow/example_dags/example_trigger_target_dag.py
[2021-03-31 01:50:38,973] {logging_mixin.py:104} INFO - [2021-03-31 01:50:38,973] {dag.py:1818} INFO - Sync 1 DAGs
[2021-03-31 01:50:39,005] {logging_mixin.py:104} INFO - [2021-03-31 01:50:39,005] {dag.py:2273} INFO - Setting next_dagrun for example_trigger_target_dag to None
[2021-03-31 01:50:39,054] {scheduler_job.py:190} INFO - Processing /home/prathamesh/PycharmProjects/airflow-basic/venv/lib/python3.8/site-packages/airflow/example_dags/example_trigger_target_dag.py took 0.185 seconds
[2021-03-31 01:52:48,758] {scheduler_job.py:182} INFO - Started process (PID=12779) to work on /home/prathamesh/PycharmProjects/airflow-basic/venv/lib/python3.8/site-packages/airflow/example_dags/example_trigger_target_dag.py
[2021-03-31 01:52:48,760] {scheduler_job.py:629} INFO - Processing file /home/prathamesh/PycharmProjects/airflow-basic/venv/lib/python3.8/site-packages/airflow/example_dags/example_trigger_target_dag.py for tasks to queue
[2021-03-31 01:52:48,760] {logging_mixin.py:104} INFO - [2021-03-31 01:52:48,760] {dagbag.py:448} INFO - Filling up the DagBag from /home/prathamesh/PycharmProjects/airflow-basic/venv/lib/python3.8/site-packages/airflow/example_dags/example_trigger_target_dag.py
[2021-03-31 01:52:48,782] {scheduler_job.py:639} INFO - DAG(s) dict_keys(['example_trigger_target_dag']) retrieved from /home/prathamesh/PycharmProjects/airflow-basic/venv/lib/python3.8/site-packages/airflow/example_dags/example_trigger_target_dag.py
[2021-03-31 01:52:48,820] {logging_mixin.py:104} INFO - [2021-03-31 01:52:48,819] {dag.py:1818} INFO - Sync 1 DAGs
[2021-03-31 01:52:48,843] {logging_mixin.py:104} INFO - [2021-03-31 01:52:48,843] {dag.py:2273} INFO - Setting next_dagrun for example_trigger_target_dag to None
[2021-03-31 01:52:48,862] {scheduler_job.py:190} INFO - Processing /home/prathamesh/PycharmProjects/airflow-basic/venv/lib/python3.8/site-packages/airflow/example_dags/example_trigger_target_dag.py took 0.107 seconds
[2021-03-31 01:53:33,260] {scheduler_job.py:182} INFO - Started process (PID=12823) to work on /home/prathamesh/PycharmProjects/airflow-basic/venv/lib/python3.8/site-packages/airflow/example_dags/example_trigger_target_dag.py
[2021-03-31 01:53:33,261] {scheduler_job.py:629} INFO - Processing file /home/prathamesh/PycharmProjects/airflow-basic/venv/lib/python3.8/site-packages/airflow/example_dags/example_trigger_target_dag.py for tasks to queue
[2021-03-31 01:53:33,262] {logging_mixin.py:104} INFO - [2021-03-31 01:53:33,262] {dagbag.py:448} INFO - Filling up the DagBag from /home/prathamesh/PycharmProjects/airflow-basic/venv/lib/python3.8/site-packages/airflow/example_dags/example_trigger_target_dag.py
[2021-03-31 01:53:33,274] {scheduler_job.py:639} INFO - DAG(s) dict_keys(['example_trigger_target_dag']) retrieved from /home/prathamesh/PycharmProjects/airflow-basic/venv/lib/python3.8/site-packages/airflow/example_dags/example_trigger_target_dag.py
[2021-03-31 01:53:33,290] {logging_mixin.py:104} INFO - [2021-03-31 01:53:33,290] {dag.py:1818} INFO - Sync 1 DAGs
[2021-03-31 01:53:33,299] {logging_mixin.py:104} INFO - [2021-03-31 01:53:33,299] {dag.py:2273} INFO - Setting next_dagrun for example_trigger_target_dag to None
[2021-03-31 01:53:33,308] {scheduler_job.py:190} INFO - Processing /home/prathamesh/PycharmProjects/airflow-basic/venv/lib/python3.8/site-packages/airflow/example_dags/example_trigger_target_dag.py took 0.052 seconds
[2021-03-31 01:54:14,364] {scheduler_job.py:182} INFO - Started process (PID=12881) to work on /home/prathamesh/PycharmProjects/airflow-basic/venv/lib/python3.8/site-packages/airflow/example_dags/example_trigger_target_dag.py
[2021-03-31 01:54:14,366] {scheduler_job.py:629} INFO - Processing file /home/prathamesh/PycharmProjects/airflow-basic/venv/lib/python3.8/site-packages/airflow/example_dags/example_trigger_target_dag.py for tasks to queue
[2021-03-31 01:54:14,366] {logging_mixin.py:104} INFO - [2021-03-31 01:54:14,366] {dagbag.py:448} INFO - Filling up the DagBag from /home/prathamesh/PycharmProjects/airflow-basic/venv/lib/python3.8/site-packages/airflow/example_dags/example_trigger_target_dag.py
[2021-03-31 01:54:14,387] {scheduler_job.py:639} INFO - DAG(s) dict_keys(['example_trigger_target_dag']) retrieved from /home/prathamesh/PycharmProjects/airflow-basic/venv/lib/python3.8/site-packages/airflow/example_dags/example_trigger_target_dag.py
[2021-03-31 01:54:14,413] {logging_mixin.py:104} INFO - [2021-03-31 01:54:14,413] {dag.py:1818} INFO - Sync 1 DAGs
[2021-03-31 01:54:14,427] {logging_mixin.py:104} INFO - [2021-03-31 01:54:14,427] {dag.py:2273} INFO - Setting next_dagrun for example_trigger_target_dag to None
[2021-03-31 01:54:14,438] {scheduler_job.py:190} INFO - Processing /home/prathamesh/PycharmProjects/airflow-basic/venv/lib/python3.8/site-packages/airflow/example_dags/example_trigger_target_dag.py took 0.082 seconds
[2021-03-31 01:54:50,263] {scheduler_job.py:182} INFO - Started process (PID=12916) to work on /home/prathamesh/PycharmProjects/airflow-basic/venv/lib/python3.8/site-packages/airflow/example_dags/example_trigger_target_dag.py
[2021-03-31 01:54:50,290] {scheduler_job.py:629} INFO - Processing file /home/prathamesh/PycharmProjects/airflow-basic/venv/lib/python3.8/site-packages/airflow/example_dags/example_trigger_target_dag.py for tasks to queue
[2021-03-31 01:54:50,291] {logging_mixin.py:104} INFO - [2021-03-31 01:54:50,290] {dagbag.py:448} INFO - Filling up the DagBag from /home/prathamesh/PycharmProjects/airflow-basic/venv/lib/python3.8/site-packages/airflow/example_dags/example_trigger_target_dag.py
[2021-03-31 01:54:50,349] {scheduler_job.py:639} INFO - DAG(s) dict_keys(['example_trigger_target_dag']) retrieved from /home/prathamesh/PycharmProjects/airflow-basic/venv/lib/python3.8/site-packages/airflow/example_dags/example_trigger_target_dag.py
[2021-03-31 01:54:50,460] {logging_mixin.py:104} INFO - [2021-03-31 01:54:50,460] {dag.py:1818} INFO - Sync 1 DAGs
[2021-03-31 01:54:50,476] {logging_mixin.py:104} INFO - [2021-03-31 01:54:50,476] {dag.py:2273} INFO - Setting next_dagrun for example_trigger_target_dag to None
[2021-03-31 01:54:50,576] {scheduler_job.py:190} INFO - Processing /home/prathamesh/PycharmProjects/airflow-basic/venv/lib/python3.8/site-packages/airflow/example_dags/example_trigger_target_dag.py took 0.317 seconds
[2021-03-31 01:55:40,870] {scheduler_job.py:182} INFO - Started process (PID=12984) to work on /home/prathamesh/PycharmProjects/airflow-basic/venv/lib/python3.8/site-packages/airflow/example_dags/example_trigger_target_dag.py
[2021-03-31 01:55:40,886] {scheduler_job.py:629} INFO - Processing file /home/prathamesh/PycharmProjects/airflow-basic/venv/lib/python3.8/site-packages/airflow/example_dags/example_trigger_target_dag.py for tasks to queue
[2021-03-31 01:55:40,887] {logging_mixin.py:104} INFO - [2021-03-31 01:55:40,887] {dagbag.py:448} INFO - Filling up the DagBag from /home/prathamesh/PycharmProjects/airflow-basic/venv/lib/python3.8/site-packages/airflow/example_dags/example_trigger_target_dag.py
[2021-03-31 01:55:40,921] {scheduler_job.py:639} INFO - DAG(s) dict_keys(['example_trigger_target_dag']) retrieved from /home/prathamesh/PycharmProjects/airflow-basic/venv/lib/python3.8/site-packages/airflow/example_dags/example_trigger_target_dag.py
[2021-03-31 01:55:41,004] {logging_mixin.py:104} INFO - [2021-03-31 01:55:41,004] {dag.py:1818} INFO - Sync 1 DAGs
[2021-03-31 01:55:41,049] {logging_mixin.py:104} INFO - [2021-03-31 01:55:41,049] {dag.py:2273} INFO - Setting next_dagrun for example_trigger_target_dag to None
[2021-03-31 01:55:41,082] {scheduler_job.py:190} INFO - Processing /home/prathamesh/PycharmProjects/airflow-basic/venv/lib/python3.8/site-packages/airflow/example_dags/example_trigger_target_dag.py took 0.222 seconds
[2021-03-31 01:56:19,513] {scheduler_job.py:182} INFO - Started process (PID=13046) to work on /home/prathamesh/PycharmProjects/airflow-basic/venv/lib/python3.8/site-packages/airflow/example_dags/example_trigger_target_dag.py
[2021-03-31 01:56:19,514] {scheduler_job.py:629} INFO - Processing file /home/prathamesh/PycharmProjects/airflow-basic/venv/lib/python3.8/site-packages/airflow/example_dags/example_trigger_target_dag.py for tasks to queue
[2021-03-31 01:56:19,515] {logging_mixin.py:104} INFO - [2021-03-31 01:56:19,515] {dagbag.py:448} INFO - Filling up the DagBag from /home/prathamesh/PycharmProjects/airflow-basic/venv/lib/python3.8/site-packages/airflow/example_dags/example_trigger_target_dag.py
[2021-03-31 01:56:19,542] {scheduler_job.py:639} INFO - DAG(s) dict_keys(['example_trigger_target_dag']) retrieved from /home/prathamesh/PycharmProjects/airflow-basic/venv/lib/python3.8/site-packages/airflow/example_dags/example_trigger_target_dag.py
[2021-03-31 01:56:19,562] {logging_mixin.py:104} INFO - [2021-03-31 01:56:19,562] {dag.py:1818} INFO - Sync 1 DAGs
[2021-03-31 01:56:19,578] {logging_mixin.py:104} INFO - [2021-03-31 01:56:19,578] {dag.py:2273} INFO - Setting next_dagrun for example_trigger_target_dag to None
[2021-03-31 01:56:19,591] {scheduler_job.py:190} INFO - Processing /home/prathamesh/PycharmProjects/airflow-basic/venv/lib/python3.8/site-packages/airflow/example_dags/example_trigger_target_dag.py took 0.087 seconds
[2021-03-31 01:57:06,828] {scheduler_job.py:182} INFO - Started process (PID=13088) to work on /home/prathamesh/PycharmProjects/airflow-basic/venv/lib/python3.8/site-packages/airflow/example_dags/example_trigger_target_dag.py
[2021-03-31 01:57:06,832] {scheduler_job.py:629} INFO - Processing file /home/prathamesh/PycharmProjects/airflow-basic/venv/lib/python3.8/site-packages/airflow/example_dags/example_trigger_target_dag.py for tasks to queue
[2021-03-31 01:57:06,833] {logging_mixin.py:104} INFO - [2021-03-31 01:57:06,833] {dagbag.py:448} INFO - Filling up the DagBag from /home/prathamesh/PycharmProjects/airflow-basic/venv/lib/python3.8/site-packages/airflow/example_dags/example_trigger_target_dag.py
[2021-03-31 01:57:06,854] {scheduler_job.py:639} INFO - DAG(s) dict_keys(['example_trigger_target_dag']) retrieved from /home/prathamesh/PycharmProjects/airflow-basic/venv/lib/python3.8/site-packages/airflow/example_dags/example_trigger_target_dag.py
[2021-03-31 01:57:06,871] {logging_mixin.py:104} INFO - [2021-03-31 01:57:06,869] {dag.py:1818} INFO - Sync 1 DAGs
[2021-03-31 01:57:06,888] {logging_mixin.py:104} INFO - [2021-03-31 01:57:06,888] {dag.py:2273} INFO - Setting next_dagrun for example_trigger_target_dag to None
[2021-03-31 01:57:06,897] {scheduler_job.py:190} INFO - Processing /home/prathamesh/PycharmProjects/airflow-basic/venv/lib/python3.8/site-packages/airflow/example_dags/example_trigger_target_dag.py took 0.073 seconds
[2021-03-31 01:57:47,898] {scheduler_job.py:182} INFO - Started process (PID=13136) to work on /home/prathamesh/PycharmProjects/airflow-basic/venv/lib/python3.8/site-packages/airflow/example_dags/example_trigger_target_dag.py
[2021-03-31 01:57:47,900] {scheduler_job.py:629} INFO - Processing file /home/prathamesh/PycharmProjects/airflow-basic/venv/lib/python3.8/site-packages/airflow/example_dags/example_trigger_target_dag.py for tasks to queue
[2021-03-31 01:57:47,900] {logging_mixin.py:104} INFO - [2021-03-31 01:57:47,900] {dagbag.py:448} INFO - Filling up the DagBag from /home/prathamesh/PycharmProjects/airflow-basic/venv/lib/python3.8/site-packages/airflow/example_dags/example_trigger_target_dag.py
[2021-03-31 01:57:47,917] {scheduler_job.py:639} INFO - DAG(s) dict_keys(['example_trigger_target_dag']) retrieved from /home/prathamesh/PycharmProjects/airflow-basic/venv/lib/python3.8/site-packages/airflow/example_dags/example_trigger_target_dag.py
[2021-03-31 01:57:47,929] {logging_mixin.py:104} INFO - [2021-03-31 01:57:47,929] {dag.py:1818} INFO - Sync 1 DAGs
[2021-03-31 01:57:47,970] {logging_mixin.py:104} INFO - [2021-03-31 01:57:47,970] {dag.py:2273} INFO - Setting next_dagrun for example_trigger_target_dag to None
[2021-03-31 01:57:48,004] {scheduler_job.py:190} INFO - Processing /home/prathamesh/PycharmProjects/airflow-basic/venv/lib/python3.8/site-packages/airflow/example_dags/example_trigger_target_dag.py took 0.125 seconds
[2021-03-31 02:52:16,515] {scheduler_job.py:182} INFO - Started process (PID=13926) to work on /home/prathamesh/PycharmProjects/airflow-basic/venv/lib/python3.8/site-packages/airflow/example_dags/example_trigger_target_dag.py
[2021-03-31 02:52:16,515] {scheduler_job.py:629} INFO - Processing file /home/prathamesh/PycharmProjects/airflow-basic/venv/lib/python3.8/site-packages/airflow/example_dags/example_trigger_target_dag.py for tasks to queue
[2021-03-31 02:52:16,516] {logging_mixin.py:104} INFO - [2021-03-31 02:52:16,515] {dagbag.py:448} INFO - Filling up the DagBag from /home/prathamesh/PycharmProjects/airflow-basic/venv/lib/python3.8/site-packages/airflow/example_dags/example_trigger_target_dag.py
[2021-03-31 02:52:16,533] {scheduler_job.py:639} INFO - DAG(s) dict_keys(['example_trigger_target_dag']) retrieved from /home/prathamesh/PycharmProjects/airflow-basic/venv/lib/python3.8/site-packages/airflow/example_dags/example_trigger_target_dag.py
[2021-03-31 02:52:16,554] {logging_mixin.py:104} INFO - [2021-03-31 02:52:16,554] {dag.py:1818} INFO - Sync 1 DAGs
[2021-03-31 02:52:16,560] {logging_mixin.py:104} INFO - [2021-03-31 02:52:16,559] {dag.py:2273} INFO - Setting next_dagrun for example_trigger_target_dag to None
[2021-03-31 02:52:16,577] {scheduler_job.py:190} INFO - Processing /home/prathamesh/PycharmProjects/airflow-basic/venv/lib/python3.8/site-packages/airflow/example_dags/example_trigger_target_dag.py took 0.065 seconds
[2021-03-31 02:52:51,210] {scheduler_job.py:182} INFO - Started process (PID=14055) to work on /home/prathamesh/PycharmProjects/airflow-basic/venv/lib/python3.8/site-packages/airflow/example_dags/example_trigger_target_dag.py
[2021-03-31 02:52:51,212] {scheduler_job.py:629} INFO - Processing file /home/prathamesh/PycharmProjects/airflow-basic/venv/lib/python3.8/site-packages/airflow/example_dags/example_trigger_target_dag.py for tasks to queue
[2021-03-31 02:52:51,212] {logging_mixin.py:104} INFO - [2021-03-31 02:52:51,212] {dagbag.py:448} INFO - Filling up the DagBag from /home/prathamesh/PycharmProjects/airflow-basic/venv/lib/python3.8/site-packages/airflow/example_dags/example_trigger_target_dag.py
[2021-03-31 02:52:51,222] {scheduler_job.py:639} INFO - DAG(s) dict_keys(['example_trigger_target_dag']) retrieved from /home/prathamesh/PycharmProjects/airflow-basic/venv/lib/python3.8/site-packages/airflow/example_dags/example_trigger_target_dag.py
[2021-03-31 02:52:51,240] {logging_mixin.py:104} INFO - [2021-03-31 02:52:51,240] {dag.py:1818} INFO - Sync 1 DAGs
[2021-03-31 02:52:51,249] {logging_mixin.py:104} INFO - [2021-03-31 02:52:51,249] {dag.py:2273} INFO - Setting next_dagrun for example_trigger_target_dag to None
[2021-03-31 02:52:51,254] {scheduler_job.py:190} INFO - Processing /home/prathamesh/PycharmProjects/airflow-basic/venv/lib/python3.8/site-packages/airflow/example_dags/example_trigger_target_dag.py took 0.048 seconds
[2021-03-31 02:53:34,244] {scheduler_job.py:182} INFO - Started process (PID=14189) to work on /home/prathamesh/PycharmProjects/airflow-basic/venv/lib/python3.8/site-packages/airflow/example_dags/example_trigger_target_dag.py
[2021-03-31 02:53:34,245] {scheduler_job.py:629} INFO - Processing file /home/prathamesh/PycharmProjects/airflow-basic/venv/lib/python3.8/site-packages/airflow/example_dags/example_trigger_target_dag.py for tasks to queue
[2021-03-31 02:53:34,245] {logging_mixin.py:104} INFO - [2021-03-31 02:53:34,245] {dagbag.py:448} INFO - Filling up the DagBag from /home/prathamesh/PycharmProjects/airflow-basic/venv/lib/python3.8/site-packages/airflow/example_dags/example_trigger_target_dag.py
[2021-03-31 02:53:34,252] {scheduler_job.py:639} INFO - DAG(s) dict_keys(['example_trigger_target_dag']) retrieved from /home/prathamesh/PycharmProjects/airflow-basic/venv/lib/python3.8/site-packages/airflow/example_dags/example_trigger_target_dag.py
[2021-03-31 02:53:34,261] {logging_mixin.py:104} INFO - [2021-03-31 02:53:34,261] {dag.py:1818} INFO - Sync 1 DAGs
[2021-03-31 02:53:34,269] {logging_mixin.py:104} INFO - [2021-03-31 02:53:34,269] {dag.py:2273} INFO - Setting next_dagrun for example_trigger_target_dag to None
[2021-03-31 02:53:34,274] {scheduler_job.py:190} INFO - Processing /home/prathamesh/PycharmProjects/airflow-basic/venv/lib/python3.8/site-packages/airflow/example_dags/example_trigger_target_dag.py took 0.032 seconds
[2021-03-31 02:54:13,551] {scheduler_job.py:182} INFO - Started process (PID=14333) to work on /home/prathamesh/PycharmProjects/airflow-basic/venv/lib/python3.8/site-packages/airflow/example_dags/example_trigger_target_dag.py
[2021-03-31 02:54:13,552] {scheduler_job.py:629} INFO - Processing file /home/prathamesh/PycharmProjects/airflow-basic/venv/lib/python3.8/site-packages/airflow/example_dags/example_trigger_target_dag.py for tasks to queue
[2021-03-31 02:54:13,553] {logging_mixin.py:104} INFO - [2021-03-31 02:54:13,553] {dagbag.py:448} INFO - Filling up the DagBag from /home/prathamesh/PycharmProjects/airflow-basic/venv/lib/python3.8/site-packages/airflow/example_dags/example_trigger_target_dag.py
[2021-03-31 02:54:13,573] {scheduler_job.py:639} INFO - DAG(s) dict_keys(['example_trigger_target_dag']) retrieved from /home/prathamesh/PycharmProjects/airflow-basic/venv/lib/python3.8/site-packages/airflow/example_dags/example_trigger_target_dag.py
[2021-03-31 02:54:13,611] {logging_mixin.py:104} INFO - [2021-03-31 02:54:13,611] {dag.py:1818} INFO - Sync 1 DAGs
[2021-03-31 02:54:13,617] {logging_mixin.py:104} INFO - [2021-03-31 02:54:13,617] {dag.py:2273} INFO - Setting next_dagrun for example_trigger_target_dag to None
[2021-03-31 02:54:13,638] {scheduler_job.py:190} INFO - Processing /home/prathamesh/PycharmProjects/airflow-basic/venv/lib/python3.8/site-packages/airflow/example_dags/example_trigger_target_dag.py took 0.089 seconds
[2021-03-31 02:54:50,600] {scheduler_job.py:182} INFO - Started process (PID=14467) to work on /home/prathamesh/PycharmProjects/airflow-basic/venv/lib/python3.8/site-packages/airflow/example_dags/example_trigger_target_dag.py
[2021-03-31 02:54:50,607] {scheduler_job.py:629} INFO - Processing file /home/prathamesh/PycharmProjects/airflow-basic/venv/lib/python3.8/site-packages/airflow/example_dags/example_trigger_target_dag.py for tasks to queue
[2021-03-31 02:54:50,608] {logging_mixin.py:104} INFO - [2021-03-31 02:54:50,608] {dagbag.py:448} INFO - Filling up the DagBag from /home/prathamesh/PycharmProjects/airflow-basic/venv/lib/python3.8/site-packages/airflow/example_dags/example_trigger_target_dag.py
[2021-03-31 02:54:50,614] {scheduler_job.py:639} INFO - DAG(s) dict_keys(['example_trigger_target_dag']) retrieved from /home/prathamesh/PycharmProjects/airflow-basic/venv/lib/python3.8/site-packages/airflow/example_dags/example_trigger_target_dag.py
[2021-03-31 02:54:50,645] {logging_mixin.py:104} INFO - [2021-03-31 02:54:50,645] {dag.py:1818} INFO - Sync 1 DAGs
[2021-03-31 02:54:50,652] {logging_mixin.py:104} INFO - [2021-03-31 02:54:50,652] {dag.py:2273} INFO - Setting next_dagrun for example_trigger_target_dag to None
[2021-03-31 02:54:50,657] {scheduler_job.py:190} INFO - Processing /home/prathamesh/PycharmProjects/airflow-basic/venv/lib/python3.8/site-packages/airflow/example_dags/example_trigger_target_dag.py took 0.059 seconds
[2021-03-31 02:56:47,432] {scheduler_job.py:182} INFO - Started process (PID=14774) to work on /home/prathamesh/PycharmProjects/airflow-basic/venv/lib/python3.8/site-packages/airflow/example_dags/example_trigger_target_dag.py
[2021-03-31 02:56:47,433] {scheduler_job.py:629} INFO - Processing file /home/prathamesh/PycharmProjects/airflow-basic/venv/lib/python3.8/site-packages/airflow/example_dags/example_trigger_target_dag.py for tasks to queue
[2021-03-31 02:56:47,433] {logging_mixin.py:104} INFO - [2021-03-31 02:56:47,433] {dagbag.py:448} INFO - Filling up the DagBag from /home/prathamesh/PycharmProjects/airflow-basic/venv/lib/python3.8/site-packages/airflow/example_dags/example_trigger_target_dag.py
[2021-03-31 02:56:47,440] {scheduler_job.py:639} INFO - DAG(s) dict_keys(['example_trigger_target_dag']) retrieved from /home/prathamesh/PycharmProjects/airflow-basic/venv/lib/python3.8/site-packages/airflow/example_dags/example_trigger_target_dag.py
[2021-03-31 02:56:47,449] {logging_mixin.py:104} INFO - [2021-03-31 02:56:47,449] {dag.py:1818} INFO - Sync 1 DAGs
[2021-03-31 02:56:47,455] {logging_mixin.py:104} INFO - [2021-03-31 02:56:47,455] {dag.py:2273} INFO - Setting next_dagrun for example_trigger_target_dag to None
[2021-03-31 02:56:47,459] {scheduler_job.py:190} INFO - Processing /home/prathamesh/PycharmProjects/airflow-basic/venv/lib/python3.8/site-packages/airflow/example_dags/example_trigger_target_dag.py took 0.029 seconds
[2021-03-31 02:57:23,821] {scheduler_job.py:182} INFO - Started process (PID=14910) to work on /home/prathamesh/PycharmProjects/airflow-basic/venv/lib/python3.8/site-packages/airflow/example_dags/example_trigger_target_dag.py
[2021-03-31 02:57:23,822] {scheduler_job.py:629} INFO - Processing file /home/prathamesh/PycharmProjects/airflow-basic/venv/lib/python3.8/site-packages/airflow/example_dags/example_trigger_target_dag.py for tasks to queue
[2021-03-31 02:57:23,822] {logging_mixin.py:104} INFO - [2021-03-31 02:57:23,822] {dagbag.py:448} INFO - Filling up the DagBag from /home/prathamesh/PycharmProjects/airflow-basic/venv/lib/python3.8/site-packages/airflow/example_dags/example_trigger_target_dag.py
[2021-03-31 02:57:23,829] {scheduler_job.py:639} INFO - DAG(s) dict_keys(['example_trigger_target_dag']) retrieved from /home/prathamesh/PycharmProjects/airflow-basic/venv/lib/python3.8/site-packages/airflow/example_dags/example_trigger_target_dag.py
[2021-03-31 02:57:23,854] {logging_mixin.py:104} INFO - [2021-03-31 02:57:23,854] {dag.py:1818} INFO - Sync 1 DAGs
[2021-03-31 02:57:23,860] {logging_mixin.py:104} INFO - [2021-03-31 02:57:23,860] {dag.py:2273} INFO - Setting next_dagrun for example_trigger_target_dag to None
[2021-03-31 02:57:23,877] {scheduler_job.py:190} INFO - Processing /home/prathamesh/PycharmProjects/airflow-basic/venv/lib/python3.8/site-packages/airflow/example_dags/example_trigger_target_dag.py took 0.070 seconds
[2021-03-31 02:58:03,073] {scheduler_job.py:182} INFO - Started process (PID=15048) to work on /home/prathamesh/PycharmProjects/airflow-basic/venv/lib/python3.8/site-packages/airflow/example_dags/example_trigger_target_dag.py
[2021-03-31 02:58:03,074] {scheduler_job.py:629} INFO - Processing file /home/prathamesh/PycharmProjects/airflow-basic/venv/lib/python3.8/site-packages/airflow/example_dags/example_trigger_target_dag.py for tasks to queue
[2021-03-31 02:58:03,075] {logging_mixin.py:104} INFO - [2021-03-31 02:58:03,075] {dagbag.py:448} INFO - Filling up the DagBag from /home/prathamesh/PycharmProjects/airflow-basic/venv/lib/python3.8/site-packages/airflow/example_dags/example_trigger_target_dag.py
[2021-03-31 02:58:03,086] {scheduler_job.py:639} INFO - DAG(s) dict_keys(['example_trigger_target_dag']) retrieved from /home/prathamesh/PycharmProjects/airflow-basic/venv/lib/python3.8/site-packages/airflow/example_dags/example_trigger_target_dag.py
[2021-03-31 02:58:03,096] {logging_mixin.py:104} INFO - [2021-03-31 02:58:03,096] {dag.py:1818} INFO - Sync 1 DAGs
[2021-03-31 02:58:03,102] {logging_mixin.py:104} INFO - [2021-03-31 02:58:03,102] {dag.py:2273} INFO - Setting next_dagrun for example_trigger_target_dag to None
[2021-03-31 02:58:03,107] {scheduler_job.py:190} INFO - Processing /home/prathamesh/PycharmProjects/airflow-basic/venv/lib/python3.8/site-packages/airflow/example_dags/example_trigger_target_dag.py took 0.041 seconds
[2021-03-31 02:58:43,617] {scheduler_job.py:182} INFO - Started process (PID=15180) to work on /home/prathamesh/PycharmProjects/airflow-basic/venv/lib/python3.8/site-packages/airflow/example_dags/example_trigger_target_dag.py
[2021-03-31 02:58:43,618] {scheduler_job.py:629} INFO - Processing file /home/prathamesh/PycharmProjects/airflow-basic/venv/lib/python3.8/site-packages/airflow/example_dags/example_trigger_target_dag.py for tasks to queue
[2021-03-31 02:58:43,618] {logging_mixin.py:104} INFO - [2021-03-31 02:58:43,618] {dagbag.py:448} INFO - Filling up the DagBag from /home/prathamesh/PycharmProjects/airflow-basic/venv/lib/python3.8/site-packages/airflow/example_dags/example_trigger_target_dag.py
[2021-03-31 02:58:43,643] {scheduler_job.py:639} INFO - DAG(s) dict_keys(['example_trigger_target_dag']) retrieved from /home/prathamesh/PycharmProjects/airflow-basic/venv/lib/python3.8/site-packages/airflow/example_dags/example_trigger_target_dag.py
[2021-03-31 02:58:43,721] {logging_mixin.py:104} INFO - [2021-03-31 02:58:43,721] {dag.py:1818} INFO - Sync 1 DAGs
[2021-03-31 02:58:43,746] {logging_mixin.py:104} INFO - [2021-03-31 02:58:43,746] {dag.py:2273} INFO - Setting next_dagrun for example_trigger_target_dag to None
[2021-03-31 02:58:43,775] {scheduler_job.py:190} INFO - Processing /home/prathamesh/PycharmProjects/airflow-basic/venv/lib/python3.8/site-packages/airflow/example_dags/example_trigger_target_dag.py took 0.174 seconds
[2021-03-31 02:59:21,919] {scheduler_job.py:182} INFO - Started process (PID=15310) to work on /home/prathamesh/PycharmProjects/airflow-basic/venv/lib/python3.8/site-packages/airflow/example_dags/example_trigger_target_dag.py
[2021-03-31 02:59:21,920] {scheduler_job.py:629} INFO - Processing file /home/prathamesh/PycharmProjects/airflow-basic/venv/lib/python3.8/site-packages/airflow/example_dags/example_trigger_target_dag.py for tasks to queue
[2021-03-31 02:59:21,920] {logging_mixin.py:104} INFO - [2021-03-31 02:59:21,920] {dagbag.py:448} INFO - Filling up the DagBag from /home/prathamesh/PycharmProjects/airflow-basic/venv/lib/python3.8/site-packages/airflow/example_dags/example_trigger_target_dag.py
[2021-03-31 02:59:21,927] {scheduler_job.py:639} INFO - DAG(s) dict_keys(['example_trigger_target_dag']) retrieved from /home/prathamesh/PycharmProjects/airflow-basic/venv/lib/python3.8/site-packages/airflow/example_dags/example_trigger_target_dag.py
[2021-03-31 02:59:21,937] {logging_mixin.py:104} INFO - [2021-03-31 02:59:21,937] {dag.py:1818} INFO - Sync 1 DAGs
[2021-03-31 02:59:21,944] {logging_mixin.py:104} INFO - [2021-03-31 02:59:21,944] {dag.py:2273} INFO - Setting next_dagrun for example_trigger_target_dag to None
[2021-03-31 02:59:21,951] {scheduler_job.py:190} INFO - Processing /home/prathamesh/PycharmProjects/airflow-basic/venv/lib/python3.8/site-packages/airflow/example_dags/example_trigger_target_dag.py took 0.035 seconds
[2021-03-31 03:01:05,709] {scheduler_job.py:182} INFO - Started process (PID=16103) to work on /home/prathamesh/PycharmProjects/airflow-basic/venv/lib/python3.8/site-packages/airflow/example_dags/example_trigger_target_dag.py
[2021-03-31 03:01:05,710] {scheduler_job.py:629} INFO - Processing file /home/prathamesh/PycharmProjects/airflow-basic/venv/lib/python3.8/site-packages/airflow/example_dags/example_trigger_target_dag.py for tasks to queue
[2021-03-31 03:01:05,719] {logging_mixin.py:104} INFO - [2021-03-31 03:01:05,719] {dagbag.py:448} INFO - Filling up the DagBag from /home/prathamesh/PycharmProjects/airflow-basic/venv/lib/python3.8/site-packages/airflow/example_dags/example_trigger_target_dag.py
[2021-03-31 03:01:05,726] {scheduler_job.py:639} INFO - DAG(s) dict_keys(['example_trigger_target_dag']) retrieved from /home/prathamesh/PycharmProjects/airflow-basic/venv/lib/python3.8/site-packages/airflow/example_dags/example_trigger_target_dag.py
[2021-03-31 03:01:05,741] {logging_mixin.py:104} INFO - [2021-03-31 03:01:05,740] {dag.py:1818} INFO - Sync 1 DAGs
[2021-03-31 03:01:05,748] {logging_mixin.py:104} INFO - [2021-03-31 03:01:05,748] {dag.py:2273} INFO - Setting next_dagrun for example_trigger_target_dag to None
[2021-03-31 03:01:05,758] {scheduler_job.py:190} INFO - Processing /home/prathamesh/PycharmProjects/airflow-basic/venv/lib/python3.8/site-packages/airflow/example_dags/example_trigger_target_dag.py took 0.054 seconds
[2021-03-31 03:01:43,813] {scheduler_job.py:182} INFO - Started process (PID=16234) to work on /home/prathamesh/PycharmProjects/airflow-basic/venv/lib/python3.8/site-packages/airflow/example_dags/example_trigger_target_dag.py
[2021-03-31 03:01:43,814] {scheduler_job.py:629} INFO - Processing file /home/prathamesh/PycharmProjects/airflow-basic/venv/lib/python3.8/site-packages/airflow/example_dags/example_trigger_target_dag.py for tasks to queue
[2021-03-31 03:01:43,815] {logging_mixin.py:104} INFO - [2021-03-31 03:01:43,815] {dagbag.py:448} INFO - Filling up the DagBag from /home/prathamesh/PycharmProjects/airflow-basic/venv/lib/python3.8/site-packages/airflow/example_dags/example_trigger_target_dag.py
[2021-03-31 03:01:43,823] {scheduler_job.py:639} INFO - DAG(s) dict_keys(['example_trigger_target_dag']) retrieved from /home/prathamesh/PycharmProjects/airflow-basic/venv/lib/python3.8/site-packages/airflow/example_dags/example_trigger_target_dag.py
[2021-03-31 03:01:43,833] {logging_mixin.py:104} INFO - [2021-03-31 03:01:43,833] {dag.py:1818} INFO - Sync 1 DAGs
[2021-03-31 03:01:43,841] {logging_mixin.py:104} INFO - [2021-03-31 03:01:43,841] {dag.py:2273} INFO - Setting next_dagrun for example_trigger_target_dag to None
[2021-03-31 03:01:43,845] {scheduler_job.py:190} INFO - Processing /home/prathamesh/PycharmProjects/airflow-basic/venv/lib/python3.8/site-packages/airflow/example_dags/example_trigger_target_dag.py took 0.034 seconds
[2021-03-31 03:02:22,107] {scheduler_job.py:182} INFO - Started process (PID=16368) to work on /home/prathamesh/PycharmProjects/airflow-basic/venv/lib/python3.8/site-packages/airflow/example_dags/example_trigger_target_dag.py
[2021-03-31 03:02:22,108] {scheduler_job.py:629} INFO - Processing file /home/prathamesh/PycharmProjects/airflow-basic/venv/lib/python3.8/site-packages/airflow/example_dags/example_trigger_target_dag.py for tasks to queue
[2021-03-31 03:02:22,108] {logging_mixin.py:104} INFO - [2021-03-31 03:02:22,108] {dagbag.py:448} INFO - Filling up the DagBag from /home/prathamesh/PycharmProjects/airflow-basic/venv/lib/python3.8/site-packages/airflow/example_dags/example_trigger_target_dag.py
[2021-03-31 03:02:22,117] {scheduler_job.py:639} INFO - DAG(s) dict_keys(['example_trigger_target_dag']) retrieved from /home/prathamesh/PycharmProjects/airflow-basic/venv/lib/python3.8/site-packages/airflow/example_dags/example_trigger_target_dag.py
[2021-03-31 03:02:22,126] {logging_mixin.py:104} INFO - [2021-03-31 03:02:22,125] {dag.py:1818} INFO - Sync 1 DAGs
[2021-03-31 03:02:22,132] {logging_mixin.py:104} INFO - [2021-03-31 03:02:22,132] {dag.py:2273} INFO - Setting next_dagrun for example_trigger_target_dag to None
[2021-03-31 03:02:22,137] {scheduler_job.py:190} INFO - Processing /home/prathamesh/PycharmProjects/airflow-basic/venv/lib/python3.8/site-packages/airflow/example_dags/example_trigger_target_dag.py took 0.032 seconds
[2021-03-31 03:02:59,876] {scheduler_job.py:182} INFO - Started process (PID=16500) to work on /home/prathamesh/PycharmProjects/airflow-basic/venv/lib/python3.8/site-packages/airflow/example_dags/example_trigger_target_dag.py
[2021-03-31 03:02:59,877] {scheduler_job.py:629} INFO - Processing file /home/prathamesh/PycharmProjects/airflow-basic/venv/lib/python3.8/site-packages/airflow/example_dags/example_trigger_target_dag.py for tasks to queue
[2021-03-31 03:02:59,877] {logging_mixin.py:104} INFO - [2021-03-31 03:02:59,877] {dagbag.py:448} INFO - Filling up the DagBag from /home/prathamesh/PycharmProjects/airflow-basic/venv/lib/python3.8/site-packages/airflow/example_dags/example_trigger_target_dag.py
[2021-03-31 03:02:59,891] {scheduler_job.py:639} INFO - DAG(s) dict_keys(['example_trigger_target_dag']) retrieved from /home/prathamesh/PycharmProjects/airflow-basic/venv/lib/python3.8/site-packages/airflow/example_dags/example_trigger_target_dag.py
[2021-03-31 03:02:59,904] {logging_mixin.py:104} INFO - [2021-03-31 03:02:59,904] {dag.py:1818} INFO - Sync 1 DAGs
[2021-03-31 03:02:59,920] {logging_mixin.py:104} INFO - [2021-03-31 03:02:59,919] {dag.py:2273} INFO - Setting next_dagrun for example_trigger_target_dag to None
[2021-03-31 03:02:59,928] {scheduler_job.py:190} INFO - Processing /home/prathamesh/PycharmProjects/airflow-basic/venv/lib/python3.8/site-packages/airflow/example_dags/example_trigger_target_dag.py took 0.055 seconds
[2021-03-31 03:03:42,916] {scheduler_job.py:182} INFO - Started process (PID=16634) to work on /home/prathamesh/PycharmProjects/airflow-basic/venv/lib/python3.8/site-packages/airflow/example_dags/example_trigger_target_dag.py
[2021-03-31 03:03:42,918] {scheduler_job.py:629} INFO - Processing file /home/prathamesh/PycharmProjects/airflow-basic/venv/lib/python3.8/site-packages/airflow/example_dags/example_trigger_target_dag.py for tasks to queue
[2021-03-31 03:03:42,919] {logging_mixin.py:104} INFO - [2021-03-31 03:03:42,918] {dagbag.py:448} INFO - Filling up the DagBag from /home/prathamesh/PycharmProjects/airflow-basic/venv/lib/python3.8/site-packages/airflow/example_dags/example_trigger_target_dag.py
[2021-03-31 03:03:42,930] {scheduler_job.py:639} INFO - DAG(s) dict_keys(['example_trigger_target_dag']) retrieved from /home/prathamesh/PycharmProjects/airflow-basic/venv/lib/python3.8/site-packages/airflow/example_dags/example_trigger_target_dag.py
[2021-03-31 03:03:42,941] {logging_mixin.py:104} INFO - [2021-03-31 03:03:42,941] {dag.py:1818} INFO - Sync 1 DAGs
[2021-03-31 03:03:42,949] {logging_mixin.py:104} INFO - [2021-03-31 03:03:42,949] {dag.py:2273} INFO - Setting next_dagrun for example_trigger_target_dag to None
[2021-03-31 03:03:42,952] {scheduler_job.py:190} INFO - Processing /home/prathamesh/PycharmProjects/airflow-basic/venv/lib/python3.8/site-packages/airflow/example_dags/example_trigger_target_dag.py took 0.042 seconds
[2021-03-31 03:04:19,323] {scheduler_job.py:182} INFO - Started process (PID=16764) to work on /home/prathamesh/PycharmProjects/airflow-basic/venv/lib/python3.8/site-packages/airflow/example_dags/example_trigger_target_dag.py
[2021-03-31 03:04:19,336] {scheduler_job.py:629} INFO - Processing file /home/prathamesh/PycharmProjects/airflow-basic/venv/lib/python3.8/site-packages/airflow/example_dags/example_trigger_target_dag.py for tasks to queue
[2021-03-31 03:04:19,337] {logging_mixin.py:104} INFO - [2021-03-31 03:04:19,337] {dagbag.py:448} INFO - Filling up the DagBag from /home/prathamesh/PycharmProjects/airflow-basic/venv/lib/python3.8/site-packages/airflow/example_dags/example_trigger_target_dag.py
[2021-03-31 03:04:19,344] {scheduler_job.py:639} INFO - DAG(s) dict_keys(['example_trigger_target_dag']) retrieved from /home/prathamesh/PycharmProjects/airflow-basic/venv/lib/python3.8/site-packages/airflow/example_dags/example_trigger_target_dag.py
[2021-03-31 03:04:19,379] {logging_mixin.py:104} INFO - [2021-03-31 03:04:19,379] {dag.py:1818} INFO - Sync 1 DAGs
[2021-03-31 03:04:19,386] {logging_mixin.py:104} INFO - [2021-03-31 03:04:19,386] {dag.py:2273} INFO - Setting next_dagrun for example_trigger_target_dag to None
[2021-03-31 03:04:19,402] {scheduler_job.py:190} INFO - Processing /home/prathamesh/PycharmProjects/airflow-basic/venv/lib/python3.8/site-packages/airflow/example_dags/example_trigger_target_dag.py took 0.082 seconds
[2021-03-31 03:04:58,496] {scheduler_job.py:182} INFO - Started process (PID=16895) to work on /home/prathamesh/PycharmProjects/airflow-basic/venv/lib/python3.8/site-packages/airflow/example_dags/example_trigger_target_dag.py
[2021-03-31 03:04:58,505] {scheduler_job.py:629} INFO - Processing file /home/prathamesh/PycharmProjects/airflow-basic/venv/lib/python3.8/site-packages/airflow/example_dags/example_trigger_target_dag.py for tasks to queue
[2021-03-31 03:04:58,505] {logging_mixin.py:104} INFO - [2021-03-31 03:04:58,505] {dagbag.py:448} INFO - Filling up the DagBag from /home/prathamesh/PycharmProjects/airflow-basic/venv/lib/python3.8/site-packages/airflow/example_dags/example_trigger_target_dag.py
[2021-03-31 03:04:58,515] {scheduler_job.py:639} INFO - DAG(s) dict_keys(['example_trigger_target_dag']) retrieved from /home/prathamesh/PycharmProjects/airflow-basic/venv/lib/python3.8/site-packages/airflow/example_dags/example_trigger_target_dag.py
[2021-03-31 03:04:58,531] {logging_mixin.py:104} INFO - [2021-03-31 03:04:58,531] {dag.py:1818} INFO - Sync 1 DAGs
[2021-03-31 03:04:58,543] {logging_mixin.py:104} INFO - [2021-03-31 03:04:58,543] {dag.py:2273} INFO - Setting next_dagrun for example_trigger_target_dag to None
[2021-03-31 03:04:58,551] {scheduler_job.py:190} INFO - Processing /home/prathamesh/PycharmProjects/airflow-basic/venv/lib/python3.8/site-packages/airflow/example_dags/example_trigger_target_dag.py took 0.057 seconds
[2021-03-31 03:05:33,784] {scheduler_job.py:182} INFO - Started process (PID=17025) to work on /home/prathamesh/PycharmProjects/airflow-basic/venv/lib/python3.8/site-packages/airflow/example_dags/example_trigger_target_dag.py
[2021-03-31 03:05:33,785] {scheduler_job.py:629} INFO - Processing file /home/prathamesh/PycharmProjects/airflow-basic/venv/lib/python3.8/site-packages/airflow/example_dags/example_trigger_target_dag.py for tasks to queue
[2021-03-31 03:05:33,786] {logging_mixin.py:104} INFO - [2021-03-31 03:05:33,786] {dagbag.py:448} INFO - Filling up the DagBag from /home/prathamesh/PycharmProjects/airflow-basic/venv/lib/python3.8/site-packages/airflow/example_dags/example_trigger_target_dag.py
[2021-03-31 03:05:33,796] {scheduler_job.py:639} INFO - DAG(s) dict_keys(['example_trigger_target_dag']) retrieved from /home/prathamesh/PycharmProjects/airflow-basic/venv/lib/python3.8/site-packages/airflow/example_dags/example_trigger_target_dag.py
[2021-03-31 03:05:33,807] {logging_mixin.py:104} INFO - [2021-03-31 03:05:33,807] {dag.py:1818} INFO - Sync 1 DAGs
[2021-03-31 03:05:33,817] {logging_mixin.py:104} INFO - [2021-03-31 03:05:33,817] {dag.py:2273} INFO - Setting next_dagrun for example_trigger_target_dag to None
[2021-03-31 03:05:33,821] {scheduler_job.py:190} INFO - Processing /home/prathamesh/PycharmProjects/airflow-basic/venv/lib/python3.8/site-packages/airflow/example_dags/example_trigger_target_dag.py took 0.040 seconds
[2021-03-31 03:06:13,923] {scheduler_job.py:182} INFO - Started process (PID=17164) to work on /home/prathamesh/PycharmProjects/airflow-basic/venv/lib/python3.8/site-packages/airflow/example_dags/example_trigger_target_dag.py
[2021-03-31 03:06:13,924] {scheduler_job.py:629} INFO - Processing file /home/prathamesh/PycharmProjects/airflow-basic/venv/lib/python3.8/site-packages/airflow/example_dags/example_trigger_target_dag.py for tasks to queue
[2021-03-31 03:06:13,924] {logging_mixin.py:104} INFO - [2021-03-31 03:06:13,924] {dagbag.py:448} INFO - Filling up the DagBag from /home/prathamesh/PycharmProjects/airflow-basic/venv/lib/python3.8/site-packages/airflow/example_dags/example_trigger_target_dag.py
[2021-03-31 03:06:13,934] {scheduler_job.py:639} INFO - DAG(s) dict_keys(['example_trigger_target_dag']) retrieved from /home/prathamesh/PycharmProjects/airflow-basic/venv/lib/python3.8/site-packages/airflow/example_dags/example_trigger_target_dag.py
[2021-03-31 03:06:13,943] {logging_mixin.py:104} INFO - [2021-03-31 03:06:13,943] {dag.py:1818} INFO - Sync 1 DAGs
[2021-03-31 03:06:13,951] {logging_mixin.py:104} INFO - [2021-03-31 03:06:13,951] {dag.py:2273} INFO - Setting next_dagrun for example_trigger_target_dag to None
[2021-03-31 03:06:13,955] {scheduler_job.py:190} INFO - Processing /home/prathamesh/PycharmProjects/airflow-basic/venv/lib/python3.8/site-packages/airflow/example_dags/example_trigger_target_dag.py took 0.033 seconds
[2021-03-31 03:06:53,151] {scheduler_job.py:182} INFO - Started process (PID=17297) to work on /home/prathamesh/PycharmProjects/airflow-basic/venv/lib/python3.8/site-packages/airflow/example_dags/example_trigger_target_dag.py
[2021-03-31 03:06:53,176] {scheduler_job.py:629} INFO - Processing file /home/prathamesh/PycharmProjects/airflow-basic/venv/lib/python3.8/site-packages/airflow/example_dags/example_trigger_target_dag.py for tasks to queue
[2021-03-31 03:06:53,177] {logging_mixin.py:104} INFO - [2021-03-31 03:06:53,177] {dagbag.py:448} INFO - Filling up the DagBag from /home/prathamesh/PycharmProjects/airflow-basic/venv/lib/python3.8/site-packages/airflow/example_dags/example_trigger_target_dag.py
[2021-03-31 03:06:53,185] {scheduler_job.py:639} INFO - DAG(s) dict_keys(['example_trigger_target_dag']) retrieved from /home/prathamesh/PycharmProjects/airflow-basic/venv/lib/python3.8/site-packages/airflow/example_dags/example_trigger_target_dag.py
[2021-03-31 03:06:53,207] {logging_mixin.py:104} INFO - [2021-03-31 03:06:53,195] {dag.py:1818} INFO - Sync 1 DAGs
[2021-03-31 03:06:53,214] {logging_mixin.py:104} INFO - [2021-03-31 03:06:53,214] {dag.py:2273} INFO - Setting next_dagrun for example_trigger_target_dag to None
[2021-03-31 03:06:53,230] {scheduler_job.py:190} INFO - Processing /home/prathamesh/PycharmProjects/airflow-basic/venv/lib/python3.8/site-packages/airflow/example_dags/example_trigger_target_dag.py took 0.081 seconds
[2021-03-31 03:07:31,901] {scheduler_job.py:182} INFO - Started process (PID=17432) to work on /home/prathamesh/PycharmProjects/airflow-basic/venv/lib/python3.8/site-packages/airflow/example_dags/example_trigger_target_dag.py
[2021-03-31 03:07:31,902] {scheduler_job.py:629} INFO - Processing file /home/prathamesh/PycharmProjects/airflow-basic/venv/lib/python3.8/site-packages/airflow/example_dags/example_trigger_target_dag.py for tasks to queue
[2021-03-31 03:07:31,902] {logging_mixin.py:104} INFO - [2021-03-31 03:07:31,902] {dagbag.py:448} INFO - Filling up the DagBag from /home/prathamesh/PycharmProjects/airflow-basic/venv/lib/python3.8/site-packages/airflow/example_dags/example_trigger_target_dag.py
[2021-03-31 03:07:31,920] {scheduler_job.py:639} INFO - DAG(s) dict_keys(['example_trigger_target_dag']) retrieved from /home/prathamesh/PycharmProjects/airflow-basic/venv/lib/python3.8/site-packages/airflow/example_dags/example_trigger_target_dag.py
[2021-03-31 03:07:31,931] {logging_mixin.py:104} INFO - [2021-03-31 03:07:31,931] {dag.py:1818} INFO - Sync 1 DAGs
[2021-03-31 03:07:31,937] {logging_mixin.py:104} INFO - [2021-03-31 03:07:31,937] {dag.py:2273} INFO - Setting next_dagrun for example_trigger_target_dag to None
[2021-03-31 03:07:31,954] {scheduler_job.py:190} INFO - Processing /home/prathamesh/PycharmProjects/airflow-basic/venv/lib/python3.8/site-packages/airflow/example_dags/example_trigger_target_dag.py took 0.070 seconds
[2021-03-31 03:08:08,793] {scheduler_job.py:182} INFO - Started process (PID=17574) to work on /home/prathamesh/PycharmProjects/airflow-basic/venv/lib/python3.8/site-packages/airflow/example_dags/example_trigger_target_dag.py
[2021-03-31 03:08:08,793] {scheduler_job.py:629} INFO - Processing file /home/prathamesh/PycharmProjects/airflow-basic/venv/lib/python3.8/site-packages/airflow/example_dags/example_trigger_target_dag.py for tasks to queue
[2021-03-31 03:08:08,794] {logging_mixin.py:104} INFO - [2021-03-31 03:08:08,793] {dagbag.py:448} INFO - Filling up the DagBag from /home/prathamesh/PycharmProjects/airflow-basic/venv/lib/python3.8/site-packages/airflow/example_dags/example_trigger_target_dag.py
[2021-03-31 03:08:08,803] {scheduler_job.py:639} INFO - DAG(s) dict_keys(['example_trigger_target_dag']) retrieved from /home/prathamesh/PycharmProjects/airflow-basic/venv/lib/python3.8/site-packages/airflow/example_dags/example_trigger_target_dag.py
[2021-03-31 03:08:08,812] {logging_mixin.py:104} INFO - [2021-03-31 03:08:08,812] {dag.py:1818} INFO - Sync 1 DAGs
[2021-03-31 03:08:08,821] {logging_mixin.py:104} INFO - [2021-03-31 03:08:08,821] {dag.py:2273} INFO - Setting next_dagrun for example_trigger_target_dag to None
[2021-03-31 03:08:08,825] {scheduler_job.py:190} INFO - Processing /home/prathamesh/PycharmProjects/airflow-basic/venv/lib/python3.8/site-packages/airflow/example_dags/example_trigger_target_dag.py took 0.034 seconds
