[2021-03-31 01:48:40,422] {scheduler_job.py:182} INFO - Started process (PID=12584) to work on /home/prathamesh/PycharmProjects/airflow-basic/venv/lib/python3.8/site-packages/airflow/example_dags/example_branch_operator.py
[2021-03-31 01:48:40,423] {scheduler_job.py:629} INFO - Processing file /home/prathamesh/PycharmProjects/airflow-basic/venv/lib/python3.8/site-packages/airflow/example_dags/example_branch_operator.py for tasks to queue
[2021-03-31 01:48:40,424] {logging_mixin.py:104} INFO - [2021-03-31 01:48:40,424] {dagbag.py:448} INFO - Filling up the DagBag from /home/prathamesh/PycharmProjects/airflow-basic/venv/lib/python3.8/site-packages/airflow/example_dags/example_branch_operator.py
[2021-03-31 01:48:40,533] {scheduler_job.py:639} INFO - DAG(s) dict_keys(['example_branch_operator']) retrieved from /home/prathamesh/PycharmProjects/airflow-basic/venv/lib/python3.8/site-packages/airflow/example_dags/example_branch_operator.py
[2021-03-31 01:48:40,600] {logging_mixin.py:104} INFO - [2021-03-31 01:48:40,600] {dag.py:1818} INFO - Sync 1 DAGs
[2021-03-31 01:48:40,698] {logging_mixin.py:104} INFO - [2021-03-31 01:48:40,698] {dag.py:2273} INFO - Setting next_dagrun for example_branch_operator to 2021-03-29 00:00:00+00:00
[2021-03-31 01:48:40,751] {scheduler_job.py:190} INFO - Processing /home/prathamesh/PycharmProjects/airflow-basic/venv/lib/python3.8/site-packages/airflow/example_dags/example_branch_operator.py took 0.335 seconds
[2021-03-31 01:49:19,796] {scheduler_job.py:182} INFO - Started process (PID=12639) to work on /home/prathamesh/PycharmProjects/airflow-basic/venv/lib/python3.8/site-packages/airflow/example_dags/example_branch_operator.py
[2021-03-31 01:49:19,797] {scheduler_job.py:629} INFO - Processing file /home/prathamesh/PycharmProjects/airflow-basic/venv/lib/python3.8/site-packages/airflow/example_dags/example_branch_operator.py for tasks to queue
[2021-03-31 01:49:19,797] {logging_mixin.py:104} INFO - [2021-03-31 01:49:19,797] {dagbag.py:448} INFO - Filling up the DagBag from /home/prathamesh/PycharmProjects/airflow-basic/venv/lib/python3.8/site-packages/airflow/example_dags/example_branch_operator.py
[2021-03-31 01:49:19,807] {scheduler_job.py:639} INFO - DAG(s) dict_keys(['example_branch_operator']) retrieved from /home/prathamesh/PycharmProjects/airflow-basic/venv/lib/python3.8/site-packages/airflow/example_dags/example_branch_operator.py
[2021-03-31 01:49:19,820] {logging_mixin.py:104} INFO - [2021-03-31 01:49:19,820] {dag.py:1818} INFO - Sync 1 DAGs
[2021-03-31 01:49:19,833] {logging_mixin.py:104} INFO - [2021-03-31 01:49:19,833] {dag.py:2273} INFO - Setting next_dagrun for example_branch_operator to 2021-03-29 00:00:00+00:00
[2021-03-31 01:49:19,841] {scheduler_job.py:190} INFO - Processing /home/prathamesh/PycharmProjects/airflow-basic/venv/lib/python3.8/site-packages/airflow/example_dags/example_branch_operator.py took 0.048 seconds
[2021-03-31 01:49:54,942] {scheduler_job.py:182} INFO - Started process (PID=12674) to work on /home/prathamesh/PycharmProjects/airflow-basic/venv/lib/python3.8/site-packages/airflow/example_dags/example_branch_operator.py
[2021-03-31 01:49:54,970] {scheduler_job.py:629} INFO - Processing file /home/prathamesh/PycharmProjects/airflow-basic/venv/lib/python3.8/site-packages/airflow/example_dags/example_branch_operator.py for tasks to queue
[2021-03-31 01:49:54,971] {logging_mixin.py:104} INFO - [2021-03-31 01:49:54,971] {dagbag.py:448} INFO - Filling up the DagBag from /home/prathamesh/PycharmProjects/airflow-basic/venv/lib/python3.8/site-packages/airflow/example_dags/example_branch_operator.py
[2021-03-31 01:49:55,013] {scheduler_job.py:639} INFO - DAG(s) dict_keys(['example_branch_operator']) retrieved from /home/prathamesh/PycharmProjects/airflow-basic/venv/lib/python3.8/site-packages/airflow/example_dags/example_branch_operator.py
[2021-03-31 01:49:55,093] {logging_mixin.py:104} INFO - [2021-03-31 01:49:55,093] {dag.py:1818} INFO - Sync 1 DAGs
[2021-03-31 01:49:55,148] {logging_mixin.py:104} INFO - [2021-03-31 01:49:55,148] {dag.py:2273} INFO - Setting next_dagrun for example_branch_operator to 2021-03-29 00:00:00+00:00
[2021-03-31 01:49:55,198] {scheduler_job.py:190} INFO - Processing /home/prathamesh/PycharmProjects/airflow-basic/venv/lib/python3.8/site-packages/airflow/example_dags/example_branch_operator.py took 0.259 seconds
[2021-03-31 01:50:36,063] {scheduler_job.py:182} INFO - Started process (PID=12710) to work on /home/prathamesh/PycharmProjects/airflow-basic/venv/lib/python3.8/site-packages/airflow/example_dags/example_branch_operator.py
[2021-03-31 01:50:36,064] {scheduler_job.py:629} INFO - Processing file /home/prathamesh/PycharmProjects/airflow-basic/venv/lib/python3.8/site-packages/airflow/example_dags/example_branch_operator.py for tasks to queue
[2021-03-31 01:50:36,065] {logging_mixin.py:104} INFO - [2021-03-31 01:50:36,064] {dagbag.py:448} INFO - Filling up the DagBag from /home/prathamesh/PycharmProjects/airflow-basic/venv/lib/python3.8/site-packages/airflow/example_dags/example_branch_operator.py
[2021-03-31 01:50:36,075] {scheduler_job.py:639} INFO - DAG(s) dict_keys(['example_branch_operator']) retrieved from /home/prathamesh/PycharmProjects/airflow-basic/venv/lib/python3.8/site-packages/airflow/example_dags/example_branch_operator.py
[2021-03-31 01:50:36,087] {logging_mixin.py:104} INFO - [2021-03-31 01:50:36,087] {dag.py:1818} INFO - Sync 1 DAGs
[2021-03-31 01:50:36,103] {logging_mixin.py:104} INFO - [2021-03-31 01:50:36,103] {dag.py:2273} INFO - Setting next_dagrun for example_branch_operator to 2021-03-29 00:00:00+00:00
[2021-03-31 01:50:36,108] {scheduler_job.py:190} INFO - Processing /home/prathamesh/PycharmProjects/airflow-basic/venv/lib/python3.8/site-packages/airflow/example_dags/example_branch_operator.py took 0.047 seconds
[2021-03-31 01:53:23,964] {scheduler_job.py:182} INFO - Started process (PID=12814) to work on /home/prathamesh/PycharmProjects/airflow-basic/venv/lib/python3.8/site-packages/airflow/example_dags/example_branch_operator.py
[2021-03-31 01:53:23,966] {scheduler_job.py:629} INFO - Processing file /home/prathamesh/PycharmProjects/airflow-basic/venv/lib/python3.8/site-packages/airflow/example_dags/example_branch_operator.py for tasks to queue
[2021-03-31 01:53:23,966] {logging_mixin.py:104} INFO - [2021-03-31 01:53:23,966] {dagbag.py:448} INFO - Filling up the DagBag from /home/prathamesh/PycharmProjects/airflow-basic/venv/lib/python3.8/site-packages/airflow/example_dags/example_branch_operator.py
[2021-03-31 01:53:23,997] {scheduler_job.py:639} INFO - DAG(s) dict_keys(['example_branch_operator']) retrieved from /home/prathamesh/PycharmProjects/airflow-basic/venv/lib/python3.8/site-packages/airflow/example_dags/example_branch_operator.py
[2021-03-31 01:53:24,050] {logging_mixin.py:104} INFO - [2021-03-31 01:53:24,050] {dag.py:1818} INFO - Sync 1 DAGs
[2021-03-31 01:53:24,093] {logging_mixin.py:104} INFO - [2021-03-31 01:53:24,093] {dag.py:2273} INFO - Setting next_dagrun for example_branch_operator to 2021-03-29 00:00:00+00:00
[2021-03-31 01:53:24,143] {scheduler_job.py:190} INFO - Processing /home/prathamesh/PycharmProjects/airflow-basic/venv/lib/python3.8/site-packages/airflow/example_dags/example_branch_operator.py took 0.183 seconds
[2021-03-31 01:54:05,015] {scheduler_job.py:182} INFO - Started process (PID=12873) to work on /home/prathamesh/PycharmProjects/airflow-basic/venv/lib/python3.8/site-packages/airflow/example_dags/example_branch_operator.py
[2021-03-31 01:54:05,032] {scheduler_job.py:629} INFO - Processing file /home/prathamesh/PycharmProjects/airflow-basic/venv/lib/python3.8/site-packages/airflow/example_dags/example_branch_operator.py for tasks to queue
[2021-03-31 01:54:05,033] {logging_mixin.py:104} INFO - [2021-03-31 01:54:05,032] {dagbag.py:448} INFO - Filling up the DagBag from /home/prathamesh/PycharmProjects/airflow-basic/venv/lib/python3.8/site-packages/airflow/example_dags/example_branch_operator.py
[2021-03-31 01:54:05,091] {scheduler_job.py:639} INFO - DAG(s) dict_keys(['example_branch_operator']) retrieved from /home/prathamesh/PycharmProjects/airflow-basic/venv/lib/python3.8/site-packages/airflow/example_dags/example_branch_operator.py
[2021-03-31 01:54:05,126] {logging_mixin.py:104} INFO - [2021-03-31 01:54:05,126] {dag.py:1818} INFO - Sync 1 DAGs
[2021-03-31 01:54:05,179] {logging_mixin.py:104} INFO - [2021-03-31 01:54:05,178] {dag.py:2273} INFO - Setting next_dagrun for example_branch_operator to 2021-03-29 00:00:00+00:00
[2021-03-31 01:54:05,199] {scheduler_job.py:190} INFO - Processing /home/prathamesh/PycharmProjects/airflow-basic/venv/lib/python3.8/site-packages/airflow/example_dags/example_branch_operator.py took 0.188 seconds
[2021-03-31 01:54:43,350] {scheduler_job.py:182} INFO - Started process (PID=12907) to work on /home/prathamesh/PycharmProjects/airflow-basic/venv/lib/python3.8/site-packages/airflow/example_dags/example_branch_operator.py
[2021-03-31 01:54:43,352] {scheduler_job.py:629} INFO - Processing file /home/prathamesh/PycharmProjects/airflow-basic/venv/lib/python3.8/site-packages/airflow/example_dags/example_branch_operator.py for tasks to queue
[2021-03-31 01:54:43,353] {logging_mixin.py:104} INFO - [2021-03-31 01:54:43,353] {dagbag.py:448} INFO - Filling up the DagBag from /home/prathamesh/PycharmProjects/airflow-basic/venv/lib/python3.8/site-packages/airflow/example_dags/example_branch_operator.py
[2021-03-31 01:54:43,385] {scheduler_job.py:639} INFO - DAG(s) dict_keys(['example_branch_operator']) retrieved from /home/prathamesh/PycharmProjects/airflow-basic/venv/lib/python3.8/site-packages/airflow/example_dags/example_branch_operator.py
[2021-03-31 01:54:43,429] {logging_mixin.py:104} INFO - [2021-03-31 01:54:43,429] {dag.py:1818} INFO - Sync 1 DAGs
[2021-03-31 01:54:43,471] {logging_mixin.py:104} INFO - [2021-03-31 01:54:43,471] {dag.py:2273} INFO - Setting next_dagrun for example_branch_operator to 2021-03-29 00:00:00+00:00
[2021-03-31 01:54:43,516] {scheduler_job.py:190} INFO - Processing /home/prathamesh/PycharmProjects/airflow-basic/venv/lib/python3.8/site-packages/airflow/example_dags/example_branch_operator.py took 0.173 seconds
[2021-03-31 01:55:29,374] {scheduler_job.py:182} INFO - Started process (PID=12954) to work on /home/prathamesh/PycharmProjects/airflow-basic/venv/lib/python3.8/site-packages/airflow/example_dags/example_branch_operator.py
[2021-03-31 01:55:29,379] {scheduler_job.py:629} INFO - Processing file /home/prathamesh/PycharmProjects/airflow-basic/venv/lib/python3.8/site-packages/airflow/example_dags/example_branch_operator.py for tasks to queue
[2021-03-31 01:55:29,379] {logging_mixin.py:104} INFO - [2021-03-31 01:55:29,379] {dagbag.py:448} INFO - Filling up the DagBag from /home/prathamesh/PycharmProjects/airflow-basic/venv/lib/python3.8/site-packages/airflow/example_dags/example_branch_operator.py
[2021-03-31 01:55:29,438] {scheduler_job.py:639} INFO - DAG(s) dict_keys(['example_branch_operator']) retrieved from /home/prathamesh/PycharmProjects/airflow-basic/venv/lib/python3.8/site-packages/airflow/example_dags/example_branch_operator.py
[2021-03-31 01:55:29,509] {logging_mixin.py:104} INFO - [2021-03-31 01:55:29,509] {dag.py:1818} INFO - Sync 1 DAGs
[2021-03-31 01:55:29,609] {logging_mixin.py:104} INFO - [2021-03-31 01:55:29,609] {dag.py:2273} INFO - Setting next_dagrun for example_branch_operator to 2021-03-29 00:00:00+00:00
[2021-03-31 01:55:29,638] {scheduler_job.py:190} INFO - Processing /home/prathamesh/PycharmProjects/airflow-basic/venv/lib/python3.8/site-packages/airflow/example_dags/example_branch_operator.py took 0.283 seconds
[2021-03-31 01:56:11,647] {scheduler_job.py:182} INFO - Started process (PID=13039) to work on /home/prathamesh/PycharmProjects/airflow-basic/venv/lib/python3.8/site-packages/airflow/example_dags/example_branch_operator.py
[2021-03-31 01:56:11,648] {scheduler_job.py:629} INFO - Processing file /home/prathamesh/PycharmProjects/airflow-basic/venv/lib/python3.8/site-packages/airflow/example_dags/example_branch_operator.py for tasks to queue
[2021-03-31 01:56:11,649] {logging_mixin.py:104} INFO - [2021-03-31 01:56:11,649] {dagbag.py:448} INFO - Filling up the DagBag from /home/prathamesh/PycharmProjects/airflow-basic/venv/lib/python3.8/site-packages/airflow/example_dags/example_branch_operator.py
[2021-03-31 01:56:11,661] {scheduler_job.py:639} INFO - DAG(s) dict_keys(['example_branch_operator']) retrieved from /home/prathamesh/PycharmProjects/airflow-basic/venv/lib/python3.8/site-packages/airflow/example_dags/example_branch_operator.py
[2021-03-31 01:56:11,681] {logging_mixin.py:104} INFO - [2021-03-31 01:56:11,681] {dag.py:1818} INFO - Sync 1 DAGs
[2021-03-31 01:56:11,695] {logging_mixin.py:104} INFO - [2021-03-31 01:56:11,695] {dag.py:2273} INFO - Setting next_dagrun for example_branch_operator to 2021-03-29 00:00:00+00:00
[2021-03-31 01:56:11,704] {scheduler_job.py:190} INFO - Processing /home/prathamesh/PycharmProjects/airflow-basic/venv/lib/python3.8/site-packages/airflow/example_dags/example_branch_operator.py took 0.060 seconds
[2021-03-31 01:57:00,855] {scheduler_job.py:182} INFO - Started process (PID=13083) to work on /home/prathamesh/PycharmProjects/airflow-basic/venv/lib/python3.8/site-packages/airflow/example_dags/example_branch_operator.py
[2021-03-31 01:57:00,877] {scheduler_job.py:629} INFO - Processing file /home/prathamesh/PycharmProjects/airflow-basic/venv/lib/python3.8/site-packages/airflow/example_dags/example_branch_operator.py for tasks to queue
[2021-03-31 01:57:00,878] {logging_mixin.py:104} INFO - [2021-03-31 01:57:00,878] {dagbag.py:448} INFO - Filling up the DagBag from /home/prathamesh/PycharmProjects/airflow-basic/venv/lib/python3.8/site-packages/airflow/example_dags/example_branch_operator.py
[2021-03-31 01:57:00,955] {scheduler_job.py:639} INFO - DAG(s) dict_keys(['example_branch_operator']) retrieved from /home/prathamesh/PycharmProjects/airflow-basic/venv/lib/python3.8/site-packages/airflow/example_dags/example_branch_operator.py
[2021-03-31 01:57:01,022] {logging_mixin.py:104} INFO - [2021-03-31 01:57:01,022] {dag.py:1818} INFO - Sync 1 DAGs
[2021-03-31 01:57:01,122] {logging_mixin.py:104} INFO - [2021-03-31 01:57:01,122] {dag.py:2273} INFO - Setting next_dagrun for example_branch_operator to 2021-03-29 00:00:00+00:00
[2021-03-31 01:57:01,143] {scheduler_job.py:190} INFO - Processing /home/prathamesh/PycharmProjects/airflow-basic/venv/lib/python3.8/site-packages/airflow/example_dags/example_branch_operator.py took 0.292 seconds
[2021-03-31 01:57:42,328] {scheduler_job.py:182} INFO - Started process (PID=13126) to work on /home/prathamesh/PycharmProjects/airflow-basic/venv/lib/python3.8/site-packages/airflow/example_dags/example_branch_operator.py
[2021-03-31 01:57:42,348] {scheduler_job.py:629} INFO - Processing file /home/prathamesh/PycharmProjects/airflow-basic/venv/lib/python3.8/site-packages/airflow/example_dags/example_branch_operator.py for tasks to queue
[2021-03-31 01:57:42,349] {logging_mixin.py:104} INFO - [2021-03-31 01:57:42,349] {dagbag.py:448} INFO - Filling up the DagBag from /home/prathamesh/PycharmProjects/airflow-basic/venv/lib/python3.8/site-packages/airflow/example_dags/example_branch_operator.py
[2021-03-31 01:57:42,384] {scheduler_job.py:639} INFO - DAG(s) dict_keys(['example_branch_operator']) retrieved from /home/prathamesh/PycharmProjects/airflow-basic/venv/lib/python3.8/site-packages/airflow/example_dags/example_branch_operator.py
[2021-03-31 01:57:42,410] {logging_mixin.py:104} INFO - [2021-03-31 01:57:42,410] {dag.py:1818} INFO - Sync 1 DAGs
[2021-03-31 01:57:42,450] {logging_mixin.py:104} INFO - [2021-03-31 01:57:42,450] {dag.py:2273} INFO - Setting next_dagrun for example_branch_operator to 2021-03-29 00:00:00+00:00
[2021-03-31 01:57:42,480] {scheduler_job.py:190} INFO - Processing /home/prathamesh/PycharmProjects/airflow-basic/venv/lib/python3.8/site-packages/airflow/example_dags/example_branch_operator.py took 0.156 seconds
[2021-03-31 02:51:44,346] {scheduler_job.py:182} INFO - Started process (PID=13758) to work on /home/prathamesh/PycharmProjects/airflow-basic/venv/lib/python3.8/site-packages/airflow/example_dags/example_branch_operator.py
[2021-03-31 02:51:44,347] {scheduler_job.py:629} INFO - Processing file /home/prathamesh/PycharmProjects/airflow-basic/venv/lib/python3.8/site-packages/airflow/example_dags/example_branch_operator.py for tasks to queue
[2021-03-31 02:51:44,347] {logging_mixin.py:104} INFO - [2021-03-31 02:51:44,347] {dagbag.py:448} INFO - Filling up the DagBag from /home/prathamesh/PycharmProjects/airflow-basic/venv/lib/python3.8/site-packages/airflow/example_dags/example_branch_operator.py
[2021-03-31 02:51:44,356] {scheduler_job.py:639} INFO - DAG(s) dict_keys(['example_branch_operator']) retrieved from /home/prathamesh/PycharmProjects/airflow-basic/venv/lib/python3.8/site-packages/airflow/example_dags/example_branch_operator.py
[2021-03-31 02:51:44,366] {logging_mixin.py:104} INFO - [2021-03-31 02:51:44,366] {dag.py:1818} INFO - Sync 1 DAGs
[2021-03-31 02:51:44,378] {logging_mixin.py:104} INFO - [2021-03-31 02:51:44,378] {dag.py:2273} INFO - Setting next_dagrun for example_branch_operator to 2021-03-29 00:00:00+00:00
[2021-03-31 02:51:44,399] {scheduler_job.py:190} INFO - Processing /home/prathamesh/PycharmProjects/airflow-basic/venv/lib/python3.8/site-packages/airflow/example_dags/example_branch_operator.py took 0.056 seconds
[2021-03-31 02:52:22,374] {scheduler_job.py:182} INFO - Started process (PID=13931) to work on /home/prathamesh/PycharmProjects/airflow-basic/venv/lib/python3.8/site-packages/airflow/example_dags/example_branch_operator.py
[2021-03-31 02:52:22,375] {scheduler_job.py:629} INFO - Processing file /home/prathamesh/PycharmProjects/airflow-basic/venv/lib/python3.8/site-packages/airflow/example_dags/example_branch_operator.py for tasks to queue
[2021-03-31 02:52:22,375] {logging_mixin.py:104} INFO - [2021-03-31 02:52:22,375] {dagbag.py:448} INFO - Filling up the DagBag from /home/prathamesh/PycharmProjects/airflow-basic/venv/lib/python3.8/site-packages/airflow/example_dags/example_branch_operator.py
[2021-03-31 02:52:22,384] {scheduler_job.py:639} INFO - DAG(s) dict_keys(['example_branch_operator']) retrieved from /home/prathamesh/PycharmProjects/airflow-basic/venv/lib/python3.8/site-packages/airflow/example_dags/example_branch_operator.py
[2021-03-31 02:52:22,395] {logging_mixin.py:104} INFO - [2021-03-31 02:52:22,395] {dag.py:1818} INFO - Sync 1 DAGs
[2021-03-31 02:52:22,406] {logging_mixin.py:104} INFO - [2021-03-31 02:52:22,406] {dag.py:2273} INFO - Setting next_dagrun for example_branch_operator to 2021-03-29 00:00:00+00:00
[2021-03-31 02:52:22,412] {scheduler_job.py:190} INFO - Processing /home/prathamesh/PycharmProjects/airflow-basic/venv/lib/python3.8/site-packages/airflow/example_dags/example_branch_operator.py took 0.041 seconds
[2021-03-31 02:52:57,512] {scheduler_job.py:182} INFO - Started process (PID=14062) to work on /home/prathamesh/PycharmProjects/airflow-basic/venv/lib/python3.8/site-packages/airflow/example_dags/example_branch_operator.py
[2021-03-31 02:52:57,512] {scheduler_job.py:629} INFO - Processing file /home/prathamesh/PycharmProjects/airflow-basic/venv/lib/python3.8/site-packages/airflow/example_dags/example_branch_operator.py for tasks to queue
[2021-03-31 02:52:57,513] {logging_mixin.py:104} INFO - [2021-03-31 02:52:57,513] {dagbag.py:448} INFO - Filling up the DagBag from /home/prathamesh/PycharmProjects/airflow-basic/venv/lib/python3.8/site-packages/airflow/example_dags/example_branch_operator.py
[2021-03-31 02:52:57,521] {scheduler_job.py:639} INFO - DAG(s) dict_keys(['example_branch_operator']) retrieved from /home/prathamesh/PycharmProjects/airflow-basic/venv/lib/python3.8/site-packages/airflow/example_dags/example_branch_operator.py
[2021-03-31 02:52:57,530] {logging_mixin.py:104} INFO - [2021-03-31 02:52:57,530] {dag.py:1818} INFO - Sync 1 DAGs
[2021-03-31 02:52:57,540] {logging_mixin.py:104} INFO - [2021-03-31 02:52:57,540] {dag.py:2273} INFO - Setting next_dagrun for example_branch_operator to 2021-03-29 00:00:00+00:00
[2021-03-31 02:52:57,547] {scheduler_job.py:190} INFO - Processing /home/prathamesh/PycharmProjects/airflow-basic/venv/lib/python3.8/site-packages/airflow/example_dags/example_branch_operator.py took 0.039 seconds
[2021-03-31 02:53:30,228] {scheduler_job.py:182} INFO - Started process (PID=14185) to work on /home/prathamesh/PycharmProjects/airflow-basic/venv/lib/python3.8/site-packages/airflow/example_dags/example_branch_operator.py
[2021-03-31 02:53:30,229] {scheduler_job.py:629} INFO - Processing file /home/prathamesh/PycharmProjects/airflow-basic/venv/lib/python3.8/site-packages/airflow/example_dags/example_branch_operator.py for tasks to queue
[2021-03-31 02:53:30,229] {logging_mixin.py:104} INFO - [2021-03-31 02:53:30,229] {dagbag.py:448} INFO - Filling up the DagBag from /home/prathamesh/PycharmProjects/airflow-basic/venv/lib/python3.8/site-packages/airflow/example_dags/example_branch_operator.py
[2021-03-31 02:53:30,238] {scheduler_job.py:639} INFO - DAG(s) dict_keys(['example_branch_operator']) retrieved from /home/prathamesh/PycharmProjects/airflow-basic/venv/lib/python3.8/site-packages/airflow/example_dags/example_branch_operator.py
[2021-03-31 02:53:30,248] {logging_mixin.py:104} INFO - [2021-03-31 02:53:30,248] {dag.py:1818} INFO - Sync 1 DAGs
[2021-03-31 02:53:30,258] {logging_mixin.py:104} INFO - [2021-03-31 02:53:30,258] {dag.py:2273} INFO - Setting next_dagrun for example_branch_operator to 2021-03-29 00:00:00+00:00
[2021-03-31 02:53:30,264] {scheduler_job.py:190} INFO - Processing /home/prathamesh/PycharmProjects/airflow-basic/venv/lib/python3.8/site-packages/airflow/example_dags/example_branch_operator.py took 0.038 seconds
[2021-03-31 02:54:09,667] {scheduler_job.py:182} INFO - Started process (PID=14328) to work on /home/prathamesh/PycharmProjects/airflow-basic/venv/lib/python3.8/site-packages/airflow/example_dags/example_branch_operator.py
[2021-03-31 02:54:09,668] {scheduler_job.py:629} INFO - Processing file /home/prathamesh/PycharmProjects/airflow-basic/venv/lib/python3.8/site-packages/airflow/example_dags/example_branch_operator.py for tasks to queue
[2021-03-31 02:54:09,668] {logging_mixin.py:104} INFO - [2021-03-31 02:54:09,668] {dagbag.py:448} INFO - Filling up the DagBag from /home/prathamesh/PycharmProjects/airflow-basic/venv/lib/python3.8/site-packages/airflow/example_dags/example_branch_operator.py
[2021-03-31 02:54:09,689] {scheduler_job.py:639} INFO - DAG(s) dict_keys(['example_branch_operator']) retrieved from /home/prathamesh/PycharmProjects/airflow-basic/venv/lib/python3.8/site-packages/airflow/example_dags/example_branch_operator.py
[2021-03-31 02:54:09,712] {logging_mixin.py:104} INFO - [2021-03-31 02:54:09,712] {dag.py:1818} INFO - Sync 1 DAGs
[2021-03-31 02:54:09,773] {logging_mixin.py:104} INFO - [2021-03-31 02:54:09,773] {dag.py:2273} INFO - Setting next_dagrun for example_branch_operator to 2021-03-29 00:00:00+00:00
[2021-03-31 02:54:09,789] {scheduler_job.py:190} INFO - Processing /home/prathamesh/PycharmProjects/airflow-basic/venv/lib/python3.8/site-packages/airflow/example_dags/example_branch_operator.py took 0.124 seconds
[2021-03-31 02:54:47,713] {scheduler_job.py:182} INFO - Started process (PID=14463) to work on /home/prathamesh/PycharmProjects/airflow-basic/venv/lib/python3.8/site-packages/airflow/example_dags/example_branch_operator.py
[2021-03-31 02:54:47,714] {scheduler_job.py:629} INFO - Processing file /home/prathamesh/PycharmProjects/airflow-basic/venv/lib/python3.8/site-packages/airflow/example_dags/example_branch_operator.py for tasks to queue
[2021-03-31 02:54:47,715] {logging_mixin.py:104} INFO - [2021-03-31 02:54:47,714] {dagbag.py:448} INFO - Filling up the DagBag from /home/prathamesh/PycharmProjects/airflow-basic/venv/lib/python3.8/site-packages/airflow/example_dags/example_branch_operator.py
[2021-03-31 02:54:47,730] {scheduler_job.py:639} INFO - DAG(s) dict_keys(['example_branch_operator']) retrieved from /home/prathamesh/PycharmProjects/airflow-basic/venv/lib/python3.8/site-packages/airflow/example_dags/example_branch_operator.py
[2021-03-31 02:54:47,749] {logging_mixin.py:104} INFO - [2021-03-31 02:54:47,749] {dag.py:1818} INFO - Sync 1 DAGs
[2021-03-31 02:54:47,761] {logging_mixin.py:104} INFO - [2021-03-31 02:54:47,761] {dag.py:2273} INFO - Setting next_dagrun for example_branch_operator to 2021-03-29 00:00:00+00:00
[2021-03-31 02:54:47,767] {scheduler_job.py:190} INFO - Processing /home/prathamesh/PycharmProjects/airflow-basic/venv/lib/python3.8/site-packages/airflow/example_dags/example_branch_operator.py took 0.058 seconds
[2021-03-31 02:55:26,697] {scheduler_job.py:182} INFO - Started process (PID=14597) to work on /home/prathamesh/PycharmProjects/airflow-basic/venv/lib/python3.8/site-packages/airflow/example_dags/example_branch_operator.py
[2021-03-31 02:55:26,698] {scheduler_job.py:629} INFO - Processing file /home/prathamesh/PycharmProjects/airflow-basic/venv/lib/python3.8/site-packages/airflow/example_dags/example_branch_operator.py for tasks to queue
[2021-03-31 02:55:26,698] {logging_mixin.py:104} INFO - [2021-03-31 02:55:26,698] {dagbag.py:448} INFO - Filling up the DagBag from /home/prathamesh/PycharmProjects/airflow-basic/venv/lib/python3.8/site-packages/airflow/example_dags/example_branch_operator.py
[2021-03-31 02:55:26,708] {scheduler_job.py:639} INFO - DAG(s) dict_keys(['example_branch_operator']) retrieved from /home/prathamesh/PycharmProjects/airflow-basic/venv/lib/python3.8/site-packages/airflow/example_dags/example_branch_operator.py
[2021-03-31 02:55:26,722] {logging_mixin.py:104} INFO - [2021-03-31 02:55:26,722] {dag.py:1818} INFO - Sync 1 DAGs
[2021-03-31 02:55:26,739] {logging_mixin.py:104} INFO - [2021-03-31 02:55:26,739] {dag.py:2273} INFO - Setting next_dagrun for example_branch_operator to 2021-03-29 00:00:00+00:00
[2021-03-31 02:55:26,743] {scheduler_job.py:190} INFO - Processing /home/prathamesh/PycharmProjects/airflow-basic/venv/lib/python3.8/site-packages/airflow/example_dags/example_branch_operator.py took 0.048 seconds
[2021-03-31 02:56:49,679] {scheduler_job.py:182} INFO - Started process (PID=14776) to work on /home/prathamesh/PycharmProjects/airflow-basic/venv/lib/python3.8/site-packages/airflow/example_dags/example_branch_operator.py
[2021-03-31 02:56:49,680] {scheduler_job.py:629} INFO - Processing file /home/prathamesh/PycharmProjects/airflow-basic/venv/lib/python3.8/site-packages/airflow/example_dags/example_branch_operator.py for tasks to queue
[2021-03-31 02:56:49,680] {logging_mixin.py:104} INFO - [2021-03-31 02:56:49,680] {dagbag.py:448} INFO - Filling up the DagBag from /home/prathamesh/PycharmProjects/airflow-basic/venv/lib/python3.8/site-packages/airflow/example_dags/example_branch_operator.py
[2021-03-31 02:56:49,689] {scheduler_job.py:639} INFO - DAG(s) dict_keys(['example_branch_operator']) retrieved from /home/prathamesh/PycharmProjects/airflow-basic/venv/lib/python3.8/site-packages/airflow/example_dags/example_branch_operator.py
[2021-03-31 02:56:49,701] {logging_mixin.py:104} INFO - [2021-03-31 02:56:49,701] {dag.py:1818} INFO - Sync 1 DAGs
[2021-03-31 02:56:49,717] {logging_mixin.py:104} INFO - [2021-03-31 02:56:49,717] {dag.py:2273} INFO - Setting next_dagrun for example_branch_operator to 2021-03-29 00:00:00+00:00
[2021-03-31 02:56:49,733] {scheduler_job.py:190} INFO - Processing /home/prathamesh/PycharmProjects/airflow-basic/venv/lib/python3.8/site-packages/airflow/example_dags/example_branch_operator.py took 0.056 seconds
[2021-03-31 02:57:29,379] {scheduler_job.py:182} INFO - Started process (PID=14917) to work on /home/prathamesh/PycharmProjects/airflow-basic/venv/lib/python3.8/site-packages/airflow/example_dags/example_branch_operator.py
[2021-03-31 02:57:29,388] {scheduler_job.py:629} INFO - Processing file /home/prathamesh/PycharmProjects/airflow-basic/venv/lib/python3.8/site-packages/airflow/example_dags/example_branch_operator.py for tasks to queue
[2021-03-31 02:57:29,388] {logging_mixin.py:104} INFO - [2021-03-31 02:57:29,388] {dagbag.py:448} INFO - Filling up the DagBag from /home/prathamesh/PycharmProjects/airflow-basic/venv/lib/python3.8/site-packages/airflow/example_dags/example_branch_operator.py
[2021-03-31 02:57:29,400] {scheduler_job.py:639} INFO - DAG(s) dict_keys(['example_branch_operator']) retrieved from /home/prathamesh/PycharmProjects/airflow-basic/venv/lib/python3.8/site-packages/airflow/example_dags/example_branch_operator.py
[2021-03-31 02:57:29,418] {logging_mixin.py:104} INFO - [2021-03-31 02:57:29,417] {dag.py:1818} INFO - Sync 1 DAGs
[2021-03-31 02:57:29,432] {logging_mixin.py:104} INFO - [2021-03-31 02:57:29,431] {dag.py:2273} INFO - Setting next_dagrun for example_branch_operator to 2021-03-29 00:00:00+00:00
[2021-03-31 02:57:29,443] {scheduler_job.py:190} INFO - Processing /home/prathamesh/PycharmProjects/airflow-basic/venv/lib/python3.8/site-packages/airflow/example_dags/example_branch_operator.py took 0.066 seconds
[2021-03-31 02:58:04,819] {scheduler_job.py:182} INFO - Started process (PID=15051) to work on /home/prathamesh/PycharmProjects/airflow-basic/venv/lib/python3.8/site-packages/airflow/example_dags/example_branch_operator.py
[2021-03-31 02:58:04,821] {scheduler_job.py:629} INFO - Processing file /home/prathamesh/PycharmProjects/airflow-basic/venv/lib/python3.8/site-packages/airflow/example_dags/example_branch_operator.py for tasks to queue
[2021-03-31 02:58:04,821] {logging_mixin.py:104} INFO - [2021-03-31 02:58:04,821] {dagbag.py:448} INFO - Filling up the DagBag from /home/prathamesh/PycharmProjects/airflow-basic/venv/lib/python3.8/site-packages/airflow/example_dags/example_branch_operator.py
[2021-03-31 02:58:04,833] {scheduler_job.py:639} INFO - DAG(s) dict_keys(['example_branch_operator']) retrieved from /home/prathamesh/PycharmProjects/airflow-basic/venv/lib/python3.8/site-packages/airflow/example_dags/example_branch_operator.py
[2021-03-31 02:58:04,846] {logging_mixin.py:104} INFO - [2021-03-31 02:58:04,846] {dag.py:1818} INFO - Sync 1 DAGs
[2021-03-31 02:58:04,856] {logging_mixin.py:104} INFO - [2021-03-31 02:58:04,856] {dag.py:2273} INFO - Setting next_dagrun for example_branch_operator to 2021-03-29 00:00:00+00:00
[2021-03-31 02:58:04,861] {scheduler_job.py:190} INFO - Processing /home/prathamesh/PycharmProjects/airflow-basic/venv/lib/python3.8/site-packages/airflow/example_dags/example_branch_operator.py took 0.046 seconds
[2021-03-31 02:58:46,168] {scheduler_job.py:182} INFO - Started process (PID=15182) to work on /home/prathamesh/PycharmProjects/airflow-basic/venv/lib/python3.8/site-packages/airflow/example_dags/example_branch_operator.py
[2021-03-31 02:58:46,168] {scheduler_job.py:629} INFO - Processing file /home/prathamesh/PycharmProjects/airflow-basic/venv/lib/python3.8/site-packages/airflow/example_dags/example_branch_operator.py for tasks to queue
[2021-03-31 02:58:46,169] {logging_mixin.py:104} INFO - [2021-03-31 02:58:46,169] {dagbag.py:448} INFO - Filling up the DagBag from /home/prathamesh/PycharmProjects/airflow-basic/venv/lib/python3.8/site-packages/airflow/example_dags/example_branch_operator.py
[2021-03-31 02:58:46,187] {scheduler_job.py:639} INFO - DAG(s) dict_keys(['example_branch_operator']) retrieved from /home/prathamesh/PycharmProjects/airflow-basic/venv/lib/python3.8/site-packages/airflow/example_dags/example_branch_operator.py
[2021-03-31 02:58:46,201] {logging_mixin.py:104} INFO - [2021-03-31 02:58:46,200] {dag.py:1818} INFO - Sync 1 DAGs
[2021-03-31 02:58:46,216] {logging_mixin.py:104} INFO - [2021-03-31 02:58:46,216] {dag.py:2273} INFO - Setting next_dagrun for example_branch_operator to 2021-03-29 00:00:00+00:00
[2021-03-31 02:58:46,221] {scheduler_job.py:190} INFO - Processing /home/prathamesh/PycharmProjects/airflow-basic/venv/lib/python3.8/site-packages/airflow/example_dags/example_branch_operator.py took 0.055 seconds
[2021-03-31 02:59:23,672] {scheduler_job.py:182} INFO - Started process (PID=15313) to work on /home/prathamesh/PycharmProjects/airflow-basic/venv/lib/python3.8/site-packages/airflow/example_dags/example_branch_operator.py
[2021-03-31 02:59:23,673] {scheduler_job.py:629} INFO - Processing file /home/prathamesh/PycharmProjects/airflow-basic/venv/lib/python3.8/site-packages/airflow/example_dags/example_branch_operator.py for tasks to queue
[2021-03-31 02:59:23,674] {logging_mixin.py:104} INFO - [2021-03-31 02:59:23,674] {dagbag.py:448} INFO - Filling up the DagBag from /home/prathamesh/PycharmProjects/airflow-basic/venv/lib/python3.8/site-packages/airflow/example_dags/example_branch_operator.py
[2021-03-31 02:59:23,689] {scheduler_job.py:639} INFO - DAG(s) dict_keys(['example_branch_operator']) retrieved from /home/prathamesh/PycharmProjects/airflow-basic/venv/lib/python3.8/site-packages/airflow/example_dags/example_branch_operator.py
[2021-03-31 02:59:23,714] {logging_mixin.py:104} INFO - [2021-03-31 02:59:23,713] {dag.py:1818} INFO - Sync 1 DAGs
[2021-03-31 02:59:23,733] {logging_mixin.py:104} INFO - [2021-03-31 02:59:23,733] {dag.py:2273} INFO - Setting next_dagrun for example_branch_operator to 2021-03-29 00:00:00+00:00
[2021-03-31 02:59:23,738] {scheduler_job.py:190} INFO - Processing /home/prathamesh/PycharmProjects/airflow-basic/venv/lib/python3.8/site-packages/airflow/example_dags/example_branch_operator.py took 0.067 seconds
[2021-03-31 03:01:06,274] {scheduler_job.py:182} INFO - Started process (PID=16105) to work on /home/prathamesh/PycharmProjects/airflow-basic/venv/lib/python3.8/site-packages/airflow/example_dags/example_branch_operator.py
[2021-03-31 03:01:06,275] {scheduler_job.py:629} INFO - Processing file /home/prathamesh/PycharmProjects/airflow-basic/venv/lib/python3.8/site-packages/airflow/example_dags/example_branch_operator.py for tasks to queue
[2021-03-31 03:01:06,275] {logging_mixin.py:104} INFO - [2021-03-31 03:01:06,275] {dagbag.py:448} INFO - Filling up the DagBag from /home/prathamesh/PycharmProjects/airflow-basic/venv/lib/python3.8/site-packages/airflow/example_dags/example_branch_operator.py
[2021-03-31 03:01:06,285] {scheduler_job.py:639} INFO - DAG(s) dict_keys(['example_branch_operator']) retrieved from /home/prathamesh/PycharmProjects/airflow-basic/venv/lib/python3.8/site-packages/airflow/example_dags/example_branch_operator.py
[2021-03-31 03:01:06,296] {logging_mixin.py:104} INFO - [2021-03-31 03:01:06,296] {dag.py:1818} INFO - Sync 1 DAGs
[2021-03-31 03:01:06,310] {logging_mixin.py:104} INFO - [2021-03-31 03:01:06,309] {dag.py:2273} INFO - Setting next_dagrun for example_branch_operator to 2021-03-29 00:00:00+00:00
[2021-03-31 03:01:06,314] {scheduler_job.py:190} INFO - Processing /home/prathamesh/PycharmProjects/airflow-basic/venv/lib/python3.8/site-packages/airflow/example_dags/example_branch_operator.py took 0.042 seconds
[2021-03-31 03:01:44,428] {scheduler_job.py:182} INFO - Started process (PID=16237) to work on /home/prathamesh/PycharmProjects/airflow-basic/venv/lib/python3.8/site-packages/airflow/example_dags/example_branch_operator.py
[2021-03-31 03:01:44,431] {scheduler_job.py:629} INFO - Processing file /home/prathamesh/PycharmProjects/airflow-basic/venv/lib/python3.8/site-packages/airflow/example_dags/example_branch_operator.py for tasks to queue
[2021-03-31 03:01:44,431] {logging_mixin.py:104} INFO - [2021-03-31 03:01:44,431] {dagbag.py:448} INFO - Filling up the DagBag from /home/prathamesh/PycharmProjects/airflow-basic/venv/lib/python3.8/site-packages/airflow/example_dags/example_branch_operator.py
[2021-03-31 03:01:44,462] {scheduler_job.py:639} INFO - DAG(s) dict_keys(['example_branch_operator']) retrieved from /home/prathamesh/PycharmProjects/airflow-basic/venv/lib/python3.8/site-packages/airflow/example_dags/example_branch_operator.py
[2021-03-31 03:01:44,512] {logging_mixin.py:104} INFO - [2021-03-31 03:01:44,512] {dag.py:1818} INFO - Sync 1 DAGs
[2021-03-31 03:01:44,554] {logging_mixin.py:104} INFO - [2021-03-31 03:01:44,554] {dag.py:2273} INFO - Setting next_dagrun for example_branch_operator to 2021-03-29 00:00:00+00:00
[2021-03-31 03:01:44,577] {scheduler_job.py:190} INFO - Processing /home/prathamesh/PycharmProjects/airflow-basic/venv/lib/python3.8/site-packages/airflow/example_dags/example_branch_operator.py took 0.152 seconds
[2021-03-31 03:02:22,712] {scheduler_job.py:182} INFO - Started process (PID=16370) to work on /home/prathamesh/PycharmProjects/airflow-basic/venv/lib/python3.8/site-packages/airflow/example_dags/example_branch_operator.py
[2021-03-31 03:02:22,713] {scheduler_job.py:629} INFO - Processing file /home/prathamesh/PycharmProjects/airflow-basic/venv/lib/python3.8/site-packages/airflow/example_dags/example_branch_operator.py for tasks to queue
[2021-03-31 03:02:22,714] {logging_mixin.py:104} INFO - [2021-03-31 03:02:22,714] {dagbag.py:448} INFO - Filling up the DagBag from /home/prathamesh/PycharmProjects/airflow-basic/venv/lib/python3.8/site-packages/airflow/example_dags/example_branch_operator.py
[2021-03-31 03:02:22,734] {scheduler_job.py:639} INFO - DAG(s) dict_keys(['example_branch_operator']) retrieved from /home/prathamesh/PycharmProjects/airflow-basic/venv/lib/python3.8/site-packages/airflow/example_dags/example_branch_operator.py
[2021-03-31 03:02:22,756] {logging_mixin.py:104} INFO - [2021-03-31 03:02:22,756] {dag.py:1818} INFO - Sync 1 DAGs
[2021-03-31 03:02:22,776] {logging_mixin.py:104} INFO - [2021-03-31 03:02:22,776] {dag.py:2273} INFO - Setting next_dagrun for example_branch_operator to 2021-03-29 00:00:00+00:00
[2021-03-31 03:02:22,780] {scheduler_job.py:190} INFO - Processing /home/prathamesh/PycharmProjects/airflow-basic/venv/lib/python3.8/site-packages/airflow/example_dags/example_branch_operator.py took 0.071 seconds
[2021-03-31 03:03:00,496] {scheduler_job.py:182} INFO - Started process (PID=16502) to work on /home/prathamesh/PycharmProjects/airflow-basic/venv/lib/python3.8/site-packages/airflow/example_dags/example_branch_operator.py
[2021-03-31 03:03:00,497] {scheduler_job.py:629} INFO - Processing file /home/prathamesh/PycharmProjects/airflow-basic/venv/lib/python3.8/site-packages/airflow/example_dags/example_branch_operator.py for tasks to queue
[2021-03-31 03:03:00,498] {logging_mixin.py:104} INFO - [2021-03-31 03:03:00,498] {dagbag.py:448} INFO - Filling up the DagBag from /home/prathamesh/PycharmProjects/airflow-basic/venv/lib/python3.8/site-packages/airflow/example_dags/example_branch_operator.py
[2021-03-31 03:03:00,507] {scheduler_job.py:639} INFO - DAG(s) dict_keys(['example_branch_operator']) retrieved from /home/prathamesh/PycharmProjects/airflow-basic/venv/lib/python3.8/site-packages/airflow/example_dags/example_branch_operator.py
[2021-03-31 03:03:00,518] {logging_mixin.py:104} INFO - [2021-03-31 03:03:00,518] {dag.py:1818} INFO - Sync 1 DAGs
[2021-03-31 03:03:00,528] {logging_mixin.py:104} INFO - [2021-03-31 03:03:00,528] {dag.py:2273} INFO - Setting next_dagrun for example_branch_operator to 2021-03-29 00:00:00+00:00
[2021-03-31 03:03:00,533] {scheduler_job.py:190} INFO - Processing /home/prathamesh/PycharmProjects/airflow-basic/venv/lib/python3.8/site-packages/airflow/example_dags/example_branch_operator.py took 0.039 seconds
[2021-03-31 03:03:45,179] {scheduler_job.py:182} INFO - Started process (PID=16636) to work on /home/prathamesh/PycharmProjects/airflow-basic/venv/lib/python3.8/site-packages/airflow/example_dags/example_branch_operator.py
[2021-03-31 03:03:45,180] {scheduler_job.py:629} INFO - Processing file /home/prathamesh/PycharmProjects/airflow-basic/venv/lib/python3.8/site-packages/airflow/example_dags/example_branch_operator.py for tasks to queue
[2021-03-31 03:03:45,180] {logging_mixin.py:104} INFO - [2021-03-31 03:03:45,180] {dagbag.py:448} INFO - Filling up the DagBag from /home/prathamesh/PycharmProjects/airflow-basic/venv/lib/python3.8/site-packages/airflow/example_dags/example_branch_operator.py
[2021-03-31 03:03:45,200] {scheduler_job.py:639} INFO - DAG(s) dict_keys(['example_branch_operator']) retrieved from /home/prathamesh/PycharmProjects/airflow-basic/venv/lib/python3.8/site-packages/airflow/example_dags/example_branch_operator.py
[2021-03-31 03:03:45,220] {logging_mixin.py:104} INFO - [2021-03-31 03:03:45,220] {dag.py:1818} INFO - Sync 1 DAGs
[2021-03-31 03:03:45,240] {logging_mixin.py:104} INFO - [2021-03-31 03:03:45,240] {dag.py:2273} INFO - Setting next_dagrun for example_branch_operator to 2021-03-29 00:00:00+00:00
[2021-03-31 03:03:45,246] {scheduler_job.py:190} INFO - Processing /home/prathamesh/PycharmProjects/airflow-basic/venv/lib/python3.8/site-packages/airflow/example_dags/example_branch_operator.py took 0.071 seconds
[2021-03-31 03:04:23,336] {scheduler_job.py:182} INFO - Started process (PID=16769) to work on /home/prathamesh/PycharmProjects/airflow-basic/venv/lib/python3.8/site-packages/airflow/example_dags/example_branch_operator.py
[2021-03-31 03:04:23,339] {scheduler_job.py:629} INFO - Processing file /home/prathamesh/PycharmProjects/airflow-basic/venv/lib/python3.8/site-packages/airflow/example_dags/example_branch_operator.py for tasks to queue
[2021-03-31 03:04:23,340] {logging_mixin.py:104} INFO - [2021-03-31 03:04:23,340] {dagbag.py:448} INFO - Filling up the DagBag from /home/prathamesh/PycharmProjects/airflow-basic/venv/lib/python3.8/site-packages/airflow/example_dags/example_branch_operator.py
[2021-03-31 03:04:23,352] {scheduler_job.py:639} INFO - DAG(s) dict_keys(['example_branch_operator']) retrieved from /home/prathamesh/PycharmProjects/airflow-basic/venv/lib/python3.8/site-packages/airflow/example_dags/example_branch_operator.py
[2021-03-31 03:04:23,363] {logging_mixin.py:104} INFO - [2021-03-31 03:04:23,363] {dag.py:1818} INFO - Sync 1 DAGs
[2021-03-31 03:04:23,374] {logging_mixin.py:104} INFO - [2021-03-31 03:04:23,374] {dag.py:2273} INFO - Setting next_dagrun for example_branch_operator to 2021-03-29 00:00:00+00:00
[2021-03-31 03:04:23,378] {scheduler_job.py:190} INFO - Processing /home/prathamesh/PycharmProjects/airflow-basic/venv/lib/python3.8/site-packages/airflow/example_dags/example_branch_operator.py took 0.047 seconds
[2021-03-31 03:04:59,076] {scheduler_job.py:182} INFO - Started process (PID=16897) to work on /home/prathamesh/PycharmProjects/airflow-basic/venv/lib/python3.8/site-packages/airflow/example_dags/example_branch_operator.py
[2021-03-31 03:04:59,078] {scheduler_job.py:629} INFO - Processing file /home/prathamesh/PycharmProjects/airflow-basic/venv/lib/python3.8/site-packages/airflow/example_dags/example_branch_operator.py for tasks to queue
[2021-03-31 03:04:59,079] {logging_mixin.py:104} INFO - [2021-03-31 03:04:59,078] {dagbag.py:448} INFO - Filling up the DagBag from /home/prathamesh/PycharmProjects/airflow-basic/venv/lib/python3.8/site-packages/airflow/example_dags/example_branch_operator.py
[2021-03-31 03:04:59,088] {scheduler_job.py:639} INFO - DAG(s) dict_keys(['example_branch_operator']) retrieved from /home/prathamesh/PycharmProjects/airflow-basic/venv/lib/python3.8/site-packages/airflow/example_dags/example_branch_operator.py
[2021-03-31 03:04:59,100] {logging_mixin.py:104} INFO - [2021-03-31 03:04:59,100] {dag.py:1818} INFO - Sync 1 DAGs
[2021-03-31 03:04:59,111] {logging_mixin.py:104} INFO - [2021-03-31 03:04:59,111] {dag.py:2273} INFO - Setting next_dagrun for example_branch_operator to 2021-03-29 00:00:00+00:00
[2021-03-31 03:04:59,115] {scheduler_job.py:190} INFO - Processing /home/prathamesh/PycharmProjects/airflow-basic/venv/lib/python3.8/site-packages/airflow/example_dags/example_branch_operator.py took 0.041 seconds
[2021-03-31 03:05:36,342] {scheduler_job.py:182} INFO - Started process (PID=17028) to work on /home/prathamesh/PycharmProjects/airflow-basic/venv/lib/python3.8/site-packages/airflow/example_dags/example_branch_operator.py
[2021-03-31 03:05:36,343] {scheduler_job.py:629} INFO - Processing file /home/prathamesh/PycharmProjects/airflow-basic/venv/lib/python3.8/site-packages/airflow/example_dags/example_branch_operator.py for tasks to queue
[2021-03-31 03:05:36,343] {logging_mixin.py:104} INFO - [2021-03-31 03:05:36,343] {dagbag.py:448} INFO - Filling up the DagBag from /home/prathamesh/PycharmProjects/airflow-basic/venv/lib/python3.8/site-packages/airflow/example_dags/example_branch_operator.py
[2021-03-31 03:05:36,354] {scheduler_job.py:639} INFO - DAG(s) dict_keys(['example_branch_operator']) retrieved from /home/prathamesh/PycharmProjects/airflow-basic/venv/lib/python3.8/site-packages/airflow/example_dags/example_branch_operator.py
[2021-03-31 03:05:36,370] {logging_mixin.py:104} INFO - [2021-03-31 03:05:36,370] {dag.py:1818} INFO - Sync 1 DAGs
[2021-03-31 03:05:36,388] {logging_mixin.py:104} INFO - [2021-03-31 03:05:36,387] {dag.py:2273} INFO - Setting next_dagrun for example_branch_operator to 2021-03-29 00:00:00+00:00
[2021-03-31 03:05:36,394] {scheduler_job.py:190} INFO - Processing /home/prathamesh/PycharmProjects/airflow-basic/venv/lib/python3.8/site-packages/airflow/example_dags/example_branch_operator.py took 0.054 seconds
[2021-03-31 03:06:16,475] {scheduler_job.py:182} INFO - Started process (PID=17167) to work on /home/prathamesh/PycharmProjects/airflow-basic/venv/lib/python3.8/site-packages/airflow/example_dags/example_branch_operator.py
[2021-03-31 03:06:16,476] {scheduler_job.py:629} INFO - Processing file /home/prathamesh/PycharmProjects/airflow-basic/venv/lib/python3.8/site-packages/airflow/example_dags/example_branch_operator.py for tasks to queue
[2021-03-31 03:06:16,477] {logging_mixin.py:104} INFO - [2021-03-31 03:06:16,477] {dagbag.py:448} INFO - Filling up the DagBag from /home/prathamesh/PycharmProjects/airflow-basic/venv/lib/python3.8/site-packages/airflow/example_dags/example_branch_operator.py
[2021-03-31 03:06:16,488] {scheduler_job.py:639} INFO - DAG(s) dict_keys(['example_branch_operator']) retrieved from /home/prathamesh/PycharmProjects/airflow-basic/venv/lib/python3.8/site-packages/airflow/example_dags/example_branch_operator.py
[2021-03-31 03:06:16,498] {logging_mixin.py:104} INFO - [2021-03-31 03:06:16,497] {dag.py:1818} INFO - Sync 1 DAGs
[2021-03-31 03:06:16,509] {logging_mixin.py:104} INFO - [2021-03-31 03:06:16,509] {dag.py:2273} INFO - Setting next_dagrun for example_branch_operator to 2021-03-29 00:00:00+00:00
[2021-03-31 03:06:16,514] {scheduler_job.py:190} INFO - Processing /home/prathamesh/PycharmProjects/airflow-basic/venv/lib/python3.8/site-packages/airflow/example_dags/example_branch_operator.py took 0.041 seconds
[2021-03-31 03:06:56,029] {scheduler_job.py:182} INFO - Started process (PID=17301) to work on /home/prathamesh/PycharmProjects/airflow-basic/venv/lib/python3.8/site-packages/airflow/example_dags/example_branch_operator.py
[2021-03-31 03:06:56,031] {scheduler_job.py:629} INFO - Processing file /home/prathamesh/PycharmProjects/airflow-basic/venv/lib/python3.8/site-packages/airflow/example_dags/example_branch_operator.py for tasks to queue
[2021-03-31 03:06:56,031] {logging_mixin.py:104} INFO - [2021-03-31 03:06:56,031] {dagbag.py:448} INFO - Filling up the DagBag from /home/prathamesh/PycharmProjects/airflow-basic/venv/lib/python3.8/site-packages/airflow/example_dags/example_branch_operator.py
[2021-03-31 03:06:56,046] {scheduler_job.py:639} INFO - DAG(s) dict_keys(['example_branch_operator']) retrieved from /home/prathamesh/PycharmProjects/airflow-basic/venv/lib/python3.8/site-packages/airflow/example_dags/example_branch_operator.py
[2021-03-31 03:06:56,058] {logging_mixin.py:104} INFO - [2021-03-31 03:06:56,058] {dag.py:1818} INFO - Sync 1 DAGs
[2021-03-31 03:06:56,069] {logging_mixin.py:104} INFO - [2021-03-31 03:06:56,069] {dag.py:2273} INFO - Setting next_dagrun for example_branch_operator to 2021-03-29 00:00:00+00:00
[2021-03-31 03:06:56,077] {scheduler_job.py:190} INFO - Processing /home/prathamesh/PycharmProjects/airflow-basic/venv/lib/python3.8/site-packages/airflow/example_dags/example_branch_operator.py took 0.052 seconds
[2021-03-31 03:07:35,767] {scheduler_job.py:182} INFO - Started process (PID=17436) to work on /home/prathamesh/PycharmProjects/airflow-basic/venv/lib/python3.8/site-packages/airflow/example_dags/example_branch_operator.py
[2021-03-31 03:07:35,780] {scheduler_job.py:629} INFO - Processing file /home/prathamesh/PycharmProjects/airflow-basic/venv/lib/python3.8/site-packages/airflow/example_dags/example_branch_operator.py for tasks to queue
[2021-03-31 03:07:35,781] {logging_mixin.py:104} INFO - [2021-03-31 03:07:35,781] {dagbag.py:448} INFO - Filling up the DagBag from /home/prathamesh/PycharmProjects/airflow-basic/venv/lib/python3.8/site-packages/airflow/example_dags/example_branch_operator.py
[2021-03-31 03:07:35,790] {scheduler_job.py:639} INFO - DAG(s) dict_keys(['example_branch_operator']) retrieved from /home/prathamesh/PycharmProjects/airflow-basic/venv/lib/python3.8/site-packages/airflow/example_dags/example_branch_operator.py
[2021-03-31 03:07:35,809] {logging_mixin.py:104} INFO - [2021-03-31 03:07:35,809] {dag.py:1818} INFO - Sync 1 DAGs
[2021-03-31 03:07:35,841] {logging_mixin.py:104} INFO - [2021-03-31 03:07:35,841] {dag.py:2273} INFO - Setting next_dagrun for example_branch_operator to 2021-03-29 00:00:00+00:00
[2021-03-31 03:07:35,851] {scheduler_job.py:190} INFO - Processing /home/prathamesh/PycharmProjects/airflow-basic/venv/lib/python3.8/site-packages/airflow/example_dags/example_branch_operator.py took 0.086 seconds
[2021-03-31 03:08:12,499] {scheduler_job.py:182} INFO - Started process (PID=17578) to work on /home/prathamesh/PycharmProjects/airflow-basic/venv/lib/python3.8/site-packages/airflow/example_dags/example_branch_operator.py
[2021-03-31 03:08:12,500] {scheduler_job.py:629} INFO - Processing file /home/prathamesh/PycharmProjects/airflow-basic/venv/lib/python3.8/site-packages/airflow/example_dags/example_branch_operator.py for tasks to queue
[2021-03-31 03:08:12,501] {logging_mixin.py:104} INFO - [2021-03-31 03:08:12,501] {dagbag.py:448} INFO - Filling up the DagBag from /home/prathamesh/PycharmProjects/airflow-basic/venv/lib/python3.8/site-packages/airflow/example_dags/example_branch_operator.py
[2021-03-31 03:08:12,515] {scheduler_job.py:639} INFO - DAG(s) dict_keys(['example_branch_operator']) retrieved from /home/prathamesh/PycharmProjects/airflow-basic/venv/lib/python3.8/site-packages/airflow/example_dags/example_branch_operator.py
[2021-03-31 03:08:12,524] {logging_mixin.py:104} INFO - [2021-03-31 03:08:12,524] {dag.py:1818} INFO - Sync 1 DAGs
[2021-03-31 03:08:12,538] {logging_mixin.py:104} INFO - [2021-03-31 03:08:12,537] {dag.py:2273} INFO - Setting next_dagrun for example_branch_operator to 2021-03-29 00:00:00+00:00
[2021-03-31 03:08:12,542] {scheduler_job.py:190} INFO - Processing /home/prathamesh/PycharmProjects/airflow-basic/venv/lib/python3.8/site-packages/airflow/example_dags/example_branch_operator.py took 0.045 seconds
