[2021-03-31 02:59:50,723] {taskinstance.py:851} INFO - Dependencies all met for <TaskInstance: ingestion-pipeline.UploadingFiles 2021-03-31T06:57:05.709386+00:00 [queued]>
[2021-03-31 02:59:50,730] {taskinstance.py:851} INFO - Dependencies all met for <TaskInstance: ingestion-pipeline.UploadingFiles 2021-03-31T06:57:05.709386+00:00 [queued]>
[2021-03-31 02:59:50,730] {taskinstance.py:1042} INFO - 
--------------------------------------------------------------------------------
[2021-03-31 02:59:50,730] {taskinstance.py:1043} INFO - Starting attempt 1 of 1
[2021-03-31 02:59:50,730] {taskinstance.py:1044} INFO - 
--------------------------------------------------------------------------------
[2021-03-31 02:59:50,747] {taskinstance.py:1063} INFO - Executing <Task(PythonOperator): UploadingFiles> on 2021-03-31T06:57:05.709386+00:00
[2021-03-31 02:59:50,749] {standard_task_runner.py:52} INFO - Started process 15534 to run task
[2021-03-31 02:59:50,755] {standard_task_runner.py:76} INFO - Running: ['airflow', 'tasks', 'run', 'ingestion-pipeline', 'UploadingFiles', '2021-03-31T06:57:05.709386+00:00', '--job-id', '6', '--pool', 'default_pool', '--raw', '--subdir', 'DAGS_FOLDER/ingestion.py', '--cfg-path', '/tmp/tmpjvdseze9', '--error-file', '/tmp/tmphp8x6v1m']
[2021-03-31 02:59:50,755] {standard_task_runner.py:77} INFO - Job 6: Subtask UploadingFiles
[2021-03-31 02:59:50,789] {logging_mixin.py:104} INFO - Running <TaskInstance: ingestion-pipeline.UploadingFiles 2021-03-31T06:57:05.709386+00:00 [running]> on host prathamesh-VirtualBox
[2021-03-31 02:59:50,815] {taskinstance.py:1255} INFO - Exporting the following env vars:
AIRFLOW_CTX_DAG_OWNER=airflow
AIRFLOW_CTX_DAG_ID=ingestion-pipeline
AIRFLOW_CTX_TASK_ID=UploadingFiles
AIRFLOW_CTX_EXECUTION_DATE=2021-03-31T06:57:05.709386+00:00
AIRFLOW_CTX_DAG_RUN_ID=manual__2021-03-31T06:57:05.709386+00:00
[2021-03-31 02:59:50,839] {credentials.py:1222} INFO - Found credentials in shared credentials file: ~/.aws/credentials
[2021-03-31 02:59:51,768] {logging_mixin.py:104} INFO - Upload Complete!
[2021-03-31 02:59:51,769] {python.py:118} INFO - Done. Returned value was: None
[2021-03-31 02:59:51,771] {taskinstance.py:1159} INFO - Marking task as SUCCESS. dag_id=ingestion-pipeline, task_id=UploadingFiles, execution_date=20210331T065705, start_date=20210331T065950, end_date=20210331T065951
[2021-03-31 02:59:51,797] {taskinstance.py:1220} INFO - 1 downstream tasks scheduled from follow-on schedule check
[2021-03-31 02:59:51,816] {local_task_job.py:146} INFO - Task exited with return code 0
