[2021-04-04 21:52:30,188] {scheduler_job.py:182} INFO - Started process (PID=7153) to work on /home/prathamesh/PycharmProjects/airflow-project/venv/lib/python3.8/site-packages/airflow/example_dags/example_branch_operator.py
[2021-04-04 21:52:30,189] {scheduler_job.py:629} INFO - Processing file /home/prathamesh/PycharmProjects/airflow-project/venv/lib/python3.8/site-packages/airflow/example_dags/example_branch_operator.py for tasks to queue
[2021-04-04 21:52:30,189] {logging_mixin.py:104} INFO - [2021-04-04 21:52:30,189] {dagbag.py:448} INFO - Filling up the DagBag from /home/prathamesh/PycharmProjects/airflow-project/venv/lib/python3.8/site-packages/airflow/example_dags/example_branch_operator.py
[2021-04-04 21:52:30,200] {scheduler_job.py:639} INFO - DAG(s) dict_keys(['example_branch_operator']) retrieved from /home/prathamesh/PycharmProjects/airflow-project/venv/lib/python3.8/site-packages/airflow/example_dags/example_branch_operator.py
[2021-04-04 21:52:30,227] {logging_mixin.py:104} INFO - [2021-04-04 21:52:30,227] {dag.py:1818} INFO - Sync 1 DAGs
[2021-04-04 21:52:30,239] {logging_mixin.py:104} INFO - [2021-04-04 21:52:30,239] {dag.py:2273} INFO - Setting next_dagrun for example_branch_operator to 2021-04-03 00:00:00+00:00
[2021-04-04 21:52:30,255] {scheduler_job.py:190} INFO - Processing /home/prathamesh/PycharmProjects/airflow-project/venv/lib/python3.8/site-packages/airflow/example_dags/example_branch_operator.py took 0.070 seconds
[2021-04-04 22:00:46,451] {scheduler_job.py:182} INFO - Started process (PID=7709) to work on /home/prathamesh/PycharmProjects/airflow-project/venv/lib/python3.8/site-packages/airflow/example_dags/example_branch_operator.py
[2021-04-04 22:00:46,452] {scheduler_job.py:629} INFO - Processing file /home/prathamesh/PycharmProjects/airflow-project/venv/lib/python3.8/site-packages/airflow/example_dags/example_branch_operator.py for tasks to queue
[2021-04-04 22:00:46,452] {logging_mixin.py:104} INFO - [2021-04-04 22:00:46,452] {dagbag.py:448} INFO - Filling up the DagBag from /home/prathamesh/PycharmProjects/airflow-project/venv/lib/python3.8/site-packages/airflow/example_dags/example_branch_operator.py
[2021-04-04 22:00:46,461] {scheduler_job.py:639} INFO - DAG(s) dict_keys(['example_branch_operator']) retrieved from /home/prathamesh/PycharmProjects/airflow-project/venv/lib/python3.8/site-packages/airflow/example_dags/example_branch_operator.py
[2021-04-04 22:00:46,472] {logging_mixin.py:104} INFO - [2021-04-04 22:00:46,472] {dag.py:1818} INFO - Sync 1 DAGs
[2021-04-04 22:00:46,483] {logging_mixin.py:104} INFO - [2021-04-04 22:00:46,483] {dag.py:2273} INFO - Setting next_dagrun for example_branch_operator to 2021-04-03 00:00:00+00:00
[2021-04-04 22:00:46,499] {scheduler_job.py:190} INFO - Processing /home/prathamesh/PycharmProjects/airflow-project/venv/lib/python3.8/site-packages/airflow/example_dags/example_branch_operator.py took 0.050 seconds
[2021-04-04 22:01:17,751] {scheduler_job.py:182} INFO - Started process (PID=7927) to work on /home/prathamesh/PycharmProjects/airflow-project/venv/lib/python3.8/site-packages/airflow/example_dags/example_branch_operator.py
[2021-04-04 22:01:17,752] {scheduler_job.py:629} INFO - Processing file /home/prathamesh/PycharmProjects/airflow-project/venv/lib/python3.8/site-packages/airflow/example_dags/example_branch_operator.py for tasks to queue
[2021-04-04 22:01:17,752] {logging_mixin.py:104} INFO - [2021-04-04 22:01:17,752] {dagbag.py:448} INFO - Filling up the DagBag from /home/prathamesh/PycharmProjects/airflow-project/venv/lib/python3.8/site-packages/airflow/example_dags/example_branch_operator.py
[2021-04-04 22:01:17,762] {scheduler_job.py:639} INFO - DAG(s) dict_keys(['example_branch_operator']) retrieved from /home/prathamesh/PycharmProjects/airflow-project/venv/lib/python3.8/site-packages/airflow/example_dags/example_branch_operator.py
[2021-04-04 22:01:17,772] {logging_mixin.py:104} INFO - [2021-04-04 22:01:17,772] {dag.py:1818} INFO - Sync 1 DAGs
[2021-04-04 22:01:17,784] {logging_mixin.py:104} INFO - [2021-04-04 22:01:17,784] {dag.py:2273} INFO - Setting next_dagrun for example_branch_operator to 2021-04-03 00:00:00+00:00
[2021-04-04 22:01:17,788] {scheduler_job.py:190} INFO - Processing /home/prathamesh/PycharmProjects/airflow-project/venv/lib/python3.8/site-packages/airflow/example_dags/example_branch_operator.py took 0.040 seconds
[2021-04-04 22:31:54,779] {scheduler_job.py:182} INFO - Started process (PID=3490) to work on /home/prathamesh/PycharmProjects/airflow-project/venv/lib/python3.8/site-packages/airflow/example_dags/example_branch_operator.py
[2021-04-04 22:31:54,782] {scheduler_job.py:629} INFO - Processing file /home/prathamesh/PycharmProjects/airflow-project/venv/lib/python3.8/site-packages/airflow/example_dags/example_branch_operator.py for tasks to queue
[2021-04-04 22:31:54,782] {logging_mixin.py:104} INFO - [2021-04-04 22:31:54,782] {dagbag.py:448} INFO - Filling up the DagBag from /home/prathamesh/PycharmProjects/airflow-project/venv/lib/python3.8/site-packages/airflow/example_dags/example_branch_operator.py
[2021-04-04 22:31:54,802] {scheduler_job.py:639} INFO - DAG(s) dict_keys(['example_branch_operator']) retrieved from /home/prathamesh/PycharmProjects/airflow-project/venv/lib/python3.8/site-packages/airflow/example_dags/example_branch_operator.py
[2021-04-04 22:31:54,815] {logging_mixin.py:104} INFO - [2021-04-04 22:31:54,815] {dag.py:1818} INFO - Sync 1 DAGs
[2021-04-04 22:31:54,830] {logging_mixin.py:104} INFO - [2021-04-04 22:31:54,830] {dag.py:2273} INFO - Setting next_dagrun for example_branch_operator to 2021-04-03 00:00:00+00:00
[2021-04-04 22:31:54,843] {scheduler_job.py:190} INFO - Processing /home/prathamesh/PycharmProjects/airflow-project/venv/lib/python3.8/site-packages/airflow/example_dags/example_branch_operator.py took 0.067 seconds
[2021-04-04 22:32:25,017] {scheduler_job.py:182} INFO - Started process (PID=3533) to work on /home/prathamesh/PycharmProjects/airflow-project/venv/lib/python3.8/site-packages/airflow/example_dags/example_branch_operator.py
[2021-04-04 22:32:25,018] {scheduler_job.py:629} INFO - Processing file /home/prathamesh/PycharmProjects/airflow-project/venv/lib/python3.8/site-packages/airflow/example_dags/example_branch_operator.py for tasks to queue
[2021-04-04 22:32:25,018] {logging_mixin.py:104} INFO - [2021-04-04 22:32:25,018] {dagbag.py:448} INFO - Filling up the DagBag from /home/prathamesh/PycharmProjects/airflow-project/venv/lib/python3.8/site-packages/airflow/example_dags/example_branch_operator.py
[2021-04-04 22:32:25,027] {scheduler_job.py:639} INFO - DAG(s) dict_keys(['example_branch_operator']) retrieved from /home/prathamesh/PycharmProjects/airflow-project/venv/lib/python3.8/site-packages/airflow/example_dags/example_branch_operator.py
[2021-04-04 22:32:25,044] {logging_mixin.py:104} INFO - [2021-04-04 22:32:25,044] {dag.py:1818} INFO - Sync 1 DAGs
[2021-04-04 22:32:25,058] {logging_mixin.py:104} INFO - [2021-04-04 22:32:25,058] {dag.py:2273} INFO - Setting next_dagrun for example_branch_operator to 2021-04-03 00:00:00+00:00
[2021-04-04 22:32:25,069] {scheduler_job.py:190} INFO - Processing /home/prathamesh/PycharmProjects/airflow-project/venv/lib/python3.8/site-packages/airflow/example_dags/example_branch_operator.py took 0.054 seconds
[2021-04-04 22:32:55,916] {scheduler_job.py:182} INFO - Started process (PID=3561) to work on /home/prathamesh/PycharmProjects/airflow-project/venv/lib/python3.8/site-packages/airflow/example_dags/example_branch_operator.py
[2021-04-04 22:32:55,918] {scheduler_job.py:629} INFO - Processing file /home/prathamesh/PycharmProjects/airflow-project/venv/lib/python3.8/site-packages/airflow/example_dags/example_branch_operator.py for tasks to queue
[2021-04-04 22:32:55,918] {logging_mixin.py:104} INFO - [2021-04-04 22:32:55,918] {dagbag.py:448} INFO - Filling up the DagBag from /home/prathamesh/PycharmProjects/airflow-project/venv/lib/python3.8/site-packages/airflow/example_dags/example_branch_operator.py
[2021-04-04 22:32:55,937] {scheduler_job.py:639} INFO - DAG(s) dict_keys(['example_branch_operator']) retrieved from /home/prathamesh/PycharmProjects/airflow-project/venv/lib/python3.8/site-packages/airflow/example_dags/example_branch_operator.py
[2021-04-04 22:32:55,946] {logging_mixin.py:104} INFO - [2021-04-04 22:32:55,946] {dag.py:1818} INFO - Sync 1 DAGs
[2021-04-04 22:32:55,958] {logging_mixin.py:104} INFO - [2021-04-04 22:32:55,958] {dag.py:2273} INFO - Setting next_dagrun for example_branch_operator to 2021-04-03 00:00:00+00:00
[2021-04-04 22:32:55,962] {scheduler_job.py:190} INFO - Processing /home/prathamesh/PycharmProjects/airflow-project/venv/lib/python3.8/site-packages/airflow/example_dags/example_branch_operator.py took 0.050 seconds
[2021-04-04 22:33:26,701] {scheduler_job.py:182} INFO - Started process (PID=3590) to work on /home/prathamesh/PycharmProjects/airflow-project/venv/lib/python3.8/site-packages/airflow/example_dags/example_branch_operator.py
[2021-04-04 22:33:26,702] {scheduler_job.py:629} INFO - Processing file /home/prathamesh/PycharmProjects/airflow-project/venv/lib/python3.8/site-packages/airflow/example_dags/example_branch_operator.py for tasks to queue
[2021-04-04 22:33:26,702] {logging_mixin.py:104} INFO - [2021-04-04 22:33:26,702] {dagbag.py:448} INFO - Filling up the DagBag from /home/prathamesh/PycharmProjects/airflow-project/venv/lib/python3.8/site-packages/airflow/example_dags/example_branch_operator.py
[2021-04-04 22:33:26,711] {scheduler_job.py:639} INFO - DAG(s) dict_keys(['example_branch_operator']) retrieved from /home/prathamesh/PycharmProjects/airflow-project/venv/lib/python3.8/site-packages/airflow/example_dags/example_branch_operator.py
[2021-04-04 22:33:26,720] {logging_mixin.py:104} INFO - [2021-04-04 22:33:26,720] {dag.py:1818} INFO - Sync 1 DAGs
[2021-04-04 22:33:26,732] {logging_mixin.py:104} INFO - [2021-04-04 22:33:26,732] {dag.py:2273} INFO - Setting next_dagrun for example_branch_operator to 2021-04-03 00:00:00+00:00
[2021-04-04 22:33:26,737] {scheduler_job.py:190} INFO - Processing /home/prathamesh/PycharmProjects/airflow-project/venv/lib/python3.8/site-packages/airflow/example_dags/example_branch_operator.py took 0.039 seconds
[2021-04-04 22:33:57,536] {scheduler_job.py:182} INFO - Started process (PID=3617) to work on /home/prathamesh/PycharmProjects/airflow-project/venv/lib/python3.8/site-packages/airflow/example_dags/example_branch_operator.py
[2021-04-04 22:33:57,537] {scheduler_job.py:629} INFO - Processing file /home/prathamesh/PycharmProjects/airflow-project/venv/lib/python3.8/site-packages/airflow/example_dags/example_branch_operator.py for tasks to queue
[2021-04-04 22:33:57,537] {logging_mixin.py:104} INFO - [2021-04-04 22:33:57,537] {dagbag.py:448} INFO - Filling up the DagBag from /home/prathamesh/PycharmProjects/airflow-project/venv/lib/python3.8/site-packages/airflow/example_dags/example_branch_operator.py
[2021-04-04 22:33:57,547] {scheduler_job.py:639} INFO - DAG(s) dict_keys(['example_branch_operator']) retrieved from /home/prathamesh/PycharmProjects/airflow-project/venv/lib/python3.8/site-packages/airflow/example_dags/example_branch_operator.py
[2021-04-04 22:33:57,556] {logging_mixin.py:104} INFO - [2021-04-04 22:33:57,556] {dag.py:1818} INFO - Sync 1 DAGs
[2021-04-04 22:33:57,567] {logging_mixin.py:104} INFO - [2021-04-04 22:33:57,567] {dag.py:2273} INFO - Setting next_dagrun for example_branch_operator to 2021-04-03 00:00:00+00:00
[2021-04-04 22:33:57,571] {scheduler_job.py:190} INFO - Processing /home/prathamesh/PycharmProjects/airflow-project/venv/lib/python3.8/site-packages/airflow/example_dags/example_branch_operator.py took 0.037 seconds
