[2021-04-04 21:52:29,024] {scheduler_job.py:182} INFO - Started process (PID=7152) to work on /home/prathamesh/PycharmProjects/airflow-project/venv/lib/python3.8/site-packages/airflow/example_dags/example_dag_decorator.py
[2021-04-04 21:52:29,027] {scheduler_job.py:629} INFO - Processing file /home/prathamesh/PycharmProjects/airflow-project/venv/lib/python3.8/site-packages/airflow/example_dags/example_dag_decorator.py for tasks to queue
[2021-04-04 21:52:29,028] {logging_mixin.py:104} INFO - [2021-04-04 21:52:29,027] {dagbag.py:448} INFO - Filling up the DagBag from /home/prathamesh/PycharmProjects/airflow-project/venv/lib/python3.8/site-packages/airflow/example_dags/example_dag_decorator.py
[2021-04-04 21:52:29,037] {scheduler_job.py:639} INFO - DAG(s) dict_keys(['example_dag_decorator']) retrieved from /home/prathamesh/PycharmProjects/airflow-project/venv/lib/python3.8/site-packages/airflow/example_dags/example_dag_decorator.py
[2021-04-04 21:52:29,047] {logging_mixin.py:104} INFO - [2021-04-04 21:52:29,047] {dag.py:1818} INFO - Sync 1 DAGs
[2021-04-04 21:52:29,054] {logging_mixin.py:104} INFO - [2021-04-04 21:52:29,054] {dag.py:2273} INFO - Setting next_dagrun for example_dag_decorator to None
[2021-04-04 21:52:29,066] {scheduler_job.py:190} INFO - Processing /home/prathamesh/PycharmProjects/airflow-project/venv/lib/python3.8/site-packages/airflow/example_dags/example_dag_decorator.py took 0.044 seconds
[2021-04-04 22:01:01,579] {scheduler_job.py:182} INFO - Started process (PID=7724) to work on /home/prathamesh/PycharmProjects/airflow-project/venv/lib/python3.8/site-packages/airflow/example_dags/example_dag_decorator.py
[2021-04-04 22:01:01,580] {scheduler_job.py:629} INFO - Processing file /home/prathamesh/PycharmProjects/airflow-project/venv/lib/python3.8/site-packages/airflow/example_dags/example_dag_decorator.py for tasks to queue
[2021-04-04 22:01:01,580] {logging_mixin.py:104} INFO - [2021-04-04 22:01:01,580] {dagbag.py:448} INFO - Filling up the DagBag from /home/prathamesh/PycharmProjects/airflow-project/venv/lib/python3.8/site-packages/airflow/example_dags/example_dag_decorator.py
[2021-04-04 22:01:01,589] {scheduler_job.py:639} INFO - DAG(s) dict_keys(['example_dag_decorator']) retrieved from /home/prathamesh/PycharmProjects/airflow-project/venv/lib/python3.8/site-packages/airflow/example_dags/example_dag_decorator.py
[2021-04-04 22:01:01,604] {logging_mixin.py:104} INFO - [2021-04-04 22:01:01,604] {dag.py:1818} INFO - Sync 1 DAGs
[2021-04-04 22:01:01,613] {logging_mixin.py:104} INFO - [2021-04-04 22:01:01,613] {dag.py:2273} INFO - Setting next_dagrun for example_dag_decorator to None
[2021-04-04 22:01:01,628] {scheduler_job.py:190} INFO - Processing /home/prathamesh/PycharmProjects/airflow-project/venv/lib/python3.8/site-packages/airflow/example_dags/example_dag_decorator.py took 0.052 seconds
[2021-04-04 22:32:15,845] {scheduler_job.py:182} INFO - Started process (PID=3525) to work on /home/prathamesh/PycharmProjects/airflow-project/venv/lib/python3.8/site-packages/airflow/example_dags/example_dag_decorator.py
[2021-04-04 22:32:15,847] {scheduler_job.py:629} INFO - Processing file /home/prathamesh/PycharmProjects/airflow-project/venv/lib/python3.8/site-packages/airflow/example_dags/example_dag_decorator.py for tasks to queue
[2021-04-04 22:32:15,847] {logging_mixin.py:104} INFO - [2021-04-04 22:32:15,847] {dagbag.py:448} INFO - Filling up the DagBag from /home/prathamesh/PycharmProjects/airflow-project/venv/lib/python3.8/site-packages/airflow/example_dags/example_dag_decorator.py
[2021-04-04 22:32:15,856] {scheduler_job.py:639} INFO - DAG(s) dict_keys(['example_dag_decorator']) retrieved from /home/prathamesh/PycharmProjects/airflow-project/venv/lib/python3.8/site-packages/airflow/example_dags/example_dag_decorator.py
[2021-04-04 22:32:15,872] {logging_mixin.py:104} INFO - [2021-04-04 22:32:15,872] {dag.py:1818} INFO - Sync 1 DAGs
[2021-04-04 22:32:15,882] {logging_mixin.py:104} INFO - [2021-04-04 22:32:15,882] {dag.py:2273} INFO - Setting next_dagrun for example_dag_decorator to None
[2021-04-04 22:32:15,896] {scheduler_job.py:190} INFO - Processing /home/prathamesh/PycharmProjects/airflow-project/venv/lib/python3.8/site-packages/airflow/example_dags/example_dag_decorator.py took 0.054 seconds
[2021-04-04 22:32:46,736] {scheduler_job.py:182} INFO - Started process (PID=3552) to work on /home/prathamesh/PycharmProjects/airflow-project/venv/lib/python3.8/site-packages/airflow/example_dags/example_dag_decorator.py
[2021-04-04 22:32:46,737] {scheduler_job.py:629} INFO - Processing file /home/prathamesh/PycharmProjects/airflow-project/venv/lib/python3.8/site-packages/airflow/example_dags/example_dag_decorator.py for tasks to queue
[2021-04-04 22:32:46,738] {logging_mixin.py:104} INFO - [2021-04-04 22:32:46,738] {dagbag.py:448} INFO - Filling up the DagBag from /home/prathamesh/PycharmProjects/airflow-project/venv/lib/python3.8/site-packages/airflow/example_dags/example_dag_decorator.py
[2021-04-04 22:32:46,747] {scheduler_job.py:639} INFO - DAG(s) dict_keys(['example_dag_decorator']) retrieved from /home/prathamesh/PycharmProjects/airflow-project/venv/lib/python3.8/site-packages/airflow/example_dags/example_dag_decorator.py
[2021-04-04 22:32:46,756] {logging_mixin.py:104} INFO - [2021-04-04 22:32:46,756] {dag.py:1818} INFO - Sync 1 DAGs
[2021-04-04 22:32:46,763] {logging_mixin.py:104} INFO - [2021-04-04 22:32:46,763] {dag.py:2273} INFO - Setting next_dagrun for example_dag_decorator to None
[2021-04-04 22:32:46,777] {scheduler_job.py:190} INFO - Processing /home/prathamesh/PycharmProjects/airflow-project/venv/lib/python3.8/site-packages/airflow/example_dags/example_dag_decorator.py took 0.043 seconds
[2021-04-04 22:33:17,535] {scheduler_job.py:182} INFO - Started process (PID=3581) to work on /home/prathamesh/PycharmProjects/airflow-project/venv/lib/python3.8/site-packages/airflow/example_dags/example_dag_decorator.py
[2021-04-04 22:33:17,536] {scheduler_job.py:629} INFO - Processing file /home/prathamesh/PycharmProjects/airflow-project/venv/lib/python3.8/site-packages/airflow/example_dags/example_dag_decorator.py for tasks to queue
[2021-04-04 22:33:17,537] {logging_mixin.py:104} INFO - [2021-04-04 22:33:17,537] {dagbag.py:448} INFO - Filling up the DagBag from /home/prathamesh/PycharmProjects/airflow-project/venv/lib/python3.8/site-packages/airflow/example_dags/example_dag_decorator.py
[2021-04-04 22:33:17,545] {scheduler_job.py:639} INFO - DAG(s) dict_keys(['example_dag_decorator']) retrieved from /home/prathamesh/PycharmProjects/airflow-project/venv/lib/python3.8/site-packages/airflow/example_dags/example_dag_decorator.py
[2021-04-04 22:33:17,556] {logging_mixin.py:104} INFO - [2021-04-04 22:33:17,556] {dag.py:1818} INFO - Sync 1 DAGs
[2021-04-04 22:33:17,562] {logging_mixin.py:104} INFO - [2021-04-04 22:33:17,562] {dag.py:2273} INFO - Setting next_dagrun for example_dag_decorator to None
[2021-04-04 22:33:17,575] {scheduler_job.py:190} INFO - Processing /home/prathamesh/PycharmProjects/airflow-project/venv/lib/python3.8/site-packages/airflow/example_dags/example_dag_decorator.py took 0.041 seconds
[2021-04-04 22:33:48,393] {scheduler_job.py:182} INFO - Started process (PID=3608) to work on /home/prathamesh/PycharmProjects/airflow-project/venv/lib/python3.8/site-packages/airflow/example_dags/example_dag_decorator.py
[2021-04-04 22:33:48,394] {scheduler_job.py:629} INFO - Processing file /home/prathamesh/PycharmProjects/airflow-project/venv/lib/python3.8/site-packages/airflow/example_dags/example_dag_decorator.py for tasks to queue
[2021-04-04 22:33:48,394] {logging_mixin.py:104} INFO - [2021-04-04 22:33:48,394] {dagbag.py:448} INFO - Filling up the DagBag from /home/prathamesh/PycharmProjects/airflow-project/venv/lib/python3.8/site-packages/airflow/example_dags/example_dag_decorator.py
[2021-04-04 22:33:48,415] {scheduler_job.py:639} INFO - DAG(s) dict_keys(['example_dag_decorator']) retrieved from /home/prathamesh/PycharmProjects/airflow-project/venv/lib/python3.8/site-packages/airflow/example_dags/example_dag_decorator.py
[2021-04-04 22:33:48,434] {logging_mixin.py:104} INFO - [2021-04-04 22:33:48,434] {dag.py:1818} INFO - Sync 1 DAGs
[2021-04-04 22:33:48,447] {logging_mixin.py:104} INFO - [2021-04-04 22:33:48,447] {dag.py:2273} INFO - Setting next_dagrun for example_dag_decorator to None
[2021-04-04 22:33:48,468] {scheduler_job.py:190} INFO - Processing /home/prathamesh/PycharmProjects/airflow-project/venv/lib/python3.8/site-packages/airflow/example_dags/example_dag_decorator.py took 0.078 seconds
