[2021-04-04 22:00:58,437] {scheduler_job.py:182} INFO - Started process (PID=7721) to work on /home/prathamesh/PycharmProjects/airflow-project/venv/lib/python3.8/site-packages/airflow/example_dags/example_trigger_target_dag.py
[2021-04-04 22:00:58,438] {scheduler_job.py:629} INFO - Processing file /home/prathamesh/PycharmProjects/airflow-project/venv/lib/python3.8/site-packages/airflow/example_dags/example_trigger_target_dag.py for tasks to queue
[2021-04-04 22:00:58,438] {logging_mixin.py:104} INFO - [2021-04-04 22:00:58,438] {dagbag.py:448} INFO - Filling up the DagBag from /home/prathamesh/PycharmProjects/airflow-project/venv/lib/python3.8/site-packages/airflow/example_dags/example_trigger_target_dag.py
[2021-04-04 22:00:58,445] {scheduler_job.py:639} INFO - DAG(s) dict_keys(['example_trigger_target_dag']) retrieved from /home/prathamesh/PycharmProjects/airflow-project/venv/lib/python3.8/site-packages/airflow/example_dags/example_trigger_target_dag.py
[2021-04-04 22:00:58,460] {logging_mixin.py:104} INFO - [2021-04-04 22:00:58,460] {dag.py:1818} INFO - Sync 1 DAGs
[2021-04-04 22:00:58,468] {logging_mixin.py:104} INFO - [2021-04-04 22:00:58,468] {dag.py:2273} INFO - Setting next_dagrun for example_trigger_target_dag to None
[2021-04-04 22:00:58,488] {scheduler_job.py:190} INFO - Processing /home/prathamesh/PycharmProjects/airflow-project/venv/lib/python3.8/site-packages/airflow/example_dags/example_trigger_target_dag.py took 0.053 seconds
[2021-04-04 22:32:11,808] {scheduler_job.py:182} INFO - Started process (PID=3521) to work on /home/prathamesh/PycharmProjects/airflow-project/venv/lib/python3.8/site-packages/airflow/example_dags/example_trigger_target_dag.py
[2021-04-04 22:32:11,811] {scheduler_job.py:629} INFO - Processing file /home/prathamesh/PycharmProjects/airflow-project/venv/lib/python3.8/site-packages/airflow/example_dags/example_trigger_target_dag.py for tasks to queue
[2021-04-04 22:32:11,812] {logging_mixin.py:104} INFO - [2021-04-04 22:32:11,812] {dagbag.py:448} INFO - Filling up the DagBag from /home/prathamesh/PycharmProjects/airflow-project/venv/lib/python3.8/site-packages/airflow/example_dags/example_trigger_target_dag.py
[2021-04-04 22:32:11,825] {scheduler_job.py:639} INFO - DAG(s) dict_keys(['example_trigger_target_dag']) retrieved from /home/prathamesh/PycharmProjects/airflow-project/venv/lib/python3.8/site-packages/airflow/example_dags/example_trigger_target_dag.py
[2021-04-04 22:32:11,843] {logging_mixin.py:104} INFO - [2021-04-04 22:32:11,842] {dag.py:1818} INFO - Sync 1 DAGs
[2021-04-04 22:32:11,857] {logging_mixin.py:104} INFO - [2021-04-04 22:32:11,857] {dag.py:2273} INFO - Setting next_dagrun for example_trigger_target_dag to None
[2021-04-04 22:32:11,868] {scheduler_job.py:190} INFO - Processing /home/prathamesh/PycharmProjects/airflow-project/venv/lib/python3.8/site-packages/airflow/example_dags/example_trigger_target_dag.py took 0.064 seconds
[2021-04-04 22:32:42,695] {scheduler_job.py:182} INFO - Started process (PID=3548) to work on /home/prathamesh/PycharmProjects/airflow-project/venv/lib/python3.8/site-packages/airflow/example_dags/example_trigger_target_dag.py
[2021-04-04 22:32:42,696] {scheduler_job.py:629} INFO - Processing file /home/prathamesh/PycharmProjects/airflow-project/venv/lib/python3.8/site-packages/airflow/example_dags/example_trigger_target_dag.py for tasks to queue
[2021-04-04 22:32:42,697] {logging_mixin.py:104} INFO - [2021-04-04 22:32:42,696] {dagbag.py:448} INFO - Filling up the DagBag from /home/prathamesh/PycharmProjects/airflow-project/venv/lib/python3.8/site-packages/airflow/example_dags/example_trigger_target_dag.py
[2021-04-04 22:32:42,705] {scheduler_job.py:639} INFO - DAG(s) dict_keys(['example_trigger_target_dag']) retrieved from /home/prathamesh/PycharmProjects/airflow-project/venv/lib/python3.8/site-packages/airflow/example_dags/example_trigger_target_dag.py
[2021-04-04 22:32:42,713] {logging_mixin.py:104} INFO - [2021-04-04 22:32:42,713] {dag.py:1818} INFO - Sync 1 DAGs
[2021-04-04 22:32:42,720] {logging_mixin.py:104} INFO - [2021-04-04 22:32:42,720] {dag.py:2273} INFO - Setting next_dagrun for example_trigger_target_dag to None
[2021-04-04 22:32:42,726] {scheduler_job.py:190} INFO - Processing /home/prathamesh/PycharmProjects/airflow-project/venv/lib/python3.8/site-packages/airflow/example_dags/example_trigger_target_dag.py took 0.036 seconds
[2021-04-04 22:33:13,522] {scheduler_job.py:182} INFO - Started process (PID=3575) to work on /home/prathamesh/PycharmProjects/airflow-project/venv/lib/python3.8/site-packages/airflow/example_dags/example_trigger_target_dag.py
[2021-04-04 22:33:13,523] {scheduler_job.py:629} INFO - Processing file /home/prathamesh/PycharmProjects/airflow-project/venv/lib/python3.8/site-packages/airflow/example_dags/example_trigger_target_dag.py for tasks to queue
[2021-04-04 22:33:13,524] {logging_mixin.py:104} INFO - [2021-04-04 22:33:13,524] {dagbag.py:448} INFO - Filling up the DagBag from /home/prathamesh/PycharmProjects/airflow-project/venv/lib/python3.8/site-packages/airflow/example_dags/example_trigger_target_dag.py
[2021-04-04 22:33:13,531] {scheduler_job.py:639} INFO - DAG(s) dict_keys(['example_trigger_target_dag']) retrieved from /home/prathamesh/PycharmProjects/airflow-project/venv/lib/python3.8/site-packages/airflow/example_dags/example_trigger_target_dag.py
[2021-04-04 22:33:13,540] {logging_mixin.py:104} INFO - [2021-04-04 22:33:13,540] {dag.py:1818} INFO - Sync 1 DAGs
[2021-04-04 22:33:13,547] {logging_mixin.py:104} INFO - [2021-04-04 22:33:13,547] {dag.py:2273} INFO - Setting next_dagrun for example_trigger_target_dag to None
[2021-04-04 22:33:13,566] {scheduler_job.py:190} INFO - Processing /home/prathamesh/PycharmProjects/airflow-project/venv/lib/python3.8/site-packages/airflow/example_dags/example_trigger_target_dag.py took 0.046 seconds
[2021-04-04 22:33:44,281] {scheduler_job.py:182} INFO - Started process (PID=3604) to work on /home/prathamesh/PycharmProjects/airflow-project/venv/lib/python3.8/site-packages/airflow/example_dags/example_trigger_target_dag.py
[2021-04-04 22:33:44,282] {scheduler_job.py:629} INFO - Processing file /home/prathamesh/PycharmProjects/airflow-project/venv/lib/python3.8/site-packages/airflow/example_dags/example_trigger_target_dag.py for tasks to queue
[2021-04-04 22:33:44,284] {logging_mixin.py:104} INFO - [2021-04-04 22:33:44,284] {dagbag.py:448} INFO - Filling up the DagBag from /home/prathamesh/PycharmProjects/airflow-project/venv/lib/python3.8/site-packages/airflow/example_dags/example_trigger_target_dag.py
[2021-04-04 22:33:44,295] {scheduler_job.py:639} INFO - DAG(s) dict_keys(['example_trigger_target_dag']) retrieved from /home/prathamesh/PycharmProjects/airflow-project/venv/lib/python3.8/site-packages/airflow/example_dags/example_trigger_target_dag.py
[2021-04-04 22:33:44,310] {logging_mixin.py:104} INFO - [2021-04-04 22:33:44,309] {dag.py:1818} INFO - Sync 1 DAGs
[2021-04-04 22:33:44,322] {logging_mixin.py:104} INFO - [2021-04-04 22:33:44,322] {dag.py:2273} INFO - Setting next_dagrun for example_trigger_target_dag to None
[2021-04-04 22:33:44,327] {scheduler_job.py:190} INFO - Processing /home/prathamesh/PycharmProjects/airflow-project/venv/lib/python3.8/site-packages/airflow/example_dags/example_trigger_target_dag.py took 0.049 seconds
