[2021-04-04 21:52:32,476] {scheduler_job.py:182} INFO - Started process (PID=7155) to work on /home/prathamesh/PycharmProjects/airflow-project/venv/lib/python3.8/site-packages/airflow/example_dags/example_task_group.py
[2021-04-04 21:52:32,477] {scheduler_job.py:629} INFO - Processing file /home/prathamesh/PycharmProjects/airflow-project/venv/lib/python3.8/site-packages/airflow/example_dags/example_task_group.py for tasks to queue
[2021-04-04 21:52:32,478] {logging_mixin.py:104} INFO - [2021-04-04 21:52:32,478] {dagbag.py:448} INFO - Filling up the DagBag from /home/prathamesh/PycharmProjects/airflow-project/venv/lib/python3.8/site-packages/airflow/example_dags/example_task_group.py
[2021-04-04 21:52:32,488] {scheduler_job.py:639} INFO - DAG(s) dict_keys(['example_task_group']) retrieved from /home/prathamesh/PycharmProjects/airflow-project/venv/lib/python3.8/site-packages/airflow/example_dags/example_task_group.py
[2021-04-04 21:52:32,507] {logging_mixin.py:104} INFO - [2021-04-04 21:52:32,506] {dag.py:1818} INFO - Sync 1 DAGs
[2021-04-04 21:52:32,515] {logging_mixin.py:104} INFO - [2021-04-04 21:52:32,515] {dag.py:2273} INFO - Setting next_dagrun for example_task_group to 2021-04-03 00:00:00+00:00
[2021-04-04 21:52:32,539] {scheduler_job.py:190} INFO - Processing /home/prathamesh/PycharmProjects/airflow-project/venv/lib/python3.8/site-packages/airflow/example_dags/example_task_group.py took 0.069 seconds
[2021-04-04 22:00:50,412] {scheduler_job.py:182} INFO - Started process (PID=7713) to work on /home/prathamesh/PycharmProjects/airflow-project/venv/lib/python3.8/site-packages/airflow/example_dags/example_task_group.py
[2021-04-04 22:00:50,413] {scheduler_job.py:629} INFO - Processing file /home/prathamesh/PycharmProjects/airflow-project/venv/lib/python3.8/site-packages/airflow/example_dags/example_task_group.py for tasks to queue
[2021-04-04 22:00:50,413] {logging_mixin.py:104} INFO - [2021-04-04 22:00:50,413] {dagbag.py:448} INFO - Filling up the DagBag from /home/prathamesh/PycharmProjects/airflow-project/venv/lib/python3.8/site-packages/airflow/example_dags/example_task_group.py
[2021-04-04 22:00:50,421] {scheduler_job.py:639} INFO - DAG(s) dict_keys(['example_task_group']) retrieved from /home/prathamesh/PycharmProjects/airflow-project/venv/lib/python3.8/site-packages/airflow/example_dags/example_task_group.py
[2021-04-04 22:00:50,431] {logging_mixin.py:104} INFO - [2021-04-04 22:00:50,431] {dag.py:1818} INFO - Sync 1 DAGs
[2021-04-04 22:00:50,437] {logging_mixin.py:104} INFO - [2021-04-04 22:00:50,437] {dag.py:2273} INFO - Setting next_dagrun for example_task_group to 2021-04-03 00:00:00+00:00
[2021-04-04 22:00:50,451] {scheduler_job.py:190} INFO - Processing /home/prathamesh/PycharmProjects/airflow-project/venv/lib/python3.8/site-packages/airflow/example_dags/example_task_group.py took 0.042 seconds
[2021-04-04 22:01:21,894] {scheduler_job.py:182} INFO - Started process (PID=7934) to work on /home/prathamesh/PycharmProjects/airflow-project/venv/lib/python3.8/site-packages/airflow/example_dags/example_task_group.py
[2021-04-04 22:01:21,921] {scheduler_job.py:629} INFO - Processing file /home/prathamesh/PycharmProjects/airflow-project/venv/lib/python3.8/site-packages/airflow/example_dags/example_task_group.py for tasks to queue
[2021-04-04 22:01:21,922] {logging_mixin.py:104} INFO - [2021-04-04 22:01:21,922] {dagbag.py:448} INFO - Filling up the DagBag from /home/prathamesh/PycharmProjects/airflow-project/venv/lib/python3.8/site-packages/airflow/example_dags/example_task_group.py
[2021-04-04 22:01:21,943] {scheduler_job.py:639} INFO - DAG(s) dict_keys(['example_task_group']) retrieved from /home/prathamesh/PycharmProjects/airflow-project/venv/lib/python3.8/site-packages/airflow/example_dags/example_task_group.py
[2021-04-04 22:01:21,952] {logging_mixin.py:104} INFO - [2021-04-04 22:01:21,952] {dag.py:1818} INFO - Sync 1 DAGs
[2021-04-04 22:01:21,972] {logging_mixin.py:104} INFO - [2021-04-04 22:01:21,972] {dag.py:2273} INFO - Setting next_dagrun for example_task_group to 2021-04-03 00:00:00+00:00
[2021-04-04 22:01:21,992] {scheduler_job.py:190} INFO - Processing /home/prathamesh/PycharmProjects/airflow-project/venv/lib/python3.8/site-packages/airflow/example_dags/example_task_group.py took 0.101 seconds
[2021-04-04 22:32:07,777] {scheduler_job.py:182} INFO - Started process (PID=3515) to work on /home/prathamesh/PycharmProjects/airflow-project/venv/lib/python3.8/site-packages/airflow/example_dags/example_task_group.py
[2021-04-04 22:32:07,780] {scheduler_job.py:629} INFO - Processing file /home/prathamesh/PycharmProjects/airflow-project/venv/lib/python3.8/site-packages/airflow/example_dags/example_task_group.py for tasks to queue
[2021-04-04 22:32:07,780] {logging_mixin.py:104} INFO - [2021-04-04 22:32:07,780] {dagbag.py:448} INFO - Filling up the DagBag from /home/prathamesh/PycharmProjects/airflow-project/venv/lib/python3.8/site-packages/airflow/example_dags/example_task_group.py
[2021-04-04 22:32:07,787] {scheduler_job.py:639} INFO - DAG(s) dict_keys(['example_task_group']) retrieved from /home/prathamesh/PycharmProjects/airflow-project/venv/lib/python3.8/site-packages/airflow/example_dags/example_task_group.py
[2021-04-04 22:32:07,799] {logging_mixin.py:104} INFO - [2021-04-04 22:32:07,799] {dag.py:1818} INFO - Sync 1 DAGs
[2021-04-04 22:32:07,805] {logging_mixin.py:104} INFO - [2021-04-04 22:32:07,805] {dag.py:2273} INFO - Setting next_dagrun for example_task_group to 2021-04-03 00:00:00+00:00
[2021-04-04 22:32:07,820] {scheduler_job.py:190} INFO - Processing /home/prathamesh/PycharmProjects/airflow-project/venv/lib/python3.8/site-packages/airflow/example_dags/example_task_group.py took 0.045 seconds
[2021-04-04 22:32:38,172] {scheduler_job.py:182} INFO - Started process (PID=3544) to work on /home/prathamesh/PycharmProjects/airflow-project/venv/lib/python3.8/site-packages/airflow/example_dags/example_task_group.py
[2021-04-04 22:32:38,173] {scheduler_job.py:629} INFO - Processing file /home/prathamesh/PycharmProjects/airflow-project/venv/lib/python3.8/site-packages/airflow/example_dags/example_task_group.py for tasks to queue
[2021-04-04 22:32:38,174] {logging_mixin.py:104} INFO - [2021-04-04 22:32:38,174] {dagbag.py:448} INFO - Filling up the DagBag from /home/prathamesh/PycharmProjects/airflow-project/venv/lib/python3.8/site-packages/airflow/example_dags/example_task_group.py
[2021-04-04 22:32:38,181] {scheduler_job.py:639} INFO - DAG(s) dict_keys(['example_task_group']) retrieved from /home/prathamesh/PycharmProjects/airflow-project/venv/lib/python3.8/site-packages/airflow/example_dags/example_task_group.py
[2021-04-04 22:32:38,190] {logging_mixin.py:104} INFO - [2021-04-04 22:32:38,190] {dag.py:1818} INFO - Sync 1 DAGs
[2021-04-04 22:32:38,197] {logging_mixin.py:104} INFO - [2021-04-04 22:32:38,197] {dag.py:2273} INFO - Setting next_dagrun for example_task_group to 2021-04-03 00:00:00+00:00
[2021-04-04 22:32:38,203] {scheduler_job.py:190} INFO - Processing /home/prathamesh/PycharmProjects/airflow-project/venv/lib/python3.8/site-packages/airflow/example_dags/example_task_group.py took 0.034 seconds
[2021-04-04 22:33:09,488] {scheduler_job.py:182} INFO - Started process (PID=3571) to work on /home/prathamesh/PycharmProjects/airflow-project/venv/lib/python3.8/site-packages/airflow/example_dags/example_task_group.py
[2021-04-04 22:33:09,490] {scheduler_job.py:629} INFO - Processing file /home/prathamesh/PycharmProjects/airflow-project/venv/lib/python3.8/site-packages/airflow/example_dags/example_task_group.py for tasks to queue
[2021-04-04 22:33:09,491] {logging_mixin.py:104} INFO - [2021-04-04 22:33:09,491] {dagbag.py:448} INFO - Filling up the DagBag from /home/prathamesh/PycharmProjects/airflow-project/venv/lib/python3.8/site-packages/airflow/example_dags/example_task_group.py
[2021-04-04 22:33:09,499] {scheduler_job.py:639} INFO - DAG(s) dict_keys(['example_task_group']) retrieved from /home/prathamesh/PycharmProjects/airflow-project/venv/lib/python3.8/site-packages/airflow/example_dags/example_task_group.py
[2021-04-04 22:33:09,510] {logging_mixin.py:104} INFO - [2021-04-04 22:33:09,510] {dag.py:1818} INFO - Sync 1 DAGs
[2021-04-04 22:33:09,518] {logging_mixin.py:104} INFO - [2021-04-04 22:33:09,518] {dag.py:2273} INFO - Setting next_dagrun for example_task_group to 2021-04-03 00:00:00+00:00
[2021-04-04 22:33:09,522] {scheduler_job.py:190} INFO - Processing /home/prathamesh/PycharmProjects/airflow-project/venv/lib/python3.8/site-packages/airflow/example_dags/example_task_group.py took 0.038 seconds
[2021-04-04 22:33:40,064] {scheduler_job.py:182} INFO - Started process (PID=3600) to work on /home/prathamesh/PycharmProjects/airflow-project/venv/lib/python3.8/site-packages/airflow/example_dags/example_task_group.py
[2021-04-04 22:33:40,065] {scheduler_job.py:629} INFO - Processing file /home/prathamesh/PycharmProjects/airflow-project/venv/lib/python3.8/site-packages/airflow/example_dags/example_task_group.py for tasks to queue
[2021-04-04 22:33:40,065] {logging_mixin.py:104} INFO - [2021-04-04 22:33:40,065] {dagbag.py:448} INFO - Filling up the DagBag from /home/prathamesh/PycharmProjects/airflow-project/venv/lib/python3.8/site-packages/airflow/example_dags/example_task_group.py
[2021-04-04 22:33:40,072] {scheduler_job.py:639} INFO - DAG(s) dict_keys(['example_task_group']) retrieved from /home/prathamesh/PycharmProjects/airflow-project/venv/lib/python3.8/site-packages/airflow/example_dags/example_task_group.py
[2021-04-04 22:33:40,082] {logging_mixin.py:104} INFO - [2021-04-04 22:33:40,082] {dag.py:1818} INFO - Sync 1 DAGs
[2021-04-04 22:33:40,091] {logging_mixin.py:104} INFO - [2021-04-04 22:33:40,091] {dag.py:2273} INFO - Setting next_dagrun for example_task_group to 2021-04-03 00:00:00+00:00
[2021-04-04 22:33:40,095] {scheduler_job.py:190} INFO - Processing /home/prathamesh/PycharmProjects/airflow-project/venv/lib/python3.8/site-packages/airflow/example_dags/example_task_group.py took 0.033 seconds
[2021-04-04 22:34:11,120] {scheduler_job.py:182} INFO - Started process (PID=3636) to work on /home/prathamesh/PycharmProjects/airflow-project/venv/lib/python3.8/site-packages/airflow/example_dags/example_task_group.py
[2021-04-04 22:34:11,121] {scheduler_job.py:629} INFO - Processing file /home/prathamesh/PycharmProjects/airflow-project/venv/lib/python3.8/site-packages/airflow/example_dags/example_task_group.py for tasks to queue
[2021-04-04 22:34:11,121] {logging_mixin.py:104} INFO - [2021-04-04 22:34:11,121] {dagbag.py:448} INFO - Filling up the DagBag from /home/prathamesh/PycharmProjects/airflow-project/venv/lib/python3.8/site-packages/airflow/example_dags/example_task_group.py
[2021-04-04 22:34:11,129] {scheduler_job.py:639} INFO - DAG(s) dict_keys(['example_task_group']) retrieved from /home/prathamesh/PycharmProjects/airflow-project/venv/lib/python3.8/site-packages/airflow/example_dags/example_task_group.py
[2021-04-04 22:34:11,142] {logging_mixin.py:104} INFO - [2021-04-04 22:34:11,142] {dag.py:1818} INFO - Sync 1 DAGs
[2021-04-04 22:34:11,152] {logging_mixin.py:104} INFO - [2021-04-04 22:34:11,152] {dag.py:2273} INFO - Setting next_dagrun for example_task_group to 2021-04-03 00:00:00+00:00
[2021-04-04 22:34:11,160] {scheduler_job.py:190} INFO - Processing /home/prathamesh/PycharmProjects/airflow-project/venv/lib/python3.8/site-packages/airflow/example_dags/example_task_group.py took 0.042 seconds
