[2021-04-04 22:01:05,869] {scheduler_job.py:182} INFO - Started process (PID=7728) to work on /home/prathamesh/PycharmProjects/airflow-project/venv/lib/python3.8/site-packages/airflow/example_dags/example_branch_python_dop_operator_3.py
[2021-04-04 22:01:05,869] {scheduler_job.py:629} INFO - Processing file /home/prathamesh/PycharmProjects/airflow-project/venv/lib/python3.8/site-packages/airflow/example_dags/example_branch_python_dop_operator_3.py for tasks to queue
[2021-04-04 22:01:05,870] {logging_mixin.py:104} INFO - [2021-04-04 22:01:05,870] {dagbag.py:448} INFO - Filling up the DagBag from /home/prathamesh/PycharmProjects/airflow-project/venv/lib/python3.8/site-packages/airflow/example_dags/example_branch_python_dop_operator_3.py
[2021-04-04 22:01:05,879] {scheduler_job.py:639} INFO - DAG(s) dict_keys(['example_branch_dop_operator_v3']) retrieved from /home/prathamesh/PycharmProjects/airflow-project/venv/lib/python3.8/site-packages/airflow/example_dags/example_branch_python_dop_operator_3.py
[2021-04-04 22:01:05,889] {logging_mixin.py:104} INFO - [2021-04-04 22:01:05,889] {dag.py:1818} INFO - Sync 1 DAGs
[2021-04-04 22:01:05,904] {logging_mixin.py:104} INFO - [2021-04-04 22:01:05,904] {dag.py:2273} INFO - Setting next_dagrun for example_branch_dop_operator_v3 to 2021-04-03 00:00:00+00:00
[2021-04-04 22:01:05,919] {scheduler_job.py:190} INFO - Processing /home/prathamesh/PycharmProjects/airflow-project/venv/lib/python3.8/site-packages/airflow/example_dags/example_branch_python_dop_operator_3.py took 0.052 seconds
[2021-04-04 22:32:06,651] {scheduler_job.py:182} INFO - Started process (PID=3514) to work on /home/prathamesh/PycharmProjects/airflow-project/venv/lib/python3.8/site-packages/airflow/example_dags/example_branch_python_dop_operator_3.py
[2021-04-04 22:32:06,654] {scheduler_job.py:629} INFO - Processing file /home/prathamesh/PycharmProjects/airflow-project/venv/lib/python3.8/site-packages/airflow/example_dags/example_branch_python_dop_operator_3.py for tasks to queue
[2021-04-04 22:32:06,654] {logging_mixin.py:104} INFO - [2021-04-04 22:32:06,654] {dagbag.py:448} INFO - Filling up the DagBag from /home/prathamesh/PycharmProjects/airflow-project/venv/lib/python3.8/site-packages/airflow/example_dags/example_branch_python_dop_operator_3.py
[2021-04-04 22:32:06,662] {scheduler_job.py:639} INFO - DAG(s) dict_keys(['example_branch_dop_operator_v3']) retrieved from /home/prathamesh/PycharmProjects/airflow-project/venv/lib/python3.8/site-packages/airflow/example_dags/example_branch_python_dop_operator_3.py
[2021-04-04 22:32:06,671] {logging_mixin.py:104} INFO - [2021-04-04 22:32:06,671] {dag.py:1818} INFO - Sync 1 DAGs
[2021-04-04 22:32:06,686] {logging_mixin.py:104} INFO - [2021-04-04 22:32:06,686] {dag.py:2273} INFO - Setting next_dagrun for example_branch_dop_operator_v3 to 2021-04-03 00:00:00+00:00
[2021-04-04 22:32:06,692] {scheduler_job.py:190} INFO - Processing /home/prathamesh/PycharmProjects/airflow-project/venv/lib/python3.8/site-packages/airflow/example_dags/example_branch_python_dop_operator_3.py took 0.043 seconds
[2021-04-04 22:32:37,633] {scheduler_job.py:182} INFO - Started process (PID=3542) to work on /home/prathamesh/PycharmProjects/airflow-project/venv/lib/python3.8/site-packages/airflow/example_dags/example_branch_python_dop_operator_3.py
[2021-04-04 22:32:37,634] {scheduler_job.py:629} INFO - Processing file /home/prathamesh/PycharmProjects/airflow-project/venv/lib/python3.8/site-packages/airflow/example_dags/example_branch_python_dop_operator_3.py for tasks to queue
[2021-04-04 22:32:37,635] {logging_mixin.py:104} INFO - [2021-04-04 22:32:37,635] {dagbag.py:448} INFO - Filling up the DagBag from /home/prathamesh/PycharmProjects/airflow-project/venv/lib/python3.8/site-packages/airflow/example_dags/example_branch_python_dop_operator_3.py
[2021-04-04 22:32:37,642] {scheduler_job.py:639} INFO - DAG(s) dict_keys(['example_branch_dop_operator_v3']) retrieved from /home/prathamesh/PycharmProjects/airflow-project/venv/lib/python3.8/site-packages/airflow/example_dags/example_branch_python_dop_operator_3.py
[2021-04-04 22:32:37,651] {logging_mixin.py:104} INFO - [2021-04-04 22:32:37,651] {dag.py:1818} INFO - Sync 1 DAGs
[2021-04-04 22:32:37,667] {logging_mixin.py:104} INFO - [2021-04-04 22:32:37,667] {dag.py:2273} INFO - Setting next_dagrun for example_branch_dop_operator_v3 to 2021-04-03 00:00:00+00:00
[2021-04-04 22:32:37,672] {scheduler_job.py:190} INFO - Processing /home/prathamesh/PycharmProjects/airflow-project/venv/lib/python3.8/site-packages/airflow/example_dags/example_branch_python_dop_operator_3.py took 0.040 seconds
[2021-04-04 22:33:08,347] {scheduler_job.py:182} INFO - Started process (PID=3570) to work on /home/prathamesh/PycharmProjects/airflow-project/venv/lib/python3.8/site-packages/airflow/example_dags/example_branch_python_dop_operator_3.py
[2021-04-04 22:33:08,348] {scheduler_job.py:629} INFO - Processing file /home/prathamesh/PycharmProjects/airflow-project/venv/lib/python3.8/site-packages/airflow/example_dags/example_branch_python_dop_operator_3.py for tasks to queue
[2021-04-04 22:33:08,348] {logging_mixin.py:104} INFO - [2021-04-04 22:33:08,348] {dagbag.py:448} INFO - Filling up the DagBag from /home/prathamesh/PycharmProjects/airflow-project/venv/lib/python3.8/site-packages/airflow/example_dags/example_branch_python_dop_operator_3.py
[2021-04-04 22:33:08,356] {scheduler_job.py:639} INFO - DAG(s) dict_keys(['example_branch_dop_operator_v3']) retrieved from /home/prathamesh/PycharmProjects/airflow-project/venv/lib/python3.8/site-packages/airflow/example_dags/example_branch_python_dop_operator_3.py
[2021-04-04 22:33:08,367] {logging_mixin.py:104} INFO - [2021-04-04 22:33:08,367] {dag.py:1818} INFO - Sync 1 DAGs
[2021-04-04 22:33:08,382] {logging_mixin.py:104} INFO - [2021-04-04 22:33:08,382] {dag.py:2273} INFO - Setting next_dagrun for example_branch_dop_operator_v3 to 2021-04-03 00:00:00+00:00
[2021-04-04 22:33:08,386] {scheduler_job.py:190} INFO - Processing /home/prathamesh/PycharmProjects/airflow-project/venv/lib/python3.8/site-packages/airflow/example_dags/example_branch_python_dop_operator_3.py took 0.041 seconds
[2021-04-04 22:33:38,930] {scheduler_job.py:182} INFO - Started process (PID=3599) to work on /home/prathamesh/PycharmProjects/airflow-project/venv/lib/python3.8/site-packages/airflow/example_dags/example_branch_python_dop_operator_3.py
[2021-04-04 22:33:38,942] {scheduler_job.py:629} INFO - Processing file /home/prathamesh/PycharmProjects/airflow-project/venv/lib/python3.8/site-packages/airflow/example_dags/example_branch_python_dop_operator_3.py for tasks to queue
[2021-04-04 22:33:38,942] {logging_mixin.py:104} INFO - [2021-04-04 22:33:38,942] {dagbag.py:448} INFO - Filling up the DagBag from /home/prathamesh/PycharmProjects/airflow-project/venv/lib/python3.8/site-packages/airflow/example_dags/example_branch_python_dop_operator_3.py
[2021-04-04 22:33:38,965] {scheduler_job.py:639} INFO - DAG(s) dict_keys(['example_branch_dop_operator_v3']) retrieved from /home/prathamesh/PycharmProjects/airflow-project/venv/lib/python3.8/site-packages/airflow/example_dags/example_branch_python_dop_operator_3.py
[2021-04-04 22:33:38,996] {logging_mixin.py:104} INFO - [2021-04-04 22:33:38,996] {dag.py:1818} INFO - Sync 1 DAGs
[2021-04-04 22:33:39,013] {logging_mixin.py:104} INFO - [2021-04-04 22:33:39,013] {dag.py:2273} INFO - Setting next_dagrun for example_branch_dop_operator_v3 to 2021-04-03 00:00:00+00:00
[2021-04-04 22:33:39,019] {scheduler_job.py:190} INFO - Processing /home/prathamesh/PycharmProjects/airflow-project/venv/lib/python3.8/site-packages/airflow/example_dags/example_branch_python_dop_operator_3.py took 0.091 seconds
[2021-04-04 22:34:09,535] {scheduler_job.py:182} INFO - Started process (PID=3630) to work on /home/prathamesh/PycharmProjects/airflow-project/venv/lib/python3.8/site-packages/airflow/example_dags/example_branch_python_dop_operator_3.py
[2021-04-04 22:34:09,542] {scheduler_job.py:629} INFO - Processing file /home/prathamesh/PycharmProjects/airflow-project/venv/lib/python3.8/site-packages/airflow/example_dags/example_branch_python_dop_operator_3.py for tasks to queue
[2021-04-04 22:34:09,543] {logging_mixin.py:104} INFO - [2021-04-04 22:34:09,543] {dagbag.py:448} INFO - Filling up the DagBag from /home/prathamesh/PycharmProjects/airflow-project/venv/lib/python3.8/site-packages/airflow/example_dags/example_branch_python_dop_operator_3.py
[2021-04-04 22:34:09,610] {scheduler_job.py:639} INFO - DAG(s) dict_keys(['example_branch_dop_operator_v3']) retrieved from /home/prathamesh/PycharmProjects/airflow-project/venv/lib/python3.8/site-packages/airflow/example_dags/example_branch_python_dop_operator_3.py
[2021-04-04 22:34:09,698] {logging_mixin.py:104} INFO - [2021-04-04 22:34:09,698] {dag.py:1818} INFO - Sync 1 DAGs
[2021-04-04 22:34:09,877] {logging_mixin.py:104} INFO - [2021-04-04 22:34:09,877] {dag.py:2273} INFO - Setting next_dagrun for example_branch_dop_operator_v3 to 2021-04-03 00:00:00+00:00
[2021-04-04 22:34:09,922] {scheduler_job.py:190} INFO - Processing /home/prathamesh/PycharmProjects/airflow-project/venv/lib/python3.8/site-packages/airflow/example_dags/example_branch_python_dop_operator_3.py took 0.390 seconds
