[2021-04-04 21:52:39,109] {scheduler_job.py:182} INFO - Started process (PID=7171) to work on /home/prathamesh/PycharmProjects/airflow-project/venv/lib/python3.8/site-packages/airflow/example_dags/example_python_operator.py
[2021-04-04 21:52:39,110] {scheduler_job.py:629} INFO - Processing file /home/prathamesh/PycharmProjects/airflow-project/venv/lib/python3.8/site-packages/airflow/example_dags/example_python_operator.py for tasks to queue
[2021-04-04 21:52:39,111] {logging_mixin.py:104} INFO - [2021-04-04 21:52:39,110] {dagbag.py:448} INFO - Filling up the DagBag from /home/prathamesh/PycharmProjects/airflow-project/venv/lib/python3.8/site-packages/airflow/example_dags/example_python_operator.py
[2021-04-04 21:52:39,118] {scheduler_job.py:639} INFO - DAG(s) dict_keys(['example_python_operator']) retrieved from /home/prathamesh/PycharmProjects/airflow-project/venv/lib/python3.8/site-packages/airflow/example_dags/example_python_operator.py
[2021-04-04 21:52:39,128] {logging_mixin.py:104} INFO - [2021-04-04 21:52:39,128] {dag.py:1818} INFO - Sync 1 DAGs
[2021-04-04 21:52:39,136] {logging_mixin.py:104} INFO - [2021-04-04 21:52:39,136] {dag.py:2273} INFO - Setting next_dagrun for example_python_operator to None
[2021-04-04 21:52:39,152] {scheduler_job.py:190} INFO - Processing /home/prathamesh/PycharmProjects/airflow-project/venv/lib/python3.8/site-packages/airflow/example_dags/example_python_operator.py took 0.047 seconds
[2021-04-04 22:01:02,712] {scheduler_job.py:182} INFO - Started process (PID=7725) to work on /home/prathamesh/PycharmProjects/airflow-project/venv/lib/python3.8/site-packages/airflow/example_dags/example_python_operator.py
[2021-04-04 22:01:02,713] {scheduler_job.py:629} INFO - Processing file /home/prathamesh/PycharmProjects/airflow-project/venv/lib/python3.8/site-packages/airflow/example_dags/example_python_operator.py for tasks to queue
[2021-04-04 22:01:02,713] {logging_mixin.py:104} INFO - [2021-04-04 22:01:02,713] {dagbag.py:448} INFO - Filling up the DagBag from /home/prathamesh/PycharmProjects/airflow-project/venv/lib/python3.8/site-packages/airflow/example_dags/example_python_operator.py
[2021-04-04 22:01:02,723] {scheduler_job.py:639} INFO - DAG(s) dict_keys(['example_python_operator']) retrieved from /home/prathamesh/PycharmProjects/airflow-project/venv/lib/python3.8/site-packages/airflow/example_dags/example_python_operator.py
[2021-04-04 22:01:02,738] {logging_mixin.py:104} INFO - [2021-04-04 22:01:02,738] {dag.py:1818} INFO - Sync 1 DAGs
[2021-04-04 22:01:02,746] {logging_mixin.py:104} INFO - [2021-04-04 22:01:02,746] {dag.py:2273} INFO - Setting next_dagrun for example_python_operator to None
[2021-04-04 22:01:02,764] {scheduler_job.py:190} INFO - Processing /home/prathamesh/PycharmProjects/airflow-project/venv/lib/python3.8/site-packages/airflow/example_dags/example_python_operator.py took 0.056 seconds
[2021-04-04 22:32:19,858] {scheduler_job.py:182} INFO - Started process (PID=3529) to work on /home/prathamesh/PycharmProjects/airflow-project/venv/lib/python3.8/site-packages/airflow/example_dags/example_python_operator.py
[2021-04-04 22:32:19,861] {scheduler_job.py:629} INFO - Processing file /home/prathamesh/PycharmProjects/airflow-project/venv/lib/python3.8/site-packages/airflow/example_dags/example_python_operator.py for tasks to queue
[2021-04-04 22:32:19,862] {logging_mixin.py:104} INFO - [2021-04-04 22:32:19,862] {dagbag.py:448} INFO - Filling up the DagBag from /home/prathamesh/PycharmProjects/airflow-project/venv/lib/python3.8/site-packages/airflow/example_dags/example_python_operator.py
[2021-04-04 22:32:19,874] {scheduler_job.py:639} INFO - DAG(s) dict_keys(['example_python_operator']) retrieved from /home/prathamesh/PycharmProjects/airflow-project/venv/lib/python3.8/site-packages/airflow/example_dags/example_python_operator.py
[2021-04-04 22:32:19,890] {logging_mixin.py:104} INFO - [2021-04-04 22:32:19,890] {dag.py:1818} INFO - Sync 1 DAGs
[2021-04-04 22:32:19,900] {logging_mixin.py:104} INFO - [2021-04-04 22:32:19,900] {dag.py:2273} INFO - Setting next_dagrun for example_python_operator to None
[2021-04-04 22:32:19,913] {scheduler_job.py:190} INFO - Processing /home/prathamesh/PycharmProjects/airflow-project/venv/lib/python3.8/site-packages/airflow/example_dags/example_python_operator.py took 0.058 seconds
[2021-04-04 22:32:51,880] {scheduler_job.py:182} INFO - Started process (PID=3557) to work on /home/prathamesh/PycharmProjects/airflow-project/venv/lib/python3.8/site-packages/airflow/example_dags/example_python_operator.py
[2021-04-04 22:32:51,880] {scheduler_job.py:629} INFO - Processing file /home/prathamesh/PycharmProjects/airflow-project/venv/lib/python3.8/site-packages/airflow/example_dags/example_python_operator.py for tasks to queue
[2021-04-04 22:32:51,881] {logging_mixin.py:104} INFO - [2021-04-04 22:32:51,881] {dagbag.py:448} INFO - Filling up the DagBag from /home/prathamesh/PycharmProjects/airflow-project/venv/lib/python3.8/site-packages/airflow/example_dags/example_python_operator.py
[2021-04-04 22:32:51,890] {scheduler_job.py:639} INFO - DAG(s) dict_keys(['example_python_operator']) retrieved from /home/prathamesh/PycharmProjects/airflow-project/venv/lib/python3.8/site-packages/airflow/example_dags/example_python_operator.py
[2021-04-04 22:32:51,901] {logging_mixin.py:104} INFO - [2021-04-04 22:32:51,901] {dag.py:1818} INFO - Sync 1 DAGs
[2021-04-04 22:32:51,908] {logging_mixin.py:104} INFO - [2021-04-04 22:32:51,908] {dag.py:2273} INFO - Setting next_dagrun for example_python_operator to None
[2021-04-04 22:32:51,913] {scheduler_job.py:190} INFO - Processing /home/prathamesh/PycharmProjects/airflow-project/venv/lib/python3.8/site-packages/airflow/example_dags/example_python_operator.py took 0.037 seconds
[2021-04-04 22:33:22,678] {scheduler_job.py:182} INFO - Started process (PID=3586) to work on /home/prathamesh/PycharmProjects/airflow-project/venv/lib/python3.8/site-packages/airflow/example_dags/example_python_operator.py
[2021-04-04 22:33:22,679] {scheduler_job.py:629} INFO - Processing file /home/prathamesh/PycharmProjects/airflow-project/venv/lib/python3.8/site-packages/airflow/example_dags/example_python_operator.py for tasks to queue
[2021-04-04 22:33:22,679] {logging_mixin.py:104} INFO - [2021-04-04 22:33:22,679] {dagbag.py:448} INFO - Filling up the DagBag from /home/prathamesh/PycharmProjects/airflow-project/venv/lib/python3.8/site-packages/airflow/example_dags/example_python_operator.py
[2021-04-04 22:33:22,690] {scheduler_job.py:639} INFO - DAG(s) dict_keys(['example_python_operator']) retrieved from /home/prathamesh/PycharmProjects/airflow-project/venv/lib/python3.8/site-packages/airflow/example_dags/example_python_operator.py
[2021-04-04 22:33:22,699] {logging_mixin.py:104} INFO - [2021-04-04 22:33:22,699] {dag.py:1818} INFO - Sync 1 DAGs
[2021-04-04 22:33:22,708] {logging_mixin.py:104} INFO - [2021-04-04 22:33:22,708] {dag.py:2273} INFO - Setting next_dagrun for example_python_operator to None
[2021-04-04 22:33:22,712] {scheduler_job.py:190} INFO - Processing /home/prathamesh/PycharmProjects/airflow-project/venv/lib/python3.8/site-packages/airflow/example_dags/example_python_operator.py took 0.035 seconds
[2021-04-04 22:33:53,521] {scheduler_job.py:182} INFO - Started process (PID=3613) to work on /home/prathamesh/PycharmProjects/airflow-project/venv/lib/python3.8/site-packages/airflow/example_dags/example_python_operator.py
[2021-04-04 22:33:53,522] {scheduler_job.py:629} INFO - Processing file /home/prathamesh/PycharmProjects/airflow-project/venv/lib/python3.8/site-packages/airflow/example_dags/example_python_operator.py for tasks to queue
[2021-04-04 22:33:53,522] {logging_mixin.py:104} INFO - [2021-04-04 22:33:53,522] {dagbag.py:448} INFO - Filling up the DagBag from /home/prathamesh/PycharmProjects/airflow-project/venv/lib/python3.8/site-packages/airflow/example_dags/example_python_operator.py
[2021-04-04 22:33:53,530] {scheduler_job.py:639} INFO - DAG(s) dict_keys(['example_python_operator']) retrieved from /home/prathamesh/PycharmProjects/airflow-project/venv/lib/python3.8/site-packages/airflow/example_dags/example_python_operator.py
[2021-04-04 22:33:53,541] {logging_mixin.py:104} INFO - [2021-04-04 22:33:53,541] {dag.py:1818} INFO - Sync 1 DAGs
[2021-04-04 22:33:53,551] {logging_mixin.py:104} INFO - [2021-04-04 22:33:53,551] {dag.py:2273} INFO - Setting next_dagrun for example_python_operator to None
[2021-04-04 22:33:53,555] {scheduler_job.py:190} INFO - Processing /home/prathamesh/PycharmProjects/airflow-project/venv/lib/python3.8/site-packages/airflow/example_dags/example_python_operator.py took 0.035 seconds
