[2021-04-04 22:00:51,545] {scheduler_job.py:182} INFO - Started process (PID=7714) to work on /home/prathamesh/PycharmProjects/airflow-project/venv/lib/python3.8/site-packages/airflow/example_dags/example_external_task_marker_dag.py
[2021-04-04 22:00:51,546] {scheduler_job.py:629} INFO - Processing file /home/prathamesh/PycharmProjects/airflow-project/venv/lib/python3.8/site-packages/airflow/example_dags/example_external_task_marker_dag.py for tasks to queue
[2021-04-04 22:00:51,547] {logging_mixin.py:104} INFO - [2021-04-04 22:00:51,546] {dagbag.py:448} INFO - Filling up the DagBag from /home/prathamesh/PycharmProjects/airflow-project/venv/lib/python3.8/site-packages/airflow/example_dags/example_external_task_marker_dag.py
[2021-04-04 22:00:51,554] {scheduler_job.py:639} INFO - DAG(s) dict_keys(['example_external_task_marker_parent', 'example_external_task_marker_child']) retrieved from /home/prathamesh/PycharmProjects/airflow-project/venv/lib/python3.8/site-packages/airflow/example_dags/example_external_task_marker_dag.py
[2021-04-04 22:00:51,567] {logging_mixin.py:104} INFO - [2021-04-04 22:00:51,567] {dag.py:1818} INFO - Sync 2 DAGs
[2021-04-04 22:00:51,574] {logging_mixin.py:104} INFO - [2021-04-04 22:00:51,574] {dag.py:2273} INFO - Setting next_dagrun for example_external_task_marker_child to None
[2021-04-04 22:00:51,574] {logging_mixin.py:104} INFO - [2021-04-04 22:00:51,574] {dag.py:2273} INFO - Setting next_dagrun for example_external_task_marker_parent to None
[2021-04-04 22:00:51,586] {scheduler_job.py:190} INFO - Processing /home/prathamesh/PycharmProjects/airflow-project/venv/lib/python3.8/site-packages/airflow/example_dags/example_external_task_marker_dag.py took 0.043 seconds
[2021-04-04 22:01:23,130] {scheduler_job.py:182} INFO - Started process (PID=7936) to work on /home/prathamesh/PycharmProjects/airflow-project/venv/lib/python3.8/site-packages/airflow/example_dags/example_external_task_marker_dag.py
[2021-04-04 22:01:23,144] {scheduler_job.py:629} INFO - Processing file /home/prathamesh/PycharmProjects/airflow-project/venv/lib/python3.8/site-packages/airflow/example_dags/example_external_task_marker_dag.py for tasks to queue
[2021-04-04 22:01:23,144] {logging_mixin.py:104} INFO - [2021-04-04 22:01:23,144] {dagbag.py:448} INFO - Filling up the DagBag from /home/prathamesh/PycharmProjects/airflow-project/venv/lib/python3.8/site-packages/airflow/example_dags/example_external_task_marker_dag.py
[2021-04-04 22:01:23,182] {scheduler_job.py:639} INFO - DAG(s) dict_keys(['example_external_task_marker_parent', 'example_external_task_marker_child']) retrieved from /home/prathamesh/PycharmProjects/airflow-project/venv/lib/python3.8/site-packages/airflow/example_dags/example_external_task_marker_dag.py
[2021-04-04 22:01:23,229] {logging_mixin.py:104} INFO - [2021-04-04 22:01:23,229] {dag.py:1818} INFO - Sync 2 DAGs
[2021-04-04 22:01:23,248] {logging_mixin.py:104} INFO - [2021-04-04 22:01:23,248] {dag.py:2273} INFO - Setting next_dagrun for example_external_task_marker_child to None
[2021-04-04 22:01:23,249] {logging_mixin.py:104} INFO - [2021-04-04 22:01:23,249] {dag.py:2273} INFO - Setting next_dagrun for example_external_task_marker_parent to None
[2021-04-04 22:01:23,264] {scheduler_job.py:190} INFO - Processing /home/prathamesh/PycharmProjects/airflow-project/venv/lib/python3.8/site-packages/airflow/example_dags/example_external_task_marker_dag.py took 0.137 seconds
[2021-04-04 22:32:01,600] {scheduler_job.py:182} INFO - Started process (PID=3509) to work on /home/prathamesh/PycharmProjects/airflow-project/venv/lib/python3.8/site-packages/airflow/example_dags/example_external_task_marker_dag.py
[2021-04-04 22:32:01,603] {scheduler_job.py:629} INFO - Processing file /home/prathamesh/PycharmProjects/airflow-project/venv/lib/python3.8/site-packages/airflow/example_dags/example_external_task_marker_dag.py for tasks to queue
[2021-04-04 22:32:01,603] {logging_mixin.py:104} INFO - [2021-04-04 22:32:01,603] {dagbag.py:448} INFO - Filling up the DagBag from /home/prathamesh/PycharmProjects/airflow-project/venv/lib/python3.8/site-packages/airflow/example_dags/example_external_task_marker_dag.py
[2021-04-04 22:32:01,609] {scheduler_job.py:639} INFO - DAG(s) dict_keys(['example_external_task_marker_parent', 'example_external_task_marker_child']) retrieved from /home/prathamesh/PycharmProjects/airflow-project/venv/lib/python3.8/site-packages/airflow/example_dags/example_external_task_marker_dag.py
[2021-04-04 22:32:01,621] {logging_mixin.py:104} INFO - [2021-04-04 22:32:01,621] {dag.py:1818} INFO - Sync 2 DAGs
[2021-04-04 22:32:01,627] {logging_mixin.py:104} INFO - [2021-04-04 22:32:01,627] {dag.py:2273} INFO - Setting next_dagrun for example_external_task_marker_child to None
[2021-04-04 22:32:01,628] {logging_mixin.py:104} INFO - [2021-04-04 22:32:01,628] {dag.py:2273} INFO - Setting next_dagrun for example_external_task_marker_parent to None
[2021-04-04 22:32:01,633] {scheduler_job.py:190} INFO - Processing /home/prathamesh/PycharmProjects/airflow-project/venv/lib/python3.8/site-packages/airflow/example_dags/example_external_task_marker_dag.py took 0.035 seconds
[2021-04-04 22:32:32,307] {scheduler_job.py:182} INFO - Started process (PID=3537) to work on /home/prathamesh/PycharmProjects/airflow-project/venv/lib/python3.8/site-packages/airflow/example_dags/example_external_task_marker_dag.py
[2021-04-04 22:32:32,308] {scheduler_job.py:629} INFO - Processing file /home/prathamesh/PycharmProjects/airflow-project/venv/lib/python3.8/site-packages/airflow/example_dags/example_external_task_marker_dag.py for tasks to queue
[2021-04-04 22:32:32,308] {logging_mixin.py:104} INFO - [2021-04-04 22:32:32,308] {dagbag.py:448} INFO - Filling up the DagBag from /home/prathamesh/PycharmProjects/airflow-project/venv/lib/python3.8/site-packages/airflow/example_dags/example_external_task_marker_dag.py
[2021-04-04 22:32:32,315] {scheduler_job.py:639} INFO - DAG(s) dict_keys(['example_external_task_marker_parent', 'example_external_task_marker_child']) retrieved from /home/prathamesh/PycharmProjects/airflow-project/venv/lib/python3.8/site-packages/airflow/example_dags/example_external_task_marker_dag.py
[2021-04-04 22:32:32,327] {logging_mixin.py:104} INFO - [2021-04-04 22:32:32,327] {dag.py:1818} INFO - Sync 2 DAGs
[2021-04-04 22:32:32,334] {logging_mixin.py:104} INFO - [2021-04-04 22:32:32,334] {dag.py:2273} INFO - Setting next_dagrun for example_external_task_marker_child to None
[2021-04-04 22:32:32,334] {logging_mixin.py:104} INFO - [2021-04-04 22:32:32,334] {dag.py:2273} INFO - Setting next_dagrun for example_external_task_marker_parent to None
[2021-04-04 22:32:32,349] {scheduler_job.py:190} INFO - Processing /home/prathamesh/PycharmProjects/airflow-project/venv/lib/python3.8/site-packages/airflow/example_dags/example_external_task_marker_dag.py took 0.044 seconds
[2021-04-04 22:33:03,106] {scheduler_job.py:182} INFO - Started process (PID=3565) to work on /home/prathamesh/PycharmProjects/airflow-project/venv/lib/python3.8/site-packages/airflow/example_dags/example_external_task_marker_dag.py
[2021-04-04 22:33:03,107] {scheduler_job.py:629} INFO - Processing file /home/prathamesh/PycharmProjects/airflow-project/venv/lib/python3.8/site-packages/airflow/example_dags/example_external_task_marker_dag.py for tasks to queue
[2021-04-04 22:33:03,107] {logging_mixin.py:104} INFO - [2021-04-04 22:33:03,107] {dagbag.py:448} INFO - Filling up the DagBag from /home/prathamesh/PycharmProjects/airflow-project/venv/lib/python3.8/site-packages/airflow/example_dags/example_external_task_marker_dag.py
[2021-04-04 22:33:03,114] {scheduler_job.py:639} INFO - DAG(s) dict_keys(['example_external_task_marker_parent', 'example_external_task_marker_child']) retrieved from /home/prathamesh/PycharmProjects/airflow-project/venv/lib/python3.8/site-packages/airflow/example_dags/example_external_task_marker_dag.py
[2021-04-04 22:33:03,129] {logging_mixin.py:104} INFO - [2021-04-04 22:33:03,129] {dag.py:1818} INFO - Sync 2 DAGs
[2021-04-04 22:33:03,138] {logging_mixin.py:104} INFO - [2021-04-04 22:33:03,138] {dag.py:2273} INFO - Setting next_dagrun for example_external_task_marker_child to None
[2021-04-04 22:33:03,139] {logging_mixin.py:104} INFO - [2021-04-04 22:33:03,139] {dag.py:2273} INFO - Setting next_dagrun for example_external_task_marker_parent to None
[2021-04-04 22:33:03,143] {scheduler_job.py:190} INFO - Processing /home/prathamesh/PycharmProjects/airflow-project/venv/lib/python3.8/site-packages/airflow/example_dags/example_external_task_marker_dag.py took 0.040 seconds
[2021-04-04 22:33:33,902] {scheduler_job.py:182} INFO - Started process (PID=3594) to work on /home/prathamesh/PycharmProjects/airflow-project/venv/lib/python3.8/site-packages/airflow/example_dags/example_external_task_marker_dag.py
[2021-04-04 22:33:33,903] {scheduler_job.py:629} INFO - Processing file /home/prathamesh/PycharmProjects/airflow-project/venv/lib/python3.8/site-packages/airflow/example_dags/example_external_task_marker_dag.py for tasks to queue
[2021-04-04 22:33:33,903] {logging_mixin.py:104} INFO - [2021-04-04 22:33:33,903] {dagbag.py:448} INFO - Filling up the DagBag from /home/prathamesh/PycharmProjects/airflow-project/venv/lib/python3.8/site-packages/airflow/example_dags/example_external_task_marker_dag.py
[2021-04-04 22:33:33,912] {scheduler_job.py:639} INFO - DAG(s) dict_keys(['example_external_task_marker_parent', 'example_external_task_marker_child']) retrieved from /home/prathamesh/PycharmProjects/airflow-project/venv/lib/python3.8/site-packages/airflow/example_dags/example_external_task_marker_dag.py
[2021-04-04 22:33:33,928] {logging_mixin.py:104} INFO - [2021-04-04 22:33:33,928] {dag.py:1818} INFO - Sync 2 DAGs
[2021-04-04 22:33:33,938] {logging_mixin.py:104} INFO - [2021-04-04 22:33:33,938] {dag.py:2273} INFO - Setting next_dagrun for example_external_task_marker_child to None
[2021-04-04 22:33:33,939] {logging_mixin.py:104} INFO - [2021-04-04 22:33:33,939] {dag.py:2273} INFO - Setting next_dagrun for example_external_task_marker_parent to None
[2021-04-04 22:33:33,973] {scheduler_job.py:190} INFO - Processing /home/prathamesh/PycharmProjects/airflow-project/venv/lib/python3.8/site-packages/airflow/example_dags/example_external_task_marker_dag.py took 0.074 seconds
[2021-04-04 22:34:04,757] {scheduler_job.py:182} INFO - Started process (PID=3621) to work on /home/prathamesh/PycharmProjects/airflow-project/venv/lib/python3.8/site-packages/airflow/example_dags/example_external_task_marker_dag.py
[2021-04-04 22:34:04,758] {scheduler_job.py:629} INFO - Processing file /home/prathamesh/PycharmProjects/airflow-project/venv/lib/python3.8/site-packages/airflow/example_dags/example_external_task_marker_dag.py for tasks to queue
[2021-04-04 22:34:04,759] {logging_mixin.py:104} INFO - [2021-04-04 22:34:04,759] {dagbag.py:448} INFO - Filling up the DagBag from /home/prathamesh/PycharmProjects/airflow-project/venv/lib/python3.8/site-packages/airflow/example_dags/example_external_task_marker_dag.py
[2021-04-04 22:34:04,767] {scheduler_job.py:639} INFO - DAG(s) dict_keys(['example_external_task_marker_parent', 'example_external_task_marker_child']) retrieved from /home/prathamesh/PycharmProjects/airflow-project/venv/lib/python3.8/site-packages/airflow/example_dags/example_external_task_marker_dag.py
[2021-04-04 22:34:04,781] {logging_mixin.py:104} INFO - [2021-04-04 22:34:04,780] {dag.py:1818} INFO - Sync 2 DAGs
[2021-04-04 22:34:04,791] {logging_mixin.py:104} INFO - [2021-04-04 22:34:04,791] {dag.py:2273} INFO - Setting next_dagrun for example_external_task_marker_child to None
[2021-04-04 22:34:04,792] {logging_mixin.py:104} INFO - [2021-04-04 22:34:04,792] {dag.py:2273} INFO - Setting next_dagrun for example_external_task_marker_parent to None
[2021-04-04 22:34:04,806] {scheduler_job.py:190} INFO - Processing /home/prathamesh/PycharmProjects/airflow-project/venv/lib/python3.8/site-packages/airflow/example_dags/example_external_task_marker_dag.py took 0.052 seconds
