[2021-04-04 22:00:40,616] {scheduler_job.py:182} INFO - Started process (PID=7688) to work on /home/prathamesh/PycharmProjects/airflow-project/venv/lib/python3.8/site-packages/airflow/example_dags/tutorial_etl_dag.py
[2021-04-04 22:00:40,616] {scheduler_job.py:629} INFO - Processing file /home/prathamesh/PycharmProjects/airflow-project/venv/lib/python3.8/site-packages/airflow/example_dags/tutorial_etl_dag.py for tasks to queue
[2021-04-04 22:00:40,617] {logging_mixin.py:104} INFO - [2021-04-04 22:00:40,617] {dagbag.py:448} INFO - Filling up the DagBag from /home/prathamesh/PycharmProjects/airflow-project/venv/lib/python3.8/site-packages/airflow/example_dags/tutorial_etl_dag.py
[2021-04-04 22:00:40,637] {scheduler_job.py:639} INFO - DAG(s) dict_keys(['tutorial_etl_dag']) retrieved from /home/prathamesh/PycharmProjects/airflow-project/venv/lib/python3.8/site-packages/airflow/example_dags/tutorial_etl_dag.py
[2021-04-04 22:00:40,650] {logging_mixin.py:104} INFO - [2021-04-04 22:00:40,650] {dag.py:1818} INFO - Sync 1 DAGs
[2021-04-04 22:00:40,664] {logging_mixin.py:104} INFO - [2021-04-04 22:00:40,664] {dag.py:2273} INFO - Setting next_dagrun for tutorial_etl_dag to None
[2021-04-04 22:00:40,679] {scheduler_job.py:190} INFO - Processing /home/prathamesh/PycharmProjects/airflow-project/venv/lib/python3.8/site-packages/airflow/example_dags/tutorial_etl_dag.py took 0.066 seconds
[2021-04-04 22:01:11,742] {scheduler_job.py:182} INFO - Started process (PID=7848) to work on /home/prathamesh/PycharmProjects/airflow-project/venv/lib/python3.8/site-packages/airflow/example_dags/tutorial_etl_dag.py
[2021-04-04 22:01:11,747] {scheduler_job.py:629} INFO - Processing file /home/prathamesh/PycharmProjects/airflow-project/venv/lib/python3.8/site-packages/airflow/example_dags/tutorial_etl_dag.py for tasks to queue
[2021-04-04 22:01:11,747] {logging_mixin.py:104} INFO - [2021-04-04 22:01:11,747] {dagbag.py:448} INFO - Filling up the DagBag from /home/prathamesh/PycharmProjects/airflow-project/venv/lib/python3.8/site-packages/airflow/example_dags/tutorial_etl_dag.py
[2021-04-04 22:01:11,754] {scheduler_job.py:639} INFO - DAG(s) dict_keys(['tutorial_etl_dag']) retrieved from /home/prathamesh/PycharmProjects/airflow-project/venv/lib/python3.8/site-packages/airflow/example_dags/tutorial_etl_dag.py
[2021-04-04 22:01:11,843] {logging_mixin.py:104} INFO - [2021-04-04 22:01:11,843] {dag.py:1818} INFO - Sync 1 DAGs
[2021-04-04 22:01:11,849] {logging_mixin.py:104} INFO - [2021-04-04 22:01:11,849] {dag.py:2273} INFO - Setting next_dagrun for tutorial_etl_dag to None
[2021-04-04 22:01:11,910] {scheduler_job.py:190} INFO - Processing /home/prathamesh/PycharmProjects/airflow-project/venv/lib/python3.8/site-packages/airflow/example_dags/tutorial_etl_dag.py took 0.189 seconds
[2021-04-04 22:32:12,943] {scheduler_job.py:182} INFO - Started process (PID=3522) to work on /home/prathamesh/PycharmProjects/airflow-project/venv/lib/python3.8/site-packages/airflow/example_dags/tutorial_etl_dag.py
[2021-04-04 22:32:12,944] {scheduler_job.py:629} INFO - Processing file /home/prathamesh/PycharmProjects/airflow-project/venv/lib/python3.8/site-packages/airflow/example_dags/tutorial_etl_dag.py for tasks to queue
[2021-04-04 22:32:12,945] {logging_mixin.py:104} INFO - [2021-04-04 22:32:12,945] {dagbag.py:448} INFO - Filling up the DagBag from /home/prathamesh/PycharmProjects/airflow-project/venv/lib/python3.8/site-packages/airflow/example_dags/tutorial_etl_dag.py
[2021-04-04 22:32:12,952] {scheduler_job.py:639} INFO - DAG(s) dict_keys(['tutorial_etl_dag']) retrieved from /home/prathamesh/PycharmProjects/airflow-project/venv/lib/python3.8/site-packages/airflow/example_dags/tutorial_etl_dag.py
[2021-04-04 22:32:12,970] {logging_mixin.py:104} INFO - [2021-04-04 22:32:12,970] {dag.py:1818} INFO - Sync 1 DAGs
[2021-04-04 22:32:12,977] {logging_mixin.py:104} INFO - [2021-04-04 22:32:12,977] {dag.py:2273} INFO - Setting next_dagrun for tutorial_etl_dag to None
[2021-04-04 22:32:12,984] {scheduler_job.py:190} INFO - Processing /home/prathamesh/PycharmProjects/airflow-project/venv/lib/python3.8/site-packages/airflow/example_dags/tutorial_etl_dag.py took 0.043 seconds
[2021-04-04 22:32:45,609] {scheduler_job.py:182} INFO - Started process (PID=3551) to work on /home/prathamesh/PycharmProjects/airflow-project/venv/lib/python3.8/site-packages/airflow/example_dags/tutorial_etl_dag.py
[2021-04-04 22:32:45,611] {scheduler_job.py:629} INFO - Processing file /home/prathamesh/PycharmProjects/airflow-project/venv/lib/python3.8/site-packages/airflow/example_dags/tutorial_etl_dag.py for tasks to queue
[2021-04-04 22:32:45,612] {logging_mixin.py:104} INFO - [2021-04-04 22:32:45,611] {dagbag.py:448} INFO - Filling up the DagBag from /home/prathamesh/PycharmProjects/airflow-project/venv/lib/python3.8/site-packages/airflow/example_dags/tutorial_etl_dag.py
[2021-04-04 22:32:45,623] {scheduler_job.py:639} INFO - DAG(s) dict_keys(['tutorial_etl_dag']) retrieved from /home/prathamesh/PycharmProjects/airflow-project/venv/lib/python3.8/site-packages/airflow/example_dags/tutorial_etl_dag.py
[2021-04-04 22:32:45,638] {logging_mixin.py:104} INFO - [2021-04-04 22:32:45,638] {dag.py:1818} INFO - Sync 1 DAGs
[2021-04-04 22:32:45,652] {logging_mixin.py:104} INFO - [2021-04-04 22:32:45,652] {dag.py:2273} INFO - Setting next_dagrun for tutorial_etl_dag to None
[2021-04-04 22:32:45,656] {scheduler_job.py:190} INFO - Processing /home/prathamesh/PycharmProjects/airflow-project/venv/lib/python3.8/site-packages/airflow/example_dags/tutorial_etl_dag.py took 0.051 seconds
[2021-04-04 22:33:16,421] {scheduler_job.py:182} INFO - Started process (PID=3580) to work on /home/prathamesh/PycharmProjects/airflow-project/venv/lib/python3.8/site-packages/airflow/example_dags/tutorial_etl_dag.py
[2021-04-04 22:33:16,423] {scheduler_job.py:629} INFO - Processing file /home/prathamesh/PycharmProjects/airflow-project/venv/lib/python3.8/site-packages/airflow/example_dags/tutorial_etl_dag.py for tasks to queue
[2021-04-04 22:33:16,424] {logging_mixin.py:104} INFO - [2021-04-04 22:33:16,423] {dagbag.py:448} INFO - Filling up the DagBag from /home/prathamesh/PycharmProjects/airflow-project/venv/lib/python3.8/site-packages/airflow/example_dags/tutorial_etl_dag.py
[2021-04-04 22:33:16,438] {scheduler_job.py:639} INFO - DAG(s) dict_keys(['tutorial_etl_dag']) retrieved from /home/prathamesh/PycharmProjects/airflow-project/venv/lib/python3.8/site-packages/airflow/example_dags/tutorial_etl_dag.py
[2021-04-04 22:33:16,448] {logging_mixin.py:104} INFO - [2021-04-04 22:33:16,447] {dag.py:1818} INFO - Sync 1 DAGs
[2021-04-04 22:33:16,455] {logging_mixin.py:104} INFO - [2021-04-04 22:33:16,455] {dag.py:2273} INFO - Setting next_dagrun for tutorial_etl_dag to None
[2021-04-04 22:33:16,459] {scheduler_job.py:190} INFO - Processing /home/prathamesh/PycharmProjects/airflow-project/venv/lib/python3.8/site-packages/airflow/example_dags/tutorial_etl_dag.py took 0.043 seconds
[2021-04-04 22:33:47,245] {scheduler_job.py:182} INFO - Started process (PID=3607) to work on /home/prathamesh/PycharmProjects/airflow-project/venv/lib/python3.8/site-packages/airflow/example_dags/tutorial_etl_dag.py
[2021-04-04 22:33:47,246] {scheduler_job.py:629} INFO - Processing file /home/prathamesh/PycharmProjects/airflow-project/venv/lib/python3.8/site-packages/airflow/example_dags/tutorial_etl_dag.py for tasks to queue
[2021-04-04 22:33:47,246] {logging_mixin.py:104} INFO - [2021-04-04 22:33:47,246] {dagbag.py:448} INFO - Filling up the DagBag from /home/prathamesh/PycharmProjects/airflow-project/venv/lib/python3.8/site-packages/airflow/example_dags/tutorial_etl_dag.py
[2021-04-04 22:33:47,254] {scheduler_job.py:639} INFO - DAG(s) dict_keys(['tutorial_etl_dag']) retrieved from /home/prathamesh/PycharmProjects/airflow-project/venv/lib/python3.8/site-packages/airflow/example_dags/tutorial_etl_dag.py
[2021-04-04 22:33:47,263] {logging_mixin.py:104} INFO - [2021-04-04 22:33:47,263] {dag.py:1818} INFO - Sync 1 DAGs
[2021-04-04 22:33:47,271] {logging_mixin.py:104} INFO - [2021-04-04 22:33:47,271] {dag.py:2273} INFO - Setting next_dagrun for tutorial_etl_dag to None
[2021-04-04 22:33:47,286] {scheduler_job.py:190} INFO - Processing /home/prathamesh/PycharmProjects/airflow-project/venv/lib/python3.8/site-packages/airflow/example_dags/tutorial_etl_dag.py took 0.043 seconds
