[2021-04-04 22:00:31,501] {scheduler_job.py:182} INFO - Started process (PID=7667) to work on /home/prathamesh/PycharmProjects/airflow-project/venv/lib/python3.8/site-packages/airflow/example_dags/tutorial_taskflow_api_etl.py
[2021-04-04 22:00:31,501] {scheduler_job.py:629} INFO - Processing file /home/prathamesh/PycharmProjects/airflow-project/venv/lib/python3.8/site-packages/airflow/example_dags/tutorial_taskflow_api_etl.py for tasks to queue
[2021-04-04 22:00:31,502] {logging_mixin.py:104} INFO - [2021-04-04 22:00:31,502] {dagbag.py:448} INFO - Filling up the DagBag from /home/prathamesh/PycharmProjects/airflow-project/venv/lib/python3.8/site-packages/airflow/example_dags/tutorial_taskflow_api_etl.py
[2021-04-04 22:00:31,522] {scheduler_job.py:639} INFO - DAG(s) dict_keys(['tutorial_taskflow_api_etl']) retrieved from /home/prathamesh/PycharmProjects/airflow-project/venv/lib/python3.8/site-packages/airflow/example_dags/tutorial_taskflow_api_etl.py
[2021-04-04 22:00:31,536] {logging_mixin.py:104} INFO - [2021-04-04 22:00:31,536] {dag.py:1818} INFO - Sync 1 DAGs
[2021-04-04 22:00:31,542] {logging_mixin.py:104} INFO - [2021-04-04 22:00:31,542] {dag.py:2273} INFO - Setting next_dagrun for tutorial_taskflow_api_etl to None
[2021-04-04 22:00:31,560] {scheduler_job.py:190} INFO - Processing /home/prathamesh/PycharmProjects/airflow-project/venv/lib/python3.8/site-packages/airflow/example_dags/tutorial_taskflow_api_etl.py took 0.062 seconds
[2021-04-04 22:01:08,309] {scheduler_job.py:182} INFO - Started process (PID=7741) to work on /home/prathamesh/PycharmProjects/airflow-project/venv/lib/python3.8/site-packages/airflow/example_dags/tutorial_taskflow_api_etl.py
[2021-04-04 22:01:08,316] {scheduler_job.py:629} INFO - Processing file /home/prathamesh/PycharmProjects/airflow-project/venv/lib/python3.8/site-packages/airflow/example_dags/tutorial_taskflow_api_etl.py for tasks to queue
[2021-04-04 22:01:08,316] {logging_mixin.py:104} INFO - [2021-04-04 22:01:08,316] {dagbag.py:448} INFO - Filling up the DagBag from /home/prathamesh/PycharmProjects/airflow-project/venv/lib/python3.8/site-packages/airflow/example_dags/tutorial_taskflow_api_etl.py
[2021-04-04 22:01:08,324] {scheduler_job.py:639} INFO - DAG(s) dict_keys(['tutorial_taskflow_api_etl']) retrieved from /home/prathamesh/PycharmProjects/airflow-project/venv/lib/python3.8/site-packages/airflow/example_dags/tutorial_taskflow_api_etl.py
[2021-04-04 22:01:08,367] {logging_mixin.py:104} INFO - [2021-04-04 22:01:08,367] {dag.py:1818} INFO - Sync 1 DAGs
[2021-04-04 22:01:08,406] {logging_mixin.py:104} INFO - [2021-04-04 22:01:08,406] {dag.py:2273} INFO - Setting next_dagrun for tutorial_taskflow_api_etl to None
[2021-04-04 22:01:08,441] {scheduler_job.py:190} INFO - Processing /home/prathamesh/PycharmProjects/airflow-project/venv/lib/python3.8/site-packages/airflow/example_dags/tutorial_taskflow_api_etl.py took 0.134 seconds
[2021-04-04 22:32:13,548] {scheduler_job.py:182} INFO - Started process (PID=3523) to work on /home/prathamesh/PycharmProjects/airflow-project/venv/lib/python3.8/site-packages/airflow/example_dags/tutorial_taskflow_api_etl.py
[2021-04-04 22:32:13,551] {scheduler_job.py:629} INFO - Processing file /home/prathamesh/PycharmProjects/airflow-project/venv/lib/python3.8/site-packages/airflow/example_dags/tutorial_taskflow_api_etl.py for tasks to queue
[2021-04-04 22:32:13,551] {logging_mixin.py:104} INFO - [2021-04-04 22:32:13,551] {dagbag.py:448} INFO - Filling up the DagBag from /home/prathamesh/PycharmProjects/airflow-project/venv/lib/python3.8/site-packages/airflow/example_dags/tutorial_taskflow_api_etl.py
[2021-04-04 22:32:13,558] {scheduler_job.py:639} INFO - DAG(s) dict_keys(['tutorial_taskflow_api_etl']) retrieved from /home/prathamesh/PycharmProjects/airflow-project/venv/lib/python3.8/site-packages/airflow/example_dags/tutorial_taskflow_api_etl.py
[2021-04-04 22:32:13,568] {logging_mixin.py:104} INFO - [2021-04-04 22:32:13,568] {dag.py:1818} INFO - Sync 1 DAGs
[2021-04-04 22:32:13,575] {logging_mixin.py:104} INFO - [2021-04-04 22:32:13,575] {dag.py:2273} INFO - Setting next_dagrun for tutorial_taskflow_api_etl to None
[2021-04-04 22:32:13,592] {scheduler_job.py:190} INFO - Processing /home/prathamesh/PycharmProjects/airflow-project/venv/lib/python3.8/site-packages/airflow/example_dags/tutorial_taskflow_api_etl.py took 0.045 seconds
[2021-04-04 22:32:44,464] {scheduler_job.py:182} INFO - Started process (PID=3550) to work on /home/prathamesh/PycharmProjects/airflow-project/venv/lib/python3.8/site-packages/airflow/example_dags/tutorial_taskflow_api_etl.py
[2021-04-04 22:32:44,465] {scheduler_job.py:629} INFO - Processing file /home/prathamesh/PycharmProjects/airflow-project/venv/lib/python3.8/site-packages/airflow/example_dags/tutorial_taskflow_api_etl.py for tasks to queue
[2021-04-04 22:32:44,465] {logging_mixin.py:104} INFO - [2021-04-04 22:32:44,465] {dagbag.py:448} INFO - Filling up the DagBag from /home/prathamesh/PycharmProjects/airflow-project/venv/lib/python3.8/site-packages/airflow/example_dags/tutorial_taskflow_api_etl.py
[2021-04-04 22:32:44,472] {scheduler_job.py:639} INFO - DAG(s) dict_keys(['tutorial_taskflow_api_etl']) retrieved from /home/prathamesh/PycharmProjects/airflow-project/venv/lib/python3.8/site-packages/airflow/example_dags/tutorial_taskflow_api_etl.py
[2021-04-04 22:32:44,483] {logging_mixin.py:104} INFO - [2021-04-04 22:32:44,483] {dag.py:1818} INFO - Sync 1 DAGs
[2021-04-04 22:32:44,492] {logging_mixin.py:104} INFO - [2021-04-04 22:32:44,492] {dag.py:2273} INFO - Setting next_dagrun for tutorial_taskflow_api_etl to None
[2021-04-04 22:32:44,507] {scheduler_job.py:190} INFO - Processing /home/prathamesh/PycharmProjects/airflow-project/venv/lib/python3.8/site-packages/airflow/example_dags/tutorial_taskflow_api_etl.py took 0.044 seconds
[2021-04-04 22:33:14,652] {scheduler_job.py:182} INFO - Started process (PID=3576) to work on /home/prathamesh/PycharmProjects/airflow-project/venv/lib/python3.8/site-packages/airflow/example_dags/tutorial_taskflow_api_etl.py
[2021-04-04 22:33:14,653] {scheduler_job.py:629} INFO - Processing file /home/prathamesh/PycharmProjects/airflow-project/venv/lib/python3.8/site-packages/airflow/example_dags/tutorial_taskflow_api_etl.py for tasks to queue
[2021-04-04 22:33:14,654] {logging_mixin.py:104} INFO - [2021-04-04 22:33:14,654] {dagbag.py:448} INFO - Filling up the DagBag from /home/prathamesh/PycharmProjects/airflow-project/venv/lib/python3.8/site-packages/airflow/example_dags/tutorial_taskflow_api_etl.py
[2021-04-04 22:33:14,666] {scheduler_job.py:639} INFO - DAG(s) dict_keys(['tutorial_taskflow_api_etl']) retrieved from /home/prathamesh/PycharmProjects/airflow-project/venv/lib/python3.8/site-packages/airflow/example_dags/tutorial_taskflow_api_etl.py
[2021-04-04 22:33:14,685] {logging_mixin.py:104} INFO - [2021-04-04 22:33:14,685] {dag.py:1818} INFO - Sync 1 DAGs
[2021-04-04 22:33:14,699] {logging_mixin.py:104} INFO - [2021-04-04 22:33:14,699] {dag.py:2273} INFO - Setting next_dagrun for tutorial_taskflow_api_etl to None
[2021-04-04 22:33:14,722] {scheduler_job.py:190} INFO - Processing /home/prathamesh/PycharmProjects/airflow-project/venv/lib/python3.8/site-packages/airflow/example_dags/tutorial_taskflow_api_etl.py took 0.075 seconds
[2021-04-04 22:33:45,410] {scheduler_job.py:182} INFO - Started process (PID=3605) to work on /home/prathamesh/PycharmProjects/airflow-project/venv/lib/python3.8/site-packages/airflow/example_dags/tutorial_taskflow_api_etl.py
[2021-04-04 22:33:45,411] {scheduler_job.py:629} INFO - Processing file /home/prathamesh/PycharmProjects/airflow-project/venv/lib/python3.8/site-packages/airflow/example_dags/tutorial_taskflow_api_etl.py for tasks to queue
[2021-04-04 22:33:45,411] {logging_mixin.py:104} INFO - [2021-04-04 22:33:45,411] {dagbag.py:448} INFO - Filling up the DagBag from /home/prathamesh/PycharmProjects/airflow-project/venv/lib/python3.8/site-packages/airflow/example_dags/tutorial_taskflow_api_etl.py
[2021-04-04 22:33:45,419] {scheduler_job.py:639} INFO - DAG(s) dict_keys(['tutorial_taskflow_api_etl']) retrieved from /home/prathamesh/PycharmProjects/airflow-project/venv/lib/python3.8/site-packages/airflow/example_dags/tutorial_taskflow_api_etl.py
[2021-04-04 22:33:45,429] {logging_mixin.py:104} INFO - [2021-04-04 22:33:45,429] {dag.py:1818} INFO - Sync 1 DAGs
[2021-04-04 22:33:45,436] {logging_mixin.py:104} INFO - [2021-04-04 22:33:45,436] {dag.py:2273} INFO - Setting next_dagrun for tutorial_taskflow_api_etl to None
[2021-04-04 22:33:45,450] {scheduler_job.py:190} INFO - Processing /home/prathamesh/PycharmProjects/airflow-project/venv/lib/python3.8/site-packages/airflow/example_dags/tutorial_taskflow_api_etl.py took 0.042 seconds
