[2021-04-04 03:36:12,661] {scheduler_job.py:182} INFO - Started process (PID=2987) to work on /home/prathamesh/PycharmProjects/airflow-project/venv/lib/python3.8/site-packages/airflow/example_dags/example_trigger_target_dag.py
[2021-04-04 03:36:12,662] {scheduler_job.py:629} INFO - Processing file /home/prathamesh/PycharmProjects/airflow-project/venv/lib/python3.8/site-packages/airflow/example_dags/example_trigger_target_dag.py for tasks to queue
[2021-04-04 03:36:12,662] {logging_mixin.py:104} INFO - [2021-04-04 03:36:12,662] {dagbag.py:448} INFO - Filling up the DagBag from /home/prathamesh/PycharmProjects/airflow-project/venv/lib/python3.8/site-packages/airflow/example_dags/example_trigger_target_dag.py
[2021-04-04 03:36:12,672] {scheduler_job.py:639} INFO - DAG(s) dict_keys(['example_trigger_target_dag']) retrieved from /home/prathamesh/PycharmProjects/airflow-project/venv/lib/python3.8/site-packages/airflow/example_dags/example_trigger_target_dag.py
[2021-04-04 03:36:12,681] {logging_mixin.py:104} INFO - [2021-04-04 03:36:12,681] {dag.py:1818} INFO - Sync 1 DAGs
[2021-04-04 03:36:12,688] {logging_mixin.py:104} INFO - [2021-04-04 03:36:12,688] {dag.py:2273} INFO - Setting next_dagrun for example_trigger_target_dag to None
[2021-04-04 03:36:12,693] {scheduler_job.py:190} INFO - Processing /home/prathamesh/PycharmProjects/airflow-project/venv/lib/python3.8/site-packages/airflow/example_dags/example_trigger_target_dag.py took 0.036 seconds
[2021-04-04 03:36:43,629] {scheduler_job.py:182} INFO - Started process (PID=3222) to work on /home/prathamesh/PycharmProjects/airflow-project/venv/lib/python3.8/site-packages/airflow/example_dags/example_trigger_target_dag.py
[2021-04-04 03:36:43,630] {scheduler_job.py:629} INFO - Processing file /home/prathamesh/PycharmProjects/airflow-project/venv/lib/python3.8/site-packages/airflow/example_dags/example_trigger_target_dag.py for tasks to queue
[2021-04-04 03:36:43,630] {logging_mixin.py:104} INFO - [2021-04-04 03:36:43,630] {dagbag.py:448} INFO - Filling up the DagBag from /home/prathamesh/PycharmProjects/airflow-project/venv/lib/python3.8/site-packages/airflow/example_dags/example_trigger_target_dag.py
[2021-04-04 03:36:43,660] {scheduler_job.py:639} INFO - DAG(s) dict_keys(['example_trigger_target_dag']) retrieved from /home/prathamesh/PycharmProjects/airflow-project/venv/lib/python3.8/site-packages/airflow/example_dags/example_trigger_target_dag.py
[2021-04-04 03:36:43,726] {logging_mixin.py:104} INFO - [2021-04-04 03:36:43,726] {dag.py:1818} INFO - Sync 1 DAGs
[2021-04-04 03:36:43,782] {logging_mixin.py:104} INFO - [2021-04-04 03:36:43,782] {dag.py:2273} INFO - Setting next_dagrun for example_trigger_target_dag to None
[2021-04-04 03:36:43,802] {scheduler_job.py:190} INFO - Processing /home/prathamesh/PycharmProjects/airflow-project/venv/lib/python3.8/site-packages/airflow/example_dags/example_trigger_target_dag.py took 0.196 seconds
[2021-04-04 03:37:14,862] {scheduler_job.py:182} INFO - Started process (PID=3257) to work on /home/prathamesh/PycharmProjects/airflow-project/venv/lib/python3.8/site-packages/airflow/example_dags/example_trigger_target_dag.py
[2021-04-04 03:37:14,863] {scheduler_job.py:629} INFO - Processing file /home/prathamesh/PycharmProjects/airflow-project/venv/lib/python3.8/site-packages/airflow/example_dags/example_trigger_target_dag.py for tasks to queue
[2021-04-04 03:37:14,863] {logging_mixin.py:104} INFO - [2021-04-04 03:37:14,863] {dagbag.py:448} INFO - Filling up the DagBag from /home/prathamesh/PycharmProjects/airflow-project/venv/lib/python3.8/site-packages/airflow/example_dags/example_trigger_target_dag.py
[2021-04-04 03:37:14,935] {scheduler_job.py:639} INFO - DAG(s) dict_keys(['example_trigger_target_dag']) retrieved from /home/prathamesh/PycharmProjects/airflow-project/venv/lib/python3.8/site-packages/airflow/example_dags/example_trigger_target_dag.py
[2021-04-04 03:37:14,978] {logging_mixin.py:104} INFO - [2021-04-04 03:37:14,977] {dag.py:1818} INFO - Sync 1 DAGs
[2021-04-04 03:37:15,061] {logging_mixin.py:104} INFO - [2021-04-04 03:37:15,061] {dag.py:2273} INFO - Setting next_dagrun for example_trigger_target_dag to None
[2021-04-04 03:37:15,135] {scheduler_job.py:190} INFO - Processing /home/prathamesh/PycharmProjects/airflow-project/venv/lib/python3.8/site-packages/airflow/example_dags/example_trigger_target_dag.py took 0.276 seconds
[2021-04-04 03:37:45,444] {scheduler_job.py:182} INFO - Started process (PID=3290) to work on /home/prathamesh/PycharmProjects/airflow-project/venv/lib/python3.8/site-packages/airflow/example_dags/example_trigger_target_dag.py
[2021-04-04 03:37:45,445] {scheduler_job.py:629} INFO - Processing file /home/prathamesh/PycharmProjects/airflow-project/venv/lib/python3.8/site-packages/airflow/example_dags/example_trigger_target_dag.py for tasks to queue
[2021-04-04 03:37:45,447] {logging_mixin.py:104} INFO - [2021-04-04 03:37:45,447] {dagbag.py:448} INFO - Filling up the DagBag from /home/prathamesh/PycharmProjects/airflow-project/venv/lib/python3.8/site-packages/airflow/example_dags/example_trigger_target_dag.py
[2021-04-04 03:37:45,454] {scheduler_job.py:639} INFO - DAG(s) dict_keys(['example_trigger_target_dag']) retrieved from /home/prathamesh/PycharmProjects/airflow-project/venv/lib/python3.8/site-packages/airflow/example_dags/example_trigger_target_dag.py
[2021-04-04 03:37:45,474] {logging_mixin.py:104} INFO - [2021-04-04 03:37:45,474] {dag.py:1818} INFO - Sync 1 DAGs
[2021-04-04 03:37:45,484] {logging_mixin.py:104} INFO - [2021-04-04 03:37:45,484] {dag.py:2273} INFO - Setting next_dagrun for example_trigger_target_dag to None
[2021-04-04 03:37:45,489] {scheduler_job.py:190} INFO - Processing /home/prathamesh/PycharmProjects/airflow-project/venv/lib/python3.8/site-packages/airflow/example_dags/example_trigger_target_dag.py took 0.049 seconds
[2021-04-04 03:38:16,138] {scheduler_job.py:182} INFO - Started process (PID=3319) to work on /home/prathamesh/PycharmProjects/airflow-project/venv/lib/python3.8/site-packages/airflow/example_dags/example_trigger_target_dag.py
[2021-04-04 03:38:16,139] {scheduler_job.py:629} INFO - Processing file /home/prathamesh/PycharmProjects/airflow-project/venv/lib/python3.8/site-packages/airflow/example_dags/example_trigger_target_dag.py for tasks to queue
[2021-04-04 03:38:16,140] {logging_mixin.py:104} INFO - [2021-04-04 03:38:16,140] {dagbag.py:448} INFO - Filling up the DagBag from /home/prathamesh/PycharmProjects/airflow-project/venv/lib/python3.8/site-packages/airflow/example_dags/example_trigger_target_dag.py
[2021-04-04 03:38:16,153] {scheduler_job.py:639} INFO - DAG(s) dict_keys(['example_trigger_target_dag']) retrieved from /home/prathamesh/PycharmProjects/airflow-project/venv/lib/python3.8/site-packages/airflow/example_dags/example_trigger_target_dag.py
[2021-04-04 03:38:16,172] {logging_mixin.py:104} INFO - [2021-04-04 03:38:16,172] {dag.py:1818} INFO - Sync 1 DAGs
[2021-04-04 03:38:16,195] {logging_mixin.py:104} INFO - [2021-04-04 03:38:16,195] {dag.py:2273} INFO - Setting next_dagrun for example_trigger_target_dag to None
[2021-04-04 03:38:16,204] {scheduler_job.py:190} INFO - Processing /home/prathamesh/PycharmProjects/airflow-project/venv/lib/python3.8/site-packages/airflow/example_dags/example_trigger_target_dag.py took 0.071 seconds
[2021-04-04 03:38:46,983] {scheduler_job.py:182} INFO - Started process (PID=3355) to work on /home/prathamesh/PycharmProjects/airflow-project/venv/lib/python3.8/site-packages/airflow/example_dags/example_trigger_target_dag.py
[2021-04-04 03:38:46,984] {scheduler_job.py:629} INFO - Processing file /home/prathamesh/PycharmProjects/airflow-project/venv/lib/python3.8/site-packages/airflow/example_dags/example_trigger_target_dag.py for tasks to queue
[2021-04-04 03:38:46,985] {logging_mixin.py:104} INFO - [2021-04-04 03:38:46,985] {dagbag.py:448} INFO - Filling up the DagBag from /home/prathamesh/PycharmProjects/airflow-project/venv/lib/python3.8/site-packages/airflow/example_dags/example_trigger_target_dag.py
[2021-04-04 03:38:46,996] {scheduler_job.py:639} INFO - DAG(s) dict_keys(['example_trigger_target_dag']) retrieved from /home/prathamesh/PycharmProjects/airflow-project/venv/lib/python3.8/site-packages/airflow/example_dags/example_trigger_target_dag.py
[2021-04-04 03:38:47,007] {logging_mixin.py:104} INFO - [2021-04-04 03:38:47,007] {dag.py:1818} INFO - Sync 1 DAGs
[2021-04-04 03:38:47,029] {logging_mixin.py:104} INFO - [2021-04-04 03:38:47,029] {dag.py:2273} INFO - Setting next_dagrun for example_trigger_target_dag to None
[2021-04-04 03:38:47,033] {scheduler_job.py:190} INFO - Processing /home/prathamesh/PycharmProjects/airflow-project/venv/lib/python3.8/site-packages/airflow/example_dags/example_trigger_target_dag.py took 0.053 seconds
[2021-04-04 03:39:17,392] {scheduler_job.py:182} INFO - Started process (PID=3391) to work on /home/prathamesh/PycharmProjects/airflow-project/venv/lib/python3.8/site-packages/airflow/example_dags/example_trigger_target_dag.py
[2021-04-04 03:39:17,393] {scheduler_job.py:629} INFO - Processing file /home/prathamesh/PycharmProjects/airflow-project/venv/lib/python3.8/site-packages/airflow/example_dags/example_trigger_target_dag.py for tasks to queue
[2021-04-04 03:39:17,394] {logging_mixin.py:104} INFO - [2021-04-04 03:39:17,393] {dagbag.py:448} INFO - Filling up the DagBag from /home/prathamesh/PycharmProjects/airflow-project/venv/lib/python3.8/site-packages/airflow/example_dags/example_trigger_target_dag.py
[2021-04-04 03:39:17,403] {scheduler_job.py:639} INFO - DAG(s) dict_keys(['example_trigger_target_dag']) retrieved from /home/prathamesh/PycharmProjects/airflow-project/venv/lib/python3.8/site-packages/airflow/example_dags/example_trigger_target_dag.py
[2021-04-04 03:39:17,414] {logging_mixin.py:104} INFO - [2021-04-04 03:39:17,414] {dag.py:1818} INFO - Sync 1 DAGs
[2021-04-04 03:39:17,433] {logging_mixin.py:104} INFO - [2021-04-04 03:39:17,433] {dag.py:2273} INFO - Setting next_dagrun for example_trigger_target_dag to None
[2021-04-04 03:39:17,438] {scheduler_job.py:190} INFO - Processing /home/prathamesh/PycharmProjects/airflow-project/venv/lib/python3.8/site-packages/airflow/example_dags/example_trigger_target_dag.py took 0.048 seconds
[2021-04-04 03:39:47,655] {scheduler_job.py:182} INFO - Started process (PID=3419) to work on /home/prathamesh/PycharmProjects/airflow-project/venv/lib/python3.8/site-packages/airflow/example_dags/example_trigger_target_dag.py
[2021-04-04 03:39:47,656] {scheduler_job.py:629} INFO - Processing file /home/prathamesh/PycharmProjects/airflow-project/venv/lib/python3.8/site-packages/airflow/example_dags/example_trigger_target_dag.py for tasks to queue
[2021-04-04 03:39:47,657] {logging_mixin.py:104} INFO - [2021-04-04 03:39:47,657] {dagbag.py:448} INFO - Filling up the DagBag from /home/prathamesh/PycharmProjects/airflow-project/venv/lib/python3.8/site-packages/airflow/example_dags/example_trigger_target_dag.py
[2021-04-04 03:39:47,679] {scheduler_job.py:639} INFO - DAG(s) dict_keys(['example_trigger_target_dag']) retrieved from /home/prathamesh/PycharmProjects/airflow-project/venv/lib/python3.8/site-packages/airflow/example_dags/example_trigger_target_dag.py
[2021-04-04 03:39:47,705] {logging_mixin.py:104} INFO - [2021-04-04 03:39:47,705] {dag.py:1818} INFO - Sync 1 DAGs
[2021-04-04 03:39:47,738] {logging_mixin.py:104} INFO - [2021-04-04 03:39:47,738] {dag.py:2273} INFO - Setting next_dagrun for example_trigger_target_dag to None
[2021-04-04 03:39:47,744] {scheduler_job.py:190} INFO - Processing /home/prathamesh/PycharmProjects/airflow-project/venv/lib/python3.8/site-packages/airflow/example_dags/example_trigger_target_dag.py took 0.105 seconds
[2021-04-04 03:40:18,255] {scheduler_job.py:182} INFO - Started process (PID=3447) to work on /home/prathamesh/PycharmProjects/airflow-project/venv/lib/python3.8/site-packages/airflow/example_dags/example_trigger_target_dag.py
[2021-04-04 03:40:18,256] {scheduler_job.py:629} INFO - Processing file /home/prathamesh/PycharmProjects/airflow-project/venv/lib/python3.8/site-packages/airflow/example_dags/example_trigger_target_dag.py for tasks to queue
[2021-04-04 03:40:18,256] {logging_mixin.py:104} INFO - [2021-04-04 03:40:18,256] {dagbag.py:448} INFO - Filling up the DagBag from /home/prathamesh/PycharmProjects/airflow-project/venv/lib/python3.8/site-packages/airflow/example_dags/example_trigger_target_dag.py
[2021-04-04 03:40:18,264] {scheduler_job.py:639} INFO - DAG(s) dict_keys(['example_trigger_target_dag']) retrieved from /home/prathamesh/PycharmProjects/airflow-project/venv/lib/python3.8/site-packages/airflow/example_dags/example_trigger_target_dag.py
[2021-04-04 03:40:18,278] {logging_mixin.py:104} INFO - [2021-04-04 03:40:18,278] {dag.py:1818} INFO - Sync 1 DAGs
[2021-04-04 03:40:18,285] {logging_mixin.py:104} INFO - [2021-04-04 03:40:18,285] {dag.py:2273} INFO - Setting next_dagrun for example_trigger_target_dag to None
[2021-04-04 03:40:18,289] {scheduler_job.py:190} INFO - Processing /home/prathamesh/PycharmProjects/airflow-project/venv/lib/python3.8/site-packages/airflow/example_dags/example_trigger_target_dag.py took 0.036 seconds
[2021-04-04 03:40:48,373] {scheduler_job.py:182} INFO - Started process (PID=3478) to work on /home/prathamesh/PycharmProjects/airflow-project/venv/lib/python3.8/site-packages/airflow/example_dags/example_trigger_target_dag.py
[2021-04-04 03:40:48,374] {scheduler_job.py:629} INFO - Processing file /home/prathamesh/PycharmProjects/airflow-project/venv/lib/python3.8/site-packages/airflow/example_dags/example_trigger_target_dag.py for tasks to queue
[2021-04-04 03:40:48,376] {logging_mixin.py:104} INFO - [2021-04-04 03:40:48,375] {dagbag.py:448} INFO - Filling up the DagBag from /home/prathamesh/PycharmProjects/airflow-project/venv/lib/python3.8/site-packages/airflow/example_dags/example_trigger_target_dag.py
[2021-04-04 03:40:48,382] {scheduler_job.py:639} INFO - DAG(s) dict_keys(['example_trigger_target_dag']) retrieved from /home/prathamesh/PycharmProjects/airflow-project/venv/lib/python3.8/site-packages/airflow/example_dags/example_trigger_target_dag.py
[2021-04-04 03:40:48,397] {logging_mixin.py:104} INFO - [2021-04-04 03:40:48,397] {dag.py:1818} INFO - Sync 1 DAGs
[2021-04-04 03:40:48,404] {logging_mixin.py:104} INFO - [2021-04-04 03:40:48,404] {dag.py:2273} INFO - Setting next_dagrun for example_trigger_target_dag to None
[2021-04-04 03:40:48,410] {scheduler_job.py:190} INFO - Processing /home/prathamesh/PycharmProjects/airflow-project/venv/lib/python3.8/site-packages/airflow/example_dags/example_trigger_target_dag.py took 0.039 seconds
[2021-04-04 03:41:19,277] {scheduler_job.py:182} INFO - Started process (PID=3550) to work on /home/prathamesh/PycharmProjects/airflow-project/venv/lib/python3.8/site-packages/airflow/example_dags/example_trigger_target_dag.py
[2021-04-04 03:41:19,286] {scheduler_job.py:629} INFO - Processing file /home/prathamesh/PycharmProjects/airflow-project/venv/lib/python3.8/site-packages/airflow/example_dags/example_trigger_target_dag.py for tasks to queue
[2021-04-04 03:41:19,286] {logging_mixin.py:104} INFO - [2021-04-04 03:41:19,286] {dagbag.py:448} INFO - Filling up the DagBag from /home/prathamesh/PycharmProjects/airflow-project/venv/lib/python3.8/site-packages/airflow/example_dags/example_trigger_target_dag.py
[2021-04-04 03:41:19,292] {scheduler_job.py:639} INFO - DAG(s) dict_keys(['example_trigger_target_dag']) retrieved from /home/prathamesh/PycharmProjects/airflow-project/venv/lib/python3.8/site-packages/airflow/example_dags/example_trigger_target_dag.py
[2021-04-04 03:41:19,346] {logging_mixin.py:104} INFO - [2021-04-04 03:41:19,345] {dag.py:1818} INFO - Sync 1 DAGs
[2021-04-04 03:41:19,353] {logging_mixin.py:104} INFO - [2021-04-04 03:41:19,353] {dag.py:2273} INFO - Setting next_dagrun for example_trigger_target_dag to None
[2021-04-04 03:41:19,357] {scheduler_job.py:190} INFO - Processing /home/prathamesh/PycharmProjects/airflow-project/venv/lib/python3.8/site-packages/airflow/example_dags/example_trigger_target_dag.py took 0.082 seconds
[2021-04-04 03:41:50,300] {scheduler_job.py:182} INFO - Started process (PID=3580) to work on /home/prathamesh/PycharmProjects/airflow-project/venv/lib/python3.8/site-packages/airflow/example_dags/example_trigger_target_dag.py
[2021-04-04 03:41:50,301] {scheduler_job.py:629} INFO - Processing file /home/prathamesh/PycharmProjects/airflow-project/venv/lib/python3.8/site-packages/airflow/example_dags/example_trigger_target_dag.py for tasks to queue
[2021-04-04 03:41:50,302] {logging_mixin.py:104} INFO - [2021-04-04 03:41:50,301] {dagbag.py:448} INFO - Filling up the DagBag from /home/prathamesh/PycharmProjects/airflow-project/venv/lib/python3.8/site-packages/airflow/example_dags/example_trigger_target_dag.py
[2021-04-04 03:41:50,311] {scheduler_job.py:639} INFO - DAG(s) dict_keys(['example_trigger_target_dag']) retrieved from /home/prathamesh/PycharmProjects/airflow-project/venv/lib/python3.8/site-packages/airflow/example_dags/example_trigger_target_dag.py
[2021-04-04 03:41:50,323] {logging_mixin.py:104} INFO - [2021-04-04 03:41:50,323] {dag.py:1818} INFO - Sync 1 DAGs
[2021-04-04 03:41:50,330] {logging_mixin.py:104} INFO - [2021-04-04 03:41:50,330] {dag.py:2273} INFO - Setting next_dagrun for example_trigger_target_dag to None
[2021-04-04 03:41:50,334] {scheduler_job.py:190} INFO - Processing /home/prathamesh/PycharmProjects/airflow-project/venv/lib/python3.8/site-packages/airflow/example_dags/example_trigger_target_dag.py took 0.037 seconds
[2021-04-04 03:42:20,704] {scheduler_job.py:182} INFO - Started process (PID=3610) to work on /home/prathamesh/PycharmProjects/airflow-project/venv/lib/python3.8/site-packages/airflow/example_dags/example_trigger_target_dag.py
[2021-04-04 03:42:20,704] {scheduler_job.py:629} INFO - Processing file /home/prathamesh/PycharmProjects/airflow-project/venv/lib/python3.8/site-packages/airflow/example_dags/example_trigger_target_dag.py for tasks to queue
[2021-04-04 03:42:20,705] {logging_mixin.py:104} INFO - [2021-04-04 03:42:20,705] {dagbag.py:448} INFO - Filling up the DagBag from /home/prathamesh/PycharmProjects/airflow-project/venv/lib/python3.8/site-packages/airflow/example_dags/example_trigger_target_dag.py
[2021-04-04 03:42:20,714] {scheduler_job.py:639} INFO - DAG(s) dict_keys(['example_trigger_target_dag']) retrieved from /home/prathamesh/PycharmProjects/airflow-project/venv/lib/python3.8/site-packages/airflow/example_dags/example_trigger_target_dag.py
[2021-04-04 03:42:20,725] {logging_mixin.py:104} INFO - [2021-04-04 03:42:20,724] {dag.py:1818} INFO - Sync 1 DAGs
[2021-04-04 03:42:20,734] {logging_mixin.py:104} INFO - [2021-04-04 03:42:20,734] {dag.py:2273} INFO - Setting next_dagrun for example_trigger_target_dag to None
[2021-04-04 03:42:20,739] {scheduler_job.py:190} INFO - Processing /home/prathamesh/PycharmProjects/airflow-project/venv/lib/python3.8/site-packages/airflow/example_dags/example_trigger_target_dag.py took 0.037 seconds
[2021-04-04 03:42:51,623] {scheduler_job.py:182} INFO - Started process (PID=3650) to work on /home/prathamesh/PycharmProjects/airflow-project/venv/lib/python3.8/site-packages/airflow/example_dags/example_trigger_target_dag.py
[2021-04-04 03:42:51,624] {scheduler_job.py:629} INFO - Processing file /home/prathamesh/PycharmProjects/airflow-project/venv/lib/python3.8/site-packages/airflow/example_dags/example_trigger_target_dag.py for tasks to queue
[2021-04-04 03:42:51,625] {logging_mixin.py:104} INFO - [2021-04-04 03:42:51,625] {dagbag.py:448} INFO - Filling up the DagBag from /home/prathamesh/PycharmProjects/airflow-project/venv/lib/python3.8/site-packages/airflow/example_dags/example_trigger_target_dag.py
[2021-04-04 03:42:51,639] {scheduler_job.py:639} INFO - DAG(s) dict_keys(['example_trigger_target_dag']) retrieved from /home/prathamesh/PycharmProjects/airflow-project/venv/lib/python3.8/site-packages/airflow/example_dags/example_trigger_target_dag.py
[2021-04-04 03:42:51,663] {logging_mixin.py:104} INFO - [2021-04-04 03:42:51,656] {dag.py:1818} INFO - Sync 1 DAGs
[2021-04-04 03:42:51,676] {logging_mixin.py:104} INFO - [2021-04-04 03:42:51,676] {dag.py:2273} INFO - Setting next_dagrun for example_trigger_target_dag to None
[2021-04-04 03:42:51,705] {scheduler_job.py:190} INFO - Processing /home/prathamesh/PycharmProjects/airflow-project/venv/lib/python3.8/site-packages/airflow/example_dags/example_trigger_target_dag.py took 0.086 seconds
[2021-04-04 03:43:22,387] {scheduler_job.py:182} INFO - Started process (PID=3700) to work on /home/prathamesh/PycharmProjects/airflow-project/venv/lib/python3.8/site-packages/airflow/example_dags/example_trigger_target_dag.py
[2021-04-04 03:43:22,388] {scheduler_job.py:629} INFO - Processing file /home/prathamesh/PycharmProjects/airflow-project/venv/lib/python3.8/site-packages/airflow/example_dags/example_trigger_target_dag.py for tasks to queue
[2021-04-04 03:43:22,388] {logging_mixin.py:104} INFO - [2021-04-04 03:43:22,388] {dagbag.py:448} INFO - Filling up the DagBag from /home/prathamesh/PycharmProjects/airflow-project/venv/lib/python3.8/site-packages/airflow/example_dags/example_trigger_target_dag.py
[2021-04-04 03:43:22,400] {scheduler_job.py:639} INFO - DAG(s) dict_keys(['example_trigger_target_dag']) retrieved from /home/prathamesh/PycharmProjects/airflow-project/venv/lib/python3.8/site-packages/airflow/example_dags/example_trigger_target_dag.py
[2021-04-04 03:43:22,409] {logging_mixin.py:104} INFO - [2021-04-04 03:43:22,408] {dag.py:1818} INFO - Sync 1 DAGs
[2021-04-04 03:43:22,416] {logging_mixin.py:104} INFO - [2021-04-04 03:43:22,414] {dag.py:2273} INFO - Setting next_dagrun for example_trigger_target_dag to None
[2021-04-04 03:43:22,419] {scheduler_job.py:190} INFO - Processing /home/prathamesh/PycharmProjects/airflow-project/venv/lib/python3.8/site-packages/airflow/example_dags/example_trigger_target_dag.py took 0.035 seconds
[2021-04-04 03:43:52,928] {scheduler_job.py:182} INFO - Started process (PID=3731) to work on /home/prathamesh/PycharmProjects/airflow-project/venv/lib/python3.8/site-packages/airflow/example_dags/example_trigger_target_dag.py
[2021-04-04 03:43:52,929] {scheduler_job.py:629} INFO - Processing file /home/prathamesh/PycharmProjects/airflow-project/venv/lib/python3.8/site-packages/airflow/example_dags/example_trigger_target_dag.py for tasks to queue
[2021-04-04 03:43:52,930] {logging_mixin.py:104} INFO - [2021-04-04 03:43:52,929] {dagbag.py:448} INFO - Filling up the DagBag from /home/prathamesh/PycharmProjects/airflow-project/venv/lib/python3.8/site-packages/airflow/example_dags/example_trigger_target_dag.py
[2021-04-04 03:43:52,937] {scheduler_job.py:639} INFO - DAG(s) dict_keys(['example_trigger_target_dag']) retrieved from /home/prathamesh/PycharmProjects/airflow-project/venv/lib/python3.8/site-packages/airflow/example_dags/example_trigger_target_dag.py
[2021-04-04 03:43:52,946] {logging_mixin.py:104} INFO - [2021-04-04 03:43:52,946] {dag.py:1818} INFO - Sync 1 DAGs
[2021-04-04 03:43:52,952] {logging_mixin.py:104} INFO - [2021-04-04 03:43:52,952] {dag.py:2273} INFO - Setting next_dagrun for example_trigger_target_dag to None
[2021-04-04 03:43:52,956] {scheduler_job.py:190} INFO - Processing /home/prathamesh/PycharmProjects/airflow-project/venv/lib/python3.8/site-packages/airflow/example_dags/example_trigger_target_dag.py took 0.029 seconds
[2021-04-04 03:44:23,385] {scheduler_job.py:182} INFO - Started process (PID=3759) to work on /home/prathamesh/PycharmProjects/airflow-project/venv/lib/python3.8/site-packages/airflow/example_dags/example_trigger_target_dag.py
[2021-04-04 03:44:23,393] {scheduler_job.py:629} INFO - Processing file /home/prathamesh/PycharmProjects/airflow-project/venv/lib/python3.8/site-packages/airflow/example_dags/example_trigger_target_dag.py for tasks to queue
[2021-04-04 03:44:23,393] {logging_mixin.py:104} INFO - [2021-04-04 03:44:23,393] {dagbag.py:448} INFO - Filling up the DagBag from /home/prathamesh/PycharmProjects/airflow-project/venv/lib/python3.8/site-packages/airflow/example_dags/example_trigger_target_dag.py
[2021-04-04 03:44:23,439] {scheduler_job.py:639} INFO - DAG(s) dict_keys(['example_trigger_target_dag']) retrieved from /home/prathamesh/PycharmProjects/airflow-project/venv/lib/python3.8/site-packages/airflow/example_dags/example_trigger_target_dag.py
[2021-04-04 03:44:23,471] {logging_mixin.py:104} INFO - [2021-04-04 03:44:23,471] {dag.py:1818} INFO - Sync 1 DAGs
[2021-04-04 03:44:23,488] {logging_mixin.py:104} INFO - [2021-04-04 03:44:23,488] {dag.py:2273} INFO - Setting next_dagrun for example_trigger_target_dag to None
[2021-04-04 03:44:23,493] {scheduler_job.py:190} INFO - Processing /home/prathamesh/PycharmProjects/airflow-project/venv/lib/python3.8/site-packages/airflow/example_dags/example_trigger_target_dag.py took 0.111 seconds
[2021-04-04 03:44:53,953] {scheduler_job.py:182} INFO - Started process (PID=3788) to work on /home/prathamesh/PycharmProjects/airflow-project/venv/lib/python3.8/site-packages/airflow/example_dags/example_trigger_target_dag.py
[2021-04-04 03:44:53,954] {scheduler_job.py:629} INFO - Processing file /home/prathamesh/PycharmProjects/airflow-project/venv/lib/python3.8/site-packages/airflow/example_dags/example_trigger_target_dag.py for tasks to queue
[2021-04-04 03:44:53,955] {logging_mixin.py:104} INFO - [2021-04-04 03:44:53,954] {dagbag.py:448} INFO - Filling up the DagBag from /home/prathamesh/PycharmProjects/airflow-project/venv/lib/python3.8/site-packages/airflow/example_dags/example_trigger_target_dag.py
[2021-04-04 03:44:53,990] {scheduler_job.py:639} INFO - DAG(s) dict_keys(['example_trigger_target_dag']) retrieved from /home/prathamesh/PycharmProjects/airflow-project/venv/lib/python3.8/site-packages/airflow/example_dags/example_trigger_target_dag.py
[2021-04-04 03:44:54,000] {logging_mixin.py:104} INFO - [2021-04-04 03:44:54,000] {dag.py:1818} INFO - Sync 1 DAGs
[2021-04-04 03:44:54,015] {logging_mixin.py:104} INFO - [2021-04-04 03:44:54,015] {dag.py:2273} INFO - Setting next_dagrun for example_trigger_target_dag to None
[2021-04-04 03:44:54,021] {scheduler_job.py:190} INFO - Processing /home/prathamesh/PycharmProjects/airflow-project/venv/lib/python3.8/site-packages/airflow/example_dags/example_trigger_target_dag.py took 0.071 seconds
[2021-04-04 03:54:00,651] {scheduler_job.py:182} INFO - Started process (PID=4525) to work on /home/prathamesh/PycharmProjects/airflow-project/venv/lib/python3.8/site-packages/airflow/example_dags/example_trigger_target_dag.py
[2021-04-04 03:54:00,651] {scheduler_job.py:629} INFO - Processing file /home/prathamesh/PycharmProjects/airflow-project/venv/lib/python3.8/site-packages/airflow/example_dags/example_trigger_target_dag.py for tasks to queue
[2021-04-04 03:54:00,652] {logging_mixin.py:104} INFO - [2021-04-04 03:54:00,652] {dagbag.py:448} INFO - Filling up the DagBag from /home/prathamesh/PycharmProjects/airflow-project/venv/lib/python3.8/site-packages/airflow/example_dags/example_trigger_target_dag.py
[2021-04-04 03:54:00,702] {scheduler_job.py:639} INFO - DAG(s) dict_keys(['example_trigger_target_dag']) retrieved from /home/prathamesh/PycharmProjects/airflow-project/venv/lib/python3.8/site-packages/airflow/example_dags/example_trigger_target_dag.py
[2021-04-04 03:54:00,710] {logging_mixin.py:104} INFO - [2021-04-04 03:54:00,710] {dag.py:1818} INFO - Sync 1 DAGs
[2021-04-04 03:54:00,763] {logging_mixin.py:104} INFO - [2021-04-04 03:54:00,763] {dag.py:2273} INFO - Setting next_dagrun for example_trigger_target_dag to None
[2021-04-04 03:54:00,824] {scheduler_job.py:190} INFO - Processing /home/prathamesh/PycharmProjects/airflow-project/venv/lib/python3.8/site-packages/airflow/example_dags/example_trigger_target_dag.py took 0.175 seconds
[2021-04-04 03:54:30,963] {scheduler_job.py:182} INFO - Started process (PID=4563) to work on /home/prathamesh/PycharmProjects/airflow-project/venv/lib/python3.8/site-packages/airflow/example_dags/example_trigger_target_dag.py
[2021-04-04 03:54:30,964] {scheduler_job.py:629} INFO - Processing file /home/prathamesh/PycharmProjects/airflow-project/venv/lib/python3.8/site-packages/airflow/example_dags/example_trigger_target_dag.py for tasks to queue
[2021-04-04 03:54:30,966] {logging_mixin.py:104} INFO - [2021-04-04 03:54:30,965] {dagbag.py:448} INFO - Filling up the DagBag from /home/prathamesh/PycharmProjects/airflow-project/venv/lib/python3.8/site-packages/airflow/example_dags/example_trigger_target_dag.py
[2021-04-04 03:54:30,975] {scheduler_job.py:639} INFO - DAG(s) dict_keys(['example_trigger_target_dag']) retrieved from /home/prathamesh/PycharmProjects/airflow-project/venv/lib/python3.8/site-packages/airflow/example_dags/example_trigger_target_dag.py
[2021-04-04 03:54:30,985] {logging_mixin.py:104} INFO - [2021-04-04 03:54:30,985] {dag.py:1818} INFO - Sync 1 DAGs
[2021-04-04 03:54:30,993] {logging_mixin.py:104} INFO - [2021-04-04 03:54:30,993] {dag.py:2273} INFO - Setting next_dagrun for example_trigger_target_dag to None
[2021-04-04 03:54:31,004] {scheduler_job.py:190} INFO - Processing /home/prathamesh/PycharmProjects/airflow-project/venv/lib/python3.8/site-packages/airflow/example_dags/example_trigger_target_dag.py took 0.044 seconds
[2021-04-04 03:55:01,586] {scheduler_job.py:182} INFO - Started process (PID=4591) to work on /home/prathamesh/PycharmProjects/airflow-project/venv/lib/python3.8/site-packages/airflow/example_dags/example_trigger_target_dag.py
[2021-04-04 03:55:01,587] {scheduler_job.py:629} INFO - Processing file /home/prathamesh/PycharmProjects/airflow-project/venv/lib/python3.8/site-packages/airflow/example_dags/example_trigger_target_dag.py for tasks to queue
[2021-04-04 03:55:01,588] {logging_mixin.py:104} INFO - [2021-04-04 03:55:01,588] {dagbag.py:448} INFO - Filling up the DagBag from /home/prathamesh/PycharmProjects/airflow-project/venv/lib/python3.8/site-packages/airflow/example_dags/example_trigger_target_dag.py
[2021-04-04 03:55:01,597] {scheduler_job.py:639} INFO - DAG(s) dict_keys(['example_trigger_target_dag']) retrieved from /home/prathamesh/PycharmProjects/airflow-project/venv/lib/python3.8/site-packages/airflow/example_dags/example_trigger_target_dag.py
[2021-04-04 03:55:01,616] {logging_mixin.py:104} INFO - [2021-04-04 03:55:01,616] {dag.py:1818} INFO - Sync 1 DAGs
[2021-04-04 03:55:01,630] {logging_mixin.py:104} INFO - [2021-04-04 03:55:01,630] {dag.py:2273} INFO - Setting next_dagrun for example_trigger_target_dag to None
[2021-04-04 03:55:01,638] {scheduler_job.py:190} INFO - Processing /home/prathamesh/PycharmProjects/airflow-project/venv/lib/python3.8/site-packages/airflow/example_dags/example_trigger_target_dag.py took 0.055 seconds
[2021-04-04 03:55:32,992] {scheduler_job.py:182} INFO - Started process (PID=4623) to work on /home/prathamesh/PycharmProjects/airflow-project/venv/lib/python3.8/site-packages/airflow/example_dags/example_trigger_target_dag.py
[2021-04-04 03:55:32,993] {scheduler_job.py:629} INFO - Processing file /home/prathamesh/PycharmProjects/airflow-project/venv/lib/python3.8/site-packages/airflow/example_dags/example_trigger_target_dag.py for tasks to queue
[2021-04-04 03:55:32,995] {logging_mixin.py:104} INFO - [2021-04-04 03:55:32,995] {dagbag.py:448} INFO - Filling up the DagBag from /home/prathamesh/PycharmProjects/airflow-project/venv/lib/python3.8/site-packages/airflow/example_dags/example_trigger_target_dag.py
[2021-04-04 03:55:33,008] {scheduler_job.py:639} INFO - DAG(s) dict_keys(['example_trigger_target_dag']) retrieved from /home/prathamesh/PycharmProjects/airflow-project/venv/lib/python3.8/site-packages/airflow/example_dags/example_trigger_target_dag.py
[2021-04-04 03:55:33,023] {logging_mixin.py:104} INFO - [2021-04-04 03:55:33,023] {dag.py:1818} INFO - Sync 1 DAGs
[2021-04-04 03:55:33,038] {logging_mixin.py:104} INFO - [2021-04-04 03:55:33,038] {dag.py:2273} INFO - Setting next_dagrun for example_trigger_target_dag to None
[2021-04-04 03:55:33,043] {scheduler_job.py:190} INFO - Processing /home/prathamesh/PycharmProjects/airflow-project/venv/lib/python3.8/site-packages/airflow/example_dags/example_trigger_target_dag.py took 0.054 seconds
[2021-04-04 03:56:04,006] {scheduler_job.py:182} INFO - Started process (PID=4675) to work on /home/prathamesh/PycharmProjects/airflow-project/venv/lib/python3.8/site-packages/airflow/example_dags/example_trigger_target_dag.py
[2021-04-04 03:56:04,018] {scheduler_job.py:629} INFO - Processing file /home/prathamesh/PycharmProjects/airflow-project/venv/lib/python3.8/site-packages/airflow/example_dags/example_trigger_target_dag.py for tasks to queue
[2021-04-04 03:56:04,019] {logging_mixin.py:104} INFO - [2021-04-04 03:56:04,019] {dagbag.py:448} INFO - Filling up the DagBag from /home/prathamesh/PycharmProjects/airflow-project/venv/lib/python3.8/site-packages/airflow/example_dags/example_trigger_target_dag.py
[2021-04-04 03:56:04,026] {scheduler_job.py:639} INFO - DAG(s) dict_keys(['example_trigger_target_dag']) retrieved from /home/prathamesh/PycharmProjects/airflow-project/venv/lib/python3.8/site-packages/airflow/example_dags/example_trigger_target_dag.py
[2021-04-04 03:56:04,041] {logging_mixin.py:104} INFO - [2021-04-04 03:56:04,041] {dag.py:1818} INFO - Sync 1 DAGs
[2021-04-04 03:56:04,048] {logging_mixin.py:104} INFO - [2021-04-04 03:56:04,048] {dag.py:2273} INFO - Setting next_dagrun for example_trigger_target_dag to None
[2021-04-04 03:56:04,054] {scheduler_job.py:190} INFO - Processing /home/prathamesh/PycharmProjects/airflow-project/venv/lib/python3.8/site-packages/airflow/example_dags/example_trigger_target_dag.py took 0.050 seconds
[2021-04-04 03:56:34,695] {scheduler_job.py:182} INFO - Started process (PID=4707) to work on /home/prathamesh/PycharmProjects/airflow-project/venv/lib/python3.8/site-packages/airflow/example_dags/example_trigger_target_dag.py
[2021-04-04 03:56:34,696] {scheduler_job.py:629} INFO - Processing file /home/prathamesh/PycharmProjects/airflow-project/venv/lib/python3.8/site-packages/airflow/example_dags/example_trigger_target_dag.py for tasks to queue
[2021-04-04 03:56:34,696] {logging_mixin.py:104} INFO - [2021-04-04 03:56:34,696] {dagbag.py:448} INFO - Filling up the DagBag from /home/prathamesh/PycharmProjects/airflow-project/venv/lib/python3.8/site-packages/airflow/example_dags/example_trigger_target_dag.py
[2021-04-04 03:56:34,715] {scheduler_job.py:639} INFO - DAG(s) dict_keys(['example_trigger_target_dag']) retrieved from /home/prathamesh/PycharmProjects/airflow-project/venv/lib/python3.8/site-packages/airflow/example_dags/example_trigger_target_dag.py
[2021-04-04 03:56:34,726] {logging_mixin.py:104} INFO - [2021-04-04 03:56:34,726] {dag.py:1818} INFO - Sync 1 DAGs
[2021-04-04 03:56:34,738] {logging_mixin.py:104} INFO - [2021-04-04 03:56:34,738] {dag.py:2273} INFO - Setting next_dagrun for example_trigger_target_dag to None
[2021-04-04 03:56:34,746] {scheduler_job.py:190} INFO - Processing /home/prathamesh/PycharmProjects/airflow-project/venv/lib/python3.8/site-packages/airflow/example_dags/example_trigger_target_dag.py took 0.053 seconds
[2021-04-04 03:57:05,117] {scheduler_job.py:182} INFO - Started process (PID=4740) to work on /home/prathamesh/PycharmProjects/airflow-project/venv/lib/python3.8/site-packages/airflow/example_dags/example_trigger_target_dag.py
[2021-04-04 03:57:05,129] {scheduler_job.py:629} INFO - Processing file /home/prathamesh/PycharmProjects/airflow-project/venv/lib/python3.8/site-packages/airflow/example_dags/example_trigger_target_dag.py for tasks to queue
[2021-04-04 03:57:05,129] {logging_mixin.py:104} INFO - [2021-04-04 03:57:05,129] {dagbag.py:448} INFO - Filling up the DagBag from /home/prathamesh/PycharmProjects/airflow-project/venv/lib/python3.8/site-packages/airflow/example_dags/example_trigger_target_dag.py
[2021-04-04 03:57:05,136] {scheduler_job.py:639} INFO - DAG(s) dict_keys(['example_trigger_target_dag']) retrieved from /home/prathamesh/PycharmProjects/airflow-project/venv/lib/python3.8/site-packages/airflow/example_dags/example_trigger_target_dag.py
[2021-04-04 03:57:05,202] {logging_mixin.py:104} INFO - [2021-04-04 03:57:05,201] {dag.py:1818} INFO - Sync 1 DAGs
[2021-04-04 03:57:05,223] {logging_mixin.py:104} INFO - [2021-04-04 03:57:05,223] {dag.py:2273} INFO - Setting next_dagrun for example_trigger_target_dag to None
[2021-04-04 03:57:05,257] {scheduler_job.py:190} INFO - Processing /home/prathamesh/PycharmProjects/airflow-project/venv/lib/python3.8/site-packages/airflow/example_dags/example_trigger_target_dag.py took 0.142 seconds
[2021-04-04 03:57:36,275] {scheduler_job.py:182} INFO - Started process (PID=4770) to work on /home/prathamesh/PycharmProjects/airflow-project/venv/lib/python3.8/site-packages/airflow/example_dags/example_trigger_target_dag.py
[2021-04-04 03:57:36,275] {scheduler_job.py:629} INFO - Processing file /home/prathamesh/PycharmProjects/airflow-project/venv/lib/python3.8/site-packages/airflow/example_dags/example_trigger_target_dag.py for tasks to queue
[2021-04-04 03:57:36,276] {logging_mixin.py:104} INFO - [2021-04-04 03:57:36,276] {dagbag.py:448} INFO - Filling up the DagBag from /home/prathamesh/PycharmProjects/airflow-project/venv/lib/python3.8/site-packages/airflow/example_dags/example_trigger_target_dag.py
[2021-04-04 03:57:36,284] {scheduler_job.py:639} INFO - DAG(s) dict_keys(['example_trigger_target_dag']) retrieved from /home/prathamesh/PycharmProjects/airflow-project/venv/lib/python3.8/site-packages/airflow/example_dags/example_trigger_target_dag.py
[2021-04-04 03:57:36,296] {logging_mixin.py:104} INFO - [2021-04-04 03:57:36,296] {dag.py:1818} INFO - Sync 1 DAGs
[2021-04-04 03:57:36,306] {logging_mixin.py:104} INFO - [2021-04-04 03:57:36,306] {dag.py:2273} INFO - Setting next_dagrun for example_trigger_target_dag to None
[2021-04-04 03:57:36,312] {scheduler_job.py:190} INFO - Processing /home/prathamesh/PycharmProjects/airflow-project/venv/lib/python3.8/site-packages/airflow/example_dags/example_trigger_target_dag.py took 0.040 seconds
[2021-04-04 03:58:08,105] {scheduler_job.py:182} INFO - Started process (PID=4799) to work on /home/prathamesh/PycharmProjects/airflow-project/venv/lib/python3.8/site-packages/airflow/example_dags/example_trigger_target_dag.py
[2021-04-04 03:58:08,107] {scheduler_job.py:629} INFO - Processing file /home/prathamesh/PycharmProjects/airflow-project/venv/lib/python3.8/site-packages/airflow/example_dags/example_trigger_target_dag.py for tasks to queue
[2021-04-04 03:58:08,107] {logging_mixin.py:104} INFO - [2021-04-04 03:58:08,107] {dagbag.py:448} INFO - Filling up the DagBag from /home/prathamesh/PycharmProjects/airflow-project/venv/lib/python3.8/site-packages/airflow/example_dags/example_trigger_target_dag.py
[2021-04-04 03:58:08,114] {scheduler_job.py:639} INFO - DAG(s) dict_keys(['example_trigger_target_dag']) retrieved from /home/prathamesh/PycharmProjects/airflow-project/venv/lib/python3.8/site-packages/airflow/example_dags/example_trigger_target_dag.py
[2021-04-04 03:58:08,124] {logging_mixin.py:104} INFO - [2021-04-04 03:58:08,124] {dag.py:1818} INFO - Sync 1 DAGs
[2021-04-04 03:58:08,131] {logging_mixin.py:104} INFO - [2021-04-04 03:58:08,130] {dag.py:2273} INFO - Setting next_dagrun for example_trigger_target_dag to None
[2021-04-04 03:58:08,137] {scheduler_job.py:190} INFO - Processing /home/prathamesh/PycharmProjects/airflow-project/venv/lib/python3.8/site-packages/airflow/example_dags/example_trigger_target_dag.py took 0.034 seconds
[2021-04-04 04:07:37,613] {scheduler_job.py:182} INFO - Started process (PID=4953) to work on /home/prathamesh/PycharmProjects/airflow-project/venv/lib/python3.8/site-packages/airflow/example_dags/example_trigger_target_dag.py
[2021-04-04 04:07:37,614] {scheduler_job.py:629} INFO - Processing file /home/prathamesh/PycharmProjects/airflow-project/venv/lib/python3.8/site-packages/airflow/example_dags/example_trigger_target_dag.py for tasks to queue
[2021-04-04 04:07:37,614] {logging_mixin.py:104} INFO - [2021-04-04 04:07:37,614] {dagbag.py:448} INFO - Filling up the DagBag from /home/prathamesh/PycharmProjects/airflow-project/venv/lib/python3.8/site-packages/airflow/example_dags/example_trigger_target_dag.py
[2021-04-04 04:07:37,621] {scheduler_job.py:639} INFO - DAG(s) dict_keys(['example_trigger_target_dag']) retrieved from /home/prathamesh/PycharmProjects/airflow-project/venv/lib/python3.8/site-packages/airflow/example_dags/example_trigger_target_dag.py
[2021-04-04 04:07:37,630] {logging_mixin.py:104} INFO - [2021-04-04 04:07:37,630] {dag.py:1818} INFO - Sync 1 DAGs
[2021-04-04 04:07:37,635] {logging_mixin.py:104} INFO - [2021-04-04 04:07:37,635] {dag.py:2273} INFO - Setting next_dagrun for example_trigger_target_dag to None
[2021-04-04 04:07:37,642] {scheduler_job.py:190} INFO - Processing /home/prathamesh/PycharmProjects/airflow-project/venv/lib/python3.8/site-packages/airflow/example_dags/example_trigger_target_dag.py took 0.031 seconds
[2021-04-04 04:08:08,475] {scheduler_job.py:182} INFO - Started process (PID=5002) to work on /home/prathamesh/PycharmProjects/airflow-project/venv/lib/python3.8/site-packages/airflow/example_dags/example_trigger_target_dag.py
[2021-04-04 04:08:08,475] {scheduler_job.py:629} INFO - Processing file /home/prathamesh/PycharmProjects/airflow-project/venv/lib/python3.8/site-packages/airflow/example_dags/example_trigger_target_dag.py for tasks to queue
[2021-04-04 04:08:08,476] {logging_mixin.py:104} INFO - [2021-04-04 04:08:08,476] {dagbag.py:448} INFO - Filling up the DagBag from /home/prathamesh/PycharmProjects/airflow-project/venv/lib/python3.8/site-packages/airflow/example_dags/example_trigger_target_dag.py
[2021-04-04 04:08:08,483] {scheduler_job.py:639} INFO - DAG(s) dict_keys(['example_trigger_target_dag']) retrieved from /home/prathamesh/PycharmProjects/airflow-project/venv/lib/python3.8/site-packages/airflow/example_dags/example_trigger_target_dag.py
[2021-04-04 04:08:08,493] {logging_mixin.py:104} INFO - [2021-04-04 04:08:08,493] {dag.py:1818} INFO - Sync 1 DAGs
[2021-04-04 04:08:08,499] {logging_mixin.py:104} INFO - [2021-04-04 04:08:08,499] {dag.py:2273} INFO - Setting next_dagrun for example_trigger_target_dag to None
[2021-04-04 04:08:08,504] {scheduler_job.py:190} INFO - Processing /home/prathamesh/PycharmProjects/airflow-project/venv/lib/python3.8/site-packages/airflow/example_dags/example_trigger_target_dag.py took 0.031 seconds
[2021-04-04 04:08:39,210] {scheduler_job.py:182} INFO - Started process (PID=5031) to work on /home/prathamesh/PycharmProjects/airflow-project/venv/lib/python3.8/site-packages/airflow/example_dags/example_trigger_target_dag.py
[2021-04-04 04:08:39,211] {scheduler_job.py:629} INFO - Processing file /home/prathamesh/PycharmProjects/airflow-project/venv/lib/python3.8/site-packages/airflow/example_dags/example_trigger_target_dag.py for tasks to queue
[2021-04-04 04:08:39,211] {logging_mixin.py:104} INFO - [2021-04-04 04:08:39,211] {dagbag.py:448} INFO - Filling up the DagBag from /home/prathamesh/PycharmProjects/airflow-project/venv/lib/python3.8/site-packages/airflow/example_dags/example_trigger_target_dag.py
[2021-04-04 04:08:39,241] {scheduler_job.py:639} INFO - DAG(s) dict_keys(['example_trigger_target_dag']) retrieved from /home/prathamesh/PycharmProjects/airflow-project/venv/lib/python3.8/site-packages/airflow/example_dags/example_trigger_target_dag.py
[2021-04-04 04:08:39,265] {logging_mixin.py:104} INFO - [2021-04-04 04:08:39,265] {dag.py:1818} INFO - Sync 1 DAGs
[2021-04-04 04:08:39,287] {logging_mixin.py:104} INFO - [2021-04-04 04:08:39,287] {dag.py:2273} INFO - Setting next_dagrun for example_trigger_target_dag to None
[2021-04-04 04:08:39,292] {scheduler_job.py:190} INFO - Processing /home/prathamesh/PycharmProjects/airflow-project/venv/lib/python3.8/site-packages/airflow/example_dags/example_trigger_target_dag.py took 0.085 seconds
[2021-04-04 04:09:11,820] {scheduler_job.py:182} INFO - Started process (PID=5069) to work on /home/prathamesh/PycharmProjects/airflow-project/venv/lib/python3.8/site-packages/airflow/example_dags/example_trigger_target_dag.py
[2021-04-04 04:09:11,828] {scheduler_job.py:629} INFO - Processing file /home/prathamesh/PycharmProjects/airflow-project/venv/lib/python3.8/site-packages/airflow/example_dags/example_trigger_target_dag.py for tasks to queue
[2021-04-04 04:09:11,829] {logging_mixin.py:104} INFO - [2021-04-04 04:09:11,829] {dagbag.py:448} INFO - Filling up the DagBag from /home/prathamesh/PycharmProjects/airflow-project/venv/lib/python3.8/site-packages/airflow/example_dags/example_trigger_target_dag.py
[2021-04-04 04:09:11,979] {scheduler_job.py:639} INFO - DAG(s) dict_keys(['example_trigger_target_dag']) retrieved from /home/prathamesh/PycharmProjects/airflow-project/venv/lib/python3.8/site-packages/airflow/example_dags/example_trigger_target_dag.py
[2021-04-04 04:09:12,057] {logging_mixin.py:104} INFO - [2021-04-04 04:09:12,057] {dag.py:1818} INFO - Sync 1 DAGs
[2021-04-04 04:09:12,191] {logging_mixin.py:104} INFO - [2021-04-04 04:09:12,191] {dag.py:2273} INFO - Setting next_dagrun for example_trigger_target_dag to None
[2021-04-04 04:09:12,226] {scheduler_job.py:190} INFO - Processing /home/prathamesh/PycharmProjects/airflow-project/venv/lib/python3.8/site-packages/airflow/example_dags/example_trigger_target_dag.py took 0.497 seconds
[2021-04-04 04:09:42,553] {scheduler_job.py:182} INFO - Started process (PID=5101) to work on /home/prathamesh/PycharmProjects/airflow-project/venv/lib/python3.8/site-packages/airflow/example_dags/example_trigger_target_dag.py
[2021-04-04 04:09:42,554] {scheduler_job.py:629} INFO - Processing file /home/prathamesh/PycharmProjects/airflow-project/venv/lib/python3.8/site-packages/airflow/example_dags/example_trigger_target_dag.py for tasks to queue
[2021-04-04 04:09:42,554] {logging_mixin.py:104} INFO - [2021-04-04 04:09:42,554] {dagbag.py:448} INFO - Filling up the DagBag from /home/prathamesh/PycharmProjects/airflow-project/venv/lib/python3.8/site-packages/airflow/example_dags/example_trigger_target_dag.py
[2021-04-04 04:09:42,563] {scheduler_job.py:639} INFO - DAG(s) dict_keys(['example_trigger_target_dag']) retrieved from /home/prathamesh/PycharmProjects/airflow-project/venv/lib/python3.8/site-packages/airflow/example_dags/example_trigger_target_dag.py
[2021-04-04 04:09:42,573] {logging_mixin.py:104} INFO - [2021-04-04 04:09:42,573] {dag.py:1818} INFO - Sync 1 DAGs
[2021-04-04 04:09:42,580] {logging_mixin.py:104} INFO - [2021-04-04 04:09:42,580] {dag.py:2273} INFO - Setting next_dagrun for example_trigger_target_dag to None
[2021-04-04 04:09:42,584] {scheduler_job.py:190} INFO - Processing /home/prathamesh/PycharmProjects/airflow-project/venv/lib/python3.8/site-packages/airflow/example_dags/example_trigger_target_dag.py took 0.034 seconds
[2021-04-04 04:10:13,253] {scheduler_job.py:182} INFO - Started process (PID=5164) to work on /home/prathamesh/PycharmProjects/airflow-project/venv/lib/python3.8/site-packages/airflow/example_dags/example_trigger_target_dag.py
[2021-04-04 04:10:13,253] {scheduler_job.py:629} INFO - Processing file /home/prathamesh/PycharmProjects/airflow-project/venv/lib/python3.8/site-packages/airflow/example_dags/example_trigger_target_dag.py for tasks to queue
[2021-04-04 04:10:13,254] {logging_mixin.py:104} INFO - [2021-04-04 04:10:13,254] {dagbag.py:448} INFO - Filling up the DagBag from /home/prathamesh/PycharmProjects/airflow-project/venv/lib/python3.8/site-packages/airflow/example_dags/example_trigger_target_dag.py
[2021-04-04 04:10:13,261] {scheduler_job.py:639} INFO - DAG(s) dict_keys(['example_trigger_target_dag']) retrieved from /home/prathamesh/PycharmProjects/airflow-project/venv/lib/python3.8/site-packages/airflow/example_dags/example_trigger_target_dag.py
[2021-04-04 04:10:13,269] {logging_mixin.py:104} INFO - [2021-04-04 04:10:13,269] {dag.py:1818} INFO - Sync 1 DAGs
[2021-04-04 04:10:13,276] {logging_mixin.py:104} INFO - [2021-04-04 04:10:13,276] {dag.py:2273} INFO - Setting next_dagrun for example_trigger_target_dag to None
[2021-04-04 04:10:13,279] {scheduler_job.py:190} INFO - Processing /home/prathamesh/PycharmProjects/airflow-project/venv/lib/python3.8/site-packages/airflow/example_dags/example_trigger_target_dag.py took 0.029 seconds
[2021-04-04 04:10:43,454] {scheduler_job.py:182} INFO - Started process (PID=5192) to work on /home/prathamesh/PycharmProjects/airflow-project/venv/lib/python3.8/site-packages/airflow/example_dags/example_trigger_target_dag.py
[2021-04-04 04:10:43,456] {scheduler_job.py:629} INFO - Processing file /home/prathamesh/PycharmProjects/airflow-project/venv/lib/python3.8/site-packages/airflow/example_dags/example_trigger_target_dag.py for tasks to queue
[2021-04-04 04:10:43,457] {logging_mixin.py:104} INFO - [2021-04-04 04:10:43,456] {dagbag.py:448} INFO - Filling up the DagBag from /home/prathamesh/PycharmProjects/airflow-project/venv/lib/python3.8/site-packages/airflow/example_dags/example_trigger_target_dag.py
[2021-04-04 04:10:43,466] {scheduler_job.py:639} INFO - DAG(s) dict_keys(['example_trigger_target_dag']) retrieved from /home/prathamesh/PycharmProjects/airflow-project/venv/lib/python3.8/site-packages/airflow/example_dags/example_trigger_target_dag.py
[2021-04-04 04:10:43,482] {logging_mixin.py:104} INFO - [2021-04-04 04:10:43,482] {dag.py:1818} INFO - Sync 1 DAGs
[2021-04-04 04:10:43,494] {logging_mixin.py:104} INFO - [2021-04-04 04:10:43,494] {dag.py:2273} INFO - Setting next_dagrun for example_trigger_target_dag to None
[2021-04-04 04:10:43,499] {scheduler_job.py:190} INFO - Processing /home/prathamesh/PycharmProjects/airflow-project/venv/lib/python3.8/site-packages/airflow/example_dags/example_trigger_target_dag.py took 0.047 seconds
[2021-04-04 04:11:13,634] {scheduler_job.py:182} INFO - Started process (PID=5223) to work on /home/prathamesh/PycharmProjects/airflow-project/venv/lib/python3.8/site-packages/airflow/example_dags/example_trigger_target_dag.py
[2021-04-04 04:11:13,635] {scheduler_job.py:629} INFO - Processing file /home/prathamesh/PycharmProjects/airflow-project/venv/lib/python3.8/site-packages/airflow/example_dags/example_trigger_target_dag.py for tasks to queue
[2021-04-04 04:11:13,636] {logging_mixin.py:104} INFO - [2021-04-04 04:11:13,636] {dagbag.py:448} INFO - Filling up the DagBag from /home/prathamesh/PycharmProjects/airflow-project/venv/lib/python3.8/site-packages/airflow/example_dags/example_trigger_target_dag.py
[2021-04-04 04:11:13,643] {scheduler_job.py:639} INFO - DAG(s) dict_keys(['example_trigger_target_dag']) retrieved from /home/prathamesh/PycharmProjects/airflow-project/venv/lib/python3.8/site-packages/airflow/example_dags/example_trigger_target_dag.py
[2021-04-04 04:11:13,652] {logging_mixin.py:104} INFO - [2021-04-04 04:11:13,652] {dag.py:1818} INFO - Sync 1 DAGs
[2021-04-04 04:11:13,659] {logging_mixin.py:104} INFO - [2021-04-04 04:11:13,659] {dag.py:2273} INFO - Setting next_dagrun for example_trigger_target_dag to None
[2021-04-04 04:11:13,663] {scheduler_job.py:190} INFO - Processing /home/prathamesh/PycharmProjects/airflow-project/venv/lib/python3.8/site-packages/airflow/example_dags/example_trigger_target_dag.py took 0.031 seconds
[2021-04-04 04:11:44,319] {scheduler_job.py:182} INFO - Started process (PID=5280) to work on /home/prathamesh/PycharmProjects/airflow-project/venv/lib/python3.8/site-packages/airflow/example_dags/example_trigger_target_dag.py
[2021-04-04 04:11:44,320] {scheduler_job.py:629} INFO - Processing file /home/prathamesh/PycharmProjects/airflow-project/venv/lib/python3.8/site-packages/airflow/example_dags/example_trigger_target_dag.py for tasks to queue
[2021-04-04 04:11:44,321] {logging_mixin.py:104} INFO - [2021-04-04 04:11:44,321] {dagbag.py:448} INFO - Filling up the DagBag from /home/prathamesh/PycharmProjects/airflow-project/venv/lib/python3.8/site-packages/airflow/example_dags/example_trigger_target_dag.py
[2021-04-04 04:11:44,331] {scheduler_job.py:639} INFO - DAG(s) dict_keys(['example_trigger_target_dag']) retrieved from /home/prathamesh/PycharmProjects/airflow-project/venv/lib/python3.8/site-packages/airflow/example_dags/example_trigger_target_dag.py
[2021-04-04 04:11:44,345] {logging_mixin.py:104} INFO - [2021-04-04 04:11:44,345] {dag.py:1818} INFO - Sync 1 DAGs
[2021-04-04 04:11:44,351] {logging_mixin.py:104} INFO - [2021-04-04 04:11:44,351] {dag.py:2273} INFO - Setting next_dagrun for example_trigger_target_dag to None
[2021-04-04 04:11:44,358] {scheduler_job.py:190} INFO - Processing /home/prathamesh/PycharmProjects/airflow-project/venv/lib/python3.8/site-packages/airflow/example_dags/example_trigger_target_dag.py took 0.043 seconds
[2021-04-04 04:12:15,370] {scheduler_job.py:182} INFO - Started process (PID=5318) to work on /home/prathamesh/PycharmProjects/airflow-project/venv/lib/python3.8/site-packages/airflow/example_dags/example_trigger_target_dag.py
[2021-04-04 04:12:15,370] {scheduler_job.py:629} INFO - Processing file /home/prathamesh/PycharmProjects/airflow-project/venv/lib/python3.8/site-packages/airflow/example_dags/example_trigger_target_dag.py for tasks to queue
[2021-04-04 04:12:15,371] {logging_mixin.py:104} INFO - [2021-04-04 04:12:15,371] {dagbag.py:448} INFO - Filling up the DagBag from /home/prathamesh/PycharmProjects/airflow-project/venv/lib/python3.8/site-packages/airflow/example_dags/example_trigger_target_dag.py
[2021-04-04 04:12:15,389] {scheduler_job.py:639} INFO - DAG(s) dict_keys(['example_trigger_target_dag']) retrieved from /home/prathamesh/PycharmProjects/airflow-project/venv/lib/python3.8/site-packages/airflow/example_dags/example_trigger_target_dag.py
[2021-04-04 04:12:15,412] {logging_mixin.py:104} INFO - [2021-04-04 04:12:15,412] {dag.py:1818} INFO - Sync 1 DAGs
[2021-04-04 04:12:15,431] {logging_mixin.py:104} INFO - [2021-04-04 04:12:15,431] {dag.py:2273} INFO - Setting next_dagrun for example_trigger_target_dag to None
[2021-04-04 04:12:15,435] {scheduler_job.py:190} INFO - Processing /home/prathamesh/PycharmProjects/airflow-project/venv/lib/python3.8/site-packages/airflow/example_dags/example_trigger_target_dag.py took 0.068 seconds
[2021-04-04 04:12:45,768] {scheduler_job.py:182} INFO - Started process (PID=5364) to work on /home/prathamesh/PycharmProjects/airflow-project/venv/lib/python3.8/site-packages/airflow/example_dags/example_trigger_target_dag.py
[2021-04-04 04:12:45,769] {scheduler_job.py:629} INFO - Processing file /home/prathamesh/PycharmProjects/airflow-project/venv/lib/python3.8/site-packages/airflow/example_dags/example_trigger_target_dag.py for tasks to queue
[2021-04-04 04:12:45,769] {logging_mixin.py:104} INFO - [2021-04-04 04:12:45,769] {dagbag.py:448} INFO - Filling up the DagBag from /home/prathamesh/PycharmProjects/airflow-project/venv/lib/python3.8/site-packages/airflow/example_dags/example_trigger_target_dag.py
[2021-04-04 04:12:45,779] {scheduler_job.py:639} INFO - DAG(s) dict_keys(['example_trigger_target_dag']) retrieved from /home/prathamesh/PycharmProjects/airflow-project/venv/lib/python3.8/site-packages/airflow/example_dags/example_trigger_target_dag.py
[2021-04-04 04:12:45,791] {logging_mixin.py:104} INFO - [2021-04-04 04:12:45,791] {dag.py:1818} INFO - Sync 1 DAGs
[2021-04-04 04:12:45,797] {logging_mixin.py:104} INFO - [2021-04-04 04:12:45,797] {dag.py:2273} INFO - Setting next_dagrun for example_trigger_target_dag to None
[2021-04-04 04:12:45,801] {scheduler_job.py:190} INFO - Processing /home/prathamesh/PycharmProjects/airflow-project/venv/lib/python3.8/site-packages/airflow/example_dags/example_trigger_target_dag.py took 0.038 seconds
[2021-04-04 16:21:40,254] {scheduler_job.py:182} INFO - Started process (PID=3406) to work on /home/prathamesh/PycharmProjects/airflow-project/venv/lib/python3.8/site-packages/airflow/example_dags/example_trigger_target_dag.py
[2021-04-04 16:21:40,274] {scheduler_job.py:629} INFO - Processing file /home/prathamesh/PycharmProjects/airflow-project/venv/lib/python3.8/site-packages/airflow/example_dags/example_trigger_target_dag.py for tasks to queue
[2021-04-04 16:21:40,275] {logging_mixin.py:104} INFO - [2021-04-04 16:21:40,275] {dagbag.py:448} INFO - Filling up the DagBag from /home/prathamesh/PycharmProjects/airflow-project/venv/lib/python3.8/site-packages/airflow/example_dags/example_trigger_target_dag.py
[2021-04-04 16:21:40,321] {scheduler_job.py:639} INFO - DAG(s) dict_keys(['example_trigger_target_dag']) retrieved from /home/prathamesh/PycharmProjects/airflow-project/venv/lib/python3.8/site-packages/airflow/example_dags/example_trigger_target_dag.py
[2021-04-04 16:21:40,375] {logging_mixin.py:104} INFO - [2021-04-04 16:21:40,375] {dag.py:1818} INFO - Sync 1 DAGs
[2021-04-04 16:21:40,381] {logging_mixin.py:104} INFO - [2021-04-04 16:21:40,381] {dag.py:2273} INFO - Setting next_dagrun for example_trigger_target_dag to None
[2021-04-04 16:21:40,457] {scheduler_job.py:190} INFO - Processing /home/prathamesh/PycharmProjects/airflow-project/venv/lib/python3.8/site-packages/airflow/example_dags/example_trigger_target_dag.py took 0.205 seconds
[2021-04-04 16:22:11,302] {scheduler_job.py:182} INFO - Started process (PID=3544) to work on /home/prathamesh/PycharmProjects/airflow-project/venv/lib/python3.8/site-packages/airflow/example_dags/example_trigger_target_dag.py
[2021-04-04 16:22:11,308] {scheduler_job.py:629} INFO - Processing file /home/prathamesh/PycharmProjects/airflow-project/venv/lib/python3.8/site-packages/airflow/example_dags/example_trigger_target_dag.py for tasks to queue
[2021-04-04 16:22:11,309] {logging_mixin.py:104} INFO - [2021-04-04 16:22:11,308] {dagbag.py:448} INFO - Filling up the DagBag from /home/prathamesh/PycharmProjects/airflow-project/venv/lib/python3.8/site-packages/airflow/example_dags/example_trigger_target_dag.py
[2021-04-04 16:22:11,316] {scheduler_job.py:639} INFO - DAG(s) dict_keys(['example_trigger_target_dag']) retrieved from /home/prathamesh/PycharmProjects/airflow-project/venv/lib/python3.8/site-packages/airflow/example_dags/example_trigger_target_dag.py
[2021-04-04 16:22:11,336] {logging_mixin.py:104} INFO - [2021-04-04 16:22:11,336] {dag.py:1818} INFO - Sync 1 DAGs
[2021-04-04 16:22:11,342] {logging_mixin.py:104} INFO - [2021-04-04 16:22:11,342] {dag.py:2273} INFO - Setting next_dagrun for example_trigger_target_dag to None
[2021-04-04 16:22:11,349] {scheduler_job.py:190} INFO - Processing /home/prathamesh/PycharmProjects/airflow-project/venv/lib/python3.8/site-packages/airflow/example_dags/example_trigger_target_dag.py took 0.049 seconds
[2021-04-04 16:22:41,648] {scheduler_job.py:182} INFO - Started process (PID=3572) to work on /home/prathamesh/PycharmProjects/airflow-project/venv/lib/python3.8/site-packages/airflow/example_dags/example_trigger_target_dag.py
[2021-04-04 16:22:41,649] {scheduler_job.py:629} INFO - Processing file /home/prathamesh/PycharmProjects/airflow-project/venv/lib/python3.8/site-packages/airflow/example_dags/example_trigger_target_dag.py for tasks to queue
[2021-04-04 16:22:41,649] {logging_mixin.py:104} INFO - [2021-04-04 16:22:41,649] {dagbag.py:448} INFO - Filling up the DagBag from /home/prathamesh/PycharmProjects/airflow-project/venv/lib/python3.8/site-packages/airflow/example_dags/example_trigger_target_dag.py
[2021-04-04 16:22:41,661] {scheduler_job.py:639} INFO - DAG(s) dict_keys(['example_trigger_target_dag']) retrieved from /home/prathamesh/PycharmProjects/airflow-project/venv/lib/python3.8/site-packages/airflow/example_dags/example_trigger_target_dag.py
[2021-04-04 16:22:41,674] {logging_mixin.py:104} INFO - [2021-04-04 16:22:41,674] {dag.py:1818} INFO - Sync 1 DAGs
[2021-04-04 16:22:41,682] {logging_mixin.py:104} INFO - [2021-04-04 16:22:41,682] {dag.py:2273} INFO - Setting next_dagrun for example_trigger_target_dag to None
[2021-04-04 16:22:41,686] {scheduler_job.py:190} INFO - Processing /home/prathamesh/PycharmProjects/airflow-project/venv/lib/python3.8/site-packages/airflow/example_dags/example_trigger_target_dag.py took 0.044 seconds
[2021-04-04 16:23:12,512] {scheduler_job.py:182} INFO - Started process (PID=3599) to work on /home/prathamesh/PycharmProjects/airflow-project/venv/lib/python3.8/site-packages/airflow/example_dags/example_trigger_target_dag.py
[2021-04-04 16:23:12,516] {scheduler_job.py:629} INFO - Processing file /home/prathamesh/PycharmProjects/airflow-project/venv/lib/python3.8/site-packages/airflow/example_dags/example_trigger_target_dag.py for tasks to queue
[2021-04-04 16:23:12,517] {logging_mixin.py:104} INFO - [2021-04-04 16:23:12,516] {dagbag.py:448} INFO - Filling up the DagBag from /home/prathamesh/PycharmProjects/airflow-project/venv/lib/python3.8/site-packages/airflow/example_dags/example_trigger_target_dag.py
[2021-04-04 16:23:12,526] {scheduler_job.py:639} INFO - DAG(s) dict_keys(['example_trigger_target_dag']) retrieved from /home/prathamesh/PycharmProjects/airflow-project/venv/lib/python3.8/site-packages/airflow/example_dags/example_trigger_target_dag.py
[2021-04-04 16:23:12,535] {logging_mixin.py:104} INFO - [2021-04-04 16:23:12,534] {dag.py:1818} INFO - Sync 1 DAGs
[2021-04-04 16:23:12,545] {logging_mixin.py:104} INFO - [2021-04-04 16:23:12,545] {dag.py:2273} INFO - Setting next_dagrun for example_trigger_target_dag to None
[2021-04-04 16:23:12,550] {scheduler_job.py:190} INFO - Processing /home/prathamesh/PycharmProjects/airflow-project/venv/lib/python3.8/site-packages/airflow/example_dags/example_trigger_target_dag.py took 0.041 seconds
