[2021-04-04 03:36:24,899] {scheduler_job.py:182} INFO - Started process (PID=3202) to work on /home/prathamesh/PycharmProjects/airflow-project/venv/lib/python3.8/site-packages/airflow/example_dags/example_bash_operator.py
[2021-04-04 03:36:24,899] {scheduler_job.py:629} INFO - Processing file /home/prathamesh/PycharmProjects/airflow-project/venv/lib/python3.8/site-packages/airflow/example_dags/example_bash_operator.py for tasks to queue
[2021-04-04 03:36:24,900] {logging_mixin.py:104} INFO - [2021-04-04 03:36:24,900] {dagbag.py:448} INFO - Filling up the DagBag from /home/prathamesh/PycharmProjects/airflow-project/venv/lib/python3.8/site-packages/airflow/example_dags/example_bash_operator.py
[2021-04-04 03:36:24,907] {scheduler_job.py:639} INFO - DAG(s) dict_keys(['example_bash_operator']) retrieved from /home/prathamesh/PycharmProjects/airflow-project/venv/lib/python3.8/site-packages/airflow/example_dags/example_bash_operator.py
[2021-04-04 03:36:24,919] {logging_mixin.py:104} INFO - [2021-04-04 03:36:24,919] {dag.py:1818} INFO - Sync 1 DAGs
[2021-04-04 03:36:24,929] {logging_mixin.py:104} INFO - [2021-04-04 03:36:24,929] {dag.py:2273} INFO - Setting next_dagrun for example_bash_operator to 2021-04-02 00:00:00+00:00
[2021-04-04 03:36:24,934] {scheduler_job.py:190} INFO - Processing /home/prathamesh/PycharmProjects/airflow-project/venv/lib/python3.8/site-packages/airflow/example_dags/example_bash_operator.py took 0.037 seconds
[2021-04-04 03:36:55,881] {scheduler_job.py:182} INFO - Started process (PID=3237) to work on /home/prathamesh/PycharmProjects/airflow-project/venv/lib/python3.8/site-packages/airflow/example_dags/example_bash_operator.py
[2021-04-04 03:36:55,887] {scheduler_job.py:629} INFO - Processing file /home/prathamesh/PycharmProjects/airflow-project/venv/lib/python3.8/site-packages/airflow/example_dags/example_bash_operator.py for tasks to queue
[2021-04-04 03:36:55,887] {logging_mixin.py:104} INFO - [2021-04-04 03:36:55,887] {dagbag.py:448} INFO - Filling up the DagBag from /home/prathamesh/PycharmProjects/airflow-project/venv/lib/python3.8/site-packages/airflow/example_dags/example_bash_operator.py
[2021-04-04 03:36:55,949] {scheduler_job.py:639} INFO - DAG(s) dict_keys(['example_bash_operator']) retrieved from /home/prathamesh/PycharmProjects/airflow-project/venv/lib/python3.8/site-packages/airflow/example_dags/example_bash_operator.py
[2021-04-04 03:36:56,021] {logging_mixin.py:104} INFO - [2021-04-04 03:36:56,021] {dag.py:1818} INFO - Sync 1 DAGs
[2021-04-04 03:36:56,075] {logging_mixin.py:104} INFO - [2021-04-04 03:36:56,075] {dag.py:2273} INFO - Setting next_dagrun for example_bash_operator to 2021-04-02 00:00:00+00:00
[2021-04-04 03:36:56,081] {scheduler_job.py:190} INFO - Processing /home/prathamesh/PycharmProjects/airflow-project/venv/lib/python3.8/site-packages/airflow/example_dags/example_bash_operator.py took 0.219 seconds
[2021-04-04 03:37:26,833] {scheduler_job.py:182} INFO - Started process (PID=3274) to work on /home/prathamesh/PycharmProjects/airflow-project/venv/lib/python3.8/site-packages/airflow/example_dags/example_bash_operator.py
[2021-04-04 03:37:26,834] {scheduler_job.py:629} INFO - Processing file /home/prathamesh/PycharmProjects/airflow-project/venv/lib/python3.8/site-packages/airflow/example_dags/example_bash_operator.py for tasks to queue
[2021-04-04 03:37:26,834] {logging_mixin.py:104} INFO - [2021-04-04 03:37:26,834] {dagbag.py:448} INFO - Filling up the DagBag from /home/prathamesh/PycharmProjects/airflow-project/venv/lib/python3.8/site-packages/airflow/example_dags/example_bash_operator.py
[2021-04-04 03:37:26,857] {scheduler_job.py:639} INFO - DAG(s) dict_keys(['example_bash_operator']) retrieved from /home/prathamesh/PycharmProjects/airflow-project/venv/lib/python3.8/site-packages/airflow/example_dags/example_bash_operator.py
[2021-04-04 03:37:26,880] {logging_mixin.py:104} INFO - [2021-04-04 03:37:26,880] {dag.py:1818} INFO - Sync 1 DAGs
[2021-04-04 03:37:26,916] {logging_mixin.py:104} INFO - [2021-04-04 03:37:26,916] {dag.py:2273} INFO - Setting next_dagrun for example_bash_operator to 2021-04-02 00:00:00+00:00
[2021-04-04 03:37:26,946] {scheduler_job.py:190} INFO - Processing /home/prathamesh/PycharmProjects/airflow-project/venv/lib/python3.8/site-packages/airflow/example_dags/example_bash_operator.py took 0.115 seconds
[2021-04-04 03:37:57,398] {scheduler_job.py:182} INFO - Started process (PID=3303) to work on /home/prathamesh/PycharmProjects/airflow-project/venv/lib/python3.8/site-packages/airflow/example_dags/example_bash_operator.py
[2021-04-04 03:37:57,399] {scheduler_job.py:629} INFO - Processing file /home/prathamesh/PycharmProjects/airflow-project/venv/lib/python3.8/site-packages/airflow/example_dags/example_bash_operator.py for tasks to queue
[2021-04-04 03:37:57,399] {logging_mixin.py:104} INFO - [2021-04-04 03:37:57,399] {dagbag.py:448} INFO - Filling up the DagBag from /home/prathamesh/PycharmProjects/airflow-project/venv/lib/python3.8/site-packages/airflow/example_dags/example_bash_operator.py
[2021-04-04 03:37:57,423] {scheduler_job.py:639} INFO - DAG(s) dict_keys(['example_bash_operator']) retrieved from /home/prathamesh/PycharmProjects/airflow-project/venv/lib/python3.8/site-packages/airflow/example_dags/example_bash_operator.py
[2021-04-04 03:37:57,443] {logging_mixin.py:104} INFO - [2021-04-04 03:37:57,443] {dag.py:1818} INFO - Sync 1 DAGs
[2021-04-04 03:37:57,482] {logging_mixin.py:104} INFO - [2021-04-04 03:37:57,482] {dag.py:2273} INFO - Setting next_dagrun for example_bash_operator to 2021-04-02 00:00:00+00:00
[2021-04-04 03:37:57,488] {scheduler_job.py:190} INFO - Processing /home/prathamesh/PycharmProjects/airflow-project/venv/lib/python3.8/site-packages/airflow/example_dags/example_bash_operator.py took 0.092 seconds
[2021-04-04 03:38:28,019] {scheduler_job.py:182} INFO - Started process (PID=3331) to work on /home/prathamesh/PycharmProjects/airflow-project/venv/lib/python3.8/site-packages/airflow/example_dags/example_bash_operator.py
[2021-04-04 03:38:28,028] {scheduler_job.py:629} INFO - Processing file /home/prathamesh/PycharmProjects/airflow-project/venv/lib/python3.8/site-packages/airflow/example_dags/example_bash_operator.py for tasks to queue
[2021-04-04 03:38:28,028] {logging_mixin.py:104} INFO - [2021-04-04 03:38:28,028] {dagbag.py:448} INFO - Filling up the DagBag from /home/prathamesh/PycharmProjects/airflow-project/venv/lib/python3.8/site-packages/airflow/example_dags/example_bash_operator.py
[2021-04-04 03:38:28,061] {scheduler_job.py:639} INFO - DAG(s) dict_keys(['example_bash_operator']) retrieved from /home/prathamesh/PycharmProjects/airflow-project/venv/lib/python3.8/site-packages/airflow/example_dags/example_bash_operator.py
[2021-04-04 03:38:28,091] {logging_mixin.py:104} INFO - [2021-04-04 03:38:28,088] {dag.py:1818} INFO - Sync 1 DAGs
[2021-04-04 03:38:28,133] {logging_mixin.py:104} INFO - [2021-04-04 03:38:28,133] {dag.py:2273} INFO - Setting next_dagrun for example_bash_operator to 2021-04-02 00:00:00+00:00
[2021-04-04 03:38:28,139] {scheduler_job.py:190} INFO - Processing /home/prathamesh/PycharmProjects/airflow-project/venv/lib/python3.8/site-packages/airflow/example_dags/example_bash_operator.py took 0.136 seconds
[2021-04-04 03:39:00,447] {scheduler_job.py:182} INFO - Started process (PID=3374) to work on /home/prathamesh/PycharmProjects/airflow-project/venv/lib/python3.8/site-packages/airflow/example_dags/example_bash_operator.py
[2021-04-04 03:39:00,448] {scheduler_job.py:629} INFO - Processing file /home/prathamesh/PycharmProjects/airflow-project/venv/lib/python3.8/site-packages/airflow/example_dags/example_bash_operator.py for tasks to queue
[2021-04-04 03:39:00,449] {logging_mixin.py:104} INFO - [2021-04-04 03:39:00,449] {dagbag.py:448} INFO - Filling up the DagBag from /home/prathamesh/PycharmProjects/airflow-project/venv/lib/python3.8/site-packages/airflow/example_dags/example_bash_operator.py
[2021-04-04 03:39:00,543] {scheduler_job.py:639} INFO - DAG(s) dict_keys(['example_bash_operator']) retrieved from /home/prathamesh/PycharmProjects/airflow-project/venv/lib/python3.8/site-packages/airflow/example_dags/example_bash_operator.py
[2021-04-04 03:39:00,582] {logging_mixin.py:104} INFO - [2021-04-04 03:39:00,582] {dag.py:1818} INFO - Sync 1 DAGs
[2021-04-04 03:39:00,630] {logging_mixin.py:104} INFO - [2021-04-04 03:39:00,630] {dag.py:2273} INFO - Setting next_dagrun for example_bash_operator to 2021-04-02 00:00:00+00:00
[2021-04-04 03:39:00,638] {scheduler_job.py:190} INFO - Processing /home/prathamesh/PycharmProjects/airflow-project/venv/lib/python3.8/site-packages/airflow/example_dags/example_bash_operator.py took 0.222 seconds
[2021-04-04 03:39:30,993] {scheduler_job.py:182} INFO - Started process (PID=3404) to work on /home/prathamesh/PycharmProjects/airflow-project/venv/lib/python3.8/site-packages/airflow/example_dags/example_bash_operator.py
[2021-04-04 03:39:30,994] {scheduler_job.py:629} INFO - Processing file /home/prathamesh/PycharmProjects/airflow-project/venv/lib/python3.8/site-packages/airflow/example_dags/example_bash_operator.py for tasks to queue
[2021-04-04 03:39:30,994] {logging_mixin.py:104} INFO - [2021-04-04 03:39:30,994] {dagbag.py:448} INFO - Filling up the DagBag from /home/prathamesh/PycharmProjects/airflow-project/venv/lib/python3.8/site-packages/airflow/example_dags/example_bash_operator.py
[2021-04-04 03:39:31,041] {scheduler_job.py:639} INFO - DAG(s) dict_keys(['example_bash_operator']) retrieved from /home/prathamesh/PycharmProjects/airflow-project/venv/lib/python3.8/site-packages/airflow/example_dags/example_bash_operator.py
[2021-04-04 03:39:31,065] {logging_mixin.py:104} INFO - [2021-04-04 03:39:31,065] {dag.py:1818} INFO - Sync 1 DAGs
[2021-04-04 03:39:31,092] {logging_mixin.py:104} INFO - [2021-04-04 03:39:31,092] {dag.py:2273} INFO - Setting next_dagrun for example_bash_operator to 2021-04-02 00:00:00+00:00
[2021-04-04 03:39:31,123] {scheduler_job.py:190} INFO - Processing /home/prathamesh/PycharmProjects/airflow-project/venv/lib/python3.8/site-packages/airflow/example_dags/example_bash_operator.py took 0.133 seconds
[2021-04-04 03:40:01,897] {scheduler_job.py:182} INFO - Started process (PID=3434) to work on /home/prathamesh/PycharmProjects/airflow-project/venv/lib/python3.8/site-packages/airflow/example_dags/example_bash_operator.py
[2021-04-04 03:40:01,906] {scheduler_job.py:629} INFO - Processing file /home/prathamesh/PycharmProjects/airflow-project/venv/lib/python3.8/site-packages/airflow/example_dags/example_bash_operator.py for tasks to queue
[2021-04-04 03:40:01,906] {logging_mixin.py:104} INFO - [2021-04-04 03:40:01,906] {dagbag.py:448} INFO - Filling up the DagBag from /home/prathamesh/PycharmProjects/airflow-project/venv/lib/python3.8/site-packages/airflow/example_dags/example_bash_operator.py
[2021-04-04 03:40:01,926] {scheduler_job.py:639} INFO - DAG(s) dict_keys(['example_bash_operator']) retrieved from /home/prathamesh/PycharmProjects/airflow-project/venv/lib/python3.8/site-packages/airflow/example_dags/example_bash_operator.py
[2021-04-04 03:40:01,951] {logging_mixin.py:104} INFO - [2021-04-04 03:40:01,951] {dag.py:1818} INFO - Sync 1 DAGs
[2021-04-04 03:40:02,005] {logging_mixin.py:104} INFO - [2021-04-04 03:40:02,005] {dag.py:2273} INFO - Setting next_dagrun for example_bash_operator to 2021-04-02 00:00:00+00:00
[2021-04-04 03:40:02,024] {scheduler_job.py:190} INFO - Processing /home/prathamesh/PycharmProjects/airflow-project/venv/lib/python3.8/site-packages/airflow/example_dags/example_bash_operator.py took 0.130 seconds
[2021-04-04 03:40:33,006] {scheduler_job.py:182} INFO - Started process (PID=3462) to work on /home/prathamesh/PycharmProjects/airflow-project/venv/lib/python3.8/site-packages/airflow/example_dags/example_bash_operator.py
[2021-04-04 03:40:33,007] {scheduler_job.py:629} INFO - Processing file /home/prathamesh/PycharmProjects/airflow-project/venv/lib/python3.8/site-packages/airflow/example_dags/example_bash_operator.py for tasks to queue
[2021-04-04 03:40:33,007] {logging_mixin.py:104} INFO - [2021-04-04 03:40:33,007] {dagbag.py:448} INFO - Filling up the DagBag from /home/prathamesh/PycharmProjects/airflow-project/venv/lib/python3.8/site-packages/airflow/example_dags/example_bash_operator.py
[2021-04-04 03:40:33,078] {scheduler_job.py:639} INFO - DAG(s) dict_keys(['example_bash_operator']) retrieved from /home/prathamesh/PycharmProjects/airflow-project/venv/lib/python3.8/site-packages/airflow/example_dags/example_bash_operator.py
[2021-04-04 03:40:33,106] {logging_mixin.py:104} INFO - [2021-04-04 03:40:33,105] {dag.py:1818} INFO - Sync 1 DAGs
[2021-04-04 03:40:33,134] {logging_mixin.py:104} INFO - [2021-04-04 03:40:33,133] {dag.py:2273} INFO - Setting next_dagrun for example_bash_operator to 2021-04-02 00:00:00+00:00
[2021-04-04 03:40:33,151] {scheduler_job.py:190} INFO - Processing /home/prathamesh/PycharmProjects/airflow-project/venv/lib/python3.8/site-packages/airflow/example_dags/example_bash_operator.py took 0.148 seconds
[2021-04-04 03:41:03,918] {scheduler_job.py:182} INFO - Started process (PID=3507) to work on /home/prathamesh/PycharmProjects/airflow-project/venv/lib/python3.8/site-packages/airflow/example_dags/example_bash_operator.py
[2021-04-04 03:41:03,918] {scheduler_job.py:629} INFO - Processing file /home/prathamesh/PycharmProjects/airflow-project/venv/lib/python3.8/site-packages/airflow/example_dags/example_bash_operator.py for tasks to queue
[2021-04-04 03:41:03,919] {logging_mixin.py:104} INFO - [2021-04-04 03:41:03,919] {dagbag.py:448} INFO - Filling up the DagBag from /home/prathamesh/PycharmProjects/airflow-project/venv/lib/python3.8/site-packages/airflow/example_dags/example_bash_operator.py
[2021-04-04 03:41:03,931] {scheduler_job.py:639} INFO - DAG(s) dict_keys(['example_bash_operator']) retrieved from /home/prathamesh/PycharmProjects/airflow-project/venv/lib/python3.8/site-packages/airflow/example_dags/example_bash_operator.py
[2021-04-04 03:41:03,947] {logging_mixin.py:104} INFO - [2021-04-04 03:41:03,947] {dag.py:1818} INFO - Sync 1 DAGs
[2021-04-04 03:41:03,962] {logging_mixin.py:104} INFO - [2021-04-04 03:41:03,962] {dag.py:2273} INFO - Setting next_dagrun for example_bash_operator to 2021-04-02 00:00:00+00:00
[2021-04-04 03:41:03,969] {scheduler_job.py:190} INFO - Processing /home/prathamesh/PycharmProjects/airflow-project/venv/lib/python3.8/site-packages/airflow/example_dags/example_bash_operator.py took 0.054 seconds
[2021-04-04 03:41:36,246] {scheduler_job.py:182} INFO - Started process (PID=3567) to work on /home/prathamesh/PycharmProjects/airflow-project/venv/lib/python3.8/site-packages/airflow/example_dags/example_bash_operator.py
[2021-04-04 03:41:36,247] {scheduler_job.py:629} INFO - Processing file /home/prathamesh/PycharmProjects/airflow-project/venv/lib/python3.8/site-packages/airflow/example_dags/example_bash_operator.py for tasks to queue
[2021-04-04 03:41:36,247] {logging_mixin.py:104} INFO - [2021-04-04 03:41:36,247] {dagbag.py:448} INFO - Filling up the DagBag from /home/prathamesh/PycharmProjects/airflow-project/venv/lib/python3.8/site-packages/airflow/example_dags/example_bash_operator.py
[2021-04-04 03:41:36,260] {scheduler_job.py:639} INFO - DAG(s) dict_keys(['example_bash_operator']) retrieved from /home/prathamesh/PycharmProjects/airflow-project/venv/lib/python3.8/site-packages/airflow/example_dags/example_bash_operator.py
[2021-04-04 03:41:36,273] {logging_mixin.py:104} INFO - [2021-04-04 03:41:36,273] {dag.py:1818} INFO - Sync 1 DAGs
[2021-04-04 03:41:36,310] {logging_mixin.py:104} INFO - [2021-04-04 03:41:36,310] {dag.py:2273} INFO - Setting next_dagrun for example_bash_operator to 2021-04-02 00:00:00+00:00
[2021-04-04 03:41:36,323] {scheduler_job.py:190} INFO - Processing /home/prathamesh/PycharmProjects/airflow-project/venv/lib/python3.8/site-packages/airflow/example_dags/example_bash_operator.py took 0.081 seconds
[2021-04-04 03:42:06,563] {scheduler_job.py:182} INFO - Started process (PID=3595) to work on /home/prathamesh/PycharmProjects/airflow-project/venv/lib/python3.8/site-packages/airflow/example_dags/example_bash_operator.py
[2021-04-04 03:42:06,564] {scheduler_job.py:629} INFO - Processing file /home/prathamesh/PycharmProjects/airflow-project/venv/lib/python3.8/site-packages/airflow/example_dags/example_bash_operator.py for tasks to queue
[2021-04-04 03:42:06,565] {logging_mixin.py:104} INFO - [2021-04-04 03:42:06,564] {dagbag.py:448} INFO - Filling up the DagBag from /home/prathamesh/PycharmProjects/airflow-project/venv/lib/python3.8/site-packages/airflow/example_dags/example_bash_operator.py
[2021-04-04 03:42:06,573] {scheduler_job.py:639} INFO - DAG(s) dict_keys(['example_bash_operator']) retrieved from /home/prathamesh/PycharmProjects/airflow-project/venv/lib/python3.8/site-packages/airflow/example_dags/example_bash_operator.py
[2021-04-04 03:42:06,588] {logging_mixin.py:104} INFO - [2021-04-04 03:42:06,588] {dag.py:1818} INFO - Sync 1 DAGs
[2021-04-04 03:42:06,601] {logging_mixin.py:104} INFO - [2021-04-04 03:42:06,601] {dag.py:2273} INFO - Setting next_dagrun for example_bash_operator to 2021-04-02 00:00:00+00:00
[2021-04-04 03:42:06,609] {scheduler_job.py:190} INFO - Processing /home/prathamesh/PycharmProjects/airflow-project/venv/lib/python3.8/site-packages/airflow/example_dags/example_bash_operator.py took 0.048 seconds
[2021-04-04 03:42:38,508] {scheduler_job.py:182} INFO - Started process (PID=3635) to work on /home/prathamesh/PycharmProjects/airflow-project/venv/lib/python3.8/site-packages/airflow/example_dags/example_bash_operator.py
[2021-04-04 03:42:38,509] {scheduler_job.py:629} INFO - Processing file /home/prathamesh/PycharmProjects/airflow-project/venv/lib/python3.8/site-packages/airflow/example_dags/example_bash_operator.py for tasks to queue
[2021-04-04 03:42:38,510] {logging_mixin.py:104} INFO - [2021-04-04 03:42:38,510] {dagbag.py:448} INFO - Filling up the DagBag from /home/prathamesh/PycharmProjects/airflow-project/venv/lib/python3.8/site-packages/airflow/example_dags/example_bash_operator.py
[2021-04-04 03:42:38,524] {scheduler_job.py:639} INFO - DAG(s) dict_keys(['example_bash_operator']) retrieved from /home/prathamesh/PycharmProjects/airflow-project/venv/lib/python3.8/site-packages/airflow/example_dags/example_bash_operator.py
[2021-04-04 03:42:38,541] {logging_mixin.py:104} INFO - [2021-04-04 03:42:38,541] {dag.py:1818} INFO - Sync 1 DAGs
[2021-04-04 03:42:38,567] {logging_mixin.py:104} INFO - [2021-04-04 03:42:38,567] {dag.py:2273} INFO - Setting next_dagrun for example_bash_operator to 2021-04-02 00:00:00+00:00
[2021-04-04 03:42:38,591] {scheduler_job.py:190} INFO - Processing /home/prathamesh/PycharmProjects/airflow-project/venv/lib/python3.8/site-packages/airflow/example_dags/example_bash_operator.py took 0.086 seconds
[2021-04-04 03:43:09,336] {scheduler_job.py:182} INFO - Started process (PID=3673) to work on /home/prathamesh/PycharmProjects/airflow-project/venv/lib/python3.8/site-packages/airflow/example_dags/example_bash_operator.py
[2021-04-04 03:43:09,337] {scheduler_job.py:629} INFO - Processing file /home/prathamesh/PycharmProjects/airflow-project/venv/lib/python3.8/site-packages/airflow/example_dags/example_bash_operator.py for tasks to queue
[2021-04-04 03:43:09,338] {logging_mixin.py:104} INFO - [2021-04-04 03:43:09,338] {dagbag.py:448} INFO - Filling up the DagBag from /home/prathamesh/PycharmProjects/airflow-project/venv/lib/python3.8/site-packages/airflow/example_dags/example_bash_operator.py
[2021-04-04 03:43:09,351] {scheduler_job.py:639} INFO - DAG(s) dict_keys(['example_bash_operator']) retrieved from /home/prathamesh/PycharmProjects/airflow-project/venv/lib/python3.8/site-packages/airflow/example_dags/example_bash_operator.py
[2021-04-04 03:43:09,363] {logging_mixin.py:104} INFO - [2021-04-04 03:43:09,363] {dag.py:1818} INFO - Sync 1 DAGs
[2021-04-04 03:43:09,372] {logging_mixin.py:104} INFO - [2021-04-04 03:43:09,372] {dag.py:2273} INFO - Setting next_dagrun for example_bash_operator to 2021-04-02 00:00:00+00:00
[2021-04-04 03:43:09,376] {scheduler_job.py:190} INFO - Processing /home/prathamesh/PycharmProjects/airflow-project/venv/lib/python3.8/site-packages/airflow/example_dags/example_bash_operator.py took 0.045 seconds
[2021-04-04 03:43:39,880] {scheduler_job.py:182} INFO - Started process (PID=3715) to work on /home/prathamesh/PycharmProjects/airflow-project/venv/lib/python3.8/site-packages/airflow/example_dags/example_bash_operator.py
[2021-04-04 03:43:39,881] {scheduler_job.py:629} INFO - Processing file /home/prathamesh/PycharmProjects/airflow-project/venv/lib/python3.8/site-packages/airflow/example_dags/example_bash_operator.py for tasks to queue
[2021-04-04 03:43:39,881] {logging_mixin.py:104} INFO - [2021-04-04 03:43:39,881] {dagbag.py:448} INFO - Filling up the DagBag from /home/prathamesh/PycharmProjects/airflow-project/venv/lib/python3.8/site-packages/airflow/example_dags/example_bash_operator.py
[2021-04-04 03:43:39,891] {scheduler_job.py:639} INFO - DAG(s) dict_keys(['example_bash_operator']) retrieved from /home/prathamesh/PycharmProjects/airflow-project/venv/lib/python3.8/site-packages/airflow/example_dags/example_bash_operator.py
[2021-04-04 03:43:39,910] {logging_mixin.py:104} INFO - [2021-04-04 03:43:39,910] {dag.py:1818} INFO - Sync 1 DAGs
[2021-04-04 03:43:39,938] {logging_mixin.py:104} INFO - [2021-04-04 03:43:39,938] {dag.py:2273} INFO - Setting next_dagrun for example_bash_operator to 2021-04-02 00:00:00+00:00
[2021-04-04 03:43:39,943] {scheduler_job.py:190} INFO - Processing /home/prathamesh/PycharmProjects/airflow-project/venv/lib/python3.8/site-packages/airflow/example_dags/example_bash_operator.py took 0.065 seconds
[2021-04-04 03:44:10,406] {scheduler_job.py:182} INFO - Started process (PID=3746) to work on /home/prathamesh/PycharmProjects/airflow-project/venv/lib/python3.8/site-packages/airflow/example_dags/example_bash_operator.py
[2021-04-04 03:44:10,407] {scheduler_job.py:629} INFO - Processing file /home/prathamesh/PycharmProjects/airflow-project/venv/lib/python3.8/site-packages/airflow/example_dags/example_bash_operator.py for tasks to queue
[2021-04-04 03:44:10,408] {logging_mixin.py:104} INFO - [2021-04-04 03:44:10,407] {dagbag.py:448} INFO - Filling up the DagBag from /home/prathamesh/PycharmProjects/airflow-project/venv/lib/python3.8/site-packages/airflow/example_dags/example_bash_operator.py
[2021-04-04 03:44:10,434] {scheduler_job.py:639} INFO - DAG(s) dict_keys(['example_bash_operator']) retrieved from /home/prathamesh/PycharmProjects/airflow-project/venv/lib/python3.8/site-packages/airflow/example_dags/example_bash_operator.py
[2021-04-04 03:44:10,443] {logging_mixin.py:104} INFO - [2021-04-04 03:44:10,443] {dag.py:1818} INFO - Sync 1 DAGs
[2021-04-04 03:44:10,456] {logging_mixin.py:104} INFO - [2021-04-04 03:44:10,456] {dag.py:2273} INFO - Setting next_dagrun for example_bash_operator to 2021-04-02 00:00:00+00:00
[2021-04-04 03:44:10,460] {scheduler_job.py:190} INFO - Processing /home/prathamesh/PycharmProjects/airflow-project/venv/lib/python3.8/site-packages/airflow/example_dags/example_bash_operator.py took 0.056 seconds
[2021-04-04 03:44:40,872] {scheduler_job.py:182} INFO - Started process (PID=3774) to work on /home/prathamesh/PycharmProjects/airflow-project/venv/lib/python3.8/site-packages/airflow/example_dags/example_bash_operator.py
[2021-04-04 03:44:40,873] {scheduler_job.py:629} INFO - Processing file /home/prathamesh/PycharmProjects/airflow-project/venv/lib/python3.8/site-packages/airflow/example_dags/example_bash_operator.py for tasks to queue
[2021-04-04 03:44:40,875] {logging_mixin.py:104} INFO - [2021-04-04 03:44:40,874] {dagbag.py:448} INFO - Filling up the DagBag from /home/prathamesh/PycharmProjects/airflow-project/venv/lib/python3.8/site-packages/airflow/example_dags/example_bash_operator.py
[2021-04-04 03:44:40,886] {scheduler_job.py:639} INFO - DAG(s) dict_keys(['example_bash_operator']) retrieved from /home/prathamesh/PycharmProjects/airflow-project/venv/lib/python3.8/site-packages/airflow/example_dags/example_bash_operator.py
[2021-04-04 03:44:40,906] {logging_mixin.py:104} INFO - [2021-04-04 03:44:40,906] {dag.py:1818} INFO - Sync 1 DAGs
[2021-04-04 03:44:40,925] {logging_mixin.py:104} INFO - [2021-04-04 03:44:40,925] {dag.py:2273} INFO - Setting next_dagrun for example_bash_operator to 2021-04-02 00:00:00+00:00
[2021-04-04 03:44:40,932] {scheduler_job.py:190} INFO - Processing /home/prathamesh/PycharmProjects/airflow-project/venv/lib/python3.8/site-packages/airflow/example_dags/example_bash_operator.py took 0.062 seconds
[2021-04-04 03:45:11,584] {scheduler_job.py:182} INFO - Started process (PID=3898) to work on /home/prathamesh/PycharmProjects/airflow-project/venv/lib/python3.8/site-packages/airflow/example_dags/example_bash_operator.py
[2021-04-04 03:45:11,588] {scheduler_job.py:629} INFO - Processing file /home/prathamesh/PycharmProjects/airflow-project/venv/lib/python3.8/site-packages/airflow/example_dags/example_bash_operator.py for tasks to queue
[2021-04-04 03:45:11,588] {logging_mixin.py:104} INFO - [2021-04-04 03:45:11,588] {dagbag.py:448} INFO - Filling up the DagBag from /home/prathamesh/PycharmProjects/airflow-project/venv/lib/python3.8/site-packages/airflow/example_dags/example_bash_operator.py
[2021-04-04 03:45:11,597] {scheduler_job.py:639} INFO - DAG(s) dict_keys(['example_bash_operator']) retrieved from /home/prathamesh/PycharmProjects/airflow-project/venv/lib/python3.8/site-packages/airflow/example_dags/example_bash_operator.py
[2021-04-04 03:45:11,607] {logging_mixin.py:104} INFO - [2021-04-04 03:45:11,607] {dag.py:1818} INFO - Sync 1 DAGs
[2021-04-04 03:45:11,619] {logging_mixin.py:104} INFO - [2021-04-04 03:45:11,619] {dag.py:2273} INFO - Setting next_dagrun for example_bash_operator to 2021-04-02 00:00:00+00:00
[2021-04-04 03:45:11,630] {scheduler_job.py:190} INFO - Processing /home/prathamesh/PycharmProjects/airflow-project/venv/lib/python3.8/site-packages/airflow/example_dags/example_bash_operator.py took 0.053 seconds
[2021-04-04 03:54:18,627] {scheduler_job.py:182} INFO - Started process (PID=4551) to work on /home/prathamesh/PycharmProjects/airflow-project/venv/lib/python3.8/site-packages/airflow/example_dags/example_bash_operator.py
[2021-04-04 03:54:18,628] {scheduler_job.py:629} INFO - Processing file /home/prathamesh/PycharmProjects/airflow-project/venv/lib/python3.8/site-packages/airflow/example_dags/example_bash_operator.py for tasks to queue
[2021-04-04 03:54:18,631] {logging_mixin.py:104} INFO - [2021-04-04 03:54:18,629] {dagbag.py:448} INFO - Filling up the DagBag from /home/prathamesh/PycharmProjects/airflow-project/venv/lib/python3.8/site-packages/airflow/example_dags/example_bash_operator.py
[2021-04-04 03:54:18,652] {scheduler_job.py:639} INFO - DAG(s) dict_keys(['example_bash_operator']) retrieved from /home/prathamesh/PycharmProjects/airflow-project/venv/lib/python3.8/site-packages/airflow/example_dags/example_bash_operator.py
[2021-04-04 03:54:18,680] {logging_mixin.py:104} INFO - [2021-04-04 03:54:18,680] {dag.py:1818} INFO - Sync 1 DAGs
[2021-04-04 03:54:18,696] {logging_mixin.py:104} INFO - [2021-04-04 03:54:18,696] {dag.py:2273} INFO - Setting next_dagrun for example_bash_operator to 2021-04-02 00:00:00+00:00
[2021-04-04 03:54:18,710] {scheduler_job.py:190} INFO - Processing /home/prathamesh/PycharmProjects/airflow-project/venv/lib/python3.8/site-packages/airflow/example_dags/example_bash_operator.py took 0.085 seconds
[2021-04-04 03:54:49,698] {scheduler_job.py:182} INFO - Started process (PID=4579) to work on /home/prathamesh/PycharmProjects/airflow-project/venv/lib/python3.8/site-packages/airflow/example_dags/example_bash_operator.py
[2021-04-04 03:54:49,700] {scheduler_job.py:629} INFO - Processing file /home/prathamesh/PycharmProjects/airflow-project/venv/lib/python3.8/site-packages/airflow/example_dags/example_bash_operator.py for tasks to queue
[2021-04-04 03:54:49,700] {logging_mixin.py:104} INFO - [2021-04-04 03:54:49,700] {dagbag.py:448} INFO - Filling up the DagBag from /home/prathamesh/PycharmProjects/airflow-project/venv/lib/python3.8/site-packages/airflow/example_dags/example_bash_operator.py
[2021-04-04 03:54:49,711] {scheduler_job.py:639} INFO - DAG(s) dict_keys(['example_bash_operator']) retrieved from /home/prathamesh/PycharmProjects/airflow-project/venv/lib/python3.8/site-packages/airflow/example_dags/example_bash_operator.py
[2021-04-04 03:54:49,724] {logging_mixin.py:104} INFO - [2021-04-04 03:54:49,724] {dag.py:1818} INFO - Sync 1 DAGs
[2021-04-04 03:54:49,743] {logging_mixin.py:104} INFO - [2021-04-04 03:54:49,743] {dag.py:2273} INFO - Setting next_dagrun for example_bash_operator to 2021-04-02 00:00:00+00:00
[2021-04-04 03:54:49,757] {scheduler_job.py:190} INFO - Processing /home/prathamesh/PycharmProjects/airflow-project/venv/lib/python3.8/site-packages/airflow/example_dags/example_bash_operator.py took 0.062 seconds
[2021-04-04 03:55:20,838] {scheduler_job.py:182} INFO - Started process (PID=4611) to work on /home/prathamesh/PycharmProjects/airflow-project/venv/lib/python3.8/site-packages/airflow/example_dags/example_bash_operator.py
[2021-04-04 03:55:20,848] {scheduler_job.py:629} INFO - Processing file /home/prathamesh/PycharmProjects/airflow-project/venv/lib/python3.8/site-packages/airflow/example_dags/example_bash_operator.py for tasks to queue
[2021-04-04 03:55:20,848] {logging_mixin.py:104} INFO - [2021-04-04 03:55:20,848] {dagbag.py:448} INFO - Filling up the DagBag from /home/prathamesh/PycharmProjects/airflow-project/venv/lib/python3.8/site-packages/airflow/example_dags/example_bash_operator.py
[2021-04-04 03:55:20,887] {scheduler_job.py:639} INFO - DAG(s) dict_keys(['example_bash_operator']) retrieved from /home/prathamesh/PycharmProjects/airflow-project/venv/lib/python3.8/site-packages/airflow/example_dags/example_bash_operator.py
[2021-04-04 03:55:20,906] {logging_mixin.py:104} INFO - [2021-04-04 03:55:20,906] {dag.py:1818} INFO - Sync 1 DAGs
[2021-04-04 03:55:20,933] {logging_mixin.py:104} INFO - [2021-04-04 03:55:20,932] {dag.py:2273} INFO - Setting next_dagrun for example_bash_operator to 2021-04-02 00:00:00+00:00
[2021-04-04 03:55:20,955] {scheduler_job.py:190} INFO - Processing /home/prathamesh/PycharmProjects/airflow-project/venv/lib/python3.8/site-packages/airflow/example_dags/example_bash_operator.py took 0.119 seconds
[2021-04-04 03:55:51,583] {scheduler_job.py:182} INFO - Started process (PID=4640) to work on /home/prathamesh/PycharmProjects/airflow-project/venv/lib/python3.8/site-packages/airflow/example_dags/example_bash_operator.py
[2021-04-04 03:55:51,584] {scheduler_job.py:629} INFO - Processing file /home/prathamesh/PycharmProjects/airflow-project/venv/lib/python3.8/site-packages/airflow/example_dags/example_bash_operator.py for tasks to queue
[2021-04-04 03:55:51,584] {logging_mixin.py:104} INFO - [2021-04-04 03:55:51,584] {dagbag.py:448} INFO - Filling up the DagBag from /home/prathamesh/PycharmProjects/airflow-project/venv/lib/python3.8/site-packages/airflow/example_dags/example_bash_operator.py
[2021-04-04 03:55:51,596] {scheduler_job.py:639} INFO - DAG(s) dict_keys(['example_bash_operator']) retrieved from /home/prathamesh/PycharmProjects/airflow-project/venv/lib/python3.8/site-packages/airflow/example_dags/example_bash_operator.py
[2021-04-04 03:55:51,616] {logging_mixin.py:104} INFO - [2021-04-04 03:55:51,616] {dag.py:1818} INFO - Sync 1 DAGs
[2021-04-04 03:55:51,632] {logging_mixin.py:104} INFO - [2021-04-04 03:55:51,632] {dag.py:2273} INFO - Setting next_dagrun for example_bash_operator to 2021-04-02 00:00:00+00:00
[2021-04-04 03:55:51,649] {scheduler_job.py:190} INFO - Processing /home/prathamesh/PycharmProjects/airflow-project/venv/lib/python3.8/site-packages/airflow/example_dags/example_bash_operator.py took 0.068 seconds
[2021-04-04 03:56:22,643] {scheduler_job.py:182} INFO - Started process (PID=4695) to work on /home/prathamesh/PycharmProjects/airflow-project/venv/lib/python3.8/site-packages/airflow/example_dags/example_bash_operator.py
[2021-04-04 03:56:22,645] {scheduler_job.py:629} INFO - Processing file /home/prathamesh/PycharmProjects/airflow-project/venv/lib/python3.8/site-packages/airflow/example_dags/example_bash_operator.py for tasks to queue
[2021-04-04 03:56:22,645] {logging_mixin.py:104} INFO - [2021-04-04 03:56:22,645] {dagbag.py:448} INFO - Filling up the DagBag from /home/prathamesh/PycharmProjects/airflow-project/venv/lib/python3.8/site-packages/airflow/example_dags/example_bash_operator.py
[2021-04-04 03:56:22,652] {scheduler_job.py:639} INFO - DAG(s) dict_keys(['example_bash_operator']) retrieved from /home/prathamesh/PycharmProjects/airflow-project/venv/lib/python3.8/site-packages/airflow/example_dags/example_bash_operator.py
[2021-04-04 03:56:22,662] {logging_mixin.py:104} INFO - [2021-04-04 03:56:22,661] {dag.py:1818} INFO - Sync 1 DAGs
[2021-04-04 03:56:22,674] {logging_mixin.py:104} INFO - [2021-04-04 03:56:22,674] {dag.py:2273} INFO - Setting next_dagrun for example_bash_operator to 2021-04-02 00:00:00+00:00
[2021-04-04 03:56:22,678] {scheduler_job.py:190} INFO - Processing /home/prathamesh/PycharmProjects/airflow-project/venv/lib/python3.8/site-packages/airflow/example_dags/example_bash_operator.py took 0.037 seconds
[2021-04-04 03:56:53,350] {scheduler_job.py:182} INFO - Started process (PID=4728) to work on /home/prathamesh/PycharmProjects/airflow-project/venv/lib/python3.8/site-packages/airflow/example_dags/example_bash_operator.py
[2021-04-04 03:56:53,351] {scheduler_job.py:629} INFO - Processing file /home/prathamesh/PycharmProjects/airflow-project/venv/lib/python3.8/site-packages/airflow/example_dags/example_bash_operator.py for tasks to queue
[2021-04-04 03:56:53,351] {logging_mixin.py:104} INFO - [2021-04-04 03:56:53,351] {dagbag.py:448} INFO - Filling up the DagBag from /home/prathamesh/PycharmProjects/airflow-project/venv/lib/python3.8/site-packages/airflow/example_dags/example_bash_operator.py
[2021-04-04 03:56:53,360] {scheduler_job.py:639} INFO - DAG(s) dict_keys(['example_bash_operator']) retrieved from /home/prathamesh/PycharmProjects/airflow-project/venv/lib/python3.8/site-packages/airflow/example_dags/example_bash_operator.py
[2021-04-04 03:56:53,372] {logging_mixin.py:104} INFO - [2021-04-04 03:56:53,372] {dag.py:1818} INFO - Sync 1 DAGs
[2021-04-04 03:56:53,387] {logging_mixin.py:104} INFO - [2021-04-04 03:56:53,387] {dag.py:2273} INFO - Setting next_dagrun for example_bash_operator to 2021-04-02 00:00:00+00:00
[2021-04-04 03:56:53,391] {scheduler_job.py:190} INFO - Processing /home/prathamesh/PycharmProjects/airflow-project/venv/lib/python3.8/site-packages/airflow/example_dags/example_bash_operator.py took 0.043 seconds
[2021-04-04 03:57:24,405] {scheduler_job.py:182} INFO - Started process (PID=4757) to work on /home/prathamesh/PycharmProjects/airflow-project/venv/lib/python3.8/site-packages/airflow/example_dags/example_bash_operator.py
[2021-04-04 03:57:24,406] {scheduler_job.py:629} INFO - Processing file /home/prathamesh/PycharmProjects/airflow-project/venv/lib/python3.8/site-packages/airflow/example_dags/example_bash_operator.py for tasks to queue
[2021-04-04 03:57:24,407] {logging_mixin.py:104} INFO - [2021-04-04 03:57:24,406] {dagbag.py:448} INFO - Filling up the DagBag from /home/prathamesh/PycharmProjects/airflow-project/venv/lib/python3.8/site-packages/airflow/example_dags/example_bash_operator.py
[2021-04-04 03:57:24,416] {scheduler_job.py:639} INFO - DAG(s) dict_keys(['example_bash_operator']) retrieved from /home/prathamesh/PycharmProjects/airflow-project/venv/lib/python3.8/site-packages/airflow/example_dags/example_bash_operator.py
[2021-04-04 03:57:24,426] {logging_mixin.py:104} INFO - [2021-04-04 03:57:24,426] {dag.py:1818} INFO - Sync 1 DAGs
[2021-04-04 03:57:24,444] {logging_mixin.py:104} INFO - [2021-04-04 03:57:24,444] {dag.py:2273} INFO - Setting next_dagrun for example_bash_operator to 2021-04-02 00:00:00+00:00
[2021-04-04 03:57:24,449] {scheduler_job.py:190} INFO - Processing /home/prathamesh/PycharmProjects/airflow-project/venv/lib/python3.8/site-packages/airflow/example_dags/example_bash_operator.py took 0.048 seconds
[2021-04-04 03:57:55,805] {scheduler_job.py:182} INFO - Started process (PID=4786) to work on /home/prathamesh/PycharmProjects/airflow-project/venv/lib/python3.8/site-packages/airflow/example_dags/example_bash_operator.py
[2021-04-04 03:57:55,807] {scheduler_job.py:629} INFO - Processing file /home/prathamesh/PycharmProjects/airflow-project/venv/lib/python3.8/site-packages/airflow/example_dags/example_bash_operator.py for tasks to queue
[2021-04-04 03:57:55,808] {logging_mixin.py:104} INFO - [2021-04-04 03:57:55,808] {dagbag.py:448} INFO - Filling up the DagBag from /home/prathamesh/PycharmProjects/airflow-project/venv/lib/python3.8/site-packages/airflow/example_dags/example_bash_operator.py
[2021-04-04 03:57:55,818] {scheduler_job.py:639} INFO - DAG(s) dict_keys(['example_bash_operator']) retrieved from /home/prathamesh/PycharmProjects/airflow-project/venv/lib/python3.8/site-packages/airflow/example_dags/example_bash_operator.py
[2021-04-04 03:57:55,831] {logging_mixin.py:104} INFO - [2021-04-04 03:57:55,831] {dag.py:1818} INFO - Sync 1 DAGs
[2021-04-04 03:57:55,849] {logging_mixin.py:104} INFO - [2021-04-04 03:57:55,848] {dag.py:2273} INFO - Setting next_dagrun for example_bash_operator to 2021-04-02 00:00:00+00:00
[2021-04-04 03:57:55,857] {scheduler_job.py:190} INFO - Processing /home/prathamesh/PycharmProjects/airflow-project/venv/lib/python3.8/site-packages/airflow/example_dags/example_bash_operator.py took 0.059 seconds
[2021-04-04 04:07:32,715] {scheduler_job.py:182} INFO - Started process (PID=4948) to work on /home/prathamesh/PycharmProjects/airflow-project/venv/lib/python3.8/site-packages/airflow/example_dags/example_bash_operator.py
[2021-04-04 04:07:32,716] {scheduler_job.py:629} INFO - Processing file /home/prathamesh/PycharmProjects/airflow-project/venv/lib/python3.8/site-packages/airflow/example_dags/example_bash_operator.py for tasks to queue
[2021-04-04 04:07:32,716] {logging_mixin.py:104} INFO - [2021-04-04 04:07:32,716] {dagbag.py:448} INFO - Filling up the DagBag from /home/prathamesh/PycharmProjects/airflow-project/venv/lib/python3.8/site-packages/airflow/example_dags/example_bash_operator.py
[2021-04-04 04:07:32,723] {scheduler_job.py:639} INFO - DAG(s) dict_keys(['example_bash_operator']) retrieved from /home/prathamesh/PycharmProjects/airflow-project/venv/lib/python3.8/site-packages/airflow/example_dags/example_bash_operator.py
[2021-04-04 04:07:32,732] {logging_mixin.py:104} INFO - [2021-04-04 04:07:32,732] {dag.py:1818} INFO - Sync 1 DAGs
[2021-04-04 04:07:32,745] {logging_mixin.py:104} INFO - [2021-04-04 04:07:32,744] {dag.py:2273} INFO - Setting next_dagrun for example_bash_operator to 2021-04-02 00:00:00+00:00
[2021-04-04 04:07:32,750] {scheduler_job.py:190} INFO - Processing /home/prathamesh/PycharmProjects/airflow-project/venv/lib/python3.8/site-packages/airflow/example_dags/example_bash_operator.py took 0.037 seconds
[2021-04-04 04:08:03,369] {scheduler_job.py:182} INFO - Started process (PID=4986) to work on /home/prathamesh/PycharmProjects/airflow-project/venv/lib/python3.8/site-packages/airflow/example_dags/example_bash_operator.py
[2021-04-04 04:08:03,372] {scheduler_job.py:629} INFO - Processing file /home/prathamesh/PycharmProjects/airflow-project/venv/lib/python3.8/site-packages/airflow/example_dags/example_bash_operator.py for tasks to queue
[2021-04-04 04:08:03,373] {logging_mixin.py:104} INFO - [2021-04-04 04:08:03,373] {dagbag.py:448} INFO - Filling up the DagBag from /home/prathamesh/PycharmProjects/airflow-project/venv/lib/python3.8/site-packages/airflow/example_dags/example_bash_operator.py
[2021-04-04 04:08:03,393] {scheduler_job.py:639} INFO - DAG(s) dict_keys(['example_bash_operator']) retrieved from /home/prathamesh/PycharmProjects/airflow-project/venv/lib/python3.8/site-packages/airflow/example_dags/example_bash_operator.py
[2021-04-04 04:08:03,408] {logging_mixin.py:104} INFO - [2021-04-04 04:08:03,408] {dag.py:1818} INFO - Sync 1 DAGs
[2021-04-04 04:08:03,420] {logging_mixin.py:104} INFO - [2021-04-04 04:08:03,420] {dag.py:2273} INFO - Setting next_dagrun for example_bash_operator to 2021-04-02 00:00:00+00:00
[2021-04-04 04:08:03,436] {scheduler_job.py:190} INFO - Processing /home/prathamesh/PycharmProjects/airflow-project/venv/lib/python3.8/site-packages/airflow/example_dags/example_bash_operator.py took 0.080 seconds
[2021-04-04 04:08:34,048] {scheduler_job.py:182} INFO - Started process (PID=5026) to work on /home/prathamesh/PycharmProjects/airflow-project/venv/lib/python3.8/site-packages/airflow/example_dags/example_bash_operator.py
[2021-04-04 04:08:34,049] {scheduler_job.py:629} INFO - Processing file /home/prathamesh/PycharmProjects/airflow-project/venv/lib/python3.8/site-packages/airflow/example_dags/example_bash_operator.py for tasks to queue
[2021-04-04 04:08:34,049] {logging_mixin.py:104} INFO - [2021-04-04 04:08:34,049] {dagbag.py:448} INFO - Filling up the DagBag from /home/prathamesh/PycharmProjects/airflow-project/venv/lib/python3.8/site-packages/airflow/example_dags/example_bash_operator.py
[2021-04-04 04:08:34,057] {scheduler_job.py:639} INFO - DAG(s) dict_keys(['example_bash_operator']) retrieved from /home/prathamesh/PycharmProjects/airflow-project/venv/lib/python3.8/site-packages/airflow/example_dags/example_bash_operator.py
[2021-04-04 04:08:34,071] {logging_mixin.py:104} INFO - [2021-04-04 04:08:34,071] {dag.py:1818} INFO - Sync 1 DAGs
[2021-04-04 04:08:34,086] {logging_mixin.py:104} INFO - [2021-04-04 04:08:34,086] {dag.py:2273} INFO - Setting next_dagrun for example_bash_operator to 2021-04-02 00:00:00+00:00
[2021-04-04 04:08:34,091] {scheduler_job.py:190} INFO - Processing /home/prathamesh/PycharmProjects/airflow-project/venv/lib/python3.8/site-packages/airflow/example_dags/example_bash_operator.py took 0.046 seconds
[2021-04-04 04:09:04,733] {scheduler_job.py:182} INFO - Started process (PID=5054) to work on /home/prathamesh/PycharmProjects/airflow-project/venv/lib/python3.8/site-packages/airflow/example_dags/example_bash_operator.py
[2021-04-04 04:09:04,733] {scheduler_job.py:629} INFO - Processing file /home/prathamesh/PycharmProjects/airflow-project/venv/lib/python3.8/site-packages/airflow/example_dags/example_bash_operator.py for tasks to queue
[2021-04-04 04:09:04,734] {logging_mixin.py:104} INFO - [2021-04-04 04:09:04,734] {dagbag.py:448} INFO - Filling up the DagBag from /home/prathamesh/PycharmProjects/airflow-project/venv/lib/python3.8/site-packages/airflow/example_dags/example_bash_operator.py
[2021-04-04 04:09:04,745] {scheduler_job.py:639} INFO - DAG(s) dict_keys(['example_bash_operator']) retrieved from /home/prathamesh/PycharmProjects/airflow-project/venv/lib/python3.8/site-packages/airflow/example_dags/example_bash_operator.py
[2021-04-04 04:09:04,768] {logging_mixin.py:104} INFO - [2021-04-04 04:09:04,768] {dag.py:1818} INFO - Sync 1 DAGs
[2021-04-04 04:09:04,791] {logging_mixin.py:104} INFO - [2021-04-04 04:09:04,790] {dag.py:2273} INFO - Setting next_dagrun for example_bash_operator to 2021-04-02 00:00:00+00:00
[2021-04-04 04:09:04,824] {scheduler_job.py:190} INFO - Processing /home/prathamesh/PycharmProjects/airflow-project/venv/lib/python3.8/site-packages/airflow/example_dags/example_bash_operator.py took 0.097 seconds
[2021-04-04 04:09:36,282] {scheduler_job.py:182} INFO - Started process (PID=5094) to work on /home/prathamesh/PycharmProjects/airflow-project/venv/lib/python3.8/site-packages/airflow/example_dags/example_bash_operator.py
[2021-04-04 04:09:36,290] {scheduler_job.py:629} INFO - Processing file /home/prathamesh/PycharmProjects/airflow-project/venv/lib/python3.8/site-packages/airflow/example_dags/example_bash_operator.py for tasks to queue
[2021-04-04 04:09:36,291] {logging_mixin.py:104} INFO - [2021-04-04 04:09:36,291] {dagbag.py:448} INFO - Filling up the DagBag from /home/prathamesh/PycharmProjects/airflow-project/venv/lib/python3.8/site-packages/airflow/example_dags/example_bash_operator.py
[2021-04-04 04:09:36,301] {scheduler_job.py:639} INFO - DAG(s) dict_keys(['example_bash_operator']) retrieved from /home/prathamesh/PycharmProjects/airflow-project/venv/lib/python3.8/site-packages/airflow/example_dags/example_bash_operator.py
[2021-04-04 04:09:36,324] {logging_mixin.py:104} INFO - [2021-04-04 04:09:36,324] {dag.py:1818} INFO - Sync 1 DAGs
[2021-04-04 04:09:36,383] {logging_mixin.py:104} INFO - [2021-04-04 04:09:36,383] {dag.py:2273} INFO - Setting next_dagrun for example_bash_operator to 2021-04-02 00:00:00+00:00
[2021-04-04 04:09:36,406] {scheduler_job.py:190} INFO - Processing /home/prathamesh/PycharmProjects/airflow-project/venv/lib/python3.8/site-packages/airflow/example_dags/example_bash_operator.py took 0.127 seconds
[2021-04-04 04:10:07,102] {scheduler_job.py:182} INFO - Started process (PID=5155) to work on /home/prathamesh/PycharmProjects/airflow-project/venv/lib/python3.8/site-packages/airflow/example_dags/example_bash_operator.py
[2021-04-04 04:10:07,102] {scheduler_job.py:629} INFO - Processing file /home/prathamesh/PycharmProjects/airflow-project/venv/lib/python3.8/site-packages/airflow/example_dags/example_bash_operator.py for tasks to queue
[2021-04-04 04:10:07,103] {logging_mixin.py:104} INFO - [2021-04-04 04:10:07,103] {dagbag.py:448} INFO - Filling up the DagBag from /home/prathamesh/PycharmProjects/airflow-project/venv/lib/python3.8/site-packages/airflow/example_dags/example_bash_operator.py
[2021-04-04 04:10:07,193] {scheduler_job.py:639} INFO - DAG(s) dict_keys(['example_bash_operator']) retrieved from /home/prathamesh/PycharmProjects/airflow-project/venv/lib/python3.8/site-packages/airflow/example_dags/example_bash_operator.py
[2021-04-04 04:10:07,239] {logging_mixin.py:104} INFO - [2021-04-04 04:10:07,239] {dag.py:1818} INFO - Sync 1 DAGs
[2021-04-04 04:10:07,278] {logging_mixin.py:104} INFO - [2021-04-04 04:10:07,278] {dag.py:2273} INFO - Setting next_dagrun for example_bash_operator to 2021-04-02 00:00:00+00:00
[2021-04-04 04:10:07,282] {scheduler_job.py:190} INFO - Processing /home/prathamesh/PycharmProjects/airflow-project/venv/lib/python3.8/site-packages/airflow/example_dags/example_bash_operator.py took 0.182 seconds
[2021-04-04 04:10:38,312] {scheduler_job.py:182} INFO - Started process (PID=5187) to work on /home/prathamesh/PycharmProjects/airflow-project/venv/lib/python3.8/site-packages/airflow/example_dags/example_bash_operator.py
[2021-04-04 04:10:38,313] {scheduler_job.py:629} INFO - Processing file /home/prathamesh/PycharmProjects/airflow-project/venv/lib/python3.8/site-packages/airflow/example_dags/example_bash_operator.py for tasks to queue
[2021-04-04 04:10:38,313] {logging_mixin.py:104} INFO - [2021-04-04 04:10:38,313] {dagbag.py:448} INFO - Filling up the DagBag from /home/prathamesh/PycharmProjects/airflow-project/venv/lib/python3.8/site-packages/airflow/example_dags/example_bash_operator.py
[2021-04-04 04:10:38,323] {scheduler_job.py:639} INFO - DAG(s) dict_keys(['example_bash_operator']) retrieved from /home/prathamesh/PycharmProjects/airflow-project/venv/lib/python3.8/site-packages/airflow/example_dags/example_bash_operator.py
[2021-04-04 04:10:38,334] {logging_mixin.py:104} INFO - [2021-04-04 04:10:38,334] {dag.py:1818} INFO - Sync 1 DAGs
[2021-04-04 04:10:38,346] {logging_mixin.py:104} INFO - [2021-04-04 04:10:38,346] {dag.py:2273} INFO - Setting next_dagrun for example_bash_operator to 2021-04-02 00:00:00+00:00
[2021-04-04 04:10:38,350] {scheduler_job.py:190} INFO - Processing /home/prathamesh/PycharmProjects/airflow-project/venv/lib/python3.8/site-packages/airflow/example_dags/example_bash_operator.py took 0.041 seconds
[2021-04-04 04:11:09,111] {scheduler_job.py:182} INFO - Started process (PID=5218) to work on /home/prathamesh/PycharmProjects/airflow-project/venv/lib/python3.8/site-packages/airflow/example_dags/example_bash_operator.py
[2021-04-04 04:11:09,112] {scheduler_job.py:629} INFO - Processing file /home/prathamesh/PycharmProjects/airflow-project/venv/lib/python3.8/site-packages/airflow/example_dags/example_bash_operator.py for tasks to queue
[2021-04-04 04:11:09,113] {logging_mixin.py:104} INFO - [2021-04-04 04:11:09,113] {dagbag.py:448} INFO - Filling up the DagBag from /home/prathamesh/PycharmProjects/airflow-project/venv/lib/python3.8/site-packages/airflow/example_dags/example_bash_operator.py
[2021-04-04 04:11:09,122] {scheduler_job.py:639} INFO - DAG(s) dict_keys(['example_bash_operator']) retrieved from /home/prathamesh/PycharmProjects/airflow-project/venv/lib/python3.8/site-packages/airflow/example_dags/example_bash_operator.py
[2021-04-04 04:11:09,134] {logging_mixin.py:104} INFO - [2021-04-04 04:11:09,134] {dag.py:1818} INFO - Sync 1 DAGs
[2021-04-04 04:11:09,151] {logging_mixin.py:104} INFO - [2021-04-04 04:11:09,151] {dag.py:2273} INFO - Setting next_dagrun for example_bash_operator to 2021-04-02 00:00:00+00:00
[2021-04-04 04:11:09,158] {scheduler_job.py:190} INFO - Processing /home/prathamesh/PycharmProjects/airflow-project/venv/lib/python3.8/site-packages/airflow/example_dags/example_bash_operator.py took 0.052 seconds
[2021-04-04 04:11:39,799] {scheduler_job.py:182} INFO - Started process (PID=5276) to work on /home/prathamesh/PycharmProjects/airflow-project/venv/lib/python3.8/site-packages/airflow/example_dags/example_bash_operator.py
[2021-04-04 04:11:39,800] {scheduler_job.py:629} INFO - Processing file /home/prathamesh/PycharmProjects/airflow-project/venv/lib/python3.8/site-packages/airflow/example_dags/example_bash_operator.py for tasks to queue
[2021-04-04 04:11:39,800] {logging_mixin.py:104} INFO - [2021-04-04 04:11:39,800] {dagbag.py:448} INFO - Filling up the DagBag from /home/prathamesh/PycharmProjects/airflow-project/venv/lib/python3.8/site-packages/airflow/example_dags/example_bash_operator.py
[2021-04-04 04:11:39,807] {scheduler_job.py:639} INFO - DAG(s) dict_keys(['example_bash_operator']) retrieved from /home/prathamesh/PycharmProjects/airflow-project/venv/lib/python3.8/site-packages/airflow/example_dags/example_bash_operator.py
[2021-04-04 04:11:39,819] {logging_mixin.py:104} INFO - [2021-04-04 04:11:39,819] {dag.py:1818} INFO - Sync 1 DAGs
[2021-04-04 04:11:39,834] {logging_mixin.py:104} INFO - [2021-04-04 04:11:39,834] {dag.py:2273} INFO - Setting next_dagrun for example_bash_operator to 2021-04-02 00:00:00+00:00
[2021-04-04 04:11:39,838] {scheduler_job.py:190} INFO - Processing /home/prathamesh/PycharmProjects/airflow-project/venv/lib/python3.8/site-packages/airflow/example_dags/example_bash_operator.py took 0.041 seconds
[2021-04-04 04:12:10,131] {scheduler_job.py:182} INFO - Started process (PID=5311) to work on /home/prathamesh/PycharmProjects/airflow-project/venv/lib/python3.8/site-packages/airflow/example_dags/example_bash_operator.py
[2021-04-04 04:12:10,132] {scheduler_job.py:629} INFO - Processing file /home/prathamesh/PycharmProjects/airflow-project/venv/lib/python3.8/site-packages/airflow/example_dags/example_bash_operator.py for tasks to queue
[2021-04-04 04:12:10,133] {logging_mixin.py:104} INFO - [2021-04-04 04:12:10,133] {dagbag.py:448} INFO - Filling up the DagBag from /home/prathamesh/PycharmProjects/airflow-project/venv/lib/python3.8/site-packages/airflow/example_dags/example_bash_operator.py
[2021-04-04 04:12:10,181] {scheduler_job.py:639} INFO - DAG(s) dict_keys(['example_bash_operator']) retrieved from /home/prathamesh/PycharmProjects/airflow-project/venv/lib/python3.8/site-packages/airflow/example_dags/example_bash_operator.py
[2021-04-04 04:12:10,229] {logging_mixin.py:104} INFO - [2021-04-04 04:12:10,229] {dag.py:1818} INFO - Sync 1 DAGs
[2021-04-04 04:12:10,275] {logging_mixin.py:104} INFO - [2021-04-04 04:12:10,275] {dag.py:2273} INFO - Setting next_dagrun for example_bash_operator to 2021-04-02 00:00:00+00:00
[2021-04-04 04:12:10,280] {scheduler_job.py:190} INFO - Processing /home/prathamesh/PycharmProjects/airflow-project/venv/lib/python3.8/site-packages/airflow/example_dags/example_bash_operator.py took 0.154 seconds
[2021-04-04 04:12:40,626] {scheduler_job.py:182} INFO - Started process (PID=5359) to work on /home/prathamesh/PycharmProjects/airflow-project/venv/lib/python3.8/site-packages/airflow/example_dags/example_bash_operator.py
[2021-04-04 04:12:40,627] {scheduler_job.py:629} INFO - Processing file /home/prathamesh/PycharmProjects/airflow-project/venv/lib/python3.8/site-packages/airflow/example_dags/example_bash_operator.py for tasks to queue
[2021-04-04 04:12:40,627] {logging_mixin.py:104} INFO - [2021-04-04 04:12:40,627] {dagbag.py:448} INFO - Filling up the DagBag from /home/prathamesh/PycharmProjects/airflow-project/venv/lib/python3.8/site-packages/airflow/example_dags/example_bash_operator.py
[2021-04-04 04:12:40,640] {scheduler_job.py:639} INFO - DAG(s) dict_keys(['example_bash_operator']) retrieved from /home/prathamesh/PycharmProjects/airflow-project/venv/lib/python3.8/site-packages/airflow/example_dags/example_bash_operator.py
[2021-04-04 04:12:40,652] {logging_mixin.py:104} INFO - [2021-04-04 04:12:40,652] {dag.py:1818} INFO - Sync 1 DAGs
[2021-04-04 04:12:40,662] {logging_mixin.py:104} INFO - [2021-04-04 04:12:40,662] {dag.py:2273} INFO - Setting next_dagrun for example_bash_operator to 2021-04-02 00:00:00+00:00
[2021-04-04 04:12:40,668] {scheduler_job.py:190} INFO - Processing /home/prathamesh/PycharmProjects/airflow-project/venv/lib/python3.8/site-packages/airflow/example_dags/example_bash_operator.py took 0.047 seconds
[2021-04-04 16:21:29,306] {scheduler_job.py:182} INFO - Started process (PID=3270) to work on /home/prathamesh/PycharmProjects/airflow-project/venv/lib/python3.8/site-packages/airflow/example_dags/example_bash_operator.py
[2021-04-04 16:21:29,311] {scheduler_job.py:629} INFO - Processing file /home/prathamesh/PycharmProjects/airflow-project/venv/lib/python3.8/site-packages/airflow/example_dags/example_bash_operator.py for tasks to queue
[2021-04-04 16:21:29,311] {logging_mixin.py:104} INFO - [2021-04-04 16:21:29,311] {dagbag.py:448} INFO - Filling up the DagBag from /home/prathamesh/PycharmProjects/airflow-project/venv/lib/python3.8/site-packages/airflow/example_dags/example_bash_operator.py
[2021-04-04 16:21:29,321] {scheduler_job.py:639} INFO - DAG(s) dict_keys(['example_bash_operator']) retrieved from /home/prathamesh/PycharmProjects/airflow-project/venv/lib/python3.8/site-packages/airflow/example_dags/example_bash_operator.py
[2021-04-04 16:21:29,332] {logging_mixin.py:104} INFO - [2021-04-04 16:21:29,332] {dag.py:1818} INFO - Sync 1 DAGs
[2021-04-04 16:21:29,344] {logging_mixin.py:104} INFO - [2021-04-04 16:21:29,344] {dag.py:2273} INFO - Setting next_dagrun for example_bash_operator to 2021-04-02 00:00:00+00:00
[2021-04-04 16:21:29,352] {scheduler_job.py:190} INFO - Processing /home/prathamesh/PycharmProjects/airflow-project/venv/lib/python3.8/site-packages/airflow/example_dags/example_bash_operator.py took 0.048 seconds
[2021-04-04 16:22:00,237] {scheduler_job.py:182} INFO - Started process (PID=3500) to work on /home/prathamesh/PycharmProjects/airflow-project/venv/lib/python3.8/site-packages/airflow/example_dags/example_bash_operator.py
[2021-04-04 16:22:00,239] {scheduler_job.py:629} INFO - Processing file /home/prathamesh/PycharmProjects/airflow-project/venv/lib/python3.8/site-packages/airflow/example_dags/example_bash_operator.py for tasks to queue
[2021-04-04 16:22:00,239] {logging_mixin.py:104} INFO - [2021-04-04 16:22:00,239] {dagbag.py:448} INFO - Filling up the DagBag from /home/prathamesh/PycharmProjects/airflow-project/venv/lib/python3.8/site-packages/airflow/example_dags/example_bash_operator.py
[2021-04-04 16:22:00,250] {scheduler_job.py:639} INFO - DAG(s) dict_keys(['example_bash_operator']) retrieved from /home/prathamesh/PycharmProjects/airflow-project/venv/lib/python3.8/site-packages/airflow/example_dags/example_bash_operator.py
[2021-04-04 16:22:00,262] {logging_mixin.py:104} INFO - [2021-04-04 16:22:00,261] {dag.py:1818} INFO - Sync 1 DAGs
[2021-04-04 16:22:00,273] {logging_mixin.py:104} INFO - [2021-04-04 16:22:00,273] {dag.py:2273} INFO - Setting next_dagrun for example_bash_operator to 2021-04-02 00:00:00+00:00
[2021-04-04 16:22:00,280] {scheduler_job.py:190} INFO - Processing /home/prathamesh/PycharmProjects/airflow-project/venv/lib/python3.8/site-packages/airflow/example_dags/example_bash_operator.py took 0.046 seconds
[2021-04-04 16:22:31,040] {scheduler_job.py:182} INFO - Started process (PID=3561) to work on /home/prathamesh/PycharmProjects/airflow-project/venv/lib/python3.8/site-packages/airflow/example_dags/example_bash_operator.py
[2021-04-04 16:22:31,041] {scheduler_job.py:629} INFO - Processing file /home/prathamesh/PycharmProjects/airflow-project/venv/lib/python3.8/site-packages/airflow/example_dags/example_bash_operator.py for tasks to queue
[2021-04-04 16:22:31,042] {logging_mixin.py:104} INFO - [2021-04-04 16:22:31,042] {dagbag.py:448} INFO - Filling up the DagBag from /home/prathamesh/PycharmProjects/airflow-project/venv/lib/python3.8/site-packages/airflow/example_dags/example_bash_operator.py
[2021-04-04 16:22:31,049] {scheduler_job.py:639} INFO - DAG(s) dict_keys(['example_bash_operator']) retrieved from /home/prathamesh/PycharmProjects/airflow-project/venv/lib/python3.8/site-packages/airflow/example_dags/example_bash_operator.py
[2021-04-04 16:22:31,059] {logging_mixin.py:104} INFO - [2021-04-04 16:22:31,059] {dag.py:1818} INFO - Sync 1 DAGs
[2021-04-04 16:22:31,072] {logging_mixin.py:104} INFO - [2021-04-04 16:22:31,072] {dag.py:2273} INFO - Setting next_dagrun for example_bash_operator to 2021-04-02 00:00:00+00:00
[2021-04-04 16:22:31,077] {scheduler_job.py:190} INFO - Processing /home/prathamesh/PycharmProjects/airflow-project/venv/lib/python3.8/site-packages/airflow/example_dags/example_bash_operator.py took 0.039 seconds
[2021-04-04 16:23:01,669] {scheduler_job.py:182} INFO - Started process (PID=3588) to work on /home/prathamesh/PycharmProjects/airflow-project/venv/lib/python3.8/site-packages/airflow/example_dags/example_bash_operator.py
[2021-04-04 16:23:01,671] {scheduler_job.py:629} INFO - Processing file /home/prathamesh/PycharmProjects/airflow-project/venv/lib/python3.8/site-packages/airflow/example_dags/example_bash_operator.py for tasks to queue
[2021-04-04 16:23:01,672] {logging_mixin.py:104} INFO - [2021-04-04 16:23:01,672] {dagbag.py:448} INFO - Filling up the DagBag from /home/prathamesh/PycharmProjects/airflow-project/venv/lib/python3.8/site-packages/airflow/example_dags/example_bash_operator.py
[2021-04-04 16:23:01,687] {scheduler_job.py:639} INFO - DAG(s) dict_keys(['example_bash_operator']) retrieved from /home/prathamesh/PycharmProjects/airflow-project/venv/lib/python3.8/site-packages/airflow/example_dags/example_bash_operator.py
[2021-04-04 16:23:01,701] {logging_mixin.py:104} INFO - [2021-04-04 16:23:01,701] {dag.py:1818} INFO - Sync 1 DAGs
[2021-04-04 16:23:01,714] {logging_mixin.py:104} INFO - [2021-04-04 16:23:01,714] {dag.py:2273} INFO - Setting next_dagrun for example_bash_operator to 2021-04-02 00:00:00+00:00
[2021-04-04 16:23:01,720] {scheduler_job.py:190} INFO - Processing /home/prathamesh/PycharmProjects/airflow-project/venv/lib/python3.8/site-packages/airflow/example_dags/example_bash_operator.py took 0.058 seconds
