[2021-04-04 03:36:28,901] {scheduler_job.py:182} INFO - Started process (PID=3208) to work on /home/prathamesh/PycharmProjects/airflow-project/venv/lib/python3.8/site-packages/airflow/example_dags/example_kubernetes_executor.py
[2021-04-04 03:36:28,902] {scheduler_job.py:629} INFO - Processing file /home/prathamesh/PycharmProjects/airflow-project/venv/lib/python3.8/site-packages/airflow/example_dags/example_kubernetes_executor.py for tasks to queue
[2021-04-04 03:36:28,903] {logging_mixin.py:104} INFO - [2021-04-04 03:36:28,902] {dagbag.py:448} INFO - Filling up the DagBag from /home/prathamesh/PycharmProjects/airflow-project/venv/lib/python3.8/site-packages/airflow/example_dags/example_kubernetes_executor.py
[2021-04-04 03:36:28,912] {scheduler_job.py:639} INFO - DAG(s) dict_keys(['example_kubernetes_executor']) retrieved from /home/prathamesh/PycharmProjects/airflow-project/venv/lib/python3.8/site-packages/airflow/example_dags/example_kubernetes_executor.py
[2021-04-04 03:36:28,922] {logging_mixin.py:104} INFO - [2021-04-04 03:36:28,922] {dag.py:1818} INFO - Sync 1 DAGs
[2021-04-04 03:36:28,930] {logging_mixin.py:104} INFO - [2021-04-04 03:36:28,930] {dag.py:2273} INFO - Setting next_dagrun for example_kubernetes_executor to None
[2021-04-04 03:36:28,943] {scheduler_job.py:190} INFO - Processing /home/prathamesh/PycharmProjects/airflow-project/venv/lib/python3.8/site-packages/airflow/example_dags/example_kubernetes_executor.py took 0.045 seconds
[2021-04-04 03:37:01,000] {scheduler_job.py:182} INFO - Started process (PID=3241) to work on /home/prathamesh/PycharmProjects/airflow-project/venv/lib/python3.8/site-packages/airflow/example_dags/example_kubernetes_executor.py
[2021-04-04 03:37:01,001] {scheduler_job.py:629} INFO - Processing file /home/prathamesh/PycharmProjects/airflow-project/venv/lib/python3.8/site-packages/airflow/example_dags/example_kubernetes_executor.py for tasks to queue
[2021-04-04 03:37:01,001] {logging_mixin.py:104} INFO - [2021-04-04 03:37:01,001] {dagbag.py:448} INFO - Filling up the DagBag from /home/prathamesh/PycharmProjects/airflow-project/venv/lib/python3.8/site-packages/airflow/example_dags/example_kubernetes_executor.py
[2021-04-04 03:37:01,030] {scheduler_job.py:639} INFO - DAG(s) dict_keys(['example_kubernetes_executor']) retrieved from /home/prathamesh/PycharmProjects/airflow-project/venv/lib/python3.8/site-packages/airflow/example_dags/example_kubernetes_executor.py
[2021-04-04 03:37:01,076] {logging_mixin.py:104} INFO - [2021-04-04 03:37:01,075] {dag.py:1818} INFO - Sync 1 DAGs
[2021-04-04 03:37:01,106] {logging_mixin.py:104} INFO - [2021-04-04 03:37:01,106] {dag.py:2273} INFO - Setting next_dagrun for example_kubernetes_executor to None
[2021-04-04 03:37:01,129] {scheduler_job.py:190} INFO - Processing /home/prathamesh/PycharmProjects/airflow-project/venv/lib/python3.8/site-packages/airflow/example_dags/example_kubernetes_executor.py took 0.132 seconds
[2021-04-04 03:37:31,872] {scheduler_job.py:182} INFO - Started process (PID=3278) to work on /home/prathamesh/PycharmProjects/airflow-project/venv/lib/python3.8/site-packages/airflow/example_dags/example_kubernetes_executor.py
[2021-04-04 03:37:31,873] {scheduler_job.py:629} INFO - Processing file /home/prathamesh/PycharmProjects/airflow-project/venv/lib/python3.8/site-packages/airflow/example_dags/example_kubernetes_executor.py for tasks to queue
[2021-04-04 03:37:31,873] {logging_mixin.py:104} INFO - [2021-04-04 03:37:31,873] {dagbag.py:448} INFO - Filling up the DagBag from /home/prathamesh/PycharmProjects/airflow-project/venv/lib/python3.8/site-packages/airflow/example_dags/example_kubernetes_executor.py
[2021-04-04 03:37:31,905] {scheduler_job.py:639} INFO - DAG(s) dict_keys(['example_kubernetes_executor']) retrieved from /home/prathamesh/PycharmProjects/airflow-project/venv/lib/python3.8/site-packages/airflow/example_dags/example_kubernetes_executor.py
[2021-04-04 03:37:31,917] {logging_mixin.py:104} INFO - [2021-04-04 03:37:31,917] {dag.py:1818} INFO - Sync 1 DAGs
[2021-04-04 03:37:31,926] {logging_mixin.py:104} INFO - [2021-04-04 03:37:31,926] {dag.py:2273} INFO - Setting next_dagrun for example_kubernetes_executor to None
[2021-04-04 03:37:31,931] {scheduler_job.py:190} INFO - Processing /home/prathamesh/PycharmProjects/airflow-project/venv/lib/python3.8/site-packages/airflow/example_dags/example_kubernetes_executor.py took 0.061 seconds
[2021-04-04 03:38:02,430] {scheduler_job.py:182} INFO - Started process (PID=3307) to work on /home/prathamesh/PycharmProjects/airflow-project/venv/lib/python3.8/site-packages/airflow/example_dags/example_kubernetes_executor.py
[2021-04-04 03:38:02,431] {scheduler_job.py:629} INFO - Processing file /home/prathamesh/PycharmProjects/airflow-project/venv/lib/python3.8/site-packages/airflow/example_dags/example_kubernetes_executor.py for tasks to queue
[2021-04-04 03:38:02,432] {logging_mixin.py:104} INFO - [2021-04-04 03:38:02,432] {dagbag.py:448} INFO - Filling up the DagBag from /home/prathamesh/PycharmProjects/airflow-project/venv/lib/python3.8/site-packages/airflow/example_dags/example_kubernetes_executor.py
[2021-04-04 03:38:02,447] {scheduler_job.py:639} INFO - DAG(s) dict_keys(['example_kubernetes_executor']) retrieved from /home/prathamesh/PycharmProjects/airflow-project/venv/lib/python3.8/site-packages/airflow/example_dags/example_kubernetes_executor.py
[2021-04-04 03:38:02,461] {logging_mixin.py:104} INFO - [2021-04-04 03:38:02,460] {dag.py:1818} INFO - Sync 1 DAGs
[2021-04-04 03:38:02,468] {logging_mixin.py:104} INFO - [2021-04-04 03:38:02,468] {dag.py:2273} INFO - Setting next_dagrun for example_kubernetes_executor to None
[2021-04-04 03:38:02,473] {scheduler_job.py:190} INFO - Processing /home/prathamesh/PycharmProjects/airflow-project/venv/lib/python3.8/site-packages/airflow/example_dags/example_kubernetes_executor.py took 0.046 seconds
[2021-04-04 03:38:33,405] {scheduler_job.py:182} INFO - Started process (PID=3343) to work on /home/prathamesh/PycharmProjects/airflow-project/venv/lib/python3.8/site-packages/airflow/example_dags/example_kubernetes_executor.py
[2021-04-04 03:38:33,406] {scheduler_job.py:629} INFO - Processing file /home/prathamesh/PycharmProjects/airflow-project/venv/lib/python3.8/site-packages/airflow/example_dags/example_kubernetes_executor.py for tasks to queue
[2021-04-04 03:38:33,407] {logging_mixin.py:104} INFO - [2021-04-04 03:38:33,406] {dagbag.py:448} INFO - Filling up the DagBag from /home/prathamesh/PycharmProjects/airflow-project/venv/lib/python3.8/site-packages/airflow/example_dags/example_kubernetes_executor.py
[2021-04-04 03:38:33,419] {scheduler_job.py:639} INFO - DAG(s) dict_keys(['example_kubernetes_executor']) retrieved from /home/prathamesh/PycharmProjects/airflow-project/venv/lib/python3.8/site-packages/airflow/example_dags/example_kubernetes_executor.py
[2021-04-04 03:38:33,435] {logging_mixin.py:104} INFO - [2021-04-04 03:38:33,435] {dag.py:1818} INFO - Sync 1 DAGs
[2021-04-04 03:38:33,452] {logging_mixin.py:104} INFO - [2021-04-04 03:38:33,452] {dag.py:2273} INFO - Setting next_dagrun for example_kubernetes_executor to None
[2021-04-04 03:38:33,461] {scheduler_job.py:190} INFO - Processing /home/prathamesh/PycharmProjects/airflow-project/venv/lib/python3.8/site-packages/airflow/example_dags/example_kubernetes_executor.py took 0.059 seconds
[2021-04-04 03:39:07,244] {scheduler_job.py:182} INFO - Started process (PID=3381) to work on /home/prathamesh/PycharmProjects/airflow-project/venv/lib/python3.8/site-packages/airflow/example_dags/example_kubernetes_executor.py
[2021-04-04 03:39:07,244] {scheduler_job.py:629} INFO - Processing file /home/prathamesh/PycharmProjects/airflow-project/venv/lib/python3.8/site-packages/airflow/example_dags/example_kubernetes_executor.py for tasks to queue
[2021-04-04 03:39:07,245] {logging_mixin.py:104} INFO - [2021-04-04 03:39:07,245] {dagbag.py:448} INFO - Filling up the DagBag from /home/prathamesh/PycharmProjects/airflow-project/venv/lib/python3.8/site-packages/airflow/example_dags/example_kubernetes_executor.py
[2021-04-04 03:39:07,256] {scheduler_job.py:639} INFO - DAG(s) dict_keys(['example_kubernetes_executor']) retrieved from /home/prathamesh/PycharmProjects/airflow-project/venv/lib/python3.8/site-packages/airflow/example_dags/example_kubernetes_executor.py
[2021-04-04 03:39:07,266] {logging_mixin.py:104} INFO - [2021-04-04 03:39:07,265] {dag.py:1818} INFO - Sync 1 DAGs
[2021-04-04 03:39:07,276] {logging_mixin.py:104} INFO - [2021-04-04 03:39:07,276] {dag.py:2273} INFO - Setting next_dagrun for example_kubernetes_executor to None
[2021-04-04 03:39:07,282] {scheduler_job.py:190} INFO - Processing /home/prathamesh/PycharmProjects/airflow-project/venv/lib/python3.8/site-packages/airflow/example_dags/example_kubernetes_executor.py took 0.040 seconds
[2021-04-04 03:39:38,627] {scheduler_job.py:182} INFO - Started process (PID=3410) to work on /home/prathamesh/PycharmProjects/airflow-project/venv/lib/python3.8/site-packages/airflow/example_dags/example_kubernetes_executor.py
[2021-04-04 03:39:38,628] {scheduler_job.py:629} INFO - Processing file /home/prathamesh/PycharmProjects/airflow-project/venv/lib/python3.8/site-packages/airflow/example_dags/example_kubernetes_executor.py for tasks to queue
[2021-04-04 03:39:38,628] {logging_mixin.py:104} INFO - [2021-04-04 03:39:38,628] {dagbag.py:448} INFO - Filling up the DagBag from /home/prathamesh/PycharmProjects/airflow-project/venv/lib/python3.8/site-packages/airflow/example_dags/example_kubernetes_executor.py
[2021-04-04 03:39:38,639] {scheduler_job.py:639} INFO - DAG(s) dict_keys(['example_kubernetes_executor']) retrieved from /home/prathamesh/PycharmProjects/airflow-project/venv/lib/python3.8/site-packages/airflow/example_dags/example_kubernetes_executor.py
[2021-04-04 03:39:38,656] {logging_mixin.py:104} INFO - [2021-04-04 03:39:38,654] {dag.py:1818} INFO - Sync 1 DAGs
[2021-04-04 03:39:38,672] {logging_mixin.py:104} INFO - [2021-04-04 03:39:38,672] {dag.py:2273} INFO - Setting next_dagrun for example_kubernetes_executor to None
[2021-04-04 03:39:38,678] {scheduler_job.py:190} INFO - Processing /home/prathamesh/PycharmProjects/airflow-project/venv/lib/python3.8/site-packages/airflow/example_dags/example_kubernetes_executor.py took 0.054 seconds
[2021-04-04 03:40:09,241] {scheduler_job.py:182} INFO - Started process (PID=3439) to work on /home/prathamesh/PycharmProjects/airflow-project/venv/lib/python3.8/site-packages/airflow/example_dags/example_kubernetes_executor.py
[2021-04-04 03:40:09,242] {scheduler_job.py:629} INFO - Processing file /home/prathamesh/PycharmProjects/airflow-project/venv/lib/python3.8/site-packages/airflow/example_dags/example_kubernetes_executor.py for tasks to queue
[2021-04-04 03:40:09,242] {logging_mixin.py:104} INFO - [2021-04-04 03:40:09,242] {dagbag.py:448} INFO - Filling up the DagBag from /home/prathamesh/PycharmProjects/airflow-project/venv/lib/python3.8/site-packages/airflow/example_dags/example_kubernetes_executor.py
[2021-04-04 03:40:09,249] {scheduler_job.py:639} INFO - DAG(s) dict_keys(['example_kubernetes_executor']) retrieved from /home/prathamesh/PycharmProjects/airflow-project/venv/lib/python3.8/site-packages/airflow/example_dags/example_kubernetes_executor.py
[2021-04-04 03:40:09,261] {logging_mixin.py:104} INFO - [2021-04-04 03:40:09,261] {dag.py:1818} INFO - Sync 1 DAGs
[2021-04-04 03:40:09,270] {logging_mixin.py:104} INFO - [2021-04-04 03:40:09,270] {dag.py:2273} INFO - Setting next_dagrun for example_kubernetes_executor to None
[2021-04-04 03:40:09,277] {scheduler_job.py:190} INFO - Processing /home/prathamesh/PycharmProjects/airflow-project/venv/lib/python3.8/site-packages/airflow/example_dags/example_kubernetes_executor.py took 0.038 seconds
[2021-04-04 03:40:40,357] {scheduler_job.py:182} INFO - Started process (PID=3467) to work on /home/prathamesh/PycharmProjects/airflow-project/venv/lib/python3.8/site-packages/airflow/example_dags/example_kubernetes_executor.py
[2021-04-04 03:40:40,358] {scheduler_job.py:629} INFO - Processing file /home/prathamesh/PycharmProjects/airflow-project/venv/lib/python3.8/site-packages/airflow/example_dags/example_kubernetes_executor.py for tasks to queue
[2021-04-04 03:40:40,358] {logging_mixin.py:104} INFO - [2021-04-04 03:40:40,358] {dagbag.py:448} INFO - Filling up the DagBag from /home/prathamesh/PycharmProjects/airflow-project/venv/lib/python3.8/site-packages/airflow/example_dags/example_kubernetes_executor.py
[2021-04-04 03:40:40,367] {scheduler_job.py:639} INFO - DAG(s) dict_keys(['example_kubernetes_executor']) retrieved from /home/prathamesh/PycharmProjects/airflow-project/venv/lib/python3.8/site-packages/airflow/example_dags/example_kubernetes_executor.py
[2021-04-04 03:40:40,382] {logging_mixin.py:104} INFO - [2021-04-04 03:40:40,382] {dag.py:1818} INFO - Sync 1 DAGs
[2021-04-04 03:40:40,390] {logging_mixin.py:104} INFO - [2021-04-04 03:40:40,390] {dag.py:2273} INFO - Setting next_dagrun for example_kubernetes_executor to None
[2021-04-04 03:40:40,395] {scheduler_job.py:190} INFO - Processing /home/prathamesh/PycharmProjects/airflow-project/venv/lib/python3.8/site-packages/airflow/example_dags/example_kubernetes_executor.py took 0.041 seconds
[2021-04-04 03:41:12,403] {scheduler_job.py:182} INFO - Started process (PID=3513) to work on /home/prathamesh/PycharmProjects/airflow-project/venv/lib/python3.8/site-packages/airflow/example_dags/example_kubernetes_executor.py
[2021-04-04 03:41:12,404] {scheduler_job.py:629} INFO - Processing file /home/prathamesh/PycharmProjects/airflow-project/venv/lib/python3.8/site-packages/airflow/example_dags/example_kubernetes_executor.py for tasks to queue
[2021-04-04 03:41:12,404] {logging_mixin.py:104} INFO - [2021-04-04 03:41:12,404] {dagbag.py:448} INFO - Filling up the DagBag from /home/prathamesh/PycharmProjects/airflow-project/venv/lib/python3.8/site-packages/airflow/example_dags/example_kubernetes_executor.py
[2021-04-04 03:41:12,411] {scheduler_job.py:639} INFO - DAG(s) dict_keys(['example_kubernetes_executor']) retrieved from /home/prathamesh/PycharmProjects/airflow-project/venv/lib/python3.8/site-packages/airflow/example_dags/example_kubernetes_executor.py
[2021-04-04 03:41:12,421] {logging_mixin.py:104} INFO - [2021-04-04 03:41:12,421] {dag.py:1818} INFO - Sync 1 DAGs
[2021-04-04 03:41:12,429] {logging_mixin.py:104} INFO - [2021-04-04 03:41:12,429] {dag.py:2273} INFO - Setting next_dagrun for example_kubernetes_executor to None
[2021-04-04 03:41:12,434] {scheduler_job.py:190} INFO - Processing /home/prathamesh/PycharmProjects/airflow-project/venv/lib/python3.8/site-packages/airflow/example_dags/example_kubernetes_executor.py took 0.035 seconds
[2021-04-04 03:41:43,008] {scheduler_job.py:182} INFO - Started process (PID=3573) to work on /home/prathamesh/PycharmProjects/airflow-project/venv/lib/python3.8/site-packages/airflow/example_dags/example_kubernetes_executor.py
[2021-04-04 03:41:43,011] {scheduler_job.py:629} INFO - Processing file /home/prathamesh/PycharmProjects/airflow-project/venv/lib/python3.8/site-packages/airflow/example_dags/example_kubernetes_executor.py for tasks to queue
[2021-04-04 03:41:43,016] {logging_mixin.py:104} INFO - [2021-04-04 03:41:43,016] {dagbag.py:448} INFO - Filling up the DagBag from /home/prathamesh/PycharmProjects/airflow-project/venv/lib/python3.8/site-packages/airflow/example_dags/example_kubernetes_executor.py
[2021-04-04 03:41:43,026] {scheduler_job.py:639} INFO - DAG(s) dict_keys(['example_kubernetes_executor']) retrieved from /home/prathamesh/PycharmProjects/airflow-project/venv/lib/python3.8/site-packages/airflow/example_dags/example_kubernetes_executor.py
[2021-04-04 03:41:43,036] {logging_mixin.py:104} INFO - [2021-04-04 03:41:43,036] {dag.py:1818} INFO - Sync 1 DAGs
[2021-04-04 03:41:43,043] {logging_mixin.py:104} INFO - [2021-04-04 03:41:43,043] {dag.py:2273} INFO - Setting next_dagrun for example_kubernetes_executor to None
[2021-04-04 03:41:43,047] {scheduler_job.py:190} INFO - Processing /home/prathamesh/PycharmProjects/airflow-project/venv/lib/python3.8/site-packages/airflow/example_dags/example_kubernetes_executor.py took 0.044 seconds
[2021-04-04 03:42:13,261] {scheduler_job.py:182} INFO - Started process (PID=3601) to work on /home/prathamesh/PycharmProjects/airflow-project/venv/lib/python3.8/site-packages/airflow/example_dags/example_kubernetes_executor.py
[2021-04-04 03:42:13,262] {scheduler_job.py:629} INFO - Processing file /home/prathamesh/PycharmProjects/airflow-project/venv/lib/python3.8/site-packages/airflow/example_dags/example_kubernetes_executor.py for tasks to queue
[2021-04-04 03:42:13,263] {logging_mixin.py:104} INFO - [2021-04-04 03:42:13,263] {dagbag.py:448} INFO - Filling up the DagBag from /home/prathamesh/PycharmProjects/airflow-project/venv/lib/python3.8/site-packages/airflow/example_dags/example_kubernetes_executor.py
[2021-04-04 03:42:13,273] {scheduler_job.py:639} INFO - DAG(s) dict_keys(['example_kubernetes_executor']) retrieved from /home/prathamesh/PycharmProjects/airflow-project/venv/lib/python3.8/site-packages/airflow/example_dags/example_kubernetes_executor.py
[2021-04-04 03:42:13,283] {logging_mixin.py:104} INFO - [2021-04-04 03:42:13,283] {dag.py:1818} INFO - Sync 1 DAGs
[2021-04-04 03:42:13,290] {logging_mixin.py:104} INFO - [2021-04-04 03:42:13,290] {dag.py:2273} INFO - Setting next_dagrun for example_kubernetes_executor to None
[2021-04-04 03:42:13,295] {scheduler_job.py:190} INFO - Processing /home/prathamesh/PycharmProjects/airflow-project/venv/lib/python3.8/site-packages/airflow/example_dags/example_kubernetes_executor.py took 0.036 seconds
[2021-04-04 03:42:43,772] {scheduler_job.py:182} INFO - Started process (PID=3641) to work on /home/prathamesh/PycharmProjects/airflow-project/venv/lib/python3.8/site-packages/airflow/example_dags/example_kubernetes_executor.py
[2021-04-04 03:42:43,773] {scheduler_job.py:629} INFO - Processing file /home/prathamesh/PycharmProjects/airflow-project/venv/lib/python3.8/site-packages/airflow/example_dags/example_kubernetes_executor.py for tasks to queue
[2021-04-04 03:42:43,774] {logging_mixin.py:104} INFO - [2021-04-04 03:42:43,774] {dagbag.py:448} INFO - Filling up the DagBag from /home/prathamesh/PycharmProjects/airflow-project/venv/lib/python3.8/site-packages/airflow/example_dags/example_kubernetes_executor.py
[2021-04-04 03:42:43,800] {scheduler_job.py:639} INFO - DAG(s) dict_keys(['example_kubernetes_executor']) retrieved from /home/prathamesh/PycharmProjects/airflow-project/venv/lib/python3.8/site-packages/airflow/example_dags/example_kubernetes_executor.py
[2021-04-04 03:42:43,817] {logging_mixin.py:104} INFO - [2021-04-04 03:42:43,817] {dag.py:1818} INFO - Sync 1 DAGs
[2021-04-04 03:42:43,834] {logging_mixin.py:104} INFO - [2021-04-04 03:42:43,834] {dag.py:2273} INFO - Setting next_dagrun for example_kubernetes_executor to None
[2021-04-04 03:42:43,845] {scheduler_job.py:190} INFO - Processing /home/prathamesh/PycharmProjects/airflow-project/venv/lib/python3.8/site-packages/airflow/example_dags/example_kubernetes_executor.py took 0.079 seconds
[2021-04-04 03:43:15,176] {scheduler_job.py:182} INFO - Started process (PID=3679) to work on /home/prathamesh/PycharmProjects/airflow-project/venv/lib/python3.8/site-packages/airflow/example_dags/example_kubernetes_executor.py
[2021-04-04 03:43:15,177] {scheduler_job.py:629} INFO - Processing file /home/prathamesh/PycharmProjects/airflow-project/venv/lib/python3.8/site-packages/airflow/example_dags/example_kubernetes_executor.py for tasks to queue
[2021-04-04 03:43:15,177] {logging_mixin.py:104} INFO - [2021-04-04 03:43:15,177] {dagbag.py:448} INFO - Filling up the DagBag from /home/prathamesh/PycharmProjects/airflow-project/venv/lib/python3.8/site-packages/airflow/example_dags/example_kubernetes_executor.py
[2021-04-04 03:43:15,191] {scheduler_job.py:639} INFO - DAG(s) dict_keys(['example_kubernetes_executor']) retrieved from /home/prathamesh/PycharmProjects/airflow-project/venv/lib/python3.8/site-packages/airflow/example_dags/example_kubernetes_executor.py
[2021-04-04 03:43:15,206] {logging_mixin.py:104} INFO - [2021-04-04 03:43:15,205] {dag.py:1818} INFO - Sync 1 DAGs
[2021-04-04 03:43:15,233] {logging_mixin.py:104} INFO - [2021-04-04 03:43:15,233] {dag.py:2273} INFO - Setting next_dagrun for example_kubernetes_executor to None
[2021-04-04 03:43:15,262] {scheduler_job.py:190} INFO - Processing /home/prathamesh/PycharmProjects/airflow-project/venv/lib/python3.8/site-packages/airflow/example_dags/example_kubernetes_executor.py took 0.088 seconds
[2021-04-04 03:43:45,424] {scheduler_job.py:182} INFO - Started process (PID=3721) to work on /home/prathamesh/PycharmProjects/airflow-project/venv/lib/python3.8/site-packages/airflow/example_dags/example_kubernetes_executor.py
[2021-04-04 03:43:45,425] {scheduler_job.py:629} INFO - Processing file /home/prathamesh/PycharmProjects/airflow-project/venv/lib/python3.8/site-packages/airflow/example_dags/example_kubernetes_executor.py for tasks to queue
[2021-04-04 03:43:45,425] {logging_mixin.py:104} INFO - [2021-04-04 03:43:45,425] {dagbag.py:448} INFO - Filling up the DagBag from /home/prathamesh/PycharmProjects/airflow-project/venv/lib/python3.8/site-packages/airflow/example_dags/example_kubernetes_executor.py
[2021-04-04 03:43:45,434] {scheduler_job.py:639} INFO - DAG(s) dict_keys(['example_kubernetes_executor']) retrieved from /home/prathamesh/PycharmProjects/airflow-project/venv/lib/python3.8/site-packages/airflow/example_dags/example_kubernetes_executor.py
[2021-04-04 03:43:45,443] {logging_mixin.py:104} INFO - [2021-04-04 03:43:45,443] {dag.py:1818} INFO - Sync 1 DAGs
[2021-04-04 03:43:45,449] {logging_mixin.py:104} INFO - [2021-04-04 03:43:45,449] {dag.py:2273} INFO - Setting next_dagrun for example_kubernetes_executor to None
[2021-04-04 03:43:45,454] {scheduler_job.py:190} INFO - Processing /home/prathamesh/PycharmProjects/airflow-project/venv/lib/python3.8/site-packages/airflow/example_dags/example_kubernetes_executor.py took 0.032 seconds
[2021-04-04 03:44:15,689] {scheduler_job.py:182} INFO - Started process (PID=3752) to work on /home/prathamesh/PycharmProjects/airflow-project/venv/lib/python3.8/site-packages/airflow/example_dags/example_kubernetes_executor.py
[2021-04-04 03:44:15,690] {scheduler_job.py:629} INFO - Processing file /home/prathamesh/PycharmProjects/airflow-project/venv/lib/python3.8/site-packages/airflow/example_dags/example_kubernetes_executor.py for tasks to queue
[2021-04-04 03:44:15,690] {logging_mixin.py:104} INFO - [2021-04-04 03:44:15,690] {dagbag.py:448} INFO - Filling up the DagBag from /home/prathamesh/PycharmProjects/airflow-project/venv/lib/python3.8/site-packages/airflow/example_dags/example_kubernetes_executor.py
[2021-04-04 03:44:15,703] {scheduler_job.py:639} INFO - DAG(s) dict_keys(['example_kubernetes_executor']) retrieved from /home/prathamesh/PycharmProjects/airflow-project/venv/lib/python3.8/site-packages/airflow/example_dags/example_kubernetes_executor.py
[2021-04-04 03:44:15,719] {logging_mixin.py:104} INFO - [2021-04-04 03:44:15,717] {dag.py:1818} INFO - Sync 1 DAGs
[2021-04-04 03:44:15,725] {logging_mixin.py:104} INFO - [2021-04-04 03:44:15,725] {dag.py:2273} INFO - Setting next_dagrun for example_kubernetes_executor to None
[2021-04-04 03:44:15,730] {scheduler_job.py:190} INFO - Processing /home/prathamesh/PycharmProjects/airflow-project/venv/lib/python3.8/site-packages/airflow/example_dags/example_kubernetes_executor.py took 0.044 seconds
[2021-04-04 03:44:47,176] {scheduler_job.py:182} INFO - Started process (PID=3781) to work on /home/prathamesh/PycharmProjects/airflow-project/venv/lib/python3.8/site-packages/airflow/example_dags/example_kubernetes_executor.py
[2021-04-04 03:44:47,177] {scheduler_job.py:629} INFO - Processing file /home/prathamesh/PycharmProjects/airflow-project/venv/lib/python3.8/site-packages/airflow/example_dags/example_kubernetes_executor.py for tasks to queue
[2021-04-04 03:44:47,177] {logging_mixin.py:104} INFO - [2021-04-04 03:44:47,177] {dagbag.py:448} INFO - Filling up the DagBag from /home/prathamesh/PycharmProjects/airflow-project/venv/lib/python3.8/site-packages/airflow/example_dags/example_kubernetes_executor.py
[2021-04-04 03:44:47,199] {scheduler_job.py:639} INFO - DAG(s) dict_keys(['example_kubernetes_executor']) retrieved from /home/prathamesh/PycharmProjects/airflow-project/venv/lib/python3.8/site-packages/airflow/example_dags/example_kubernetes_executor.py
[2021-04-04 03:44:47,213] {logging_mixin.py:104} INFO - [2021-04-04 03:44:47,213] {dag.py:1818} INFO - Sync 1 DAGs
[2021-04-04 03:44:47,233] {logging_mixin.py:104} INFO - [2021-04-04 03:44:47,233] {dag.py:2273} INFO - Setting next_dagrun for example_kubernetes_executor to None
[2021-04-04 03:44:47,241] {scheduler_job.py:190} INFO - Processing /home/prathamesh/PycharmProjects/airflow-project/venv/lib/python3.8/site-packages/airflow/example_dags/example_kubernetes_executor.py took 0.069 seconds
[2021-04-04 03:45:17,478] {scheduler_job.py:182} INFO - Started process (PID=3904) to work on /home/prathamesh/PycharmProjects/airflow-project/venv/lib/python3.8/site-packages/airflow/example_dags/example_kubernetes_executor.py
[2021-04-04 03:45:17,480] {scheduler_job.py:629} INFO - Processing file /home/prathamesh/PycharmProjects/airflow-project/venv/lib/python3.8/site-packages/airflow/example_dags/example_kubernetes_executor.py for tasks to queue
[2021-04-04 03:45:17,481] {logging_mixin.py:104} INFO - [2021-04-04 03:45:17,481] {dagbag.py:448} INFO - Filling up the DagBag from /home/prathamesh/PycharmProjects/airflow-project/venv/lib/python3.8/site-packages/airflow/example_dags/example_kubernetes_executor.py
[2021-04-04 03:45:17,498] {scheduler_job.py:639} INFO - DAG(s) dict_keys(['example_kubernetes_executor']) retrieved from /home/prathamesh/PycharmProjects/airflow-project/venv/lib/python3.8/site-packages/airflow/example_dags/example_kubernetes_executor.py
[2021-04-04 03:45:17,515] {logging_mixin.py:104} INFO - [2021-04-04 03:45:17,515] {dag.py:1818} INFO - Sync 1 DAGs
[2021-04-04 03:45:17,521] {logging_mixin.py:104} INFO - [2021-04-04 03:45:17,521] {dag.py:2273} INFO - Setting next_dagrun for example_kubernetes_executor to None
[2021-04-04 03:45:17,525] {scheduler_job.py:190} INFO - Processing /home/prathamesh/PycharmProjects/airflow-project/venv/lib/python3.8/site-packages/airflow/example_dags/example_kubernetes_executor.py took 0.050 seconds
[2021-04-04 03:54:21,816] {scheduler_job.py:182} INFO - Started process (PID=4555) to work on /home/prathamesh/PycharmProjects/airflow-project/venv/lib/python3.8/site-packages/airflow/example_dags/example_kubernetes_executor.py
[2021-04-04 03:54:21,817] {scheduler_job.py:629} INFO - Processing file /home/prathamesh/PycharmProjects/airflow-project/venv/lib/python3.8/site-packages/airflow/example_dags/example_kubernetes_executor.py for tasks to queue
[2021-04-04 03:54:21,817] {logging_mixin.py:104} INFO - [2021-04-04 03:54:21,817] {dagbag.py:448} INFO - Filling up the DagBag from /home/prathamesh/PycharmProjects/airflow-project/venv/lib/python3.8/site-packages/airflow/example_dags/example_kubernetes_executor.py
[2021-04-04 03:54:21,837] {scheduler_job.py:639} INFO - DAG(s) dict_keys(['example_kubernetes_executor']) retrieved from /home/prathamesh/PycharmProjects/airflow-project/venv/lib/python3.8/site-packages/airflow/example_dags/example_kubernetes_executor.py
[2021-04-04 03:54:21,859] {logging_mixin.py:104} INFO - [2021-04-04 03:54:21,859] {dag.py:1818} INFO - Sync 1 DAGs
[2021-04-04 03:54:21,961] {logging_mixin.py:104} INFO - [2021-04-04 03:54:21,960] {dag.py:2273} INFO - Setting next_dagrun for example_kubernetes_executor to None
[2021-04-04 03:54:22,004] {scheduler_job.py:190} INFO - Processing /home/prathamesh/PycharmProjects/airflow-project/venv/lib/python3.8/site-packages/airflow/example_dags/example_kubernetes_executor.py took 0.190 seconds
[2021-04-04 03:54:52,610] {scheduler_job.py:182} INFO - Started process (PID=4583) to work on /home/prathamesh/PycharmProjects/airflow-project/venv/lib/python3.8/site-packages/airflow/example_dags/example_kubernetes_executor.py
[2021-04-04 03:54:52,611] {scheduler_job.py:629} INFO - Processing file /home/prathamesh/PycharmProjects/airflow-project/venv/lib/python3.8/site-packages/airflow/example_dags/example_kubernetes_executor.py for tasks to queue
[2021-04-04 03:54:52,612] {logging_mixin.py:104} INFO - [2021-04-04 03:54:52,612] {dagbag.py:448} INFO - Filling up the DagBag from /home/prathamesh/PycharmProjects/airflow-project/venv/lib/python3.8/site-packages/airflow/example_dags/example_kubernetes_executor.py
[2021-04-04 03:54:52,644] {scheduler_job.py:639} INFO - DAG(s) dict_keys(['example_kubernetes_executor']) retrieved from /home/prathamesh/PycharmProjects/airflow-project/venv/lib/python3.8/site-packages/airflow/example_dags/example_kubernetes_executor.py
[2021-04-04 03:54:52,671] {logging_mixin.py:104} INFO - [2021-04-04 03:54:52,671] {dag.py:1818} INFO - Sync 1 DAGs
[2021-04-04 03:54:52,690] {logging_mixin.py:104} INFO - [2021-04-04 03:54:52,690] {dag.py:2273} INFO - Setting next_dagrun for example_kubernetes_executor to None
[2021-04-04 03:54:52,696] {scheduler_job.py:190} INFO - Processing /home/prathamesh/PycharmProjects/airflow-project/venv/lib/python3.8/site-packages/airflow/example_dags/example_kubernetes_executor.py took 0.095 seconds
[2021-04-04 03:55:23,563] {scheduler_job.py:182} INFO - Started process (PID=4615) to work on /home/prathamesh/PycharmProjects/airflow-project/venv/lib/python3.8/site-packages/airflow/example_dags/example_kubernetes_executor.py
[2021-04-04 03:55:23,569] {scheduler_job.py:629} INFO - Processing file /home/prathamesh/PycharmProjects/airflow-project/venv/lib/python3.8/site-packages/airflow/example_dags/example_kubernetes_executor.py for tasks to queue
[2021-04-04 03:55:23,569] {logging_mixin.py:104} INFO - [2021-04-04 03:55:23,569] {dagbag.py:448} INFO - Filling up the DagBag from /home/prathamesh/PycharmProjects/airflow-project/venv/lib/python3.8/site-packages/airflow/example_dags/example_kubernetes_executor.py
[2021-04-04 03:55:23,577] {scheduler_job.py:639} INFO - DAG(s) dict_keys(['example_kubernetes_executor']) retrieved from /home/prathamesh/PycharmProjects/airflow-project/venv/lib/python3.8/site-packages/airflow/example_dags/example_kubernetes_executor.py
[2021-04-04 03:55:23,609] {logging_mixin.py:104} INFO - [2021-04-04 03:55:23,609] {dag.py:1818} INFO - Sync 1 DAGs
[2021-04-04 03:55:23,650] {logging_mixin.py:104} INFO - [2021-04-04 03:55:23,630] {dag.py:2273} INFO - Setting next_dagrun for example_kubernetes_executor to None
[2021-04-04 03:55:23,658] {scheduler_job.py:190} INFO - Processing /home/prathamesh/PycharmProjects/airflow-project/venv/lib/python3.8/site-packages/airflow/example_dags/example_kubernetes_executor.py took 0.098 seconds
[2021-04-04 03:55:54,871] {scheduler_job.py:182} INFO - Started process (PID=4654) to work on /home/prathamesh/PycharmProjects/airflow-project/venv/lib/python3.8/site-packages/airflow/example_dags/example_kubernetes_executor.py
[2021-04-04 03:55:54,893] {scheduler_job.py:629} INFO - Processing file /home/prathamesh/PycharmProjects/airflow-project/venv/lib/python3.8/site-packages/airflow/example_dags/example_kubernetes_executor.py for tasks to queue
[2021-04-04 03:55:54,893] {logging_mixin.py:104} INFO - [2021-04-04 03:55:54,893] {dagbag.py:448} INFO - Filling up the DagBag from /home/prathamesh/PycharmProjects/airflow-project/venv/lib/python3.8/site-packages/airflow/example_dags/example_kubernetes_executor.py
[2021-04-04 03:55:54,930] {scheduler_job.py:639} INFO - DAG(s) dict_keys(['example_kubernetes_executor']) retrieved from /home/prathamesh/PycharmProjects/airflow-project/venv/lib/python3.8/site-packages/airflow/example_dags/example_kubernetes_executor.py
[2021-04-04 03:55:54,984] {logging_mixin.py:104} INFO - [2021-04-04 03:55:54,984] {dag.py:1818} INFO - Sync 1 DAGs
[2021-04-04 03:55:55,054] {logging_mixin.py:104} INFO - [2021-04-04 03:55:55,054] {dag.py:2273} INFO - Setting next_dagrun for example_kubernetes_executor to None
[2021-04-04 03:55:55,123] {scheduler_job.py:190} INFO - Processing /home/prathamesh/PycharmProjects/airflow-project/venv/lib/python3.8/site-packages/airflow/example_dags/example_kubernetes_executor.py took 0.266 seconds
[2021-04-04 03:56:25,648] {scheduler_job.py:182} INFO - Started process (PID=4699) to work on /home/prathamesh/PycharmProjects/airflow-project/venv/lib/python3.8/site-packages/airflow/example_dags/example_kubernetes_executor.py
[2021-04-04 03:56:25,649] {scheduler_job.py:629} INFO - Processing file /home/prathamesh/PycharmProjects/airflow-project/venv/lib/python3.8/site-packages/airflow/example_dags/example_kubernetes_executor.py for tasks to queue
[2021-04-04 03:56:25,649] {logging_mixin.py:104} INFO - [2021-04-04 03:56:25,649] {dagbag.py:448} INFO - Filling up the DagBag from /home/prathamesh/PycharmProjects/airflow-project/venv/lib/python3.8/site-packages/airflow/example_dags/example_kubernetes_executor.py
[2021-04-04 03:56:25,669] {scheduler_job.py:639} INFO - DAG(s) dict_keys(['example_kubernetes_executor']) retrieved from /home/prathamesh/PycharmProjects/airflow-project/venv/lib/python3.8/site-packages/airflow/example_dags/example_kubernetes_executor.py
[2021-04-04 03:56:25,690] {logging_mixin.py:104} INFO - [2021-04-04 03:56:25,690] {dag.py:1818} INFO - Sync 1 DAGs
[2021-04-04 03:56:25,717] {logging_mixin.py:104} INFO - [2021-04-04 03:56:25,717] {dag.py:2273} INFO - Setting next_dagrun for example_kubernetes_executor to None
[2021-04-04 03:56:25,737] {scheduler_job.py:190} INFO - Processing /home/prathamesh/PycharmProjects/airflow-project/venv/lib/python3.8/site-packages/airflow/example_dags/example_kubernetes_executor.py took 0.091 seconds
[2021-04-04 03:56:56,384] {scheduler_job.py:182} INFO - Started process (PID=4732) to work on /home/prathamesh/PycharmProjects/airflow-project/venv/lib/python3.8/site-packages/airflow/example_dags/example_kubernetes_executor.py
[2021-04-04 03:56:56,385] {scheduler_job.py:629} INFO - Processing file /home/prathamesh/PycharmProjects/airflow-project/venv/lib/python3.8/site-packages/airflow/example_dags/example_kubernetes_executor.py for tasks to queue
[2021-04-04 03:56:56,385] {logging_mixin.py:104} INFO - [2021-04-04 03:56:56,385] {dagbag.py:448} INFO - Filling up the DagBag from /home/prathamesh/PycharmProjects/airflow-project/venv/lib/python3.8/site-packages/airflow/example_dags/example_kubernetes_executor.py
[2021-04-04 03:56:56,406] {scheduler_job.py:639} INFO - DAG(s) dict_keys(['example_kubernetes_executor']) retrieved from /home/prathamesh/PycharmProjects/airflow-project/venv/lib/python3.8/site-packages/airflow/example_dags/example_kubernetes_executor.py
[2021-04-04 03:56:56,426] {logging_mixin.py:104} INFO - [2021-04-04 03:56:56,426] {dag.py:1818} INFO - Sync 1 DAGs
[2021-04-04 03:56:56,446] {logging_mixin.py:104} INFO - [2021-04-04 03:56:56,446] {dag.py:2273} INFO - Setting next_dagrun for example_kubernetes_executor to None
[2021-04-04 03:56:56,467] {scheduler_job.py:190} INFO - Processing /home/prathamesh/PycharmProjects/airflow-project/venv/lib/python3.8/site-packages/airflow/example_dags/example_kubernetes_executor.py took 0.085 seconds
[2021-04-04 03:57:27,617] {scheduler_job.py:182} INFO - Started process (PID=4762) to work on /home/prathamesh/PycharmProjects/airflow-project/venv/lib/python3.8/site-packages/airflow/example_dags/example_kubernetes_executor.py
[2021-04-04 03:57:27,632] {scheduler_job.py:629} INFO - Processing file /home/prathamesh/PycharmProjects/airflow-project/venv/lib/python3.8/site-packages/airflow/example_dags/example_kubernetes_executor.py for tasks to queue
[2021-04-04 03:57:27,633] {logging_mixin.py:104} INFO - [2021-04-04 03:57:27,633] {dagbag.py:448} INFO - Filling up the DagBag from /home/prathamesh/PycharmProjects/airflow-project/venv/lib/python3.8/site-packages/airflow/example_dags/example_kubernetes_executor.py
[2021-04-04 03:57:27,642] {scheduler_job.py:639} INFO - DAG(s) dict_keys(['example_kubernetes_executor']) retrieved from /home/prathamesh/PycharmProjects/airflow-project/venv/lib/python3.8/site-packages/airflow/example_dags/example_kubernetes_executor.py
[2021-04-04 03:57:27,671] {logging_mixin.py:104} INFO - [2021-04-04 03:57:27,670] {dag.py:1818} INFO - Sync 1 DAGs
[2021-04-04 03:57:27,694] {logging_mixin.py:104} INFO - [2021-04-04 03:57:27,694] {dag.py:2273} INFO - Setting next_dagrun for example_kubernetes_executor to None
[2021-04-04 03:57:27,715] {scheduler_job.py:190} INFO - Processing /home/prathamesh/PycharmProjects/airflow-project/venv/lib/python3.8/site-packages/airflow/example_dags/example_kubernetes_executor.py took 0.101 seconds
[2021-04-04 03:57:58,974] {scheduler_job.py:182} INFO - Started process (PID=4790) to work on /home/prathamesh/PycharmProjects/airflow-project/venv/lib/python3.8/site-packages/airflow/example_dags/example_kubernetes_executor.py
[2021-04-04 03:57:58,975] {scheduler_job.py:629} INFO - Processing file /home/prathamesh/PycharmProjects/airflow-project/venv/lib/python3.8/site-packages/airflow/example_dags/example_kubernetes_executor.py for tasks to queue
[2021-04-04 03:57:58,975] {logging_mixin.py:104} INFO - [2021-04-04 03:57:58,975] {dagbag.py:448} INFO - Filling up the DagBag from /home/prathamesh/PycharmProjects/airflow-project/venv/lib/python3.8/site-packages/airflow/example_dags/example_kubernetes_executor.py
[2021-04-04 03:57:58,995] {scheduler_job.py:639} INFO - DAG(s) dict_keys(['example_kubernetes_executor']) retrieved from /home/prathamesh/PycharmProjects/airflow-project/venv/lib/python3.8/site-packages/airflow/example_dags/example_kubernetes_executor.py
[2021-04-04 03:57:59,040] {logging_mixin.py:104} INFO - [2021-04-04 03:57:59,040] {dag.py:1818} INFO - Sync 1 DAGs
[2021-04-04 03:57:59,047] {logging_mixin.py:104} INFO - [2021-04-04 03:57:59,047] {dag.py:2273} INFO - Setting next_dagrun for example_kubernetes_executor to None
[2021-04-04 03:57:59,065] {scheduler_job.py:190} INFO - Processing /home/prathamesh/PycharmProjects/airflow-project/venv/lib/python3.8/site-packages/airflow/example_dags/example_kubernetes_executor.py took 0.094 seconds
[2021-04-04 04:07:36,503] {scheduler_job.py:182} INFO - Started process (PID=4952) to work on /home/prathamesh/PycharmProjects/airflow-project/venv/lib/python3.8/site-packages/airflow/example_dags/example_kubernetes_executor.py
[2021-04-04 04:07:36,504] {scheduler_job.py:629} INFO - Processing file /home/prathamesh/PycharmProjects/airflow-project/venv/lib/python3.8/site-packages/airflow/example_dags/example_kubernetes_executor.py for tasks to queue
[2021-04-04 04:07:36,504] {logging_mixin.py:104} INFO - [2021-04-04 04:07:36,504] {dagbag.py:448} INFO - Filling up the DagBag from /home/prathamesh/PycharmProjects/airflow-project/venv/lib/python3.8/site-packages/airflow/example_dags/example_kubernetes_executor.py
[2021-04-04 04:07:36,512] {scheduler_job.py:639} INFO - DAG(s) dict_keys(['example_kubernetes_executor']) retrieved from /home/prathamesh/PycharmProjects/airflow-project/venv/lib/python3.8/site-packages/airflow/example_dags/example_kubernetes_executor.py
[2021-04-04 04:07:36,523] {logging_mixin.py:104} INFO - [2021-04-04 04:07:36,523] {dag.py:1818} INFO - Sync 1 DAGs
[2021-04-04 04:07:36,530] {logging_mixin.py:104} INFO - [2021-04-04 04:07:36,530] {dag.py:2273} INFO - Setting next_dagrun for example_kubernetes_executor to None
[2021-04-04 04:07:36,542] {scheduler_job.py:190} INFO - Processing /home/prathamesh/PycharmProjects/airflow-project/venv/lib/python3.8/site-packages/airflow/example_dags/example_kubernetes_executor.py took 0.056 seconds
[2021-04-04 04:08:07,335] {scheduler_job.py:182} INFO - Started process (PID=5001) to work on /home/prathamesh/PycharmProjects/airflow-project/venv/lib/python3.8/site-packages/airflow/example_dags/example_kubernetes_executor.py
[2021-04-04 04:08:07,336] {scheduler_job.py:629} INFO - Processing file /home/prathamesh/PycharmProjects/airflow-project/venv/lib/python3.8/site-packages/airflow/example_dags/example_kubernetes_executor.py for tasks to queue
[2021-04-04 04:08:07,337] {logging_mixin.py:104} INFO - [2021-04-04 04:08:07,337] {dagbag.py:448} INFO - Filling up the DagBag from /home/prathamesh/PycharmProjects/airflow-project/venv/lib/python3.8/site-packages/airflow/example_dags/example_kubernetes_executor.py
[2021-04-04 04:08:07,345] {scheduler_job.py:639} INFO - DAG(s) dict_keys(['example_kubernetes_executor']) retrieved from /home/prathamesh/PycharmProjects/airflow-project/venv/lib/python3.8/site-packages/airflow/example_dags/example_kubernetes_executor.py
[2021-04-04 04:08:07,356] {logging_mixin.py:104} INFO - [2021-04-04 04:08:07,356] {dag.py:1818} INFO - Sync 1 DAGs
[2021-04-04 04:08:07,364] {logging_mixin.py:104} INFO - [2021-04-04 04:08:07,364] {dag.py:2273} INFO - Setting next_dagrun for example_kubernetes_executor to None
[2021-04-04 04:08:07,371] {scheduler_job.py:190} INFO - Processing /home/prathamesh/PycharmProjects/airflow-project/venv/lib/python3.8/site-packages/airflow/example_dags/example_kubernetes_executor.py took 0.040 seconds
[2021-04-04 04:08:38,049] {scheduler_job.py:182} INFO - Started process (PID=5030) to work on /home/prathamesh/PycharmProjects/airflow-project/venv/lib/python3.8/site-packages/airflow/example_dags/example_kubernetes_executor.py
[2021-04-04 04:08:38,053] {scheduler_job.py:629} INFO - Processing file /home/prathamesh/PycharmProjects/airflow-project/venv/lib/python3.8/site-packages/airflow/example_dags/example_kubernetes_executor.py for tasks to queue
[2021-04-04 04:08:38,056] {logging_mixin.py:104} INFO - [2021-04-04 04:08:38,056] {dagbag.py:448} INFO - Filling up the DagBag from /home/prathamesh/PycharmProjects/airflow-project/venv/lib/python3.8/site-packages/airflow/example_dags/example_kubernetes_executor.py
[2021-04-04 04:08:38,064] {scheduler_job.py:639} INFO - DAG(s) dict_keys(['example_kubernetes_executor']) retrieved from /home/prathamesh/PycharmProjects/airflow-project/venv/lib/python3.8/site-packages/airflow/example_dags/example_kubernetes_executor.py
[2021-04-04 04:08:38,079] {logging_mixin.py:104} INFO - [2021-04-04 04:08:38,079] {dag.py:1818} INFO - Sync 1 DAGs
[2021-04-04 04:08:38,087] {logging_mixin.py:104} INFO - [2021-04-04 04:08:38,087] {dag.py:2273} INFO - Setting next_dagrun for example_kubernetes_executor to None
[2021-04-04 04:08:38,092] {scheduler_job.py:190} INFO - Processing /home/prathamesh/PycharmProjects/airflow-project/venv/lib/python3.8/site-packages/airflow/example_dags/example_kubernetes_executor.py took 0.045 seconds
[2021-04-04 04:09:10,192] {scheduler_job.py:182} INFO - Started process (PID=5063) to work on /home/prathamesh/PycharmProjects/airflow-project/venv/lib/python3.8/site-packages/airflow/example_dags/example_kubernetes_executor.py
[2021-04-04 04:09:10,196] {scheduler_job.py:629} INFO - Processing file /home/prathamesh/PycharmProjects/airflow-project/venv/lib/python3.8/site-packages/airflow/example_dags/example_kubernetes_executor.py for tasks to queue
[2021-04-04 04:09:10,196] {logging_mixin.py:104} INFO - [2021-04-04 04:09:10,196] {dagbag.py:448} INFO - Filling up the DagBag from /home/prathamesh/PycharmProjects/airflow-project/venv/lib/python3.8/site-packages/airflow/example_dags/example_kubernetes_executor.py
[2021-04-04 04:09:10,268] {scheduler_job.py:639} INFO - DAG(s) dict_keys(['example_kubernetes_executor']) retrieved from /home/prathamesh/PycharmProjects/airflow-project/venv/lib/python3.8/site-packages/airflow/example_dags/example_kubernetes_executor.py
[2021-04-04 04:09:10,277] {logging_mixin.py:104} INFO - [2021-04-04 04:09:10,277] {dag.py:1818} INFO - Sync 1 DAGs
[2021-04-04 04:09:10,340] {logging_mixin.py:104} INFO - [2021-04-04 04:09:10,340] {dag.py:2273} INFO - Setting next_dagrun for example_kubernetes_executor to None
[2021-04-04 04:09:10,424] {scheduler_job.py:190} INFO - Processing /home/prathamesh/PycharmProjects/airflow-project/venv/lib/python3.8/site-packages/airflow/example_dags/example_kubernetes_executor.py took 0.265 seconds
[2021-04-04 04:09:41,420] {scheduler_job.py:182} INFO - Started process (PID=5100) to work on /home/prathamesh/PycharmProjects/airflow-project/venv/lib/python3.8/site-packages/airflow/example_dags/example_kubernetes_executor.py
[2021-04-04 04:09:41,421] {scheduler_job.py:629} INFO - Processing file /home/prathamesh/PycharmProjects/airflow-project/venv/lib/python3.8/site-packages/airflow/example_dags/example_kubernetes_executor.py for tasks to queue
[2021-04-04 04:09:41,422] {logging_mixin.py:104} INFO - [2021-04-04 04:09:41,422] {dagbag.py:448} INFO - Filling up the DagBag from /home/prathamesh/PycharmProjects/airflow-project/venv/lib/python3.8/site-packages/airflow/example_dags/example_kubernetes_executor.py
[2021-04-04 04:09:41,431] {scheduler_job.py:639} INFO - DAG(s) dict_keys(['example_kubernetes_executor']) retrieved from /home/prathamesh/PycharmProjects/airflow-project/venv/lib/python3.8/site-packages/airflow/example_dags/example_kubernetes_executor.py
[2021-04-04 04:09:41,440] {logging_mixin.py:104} INFO - [2021-04-04 04:09:41,440] {dag.py:1818} INFO - Sync 1 DAGs
[2021-04-04 04:09:41,455] {logging_mixin.py:104} INFO - [2021-04-04 04:09:41,455] {dag.py:2273} INFO - Setting next_dagrun for example_kubernetes_executor to None
[2021-04-04 04:09:41,460] {scheduler_job.py:190} INFO - Processing /home/prathamesh/PycharmProjects/airflow-project/venv/lib/python3.8/site-packages/airflow/example_dags/example_kubernetes_executor.py took 0.042 seconds
[2021-04-04 04:10:12,131] {scheduler_job.py:182} INFO - Started process (PID=5163) to work on /home/prathamesh/PycharmProjects/airflow-project/venv/lib/python3.8/site-packages/airflow/example_dags/example_kubernetes_executor.py
[2021-04-04 04:10:12,132] {scheduler_job.py:629} INFO - Processing file /home/prathamesh/PycharmProjects/airflow-project/venv/lib/python3.8/site-packages/airflow/example_dags/example_kubernetes_executor.py for tasks to queue
[2021-04-04 04:10:12,132] {logging_mixin.py:104} INFO - [2021-04-04 04:10:12,132] {dagbag.py:448} INFO - Filling up the DagBag from /home/prathamesh/PycharmProjects/airflow-project/venv/lib/python3.8/site-packages/airflow/example_dags/example_kubernetes_executor.py
[2021-04-04 04:10:12,141] {scheduler_job.py:639} INFO - DAG(s) dict_keys(['example_kubernetes_executor']) retrieved from /home/prathamesh/PycharmProjects/airflow-project/venv/lib/python3.8/site-packages/airflow/example_dags/example_kubernetes_executor.py
[2021-04-04 04:10:12,152] {logging_mixin.py:104} INFO - [2021-04-04 04:10:12,152] {dag.py:1818} INFO - Sync 1 DAGs
[2021-04-04 04:10:12,158] {logging_mixin.py:104} INFO - [2021-04-04 04:10:12,158] {dag.py:2273} INFO - Setting next_dagrun for example_kubernetes_executor to None
[2021-04-04 04:10:12,176] {scheduler_job.py:190} INFO - Processing /home/prathamesh/PycharmProjects/airflow-project/venv/lib/python3.8/site-packages/airflow/example_dags/example_kubernetes_executor.py took 0.049 seconds
[2021-04-04 04:10:42,837] {scheduler_job.py:182} INFO - Started process (PID=5191) to work on /home/prathamesh/PycharmProjects/airflow-project/venv/lib/python3.8/site-packages/airflow/example_dags/example_kubernetes_executor.py
[2021-04-04 04:10:42,838] {scheduler_job.py:629} INFO - Processing file /home/prathamesh/PycharmProjects/airflow-project/venv/lib/python3.8/site-packages/airflow/example_dags/example_kubernetes_executor.py for tasks to queue
[2021-04-04 04:10:42,839] {logging_mixin.py:104} INFO - [2021-04-04 04:10:42,839] {dagbag.py:448} INFO - Filling up the DagBag from /home/prathamesh/PycharmProjects/airflow-project/venv/lib/python3.8/site-packages/airflow/example_dags/example_kubernetes_executor.py
[2021-04-04 04:10:42,846] {scheduler_job.py:639} INFO - DAG(s) dict_keys(['example_kubernetes_executor']) retrieved from /home/prathamesh/PycharmProjects/airflow-project/venv/lib/python3.8/site-packages/airflow/example_dags/example_kubernetes_executor.py
[2021-04-04 04:10:42,855] {logging_mixin.py:104} INFO - [2021-04-04 04:10:42,855] {dag.py:1818} INFO - Sync 1 DAGs
[2021-04-04 04:10:42,862] {logging_mixin.py:104} INFO - [2021-04-04 04:10:42,862] {dag.py:2273} INFO - Setting next_dagrun for example_kubernetes_executor to None
[2021-04-04 04:10:42,867] {scheduler_job.py:190} INFO - Processing /home/prathamesh/PycharmProjects/airflow-project/venv/lib/python3.8/site-packages/airflow/example_dags/example_kubernetes_executor.py took 0.031 seconds
[2021-04-04 04:11:14,242] {scheduler_job.py:182} INFO - Started process (PID=5224) to work on /home/prathamesh/PycharmProjects/airflow-project/venv/lib/python3.8/site-packages/airflow/example_dags/example_kubernetes_executor.py
[2021-04-04 04:11:14,243] {scheduler_job.py:629} INFO - Processing file /home/prathamesh/PycharmProjects/airflow-project/venv/lib/python3.8/site-packages/airflow/example_dags/example_kubernetes_executor.py for tasks to queue
[2021-04-04 04:11:14,244] {logging_mixin.py:104} INFO - [2021-04-04 04:11:14,244] {dagbag.py:448} INFO - Filling up the DagBag from /home/prathamesh/PycharmProjects/airflow-project/venv/lib/python3.8/site-packages/airflow/example_dags/example_kubernetes_executor.py
[2021-04-04 04:11:14,250] {scheduler_job.py:639} INFO - DAG(s) dict_keys(['example_kubernetes_executor']) retrieved from /home/prathamesh/PycharmProjects/airflow-project/venv/lib/python3.8/site-packages/airflow/example_dags/example_kubernetes_executor.py
[2021-04-04 04:11:14,258] {logging_mixin.py:104} INFO - [2021-04-04 04:11:14,258] {dag.py:1818} INFO - Sync 1 DAGs
[2021-04-04 04:11:14,265] {logging_mixin.py:104} INFO - [2021-04-04 04:11:14,265] {dag.py:2273} INFO - Setting next_dagrun for example_kubernetes_executor to None
[2021-04-04 04:11:14,269] {scheduler_job.py:190} INFO - Processing /home/prathamesh/PycharmProjects/airflow-project/venv/lib/python3.8/site-packages/airflow/example_dags/example_kubernetes_executor.py took 0.029 seconds
[2021-04-04 04:11:44,934] {scheduler_job.py:182} INFO - Started process (PID=5281) to work on /home/prathamesh/PycharmProjects/airflow-project/venv/lib/python3.8/site-packages/airflow/example_dags/example_kubernetes_executor.py
[2021-04-04 04:11:44,936] {scheduler_job.py:629} INFO - Processing file /home/prathamesh/PycharmProjects/airflow-project/venv/lib/python3.8/site-packages/airflow/example_dags/example_kubernetes_executor.py for tasks to queue
[2021-04-04 04:11:44,936] {logging_mixin.py:104} INFO - [2021-04-04 04:11:44,936] {dagbag.py:448} INFO - Filling up the DagBag from /home/prathamesh/PycharmProjects/airflow-project/venv/lib/python3.8/site-packages/airflow/example_dags/example_kubernetes_executor.py
[2021-04-04 04:11:44,944] {scheduler_job.py:639} INFO - DAG(s) dict_keys(['example_kubernetes_executor']) retrieved from /home/prathamesh/PycharmProjects/airflow-project/venv/lib/python3.8/site-packages/airflow/example_dags/example_kubernetes_executor.py
[2021-04-04 04:11:44,955] {logging_mixin.py:104} INFO - [2021-04-04 04:11:44,955] {dag.py:1818} INFO - Sync 1 DAGs
[2021-04-04 04:11:44,961] {logging_mixin.py:104} INFO - [2021-04-04 04:11:44,961] {dag.py:2273} INFO - Setting next_dagrun for example_kubernetes_executor to None
[2021-04-04 04:11:44,965] {scheduler_job.py:190} INFO - Processing /home/prathamesh/PycharmProjects/airflow-project/venv/lib/python3.8/site-packages/airflow/example_dags/example_kubernetes_executor.py took 0.033 seconds
[2021-04-04 04:12:15,752] {scheduler_job.py:182} INFO - Started process (PID=5319) to work on /home/prathamesh/PycharmProjects/airflow-project/venv/lib/python3.8/site-packages/airflow/example_dags/example_kubernetes_executor.py
[2021-04-04 04:12:15,756] {scheduler_job.py:629} INFO - Processing file /home/prathamesh/PycharmProjects/airflow-project/venv/lib/python3.8/site-packages/airflow/example_dags/example_kubernetes_executor.py for tasks to queue
[2021-04-04 04:12:15,756] {logging_mixin.py:104} INFO - [2021-04-04 04:12:15,756] {dagbag.py:448} INFO - Filling up the DagBag from /home/prathamesh/PycharmProjects/airflow-project/venv/lib/python3.8/site-packages/airflow/example_dags/example_kubernetes_executor.py
[2021-04-04 04:12:15,765] {scheduler_job.py:639} INFO - DAG(s) dict_keys(['example_kubernetes_executor']) retrieved from /home/prathamesh/PycharmProjects/airflow-project/venv/lib/python3.8/site-packages/airflow/example_dags/example_kubernetes_executor.py
[2021-04-04 04:12:15,781] {logging_mixin.py:104} INFO - [2021-04-04 04:12:15,780] {dag.py:1818} INFO - Sync 1 DAGs
[2021-04-04 04:12:15,788] {logging_mixin.py:104} INFO - [2021-04-04 04:12:15,788] {dag.py:2273} INFO - Setting next_dagrun for example_kubernetes_executor to None
[2021-04-04 04:12:15,794] {scheduler_job.py:190} INFO - Processing /home/prathamesh/PycharmProjects/airflow-project/venv/lib/python3.8/site-packages/airflow/example_dags/example_kubernetes_executor.py took 0.044 seconds
[2021-04-04 04:12:46,376] {scheduler_job.py:182} INFO - Started process (PID=5365) to work on /home/prathamesh/PycharmProjects/airflow-project/venv/lib/python3.8/site-packages/airflow/example_dags/example_kubernetes_executor.py
[2021-04-04 04:12:46,380] {scheduler_job.py:629} INFO - Processing file /home/prathamesh/PycharmProjects/airflow-project/venv/lib/python3.8/site-packages/airflow/example_dags/example_kubernetes_executor.py for tasks to queue
[2021-04-04 04:12:46,381] {logging_mixin.py:104} INFO - [2021-04-04 04:12:46,381] {dagbag.py:448} INFO - Filling up the DagBag from /home/prathamesh/PycharmProjects/airflow-project/venv/lib/python3.8/site-packages/airflow/example_dags/example_kubernetes_executor.py
[2021-04-04 04:12:46,391] {scheduler_job.py:639} INFO - DAG(s) dict_keys(['example_kubernetes_executor']) retrieved from /home/prathamesh/PycharmProjects/airflow-project/venv/lib/python3.8/site-packages/airflow/example_dags/example_kubernetes_executor.py
[2021-04-04 04:12:46,401] {logging_mixin.py:104} INFO - [2021-04-04 04:12:46,401] {dag.py:1818} INFO - Sync 1 DAGs
[2021-04-04 04:12:46,407] {logging_mixin.py:104} INFO - [2021-04-04 04:12:46,407] {dag.py:2273} INFO - Setting next_dagrun for example_kubernetes_executor to None
[2021-04-04 04:12:46,411] {scheduler_job.py:190} INFO - Processing /home/prathamesh/PycharmProjects/airflow-project/venv/lib/python3.8/site-packages/airflow/example_dags/example_kubernetes_executor.py took 0.038 seconds
[2021-04-04 16:21:45,494] {scheduler_job.py:182} INFO - Started process (PID=3465) to work on /home/prathamesh/PycharmProjects/airflow-project/venv/lib/python3.8/site-packages/airflow/example_dags/example_kubernetes_executor.py
[2021-04-04 16:21:45,499] {scheduler_job.py:629} INFO - Processing file /home/prathamesh/PycharmProjects/airflow-project/venv/lib/python3.8/site-packages/airflow/example_dags/example_kubernetes_executor.py for tasks to queue
[2021-04-04 16:21:45,499] {logging_mixin.py:104} INFO - [2021-04-04 16:21:45,499] {dagbag.py:448} INFO - Filling up the DagBag from /home/prathamesh/PycharmProjects/airflow-project/venv/lib/python3.8/site-packages/airflow/example_dags/example_kubernetes_executor.py
[2021-04-04 16:21:45,507] {scheduler_job.py:639} INFO - DAG(s) dict_keys(['example_kubernetes_executor']) retrieved from /home/prathamesh/PycharmProjects/airflow-project/venv/lib/python3.8/site-packages/airflow/example_dags/example_kubernetes_executor.py
[2021-04-04 16:21:45,518] {logging_mixin.py:104} INFO - [2021-04-04 16:21:45,518] {dag.py:1818} INFO - Sync 1 DAGs
[2021-04-04 16:21:45,525] {logging_mixin.py:104} INFO - [2021-04-04 16:21:45,525] {dag.py:2273} INFO - Setting next_dagrun for example_kubernetes_executor to None
[2021-04-04 16:21:45,539] {scheduler_job.py:190} INFO - Processing /home/prathamesh/PycharmProjects/airflow-project/venv/lib/python3.8/site-packages/airflow/example_dags/example_kubernetes_executor.py took 0.049 seconds
[2021-04-04 16:22:15,828] {scheduler_job.py:182} INFO - Started process (PID=3549) to work on /home/prathamesh/PycharmProjects/airflow-project/venv/lib/python3.8/site-packages/airflow/example_dags/example_kubernetes_executor.py
[2021-04-04 16:22:15,833] {scheduler_job.py:629} INFO - Processing file /home/prathamesh/PycharmProjects/airflow-project/venv/lib/python3.8/site-packages/airflow/example_dags/example_kubernetes_executor.py for tasks to queue
[2021-04-04 16:22:15,833] {logging_mixin.py:104} INFO - [2021-04-04 16:22:15,833] {dagbag.py:448} INFO - Filling up the DagBag from /home/prathamesh/PycharmProjects/airflow-project/venv/lib/python3.8/site-packages/airflow/example_dags/example_kubernetes_executor.py
[2021-04-04 16:22:15,854] {scheduler_job.py:639} INFO - DAG(s) dict_keys(['example_kubernetes_executor']) retrieved from /home/prathamesh/PycharmProjects/airflow-project/venv/lib/python3.8/site-packages/airflow/example_dags/example_kubernetes_executor.py
[2021-04-04 16:22:15,866] {logging_mixin.py:104} INFO - [2021-04-04 16:22:15,866] {dag.py:1818} INFO - Sync 1 DAGs
[2021-04-04 16:22:15,873] {logging_mixin.py:104} INFO - [2021-04-04 16:22:15,873] {dag.py:2273} INFO - Setting next_dagrun for example_kubernetes_executor to None
[2021-04-04 16:22:15,878] {scheduler_job.py:190} INFO - Processing /home/prathamesh/PycharmProjects/airflow-project/venv/lib/python3.8/site-packages/airflow/example_dags/example_kubernetes_executor.py took 0.054 seconds
[2021-04-04 16:22:46,372] {scheduler_job.py:182} INFO - Started process (PID=3576) to work on /home/prathamesh/PycharmProjects/airflow-project/venv/lib/python3.8/site-packages/airflow/example_dags/example_kubernetes_executor.py
[2021-04-04 16:22:46,373] {scheduler_job.py:629} INFO - Processing file /home/prathamesh/PycharmProjects/airflow-project/venv/lib/python3.8/site-packages/airflow/example_dags/example_kubernetes_executor.py for tasks to queue
[2021-04-04 16:22:46,375] {logging_mixin.py:104} INFO - [2021-04-04 16:22:46,375] {dagbag.py:448} INFO - Filling up the DagBag from /home/prathamesh/PycharmProjects/airflow-project/venv/lib/python3.8/site-packages/airflow/example_dags/example_kubernetes_executor.py
[2021-04-04 16:22:46,387] {scheduler_job.py:639} INFO - DAG(s) dict_keys(['example_kubernetes_executor']) retrieved from /home/prathamesh/PycharmProjects/airflow-project/venv/lib/python3.8/site-packages/airflow/example_dags/example_kubernetes_executor.py
[2021-04-04 16:22:46,398] {logging_mixin.py:104} INFO - [2021-04-04 16:22:46,398] {dag.py:1818} INFO - Sync 1 DAGs
[2021-04-04 16:22:46,408] {logging_mixin.py:104} INFO - [2021-04-04 16:22:46,407] {dag.py:2273} INFO - Setting next_dagrun for example_kubernetes_executor to None
[2021-04-04 16:22:46,412] {scheduler_job.py:190} INFO - Processing /home/prathamesh/PycharmProjects/airflow-project/venv/lib/python3.8/site-packages/airflow/example_dags/example_kubernetes_executor.py took 0.044 seconds
[2021-04-04 16:23:17,022] {scheduler_job.py:182} INFO - Started process (PID=3603) to work on /home/prathamesh/PycharmProjects/airflow-project/venv/lib/python3.8/site-packages/airflow/example_dags/example_kubernetes_executor.py
[2021-04-04 16:23:17,022] {scheduler_job.py:629} INFO - Processing file /home/prathamesh/PycharmProjects/airflow-project/venv/lib/python3.8/site-packages/airflow/example_dags/example_kubernetes_executor.py for tasks to queue
[2021-04-04 16:23:17,023] {logging_mixin.py:104} INFO - [2021-04-04 16:23:17,023] {dagbag.py:448} INFO - Filling up the DagBag from /home/prathamesh/PycharmProjects/airflow-project/venv/lib/python3.8/site-packages/airflow/example_dags/example_kubernetes_executor.py
[2021-04-04 16:23:17,030] {scheduler_job.py:639} INFO - DAG(s) dict_keys(['example_kubernetes_executor']) retrieved from /home/prathamesh/PycharmProjects/airflow-project/venv/lib/python3.8/site-packages/airflow/example_dags/example_kubernetes_executor.py
[2021-04-04 16:23:17,040] {logging_mixin.py:104} INFO - [2021-04-04 16:23:17,040] {dag.py:1818} INFO - Sync 1 DAGs
[2021-04-04 16:23:17,047] {logging_mixin.py:104} INFO - [2021-04-04 16:23:17,047] {dag.py:2273} INFO - Setting next_dagrun for example_kubernetes_executor to None
[2021-04-04 16:23:17,053] {scheduler_job.py:190} INFO - Processing /home/prathamesh/PycharmProjects/airflow-project/venv/lib/python3.8/site-packages/airflow/example_dags/example_kubernetes_executor.py took 0.035 seconds
