[2021-04-04 03:36:23,604] {scheduler_job.py:182} INFO - Started process (PID=3199) to work on /home/prathamesh/PycharmProjects/airflow-project/venv/lib/python3.8/site-packages/airflow/example_dags/example_branch_python_dop_operator_3.py
[2021-04-04 03:36:23,605] {scheduler_job.py:629} INFO - Processing file /home/prathamesh/PycharmProjects/airflow-project/venv/lib/python3.8/site-packages/airflow/example_dags/example_branch_python_dop_operator_3.py for tasks to queue
[2021-04-04 03:36:23,605] {logging_mixin.py:104} INFO - [2021-04-04 03:36:23,605] {dagbag.py:448} INFO - Filling up the DagBag from /home/prathamesh/PycharmProjects/airflow-project/venv/lib/python3.8/site-packages/airflow/example_dags/example_branch_python_dop_operator_3.py
[2021-04-04 03:36:23,667] {scheduler_job.py:639} INFO - DAG(s) dict_keys(['example_branch_dop_operator_v3']) retrieved from /home/prathamesh/PycharmProjects/airflow-project/venv/lib/python3.8/site-packages/airflow/example_dags/example_branch_python_dop_operator_3.py
[2021-04-04 03:36:23,711] {logging_mixin.py:104} INFO - [2021-04-04 03:36:23,711] {dag.py:1818} INFO - Sync 1 DAGs
[2021-04-04 03:36:23,814] {logging_mixin.py:104} INFO - [2021-04-04 03:36:23,814] {dag.py:2273} INFO - Setting next_dagrun for example_branch_dop_operator_v3 to 2021-04-02 00:00:00+00:00
[2021-04-04 03:36:23,818] {scheduler_job.py:190} INFO - Processing /home/prathamesh/PycharmProjects/airflow-project/venv/lib/python3.8/site-packages/airflow/example_dags/example_branch_python_dop_operator_3.py took 0.216 seconds
[2021-04-04 03:36:54,561] {scheduler_job.py:182} INFO - Started process (PID=3235) to work on /home/prathamesh/PycharmProjects/airflow-project/venv/lib/python3.8/site-packages/airflow/example_dags/example_branch_python_dop_operator_3.py
[2021-04-04 03:36:54,562] {scheduler_job.py:629} INFO - Processing file /home/prathamesh/PycharmProjects/airflow-project/venv/lib/python3.8/site-packages/airflow/example_dags/example_branch_python_dop_operator_3.py for tasks to queue
[2021-04-04 03:36:54,563] {logging_mixin.py:104} INFO - [2021-04-04 03:36:54,563] {dagbag.py:448} INFO - Filling up the DagBag from /home/prathamesh/PycharmProjects/airflow-project/venv/lib/python3.8/site-packages/airflow/example_dags/example_branch_python_dop_operator_3.py
[2021-04-04 03:36:54,599] {scheduler_job.py:639} INFO - DAG(s) dict_keys(['example_branch_dop_operator_v3']) retrieved from /home/prathamesh/PycharmProjects/airflow-project/venv/lib/python3.8/site-packages/airflow/example_dags/example_branch_python_dop_operator_3.py
[2021-04-04 03:36:54,625] {logging_mixin.py:104} INFO - [2021-04-04 03:36:54,625] {dag.py:1818} INFO - Sync 1 DAGs
[2021-04-04 03:36:54,684] {logging_mixin.py:104} INFO - [2021-04-04 03:36:54,684] {dag.py:2273} INFO - Setting next_dagrun for example_branch_dop_operator_v3 to 2021-04-02 00:00:00+00:00
[2021-04-04 03:36:54,691] {scheduler_job.py:190} INFO - Processing /home/prathamesh/PycharmProjects/airflow-project/venv/lib/python3.8/site-packages/airflow/example_dags/example_branch_python_dop_operator_3.py took 0.132 seconds
[2021-04-04 03:37:25,579] {scheduler_job.py:182} INFO - Started process (PID=3271) to work on /home/prathamesh/PycharmProjects/airflow-project/venv/lib/python3.8/site-packages/airflow/example_dags/example_branch_python_dop_operator_3.py
[2021-04-04 03:37:25,580] {scheduler_job.py:629} INFO - Processing file /home/prathamesh/PycharmProjects/airflow-project/venv/lib/python3.8/site-packages/airflow/example_dags/example_branch_python_dop_operator_3.py for tasks to queue
[2021-04-04 03:37:25,581] {logging_mixin.py:104} INFO - [2021-04-04 03:37:25,581] {dagbag.py:448} INFO - Filling up the DagBag from /home/prathamesh/PycharmProjects/airflow-project/venv/lib/python3.8/site-packages/airflow/example_dags/example_branch_python_dop_operator_3.py
[2021-04-04 03:37:25,613] {scheduler_job.py:639} INFO - DAG(s) dict_keys(['example_branch_dop_operator_v3']) retrieved from /home/prathamesh/PycharmProjects/airflow-project/venv/lib/python3.8/site-packages/airflow/example_dags/example_branch_python_dop_operator_3.py
[2021-04-04 03:37:25,633] {logging_mixin.py:104} INFO - [2021-04-04 03:37:25,633] {dag.py:1818} INFO - Sync 1 DAGs
[2021-04-04 03:37:25,680] {logging_mixin.py:104} INFO - [2021-04-04 03:37:25,680] {dag.py:2273} INFO - Setting next_dagrun for example_branch_dop_operator_v3 to 2021-04-02 00:00:00+00:00
[2021-04-04 03:37:25,685] {scheduler_job.py:190} INFO - Processing /home/prathamesh/PycharmProjects/airflow-project/venv/lib/python3.8/site-packages/airflow/example_dags/example_branch_python_dop_operator_3.py took 0.110 seconds
[2021-04-04 03:37:56,239] {scheduler_job.py:182} INFO - Started process (PID=3301) to work on /home/prathamesh/PycharmProjects/airflow-project/venv/lib/python3.8/site-packages/airflow/example_dags/example_branch_python_dop_operator_3.py
[2021-04-04 03:37:56,240] {scheduler_job.py:629} INFO - Processing file /home/prathamesh/PycharmProjects/airflow-project/venv/lib/python3.8/site-packages/airflow/example_dags/example_branch_python_dop_operator_3.py for tasks to queue
[2021-04-04 03:37:56,240] {logging_mixin.py:104} INFO - [2021-04-04 03:37:56,240] {dagbag.py:448} INFO - Filling up the DagBag from /home/prathamesh/PycharmProjects/airflow-project/venv/lib/python3.8/site-packages/airflow/example_dags/example_branch_python_dop_operator_3.py
[2021-04-04 03:37:56,250] {scheduler_job.py:639} INFO - DAG(s) dict_keys(['example_branch_dop_operator_v3']) retrieved from /home/prathamesh/PycharmProjects/airflow-project/venv/lib/python3.8/site-packages/airflow/example_dags/example_branch_python_dop_operator_3.py
[2021-04-04 03:37:56,264] {logging_mixin.py:104} INFO - [2021-04-04 03:37:56,264] {dag.py:1818} INFO - Sync 1 DAGs
[2021-04-04 03:37:56,282] {logging_mixin.py:104} INFO - [2021-04-04 03:37:56,282] {dag.py:2273} INFO - Setting next_dagrun for example_branch_dop_operator_v3 to 2021-04-02 00:00:00+00:00
[2021-04-04 03:37:56,291] {scheduler_job.py:190} INFO - Processing /home/prathamesh/PycharmProjects/airflow-project/venv/lib/python3.8/site-packages/airflow/example_dags/example_branch_python_dop_operator_3.py took 0.054 seconds
[2021-04-04 03:38:26,854] {scheduler_job.py:182} INFO - Started process (PID=3329) to work on /home/prathamesh/PycharmProjects/airflow-project/venv/lib/python3.8/site-packages/airflow/example_dags/example_branch_python_dop_operator_3.py
[2021-04-04 03:38:26,854] {scheduler_job.py:629} INFO - Processing file /home/prathamesh/PycharmProjects/airflow-project/venv/lib/python3.8/site-packages/airflow/example_dags/example_branch_python_dop_operator_3.py for tasks to queue
[2021-04-04 03:38:26,855] {logging_mixin.py:104} INFO - [2021-04-04 03:38:26,855] {dagbag.py:448} INFO - Filling up the DagBag from /home/prathamesh/PycharmProjects/airflow-project/venv/lib/python3.8/site-packages/airflow/example_dags/example_branch_python_dop_operator_3.py
[2021-04-04 03:38:26,865] {scheduler_job.py:639} INFO - DAG(s) dict_keys(['example_branch_dop_operator_v3']) retrieved from /home/prathamesh/PycharmProjects/airflow-project/venv/lib/python3.8/site-packages/airflow/example_dags/example_branch_python_dop_operator_3.py
[2021-04-04 03:38:26,873] {logging_mixin.py:104} INFO - [2021-04-04 03:38:26,873] {dag.py:1818} INFO - Sync 1 DAGs
[2021-04-04 03:38:26,892] {logging_mixin.py:104} INFO - [2021-04-04 03:38:26,892] {dag.py:2273} INFO - Setting next_dagrun for example_branch_dop_operator_v3 to 2021-04-02 00:00:00+00:00
[2021-04-04 03:38:26,899] {scheduler_job.py:190} INFO - Processing /home/prathamesh/PycharmProjects/airflow-project/venv/lib/python3.8/site-packages/airflow/example_dags/example_branch_python_dop_operator_3.py took 0.048 seconds
[2021-04-04 03:38:59,180] {scheduler_job.py:182} INFO - Started process (PID=3373) to work on /home/prathamesh/PycharmProjects/airflow-project/venv/lib/python3.8/site-packages/airflow/example_dags/example_branch_python_dop_operator_3.py
[2021-04-04 03:38:59,180] {scheduler_job.py:629} INFO - Processing file /home/prathamesh/PycharmProjects/airflow-project/venv/lib/python3.8/site-packages/airflow/example_dags/example_branch_python_dop_operator_3.py for tasks to queue
[2021-04-04 03:38:59,181] {logging_mixin.py:104} INFO - [2021-04-04 03:38:59,181] {dagbag.py:448} INFO - Filling up the DagBag from /home/prathamesh/PycharmProjects/airflow-project/venv/lib/python3.8/site-packages/airflow/example_dags/example_branch_python_dop_operator_3.py
[2021-04-04 03:38:59,204] {scheduler_job.py:639} INFO - DAG(s) dict_keys(['example_branch_dop_operator_v3']) retrieved from /home/prathamesh/PycharmProjects/airflow-project/venv/lib/python3.8/site-packages/airflow/example_dags/example_branch_python_dop_operator_3.py
[2021-04-04 03:38:59,226] {logging_mixin.py:104} INFO - [2021-04-04 03:38:59,226] {dag.py:1818} INFO - Sync 1 DAGs
[2021-04-04 03:38:59,328] {logging_mixin.py:104} INFO - [2021-04-04 03:38:59,328] {dag.py:2273} INFO - Setting next_dagrun for example_branch_dop_operator_v3 to 2021-04-02 00:00:00+00:00
[2021-04-04 03:38:59,333] {scheduler_job.py:190} INFO - Processing /home/prathamesh/PycharmProjects/airflow-project/venv/lib/python3.8/site-packages/airflow/example_dags/example_branch_python_dop_operator_3.py took 0.156 seconds
[2021-04-04 03:39:29,475] {scheduler_job.py:182} INFO - Started process (PID=3403) to work on /home/prathamesh/PycharmProjects/airflow-project/venv/lib/python3.8/site-packages/airflow/example_dags/example_branch_python_dop_operator_3.py
[2021-04-04 03:39:29,502] {scheduler_job.py:629} INFO - Processing file /home/prathamesh/PycharmProjects/airflow-project/venv/lib/python3.8/site-packages/airflow/example_dags/example_branch_python_dop_operator_3.py for tasks to queue
[2021-04-04 03:39:29,502] {logging_mixin.py:104} INFO - [2021-04-04 03:39:29,502] {dagbag.py:448} INFO - Filling up the DagBag from /home/prathamesh/PycharmProjects/airflow-project/venv/lib/python3.8/site-packages/airflow/example_dags/example_branch_python_dop_operator_3.py
[2021-04-04 03:39:29,554] {scheduler_job.py:639} INFO - DAG(s) dict_keys(['example_branch_dop_operator_v3']) retrieved from /home/prathamesh/PycharmProjects/airflow-project/venv/lib/python3.8/site-packages/airflow/example_dags/example_branch_python_dop_operator_3.py
[2021-04-04 03:39:29,620] {logging_mixin.py:104} INFO - [2021-04-04 03:39:29,620] {dag.py:1818} INFO - Sync 1 DAGs
[2021-04-04 03:39:29,756] {logging_mixin.py:104} INFO - [2021-04-04 03:39:29,756] {dag.py:2273} INFO - Setting next_dagrun for example_branch_dop_operator_v3 to 2021-04-02 00:00:00+00:00
[2021-04-04 03:39:29,772] {scheduler_job.py:190} INFO - Processing /home/prathamesh/PycharmProjects/airflow-project/venv/lib/python3.8/site-packages/airflow/example_dags/example_branch_python_dop_operator_3.py took 0.301 seconds
[2021-04-04 03:40:00,337] {scheduler_job.py:182} INFO - Started process (PID=3433) to work on /home/prathamesh/PycharmProjects/airflow-project/venv/lib/python3.8/site-packages/airflow/example_dags/example_branch_python_dop_operator_3.py
[2021-04-04 03:40:00,367] {scheduler_job.py:629} INFO - Processing file /home/prathamesh/PycharmProjects/airflow-project/venv/lib/python3.8/site-packages/airflow/example_dags/example_branch_python_dop_operator_3.py for tasks to queue
[2021-04-04 03:40:00,367] {logging_mixin.py:104} INFO - [2021-04-04 03:40:00,367] {dagbag.py:448} INFO - Filling up the DagBag from /home/prathamesh/PycharmProjects/airflow-project/venv/lib/python3.8/site-packages/airflow/example_dags/example_branch_python_dop_operator_3.py
[2021-04-04 03:40:00,434] {scheduler_job.py:639} INFO - DAG(s) dict_keys(['example_branch_dop_operator_v3']) retrieved from /home/prathamesh/PycharmProjects/airflow-project/venv/lib/python3.8/site-packages/airflow/example_dags/example_branch_python_dop_operator_3.py
[2021-04-04 03:40:00,476] {logging_mixin.py:104} INFO - [2021-04-04 03:40:00,476] {dag.py:1818} INFO - Sync 1 DAGs
[2021-04-04 03:40:00,533] {logging_mixin.py:104} INFO - [2021-04-04 03:40:00,522] {dag.py:2273} INFO - Setting next_dagrun for example_branch_dop_operator_v3 to 2021-04-02 00:00:00+00:00
[2021-04-04 03:40:00,539] {scheduler_job.py:190} INFO - Processing /home/prathamesh/PycharmProjects/airflow-project/venv/lib/python3.8/site-packages/airflow/example_dags/example_branch_python_dop_operator_3.py took 0.204 seconds
[2021-04-04 03:40:31,732] {scheduler_job.py:182} INFO - Started process (PID=3461) to work on /home/prathamesh/PycharmProjects/airflow-project/venv/lib/python3.8/site-packages/airflow/example_dags/example_branch_python_dop_operator_3.py
[2021-04-04 03:40:31,733] {scheduler_job.py:629} INFO - Processing file /home/prathamesh/PycharmProjects/airflow-project/venv/lib/python3.8/site-packages/airflow/example_dags/example_branch_python_dop_operator_3.py for tasks to queue
[2021-04-04 03:40:31,733] {logging_mixin.py:104} INFO - [2021-04-04 03:40:31,733] {dagbag.py:448} INFO - Filling up the DagBag from /home/prathamesh/PycharmProjects/airflow-project/venv/lib/python3.8/site-packages/airflow/example_dags/example_branch_python_dop_operator_3.py
[2021-04-04 03:40:31,758] {scheduler_job.py:639} INFO - DAG(s) dict_keys(['example_branch_dop_operator_v3']) retrieved from /home/prathamesh/PycharmProjects/airflow-project/venv/lib/python3.8/site-packages/airflow/example_dags/example_branch_python_dop_operator_3.py
[2021-04-04 03:40:31,786] {logging_mixin.py:104} INFO - [2021-04-04 03:40:31,786] {dag.py:1818} INFO - Sync 1 DAGs
[2021-04-04 03:40:31,841] {logging_mixin.py:104} INFO - [2021-04-04 03:40:31,840] {dag.py:2273} INFO - Setting next_dagrun for example_branch_dop_operator_v3 to 2021-04-02 00:00:00+00:00
[2021-04-04 03:40:31,852] {scheduler_job.py:190} INFO - Processing /home/prathamesh/PycharmProjects/airflow-project/venv/lib/python3.8/site-packages/airflow/example_dags/example_branch_python_dop_operator_3.py took 0.145 seconds
[2021-04-04 03:41:02,313] {scheduler_job.py:182} INFO - Started process (PID=3504) to work on /home/prathamesh/PycharmProjects/airflow-project/venv/lib/python3.8/site-packages/airflow/example_dags/example_branch_python_dop_operator_3.py
[2021-04-04 03:41:02,327] {scheduler_job.py:629} INFO - Processing file /home/prathamesh/PycharmProjects/airflow-project/venv/lib/python3.8/site-packages/airflow/example_dags/example_branch_python_dop_operator_3.py for tasks to queue
[2021-04-04 03:41:02,328] {logging_mixin.py:104} INFO - [2021-04-04 03:41:02,328] {dagbag.py:448} INFO - Filling up the DagBag from /home/prathamesh/PycharmProjects/airflow-project/venv/lib/python3.8/site-packages/airflow/example_dags/example_branch_python_dop_operator_3.py
[2021-04-04 03:41:02,335] {scheduler_job.py:639} INFO - DAG(s) dict_keys(['example_branch_dop_operator_v3']) retrieved from /home/prathamesh/PycharmProjects/airflow-project/venv/lib/python3.8/site-packages/airflow/example_dags/example_branch_python_dop_operator_3.py
[2021-04-04 03:41:02,362] {logging_mixin.py:104} INFO - [2021-04-04 03:41:02,362] {dag.py:1818} INFO - Sync 1 DAGs
[2021-04-04 03:41:02,387] {logging_mixin.py:104} INFO - [2021-04-04 03:41:02,387] {dag.py:2273} INFO - Setting next_dagrun for example_branch_dop_operator_v3 to 2021-04-02 00:00:00+00:00
[2021-04-04 03:41:02,404] {scheduler_job.py:190} INFO - Processing /home/prathamesh/PycharmProjects/airflow-project/venv/lib/python3.8/site-packages/airflow/example_dags/example_branch_python_dop_operator_3.py took 0.093 seconds
[2021-04-04 03:41:33,645] {scheduler_job.py:182} INFO - Started process (PID=3564) to work on /home/prathamesh/PycharmProjects/airflow-project/venv/lib/python3.8/site-packages/airflow/example_dags/example_branch_python_dop_operator_3.py
[2021-04-04 03:41:33,646] {scheduler_job.py:629} INFO - Processing file /home/prathamesh/PycharmProjects/airflow-project/venv/lib/python3.8/site-packages/airflow/example_dags/example_branch_python_dop_operator_3.py for tasks to queue
[2021-04-04 03:41:33,647] {logging_mixin.py:104} INFO - [2021-04-04 03:41:33,647] {dagbag.py:448} INFO - Filling up the DagBag from /home/prathamesh/PycharmProjects/airflow-project/venv/lib/python3.8/site-packages/airflow/example_dags/example_branch_python_dop_operator_3.py
[2021-04-04 03:41:33,671] {scheduler_job.py:639} INFO - DAG(s) dict_keys(['example_branch_dop_operator_v3']) retrieved from /home/prathamesh/PycharmProjects/airflow-project/venv/lib/python3.8/site-packages/airflow/example_dags/example_branch_python_dop_operator_3.py
[2021-04-04 03:41:33,735] {logging_mixin.py:104} INFO - [2021-04-04 03:41:33,735] {dag.py:1818} INFO - Sync 1 DAGs
[2021-04-04 03:41:33,809] {logging_mixin.py:104} INFO - [2021-04-04 03:41:33,809] {dag.py:2273} INFO - Setting next_dagrun for example_branch_dop_operator_v3 to 2021-04-02 00:00:00+00:00
[2021-04-04 03:41:33,829] {scheduler_job.py:190} INFO - Processing /home/prathamesh/PycharmProjects/airflow-project/venv/lib/python3.8/site-packages/airflow/example_dags/example_branch_python_dop_operator_3.py took 0.199 seconds
[2021-04-04 03:42:03,958] {scheduler_job.py:182} INFO - Started process (PID=3593) to work on /home/prathamesh/PycharmProjects/airflow-project/venv/lib/python3.8/site-packages/airflow/example_dags/example_branch_python_dop_operator_3.py
[2021-04-04 03:42:03,959] {scheduler_job.py:629} INFO - Processing file /home/prathamesh/PycharmProjects/airflow-project/venv/lib/python3.8/site-packages/airflow/example_dags/example_branch_python_dop_operator_3.py for tasks to queue
[2021-04-04 03:42:03,960] {logging_mixin.py:104} INFO - [2021-04-04 03:42:03,960] {dagbag.py:448} INFO - Filling up the DagBag from /home/prathamesh/PycharmProjects/airflow-project/venv/lib/python3.8/site-packages/airflow/example_dags/example_branch_python_dop_operator_3.py
[2021-04-04 03:42:03,983] {scheduler_job.py:639} INFO - DAG(s) dict_keys(['example_branch_dop_operator_v3']) retrieved from /home/prathamesh/PycharmProjects/airflow-project/venv/lib/python3.8/site-packages/airflow/example_dags/example_branch_python_dop_operator_3.py
[2021-04-04 03:42:04,048] {logging_mixin.py:104} INFO - [2021-04-04 03:42:04,048] {dag.py:1818} INFO - Sync 1 DAGs
[2021-04-04 03:42:04,077] {logging_mixin.py:104} INFO - [2021-04-04 03:42:04,077] {dag.py:2273} INFO - Setting next_dagrun for example_branch_dop_operator_v3 to 2021-04-02 00:00:00+00:00
[2021-04-04 03:42:04,095] {scheduler_job.py:190} INFO - Processing /home/prathamesh/PycharmProjects/airflow-project/venv/lib/python3.8/site-packages/airflow/example_dags/example_branch_python_dop_operator_3.py took 0.140 seconds
[2021-04-04 03:42:36,073] {scheduler_job.py:182} INFO - Started process (PID=3633) to work on /home/prathamesh/PycharmProjects/airflow-project/venv/lib/python3.8/site-packages/airflow/example_dags/example_branch_python_dop_operator_3.py
[2021-04-04 03:42:36,074] {scheduler_job.py:629} INFO - Processing file /home/prathamesh/PycharmProjects/airflow-project/venv/lib/python3.8/site-packages/airflow/example_dags/example_branch_python_dop_operator_3.py for tasks to queue
[2021-04-04 03:42:36,075] {logging_mixin.py:104} INFO - [2021-04-04 03:42:36,075] {dagbag.py:448} INFO - Filling up the DagBag from /home/prathamesh/PycharmProjects/airflow-project/venv/lib/python3.8/site-packages/airflow/example_dags/example_branch_python_dop_operator_3.py
[2021-04-04 03:42:36,113] {scheduler_job.py:639} INFO - DAG(s) dict_keys(['example_branch_dop_operator_v3']) retrieved from /home/prathamesh/PycharmProjects/airflow-project/venv/lib/python3.8/site-packages/airflow/example_dags/example_branch_python_dop_operator_3.py
[2021-04-04 03:42:36,154] {logging_mixin.py:104} INFO - [2021-04-04 03:42:36,154] {dag.py:1818} INFO - Sync 1 DAGs
[2021-04-04 03:42:36,208] {logging_mixin.py:104} INFO - [2021-04-04 03:42:36,208] {dag.py:2273} INFO - Setting next_dagrun for example_branch_dop_operator_v3 to 2021-04-02 00:00:00+00:00
[2021-04-04 03:42:36,217] {scheduler_job.py:190} INFO - Processing /home/prathamesh/PycharmProjects/airflow-project/venv/lib/python3.8/site-packages/airflow/example_dags/example_branch_python_dop_operator_3.py took 0.147 seconds
[2021-04-04 03:43:06,971] {scheduler_job.py:182} INFO - Started process (PID=3671) to work on /home/prathamesh/PycharmProjects/airflow-project/venv/lib/python3.8/site-packages/airflow/example_dags/example_branch_python_dop_operator_3.py
[2021-04-04 03:43:06,972] {scheduler_job.py:629} INFO - Processing file /home/prathamesh/PycharmProjects/airflow-project/venv/lib/python3.8/site-packages/airflow/example_dags/example_branch_python_dop_operator_3.py for tasks to queue
[2021-04-04 03:43:06,973] {logging_mixin.py:104} INFO - [2021-04-04 03:43:06,973] {dagbag.py:448} INFO - Filling up the DagBag from /home/prathamesh/PycharmProjects/airflow-project/venv/lib/python3.8/site-packages/airflow/example_dags/example_branch_python_dop_operator_3.py
[2021-04-04 03:43:06,993] {scheduler_job.py:639} INFO - DAG(s) dict_keys(['example_branch_dop_operator_v3']) retrieved from /home/prathamesh/PycharmProjects/airflow-project/venv/lib/python3.8/site-packages/airflow/example_dags/example_branch_python_dop_operator_3.py
[2021-04-04 03:43:07,026] {logging_mixin.py:104} INFO - [2021-04-04 03:43:07,026] {dag.py:1818} INFO - Sync 1 DAGs
[2021-04-04 03:43:07,058] {logging_mixin.py:104} INFO - [2021-04-04 03:43:07,057] {dag.py:2273} INFO - Setting next_dagrun for example_branch_dop_operator_v3 to 2021-04-02 00:00:00+00:00
[2021-04-04 03:43:07,073] {scheduler_job.py:190} INFO - Processing /home/prathamesh/PycharmProjects/airflow-project/venv/lib/python3.8/site-packages/airflow/example_dags/example_branch_python_dop_operator_3.py took 0.104 seconds
[2021-04-04 03:43:37,600] {scheduler_job.py:182} INFO - Started process (PID=3713) to work on /home/prathamesh/PycharmProjects/airflow-project/venv/lib/python3.8/site-packages/airflow/example_dags/example_branch_python_dop_operator_3.py
[2021-04-04 03:43:37,600] {scheduler_job.py:629} INFO - Processing file /home/prathamesh/PycharmProjects/airflow-project/venv/lib/python3.8/site-packages/airflow/example_dags/example_branch_python_dop_operator_3.py for tasks to queue
[2021-04-04 03:43:37,601] {logging_mixin.py:104} INFO - [2021-04-04 03:43:37,601] {dagbag.py:448} INFO - Filling up the DagBag from /home/prathamesh/PycharmProjects/airflow-project/venv/lib/python3.8/site-packages/airflow/example_dags/example_branch_python_dop_operator_3.py
[2021-04-04 03:43:37,610] {scheduler_job.py:639} INFO - DAG(s) dict_keys(['example_branch_dop_operator_v3']) retrieved from /home/prathamesh/PycharmProjects/airflow-project/venv/lib/python3.8/site-packages/airflow/example_dags/example_branch_python_dop_operator_3.py
[2021-04-04 03:43:37,621] {logging_mixin.py:104} INFO - [2021-04-04 03:43:37,621] {dag.py:1818} INFO - Sync 1 DAGs
[2021-04-04 03:43:37,646] {logging_mixin.py:104} INFO - [2021-04-04 03:43:37,645] {dag.py:2273} INFO - Setting next_dagrun for example_branch_dop_operator_v3 to 2021-04-02 00:00:00+00:00
[2021-04-04 03:43:37,650] {scheduler_job.py:190} INFO - Processing /home/prathamesh/PycharmProjects/airflow-project/venv/lib/python3.8/site-packages/airflow/example_dags/example_branch_python_dop_operator_3.py took 0.053 seconds
[2021-04-04 03:44:08,061] {scheduler_job.py:182} INFO - Started process (PID=3744) to work on /home/prathamesh/PycharmProjects/airflow-project/venv/lib/python3.8/site-packages/airflow/example_dags/example_branch_python_dop_operator_3.py
[2021-04-04 03:44:08,062] {scheduler_job.py:629} INFO - Processing file /home/prathamesh/PycharmProjects/airflow-project/venv/lib/python3.8/site-packages/airflow/example_dags/example_branch_python_dop_operator_3.py for tasks to queue
[2021-04-04 03:44:08,062] {logging_mixin.py:104} INFO - [2021-04-04 03:44:08,062] {dagbag.py:448} INFO - Filling up the DagBag from /home/prathamesh/PycharmProjects/airflow-project/venv/lib/python3.8/site-packages/airflow/example_dags/example_branch_python_dop_operator_3.py
[2021-04-04 03:44:08,084] {scheduler_job.py:639} INFO - DAG(s) dict_keys(['example_branch_dop_operator_v3']) retrieved from /home/prathamesh/PycharmProjects/airflow-project/venv/lib/python3.8/site-packages/airflow/example_dags/example_branch_python_dop_operator_3.py
[2021-04-04 03:44:08,104] {logging_mixin.py:104} INFO - [2021-04-04 03:44:08,104] {dag.py:1818} INFO - Sync 1 DAGs
[2021-04-04 03:44:08,132] {logging_mixin.py:104} INFO - [2021-04-04 03:44:08,132] {dag.py:2273} INFO - Setting next_dagrun for example_branch_dop_operator_v3 to 2021-04-02 00:00:00+00:00
[2021-04-04 03:44:08,150] {scheduler_job.py:190} INFO - Processing /home/prathamesh/PycharmProjects/airflow-project/venv/lib/python3.8/site-packages/airflow/example_dags/example_branch_python_dop_operator_3.py took 0.092 seconds
[2021-04-04 03:44:38,498] {scheduler_job.py:182} INFO - Started process (PID=3772) to work on /home/prathamesh/PycharmProjects/airflow-project/venv/lib/python3.8/site-packages/airflow/example_dags/example_branch_python_dop_operator_3.py
[2021-04-04 03:44:38,498] {scheduler_job.py:629} INFO - Processing file /home/prathamesh/PycharmProjects/airflow-project/venv/lib/python3.8/site-packages/airflow/example_dags/example_branch_python_dop_operator_3.py for tasks to queue
[2021-04-04 03:44:38,499] {logging_mixin.py:104} INFO - [2021-04-04 03:44:38,499] {dagbag.py:448} INFO - Filling up the DagBag from /home/prathamesh/PycharmProjects/airflow-project/venv/lib/python3.8/site-packages/airflow/example_dags/example_branch_python_dop_operator_3.py
[2021-04-04 03:44:38,510] {scheduler_job.py:639} INFO - DAG(s) dict_keys(['example_branch_dop_operator_v3']) retrieved from /home/prathamesh/PycharmProjects/airflow-project/venv/lib/python3.8/site-packages/airflow/example_dags/example_branch_python_dop_operator_3.py
[2021-04-04 03:44:38,530] {logging_mixin.py:104} INFO - [2021-04-04 03:44:38,530] {dag.py:1818} INFO - Sync 1 DAGs
[2021-04-04 03:44:38,554] {logging_mixin.py:104} INFO - [2021-04-04 03:44:38,554] {dag.py:2273} INFO - Setting next_dagrun for example_branch_dop_operator_v3 to 2021-04-02 00:00:00+00:00
[2021-04-04 03:44:38,562] {scheduler_job.py:190} INFO - Processing /home/prathamesh/PycharmProjects/airflow-project/venv/lib/python3.8/site-packages/airflow/example_dags/example_branch_python_dop_operator_3.py took 0.071 seconds
[2021-04-04 03:45:09,320] {scheduler_job.py:182} INFO - Started process (PID=3896) to work on /home/prathamesh/PycharmProjects/airflow-project/venv/lib/python3.8/site-packages/airflow/example_dags/example_branch_python_dop_operator_3.py
[2021-04-04 03:45:09,324] {scheduler_job.py:629} INFO - Processing file /home/prathamesh/PycharmProjects/airflow-project/venv/lib/python3.8/site-packages/airflow/example_dags/example_branch_python_dop_operator_3.py for tasks to queue
[2021-04-04 03:45:09,325] {logging_mixin.py:104} INFO - [2021-04-04 03:45:09,325] {dagbag.py:448} INFO - Filling up the DagBag from /home/prathamesh/PycharmProjects/airflow-project/venv/lib/python3.8/site-packages/airflow/example_dags/example_branch_python_dop_operator_3.py
[2021-04-04 03:45:09,332] {scheduler_job.py:639} INFO - DAG(s) dict_keys(['example_branch_dop_operator_v3']) retrieved from /home/prathamesh/PycharmProjects/airflow-project/venv/lib/python3.8/site-packages/airflow/example_dags/example_branch_python_dop_operator_3.py
[2021-04-04 03:45:09,340] {logging_mixin.py:104} INFO - [2021-04-04 03:45:09,340] {dag.py:1818} INFO - Sync 1 DAGs
[2021-04-04 03:45:09,356] {logging_mixin.py:104} INFO - [2021-04-04 03:45:09,356] {dag.py:2273} INFO - Setting next_dagrun for example_branch_dop_operator_v3 to 2021-04-02 00:00:00+00:00
[2021-04-04 03:45:09,360] {scheduler_job.py:190} INFO - Processing /home/prathamesh/PycharmProjects/airflow-project/venv/lib/python3.8/site-packages/airflow/example_dags/example_branch_python_dop_operator_3.py took 0.042 seconds
[2021-04-04 03:54:11,105] {scheduler_job.py:182} INFO - Started process (PID=4544) to work on /home/prathamesh/PycharmProjects/airflow-project/venv/lib/python3.8/site-packages/airflow/example_dags/example_branch_python_dop_operator_3.py
[2021-04-04 03:54:11,117] {scheduler_job.py:629} INFO - Processing file /home/prathamesh/PycharmProjects/airflow-project/venv/lib/python3.8/site-packages/airflow/example_dags/example_branch_python_dop_operator_3.py for tasks to queue
[2021-04-04 03:54:11,117] {logging_mixin.py:104} INFO - [2021-04-04 03:54:11,117] {dagbag.py:448} INFO - Filling up the DagBag from /home/prathamesh/PycharmProjects/airflow-project/venv/lib/python3.8/site-packages/airflow/example_dags/example_branch_python_dop_operator_3.py
[2021-04-04 03:54:11,150] {scheduler_job.py:639} INFO - DAG(s) dict_keys(['example_branch_dop_operator_v3']) retrieved from /home/prathamesh/PycharmProjects/airflow-project/venv/lib/python3.8/site-packages/airflow/example_dags/example_branch_python_dop_operator_3.py
[2021-04-04 03:54:11,185] {logging_mixin.py:104} INFO - [2021-04-04 03:54:11,185] {dag.py:1818} INFO - Sync 1 DAGs
[2021-04-04 03:54:11,283] {logging_mixin.py:104} INFO - [2021-04-04 03:54:11,283] {dag.py:2273} INFO - Setting next_dagrun for example_branch_dop_operator_v3 to 2021-04-02 00:00:00+00:00
[2021-04-04 03:54:11,296] {scheduler_job.py:190} INFO - Processing /home/prathamesh/PycharmProjects/airflow-project/venv/lib/python3.8/site-packages/airflow/example_dags/example_branch_python_dop_operator_3.py took 0.193 seconds
[2021-04-04 03:54:42,294] {scheduler_job.py:182} INFO - Started process (PID=4572) to work on /home/prathamesh/PycharmProjects/airflow-project/venv/lib/python3.8/site-packages/airflow/example_dags/example_branch_python_dop_operator_3.py
[2021-04-04 03:54:42,296] {scheduler_job.py:629} INFO - Processing file /home/prathamesh/PycharmProjects/airflow-project/venv/lib/python3.8/site-packages/airflow/example_dags/example_branch_python_dop_operator_3.py for tasks to queue
[2021-04-04 03:54:42,296] {logging_mixin.py:104} INFO - [2021-04-04 03:54:42,296] {dagbag.py:448} INFO - Filling up the DagBag from /home/prathamesh/PycharmProjects/airflow-project/venv/lib/python3.8/site-packages/airflow/example_dags/example_branch_python_dop_operator_3.py
[2021-04-04 03:54:42,309] {scheduler_job.py:639} INFO - DAG(s) dict_keys(['example_branch_dop_operator_v3']) retrieved from /home/prathamesh/PycharmProjects/airflow-project/venv/lib/python3.8/site-packages/airflow/example_dags/example_branch_python_dop_operator_3.py
[2021-04-04 03:54:42,320] {logging_mixin.py:104} INFO - [2021-04-04 03:54:42,320] {dag.py:1818} INFO - Sync 1 DAGs
[2021-04-04 03:54:42,338] {logging_mixin.py:104} INFO - [2021-04-04 03:54:42,337] {dag.py:2273} INFO - Setting next_dagrun for example_branch_dop_operator_v3 to 2021-04-02 00:00:00+00:00
[2021-04-04 03:54:42,343] {scheduler_job.py:190} INFO - Processing /home/prathamesh/PycharmProjects/airflow-project/venv/lib/python3.8/site-packages/airflow/example_dags/example_branch_python_dop_operator_3.py took 0.051 seconds
[2021-04-04 03:55:13,228] {scheduler_job.py:182} INFO - Started process (PID=4600) to work on /home/prathamesh/PycharmProjects/airflow-project/venv/lib/python3.8/site-packages/airflow/example_dags/example_branch_python_dop_operator_3.py
[2021-04-04 03:55:13,230] {scheduler_job.py:629} INFO - Processing file /home/prathamesh/PycharmProjects/airflow-project/venv/lib/python3.8/site-packages/airflow/example_dags/example_branch_python_dop_operator_3.py for tasks to queue
[2021-04-04 03:55:13,231] {logging_mixin.py:104} INFO - [2021-04-04 03:55:13,230] {dagbag.py:448} INFO - Filling up the DagBag from /home/prathamesh/PycharmProjects/airflow-project/venv/lib/python3.8/site-packages/airflow/example_dags/example_branch_python_dop_operator_3.py
[2021-04-04 03:55:13,242] {scheduler_job.py:639} INFO - DAG(s) dict_keys(['example_branch_dop_operator_v3']) retrieved from /home/prathamesh/PycharmProjects/airflow-project/venv/lib/python3.8/site-packages/airflow/example_dags/example_branch_python_dop_operator_3.py
[2021-04-04 03:55:13,253] {logging_mixin.py:104} INFO - [2021-04-04 03:55:13,252] {dag.py:1818} INFO - Sync 1 DAGs
[2021-04-04 03:55:13,271] {logging_mixin.py:104} INFO - [2021-04-04 03:55:13,271] {dag.py:2273} INFO - Setting next_dagrun for example_branch_dop_operator_v3 to 2021-04-02 00:00:00+00:00
[2021-04-04 03:55:13,279] {scheduler_job.py:190} INFO - Processing /home/prathamesh/PycharmProjects/airflow-project/venv/lib/python3.8/site-packages/airflow/example_dags/example_branch_python_dop_operator_3.py took 0.055 seconds
[2021-04-04 03:55:44,227] {scheduler_job.py:182} INFO - Started process (PID=4633) to work on /home/prathamesh/PycharmProjects/airflow-project/venv/lib/python3.8/site-packages/airflow/example_dags/example_branch_python_dop_operator_3.py
[2021-04-04 03:55:44,229] {scheduler_job.py:629} INFO - Processing file /home/prathamesh/PycharmProjects/airflow-project/venv/lib/python3.8/site-packages/airflow/example_dags/example_branch_python_dop_operator_3.py for tasks to queue
[2021-04-04 03:55:44,230] {logging_mixin.py:104} INFO - [2021-04-04 03:55:44,230] {dagbag.py:448} INFO - Filling up the DagBag from /home/prathamesh/PycharmProjects/airflow-project/venv/lib/python3.8/site-packages/airflow/example_dags/example_branch_python_dop_operator_3.py
[2021-04-04 03:55:44,244] {scheduler_job.py:639} INFO - DAG(s) dict_keys(['example_branch_dop_operator_v3']) retrieved from /home/prathamesh/PycharmProjects/airflow-project/venv/lib/python3.8/site-packages/airflow/example_dags/example_branch_python_dop_operator_3.py
[2021-04-04 03:55:44,257] {logging_mixin.py:104} INFO - [2021-04-04 03:55:44,257] {dag.py:1818} INFO - Sync 1 DAGs
[2021-04-04 03:55:44,283] {logging_mixin.py:104} INFO - [2021-04-04 03:55:44,283] {dag.py:2273} INFO - Setting next_dagrun for example_branch_dop_operator_v3 to 2021-04-02 00:00:00+00:00
[2021-04-04 03:55:44,288] {scheduler_job.py:190} INFO - Processing /home/prathamesh/PycharmProjects/airflow-project/venv/lib/python3.8/site-packages/airflow/example_dags/example_branch_python_dop_operator_3.py took 0.066 seconds
[2021-04-04 03:56:15,051] {scheduler_job.py:182} INFO - Started process (PID=4684) to work on /home/prathamesh/PycharmProjects/airflow-project/venv/lib/python3.8/site-packages/airflow/example_dags/example_branch_python_dop_operator_3.py
[2021-04-04 03:56:15,052] {scheduler_job.py:629} INFO - Processing file /home/prathamesh/PycharmProjects/airflow-project/venv/lib/python3.8/site-packages/airflow/example_dags/example_branch_python_dop_operator_3.py for tasks to queue
[2021-04-04 03:56:15,053] {logging_mixin.py:104} INFO - [2021-04-04 03:56:15,052] {dagbag.py:448} INFO - Filling up the DagBag from /home/prathamesh/PycharmProjects/airflow-project/venv/lib/python3.8/site-packages/airflow/example_dags/example_branch_python_dop_operator_3.py
[2021-04-04 03:56:15,070] {scheduler_job.py:639} INFO - DAG(s) dict_keys(['example_branch_dop_operator_v3']) retrieved from /home/prathamesh/PycharmProjects/airflow-project/venv/lib/python3.8/site-packages/airflow/example_dags/example_branch_python_dop_operator_3.py
[2021-04-04 03:56:15,080] {logging_mixin.py:104} INFO - [2021-04-04 03:56:15,080] {dag.py:1818} INFO - Sync 1 DAGs
[2021-04-04 03:56:15,097] {logging_mixin.py:104} INFO - [2021-04-04 03:56:15,097] {dag.py:2273} INFO - Setting next_dagrun for example_branch_dop_operator_v3 to 2021-04-02 00:00:00+00:00
[2021-04-04 03:56:15,102] {scheduler_job.py:190} INFO - Processing /home/prathamesh/PycharmProjects/airflow-project/venv/lib/python3.8/site-packages/airflow/example_dags/example_branch_python_dop_operator_3.py took 0.054 seconds
[2021-04-04 03:56:45,344] {scheduler_job.py:182} INFO - Started process (PID=4721) to work on /home/prathamesh/PycharmProjects/airflow-project/venv/lib/python3.8/site-packages/airflow/example_dags/example_branch_python_dop_operator_3.py
[2021-04-04 03:56:45,344] {scheduler_job.py:629} INFO - Processing file /home/prathamesh/PycharmProjects/airflow-project/venv/lib/python3.8/site-packages/airflow/example_dags/example_branch_python_dop_operator_3.py for tasks to queue
[2021-04-04 03:56:45,345] {logging_mixin.py:104} INFO - [2021-04-04 03:56:45,345] {dagbag.py:448} INFO - Filling up the DagBag from /home/prathamesh/PycharmProjects/airflow-project/venv/lib/python3.8/site-packages/airflow/example_dags/example_branch_python_dop_operator_3.py
[2021-04-04 03:56:45,367] {scheduler_job.py:639} INFO - DAG(s) dict_keys(['example_branch_dop_operator_v3']) retrieved from /home/prathamesh/PycharmProjects/airflow-project/venv/lib/python3.8/site-packages/airflow/example_dags/example_branch_python_dop_operator_3.py
[2021-04-04 03:56:45,393] {logging_mixin.py:104} INFO - [2021-04-04 03:56:45,393] {dag.py:1818} INFO - Sync 1 DAGs
[2021-04-04 03:56:45,433] {logging_mixin.py:104} INFO - [2021-04-04 03:56:45,433] {dag.py:2273} INFO - Setting next_dagrun for example_branch_dop_operator_v3 to 2021-04-02 00:00:00+00:00
[2021-04-04 03:56:45,438] {scheduler_job.py:190} INFO - Processing /home/prathamesh/PycharmProjects/airflow-project/venv/lib/python3.8/site-packages/airflow/example_dags/example_branch_python_dop_operator_3.py took 0.096 seconds
[2021-04-04 03:57:15,757] {scheduler_job.py:182} INFO - Started process (PID=4749) to work on /home/prathamesh/PycharmProjects/airflow-project/venv/lib/python3.8/site-packages/airflow/example_dags/example_branch_python_dop_operator_3.py
[2021-04-04 03:57:15,758] {scheduler_job.py:629} INFO - Processing file /home/prathamesh/PycharmProjects/airflow-project/venv/lib/python3.8/site-packages/airflow/example_dags/example_branch_python_dop_operator_3.py for tasks to queue
[2021-04-04 03:57:15,758] {logging_mixin.py:104} INFO - [2021-04-04 03:57:15,758] {dagbag.py:448} INFO - Filling up the DagBag from /home/prathamesh/PycharmProjects/airflow-project/venv/lib/python3.8/site-packages/airflow/example_dags/example_branch_python_dop_operator_3.py
[2021-04-04 03:57:15,785] {scheduler_job.py:639} INFO - DAG(s) dict_keys(['example_branch_dop_operator_v3']) retrieved from /home/prathamesh/PycharmProjects/airflow-project/venv/lib/python3.8/site-packages/airflow/example_dags/example_branch_python_dop_operator_3.py
[2021-04-04 03:57:15,813] {logging_mixin.py:104} INFO - [2021-04-04 03:57:15,813] {dag.py:1818} INFO - Sync 1 DAGs
[2021-04-04 03:57:15,856] {logging_mixin.py:104} INFO - [2021-04-04 03:57:15,856] {dag.py:2273} INFO - Setting next_dagrun for example_branch_dop_operator_v3 to 2021-04-02 00:00:00+00:00
[2021-04-04 03:57:15,864] {scheduler_job.py:190} INFO - Processing /home/prathamesh/PycharmProjects/airflow-project/venv/lib/python3.8/site-packages/airflow/example_dags/example_branch_python_dop_operator_3.py took 0.112 seconds
[2021-04-04 03:57:46,152] {scheduler_job.py:182} INFO - Started process (PID=4779) to work on /home/prathamesh/PycharmProjects/airflow-project/venv/lib/python3.8/site-packages/airflow/example_dags/example_branch_python_dop_operator_3.py
[2021-04-04 03:57:46,153] {scheduler_job.py:629} INFO - Processing file /home/prathamesh/PycharmProjects/airflow-project/venv/lib/python3.8/site-packages/airflow/example_dags/example_branch_python_dop_operator_3.py for tasks to queue
[2021-04-04 03:57:46,154] {logging_mixin.py:104} INFO - [2021-04-04 03:57:46,154] {dagbag.py:448} INFO - Filling up the DagBag from /home/prathamesh/PycharmProjects/airflow-project/venv/lib/python3.8/site-packages/airflow/example_dags/example_branch_python_dop_operator_3.py
[2021-04-04 03:57:46,163] {scheduler_job.py:639} INFO - DAG(s) dict_keys(['example_branch_dop_operator_v3']) retrieved from /home/prathamesh/PycharmProjects/airflow-project/venv/lib/python3.8/site-packages/airflow/example_dags/example_branch_python_dop_operator_3.py
[2021-04-04 03:57:46,173] {logging_mixin.py:104} INFO - [2021-04-04 03:57:46,173] {dag.py:1818} INFO - Sync 1 DAGs
[2021-04-04 03:57:46,190] {logging_mixin.py:104} INFO - [2021-04-04 03:57:46,190] {dag.py:2273} INFO - Setting next_dagrun for example_branch_dop_operator_v3 to 2021-04-02 00:00:00+00:00
[2021-04-04 03:57:46,200] {scheduler_job.py:190} INFO - Processing /home/prathamesh/PycharmProjects/airflow-project/venv/lib/python3.8/site-packages/airflow/example_dags/example_branch_python_dop_operator_3.py took 0.051 seconds
[2021-04-04 03:58:16,540] {scheduler_job.py:182} INFO - Started process (PID=4809) to work on /home/prathamesh/PycharmProjects/airflow-project/venv/lib/python3.8/site-packages/airflow/example_dags/example_branch_python_dop_operator_3.py
[2021-04-04 03:58:16,542] {scheduler_job.py:629} INFO - Processing file /home/prathamesh/PycharmProjects/airflow-project/venv/lib/python3.8/site-packages/airflow/example_dags/example_branch_python_dop_operator_3.py for tasks to queue
[2021-04-04 03:58:16,542] {logging_mixin.py:104} INFO - [2021-04-04 03:58:16,542] {dagbag.py:448} INFO - Filling up the DagBag from /home/prathamesh/PycharmProjects/airflow-project/venv/lib/python3.8/site-packages/airflow/example_dags/example_branch_python_dop_operator_3.py
[2021-04-04 03:58:16,553] {scheduler_job.py:639} INFO - DAG(s) dict_keys(['example_branch_dop_operator_v3']) retrieved from /home/prathamesh/PycharmProjects/airflow-project/venv/lib/python3.8/site-packages/airflow/example_dags/example_branch_python_dop_operator_3.py
[2021-04-04 03:58:16,565] {logging_mixin.py:104} INFO - [2021-04-04 03:58:16,565] {dag.py:1818} INFO - Sync 1 DAGs
[2021-04-04 03:58:16,584] {logging_mixin.py:104} INFO - [2021-04-04 03:58:16,584] {dag.py:2273} INFO - Setting next_dagrun for example_branch_dop_operator_v3 to 2021-04-02 00:00:00+00:00
[2021-04-04 03:58:16,589] {scheduler_job.py:190} INFO - Processing /home/prathamesh/PycharmProjects/airflow-project/venv/lib/python3.8/site-packages/airflow/example_dags/example_branch_python_dop_operator_3.py took 0.051 seconds
[2021-04-04 04:07:54,309] {scheduler_job.py:182} INFO - Started process (PID=4978) to work on /home/prathamesh/PycharmProjects/airflow-project/venv/lib/python3.8/site-packages/airflow/example_dags/example_branch_python_dop_operator_3.py
[2021-04-04 04:07:54,310] {scheduler_job.py:629} INFO - Processing file /home/prathamesh/PycharmProjects/airflow-project/venv/lib/python3.8/site-packages/airflow/example_dags/example_branch_python_dop_operator_3.py for tasks to queue
[2021-04-04 04:07:54,310] {logging_mixin.py:104} INFO - [2021-04-04 04:07:54,310] {dagbag.py:448} INFO - Filling up the DagBag from /home/prathamesh/PycharmProjects/airflow-project/venv/lib/python3.8/site-packages/airflow/example_dags/example_branch_python_dop_operator_3.py
[2021-04-04 04:07:54,341] {scheduler_job.py:639} INFO - DAG(s) dict_keys(['example_branch_dop_operator_v3']) retrieved from /home/prathamesh/PycharmProjects/airflow-project/venv/lib/python3.8/site-packages/airflow/example_dags/example_branch_python_dop_operator_3.py
[2021-04-04 04:07:54,359] {logging_mixin.py:104} INFO - [2021-04-04 04:07:54,358] {dag.py:1818} INFO - Sync 1 DAGs
[2021-04-04 04:07:54,380] {logging_mixin.py:104} INFO - [2021-04-04 04:07:54,379] {dag.py:2273} INFO - Setting next_dagrun for example_branch_dop_operator_v3 to 2021-04-02 00:00:00+00:00
[2021-04-04 04:07:54,396] {scheduler_job.py:190} INFO - Processing /home/prathamesh/PycharmProjects/airflow-project/venv/lib/python3.8/site-packages/airflow/example_dags/example_branch_python_dop_operator_3.py took 0.088 seconds
[2021-04-04 04:08:25,107] {scheduler_job.py:182} INFO - Started process (PID=5019) to work on /home/prathamesh/PycharmProjects/airflow-project/venv/lib/python3.8/site-packages/airflow/example_dags/example_branch_python_dop_operator_3.py
[2021-04-04 04:08:25,110] {scheduler_job.py:629} INFO - Processing file /home/prathamesh/PycharmProjects/airflow-project/venv/lib/python3.8/site-packages/airflow/example_dags/example_branch_python_dop_operator_3.py for tasks to queue
[2021-04-04 04:08:25,132] {logging_mixin.py:104} INFO - [2021-04-04 04:08:25,132] {dagbag.py:448} INFO - Filling up the DagBag from /home/prathamesh/PycharmProjects/airflow-project/venv/lib/python3.8/site-packages/airflow/example_dags/example_branch_python_dop_operator_3.py
[2021-04-04 04:08:25,204] {scheduler_job.py:639} INFO - DAG(s) dict_keys(['example_branch_dop_operator_v3']) retrieved from /home/prathamesh/PycharmProjects/airflow-project/venv/lib/python3.8/site-packages/airflow/example_dags/example_branch_python_dop_operator_3.py
[2021-04-04 04:08:25,236] {logging_mixin.py:104} INFO - [2021-04-04 04:08:25,236] {dag.py:1818} INFO - Sync 1 DAGs
[2021-04-04 04:08:25,324] {logging_mixin.py:104} INFO - [2021-04-04 04:08:25,300] {dag.py:2273} INFO - Setting next_dagrun for example_branch_dop_operator_v3 to 2021-04-02 00:00:00+00:00
[2021-04-04 04:08:25,331] {scheduler_job.py:190} INFO - Processing /home/prathamesh/PycharmProjects/airflow-project/venv/lib/python3.8/site-packages/airflow/example_dags/example_branch_python_dop_operator_3.py took 0.266 seconds
[2021-04-04 04:08:57,004] {scheduler_job.py:182} INFO - Started process (PID=5047) to work on /home/prathamesh/PycharmProjects/airflow-project/venv/lib/python3.8/site-packages/airflow/example_dags/example_branch_python_dop_operator_3.py
[2021-04-04 04:08:57,007] {scheduler_job.py:629} INFO - Processing file /home/prathamesh/PycharmProjects/airflow-project/venv/lib/python3.8/site-packages/airflow/example_dags/example_branch_python_dop_operator_3.py for tasks to queue
[2021-04-04 04:08:57,008] {logging_mixin.py:104} INFO - [2021-04-04 04:08:57,008] {dagbag.py:448} INFO - Filling up the DagBag from /home/prathamesh/PycharmProjects/airflow-project/venv/lib/python3.8/site-packages/airflow/example_dags/example_branch_python_dop_operator_3.py
[2021-04-04 04:08:57,044] {scheduler_job.py:639} INFO - DAG(s) dict_keys(['example_branch_dop_operator_v3']) retrieved from /home/prathamesh/PycharmProjects/airflow-project/venv/lib/python3.8/site-packages/airflow/example_dags/example_branch_python_dop_operator_3.py
[2021-04-04 04:08:57,057] {logging_mixin.py:104} INFO - [2021-04-04 04:08:57,057] {dag.py:1818} INFO - Sync 1 DAGs
[2021-04-04 04:08:57,079] {logging_mixin.py:104} INFO - [2021-04-04 04:08:57,079] {dag.py:2273} INFO - Setting next_dagrun for example_branch_dop_operator_v3 to 2021-04-02 00:00:00+00:00
[2021-04-04 04:08:57,083] {scheduler_job.py:190} INFO - Processing /home/prathamesh/PycharmProjects/airflow-project/venv/lib/python3.8/site-packages/airflow/example_dags/example_branch_python_dop_operator_3.py took 0.083 seconds
[2021-04-04 04:09:31,106] {scheduler_job.py:182} INFO - Started process (PID=5089) to work on /home/prathamesh/PycharmProjects/airflow-project/venv/lib/python3.8/site-packages/airflow/example_dags/example_branch_python_dop_operator_3.py
[2021-04-04 04:09:31,106] {scheduler_job.py:629} INFO - Processing file /home/prathamesh/PycharmProjects/airflow-project/venv/lib/python3.8/site-packages/airflow/example_dags/example_branch_python_dop_operator_3.py for tasks to queue
[2021-04-04 04:09:31,107] {logging_mixin.py:104} INFO - [2021-04-04 04:09:31,107] {dagbag.py:448} INFO - Filling up the DagBag from /home/prathamesh/PycharmProjects/airflow-project/venv/lib/python3.8/site-packages/airflow/example_dags/example_branch_python_dop_operator_3.py
[2021-04-04 04:09:31,115] {scheduler_job.py:639} INFO - DAG(s) dict_keys(['example_branch_dop_operator_v3']) retrieved from /home/prathamesh/PycharmProjects/airflow-project/venv/lib/python3.8/site-packages/airflow/example_dags/example_branch_python_dop_operator_3.py
[2021-04-04 04:09:31,124] {logging_mixin.py:104} INFO - [2021-04-04 04:09:31,124] {dag.py:1818} INFO - Sync 1 DAGs
[2021-04-04 04:09:31,139] {logging_mixin.py:104} INFO - [2021-04-04 04:09:31,139] {dag.py:2273} INFO - Setting next_dagrun for example_branch_dop_operator_v3 to 2021-04-02 00:00:00+00:00
[2021-04-04 04:09:31,145] {scheduler_job.py:190} INFO - Processing /home/prathamesh/PycharmProjects/airflow-project/venv/lib/python3.8/site-packages/airflow/example_dags/example_branch_python_dop_operator_3.py took 0.042 seconds
[2021-04-04 04:10:01,941] {scheduler_job.py:182} INFO - Started process (PID=5123) to work on /home/prathamesh/PycharmProjects/airflow-project/venv/lib/python3.8/site-packages/airflow/example_dags/example_branch_python_dop_operator_3.py
[2021-04-04 04:10:01,942] {scheduler_job.py:629} INFO - Processing file /home/prathamesh/PycharmProjects/airflow-project/venv/lib/python3.8/site-packages/airflow/example_dags/example_branch_python_dop_operator_3.py for tasks to queue
[2021-04-04 04:10:01,942] {logging_mixin.py:104} INFO - [2021-04-04 04:10:01,942] {dagbag.py:448} INFO - Filling up the DagBag from /home/prathamesh/PycharmProjects/airflow-project/venv/lib/python3.8/site-packages/airflow/example_dags/example_branch_python_dop_operator_3.py
[2021-04-04 04:10:01,953] {scheduler_job.py:639} INFO - DAG(s) dict_keys(['example_branch_dop_operator_v3']) retrieved from /home/prathamesh/PycharmProjects/airflow-project/venv/lib/python3.8/site-packages/airflow/example_dags/example_branch_python_dop_operator_3.py
[2021-04-04 04:10:01,972] {logging_mixin.py:104} INFO - [2021-04-04 04:10:01,972] {dag.py:1818} INFO - Sync 1 DAGs
[2021-04-04 04:10:01,992] {logging_mixin.py:104} INFO - [2021-04-04 04:10:01,992] {dag.py:2273} INFO - Setting next_dagrun for example_branch_dop_operator_v3 to 2021-04-02 00:00:00+00:00
[2021-04-04 04:10:01,998] {scheduler_job.py:190} INFO - Processing /home/prathamesh/PycharmProjects/airflow-project/venv/lib/python3.8/site-packages/airflow/example_dags/example_branch_python_dop_operator_3.py took 0.061 seconds
[2021-04-04 04:10:33,167] {scheduler_job.py:182} INFO - Started process (PID=5182) to work on /home/prathamesh/PycharmProjects/airflow-project/venv/lib/python3.8/site-packages/airflow/example_dags/example_branch_python_dop_operator_3.py
[2021-04-04 04:10:33,167] {scheduler_job.py:629} INFO - Processing file /home/prathamesh/PycharmProjects/airflow-project/venv/lib/python3.8/site-packages/airflow/example_dags/example_branch_python_dop_operator_3.py for tasks to queue
[2021-04-04 04:10:33,168] {logging_mixin.py:104} INFO - [2021-04-04 04:10:33,168] {dagbag.py:448} INFO - Filling up the DagBag from /home/prathamesh/PycharmProjects/airflow-project/venv/lib/python3.8/site-packages/airflow/example_dags/example_branch_python_dop_operator_3.py
[2021-04-04 04:10:33,180] {scheduler_job.py:639} INFO - DAG(s) dict_keys(['example_branch_dop_operator_v3']) retrieved from /home/prathamesh/PycharmProjects/airflow-project/venv/lib/python3.8/site-packages/airflow/example_dags/example_branch_python_dop_operator_3.py
[2021-04-04 04:10:33,197] {logging_mixin.py:104} INFO - [2021-04-04 04:10:33,197] {dag.py:1818} INFO - Sync 1 DAGs
[2021-04-04 04:10:33,217] {logging_mixin.py:104} INFO - [2021-04-04 04:10:33,217] {dag.py:2273} INFO - Setting next_dagrun for example_branch_dop_operator_v3 to 2021-04-02 00:00:00+00:00
[2021-04-04 04:10:33,222] {scheduler_job.py:190} INFO - Processing /home/prathamesh/PycharmProjects/airflow-project/venv/lib/python3.8/site-packages/airflow/example_dags/example_branch_python_dop_operator_3.py took 0.059 seconds
[2021-04-04 04:11:03,747] {scheduler_job.py:182} INFO - Started process (PID=5213) to work on /home/prathamesh/PycharmProjects/airflow-project/venv/lib/python3.8/site-packages/airflow/example_dags/example_branch_python_dop_operator_3.py
[2021-04-04 04:11:03,748] {scheduler_job.py:629} INFO - Processing file /home/prathamesh/PycharmProjects/airflow-project/venv/lib/python3.8/site-packages/airflow/example_dags/example_branch_python_dop_operator_3.py for tasks to queue
[2021-04-04 04:11:03,749] {logging_mixin.py:104} INFO - [2021-04-04 04:11:03,749] {dagbag.py:448} INFO - Filling up the DagBag from /home/prathamesh/PycharmProjects/airflow-project/venv/lib/python3.8/site-packages/airflow/example_dags/example_branch_python_dop_operator_3.py
[2021-04-04 04:11:03,764] {scheduler_job.py:639} INFO - DAG(s) dict_keys(['example_branch_dop_operator_v3']) retrieved from /home/prathamesh/PycharmProjects/airflow-project/venv/lib/python3.8/site-packages/airflow/example_dags/example_branch_python_dop_operator_3.py
[2021-04-04 04:11:03,775] {logging_mixin.py:104} INFO - [2021-04-04 04:11:03,775] {dag.py:1818} INFO - Sync 1 DAGs
[2021-04-04 04:11:03,796] {logging_mixin.py:104} INFO - [2021-04-04 04:11:03,795] {dag.py:2273} INFO - Setting next_dagrun for example_branch_dop_operator_v3 to 2021-04-02 00:00:00+00:00
[2021-04-04 04:11:03,801] {scheduler_job.py:190} INFO - Processing /home/prathamesh/PycharmProjects/airflow-project/venv/lib/python3.8/site-packages/airflow/example_dags/example_branch_python_dop_operator_3.py took 0.056 seconds
[2021-04-04 04:11:34,658] {scheduler_job.py:182} INFO - Started process (PID=5271) to work on /home/prathamesh/PycharmProjects/airflow-project/venv/lib/python3.8/site-packages/airflow/example_dags/example_branch_python_dop_operator_3.py
[2021-04-04 04:11:34,659] {scheduler_job.py:629} INFO - Processing file /home/prathamesh/PycharmProjects/airflow-project/venv/lib/python3.8/site-packages/airflow/example_dags/example_branch_python_dop_operator_3.py for tasks to queue
[2021-04-04 04:11:34,659] {logging_mixin.py:104} INFO - [2021-04-04 04:11:34,659] {dagbag.py:448} INFO - Filling up the DagBag from /home/prathamesh/PycharmProjects/airflow-project/venv/lib/python3.8/site-packages/airflow/example_dags/example_branch_python_dop_operator_3.py
[2021-04-04 04:11:34,668] {scheduler_job.py:639} INFO - DAG(s) dict_keys(['example_branch_dop_operator_v3']) retrieved from /home/prathamesh/PycharmProjects/airflow-project/venv/lib/python3.8/site-packages/airflow/example_dags/example_branch_python_dop_operator_3.py
[2021-04-04 04:11:34,679] {logging_mixin.py:104} INFO - [2021-04-04 04:11:34,679] {dag.py:1818} INFO - Sync 1 DAGs
[2021-04-04 04:11:34,700] {logging_mixin.py:104} INFO - [2021-04-04 04:11:34,700] {dag.py:2273} INFO - Setting next_dagrun for example_branch_dop_operator_v3 to 2021-04-02 00:00:00+00:00
[2021-04-04 04:11:34,709] {scheduler_job.py:190} INFO - Processing /home/prathamesh/PycharmProjects/airflow-project/venv/lib/python3.8/site-packages/airflow/example_dags/example_branch_python_dop_operator_3.py took 0.053 seconds
[2021-04-04 04:12:05,448] {scheduler_job.py:182} INFO - Started process (PID=5307) to work on /home/prathamesh/PycharmProjects/airflow-project/venv/lib/python3.8/site-packages/airflow/example_dags/example_branch_python_dop_operator_3.py
[2021-04-04 04:12:05,449] {scheduler_job.py:629} INFO - Processing file /home/prathamesh/PycharmProjects/airflow-project/venv/lib/python3.8/site-packages/airflow/example_dags/example_branch_python_dop_operator_3.py for tasks to queue
[2021-04-04 04:12:05,450] {logging_mixin.py:104} INFO - [2021-04-04 04:12:05,450] {dagbag.py:448} INFO - Filling up the DagBag from /home/prathamesh/PycharmProjects/airflow-project/venv/lib/python3.8/site-packages/airflow/example_dags/example_branch_python_dop_operator_3.py
[2021-04-04 04:12:05,463] {scheduler_job.py:639} INFO - DAG(s) dict_keys(['example_branch_dop_operator_v3']) retrieved from /home/prathamesh/PycharmProjects/airflow-project/venv/lib/python3.8/site-packages/airflow/example_dags/example_branch_python_dop_operator_3.py
[2021-04-04 04:12:05,473] {logging_mixin.py:104} INFO - [2021-04-04 04:12:05,473] {dag.py:1818} INFO - Sync 1 DAGs
[2021-04-04 04:12:05,498] {logging_mixin.py:104} INFO - [2021-04-04 04:12:05,498] {dag.py:2273} INFO - Setting next_dagrun for example_branch_dop_operator_v3 to 2021-04-02 00:00:00+00:00
[2021-04-04 04:12:05,513] {scheduler_job.py:190} INFO - Processing /home/prathamesh/PycharmProjects/airflow-project/venv/lib/python3.8/site-packages/airflow/example_dags/example_branch_python_dop_operator_3.py took 0.068 seconds
[2021-04-04 04:12:36,081] {scheduler_job.py:182} INFO - Started process (PID=5355) to work on /home/prathamesh/PycharmProjects/airflow-project/venv/lib/python3.8/site-packages/airflow/example_dags/example_branch_python_dop_operator_3.py
[2021-04-04 04:12:36,082] {scheduler_job.py:629} INFO - Processing file /home/prathamesh/PycharmProjects/airflow-project/venv/lib/python3.8/site-packages/airflow/example_dags/example_branch_python_dop_operator_3.py for tasks to queue
[2021-04-04 04:12:36,082] {logging_mixin.py:104} INFO - [2021-04-04 04:12:36,082] {dagbag.py:448} INFO - Filling up the DagBag from /home/prathamesh/PycharmProjects/airflow-project/venv/lib/python3.8/site-packages/airflow/example_dags/example_branch_python_dop_operator_3.py
[2021-04-04 04:12:36,091] {scheduler_job.py:639} INFO - DAG(s) dict_keys(['example_branch_dop_operator_v3']) retrieved from /home/prathamesh/PycharmProjects/airflow-project/venv/lib/python3.8/site-packages/airflow/example_dags/example_branch_python_dop_operator_3.py
[2021-04-04 04:12:36,102] {logging_mixin.py:104} INFO - [2021-04-04 04:12:36,102] {dag.py:1818} INFO - Sync 1 DAGs
[2021-04-04 04:12:36,119] {logging_mixin.py:104} INFO - [2021-04-04 04:12:36,119] {dag.py:2273} INFO - Setting next_dagrun for example_branch_dop_operator_v3 to 2021-04-02 00:00:00+00:00
[2021-04-04 04:12:36,124] {scheduler_job.py:190} INFO - Processing /home/prathamesh/PycharmProjects/airflow-project/venv/lib/python3.8/site-packages/airflow/example_dags/example_branch_python_dop_operator_3.py took 0.045 seconds
[2021-04-04 16:21:39,011] {scheduler_job.py:182} INFO - Started process (PID=3378) to work on /home/prathamesh/PycharmProjects/airflow-project/venv/lib/python3.8/site-packages/airflow/example_dags/example_branch_python_dop_operator_3.py
[2021-04-04 16:21:39,035] {scheduler_job.py:629} INFO - Processing file /home/prathamesh/PycharmProjects/airflow-project/venv/lib/python3.8/site-packages/airflow/example_dags/example_branch_python_dop_operator_3.py for tasks to queue
[2021-04-04 16:21:39,035] {logging_mixin.py:104} INFO - [2021-04-04 16:21:39,035] {dagbag.py:448} INFO - Filling up the DagBag from /home/prathamesh/PycharmProjects/airflow-project/venv/lib/python3.8/site-packages/airflow/example_dags/example_branch_python_dop_operator_3.py
[2021-04-04 16:21:39,044] {scheduler_job.py:639} INFO - DAG(s) dict_keys(['example_branch_dop_operator_v3']) retrieved from /home/prathamesh/PycharmProjects/airflow-project/venv/lib/python3.8/site-packages/airflow/example_dags/example_branch_python_dop_operator_3.py
[2021-04-04 16:21:39,138] {logging_mixin.py:104} INFO - [2021-04-04 16:21:39,137] {dag.py:1818} INFO - Sync 1 DAGs
[2021-04-04 16:21:39,239] {logging_mixin.py:104} INFO - [2021-04-04 16:21:39,239] {dag.py:2273} INFO - Setting next_dagrun for example_branch_dop_operator_v3 to 2021-04-02 00:00:00+00:00
[2021-04-04 16:21:39,300] {scheduler_job.py:190} INFO - Processing /home/prathamesh/PycharmProjects/airflow-project/venv/lib/python3.8/site-packages/airflow/example_dags/example_branch_python_dop_operator_3.py took 0.291 seconds
[2021-04-04 16:22:09,579] {scheduler_job.py:182} INFO - Started process (PID=3542) to work on /home/prathamesh/PycharmProjects/airflow-project/venv/lib/python3.8/site-packages/airflow/example_dags/example_branch_python_dop_operator_3.py
[2021-04-04 16:22:09,581] {scheduler_job.py:629} INFO - Processing file /home/prathamesh/PycharmProjects/airflow-project/venv/lib/python3.8/site-packages/airflow/example_dags/example_branch_python_dop_operator_3.py for tasks to queue
[2021-04-04 16:22:09,582] {logging_mixin.py:104} INFO - [2021-04-04 16:22:09,582] {dagbag.py:448} INFO - Filling up the DagBag from /home/prathamesh/PycharmProjects/airflow-project/venv/lib/python3.8/site-packages/airflow/example_dags/example_branch_python_dop_operator_3.py
[2021-04-04 16:22:09,594] {scheduler_job.py:639} INFO - DAG(s) dict_keys(['example_branch_dop_operator_v3']) retrieved from /home/prathamesh/PycharmProjects/airflow-project/venv/lib/python3.8/site-packages/airflow/example_dags/example_branch_python_dop_operator_3.py
[2021-04-04 16:22:09,603] {logging_mixin.py:104} INFO - [2021-04-04 16:22:09,603] {dag.py:1818} INFO - Sync 1 DAGs
[2021-04-04 16:22:09,621] {logging_mixin.py:104} INFO - [2021-04-04 16:22:09,621] {dag.py:2273} INFO - Setting next_dagrun for example_branch_dop_operator_v3 to 2021-04-02 00:00:00+00:00
[2021-04-04 16:22:09,627] {scheduler_job.py:190} INFO - Processing /home/prathamesh/PycharmProjects/airflow-project/venv/lib/python3.8/site-packages/airflow/example_dags/example_branch_python_dop_operator_3.py took 0.055 seconds
[2021-04-04 16:22:40,201] {scheduler_job.py:182} INFO - Started process (PID=3570) to work on /home/prathamesh/PycharmProjects/airflow-project/venv/lib/python3.8/site-packages/airflow/example_dags/example_branch_python_dop_operator_3.py
[2021-04-04 16:22:40,202] {scheduler_job.py:629} INFO - Processing file /home/prathamesh/PycharmProjects/airflow-project/venv/lib/python3.8/site-packages/airflow/example_dags/example_branch_python_dop_operator_3.py for tasks to queue
[2021-04-04 16:22:40,203] {logging_mixin.py:104} INFO - [2021-04-04 16:22:40,203] {dagbag.py:448} INFO - Filling up the DagBag from /home/prathamesh/PycharmProjects/airflow-project/venv/lib/python3.8/site-packages/airflow/example_dags/example_branch_python_dop_operator_3.py
[2021-04-04 16:22:40,212] {scheduler_job.py:639} INFO - DAG(s) dict_keys(['example_branch_dop_operator_v3']) retrieved from /home/prathamesh/PycharmProjects/airflow-project/venv/lib/python3.8/site-packages/airflow/example_dags/example_branch_python_dop_operator_3.py
[2021-04-04 16:22:40,233] {logging_mixin.py:104} INFO - [2021-04-04 16:22:40,233] {dag.py:1818} INFO - Sync 1 DAGs
[2021-04-04 16:22:40,255] {logging_mixin.py:104} INFO - [2021-04-04 16:22:40,255] {dag.py:2273} INFO - Setting next_dagrun for example_branch_dop_operator_v3 to 2021-04-02 00:00:00+00:00
[2021-04-04 16:22:40,259] {scheduler_job.py:190} INFO - Processing /home/prathamesh/PycharmProjects/airflow-project/venv/lib/python3.8/site-packages/airflow/example_dags/example_branch_python_dop_operator_3.py took 0.060 seconds
[2021-04-04 16:23:11,898] {scheduler_job.py:182} INFO - Started process (PID=3598) to work on /home/prathamesh/PycharmProjects/airflow-project/venv/lib/python3.8/site-packages/airflow/example_dags/example_branch_python_dop_operator_3.py
[2021-04-04 16:23:11,899] {scheduler_job.py:629} INFO - Processing file /home/prathamesh/PycharmProjects/airflow-project/venv/lib/python3.8/site-packages/airflow/example_dags/example_branch_python_dop_operator_3.py for tasks to queue
[2021-04-04 16:23:11,900] {logging_mixin.py:104} INFO - [2021-04-04 16:23:11,900] {dagbag.py:448} INFO - Filling up the DagBag from /home/prathamesh/PycharmProjects/airflow-project/venv/lib/python3.8/site-packages/airflow/example_dags/example_branch_python_dop_operator_3.py
[2021-04-04 16:23:11,913] {scheduler_job.py:639} INFO - DAG(s) dict_keys(['example_branch_dop_operator_v3']) retrieved from /home/prathamesh/PycharmProjects/airflow-project/venv/lib/python3.8/site-packages/airflow/example_dags/example_branch_python_dop_operator_3.py
[2021-04-04 16:23:11,925] {logging_mixin.py:104} INFO - [2021-04-04 16:23:11,925] {dag.py:1818} INFO - Sync 1 DAGs
[2021-04-04 16:23:11,942] {logging_mixin.py:104} INFO - [2021-04-04 16:23:11,942] {dag.py:2273} INFO - Setting next_dagrun for example_branch_dop_operator_v3 to 2021-04-02 00:00:00+00:00
[2021-04-04 16:23:11,946] {scheduler_job.py:190} INFO - Processing /home/prathamesh/PycharmProjects/airflow-project/venv/lib/python3.8/site-packages/airflow/example_dags/example_branch_python_dop_operator_3.py took 0.053 seconds
