[2021-04-04 03:36:35,193] {scheduler_job.py:182} INFO - Started process (PID=3214) to work on /home/prathamesh/PycharmProjects/airflow-project/venv/lib/python3.8/site-packages/airflow/example_dags/example_kubernetes_executor_config.py
[2021-04-04 03:36:35,194] {scheduler_job.py:629} INFO - Processing file /home/prathamesh/PycharmProjects/airflow-project/venv/lib/python3.8/site-packages/airflow/example_dags/example_kubernetes_executor_config.py for tasks to queue
[2021-04-04 03:36:35,195] {logging_mixin.py:104} INFO - [2021-04-04 03:36:35,194] {dagbag.py:448} INFO - Filling up the DagBag from /home/prathamesh/PycharmProjects/airflow-project/venv/lib/python3.8/site-packages/airflow/example_dags/example_kubernetes_executor_config.py
[2021-04-04 03:36:35,201] {logging_mixin.py:104} INFO - [2021-04-04 03:36:35,201] {example_kubernetes_executor_config.py:174} WARNING - Could not import DAGs in example_kubernetes_executor_config.py: No module named 'kubernetes'
[2021-04-04 03:36:35,201] {logging_mixin.py:104} INFO - [2021-04-04 03:36:35,201] {example_kubernetes_executor_config.py:175} WARNING - Install kubernetes dependencies with: pip install apache-airflow['cncf.kubernetes']
[2021-04-04 03:36:35,202] {scheduler_job.py:641} WARNING - No viable dags retrieved from /home/prathamesh/PycharmProjects/airflow-project/venv/lib/python3.8/site-packages/airflow/example_dags/example_kubernetes_executor_config.py
[2021-04-04 03:36:35,207] {scheduler_job.py:190} INFO - Processing /home/prathamesh/PycharmProjects/airflow-project/venv/lib/python3.8/site-packages/airflow/example_dags/example_kubernetes_executor_config.py took 0.021 seconds
[2021-04-04 03:37:07,304] {scheduler_job.py:182} INFO - Started process (PID=3247) to work on /home/prathamesh/PycharmProjects/airflow-project/venv/lib/python3.8/site-packages/airflow/example_dags/example_kubernetes_executor_config.py
[2021-04-04 03:37:07,313] {scheduler_job.py:629} INFO - Processing file /home/prathamesh/PycharmProjects/airflow-project/venv/lib/python3.8/site-packages/airflow/example_dags/example_kubernetes_executor_config.py for tasks to queue
[2021-04-04 03:37:07,313] {logging_mixin.py:104} INFO - [2021-04-04 03:37:07,313] {dagbag.py:448} INFO - Filling up the DagBag from /home/prathamesh/PycharmProjects/airflow-project/venv/lib/python3.8/site-packages/airflow/example_dags/example_kubernetes_executor_config.py
[2021-04-04 03:37:07,320] {logging_mixin.py:104} INFO - [2021-04-04 03:37:07,320] {example_kubernetes_executor_config.py:174} WARNING - Could not import DAGs in example_kubernetes_executor_config.py: No module named 'kubernetes'
[2021-04-04 03:37:07,320] {logging_mixin.py:104} INFO - [2021-04-04 03:37:07,320] {example_kubernetes_executor_config.py:175} WARNING - Install kubernetes dependencies with: pip install apache-airflow['cncf.kubernetes']
[2021-04-04 03:37:07,321] {scheduler_job.py:641} WARNING - No viable dags retrieved from /home/prathamesh/PycharmProjects/airflow-project/venv/lib/python3.8/site-packages/airflow/example_dags/example_kubernetes_executor_config.py
[2021-04-04 03:37:07,328] {scheduler_job.py:190} INFO - Processing /home/prathamesh/PycharmProjects/airflow-project/venv/lib/python3.8/site-packages/airflow/example_dags/example_kubernetes_executor_config.py took 0.027 seconds
[2021-04-04 03:37:38,253] {scheduler_job.py:182} INFO - Started process (PID=3284) to work on /home/prathamesh/PycharmProjects/airflow-project/venv/lib/python3.8/site-packages/airflow/example_dags/example_kubernetes_executor_config.py
[2021-04-04 03:37:38,253] {scheduler_job.py:629} INFO - Processing file /home/prathamesh/PycharmProjects/airflow-project/venv/lib/python3.8/site-packages/airflow/example_dags/example_kubernetes_executor_config.py for tasks to queue
[2021-04-04 03:37:38,254] {logging_mixin.py:104} INFO - [2021-04-04 03:37:38,254] {dagbag.py:448} INFO - Filling up the DagBag from /home/prathamesh/PycharmProjects/airflow-project/venv/lib/python3.8/site-packages/airflow/example_dags/example_kubernetes_executor_config.py
[2021-04-04 03:37:38,258] {logging_mixin.py:104} INFO - [2021-04-04 03:37:38,258] {example_kubernetes_executor_config.py:174} WARNING - Could not import DAGs in example_kubernetes_executor_config.py: No module named 'kubernetes'
[2021-04-04 03:37:38,258] {logging_mixin.py:104} INFO - [2021-04-04 03:37:38,258] {example_kubernetes_executor_config.py:175} WARNING - Install kubernetes dependencies with: pip install apache-airflow['cncf.kubernetes']
[2021-04-04 03:37:38,258] {scheduler_job.py:641} WARNING - No viable dags retrieved from /home/prathamesh/PycharmProjects/airflow-project/venv/lib/python3.8/site-packages/airflow/example_dags/example_kubernetes_executor_config.py
[2021-04-04 03:37:38,263] {scheduler_job.py:190} INFO - Processing /home/prathamesh/PycharmProjects/airflow-project/venv/lib/python3.8/site-packages/airflow/example_dags/example_kubernetes_executor_config.py took 0.013 seconds
[2021-04-04 03:38:08,719] {scheduler_job.py:182} INFO - Started process (PID=3313) to work on /home/prathamesh/PycharmProjects/airflow-project/venv/lib/python3.8/site-packages/airflow/example_dags/example_kubernetes_executor_config.py
[2021-04-04 03:38:08,720] {scheduler_job.py:629} INFO - Processing file /home/prathamesh/PycharmProjects/airflow-project/venv/lib/python3.8/site-packages/airflow/example_dags/example_kubernetes_executor_config.py for tasks to queue
[2021-04-04 03:38:08,720] {logging_mixin.py:104} INFO - [2021-04-04 03:38:08,720] {dagbag.py:448} INFO - Filling up the DagBag from /home/prathamesh/PycharmProjects/airflow-project/venv/lib/python3.8/site-packages/airflow/example_dags/example_kubernetes_executor_config.py
[2021-04-04 03:38:08,725] {logging_mixin.py:104} INFO - [2021-04-04 03:38:08,725] {example_kubernetes_executor_config.py:174} WARNING - Could not import DAGs in example_kubernetes_executor_config.py: No module named 'kubernetes'
[2021-04-04 03:38:08,725] {logging_mixin.py:104} INFO - [2021-04-04 03:38:08,725] {example_kubernetes_executor_config.py:175} WARNING - Install kubernetes dependencies with: pip install apache-airflow['cncf.kubernetes']
[2021-04-04 03:38:08,725] {scheduler_job.py:641} WARNING - No viable dags retrieved from /home/prathamesh/PycharmProjects/airflow-project/venv/lib/python3.8/site-packages/airflow/example_dags/example_kubernetes_executor_config.py
[2021-04-04 03:38:08,732] {scheduler_job.py:190} INFO - Processing /home/prathamesh/PycharmProjects/airflow-project/venv/lib/python3.8/site-packages/airflow/example_dags/example_kubernetes_executor_config.py took 0.016 seconds
[2021-04-04 03:38:40,813] {scheduler_job.py:182} INFO - Started process (PID=3350) to work on /home/prathamesh/PycharmProjects/airflow-project/venv/lib/python3.8/site-packages/airflow/example_dags/example_kubernetes_executor_config.py
[2021-04-04 03:38:40,814] {scheduler_job.py:629} INFO - Processing file /home/prathamesh/PycharmProjects/airflow-project/venv/lib/python3.8/site-packages/airflow/example_dags/example_kubernetes_executor_config.py for tasks to queue
[2021-04-04 03:38:40,815] {logging_mixin.py:104} INFO - [2021-04-04 03:38:40,815] {dagbag.py:448} INFO - Filling up the DagBag from /home/prathamesh/PycharmProjects/airflow-project/venv/lib/python3.8/site-packages/airflow/example_dags/example_kubernetes_executor_config.py
[2021-04-04 03:38:40,826] {logging_mixin.py:104} INFO - [2021-04-04 03:38:40,826] {example_kubernetes_executor_config.py:174} WARNING - Could not import DAGs in example_kubernetes_executor_config.py: No module named 'kubernetes'
[2021-04-04 03:38:40,826] {logging_mixin.py:104} INFO - [2021-04-04 03:38:40,826] {example_kubernetes_executor_config.py:175} WARNING - Install kubernetes dependencies with: pip install apache-airflow['cncf.kubernetes']
[2021-04-04 03:38:40,826] {scheduler_job.py:641} WARNING - No viable dags retrieved from /home/prathamesh/PycharmProjects/airflow-project/venv/lib/python3.8/site-packages/airflow/example_dags/example_kubernetes_executor_config.py
[2021-04-04 03:38:40,834] {scheduler_job.py:190} INFO - Processing /home/prathamesh/PycharmProjects/airflow-project/venv/lib/python3.8/site-packages/airflow/example_dags/example_kubernetes_executor_config.py took 0.023 seconds
[2021-04-04 03:39:13,393] {scheduler_job.py:182} INFO - Started process (PID=3387) to work on /home/prathamesh/PycharmProjects/airflow-project/venv/lib/python3.8/site-packages/airflow/example_dags/example_kubernetes_executor_config.py
[2021-04-04 03:39:13,394] {scheduler_job.py:629} INFO - Processing file /home/prathamesh/PycharmProjects/airflow-project/venv/lib/python3.8/site-packages/airflow/example_dags/example_kubernetes_executor_config.py for tasks to queue
[2021-04-04 03:39:13,394] {logging_mixin.py:104} INFO - [2021-04-04 03:39:13,394] {dagbag.py:448} INFO - Filling up the DagBag from /home/prathamesh/PycharmProjects/airflow-project/venv/lib/python3.8/site-packages/airflow/example_dags/example_kubernetes_executor_config.py
[2021-04-04 03:39:13,399] {logging_mixin.py:104} INFO - [2021-04-04 03:39:13,399] {example_kubernetes_executor_config.py:174} WARNING - Could not import DAGs in example_kubernetes_executor_config.py: No module named 'kubernetes'
[2021-04-04 03:39:13,399] {logging_mixin.py:104} INFO - [2021-04-04 03:39:13,399] {example_kubernetes_executor_config.py:175} WARNING - Install kubernetes dependencies with: pip install apache-airflow['cncf.kubernetes']
[2021-04-04 03:39:13,400] {scheduler_job.py:641} WARNING - No viable dags retrieved from /home/prathamesh/PycharmProjects/airflow-project/venv/lib/python3.8/site-packages/airflow/example_dags/example_kubernetes_executor_config.py
[2021-04-04 03:39:13,405] {scheduler_job.py:190} INFO - Processing /home/prathamesh/PycharmProjects/airflow-project/venv/lib/python3.8/site-packages/airflow/example_dags/example_kubernetes_executor_config.py took 0.015 seconds
[2021-04-04 03:39:45,282] {scheduler_job.py:182} INFO - Started process (PID=3417) to work on /home/prathamesh/PycharmProjects/airflow-project/venv/lib/python3.8/site-packages/airflow/example_dags/example_kubernetes_executor_config.py
[2021-04-04 03:39:45,285] {scheduler_job.py:629} INFO - Processing file /home/prathamesh/PycharmProjects/airflow-project/venv/lib/python3.8/site-packages/airflow/example_dags/example_kubernetes_executor_config.py for tasks to queue
[2021-04-04 03:39:45,286] {logging_mixin.py:104} INFO - [2021-04-04 03:39:45,286] {dagbag.py:448} INFO - Filling up the DagBag from /home/prathamesh/PycharmProjects/airflow-project/venv/lib/python3.8/site-packages/airflow/example_dags/example_kubernetes_executor_config.py
[2021-04-04 03:39:45,298] {logging_mixin.py:104} INFO - [2021-04-04 03:39:45,297] {example_kubernetes_executor_config.py:174} WARNING - Could not import DAGs in example_kubernetes_executor_config.py: No module named 'kubernetes'
[2021-04-04 03:39:45,298] {logging_mixin.py:104} INFO - [2021-04-04 03:39:45,298] {example_kubernetes_executor_config.py:175} WARNING - Install kubernetes dependencies with: pip install apache-airflow['cncf.kubernetes']
[2021-04-04 03:39:45,298] {scheduler_job.py:641} WARNING - No viable dags retrieved from /home/prathamesh/PycharmProjects/airflow-project/venv/lib/python3.8/site-packages/airflow/example_dags/example_kubernetes_executor_config.py
[2021-04-04 03:39:45,305] {scheduler_job.py:190} INFO - Processing /home/prathamesh/PycharmProjects/airflow-project/venv/lib/python3.8/site-packages/airflow/example_dags/example_kubernetes_executor_config.py took 0.027 seconds
[2021-04-04 03:40:15,597] {scheduler_job.py:182} INFO - Started process (PID=3445) to work on /home/prathamesh/PycharmProjects/airflow-project/venv/lib/python3.8/site-packages/airflow/example_dags/example_kubernetes_executor_config.py
[2021-04-04 03:40:15,597] {scheduler_job.py:629} INFO - Processing file /home/prathamesh/PycharmProjects/airflow-project/venv/lib/python3.8/site-packages/airflow/example_dags/example_kubernetes_executor_config.py for tasks to queue
[2021-04-04 03:40:15,598] {logging_mixin.py:104} INFO - [2021-04-04 03:40:15,598] {dagbag.py:448} INFO - Filling up the DagBag from /home/prathamesh/PycharmProjects/airflow-project/venv/lib/python3.8/site-packages/airflow/example_dags/example_kubernetes_executor_config.py
[2021-04-04 03:40:15,604] {logging_mixin.py:104} INFO - [2021-04-04 03:40:15,604] {example_kubernetes_executor_config.py:174} WARNING - Could not import DAGs in example_kubernetes_executor_config.py: No module named 'kubernetes'
[2021-04-04 03:40:15,605] {logging_mixin.py:104} INFO - [2021-04-04 03:40:15,605] {example_kubernetes_executor_config.py:175} WARNING - Install kubernetes dependencies with: pip install apache-airflow['cncf.kubernetes']
[2021-04-04 03:40:15,605] {scheduler_job.py:641} WARNING - No viable dags retrieved from /home/prathamesh/PycharmProjects/airflow-project/venv/lib/python3.8/site-packages/airflow/example_dags/example_kubernetes_executor_config.py
[2021-04-04 03:40:15,610] {scheduler_job.py:190} INFO - Processing /home/prathamesh/PycharmProjects/airflow-project/venv/lib/python3.8/site-packages/airflow/example_dags/example_kubernetes_executor_config.py took 0.017 seconds
[2021-04-04 03:40:46,612] {scheduler_job.py:182} INFO - Started process (PID=3476) to work on /home/prathamesh/PycharmProjects/airflow-project/venv/lib/python3.8/site-packages/airflow/example_dags/example_kubernetes_executor_config.py
[2021-04-04 03:40:46,613] {scheduler_job.py:629} INFO - Processing file /home/prathamesh/PycharmProjects/airflow-project/venv/lib/python3.8/site-packages/airflow/example_dags/example_kubernetes_executor_config.py for tasks to queue
[2021-04-04 03:40:46,613] {logging_mixin.py:104} INFO - [2021-04-04 03:40:46,613] {dagbag.py:448} INFO - Filling up the DagBag from /home/prathamesh/PycharmProjects/airflow-project/venv/lib/python3.8/site-packages/airflow/example_dags/example_kubernetes_executor_config.py
[2021-04-04 03:40:46,618] {logging_mixin.py:104} INFO - [2021-04-04 03:40:46,618] {example_kubernetes_executor_config.py:174} WARNING - Could not import DAGs in example_kubernetes_executor_config.py: No module named 'kubernetes'
[2021-04-04 03:40:46,618] {logging_mixin.py:104} INFO - [2021-04-04 03:40:46,618] {example_kubernetes_executor_config.py:175} WARNING - Install kubernetes dependencies with: pip install apache-airflow['cncf.kubernetes']
[2021-04-04 03:40:46,618] {scheduler_job.py:641} WARNING - No viable dags retrieved from /home/prathamesh/PycharmProjects/airflow-project/venv/lib/python3.8/site-packages/airflow/example_dags/example_kubernetes_executor_config.py
[2021-04-04 03:40:46,624] {scheduler_job.py:190} INFO - Processing /home/prathamesh/PycharmProjects/airflow-project/venv/lib/python3.8/site-packages/airflow/example_dags/example_kubernetes_executor_config.py took 0.014 seconds
[2021-04-04 03:41:17,541] {scheduler_job.py:182} INFO - Started process (PID=3522) to work on /home/prathamesh/PycharmProjects/airflow-project/venv/lib/python3.8/site-packages/airflow/example_dags/example_kubernetes_executor_config.py
[2021-04-04 03:41:17,542] {scheduler_job.py:629} INFO - Processing file /home/prathamesh/PycharmProjects/airflow-project/venv/lib/python3.8/site-packages/airflow/example_dags/example_kubernetes_executor_config.py for tasks to queue
[2021-04-04 03:41:17,542] {logging_mixin.py:104} INFO - [2021-04-04 03:41:17,542] {dagbag.py:448} INFO - Filling up the DagBag from /home/prathamesh/PycharmProjects/airflow-project/venv/lib/python3.8/site-packages/airflow/example_dags/example_kubernetes_executor_config.py
[2021-04-04 03:41:17,548] {logging_mixin.py:104} INFO - [2021-04-04 03:41:17,548] {example_kubernetes_executor_config.py:174} WARNING - Could not import DAGs in example_kubernetes_executor_config.py: No module named 'kubernetes'
[2021-04-04 03:41:17,548] {logging_mixin.py:104} INFO - [2021-04-04 03:41:17,548] {example_kubernetes_executor_config.py:175} WARNING - Install kubernetes dependencies with: pip install apache-airflow['cncf.kubernetes']
[2021-04-04 03:41:17,548] {scheduler_job.py:641} WARNING - No viable dags retrieved from /home/prathamesh/PycharmProjects/airflow-project/venv/lib/python3.8/site-packages/airflow/example_dags/example_kubernetes_executor_config.py
[2021-04-04 03:41:17,553] {scheduler_job.py:190} INFO - Processing /home/prathamesh/PycharmProjects/airflow-project/venv/lib/python3.8/site-packages/airflow/example_dags/example_kubernetes_executor_config.py took 0.015 seconds
[2021-04-04 03:41:48,543] {scheduler_job.py:182} INFO - Started process (PID=3578) to work on /home/prathamesh/PycharmProjects/airflow-project/venv/lib/python3.8/site-packages/airflow/example_dags/example_kubernetes_executor_config.py
[2021-04-04 03:41:48,543] {scheduler_job.py:629} INFO - Processing file /home/prathamesh/PycharmProjects/airflow-project/venv/lib/python3.8/site-packages/airflow/example_dags/example_kubernetes_executor_config.py for tasks to queue
[2021-04-04 03:41:48,544] {logging_mixin.py:104} INFO - [2021-04-04 03:41:48,544] {dagbag.py:448} INFO - Filling up the DagBag from /home/prathamesh/PycharmProjects/airflow-project/venv/lib/python3.8/site-packages/airflow/example_dags/example_kubernetes_executor_config.py
[2021-04-04 03:41:48,548] {logging_mixin.py:104} INFO - [2021-04-04 03:41:48,548] {example_kubernetes_executor_config.py:174} WARNING - Could not import DAGs in example_kubernetes_executor_config.py: No module named 'kubernetes'
[2021-04-04 03:41:48,548] {logging_mixin.py:104} INFO - [2021-04-04 03:41:48,548] {example_kubernetes_executor_config.py:175} WARNING - Install kubernetes dependencies with: pip install apache-airflow['cncf.kubernetes']
[2021-04-04 03:41:48,548] {scheduler_job.py:641} WARNING - No viable dags retrieved from /home/prathamesh/PycharmProjects/airflow-project/venv/lib/python3.8/site-packages/airflow/example_dags/example_kubernetes_executor_config.py
[2021-04-04 03:41:48,553] {scheduler_job.py:190} INFO - Processing /home/prathamesh/PycharmProjects/airflow-project/venv/lib/python3.8/site-packages/airflow/example_dags/example_kubernetes_executor_config.py took 0.012 seconds
[2021-04-04 03:42:18,956] {scheduler_job.py:182} INFO - Started process (PID=3608) to work on /home/prathamesh/PycharmProjects/airflow-project/venv/lib/python3.8/site-packages/airflow/example_dags/example_kubernetes_executor_config.py
[2021-04-04 03:42:18,957] {scheduler_job.py:629} INFO - Processing file /home/prathamesh/PycharmProjects/airflow-project/venv/lib/python3.8/site-packages/airflow/example_dags/example_kubernetes_executor_config.py for tasks to queue
[2021-04-04 03:42:18,958] {logging_mixin.py:104} INFO - [2021-04-04 03:42:18,958] {dagbag.py:448} INFO - Filling up the DagBag from /home/prathamesh/PycharmProjects/airflow-project/venv/lib/python3.8/site-packages/airflow/example_dags/example_kubernetes_executor_config.py
[2021-04-04 03:42:18,970] {logging_mixin.py:104} INFO - [2021-04-04 03:42:18,969] {example_kubernetes_executor_config.py:174} WARNING - Could not import DAGs in example_kubernetes_executor_config.py: No module named 'kubernetes'
[2021-04-04 03:42:18,970] {logging_mixin.py:104} INFO - [2021-04-04 03:42:18,970] {example_kubernetes_executor_config.py:175} WARNING - Install kubernetes dependencies with: pip install apache-airflow['cncf.kubernetes']
[2021-04-04 03:42:18,970] {scheduler_job.py:641} WARNING - No viable dags retrieved from /home/prathamesh/PycharmProjects/airflow-project/venv/lib/python3.8/site-packages/airflow/example_dags/example_kubernetes_executor_config.py
[2021-04-04 03:42:18,980] {scheduler_job.py:190} INFO - Processing /home/prathamesh/PycharmProjects/airflow-project/venv/lib/python3.8/site-packages/airflow/example_dags/example_kubernetes_executor_config.py took 0.026 seconds
[2021-04-04 03:42:49,653] {scheduler_job.py:182} INFO - Started process (PID=3648) to work on /home/prathamesh/PycharmProjects/airflow-project/venv/lib/python3.8/site-packages/airflow/example_dags/example_kubernetes_executor_config.py
[2021-04-04 03:42:49,653] {scheduler_job.py:629} INFO - Processing file /home/prathamesh/PycharmProjects/airflow-project/venv/lib/python3.8/site-packages/airflow/example_dags/example_kubernetes_executor_config.py for tasks to queue
[2021-04-04 03:42:49,655] {logging_mixin.py:104} INFO - [2021-04-04 03:42:49,654] {dagbag.py:448} INFO - Filling up the DagBag from /home/prathamesh/PycharmProjects/airflow-project/venv/lib/python3.8/site-packages/airflow/example_dags/example_kubernetes_executor_config.py
[2021-04-04 03:42:49,659] {logging_mixin.py:104} INFO - [2021-04-04 03:42:49,659] {example_kubernetes_executor_config.py:174} WARNING - Could not import DAGs in example_kubernetes_executor_config.py: No module named 'kubernetes'
[2021-04-04 03:42:49,659] {logging_mixin.py:104} INFO - [2021-04-04 03:42:49,659] {example_kubernetes_executor_config.py:175} WARNING - Install kubernetes dependencies with: pip install apache-airflow['cncf.kubernetes']
[2021-04-04 03:42:49,659] {scheduler_job.py:641} WARNING - No viable dags retrieved from /home/prathamesh/PycharmProjects/airflow-project/venv/lib/python3.8/site-packages/airflow/example_dags/example_kubernetes_executor_config.py
[2021-04-04 03:42:49,668] {scheduler_job.py:190} INFO - Processing /home/prathamesh/PycharmProjects/airflow-project/venv/lib/python3.8/site-packages/airflow/example_dags/example_kubernetes_executor_config.py took 0.018 seconds
[2021-04-04 03:43:20,850] {scheduler_job.py:182} INFO - Started process (PID=3698) to work on /home/prathamesh/PycharmProjects/airflow-project/venv/lib/python3.8/site-packages/airflow/example_dags/example_kubernetes_executor_config.py
[2021-04-04 03:43:20,851] {scheduler_job.py:629} INFO - Processing file /home/prathamesh/PycharmProjects/airflow-project/venv/lib/python3.8/site-packages/airflow/example_dags/example_kubernetes_executor_config.py for tasks to queue
[2021-04-04 03:43:20,851] {logging_mixin.py:104} INFO - [2021-04-04 03:43:20,851] {dagbag.py:448} INFO - Filling up the DagBag from /home/prathamesh/PycharmProjects/airflow-project/venv/lib/python3.8/site-packages/airflow/example_dags/example_kubernetes_executor_config.py
[2021-04-04 03:43:20,857] {logging_mixin.py:104} INFO - [2021-04-04 03:43:20,857] {example_kubernetes_executor_config.py:174} WARNING - Could not import DAGs in example_kubernetes_executor_config.py: No module named 'kubernetes'
[2021-04-04 03:43:20,858] {logging_mixin.py:104} INFO - [2021-04-04 03:43:20,857] {example_kubernetes_executor_config.py:175} WARNING - Install kubernetes dependencies with: pip install apache-airflow['cncf.kubernetes']
[2021-04-04 03:43:20,858] {scheduler_job.py:641} WARNING - No viable dags retrieved from /home/prathamesh/PycharmProjects/airflow-project/venv/lib/python3.8/site-packages/airflow/example_dags/example_kubernetes_executor_config.py
[2021-04-04 03:43:20,862] {scheduler_job.py:190} INFO - Processing /home/prathamesh/PycharmProjects/airflow-project/venv/lib/python3.8/site-packages/airflow/example_dags/example_kubernetes_executor_config.py took 0.014 seconds
[2021-04-04 03:43:51,203] {scheduler_job.py:182} INFO - Started process (PID=3728) to work on /home/prathamesh/PycharmProjects/airflow-project/venv/lib/python3.8/site-packages/airflow/example_dags/example_kubernetes_executor_config.py
[2021-04-04 03:43:51,204] {scheduler_job.py:629} INFO - Processing file /home/prathamesh/PycharmProjects/airflow-project/venv/lib/python3.8/site-packages/airflow/example_dags/example_kubernetes_executor_config.py for tasks to queue
[2021-04-04 03:43:51,204] {logging_mixin.py:104} INFO - [2021-04-04 03:43:51,204] {dagbag.py:448} INFO - Filling up the DagBag from /home/prathamesh/PycharmProjects/airflow-project/venv/lib/python3.8/site-packages/airflow/example_dags/example_kubernetes_executor_config.py
[2021-04-04 03:43:51,224] {logging_mixin.py:104} INFO - [2021-04-04 03:43:51,224] {example_kubernetes_executor_config.py:174} WARNING - Could not import DAGs in example_kubernetes_executor_config.py: No module named 'kubernetes'
[2021-04-04 03:43:51,224] {logging_mixin.py:104} INFO - [2021-04-04 03:43:51,224] {example_kubernetes_executor_config.py:175} WARNING - Install kubernetes dependencies with: pip install apache-airflow['cncf.kubernetes']
[2021-04-04 03:43:51,224] {scheduler_job.py:641} WARNING - No viable dags retrieved from /home/prathamesh/PycharmProjects/airflow-project/venv/lib/python3.8/site-packages/airflow/example_dags/example_kubernetes_executor_config.py
[2021-04-04 03:43:51,277] {scheduler_job.py:190} INFO - Processing /home/prathamesh/PycharmProjects/airflow-project/venv/lib/python3.8/site-packages/airflow/example_dags/example_kubernetes_executor_config.py took 0.076 seconds
[2021-04-04 03:44:21,653] {scheduler_job.py:182} INFO - Started process (PID=3757) to work on /home/prathamesh/PycharmProjects/airflow-project/venv/lib/python3.8/site-packages/airflow/example_dags/example_kubernetes_executor_config.py
[2021-04-04 03:44:21,654] {scheduler_job.py:629} INFO - Processing file /home/prathamesh/PycharmProjects/airflow-project/venv/lib/python3.8/site-packages/airflow/example_dags/example_kubernetes_executor_config.py for tasks to queue
[2021-04-04 03:44:21,655] {logging_mixin.py:104} INFO - [2021-04-04 03:44:21,655] {dagbag.py:448} INFO - Filling up the DagBag from /home/prathamesh/PycharmProjects/airflow-project/venv/lib/python3.8/site-packages/airflow/example_dags/example_kubernetes_executor_config.py
[2021-04-04 03:44:21,665] {logging_mixin.py:104} INFO - [2021-04-04 03:44:21,665] {example_kubernetes_executor_config.py:174} WARNING - Could not import DAGs in example_kubernetes_executor_config.py: No module named 'kubernetes'
[2021-04-04 03:44:21,665] {logging_mixin.py:104} INFO - [2021-04-04 03:44:21,665] {example_kubernetes_executor_config.py:175} WARNING - Install kubernetes dependencies with: pip install apache-airflow['cncf.kubernetes']
[2021-04-04 03:44:21,665] {scheduler_job.py:641} WARNING - No viable dags retrieved from /home/prathamesh/PycharmProjects/airflow-project/venv/lib/python3.8/site-packages/airflow/example_dags/example_kubernetes_executor_config.py
[2021-04-04 03:44:21,670] {scheduler_job.py:190} INFO - Processing /home/prathamesh/PycharmProjects/airflow-project/venv/lib/python3.8/site-packages/airflow/example_dags/example_kubernetes_executor_config.py took 0.026 seconds
[2021-04-04 03:44:52,339] {scheduler_job.py:182} INFO - Started process (PID=3786) to work on /home/prathamesh/PycharmProjects/airflow-project/venv/lib/python3.8/site-packages/airflow/example_dags/example_kubernetes_executor_config.py
[2021-04-04 03:44:52,340] {scheduler_job.py:629} INFO - Processing file /home/prathamesh/PycharmProjects/airflow-project/venv/lib/python3.8/site-packages/airflow/example_dags/example_kubernetes_executor_config.py for tasks to queue
[2021-04-04 03:44:52,340] {logging_mixin.py:104} INFO - [2021-04-04 03:44:52,340] {dagbag.py:448} INFO - Filling up the DagBag from /home/prathamesh/PycharmProjects/airflow-project/venv/lib/python3.8/site-packages/airflow/example_dags/example_kubernetes_executor_config.py
[2021-04-04 03:44:52,348] {logging_mixin.py:104} INFO - [2021-04-04 03:44:52,347] {example_kubernetes_executor_config.py:174} WARNING - Could not import DAGs in example_kubernetes_executor_config.py: No module named 'kubernetes'
[2021-04-04 03:44:52,348] {logging_mixin.py:104} INFO - [2021-04-04 03:44:52,348] {example_kubernetes_executor_config.py:175} WARNING - Install kubernetes dependencies with: pip install apache-airflow['cncf.kubernetes']
[2021-04-04 03:44:52,348] {scheduler_job.py:641} WARNING - No viable dags retrieved from /home/prathamesh/PycharmProjects/airflow-project/venv/lib/python3.8/site-packages/airflow/example_dags/example_kubernetes_executor_config.py
[2021-04-04 03:44:52,353] {scheduler_job.py:190} INFO - Processing /home/prathamesh/PycharmProjects/airflow-project/venv/lib/python3.8/site-packages/airflow/example_dags/example_kubernetes_executor_config.py took 0.016 seconds
[2021-04-04 03:45:23,198] {scheduler_job.py:182} INFO - Started process (PID=3918) to work on /home/prathamesh/PycharmProjects/airflow-project/venv/lib/python3.8/site-packages/airflow/example_dags/example_kubernetes_executor_config.py
[2021-04-04 03:45:23,199] {scheduler_job.py:629} INFO - Processing file /home/prathamesh/PycharmProjects/airflow-project/venv/lib/python3.8/site-packages/airflow/example_dags/example_kubernetes_executor_config.py for tasks to queue
[2021-04-04 03:45:23,199] {logging_mixin.py:104} INFO - [2021-04-04 03:45:23,199] {dagbag.py:448} INFO - Filling up the DagBag from /home/prathamesh/PycharmProjects/airflow-project/venv/lib/python3.8/site-packages/airflow/example_dags/example_kubernetes_executor_config.py
[2021-04-04 03:45:23,204] {logging_mixin.py:104} INFO - [2021-04-04 03:45:23,204] {example_kubernetes_executor_config.py:174} WARNING - Could not import DAGs in example_kubernetes_executor_config.py: No module named 'kubernetes'
[2021-04-04 03:45:23,204] {logging_mixin.py:104} INFO - [2021-04-04 03:45:23,204] {example_kubernetes_executor_config.py:175} WARNING - Install kubernetes dependencies with: pip install apache-airflow['cncf.kubernetes']
[2021-04-04 03:45:23,205] {scheduler_job.py:641} WARNING - No viable dags retrieved from /home/prathamesh/PycharmProjects/airflow-project/venv/lib/python3.8/site-packages/airflow/example_dags/example_kubernetes_executor_config.py
[2021-04-04 03:45:23,212] {scheduler_job.py:190} INFO - Processing /home/prathamesh/PycharmProjects/airflow-project/venv/lib/python3.8/site-packages/airflow/example_dags/example_kubernetes_executor_config.py took 0.017 seconds
[2021-04-04 03:54:17,495] {scheduler_job.py:182} INFO - Started process (PID=4550) to work on /home/prathamesh/PycharmProjects/airflow-project/venv/lib/python3.8/site-packages/airflow/example_dags/example_kubernetes_executor_config.py
[2021-04-04 03:54:17,496] {scheduler_job.py:629} INFO - Processing file /home/prathamesh/PycharmProjects/airflow-project/venv/lib/python3.8/site-packages/airflow/example_dags/example_kubernetes_executor_config.py for tasks to queue
[2021-04-04 03:54:17,496] {logging_mixin.py:104} INFO - [2021-04-04 03:54:17,496] {dagbag.py:448} INFO - Filling up the DagBag from /home/prathamesh/PycharmProjects/airflow-project/venv/lib/python3.8/site-packages/airflow/example_dags/example_kubernetes_executor_config.py
[2021-04-04 03:54:17,500] {logging_mixin.py:104} INFO - [2021-04-04 03:54:17,500] {example_kubernetes_executor_config.py:174} WARNING - Could not import DAGs in example_kubernetes_executor_config.py: No module named 'kubernetes'
[2021-04-04 03:54:17,501] {logging_mixin.py:104} INFO - [2021-04-04 03:54:17,500] {example_kubernetes_executor_config.py:175} WARNING - Install kubernetes dependencies with: pip install apache-airflow['cncf.kubernetes']
[2021-04-04 03:54:17,501] {scheduler_job.py:641} WARNING - No viable dags retrieved from /home/prathamesh/PycharmProjects/airflow-project/venv/lib/python3.8/site-packages/airflow/example_dags/example_kubernetes_executor_config.py
[2021-04-04 03:54:17,506] {scheduler_job.py:190} INFO - Processing /home/prathamesh/PycharmProjects/airflow-project/venv/lib/python3.8/site-packages/airflow/example_dags/example_kubernetes_executor_config.py took 0.013 seconds
[2021-04-04 03:54:48,573] {scheduler_job.py:182} INFO - Started process (PID=4578) to work on /home/prathamesh/PycharmProjects/airflow-project/venv/lib/python3.8/site-packages/airflow/example_dags/example_kubernetes_executor_config.py
[2021-04-04 03:54:48,575] {scheduler_job.py:629} INFO - Processing file /home/prathamesh/PycharmProjects/airflow-project/venv/lib/python3.8/site-packages/airflow/example_dags/example_kubernetes_executor_config.py for tasks to queue
[2021-04-04 03:54:48,575] {logging_mixin.py:104} INFO - [2021-04-04 03:54:48,575] {dagbag.py:448} INFO - Filling up the DagBag from /home/prathamesh/PycharmProjects/airflow-project/venv/lib/python3.8/site-packages/airflow/example_dags/example_kubernetes_executor_config.py
[2021-04-04 03:54:48,580] {logging_mixin.py:104} INFO - [2021-04-04 03:54:48,580] {example_kubernetes_executor_config.py:174} WARNING - Could not import DAGs in example_kubernetes_executor_config.py: No module named 'kubernetes'
[2021-04-04 03:54:48,580] {logging_mixin.py:104} INFO - [2021-04-04 03:54:48,580] {example_kubernetes_executor_config.py:175} WARNING - Install kubernetes dependencies with: pip install apache-airflow['cncf.kubernetes']
[2021-04-04 03:54:48,580] {scheduler_job.py:641} WARNING - No viable dags retrieved from /home/prathamesh/PycharmProjects/airflow-project/venv/lib/python3.8/site-packages/airflow/example_dags/example_kubernetes_executor_config.py
[2021-04-04 03:54:48,588] {scheduler_job.py:190} INFO - Processing /home/prathamesh/PycharmProjects/airflow-project/venv/lib/python3.8/site-packages/airflow/example_dags/example_kubernetes_executor_config.py took 0.017 seconds
[2021-04-04 03:55:19,710] {scheduler_job.py:182} INFO - Started process (PID=4608) to work on /home/prathamesh/PycharmProjects/airflow-project/venv/lib/python3.8/site-packages/airflow/example_dags/example_kubernetes_executor_config.py
[2021-04-04 03:55:19,728] {scheduler_job.py:629} INFO - Processing file /home/prathamesh/PycharmProjects/airflow-project/venv/lib/python3.8/site-packages/airflow/example_dags/example_kubernetes_executor_config.py for tasks to queue
[2021-04-04 03:55:19,729] {logging_mixin.py:104} INFO - [2021-04-04 03:55:19,729] {dagbag.py:448} INFO - Filling up the DagBag from /home/prathamesh/PycharmProjects/airflow-project/venv/lib/python3.8/site-packages/airflow/example_dags/example_kubernetes_executor_config.py
[2021-04-04 03:55:19,746] {logging_mixin.py:104} INFO - [2021-04-04 03:55:19,746] {example_kubernetes_executor_config.py:174} WARNING - Could not import DAGs in example_kubernetes_executor_config.py: No module named 'kubernetes'
[2021-04-04 03:55:19,746] {logging_mixin.py:104} INFO - [2021-04-04 03:55:19,746] {example_kubernetes_executor_config.py:175} WARNING - Install kubernetes dependencies with: pip install apache-airflow['cncf.kubernetes']
[2021-04-04 03:55:19,746] {scheduler_job.py:641} WARNING - No viable dags retrieved from /home/prathamesh/PycharmProjects/airflow-project/venv/lib/python3.8/site-packages/airflow/example_dags/example_kubernetes_executor_config.py
[2021-04-04 03:55:19,752] {scheduler_job.py:190} INFO - Processing /home/prathamesh/PycharmProjects/airflow-project/venv/lib/python3.8/site-packages/airflow/example_dags/example_kubernetes_executor_config.py took 0.072 seconds
[2021-04-04 03:55:50,447] {scheduler_job.py:182} INFO - Started process (PID=4639) to work on /home/prathamesh/PycharmProjects/airflow-project/venv/lib/python3.8/site-packages/airflow/example_dags/example_kubernetes_executor_config.py
[2021-04-04 03:55:50,447] {scheduler_job.py:629} INFO - Processing file /home/prathamesh/PycharmProjects/airflow-project/venv/lib/python3.8/site-packages/airflow/example_dags/example_kubernetes_executor_config.py for tasks to queue
[2021-04-04 03:55:50,448] {logging_mixin.py:104} INFO - [2021-04-04 03:55:50,448] {dagbag.py:448} INFO - Filling up the DagBag from /home/prathamesh/PycharmProjects/airflow-project/venv/lib/python3.8/site-packages/airflow/example_dags/example_kubernetes_executor_config.py
[2021-04-04 03:55:50,452] {logging_mixin.py:104} INFO - [2021-04-04 03:55:50,452] {example_kubernetes_executor_config.py:174} WARNING - Could not import DAGs in example_kubernetes_executor_config.py: No module named 'kubernetes'
[2021-04-04 03:55:50,452] {logging_mixin.py:104} INFO - [2021-04-04 03:55:50,452] {example_kubernetes_executor_config.py:175} WARNING - Install kubernetes dependencies with: pip install apache-airflow['cncf.kubernetes']
[2021-04-04 03:55:50,452] {scheduler_job.py:641} WARNING - No viable dags retrieved from /home/prathamesh/PycharmProjects/airflow-project/venv/lib/python3.8/site-packages/airflow/example_dags/example_kubernetes_executor_config.py
[2021-04-04 03:55:50,458] {scheduler_job.py:190} INFO - Processing /home/prathamesh/PycharmProjects/airflow-project/venv/lib/python3.8/site-packages/airflow/example_dags/example_kubernetes_executor_config.py took 0.014 seconds
[2021-04-04 03:56:21,509] {scheduler_job.py:182} INFO - Started process (PID=4694) to work on /home/prathamesh/PycharmProjects/airflow-project/venv/lib/python3.8/site-packages/airflow/example_dags/example_kubernetes_executor_config.py
[2021-04-04 03:56:21,509] {scheduler_job.py:629} INFO - Processing file /home/prathamesh/PycharmProjects/airflow-project/venv/lib/python3.8/site-packages/airflow/example_dags/example_kubernetes_executor_config.py for tasks to queue
[2021-04-04 03:56:21,510] {logging_mixin.py:104} INFO - [2021-04-04 03:56:21,509] {dagbag.py:448} INFO - Filling up the DagBag from /home/prathamesh/PycharmProjects/airflow-project/venv/lib/python3.8/site-packages/airflow/example_dags/example_kubernetes_executor_config.py
[2021-04-04 03:56:21,514] {logging_mixin.py:104} INFO - [2021-04-04 03:56:21,514] {example_kubernetes_executor_config.py:174} WARNING - Could not import DAGs in example_kubernetes_executor_config.py: No module named 'kubernetes'
[2021-04-04 03:56:21,514] {logging_mixin.py:104} INFO - [2021-04-04 03:56:21,514] {example_kubernetes_executor_config.py:175} WARNING - Install kubernetes dependencies with: pip install apache-airflow['cncf.kubernetes']
[2021-04-04 03:56:21,514] {scheduler_job.py:641} WARNING - No viable dags retrieved from /home/prathamesh/PycharmProjects/airflow-project/venv/lib/python3.8/site-packages/airflow/example_dags/example_kubernetes_executor_config.py
[2021-04-04 03:56:21,519] {scheduler_job.py:190} INFO - Processing /home/prathamesh/PycharmProjects/airflow-project/venv/lib/python3.8/site-packages/airflow/example_dags/example_kubernetes_executor_config.py took 0.012 seconds
[2021-04-04 03:56:52,225] {scheduler_job.py:182} INFO - Started process (PID=4727) to work on /home/prathamesh/PycharmProjects/airflow-project/venv/lib/python3.8/site-packages/airflow/example_dags/example_kubernetes_executor_config.py
[2021-04-04 03:56:52,226] {scheduler_job.py:629} INFO - Processing file /home/prathamesh/PycharmProjects/airflow-project/venv/lib/python3.8/site-packages/airflow/example_dags/example_kubernetes_executor_config.py for tasks to queue
[2021-04-04 03:56:52,227] {logging_mixin.py:104} INFO - [2021-04-04 03:56:52,227] {dagbag.py:448} INFO - Filling up the DagBag from /home/prathamesh/PycharmProjects/airflow-project/venv/lib/python3.8/site-packages/airflow/example_dags/example_kubernetes_executor_config.py
[2021-04-04 03:56:52,232] {logging_mixin.py:104} INFO - [2021-04-04 03:56:52,232] {example_kubernetes_executor_config.py:174} WARNING - Could not import DAGs in example_kubernetes_executor_config.py: No module named 'kubernetes'
[2021-04-04 03:56:52,232] {logging_mixin.py:104} INFO - [2021-04-04 03:56:52,232] {example_kubernetes_executor_config.py:175} WARNING - Install kubernetes dependencies with: pip install apache-airflow['cncf.kubernetes']
[2021-04-04 03:56:52,232] {scheduler_job.py:641} WARNING - No viable dags retrieved from /home/prathamesh/PycharmProjects/airflow-project/venv/lib/python3.8/site-packages/airflow/example_dags/example_kubernetes_executor_config.py
[2021-04-04 03:56:52,239] {scheduler_job.py:190} INFO - Processing /home/prathamesh/PycharmProjects/airflow-project/venv/lib/python3.8/site-packages/airflow/example_dags/example_kubernetes_executor_config.py took 0.019 seconds
[2021-04-04 03:57:23,278] {scheduler_job.py:182} INFO - Started process (PID=4756) to work on /home/prathamesh/PycharmProjects/airflow-project/venv/lib/python3.8/site-packages/airflow/example_dags/example_kubernetes_executor_config.py
[2021-04-04 03:57:23,279] {scheduler_job.py:629} INFO - Processing file /home/prathamesh/PycharmProjects/airflow-project/venv/lib/python3.8/site-packages/airflow/example_dags/example_kubernetes_executor_config.py for tasks to queue
[2021-04-04 03:57:23,279] {logging_mixin.py:104} INFO - [2021-04-04 03:57:23,279] {dagbag.py:448} INFO - Filling up the DagBag from /home/prathamesh/PycharmProjects/airflow-project/venv/lib/python3.8/site-packages/airflow/example_dags/example_kubernetes_executor_config.py
[2021-04-04 03:57:23,284] {logging_mixin.py:104} INFO - [2021-04-04 03:57:23,284] {example_kubernetes_executor_config.py:174} WARNING - Could not import DAGs in example_kubernetes_executor_config.py: No module named 'kubernetes'
[2021-04-04 03:57:23,284] {logging_mixin.py:104} INFO - [2021-04-04 03:57:23,284] {example_kubernetes_executor_config.py:175} WARNING - Install kubernetes dependencies with: pip install apache-airflow['cncf.kubernetes']
[2021-04-04 03:57:23,284] {scheduler_job.py:641} WARNING - No viable dags retrieved from /home/prathamesh/PycharmProjects/airflow-project/venv/lib/python3.8/site-packages/airflow/example_dags/example_kubernetes_executor_config.py
[2021-04-04 03:57:23,292] {scheduler_job.py:190} INFO - Processing /home/prathamesh/PycharmProjects/airflow-project/venv/lib/python3.8/site-packages/airflow/example_dags/example_kubernetes_executor_config.py took 0.017 seconds
[2021-04-04 03:57:54,661] {scheduler_job.py:182} INFO - Started process (PID=4785) to work on /home/prathamesh/PycharmProjects/airflow-project/venv/lib/python3.8/site-packages/airflow/example_dags/example_kubernetes_executor_config.py
[2021-04-04 03:57:54,663] {scheduler_job.py:629} INFO - Processing file /home/prathamesh/PycharmProjects/airflow-project/venv/lib/python3.8/site-packages/airflow/example_dags/example_kubernetes_executor_config.py for tasks to queue
[2021-04-04 03:57:54,664] {logging_mixin.py:104} INFO - [2021-04-04 03:57:54,664] {dagbag.py:448} INFO - Filling up the DagBag from /home/prathamesh/PycharmProjects/airflow-project/venv/lib/python3.8/site-packages/airflow/example_dags/example_kubernetes_executor_config.py
[2021-04-04 03:57:54,676] {logging_mixin.py:104} INFO - [2021-04-04 03:57:54,675] {example_kubernetes_executor_config.py:174} WARNING - Could not import DAGs in example_kubernetes_executor_config.py: No module named 'kubernetes'
[2021-04-04 03:57:54,676] {logging_mixin.py:104} INFO - [2021-04-04 03:57:54,676] {example_kubernetes_executor_config.py:175} WARNING - Install kubernetes dependencies with: pip install apache-airflow['cncf.kubernetes']
[2021-04-04 03:57:54,676] {scheduler_job.py:641} WARNING - No viable dags retrieved from /home/prathamesh/PycharmProjects/airflow-project/venv/lib/python3.8/site-packages/airflow/example_dags/example_kubernetes_executor_config.py
[2021-04-04 03:57:54,684] {scheduler_job.py:190} INFO - Processing /home/prathamesh/PycharmProjects/airflow-project/venv/lib/python3.8/site-packages/airflow/example_dags/example_kubernetes_executor_config.py took 0.029 seconds
[2021-04-04 04:07:53,152] {scheduler_job.py:182} INFO - Started process (PID=4977) to work on /home/prathamesh/PycharmProjects/airflow-project/venv/lib/python3.8/site-packages/airflow/example_dags/example_kubernetes_executor_config.py
[2021-04-04 04:07:53,153] {scheduler_job.py:629} INFO - Processing file /home/prathamesh/PycharmProjects/airflow-project/venv/lib/python3.8/site-packages/airflow/example_dags/example_kubernetes_executor_config.py for tasks to queue
[2021-04-04 04:07:53,153] {logging_mixin.py:104} INFO - [2021-04-04 04:07:53,153] {dagbag.py:448} INFO - Filling up the DagBag from /home/prathamesh/PycharmProjects/airflow-project/venv/lib/python3.8/site-packages/airflow/example_dags/example_kubernetes_executor_config.py
[2021-04-04 04:07:53,157] {logging_mixin.py:104} INFO - [2021-04-04 04:07:53,157] {example_kubernetes_executor_config.py:174} WARNING - Could not import DAGs in example_kubernetes_executor_config.py: No module named 'kubernetes'
[2021-04-04 04:07:53,157] {logging_mixin.py:104} INFO - [2021-04-04 04:07:53,157] {example_kubernetes_executor_config.py:175} WARNING - Install kubernetes dependencies with: pip install apache-airflow['cncf.kubernetes']
[2021-04-04 04:07:53,157] {scheduler_job.py:641} WARNING - No viable dags retrieved from /home/prathamesh/PycharmProjects/airflow-project/venv/lib/python3.8/site-packages/airflow/example_dags/example_kubernetes_executor_config.py
[2021-04-04 04:07:53,174] {scheduler_job.py:190} INFO - Processing /home/prathamesh/PycharmProjects/airflow-project/venv/lib/python3.8/site-packages/airflow/example_dags/example_kubernetes_executor_config.py took 0.024 seconds
[2021-04-04 04:08:23,872] {scheduler_job.py:182} INFO - Started process (PID=5018) to work on /home/prathamesh/PycharmProjects/airflow-project/venv/lib/python3.8/site-packages/airflow/example_dags/example_kubernetes_executor_config.py
[2021-04-04 04:08:23,873] {scheduler_job.py:629} INFO - Processing file /home/prathamesh/PycharmProjects/airflow-project/venv/lib/python3.8/site-packages/airflow/example_dags/example_kubernetes_executor_config.py for tasks to queue
[2021-04-04 04:08:23,873] {logging_mixin.py:104} INFO - [2021-04-04 04:08:23,873] {dagbag.py:448} INFO - Filling up the DagBag from /home/prathamesh/PycharmProjects/airflow-project/venv/lib/python3.8/site-packages/airflow/example_dags/example_kubernetes_executor_config.py
[2021-04-04 04:08:23,894] {logging_mixin.py:104} INFO - [2021-04-04 04:08:23,894] {example_kubernetes_executor_config.py:174} WARNING - Could not import DAGs in example_kubernetes_executor_config.py: No module named 'kubernetes'
[2021-04-04 04:08:23,894] {logging_mixin.py:104} INFO - [2021-04-04 04:08:23,894] {example_kubernetes_executor_config.py:175} WARNING - Install kubernetes dependencies with: pip install apache-airflow['cncf.kubernetes']
[2021-04-04 04:08:23,894] {scheduler_job.py:641} WARNING - No viable dags retrieved from /home/prathamesh/PycharmProjects/airflow-project/venv/lib/python3.8/site-packages/airflow/example_dags/example_kubernetes_executor_config.py
[2021-04-04 04:08:23,901] {scheduler_job.py:190} INFO - Processing /home/prathamesh/PycharmProjects/airflow-project/venv/lib/python3.8/site-packages/airflow/example_dags/example_kubernetes_executor_config.py took 0.031 seconds
[2021-04-04 04:08:55,814] {scheduler_job.py:182} INFO - Started process (PID=5046) to work on /home/prathamesh/PycharmProjects/airflow-project/venv/lib/python3.8/site-packages/airflow/example_dags/example_kubernetes_executor_config.py
[2021-04-04 04:08:55,816] {scheduler_job.py:629} INFO - Processing file /home/prathamesh/PycharmProjects/airflow-project/venv/lib/python3.8/site-packages/airflow/example_dags/example_kubernetes_executor_config.py for tasks to queue
[2021-04-04 04:08:55,817] {logging_mixin.py:104} INFO - [2021-04-04 04:08:55,816] {dagbag.py:448} INFO - Filling up the DagBag from /home/prathamesh/PycharmProjects/airflow-project/venv/lib/python3.8/site-packages/airflow/example_dags/example_kubernetes_executor_config.py
[2021-04-04 04:08:55,835] {logging_mixin.py:104} INFO - [2021-04-04 04:08:55,835] {example_kubernetes_executor_config.py:174} WARNING - Could not import DAGs in example_kubernetes_executor_config.py: No module named 'kubernetes'
[2021-04-04 04:08:55,835] {logging_mixin.py:104} INFO - [2021-04-04 04:08:55,835] {example_kubernetes_executor_config.py:175} WARNING - Install kubernetes dependencies with: pip install apache-airflow['cncf.kubernetes']
[2021-04-04 04:08:55,835] {scheduler_job.py:641} WARNING - No viable dags retrieved from /home/prathamesh/PycharmProjects/airflow-project/venv/lib/python3.8/site-packages/airflow/example_dags/example_kubernetes_executor_config.py
[2021-04-04 04:08:55,840] {scheduler_job.py:190} INFO - Processing /home/prathamesh/PycharmProjects/airflow-project/venv/lib/python3.8/site-packages/airflow/example_dags/example_kubernetes_executor_config.py took 0.028 seconds
[2021-04-04 04:09:27,675] {scheduler_job.py:182} INFO - Started process (PID=5085) to work on /home/prathamesh/PycharmProjects/airflow-project/venv/lib/python3.8/site-packages/airflow/example_dags/example_kubernetes_executor_config.py
[2021-04-04 04:09:27,676] {scheduler_job.py:629} INFO - Processing file /home/prathamesh/PycharmProjects/airflow-project/venv/lib/python3.8/site-packages/airflow/example_dags/example_kubernetes_executor_config.py for tasks to queue
[2021-04-04 04:09:27,677] {logging_mixin.py:104} INFO - [2021-04-04 04:09:27,676] {dagbag.py:448} INFO - Filling up the DagBag from /home/prathamesh/PycharmProjects/airflow-project/venv/lib/python3.8/site-packages/airflow/example_dags/example_kubernetes_executor_config.py
[2021-04-04 04:09:27,681] {logging_mixin.py:104} INFO - [2021-04-04 04:09:27,681] {example_kubernetes_executor_config.py:174} WARNING - Could not import DAGs in example_kubernetes_executor_config.py: No module named 'kubernetes'
[2021-04-04 04:09:27,681] {logging_mixin.py:104} INFO - [2021-04-04 04:09:27,681] {example_kubernetes_executor_config.py:175} WARNING - Install kubernetes dependencies with: pip install apache-airflow['cncf.kubernetes']
[2021-04-04 04:09:27,681] {scheduler_job.py:641} WARNING - No viable dags retrieved from /home/prathamesh/PycharmProjects/airflow-project/venv/lib/python3.8/site-packages/airflow/example_dags/example_kubernetes_executor_config.py
[2021-04-04 04:09:27,698] {scheduler_job.py:190} INFO - Processing /home/prathamesh/PycharmProjects/airflow-project/venv/lib/python3.8/site-packages/airflow/example_dags/example_kubernetes_executor_config.py took 0.024 seconds
[2021-04-04 04:09:58,036] {scheduler_job.py:182} INFO - Started process (PID=5116) to work on /home/prathamesh/PycharmProjects/airflow-project/venv/lib/python3.8/site-packages/airflow/example_dags/example_kubernetes_executor_config.py
[2021-04-04 04:09:58,037] {scheduler_job.py:629} INFO - Processing file /home/prathamesh/PycharmProjects/airflow-project/venv/lib/python3.8/site-packages/airflow/example_dags/example_kubernetes_executor_config.py for tasks to queue
[2021-04-04 04:09:58,037] {logging_mixin.py:104} INFO - [2021-04-04 04:09:58,037] {dagbag.py:448} INFO - Filling up the DagBag from /home/prathamesh/PycharmProjects/airflow-project/venv/lib/python3.8/site-packages/airflow/example_dags/example_kubernetes_executor_config.py
[2021-04-04 04:09:58,043] {logging_mixin.py:104} INFO - [2021-04-04 04:09:58,043] {example_kubernetes_executor_config.py:174} WARNING - Could not import DAGs in example_kubernetes_executor_config.py: No module named 'kubernetes'
[2021-04-04 04:09:58,043] {logging_mixin.py:104} INFO - [2021-04-04 04:09:58,043] {example_kubernetes_executor_config.py:175} WARNING - Install kubernetes dependencies with: pip install apache-airflow['cncf.kubernetes']
[2021-04-04 04:09:58,043] {scheduler_job.py:641} WARNING - No viable dags retrieved from /home/prathamesh/PycharmProjects/airflow-project/venv/lib/python3.8/site-packages/airflow/example_dags/example_kubernetes_executor_config.py
[2021-04-04 04:09:58,049] {scheduler_job.py:190} INFO - Processing /home/prathamesh/PycharmProjects/airflow-project/venv/lib/python3.8/site-packages/airflow/example_dags/example_kubernetes_executor_config.py took 0.017 seconds
[2021-04-04 04:10:31,454] {scheduler_job.py:182} INFO - Started process (PID=5180) to work on /home/prathamesh/PycharmProjects/airflow-project/venv/lib/python3.8/site-packages/airflow/example_dags/example_kubernetes_executor_config.py
[2021-04-04 04:10:31,456] {scheduler_job.py:629} INFO - Processing file /home/prathamesh/PycharmProjects/airflow-project/venv/lib/python3.8/site-packages/airflow/example_dags/example_kubernetes_executor_config.py for tasks to queue
[2021-04-04 04:10:31,456] {logging_mixin.py:104} INFO - [2021-04-04 04:10:31,456] {dagbag.py:448} INFO - Filling up the DagBag from /home/prathamesh/PycharmProjects/airflow-project/venv/lib/python3.8/site-packages/airflow/example_dags/example_kubernetes_executor_config.py
[2021-04-04 04:10:31,464] {logging_mixin.py:104} INFO - [2021-04-04 04:10:31,464] {example_kubernetes_executor_config.py:174} WARNING - Could not import DAGs in example_kubernetes_executor_config.py: No module named 'kubernetes'
[2021-04-04 04:10:31,464] {logging_mixin.py:104} INFO - [2021-04-04 04:10:31,464] {example_kubernetes_executor_config.py:175} WARNING - Install kubernetes dependencies with: pip install apache-airflow['cncf.kubernetes']
[2021-04-04 04:10:31,465] {scheduler_job.py:641} WARNING - No viable dags retrieved from /home/prathamesh/PycharmProjects/airflow-project/venv/lib/python3.8/site-packages/airflow/example_dags/example_kubernetes_executor_config.py
[2021-04-04 04:10:31,471] {scheduler_job.py:190} INFO - Processing /home/prathamesh/PycharmProjects/airflow-project/venv/lib/python3.8/site-packages/airflow/example_dags/example_kubernetes_executor_config.py took 0.026 seconds
[2021-04-04 04:11:02,222] {scheduler_job.py:182} INFO - Started process (PID=5210) to work on /home/prathamesh/PycharmProjects/airflow-project/venv/lib/python3.8/site-packages/airflow/example_dags/example_kubernetes_executor_config.py
[2021-04-04 04:11:02,223] {scheduler_job.py:629} INFO - Processing file /home/prathamesh/PycharmProjects/airflow-project/venv/lib/python3.8/site-packages/airflow/example_dags/example_kubernetes_executor_config.py for tasks to queue
[2021-04-04 04:11:02,223] {logging_mixin.py:104} INFO - [2021-04-04 04:11:02,223] {dagbag.py:448} INFO - Filling up the DagBag from /home/prathamesh/PycharmProjects/airflow-project/venv/lib/python3.8/site-packages/airflow/example_dags/example_kubernetes_executor_config.py
[2021-04-04 04:11:02,228] {logging_mixin.py:104} INFO - [2021-04-04 04:11:02,228] {example_kubernetes_executor_config.py:174} WARNING - Could not import DAGs in example_kubernetes_executor_config.py: No module named 'kubernetes'
[2021-04-04 04:11:02,228] {logging_mixin.py:104} INFO - [2021-04-04 04:11:02,228] {example_kubernetes_executor_config.py:175} WARNING - Install kubernetes dependencies with: pip install apache-airflow['cncf.kubernetes']
[2021-04-04 04:11:02,229] {scheduler_job.py:641} WARNING - No viable dags retrieved from /home/prathamesh/PycharmProjects/airflow-project/venv/lib/python3.8/site-packages/airflow/example_dags/example_kubernetes_executor_config.py
[2021-04-04 04:11:02,234] {scheduler_job.py:190} INFO - Processing /home/prathamesh/PycharmProjects/airflow-project/venv/lib/python3.8/site-packages/airflow/example_dags/example_kubernetes_executor_config.py took 0.015 seconds
[2021-04-04 04:11:32,907] {scheduler_job.py:182} INFO - Started process (PID=5269) to work on /home/prathamesh/PycharmProjects/airflow-project/venv/lib/python3.8/site-packages/airflow/example_dags/example_kubernetes_executor_config.py
[2021-04-04 04:11:32,908] {scheduler_job.py:629} INFO - Processing file /home/prathamesh/PycharmProjects/airflow-project/venv/lib/python3.8/site-packages/airflow/example_dags/example_kubernetes_executor_config.py for tasks to queue
[2021-04-04 04:11:32,909] {logging_mixin.py:104} INFO - [2021-04-04 04:11:32,908] {dagbag.py:448} INFO - Filling up the DagBag from /home/prathamesh/PycharmProjects/airflow-project/venv/lib/python3.8/site-packages/airflow/example_dags/example_kubernetes_executor_config.py
[2021-04-04 04:11:32,912] {logging_mixin.py:104} INFO - [2021-04-04 04:11:32,912] {example_kubernetes_executor_config.py:174} WARNING - Could not import DAGs in example_kubernetes_executor_config.py: No module named 'kubernetes'
[2021-04-04 04:11:32,913] {logging_mixin.py:104} INFO - [2021-04-04 04:11:32,913] {example_kubernetes_executor_config.py:175} WARNING - Install kubernetes dependencies with: pip install apache-airflow['cncf.kubernetes']
[2021-04-04 04:11:32,913] {scheduler_job.py:641} WARNING - No viable dags retrieved from /home/prathamesh/PycharmProjects/airflow-project/venv/lib/python3.8/site-packages/airflow/example_dags/example_kubernetes_executor_config.py
[2021-04-04 04:11:32,918] {scheduler_job.py:190} INFO - Processing /home/prathamesh/PycharmProjects/airflow-project/venv/lib/python3.8/site-packages/airflow/example_dags/example_kubernetes_executor_config.py took 0.012 seconds
[2021-04-04 04:12:03,707] {scheduler_job.py:182} INFO - Started process (PID=5305) to work on /home/prathamesh/PycharmProjects/airflow-project/venv/lib/python3.8/site-packages/airflow/example_dags/example_kubernetes_executor_config.py
[2021-04-04 04:12:03,708] {scheduler_job.py:629} INFO - Processing file /home/prathamesh/PycharmProjects/airflow-project/venv/lib/python3.8/site-packages/airflow/example_dags/example_kubernetes_executor_config.py for tasks to queue
[2021-04-04 04:12:03,709] {logging_mixin.py:104} INFO - [2021-04-04 04:12:03,708] {dagbag.py:448} INFO - Filling up the DagBag from /home/prathamesh/PycharmProjects/airflow-project/venv/lib/python3.8/site-packages/airflow/example_dags/example_kubernetes_executor_config.py
[2021-04-04 04:12:03,723] {logging_mixin.py:104} INFO - [2021-04-04 04:12:03,723] {example_kubernetes_executor_config.py:174} WARNING - Could not import DAGs in example_kubernetes_executor_config.py: No module named 'kubernetes'
[2021-04-04 04:12:03,723] {logging_mixin.py:104} INFO - [2021-04-04 04:12:03,723] {example_kubernetes_executor_config.py:175} WARNING - Install kubernetes dependencies with: pip install apache-airflow['cncf.kubernetes']
[2021-04-04 04:12:03,723] {scheduler_job.py:641} WARNING - No viable dags retrieved from /home/prathamesh/PycharmProjects/airflow-project/venv/lib/python3.8/site-packages/airflow/example_dags/example_kubernetes_executor_config.py
[2021-04-04 04:12:03,728] {scheduler_job.py:190} INFO - Processing /home/prathamesh/PycharmProjects/airflow-project/venv/lib/python3.8/site-packages/airflow/example_dags/example_kubernetes_executor_config.py took 0.023 seconds
[2021-04-04 04:12:34,673] {scheduler_job.py:182} INFO - Started process (PID=5353) to work on /home/prathamesh/PycharmProjects/airflow-project/venv/lib/python3.8/site-packages/airflow/example_dags/example_kubernetes_executor_config.py
[2021-04-04 04:12:34,674] {scheduler_job.py:629} INFO - Processing file /home/prathamesh/PycharmProjects/airflow-project/venv/lib/python3.8/site-packages/airflow/example_dags/example_kubernetes_executor_config.py for tasks to queue
[2021-04-04 04:12:34,675] {logging_mixin.py:104} INFO - [2021-04-04 04:12:34,675] {dagbag.py:448} INFO - Filling up the DagBag from /home/prathamesh/PycharmProjects/airflow-project/venv/lib/python3.8/site-packages/airflow/example_dags/example_kubernetes_executor_config.py
[2021-04-04 04:12:34,685] {logging_mixin.py:104} INFO - [2021-04-04 04:12:34,685] {example_kubernetes_executor_config.py:174} WARNING - Could not import DAGs in example_kubernetes_executor_config.py: No module named 'kubernetes'
[2021-04-04 04:12:34,685] {logging_mixin.py:104} INFO - [2021-04-04 04:12:34,685] {example_kubernetes_executor_config.py:175} WARNING - Install kubernetes dependencies with: pip install apache-airflow['cncf.kubernetes']
[2021-04-04 04:12:34,685] {scheduler_job.py:641} WARNING - No viable dags retrieved from /home/prathamesh/PycharmProjects/airflow-project/venv/lib/python3.8/site-packages/airflow/example_dags/example_kubernetes_executor_config.py
[2021-04-04 04:12:34,692] {scheduler_job.py:190} INFO - Processing /home/prathamesh/PycharmProjects/airflow-project/venv/lib/python3.8/site-packages/airflow/example_dags/example_kubernetes_executor_config.py took 0.023 seconds
[2021-04-04 16:21:25,927] {scheduler_job.py:182} INFO - Started process (PID=3267) to work on /home/prathamesh/PycharmProjects/airflow-project/venv/lib/python3.8/site-packages/airflow/example_dags/example_kubernetes_executor_config.py
[2021-04-04 16:21:25,931] {scheduler_job.py:629} INFO - Processing file /home/prathamesh/PycharmProjects/airflow-project/venv/lib/python3.8/site-packages/airflow/example_dags/example_kubernetes_executor_config.py for tasks to queue
[2021-04-04 16:21:25,931] {logging_mixin.py:104} INFO - [2021-04-04 16:21:25,931] {dagbag.py:448} INFO - Filling up the DagBag from /home/prathamesh/PycharmProjects/airflow-project/venv/lib/python3.8/site-packages/airflow/example_dags/example_kubernetes_executor_config.py
[2021-04-04 16:21:25,936] {logging_mixin.py:104} INFO - [2021-04-04 16:21:25,936] {example_kubernetes_executor_config.py:174} WARNING - Could not import DAGs in example_kubernetes_executor_config.py: No module named 'kubernetes'
[2021-04-04 16:21:25,936] {logging_mixin.py:104} INFO - [2021-04-04 16:21:25,936] {example_kubernetes_executor_config.py:175} WARNING - Install kubernetes dependencies with: pip install apache-airflow['cncf.kubernetes']
[2021-04-04 16:21:25,936] {scheduler_job.py:641} WARNING - No viable dags retrieved from /home/prathamesh/PycharmProjects/airflow-project/venv/lib/python3.8/site-packages/airflow/example_dags/example_kubernetes_executor_config.py
[2021-04-04 16:21:25,942] {scheduler_job.py:190} INFO - Processing /home/prathamesh/PycharmProjects/airflow-project/venv/lib/python3.8/site-packages/airflow/example_dags/example_kubernetes_executor_config.py took 0.017 seconds
[2021-04-04 16:21:56,860] {scheduler_job.py:182} INFO - Started process (PID=3497) to work on /home/prathamesh/PycharmProjects/airflow-project/venv/lib/python3.8/site-packages/airflow/example_dags/example_kubernetes_executor_config.py
[2021-04-04 16:21:56,861] {scheduler_job.py:629} INFO - Processing file /home/prathamesh/PycharmProjects/airflow-project/venv/lib/python3.8/site-packages/airflow/example_dags/example_kubernetes_executor_config.py for tasks to queue
[2021-04-04 16:21:56,861] {logging_mixin.py:104} INFO - [2021-04-04 16:21:56,861] {dagbag.py:448} INFO - Filling up the DagBag from /home/prathamesh/PycharmProjects/airflow-project/venv/lib/python3.8/site-packages/airflow/example_dags/example_kubernetes_executor_config.py
[2021-04-04 16:21:56,871] {logging_mixin.py:104} INFO - [2021-04-04 16:21:56,871] {example_kubernetes_executor_config.py:174} WARNING - Could not import DAGs in example_kubernetes_executor_config.py: No module named 'kubernetes'
[2021-04-04 16:21:56,871] {logging_mixin.py:104} INFO - [2021-04-04 16:21:56,871] {example_kubernetes_executor_config.py:175} WARNING - Install kubernetes dependencies with: pip install apache-airflow['cncf.kubernetes']
[2021-04-04 16:21:56,871] {scheduler_job.py:641} WARNING - No viable dags retrieved from /home/prathamesh/PycharmProjects/airflow-project/venv/lib/python3.8/site-packages/airflow/example_dags/example_kubernetes_executor_config.py
[2021-04-04 16:21:56,879] {scheduler_job.py:190} INFO - Processing /home/prathamesh/PycharmProjects/airflow-project/venv/lib/python3.8/site-packages/airflow/example_dags/example_kubernetes_executor_config.py took 0.021 seconds
[2021-04-04 16:22:27,663] {scheduler_job.py:182} INFO - Started process (PID=3558) to work on /home/prathamesh/PycharmProjects/airflow-project/venv/lib/python3.8/site-packages/airflow/example_dags/example_kubernetes_executor_config.py
[2021-04-04 16:22:27,664] {scheduler_job.py:629} INFO - Processing file /home/prathamesh/PycharmProjects/airflow-project/venv/lib/python3.8/site-packages/airflow/example_dags/example_kubernetes_executor_config.py for tasks to queue
[2021-04-04 16:22:27,665] {logging_mixin.py:104} INFO - [2021-04-04 16:22:27,665] {dagbag.py:448} INFO - Filling up the DagBag from /home/prathamesh/PycharmProjects/airflow-project/venv/lib/python3.8/site-packages/airflow/example_dags/example_kubernetes_executor_config.py
[2021-04-04 16:22:27,669] {logging_mixin.py:104} INFO - [2021-04-04 16:22:27,669] {example_kubernetes_executor_config.py:174} WARNING - Could not import DAGs in example_kubernetes_executor_config.py: No module named 'kubernetes'
[2021-04-04 16:22:27,669] {logging_mixin.py:104} INFO - [2021-04-04 16:22:27,669] {example_kubernetes_executor_config.py:175} WARNING - Install kubernetes dependencies with: pip install apache-airflow['cncf.kubernetes']
[2021-04-04 16:22:27,669] {scheduler_job.py:641} WARNING - No viable dags retrieved from /home/prathamesh/PycharmProjects/airflow-project/venv/lib/python3.8/site-packages/airflow/example_dags/example_kubernetes_executor_config.py
[2021-04-04 16:22:27,675] {scheduler_job.py:190} INFO - Processing /home/prathamesh/PycharmProjects/airflow-project/venv/lib/python3.8/site-packages/airflow/example_dags/example_kubernetes_executor_config.py took 0.014 seconds
[2021-04-04 16:22:58,253] {scheduler_job.py:182} INFO - Started process (PID=3585) to work on /home/prathamesh/PycharmProjects/airflow-project/venv/lib/python3.8/site-packages/airflow/example_dags/example_kubernetes_executor_config.py
[2021-04-04 16:22:58,255] {scheduler_job.py:629} INFO - Processing file /home/prathamesh/PycharmProjects/airflow-project/venv/lib/python3.8/site-packages/airflow/example_dags/example_kubernetes_executor_config.py for tasks to queue
[2021-04-04 16:22:58,255] {logging_mixin.py:104} INFO - [2021-04-04 16:22:58,255] {dagbag.py:448} INFO - Filling up the DagBag from /home/prathamesh/PycharmProjects/airflow-project/venv/lib/python3.8/site-packages/airflow/example_dags/example_kubernetes_executor_config.py
[2021-04-04 16:22:58,259] {logging_mixin.py:104} INFO - [2021-04-04 16:22:58,259] {example_kubernetes_executor_config.py:174} WARNING - Could not import DAGs in example_kubernetes_executor_config.py: No module named 'kubernetes'
[2021-04-04 16:22:58,259] {logging_mixin.py:104} INFO - [2021-04-04 16:22:58,259] {example_kubernetes_executor_config.py:175} WARNING - Install kubernetes dependencies with: pip install apache-airflow['cncf.kubernetes']
[2021-04-04 16:22:58,259] {scheduler_job.py:641} WARNING - No viable dags retrieved from /home/prathamesh/PycharmProjects/airflow-project/venv/lib/python3.8/site-packages/airflow/example_dags/example_kubernetes_executor_config.py
[2021-04-04 16:22:58,265] {scheduler_job.py:190} INFO - Processing /home/prathamesh/PycharmProjects/airflow-project/venv/lib/python3.8/site-packages/airflow/example_dags/example_kubernetes_executor_config.py took 0.037 seconds
[2021-04-04 16:23:28,889] {scheduler_job.py:182} INFO - Started process (PID=3613) to work on /home/prathamesh/PycharmProjects/airflow-project/venv/lib/python3.8/site-packages/airflow/example_dags/example_kubernetes_executor_config.py
[2021-04-04 16:23:28,889] {scheduler_job.py:629} INFO - Processing file /home/prathamesh/PycharmProjects/airflow-project/venv/lib/python3.8/site-packages/airflow/example_dags/example_kubernetes_executor_config.py for tasks to queue
[2021-04-04 16:23:28,890] {logging_mixin.py:104} INFO - [2021-04-04 16:23:28,890] {dagbag.py:448} INFO - Filling up the DagBag from /home/prathamesh/PycharmProjects/airflow-project/venv/lib/python3.8/site-packages/airflow/example_dags/example_kubernetes_executor_config.py
[2021-04-04 16:23:28,894] {logging_mixin.py:104} INFO - [2021-04-04 16:23:28,894] {example_kubernetes_executor_config.py:174} WARNING - Could not import DAGs in example_kubernetes_executor_config.py: No module named 'kubernetes'
[2021-04-04 16:23:28,894] {logging_mixin.py:104} INFO - [2021-04-04 16:23:28,894] {example_kubernetes_executor_config.py:175} WARNING - Install kubernetes dependencies with: pip install apache-airflow['cncf.kubernetes']
[2021-04-04 16:23:28,894] {scheduler_job.py:641} WARNING - No viable dags retrieved from /home/prathamesh/PycharmProjects/airflow-project/venv/lib/python3.8/site-packages/airflow/example_dags/example_kubernetes_executor_config.py
[2021-04-04 16:23:28,901] {scheduler_job.py:190} INFO - Processing /home/prathamesh/PycharmProjects/airflow-project/venv/lib/python3.8/site-packages/airflow/example_dags/example_kubernetes_executor_config.py took 0.015 seconds
