[2021-04-04 03:36:14,072] {scheduler_job.py:182} INFO - Started process (PID=3005) to work on /home/prathamesh/PycharmProjects/airflow-project/venv/lib/python3.8/site-packages/airflow/example_dags/example_latest_only_with_trigger.py
[2021-04-04 03:36:14,073] {scheduler_job.py:629} INFO - Processing file /home/prathamesh/PycharmProjects/airflow-project/venv/lib/python3.8/site-packages/airflow/example_dags/example_latest_only_with_trigger.py for tasks to queue
[2021-04-04 03:36:14,073] {logging_mixin.py:104} INFO - [2021-04-04 03:36:14,073] {dagbag.py:448} INFO - Filling up the DagBag from /home/prathamesh/PycharmProjects/airflow-project/venv/lib/python3.8/site-packages/airflow/example_dags/example_latest_only_with_trigger.py
[2021-04-04 03:36:14,128] {scheduler_job.py:639} INFO - DAG(s) dict_keys(['latest_only_with_trigger']) retrieved from /home/prathamesh/PycharmProjects/airflow-project/venv/lib/python3.8/site-packages/airflow/example_dags/example_latest_only_with_trigger.py
[2021-04-04 03:36:14,192] {logging_mixin.py:104} INFO - [2021-04-04 03:36:14,192] {dag.py:1818} INFO - Sync 1 DAGs
[2021-04-04 03:36:14,278] {logging_mixin.py:104} INFO - [2021-04-04 03:36:14,278] {dag.py:2273} INFO - Setting next_dagrun for latest_only_with_trigger to 2021-04-02 00:00:00+00:00
[2021-04-04 03:36:14,308] {scheduler_job.py:190} INFO - Processing /home/prathamesh/PycharmProjects/airflow-project/venv/lib/python3.8/site-packages/airflow/example_dags/example_latest_only_with_trigger.py took 0.238 seconds
[2021-04-04 03:36:45,491] {scheduler_job.py:182} INFO - Started process (PID=3226) to work on /home/prathamesh/PycharmProjects/airflow-project/venv/lib/python3.8/site-packages/airflow/example_dags/example_latest_only_with_trigger.py
[2021-04-04 03:36:45,495] {scheduler_job.py:629} INFO - Processing file /home/prathamesh/PycharmProjects/airflow-project/venv/lib/python3.8/site-packages/airflow/example_dags/example_latest_only_with_trigger.py for tasks to queue
[2021-04-04 03:36:45,496] {logging_mixin.py:104} INFO - [2021-04-04 03:36:45,496] {dagbag.py:448} INFO - Filling up the DagBag from /home/prathamesh/PycharmProjects/airflow-project/venv/lib/python3.8/site-packages/airflow/example_dags/example_latest_only_with_trigger.py
[2021-04-04 03:36:45,518] {scheduler_job.py:639} INFO - DAG(s) dict_keys(['latest_only_with_trigger']) retrieved from /home/prathamesh/PycharmProjects/airflow-project/venv/lib/python3.8/site-packages/airflow/example_dags/example_latest_only_with_trigger.py
[2021-04-04 03:36:45,558] {logging_mixin.py:104} INFO - [2021-04-04 03:36:45,543] {dag.py:1818} INFO - Sync 1 DAGs
[2021-04-04 03:36:45,602] {logging_mixin.py:104} INFO - [2021-04-04 03:36:45,602] {dag.py:2273} INFO - Setting next_dagrun for latest_only_with_trigger to 2021-04-02 00:00:00+00:00
[2021-04-04 03:36:45,617] {scheduler_job.py:190} INFO - Processing /home/prathamesh/PycharmProjects/airflow-project/venv/lib/python3.8/site-packages/airflow/example_dags/example_latest_only_with_trigger.py took 0.129 seconds
[2021-04-04 03:37:17,407] {scheduler_job.py:182} INFO - Started process (PID=3261) to work on /home/prathamesh/PycharmProjects/airflow-project/venv/lib/python3.8/site-packages/airflow/example_dags/example_latest_only_with_trigger.py
[2021-04-04 03:37:17,409] {scheduler_job.py:629} INFO - Processing file /home/prathamesh/PycharmProjects/airflow-project/venv/lib/python3.8/site-packages/airflow/example_dags/example_latest_only_with_trigger.py for tasks to queue
[2021-04-04 03:37:17,409] {logging_mixin.py:104} INFO - [2021-04-04 03:37:17,409] {dagbag.py:448} INFO - Filling up the DagBag from /home/prathamesh/PycharmProjects/airflow-project/venv/lib/python3.8/site-packages/airflow/example_dags/example_latest_only_with_trigger.py
[2021-04-04 03:37:17,438] {scheduler_job.py:639} INFO - DAG(s) dict_keys(['latest_only_with_trigger']) retrieved from /home/prathamesh/PycharmProjects/airflow-project/venv/lib/python3.8/site-packages/airflow/example_dags/example_latest_only_with_trigger.py
[2021-04-04 03:37:17,480] {logging_mixin.py:104} INFO - [2021-04-04 03:37:17,479] {dag.py:1818} INFO - Sync 1 DAGs
[2021-04-04 03:37:17,495] {logging_mixin.py:104} INFO - [2021-04-04 03:37:17,495] {dag.py:2273} INFO - Setting next_dagrun for latest_only_with_trigger to 2021-04-02 00:00:00+00:00
[2021-04-04 03:37:17,502] {scheduler_job.py:190} INFO - Processing /home/prathamesh/PycharmProjects/airflow-project/venv/lib/python3.8/site-packages/airflow/example_dags/example_latest_only_with_trigger.py took 0.116 seconds
[2021-04-04 03:37:48,328] {scheduler_job.py:182} INFO - Started process (PID=3292) to work on /home/prathamesh/PycharmProjects/airflow-project/venv/lib/python3.8/site-packages/airflow/example_dags/example_latest_only_with_trigger.py
[2021-04-04 03:37:48,329] {scheduler_job.py:629} INFO - Processing file /home/prathamesh/PycharmProjects/airflow-project/venv/lib/python3.8/site-packages/airflow/example_dags/example_latest_only_with_trigger.py for tasks to queue
[2021-04-04 03:37:48,329] {logging_mixin.py:104} INFO - [2021-04-04 03:37:48,329] {dagbag.py:448} INFO - Filling up the DagBag from /home/prathamesh/PycharmProjects/airflow-project/venv/lib/python3.8/site-packages/airflow/example_dags/example_latest_only_with_trigger.py
[2021-04-04 03:37:48,337] {scheduler_job.py:639} INFO - DAG(s) dict_keys(['latest_only_with_trigger']) retrieved from /home/prathamesh/PycharmProjects/airflow-project/venv/lib/python3.8/site-packages/airflow/example_dags/example_latest_only_with_trigger.py
[2021-04-04 03:37:48,347] {logging_mixin.py:104} INFO - [2021-04-04 03:37:48,347] {dag.py:1818} INFO - Sync 1 DAGs
[2021-04-04 03:37:48,360] {logging_mixin.py:104} INFO - [2021-04-04 03:37:48,360] {dag.py:2273} INFO - Setting next_dagrun for latest_only_with_trigger to 2021-04-02 00:00:00+00:00
[2021-04-04 03:37:48,364] {scheduler_job.py:190} INFO - Processing /home/prathamesh/PycharmProjects/airflow-project/venv/lib/python3.8/site-packages/airflow/example_dags/example_latest_only_with_trigger.py took 0.039 seconds
[2021-04-04 03:38:18,852] {scheduler_job.py:182} INFO - Started process (PID=3321) to work on /home/prathamesh/PycharmProjects/airflow-project/venv/lib/python3.8/site-packages/airflow/example_dags/example_latest_only_with_trigger.py
[2021-04-04 03:38:18,853] {scheduler_job.py:629} INFO - Processing file /home/prathamesh/PycharmProjects/airflow-project/venv/lib/python3.8/site-packages/airflow/example_dags/example_latest_only_with_trigger.py for tasks to queue
[2021-04-04 03:38:18,854] {logging_mixin.py:104} INFO - [2021-04-04 03:38:18,854] {dagbag.py:448} INFO - Filling up the DagBag from /home/prathamesh/PycharmProjects/airflow-project/venv/lib/python3.8/site-packages/airflow/example_dags/example_latest_only_with_trigger.py
[2021-04-04 03:38:18,863] {scheduler_job.py:639} INFO - DAG(s) dict_keys(['latest_only_with_trigger']) retrieved from /home/prathamesh/PycharmProjects/airflow-project/venv/lib/python3.8/site-packages/airflow/example_dags/example_latest_only_with_trigger.py
[2021-04-04 03:38:18,880] {logging_mixin.py:104} INFO - [2021-04-04 03:38:18,880] {dag.py:1818} INFO - Sync 1 DAGs
[2021-04-04 03:38:18,891] {logging_mixin.py:104} INFO - [2021-04-04 03:38:18,891] {dag.py:2273} INFO - Setting next_dagrun for latest_only_with_trigger to 2021-04-02 00:00:00+00:00
[2021-04-04 03:38:18,897] {scheduler_job.py:190} INFO - Processing /home/prathamesh/PycharmProjects/airflow-project/venv/lib/python3.8/site-packages/airflow/example_dags/example_latest_only_with_trigger.py took 0.047 seconds
[2021-04-04 03:38:49,852] {scheduler_job.py:182} INFO - Started process (PID=3357) to work on /home/prathamesh/PycharmProjects/airflow-project/venv/lib/python3.8/site-packages/airflow/example_dags/example_latest_only_with_trigger.py
[2021-04-04 03:38:49,854] {scheduler_job.py:629} INFO - Processing file /home/prathamesh/PycharmProjects/airflow-project/venv/lib/python3.8/site-packages/airflow/example_dags/example_latest_only_with_trigger.py for tasks to queue
[2021-04-04 03:38:49,855] {logging_mixin.py:104} INFO - [2021-04-04 03:38:49,854] {dagbag.py:448} INFO - Filling up the DagBag from /home/prathamesh/PycharmProjects/airflow-project/venv/lib/python3.8/site-packages/airflow/example_dags/example_latest_only_with_trigger.py
[2021-04-04 03:38:49,862] {scheduler_job.py:639} INFO - DAG(s) dict_keys(['latest_only_with_trigger']) retrieved from /home/prathamesh/PycharmProjects/airflow-project/venv/lib/python3.8/site-packages/airflow/example_dags/example_latest_only_with_trigger.py
[2021-04-04 03:38:49,872] {logging_mixin.py:104} INFO - [2021-04-04 03:38:49,872] {dag.py:1818} INFO - Sync 1 DAGs
[2021-04-04 03:38:49,888] {logging_mixin.py:104} INFO - [2021-04-04 03:38:49,887] {dag.py:2273} INFO - Setting next_dagrun for latest_only_with_trigger to 2021-04-02 00:00:00+00:00
[2021-04-04 03:38:49,894] {scheduler_job.py:190} INFO - Processing /home/prathamesh/PycharmProjects/airflow-project/venv/lib/python3.8/site-packages/airflow/example_dags/example_latest_only_with_trigger.py took 0.045 seconds
[2021-04-04 03:39:20,295] {scheduler_job.py:182} INFO - Started process (PID=3394) to work on /home/prathamesh/PycharmProjects/airflow-project/venv/lib/python3.8/site-packages/airflow/example_dags/example_latest_only_with_trigger.py
[2021-04-04 03:39:20,297] {scheduler_job.py:629} INFO - Processing file /home/prathamesh/PycharmProjects/airflow-project/venv/lib/python3.8/site-packages/airflow/example_dags/example_latest_only_with_trigger.py for tasks to queue
[2021-04-04 03:39:20,299] {logging_mixin.py:104} INFO - [2021-04-04 03:39:20,298] {dagbag.py:448} INFO - Filling up the DagBag from /home/prathamesh/PycharmProjects/airflow-project/venv/lib/python3.8/site-packages/airflow/example_dags/example_latest_only_with_trigger.py
[2021-04-04 03:39:20,326] {scheduler_job.py:639} INFO - DAG(s) dict_keys(['latest_only_with_trigger']) retrieved from /home/prathamesh/PycharmProjects/airflow-project/venv/lib/python3.8/site-packages/airflow/example_dags/example_latest_only_with_trigger.py
[2021-04-04 03:39:20,393] {logging_mixin.py:104} INFO - [2021-04-04 03:39:20,392] {dag.py:1818} INFO - Sync 1 DAGs
[2021-04-04 03:39:20,443] {logging_mixin.py:104} INFO - [2021-04-04 03:39:20,442] {dag.py:2273} INFO - Setting next_dagrun for latest_only_with_trigger to 2021-04-02 00:00:00+00:00
[2021-04-04 03:39:20,473] {scheduler_job.py:190} INFO - Processing /home/prathamesh/PycharmProjects/airflow-project/venv/lib/python3.8/site-packages/airflow/example_dags/example_latest_only_with_trigger.py took 0.187 seconds
[2021-04-04 03:39:52,721] {scheduler_job.py:182} INFO - Started process (PID=3424) to work on /home/prathamesh/PycharmProjects/airflow-project/venv/lib/python3.8/site-packages/airflow/example_dags/example_latest_only_with_trigger.py
[2021-04-04 03:39:52,721] {scheduler_job.py:629} INFO - Processing file /home/prathamesh/PycharmProjects/airflow-project/venv/lib/python3.8/site-packages/airflow/example_dags/example_latest_only_with_trigger.py for tasks to queue
[2021-04-04 03:39:52,722] {logging_mixin.py:104} INFO - [2021-04-04 03:39:52,722] {dagbag.py:448} INFO - Filling up the DagBag from /home/prathamesh/PycharmProjects/airflow-project/venv/lib/python3.8/site-packages/airflow/example_dags/example_latest_only_with_trigger.py
[2021-04-04 03:39:52,729] {scheduler_job.py:639} INFO - DAG(s) dict_keys(['latest_only_with_trigger']) retrieved from /home/prathamesh/PycharmProjects/airflow-project/venv/lib/python3.8/site-packages/airflow/example_dags/example_latest_only_with_trigger.py
[2021-04-04 03:39:52,739] {logging_mixin.py:104} INFO - [2021-04-04 03:39:52,739] {dag.py:1818} INFO - Sync 1 DAGs
[2021-04-04 03:39:52,751] {logging_mixin.py:104} INFO - [2021-04-04 03:39:52,751] {dag.py:2273} INFO - Setting next_dagrun for latest_only_with_trigger to 2021-04-02 00:00:00+00:00
[2021-04-04 03:39:52,756] {scheduler_job.py:190} INFO - Processing /home/prathamesh/PycharmProjects/airflow-project/venv/lib/python3.8/site-packages/airflow/example_dags/example_latest_only_with_trigger.py took 0.038 seconds
[2021-04-04 03:40:23,549] {scheduler_job.py:182} INFO - Started process (PID=3452) to work on /home/prathamesh/PycharmProjects/airflow-project/venv/lib/python3.8/site-packages/airflow/example_dags/example_latest_only_with_trigger.py
[2021-04-04 03:40:23,550] {scheduler_job.py:629} INFO - Processing file /home/prathamesh/PycharmProjects/airflow-project/venv/lib/python3.8/site-packages/airflow/example_dags/example_latest_only_with_trigger.py for tasks to queue
[2021-04-04 03:40:23,551] {logging_mixin.py:104} INFO - [2021-04-04 03:40:23,551] {dagbag.py:448} INFO - Filling up the DagBag from /home/prathamesh/PycharmProjects/airflow-project/venv/lib/python3.8/site-packages/airflow/example_dags/example_latest_only_with_trigger.py
[2021-04-04 03:40:23,567] {scheduler_job.py:639} INFO - DAG(s) dict_keys(['latest_only_with_trigger']) retrieved from /home/prathamesh/PycharmProjects/airflow-project/venv/lib/python3.8/site-packages/airflow/example_dags/example_latest_only_with_trigger.py
[2021-04-04 03:40:23,593] {logging_mixin.py:104} INFO - [2021-04-04 03:40:23,593] {dag.py:1818} INFO - Sync 1 DAGs
[2021-04-04 03:40:23,607] {logging_mixin.py:104} INFO - [2021-04-04 03:40:23,607] {dag.py:2273} INFO - Setting next_dagrun for latest_only_with_trigger to 2021-04-02 00:00:00+00:00
[2021-04-04 03:40:23,619] {scheduler_job.py:190} INFO - Processing /home/prathamesh/PycharmProjects/airflow-project/venv/lib/python3.8/site-packages/airflow/example_dags/example_latest_only_with_trigger.py took 0.075 seconds
[2021-04-04 03:40:53,703] {scheduler_job.py:182} INFO - Started process (PID=3485) to work on /home/prathamesh/PycharmProjects/airflow-project/venv/lib/python3.8/site-packages/airflow/example_dags/example_latest_only_with_trigger.py
[2021-04-04 03:40:53,714] {scheduler_job.py:629} INFO - Processing file /home/prathamesh/PycharmProjects/airflow-project/venv/lib/python3.8/site-packages/airflow/example_dags/example_latest_only_with_trigger.py for tasks to queue
[2021-04-04 03:40:53,714] {logging_mixin.py:104} INFO - [2021-04-04 03:40:53,714] {dagbag.py:448} INFO - Filling up the DagBag from /home/prathamesh/PycharmProjects/airflow-project/venv/lib/python3.8/site-packages/airflow/example_dags/example_latest_only_with_trigger.py
[2021-04-04 03:40:53,729] {scheduler_job.py:639} INFO - DAG(s) dict_keys(['latest_only_with_trigger']) retrieved from /home/prathamesh/PycharmProjects/airflow-project/venv/lib/python3.8/site-packages/airflow/example_dags/example_latest_only_with_trigger.py
[2021-04-04 03:40:53,750] {logging_mixin.py:104} INFO - [2021-04-04 03:40:53,750] {dag.py:1818} INFO - Sync 1 DAGs
[2021-04-04 03:40:53,758] {logging_mixin.py:104} INFO - [2021-04-04 03:40:53,758] {dag.py:2273} INFO - Setting next_dagrun for latest_only_with_trigger to 2021-04-02 00:00:00+00:00
[2021-04-04 03:40:53,763] {scheduler_job.py:190} INFO - Processing /home/prathamesh/PycharmProjects/airflow-project/venv/lib/python3.8/site-packages/airflow/example_dags/example_latest_only_with_trigger.py took 0.077 seconds
[2021-04-04 03:41:24,372] {scheduler_job.py:182} INFO - Started process (PID=3555) to work on /home/prathamesh/PycharmProjects/airflow-project/venv/lib/python3.8/site-packages/airflow/example_dags/example_latest_only_with_trigger.py
[2021-04-04 03:41:24,416] {scheduler_job.py:629} INFO - Processing file /home/prathamesh/PycharmProjects/airflow-project/venv/lib/python3.8/site-packages/airflow/example_dags/example_latest_only_with_trigger.py for tasks to queue
[2021-04-04 03:41:24,418] {logging_mixin.py:104} INFO - [2021-04-04 03:41:24,418] {dagbag.py:448} INFO - Filling up the DagBag from /home/prathamesh/PycharmProjects/airflow-project/venv/lib/python3.8/site-packages/airflow/example_dags/example_latest_only_with_trigger.py
[2021-04-04 03:41:24,453] {scheduler_job.py:639} INFO - DAG(s) dict_keys(['latest_only_with_trigger']) retrieved from /home/prathamesh/PycharmProjects/airflow-project/venv/lib/python3.8/site-packages/airflow/example_dags/example_latest_only_with_trigger.py
[2021-04-04 03:41:24,475] {logging_mixin.py:104} INFO - [2021-04-04 03:41:24,475] {dag.py:1818} INFO - Sync 1 DAGs
[2021-04-04 03:41:24,498] {logging_mixin.py:104} INFO - [2021-04-04 03:41:24,498] {dag.py:2273} INFO - Setting next_dagrun for latest_only_with_trigger to 2021-04-02 00:00:00+00:00
[2021-04-04 03:41:24,511] {scheduler_job.py:190} INFO - Processing /home/prathamesh/PycharmProjects/airflow-project/venv/lib/python3.8/site-packages/airflow/example_dags/example_latest_only_with_trigger.py took 0.144 seconds
[2021-04-04 03:41:55,339] {scheduler_job.py:182} INFO - Started process (PID=3584) to work on /home/prathamesh/PycharmProjects/airflow-project/venv/lib/python3.8/site-packages/airflow/example_dags/example_latest_only_with_trigger.py
[2021-04-04 03:41:55,341] {scheduler_job.py:629} INFO - Processing file /home/prathamesh/PycharmProjects/airflow-project/venv/lib/python3.8/site-packages/airflow/example_dags/example_latest_only_with_trigger.py for tasks to queue
[2021-04-04 03:41:55,341] {logging_mixin.py:104} INFO - [2021-04-04 03:41:55,341] {dagbag.py:448} INFO - Filling up the DagBag from /home/prathamesh/PycharmProjects/airflow-project/venv/lib/python3.8/site-packages/airflow/example_dags/example_latest_only_with_trigger.py
[2021-04-04 03:41:55,348] {scheduler_job.py:639} INFO - DAG(s) dict_keys(['latest_only_with_trigger']) retrieved from /home/prathamesh/PycharmProjects/airflow-project/venv/lib/python3.8/site-packages/airflow/example_dags/example_latest_only_with_trigger.py
[2021-04-04 03:41:55,358] {logging_mixin.py:104} INFO - [2021-04-04 03:41:55,358] {dag.py:1818} INFO - Sync 1 DAGs
[2021-04-04 03:41:55,365] {logging_mixin.py:104} INFO - [2021-04-04 03:41:55,365] {dag.py:2273} INFO - Setting next_dagrun for latest_only_with_trigger to 2021-04-02 00:00:00+00:00
[2021-04-04 03:41:55,368] {scheduler_job.py:190} INFO - Processing /home/prathamesh/PycharmProjects/airflow-project/venv/lib/python3.8/site-packages/airflow/example_dags/example_latest_only_with_trigger.py took 0.032 seconds
[2021-04-04 03:42:25,820] {scheduler_job.py:182} INFO - Started process (PID=3614) to work on /home/prathamesh/PycharmProjects/airflow-project/venv/lib/python3.8/site-packages/airflow/example_dags/example_latest_only_with_trigger.py
[2021-04-04 03:42:25,834] {scheduler_job.py:629} INFO - Processing file /home/prathamesh/PycharmProjects/airflow-project/venv/lib/python3.8/site-packages/airflow/example_dags/example_latest_only_with_trigger.py for tasks to queue
[2021-04-04 03:42:25,836] {logging_mixin.py:104} INFO - [2021-04-04 03:42:25,836] {dagbag.py:448} INFO - Filling up the DagBag from /home/prathamesh/PycharmProjects/airflow-project/venv/lib/python3.8/site-packages/airflow/example_dags/example_latest_only_with_trigger.py
[2021-04-04 03:42:25,886] {scheduler_job.py:639} INFO - DAG(s) dict_keys(['latest_only_with_trigger']) retrieved from /home/prathamesh/PycharmProjects/airflow-project/venv/lib/python3.8/site-packages/airflow/example_dags/example_latest_only_with_trigger.py
[2021-04-04 03:42:25,964] {logging_mixin.py:104} INFO - [2021-04-04 03:42:25,964] {dag.py:1818} INFO - Sync 1 DAGs
[2021-04-04 03:42:25,999] {logging_mixin.py:104} INFO - [2021-04-04 03:42:25,999] {dag.py:2273} INFO - Setting next_dagrun for latest_only_with_trigger to 2021-04-02 00:00:00+00:00
[2021-04-04 03:42:26,057] {scheduler_job.py:190} INFO - Processing /home/prathamesh/PycharmProjects/airflow-project/venv/lib/python3.8/site-packages/airflow/example_dags/example_latest_only_with_trigger.py took 0.247 seconds
[2021-04-04 03:42:56,696] {scheduler_job.py:182} INFO - Started process (PID=3661) to work on /home/prathamesh/PycharmProjects/airflow-project/venv/lib/python3.8/site-packages/airflow/example_dags/example_latest_only_with_trigger.py
[2021-04-04 03:42:56,707] {scheduler_job.py:629} INFO - Processing file /home/prathamesh/PycharmProjects/airflow-project/venv/lib/python3.8/site-packages/airflow/example_dags/example_latest_only_with_trigger.py for tasks to queue
[2021-04-04 03:42:56,708] {logging_mixin.py:104} INFO - [2021-04-04 03:42:56,708] {dagbag.py:448} INFO - Filling up the DagBag from /home/prathamesh/PycharmProjects/airflow-project/venv/lib/python3.8/site-packages/airflow/example_dags/example_latest_only_with_trigger.py
[2021-04-04 03:42:56,742] {scheduler_job.py:639} INFO - DAG(s) dict_keys(['latest_only_with_trigger']) retrieved from /home/prathamesh/PycharmProjects/airflow-project/venv/lib/python3.8/site-packages/airflow/example_dags/example_latest_only_with_trigger.py
[2021-04-04 03:42:56,805] {logging_mixin.py:104} INFO - [2021-04-04 03:42:56,805] {dag.py:1818} INFO - Sync 1 DAGs
[2021-04-04 03:42:56,847] {logging_mixin.py:104} INFO - [2021-04-04 03:42:56,847] {dag.py:2273} INFO - Setting next_dagrun for latest_only_with_trigger to 2021-04-02 00:00:00+00:00
[2021-04-04 03:42:56,867] {scheduler_job.py:190} INFO - Processing /home/prathamesh/PycharmProjects/airflow-project/venv/lib/python3.8/site-packages/airflow/example_dags/example_latest_only_with_trigger.py took 0.197 seconds
[2021-04-04 03:43:27,420] {scheduler_job.py:182} INFO - Started process (PID=3704) to work on /home/prathamesh/PycharmProjects/airflow-project/venv/lib/python3.8/site-packages/airflow/example_dags/example_latest_only_with_trigger.py
[2021-04-04 03:43:27,421] {scheduler_job.py:629} INFO - Processing file /home/prathamesh/PycharmProjects/airflow-project/venv/lib/python3.8/site-packages/airflow/example_dags/example_latest_only_with_trigger.py for tasks to queue
[2021-04-04 03:43:27,421] {logging_mixin.py:104} INFO - [2021-04-04 03:43:27,421] {dagbag.py:448} INFO - Filling up the DagBag from /home/prathamesh/PycharmProjects/airflow-project/venv/lib/python3.8/site-packages/airflow/example_dags/example_latest_only_with_trigger.py
[2021-04-04 03:43:27,429] {scheduler_job.py:639} INFO - DAG(s) dict_keys(['latest_only_with_trigger']) retrieved from /home/prathamesh/PycharmProjects/airflow-project/venv/lib/python3.8/site-packages/airflow/example_dags/example_latest_only_with_trigger.py
[2021-04-04 03:43:27,438] {logging_mixin.py:104} INFO - [2021-04-04 03:43:27,438] {dag.py:1818} INFO - Sync 1 DAGs
[2021-04-04 03:43:27,444] {logging_mixin.py:104} INFO - [2021-04-04 03:43:27,444] {dag.py:2273} INFO - Setting next_dagrun for latest_only_with_trigger to 2021-04-02 00:00:00+00:00
[2021-04-04 03:43:27,448] {scheduler_job.py:190} INFO - Processing /home/prathamesh/PycharmProjects/airflow-project/venv/lib/python3.8/site-packages/airflow/example_dags/example_latest_only_with_trigger.py took 0.030 seconds
[2021-04-04 03:43:57,983] {scheduler_job.py:182} INFO - Started process (PID=3735) to work on /home/prathamesh/PycharmProjects/airflow-project/venv/lib/python3.8/site-packages/airflow/example_dags/example_latest_only_with_trigger.py
[2021-04-04 03:43:57,984] {scheduler_job.py:629} INFO - Processing file /home/prathamesh/PycharmProjects/airflow-project/venv/lib/python3.8/site-packages/airflow/example_dags/example_latest_only_with_trigger.py for tasks to queue
[2021-04-04 03:43:57,985] {logging_mixin.py:104} INFO - [2021-04-04 03:43:57,985] {dagbag.py:448} INFO - Filling up the DagBag from /home/prathamesh/PycharmProjects/airflow-project/venv/lib/python3.8/site-packages/airflow/example_dags/example_latest_only_with_trigger.py
[2021-04-04 03:43:57,997] {scheduler_job.py:639} INFO - DAG(s) dict_keys(['latest_only_with_trigger']) retrieved from /home/prathamesh/PycharmProjects/airflow-project/venv/lib/python3.8/site-packages/airflow/example_dags/example_latest_only_with_trigger.py
[2021-04-04 03:43:58,007] {logging_mixin.py:104} INFO - [2021-04-04 03:43:58,007] {dag.py:1818} INFO - Sync 1 DAGs
[2021-04-04 03:43:58,017] {logging_mixin.py:104} INFO - [2021-04-04 03:43:58,017] {dag.py:2273} INFO - Setting next_dagrun for latest_only_with_trigger to 2021-04-02 00:00:00+00:00
[2021-04-04 03:43:58,021] {scheduler_job.py:190} INFO - Processing /home/prathamesh/PycharmProjects/airflow-project/venv/lib/python3.8/site-packages/airflow/example_dags/example_latest_only_with_trigger.py took 0.043 seconds
[2021-04-04 03:44:28,405] {scheduler_job.py:182} INFO - Started process (PID=3763) to work on /home/prathamesh/PycharmProjects/airflow-project/venv/lib/python3.8/site-packages/airflow/example_dags/example_latest_only_with_trigger.py
[2021-04-04 03:44:28,406] {scheduler_job.py:629} INFO - Processing file /home/prathamesh/PycharmProjects/airflow-project/venv/lib/python3.8/site-packages/airflow/example_dags/example_latest_only_with_trigger.py for tasks to queue
[2021-04-04 03:44:28,406] {logging_mixin.py:104} INFO - [2021-04-04 03:44:28,406] {dagbag.py:448} INFO - Filling up the DagBag from /home/prathamesh/PycharmProjects/airflow-project/venv/lib/python3.8/site-packages/airflow/example_dags/example_latest_only_with_trigger.py
[2021-04-04 03:44:28,414] {scheduler_job.py:639} INFO - DAG(s) dict_keys(['latest_only_with_trigger']) retrieved from /home/prathamesh/PycharmProjects/airflow-project/venv/lib/python3.8/site-packages/airflow/example_dags/example_latest_only_with_trigger.py
[2021-04-04 03:44:28,423] {logging_mixin.py:104} INFO - [2021-04-04 03:44:28,423] {dag.py:1818} INFO - Sync 1 DAGs
[2021-04-04 03:44:28,429] {logging_mixin.py:104} INFO - [2021-04-04 03:44:28,429] {dag.py:2273} INFO - Setting next_dagrun for latest_only_with_trigger to 2021-04-02 00:00:00+00:00
[2021-04-04 03:44:28,434] {scheduler_job.py:190} INFO - Processing /home/prathamesh/PycharmProjects/airflow-project/venv/lib/python3.8/site-packages/airflow/example_dags/example_latest_only_with_trigger.py took 0.031 seconds
[2021-04-04 03:44:58,801] {scheduler_job.py:182} INFO - Started process (PID=3792) to work on /home/prathamesh/PycharmProjects/airflow-project/venv/lib/python3.8/site-packages/airflow/example_dags/example_latest_only_with_trigger.py
[2021-04-04 03:44:58,802] {scheduler_job.py:629} INFO - Processing file /home/prathamesh/PycharmProjects/airflow-project/venv/lib/python3.8/site-packages/airflow/example_dags/example_latest_only_with_trigger.py for tasks to queue
[2021-04-04 03:44:58,806] {logging_mixin.py:104} INFO - [2021-04-04 03:44:58,806] {dagbag.py:448} INFO - Filling up the DagBag from /home/prathamesh/PycharmProjects/airflow-project/venv/lib/python3.8/site-packages/airflow/example_dags/example_latest_only_with_trigger.py
[2021-04-04 03:44:58,811] {scheduler_job.py:639} INFO - DAG(s) dict_keys(['latest_only_with_trigger']) retrieved from /home/prathamesh/PycharmProjects/airflow-project/venv/lib/python3.8/site-packages/airflow/example_dags/example_latest_only_with_trigger.py
[2021-04-04 03:44:58,823] {logging_mixin.py:104} INFO - [2021-04-04 03:44:58,823] {dag.py:1818} INFO - Sync 1 DAGs
[2021-04-04 03:44:58,832] {logging_mixin.py:104} INFO - [2021-04-04 03:44:58,832] {dag.py:2273} INFO - Setting next_dagrun for latest_only_with_trigger to 2021-04-02 00:00:00+00:00
[2021-04-04 03:44:58,839] {scheduler_job.py:190} INFO - Processing /home/prathamesh/PycharmProjects/airflow-project/venv/lib/python3.8/site-packages/airflow/example_dags/example_latest_only_with_trigger.py took 0.040 seconds
[2021-04-04 03:54:09,573] {scheduler_job.py:182} INFO - Started process (PID=4537) to work on /home/prathamesh/PycharmProjects/airflow-project/venv/lib/python3.8/site-packages/airflow/example_dags/example_latest_only_with_trigger.py
[2021-04-04 03:54:09,586] {scheduler_job.py:629} INFO - Processing file /home/prathamesh/PycharmProjects/airflow-project/venv/lib/python3.8/site-packages/airflow/example_dags/example_latest_only_with_trigger.py for tasks to queue
[2021-04-04 03:54:09,587] {logging_mixin.py:104} INFO - [2021-04-04 03:54:09,587] {dagbag.py:448} INFO - Filling up the DagBag from /home/prathamesh/PycharmProjects/airflow-project/venv/lib/python3.8/site-packages/airflow/example_dags/example_latest_only_with_trigger.py
[2021-04-04 03:54:09,696] {scheduler_job.py:639} INFO - DAG(s) dict_keys(['latest_only_with_trigger']) retrieved from /home/prathamesh/PycharmProjects/airflow-project/venv/lib/python3.8/site-packages/airflow/example_dags/example_latest_only_with_trigger.py
[2021-04-04 03:54:09,760] {logging_mixin.py:104} INFO - [2021-04-04 03:54:09,760] {dag.py:1818} INFO - Sync 1 DAGs
[2021-04-04 03:54:09,831] {logging_mixin.py:104} INFO - [2021-04-04 03:54:09,830] {dag.py:2273} INFO - Setting next_dagrun for latest_only_with_trigger to 2021-04-02 00:00:00+00:00
[2021-04-04 03:54:09,904] {scheduler_job.py:190} INFO - Processing /home/prathamesh/PycharmProjects/airflow-project/venv/lib/python3.8/site-packages/airflow/example_dags/example_latest_only_with_trigger.py took 0.384 seconds
[2021-04-04 03:54:40,674] {scheduler_job.py:182} INFO - Started process (PID=4571) to work on /home/prathamesh/PycharmProjects/airflow-project/venv/lib/python3.8/site-packages/airflow/example_dags/example_latest_only_with_trigger.py
[2021-04-04 03:54:40,676] {scheduler_job.py:629} INFO - Processing file /home/prathamesh/PycharmProjects/airflow-project/venv/lib/python3.8/site-packages/airflow/example_dags/example_latest_only_with_trigger.py for tasks to queue
[2021-04-04 03:54:40,677] {logging_mixin.py:104} INFO - [2021-04-04 03:54:40,676] {dagbag.py:448} INFO - Filling up the DagBag from /home/prathamesh/PycharmProjects/airflow-project/venv/lib/python3.8/site-packages/airflow/example_dags/example_latest_only_with_trigger.py
[2021-04-04 03:54:40,688] {scheduler_job.py:639} INFO - DAG(s) dict_keys(['latest_only_with_trigger']) retrieved from /home/prathamesh/PycharmProjects/airflow-project/venv/lib/python3.8/site-packages/airflow/example_dags/example_latest_only_with_trigger.py
[2021-04-04 03:54:40,711] {logging_mixin.py:104} INFO - [2021-04-04 03:54:40,711] {dag.py:1818} INFO - Sync 1 DAGs
[2021-04-04 03:54:40,733] {logging_mixin.py:104} INFO - [2021-04-04 03:54:40,733] {dag.py:2273} INFO - Setting next_dagrun for latest_only_with_trigger to 2021-04-02 00:00:00+00:00
[2021-04-04 03:54:40,751] {scheduler_job.py:190} INFO - Processing /home/prathamesh/PycharmProjects/airflow-project/venv/lib/python3.8/site-packages/airflow/example_dags/example_latest_only_with_trigger.py took 0.079 seconds
[2021-04-04 03:55:11,470] {scheduler_job.py:182} INFO - Started process (PID=4599) to work on /home/prathamesh/PycharmProjects/airflow-project/venv/lib/python3.8/site-packages/airflow/example_dags/example_latest_only_with_trigger.py
[2021-04-04 03:55:11,471] {scheduler_job.py:629} INFO - Processing file /home/prathamesh/PycharmProjects/airflow-project/venv/lib/python3.8/site-packages/airflow/example_dags/example_latest_only_with_trigger.py for tasks to queue
[2021-04-04 03:55:11,472] {logging_mixin.py:104} INFO - [2021-04-04 03:55:11,471] {dagbag.py:448} INFO - Filling up the DagBag from /home/prathamesh/PycharmProjects/airflow-project/venv/lib/python3.8/site-packages/airflow/example_dags/example_latest_only_with_trigger.py
[2021-04-04 03:55:11,482] {scheduler_job.py:639} INFO - DAG(s) dict_keys(['latest_only_with_trigger']) retrieved from /home/prathamesh/PycharmProjects/airflow-project/venv/lib/python3.8/site-packages/airflow/example_dags/example_latest_only_with_trigger.py
[2021-04-04 03:55:11,502] {logging_mixin.py:104} INFO - [2021-04-04 03:55:11,498] {dag.py:1818} INFO - Sync 1 DAGs
[2021-04-04 03:55:11,512] {logging_mixin.py:104} INFO - [2021-04-04 03:55:11,512] {dag.py:2273} INFO - Setting next_dagrun for latest_only_with_trigger to 2021-04-02 00:00:00+00:00
[2021-04-04 03:55:11,518] {scheduler_job.py:190} INFO - Processing /home/prathamesh/PycharmProjects/airflow-project/venv/lib/python3.8/site-packages/airflow/example_dags/example_latest_only_with_trigger.py took 0.053 seconds
[2021-04-04 03:55:42,562] {scheduler_job.py:182} INFO - Started process (PID=4631) to work on /home/prathamesh/PycharmProjects/airflow-project/venv/lib/python3.8/site-packages/airflow/example_dags/example_latest_only_with_trigger.py
[2021-04-04 03:55:42,563] {scheduler_job.py:629} INFO - Processing file /home/prathamesh/PycharmProjects/airflow-project/venv/lib/python3.8/site-packages/airflow/example_dags/example_latest_only_with_trigger.py for tasks to queue
[2021-04-04 03:55:42,563] {logging_mixin.py:104} INFO - [2021-04-04 03:55:42,563] {dagbag.py:448} INFO - Filling up the DagBag from /home/prathamesh/PycharmProjects/airflow-project/venv/lib/python3.8/site-packages/airflow/example_dags/example_latest_only_with_trigger.py
[2021-04-04 03:55:42,572] {scheduler_job.py:639} INFO - DAG(s) dict_keys(['latest_only_with_trigger']) retrieved from /home/prathamesh/PycharmProjects/airflow-project/venv/lib/python3.8/site-packages/airflow/example_dags/example_latest_only_with_trigger.py
[2021-04-04 03:55:42,585] {logging_mixin.py:104} INFO - [2021-04-04 03:55:42,585] {dag.py:1818} INFO - Sync 1 DAGs
[2021-04-04 03:55:42,599] {logging_mixin.py:104} INFO - [2021-04-04 03:55:42,599] {dag.py:2273} INFO - Setting next_dagrun for latest_only_with_trigger to 2021-04-02 00:00:00+00:00
[2021-04-04 03:55:42,604] {scheduler_job.py:190} INFO - Processing /home/prathamesh/PycharmProjects/airflow-project/venv/lib/python3.8/site-packages/airflow/example_dags/example_latest_only_with_trigger.py took 0.046 seconds
[2021-04-04 03:56:13,561] {scheduler_job.py:182} INFO - Started process (PID=4683) to work on /home/prathamesh/PycharmProjects/airflow-project/venv/lib/python3.8/site-packages/airflow/example_dags/example_latest_only_with_trigger.py
[2021-04-04 03:56:13,561] {scheduler_job.py:629} INFO - Processing file /home/prathamesh/PycharmProjects/airflow-project/venv/lib/python3.8/site-packages/airflow/example_dags/example_latest_only_with_trigger.py for tasks to queue
[2021-04-04 03:56:13,562] {logging_mixin.py:104} INFO - [2021-04-04 03:56:13,562] {dagbag.py:448} INFO - Filling up the DagBag from /home/prathamesh/PycharmProjects/airflow-project/venv/lib/python3.8/site-packages/airflow/example_dags/example_latest_only_with_trigger.py
[2021-04-04 03:56:13,568] {scheduler_job.py:639} INFO - DAG(s) dict_keys(['latest_only_with_trigger']) retrieved from /home/prathamesh/PycharmProjects/airflow-project/venv/lib/python3.8/site-packages/airflow/example_dags/example_latest_only_with_trigger.py
[2021-04-04 03:56:13,579] {logging_mixin.py:104} INFO - [2021-04-04 03:56:13,577] {dag.py:1818} INFO - Sync 1 DAGs
[2021-04-04 03:56:13,586] {logging_mixin.py:104} INFO - [2021-04-04 03:56:13,586] {dag.py:2273} INFO - Setting next_dagrun for latest_only_with_trigger to 2021-04-02 00:00:00+00:00
[2021-04-04 03:56:13,591] {scheduler_job.py:190} INFO - Processing /home/prathamesh/PycharmProjects/airflow-project/venv/lib/python3.8/site-packages/airflow/example_dags/example_latest_only_with_trigger.py took 0.033 seconds
[2021-04-04 03:56:44,355] {scheduler_job.py:182} INFO - Started process (PID=4720) to work on /home/prathamesh/PycharmProjects/airflow-project/venv/lib/python3.8/site-packages/airflow/example_dags/example_latest_only_with_trigger.py
[2021-04-04 03:56:44,356] {scheduler_job.py:629} INFO - Processing file /home/prathamesh/PycharmProjects/airflow-project/venv/lib/python3.8/site-packages/airflow/example_dags/example_latest_only_with_trigger.py for tasks to queue
[2021-04-04 03:56:44,356] {logging_mixin.py:104} INFO - [2021-04-04 03:56:44,356] {dagbag.py:448} INFO - Filling up the DagBag from /home/prathamesh/PycharmProjects/airflow-project/venv/lib/python3.8/site-packages/airflow/example_dags/example_latest_only_with_trigger.py
[2021-04-04 03:56:44,363] {scheduler_job.py:639} INFO - DAG(s) dict_keys(['latest_only_with_trigger']) retrieved from /home/prathamesh/PycharmProjects/airflow-project/venv/lib/python3.8/site-packages/airflow/example_dags/example_latest_only_with_trigger.py
[2021-04-04 03:56:44,416] {logging_mixin.py:104} INFO - [2021-04-04 03:56:44,416] {dag.py:1818} INFO - Sync 1 DAGs
[2021-04-04 03:56:44,441] {logging_mixin.py:104} INFO - [2021-04-04 03:56:44,441] {dag.py:2273} INFO - Setting next_dagrun for latest_only_with_trigger to 2021-04-02 00:00:00+00:00
[2021-04-04 03:56:44,455] {scheduler_job.py:190} INFO - Processing /home/prathamesh/PycharmProjects/airflow-project/venv/lib/python3.8/site-packages/airflow/example_dags/example_latest_only_with_trigger.py took 0.114 seconds
[2021-04-04 03:57:15,286] {scheduler_job.py:182} INFO - Started process (PID=4748) to work on /home/prathamesh/PycharmProjects/airflow-project/venv/lib/python3.8/site-packages/airflow/example_dags/example_latest_only_with_trigger.py
[2021-04-04 03:57:15,287] {scheduler_job.py:629} INFO - Processing file /home/prathamesh/PycharmProjects/airflow-project/venv/lib/python3.8/site-packages/airflow/example_dags/example_latest_only_with_trigger.py for tasks to queue
[2021-04-04 03:57:15,288] {logging_mixin.py:104} INFO - [2021-04-04 03:57:15,288] {dagbag.py:448} INFO - Filling up the DagBag from /home/prathamesh/PycharmProjects/airflow-project/venv/lib/python3.8/site-packages/airflow/example_dags/example_latest_only_with_trigger.py
[2021-04-04 03:57:15,300] {scheduler_job.py:639} INFO - DAG(s) dict_keys(['latest_only_with_trigger']) retrieved from /home/prathamesh/PycharmProjects/airflow-project/venv/lib/python3.8/site-packages/airflow/example_dags/example_latest_only_with_trigger.py
[2021-04-04 03:57:15,325] {logging_mixin.py:104} INFO - [2021-04-04 03:57:15,325] {dag.py:1818} INFO - Sync 1 DAGs
[2021-04-04 03:57:15,341] {logging_mixin.py:104} INFO - [2021-04-04 03:57:15,341] {dag.py:2273} INFO - Setting next_dagrun for latest_only_with_trigger to 2021-04-02 00:00:00+00:00
[2021-04-04 03:57:15,352] {scheduler_job.py:190} INFO - Processing /home/prathamesh/PycharmProjects/airflow-project/venv/lib/python3.8/site-packages/airflow/example_dags/example_latest_only_with_trigger.py took 0.070 seconds
[2021-04-04 03:57:45,404] {scheduler_job.py:182} INFO - Started process (PID=4778) to work on /home/prathamesh/PycharmProjects/airflow-project/venv/lib/python3.8/site-packages/airflow/example_dags/example_latest_only_with_trigger.py
[2021-04-04 03:57:45,404] {scheduler_job.py:629} INFO - Processing file /home/prathamesh/PycharmProjects/airflow-project/venv/lib/python3.8/site-packages/airflow/example_dags/example_latest_only_with_trigger.py for tasks to queue
[2021-04-04 03:57:45,405] {logging_mixin.py:104} INFO - [2021-04-04 03:57:45,405] {dagbag.py:448} INFO - Filling up the DagBag from /home/prathamesh/PycharmProjects/airflow-project/venv/lib/python3.8/site-packages/airflow/example_dags/example_latest_only_with_trigger.py
[2021-04-04 03:57:45,413] {scheduler_job.py:639} INFO - DAG(s) dict_keys(['latest_only_with_trigger']) retrieved from /home/prathamesh/PycharmProjects/airflow-project/venv/lib/python3.8/site-packages/airflow/example_dags/example_latest_only_with_trigger.py
[2021-04-04 03:57:45,422] {logging_mixin.py:104} INFO - [2021-04-04 03:57:45,422] {dag.py:1818} INFO - Sync 1 DAGs
[2021-04-04 03:57:45,433] {logging_mixin.py:104} INFO - [2021-04-04 03:57:45,433] {dag.py:2273} INFO - Setting next_dagrun for latest_only_with_trigger to 2021-04-02 00:00:00+00:00
[2021-04-04 03:57:45,441] {scheduler_job.py:190} INFO - Processing /home/prathamesh/PycharmProjects/airflow-project/venv/lib/python3.8/site-packages/airflow/example_dags/example_latest_only_with_trigger.py took 0.040 seconds
[2021-04-04 03:58:17,667] {scheduler_job.py:182} INFO - Started process (PID=4810) to work on /home/prathamesh/PycharmProjects/airflow-project/venv/lib/python3.8/site-packages/airflow/example_dags/example_latest_only_with_trigger.py
[2021-04-04 03:58:17,668] {scheduler_job.py:629} INFO - Processing file /home/prathamesh/PycharmProjects/airflow-project/venv/lib/python3.8/site-packages/airflow/example_dags/example_latest_only_with_trigger.py for tasks to queue
[2021-04-04 03:58:17,668] {logging_mixin.py:104} INFO - [2021-04-04 03:58:17,668] {dagbag.py:448} INFO - Filling up the DagBag from /home/prathamesh/PycharmProjects/airflow-project/venv/lib/python3.8/site-packages/airflow/example_dags/example_latest_only_with_trigger.py
[2021-04-04 03:58:17,675] {scheduler_job.py:639} INFO - DAG(s) dict_keys(['latest_only_with_trigger']) retrieved from /home/prathamesh/PycharmProjects/airflow-project/venv/lib/python3.8/site-packages/airflow/example_dags/example_latest_only_with_trigger.py
[2021-04-04 03:58:17,686] {logging_mixin.py:104} INFO - [2021-04-04 03:58:17,686] {dag.py:1818} INFO - Sync 1 DAGs
[2021-04-04 03:58:17,693] {logging_mixin.py:104} INFO - [2021-04-04 03:58:17,693] {dag.py:2273} INFO - Setting next_dagrun for latest_only_with_trigger to 2021-04-02 00:00:00+00:00
[2021-04-04 03:58:17,697] {scheduler_job.py:190} INFO - Processing /home/prathamesh/PycharmProjects/airflow-project/venv/lib/python3.8/site-packages/airflow/example_dags/example_latest_only_with_trigger.py took 0.032 seconds
[2021-04-04 04:07:34,976] {scheduler_job.py:182} INFO - Started process (PID=4950) to work on /home/prathamesh/PycharmProjects/airflow-project/venv/lib/python3.8/site-packages/airflow/example_dags/example_latest_only_with_trigger.py
[2021-04-04 04:07:34,977] {scheduler_job.py:629} INFO - Processing file /home/prathamesh/PycharmProjects/airflow-project/venv/lib/python3.8/site-packages/airflow/example_dags/example_latest_only_with_trigger.py for tasks to queue
[2021-04-04 04:07:34,978] {logging_mixin.py:104} INFO - [2021-04-04 04:07:34,978] {dagbag.py:448} INFO - Filling up the DagBag from /home/prathamesh/PycharmProjects/airflow-project/venv/lib/python3.8/site-packages/airflow/example_dags/example_latest_only_with_trigger.py
[2021-04-04 04:07:34,988] {scheduler_job.py:639} INFO - DAG(s) dict_keys(['latest_only_with_trigger']) retrieved from /home/prathamesh/PycharmProjects/airflow-project/venv/lib/python3.8/site-packages/airflow/example_dags/example_latest_only_with_trigger.py
[2021-04-04 04:07:34,999] {logging_mixin.py:104} INFO - [2021-04-04 04:07:34,999] {dag.py:1818} INFO - Sync 1 DAGs
[2021-04-04 04:07:35,005] {logging_mixin.py:104} INFO - [2021-04-04 04:07:35,005] {dag.py:2273} INFO - Setting next_dagrun for latest_only_with_trigger to 2021-04-02 00:00:00+00:00
[2021-04-04 04:07:35,010] {scheduler_job.py:190} INFO - Processing /home/prathamesh/PycharmProjects/airflow-project/venv/lib/python3.8/site-packages/airflow/example_dags/example_latest_only_with_trigger.py took 0.039 seconds
[2021-04-04 04:08:05,614] {scheduler_job.py:182} INFO - Started process (PID=4999) to work on /home/prathamesh/PycharmProjects/airflow-project/venv/lib/python3.8/site-packages/airflow/example_dags/example_latest_only_with_trigger.py
[2021-04-04 04:08:05,615] {scheduler_job.py:629} INFO - Processing file /home/prathamesh/PycharmProjects/airflow-project/venv/lib/python3.8/site-packages/airflow/example_dags/example_latest_only_with_trigger.py for tasks to queue
[2021-04-04 04:08:05,615] {logging_mixin.py:104} INFO - [2021-04-04 04:08:05,615] {dagbag.py:448} INFO - Filling up the DagBag from /home/prathamesh/PycharmProjects/airflow-project/venv/lib/python3.8/site-packages/airflow/example_dags/example_latest_only_with_trigger.py
[2021-04-04 04:08:05,622] {scheduler_job.py:639} INFO - DAG(s) dict_keys(['latest_only_with_trigger']) retrieved from /home/prathamesh/PycharmProjects/airflow-project/venv/lib/python3.8/site-packages/airflow/example_dags/example_latest_only_with_trigger.py
[2021-04-04 04:08:05,632] {logging_mixin.py:104} INFO - [2021-04-04 04:08:05,632] {dag.py:1818} INFO - Sync 1 DAGs
[2021-04-04 04:08:05,638] {logging_mixin.py:104} INFO - [2021-04-04 04:08:05,638] {dag.py:2273} INFO - Setting next_dagrun for latest_only_with_trigger to 2021-04-02 00:00:00+00:00
[2021-04-04 04:08:05,643] {scheduler_job.py:190} INFO - Processing /home/prathamesh/PycharmProjects/airflow-project/venv/lib/python3.8/site-packages/airflow/example_dags/example_latest_only_with_trigger.py took 0.031 seconds
[2021-04-04 04:08:36,456] {scheduler_job.py:182} INFO - Started process (PID=5028) to work on /home/prathamesh/PycharmProjects/airflow-project/venv/lib/python3.8/site-packages/airflow/example_dags/example_latest_only_with_trigger.py
[2021-04-04 04:08:36,457] {scheduler_job.py:629} INFO - Processing file /home/prathamesh/PycharmProjects/airflow-project/venv/lib/python3.8/site-packages/airflow/example_dags/example_latest_only_with_trigger.py for tasks to queue
[2021-04-04 04:08:36,459] {logging_mixin.py:104} INFO - [2021-04-04 04:08:36,457] {dagbag.py:448} INFO - Filling up the DagBag from /home/prathamesh/PycharmProjects/airflow-project/venv/lib/python3.8/site-packages/airflow/example_dags/example_latest_only_with_trigger.py
[2021-04-04 04:08:36,465] {scheduler_job.py:639} INFO - DAG(s) dict_keys(['latest_only_with_trigger']) retrieved from /home/prathamesh/PycharmProjects/airflow-project/venv/lib/python3.8/site-packages/airflow/example_dags/example_latest_only_with_trigger.py
[2021-04-04 04:08:36,477] {logging_mixin.py:104} INFO - [2021-04-04 04:08:36,477] {dag.py:1818} INFO - Sync 1 DAGs
[2021-04-04 04:08:36,493] {logging_mixin.py:104} INFO - [2021-04-04 04:08:36,493] {dag.py:2273} INFO - Setting next_dagrun for latest_only_with_trigger to 2021-04-02 00:00:00+00:00
[2021-04-04 04:08:36,498] {scheduler_job.py:190} INFO - Processing /home/prathamesh/PycharmProjects/airflow-project/venv/lib/python3.8/site-packages/airflow/example_dags/example_latest_only_with_trigger.py took 0.047 seconds
[2021-04-04 04:09:07,658] {scheduler_job.py:182} INFO - Started process (PID=5059) to work on /home/prathamesh/PycharmProjects/airflow-project/venv/lib/python3.8/site-packages/airflow/example_dags/example_latest_only_with_trigger.py
[2021-04-04 04:09:07,674] {scheduler_job.py:629} INFO - Processing file /home/prathamesh/PycharmProjects/airflow-project/venv/lib/python3.8/site-packages/airflow/example_dags/example_latest_only_with_trigger.py for tasks to queue
[2021-04-04 04:09:07,727] {logging_mixin.py:104} INFO - [2021-04-04 04:09:07,727] {dagbag.py:448} INFO - Filling up the DagBag from /home/prathamesh/PycharmProjects/airflow-project/venv/lib/python3.8/site-packages/airflow/example_dags/example_latest_only_with_trigger.py
[2021-04-04 04:09:07,793] {scheduler_job.py:639} INFO - DAG(s) dict_keys(['latest_only_with_trigger']) retrieved from /home/prathamesh/PycharmProjects/airflow-project/venv/lib/python3.8/site-packages/airflow/example_dags/example_latest_only_with_trigger.py
[2021-04-04 04:09:08,082] {logging_mixin.py:104} INFO - [2021-04-04 04:09:08,082] {dag.py:1818} INFO - Sync 1 DAGs
[2021-04-04 04:09:08,246] {logging_mixin.py:104} INFO - [2021-04-04 04:09:08,246] {dag.py:2273} INFO - Setting next_dagrun for latest_only_with_trigger to 2021-04-02 00:00:00+00:00
[2021-04-04 04:09:08,346] {scheduler_job.py:190} INFO - Processing /home/prathamesh/PycharmProjects/airflow-project/venv/lib/python3.8/site-packages/airflow/example_dags/example_latest_only_with_trigger.py took 0.753 seconds
[2021-04-04 04:09:38,660] {scheduler_job.py:182} INFO - Started process (PID=5096) to work on /home/prathamesh/PycharmProjects/airflow-project/venv/lib/python3.8/site-packages/airflow/example_dags/example_latest_only_with_trigger.py
[2021-04-04 04:09:38,661] {scheduler_job.py:629} INFO - Processing file /home/prathamesh/PycharmProjects/airflow-project/venv/lib/python3.8/site-packages/airflow/example_dags/example_latest_only_with_trigger.py for tasks to queue
[2021-04-04 04:09:38,661] {logging_mixin.py:104} INFO - [2021-04-04 04:09:38,661] {dagbag.py:448} INFO - Filling up the DagBag from /home/prathamesh/PycharmProjects/airflow-project/venv/lib/python3.8/site-packages/airflow/example_dags/example_latest_only_with_trigger.py
[2021-04-04 04:09:38,671] {scheduler_job.py:639} INFO - DAG(s) dict_keys(['latest_only_with_trigger']) retrieved from /home/prathamesh/PycharmProjects/airflow-project/venv/lib/python3.8/site-packages/airflow/example_dags/example_latest_only_with_trigger.py
[2021-04-04 04:09:38,682] {logging_mixin.py:104} INFO - [2021-04-04 04:09:38,682] {dag.py:1818} INFO - Sync 1 DAGs
[2021-04-04 04:09:38,693] {logging_mixin.py:104} INFO - [2021-04-04 04:09:38,692] {dag.py:2273} INFO - Setting next_dagrun for latest_only_with_trigger to 2021-04-02 00:00:00+00:00
[2021-04-04 04:09:38,698] {scheduler_job.py:190} INFO - Processing /home/prathamesh/PycharmProjects/airflow-project/venv/lib/python3.8/site-packages/airflow/example_dags/example_latest_only_with_trigger.py took 0.042 seconds
[2021-04-04 04:10:09,739] {scheduler_job.py:182} INFO - Started process (PID=5157) to work on /home/prathamesh/PycharmProjects/airflow-project/venv/lib/python3.8/site-packages/airflow/example_dags/example_latest_only_with_trigger.py
[2021-04-04 04:10:09,747] {scheduler_job.py:629} INFO - Processing file /home/prathamesh/PycharmProjects/airflow-project/venv/lib/python3.8/site-packages/airflow/example_dags/example_latest_only_with_trigger.py for tasks to queue
[2021-04-04 04:10:09,747] {logging_mixin.py:104} INFO - [2021-04-04 04:10:09,747] {dagbag.py:448} INFO - Filling up the DagBag from /home/prathamesh/PycharmProjects/airflow-project/venv/lib/python3.8/site-packages/airflow/example_dags/example_latest_only_with_trigger.py
[2021-04-04 04:10:09,753] {scheduler_job.py:639} INFO - DAG(s) dict_keys(['latest_only_with_trigger']) retrieved from /home/prathamesh/PycharmProjects/airflow-project/venv/lib/python3.8/site-packages/airflow/example_dags/example_latest_only_with_trigger.py
[2021-04-04 04:10:09,810] {logging_mixin.py:104} INFO - [2021-04-04 04:10:09,810] {dag.py:1818} INFO - Sync 1 DAGs
[2021-04-04 04:10:09,833] {logging_mixin.py:104} INFO - [2021-04-04 04:10:09,832] {dag.py:2273} INFO - Setting next_dagrun for latest_only_with_trigger to 2021-04-02 00:00:00+00:00
[2021-04-04 04:10:09,837] {scheduler_job.py:190} INFO - Processing /home/prathamesh/PycharmProjects/airflow-project/venv/lib/python3.8/site-packages/airflow/example_dags/example_latest_only_with_trigger.py took 0.099 seconds
[2021-04-04 04:10:40,579] {scheduler_job.py:182} INFO - Started process (PID=5189) to work on /home/prathamesh/PycharmProjects/airflow-project/venv/lib/python3.8/site-packages/airflow/example_dags/example_latest_only_with_trigger.py
[2021-04-04 04:10:40,580] {scheduler_job.py:629} INFO - Processing file /home/prathamesh/PycharmProjects/airflow-project/venv/lib/python3.8/site-packages/airflow/example_dags/example_latest_only_with_trigger.py for tasks to queue
[2021-04-04 04:10:40,580] {logging_mixin.py:104} INFO - [2021-04-04 04:10:40,580] {dagbag.py:448} INFO - Filling up the DagBag from /home/prathamesh/PycharmProjects/airflow-project/venv/lib/python3.8/site-packages/airflow/example_dags/example_latest_only_with_trigger.py
[2021-04-04 04:10:40,587] {scheduler_job.py:639} INFO - DAG(s) dict_keys(['latest_only_with_trigger']) retrieved from /home/prathamesh/PycharmProjects/airflow-project/venv/lib/python3.8/site-packages/airflow/example_dags/example_latest_only_with_trigger.py
[2021-04-04 04:10:40,598] {logging_mixin.py:104} INFO - [2021-04-04 04:10:40,597] {dag.py:1818} INFO - Sync 1 DAGs
[2021-04-04 04:10:40,606] {logging_mixin.py:104} INFO - [2021-04-04 04:10:40,605] {dag.py:2273} INFO - Setting next_dagrun for latest_only_with_trigger to 2021-04-02 00:00:00+00:00
[2021-04-04 04:10:40,610] {scheduler_job.py:190} INFO - Processing /home/prathamesh/PycharmProjects/airflow-project/venv/lib/python3.8/site-packages/airflow/example_dags/example_latest_only_with_trigger.py took 0.033 seconds
[2021-04-04 04:11:11,381] {scheduler_job.py:182} INFO - Started process (PID=5221) to work on /home/prathamesh/PycharmProjects/airflow-project/venv/lib/python3.8/site-packages/airflow/example_dags/example_latest_only_with_trigger.py
[2021-04-04 04:11:11,382] {scheduler_job.py:629} INFO - Processing file /home/prathamesh/PycharmProjects/airflow-project/venv/lib/python3.8/site-packages/airflow/example_dags/example_latest_only_with_trigger.py for tasks to queue
[2021-04-04 04:11:11,383] {logging_mixin.py:104} INFO - [2021-04-04 04:11:11,383] {dagbag.py:448} INFO - Filling up the DagBag from /home/prathamesh/PycharmProjects/airflow-project/venv/lib/python3.8/site-packages/airflow/example_dags/example_latest_only_with_trigger.py
[2021-04-04 04:11:11,389] {scheduler_job.py:639} INFO - DAG(s) dict_keys(['latest_only_with_trigger']) retrieved from /home/prathamesh/PycharmProjects/airflow-project/venv/lib/python3.8/site-packages/airflow/example_dags/example_latest_only_with_trigger.py
[2021-04-04 04:11:11,399] {logging_mixin.py:104} INFO - [2021-04-04 04:11:11,398] {dag.py:1818} INFO - Sync 1 DAGs
[2021-04-04 04:11:11,409] {logging_mixin.py:104} INFO - [2021-04-04 04:11:11,409] {dag.py:2273} INFO - Setting next_dagrun for latest_only_with_trigger to 2021-04-02 00:00:00+00:00
[2021-04-04 04:11:11,413] {scheduler_job.py:190} INFO - Processing /home/prathamesh/PycharmProjects/airflow-project/venv/lib/python3.8/site-packages/airflow/example_dags/example_latest_only_with_trigger.py took 0.034 seconds
[2021-04-04 04:11:42,061] {scheduler_job.py:182} INFO - Started process (PID=5278) to work on /home/prathamesh/PycharmProjects/airflow-project/venv/lib/python3.8/site-packages/airflow/example_dags/example_latest_only_with_trigger.py
[2021-04-04 04:11:42,062] {scheduler_job.py:629} INFO - Processing file /home/prathamesh/PycharmProjects/airflow-project/venv/lib/python3.8/site-packages/airflow/example_dags/example_latest_only_with_trigger.py for tasks to queue
[2021-04-04 04:11:42,063] {logging_mixin.py:104} INFO - [2021-04-04 04:11:42,062] {dagbag.py:448} INFO - Filling up the DagBag from /home/prathamesh/PycharmProjects/airflow-project/venv/lib/python3.8/site-packages/airflow/example_dags/example_latest_only_with_trigger.py
[2021-04-04 04:11:42,071] {scheduler_job.py:639} INFO - DAG(s) dict_keys(['latest_only_with_trigger']) retrieved from /home/prathamesh/PycharmProjects/airflow-project/venv/lib/python3.8/site-packages/airflow/example_dags/example_latest_only_with_trigger.py
[2021-04-04 04:11:42,083] {logging_mixin.py:104} INFO - [2021-04-04 04:11:42,082] {dag.py:1818} INFO - Sync 1 DAGs
[2021-04-04 04:11:42,089] {logging_mixin.py:104} INFO - [2021-04-04 04:11:42,089] {dag.py:2273} INFO - Setting next_dagrun for latest_only_with_trigger to 2021-04-02 00:00:00+00:00
[2021-04-04 04:11:42,094] {scheduler_job.py:190} INFO - Processing /home/prathamesh/PycharmProjects/airflow-project/venv/lib/python3.8/site-packages/airflow/example_dags/example_latest_only_with_trigger.py took 0.035 seconds
[2021-04-04 04:12:13,000] {scheduler_job.py:182} INFO - Started process (PID=5315) to work on /home/prathamesh/PycharmProjects/airflow-project/venv/lib/python3.8/site-packages/airflow/example_dags/example_latest_only_with_trigger.py
[2021-04-04 04:12:13,001] {scheduler_job.py:629} INFO - Processing file /home/prathamesh/PycharmProjects/airflow-project/venv/lib/python3.8/site-packages/airflow/example_dags/example_latest_only_with_trigger.py for tasks to queue
[2021-04-04 04:12:13,037] {logging_mixin.py:104} INFO - [2021-04-04 04:12:13,037] {dagbag.py:448} INFO - Filling up the DagBag from /home/prathamesh/PycharmProjects/airflow-project/venv/lib/python3.8/site-packages/airflow/example_dags/example_latest_only_with_trigger.py
[2021-04-04 04:12:13,067] {scheduler_job.py:639} INFO - DAG(s) dict_keys(['latest_only_with_trigger']) retrieved from /home/prathamesh/PycharmProjects/airflow-project/venv/lib/python3.8/site-packages/airflow/example_dags/example_latest_only_with_trigger.py
[2021-04-04 04:12:13,099] {logging_mixin.py:104} INFO - [2021-04-04 04:12:13,099] {dag.py:1818} INFO - Sync 1 DAGs
[2021-04-04 04:12:13,131] {logging_mixin.py:104} INFO - [2021-04-04 04:12:13,131] {dag.py:2273} INFO - Setting next_dagrun for latest_only_with_trigger to 2021-04-02 00:00:00+00:00
[2021-04-04 04:12:13,136] {scheduler_job.py:190} INFO - Processing /home/prathamesh/PycharmProjects/airflow-project/venv/lib/python3.8/site-packages/airflow/example_dags/example_latest_only_with_trigger.py took 0.138 seconds
[2021-04-04 04:12:43,506] {scheduler_job.py:182} INFO - Started process (PID=5362) to work on /home/prathamesh/PycharmProjects/airflow-project/venv/lib/python3.8/site-packages/airflow/example_dags/example_latest_only_with_trigger.py
[2021-04-04 04:12:43,507] {scheduler_job.py:629} INFO - Processing file /home/prathamesh/PycharmProjects/airflow-project/venv/lib/python3.8/site-packages/airflow/example_dags/example_latest_only_with_trigger.py for tasks to queue
[2021-04-04 04:12:43,507] {logging_mixin.py:104} INFO - [2021-04-04 04:12:43,507] {dagbag.py:448} INFO - Filling up the DagBag from /home/prathamesh/PycharmProjects/airflow-project/venv/lib/python3.8/site-packages/airflow/example_dags/example_latest_only_with_trigger.py
[2021-04-04 04:12:43,518] {scheduler_job.py:639} INFO - DAG(s) dict_keys(['latest_only_with_trigger']) retrieved from /home/prathamesh/PycharmProjects/airflow-project/venv/lib/python3.8/site-packages/airflow/example_dags/example_latest_only_with_trigger.py
[2021-04-04 04:12:43,528] {logging_mixin.py:104} INFO - [2021-04-04 04:12:43,528] {dag.py:1818} INFO - Sync 1 DAGs
[2021-04-04 04:12:43,534] {logging_mixin.py:104} INFO - [2021-04-04 04:12:43,534] {dag.py:2273} INFO - Setting next_dagrun for latest_only_with_trigger to 2021-04-02 00:00:00+00:00
[2021-04-04 04:12:43,538] {scheduler_job.py:190} INFO - Processing /home/prathamesh/PycharmProjects/airflow-project/venv/lib/python3.8/site-packages/airflow/example_dags/example_latest_only_with_trigger.py took 0.035 seconds
[2021-04-04 16:21:41,635] {scheduler_job.py:182} INFO - Started process (PID=3424) to work on /home/prathamesh/PycharmProjects/airflow-project/venv/lib/python3.8/site-packages/airflow/example_dags/example_latest_only_with_trigger.py
[2021-04-04 16:21:41,641] {scheduler_job.py:629} INFO - Processing file /home/prathamesh/PycharmProjects/airflow-project/venv/lib/python3.8/site-packages/airflow/example_dags/example_latest_only_with_trigger.py for tasks to queue
[2021-04-04 16:21:41,642] {logging_mixin.py:104} INFO - [2021-04-04 16:21:41,642] {dagbag.py:448} INFO - Filling up the DagBag from /home/prathamesh/PycharmProjects/airflow-project/venv/lib/python3.8/site-packages/airflow/example_dags/example_latest_only_with_trigger.py
[2021-04-04 16:21:41,673] {scheduler_job.py:639} INFO - DAG(s) dict_keys(['latest_only_with_trigger']) retrieved from /home/prathamesh/PycharmProjects/airflow-project/venv/lib/python3.8/site-packages/airflow/example_dags/example_latest_only_with_trigger.py
[2021-04-04 16:21:41,773] {logging_mixin.py:104} INFO - [2021-04-04 16:21:41,773] {dag.py:1818} INFO - Sync 1 DAGs
[2021-04-04 16:21:41,794] {logging_mixin.py:104} INFO - [2021-04-04 16:21:41,794] {dag.py:2273} INFO - Setting next_dagrun for latest_only_with_trigger to 2021-04-02 00:00:00+00:00
[2021-04-04 16:21:41,860] {scheduler_job.py:190} INFO - Processing /home/prathamesh/PycharmProjects/airflow-project/venv/lib/python3.8/site-packages/airflow/example_dags/example_latest_only_with_trigger.py took 0.227 seconds
[2021-04-04 16:22:12,441] {scheduler_job.py:182} INFO - Started process (PID=3545) to work on /home/prathamesh/PycharmProjects/airflow-project/venv/lib/python3.8/site-packages/airflow/example_dags/example_latest_only_with_trigger.py
[2021-04-04 16:22:12,443] {scheduler_job.py:629} INFO - Processing file /home/prathamesh/PycharmProjects/airflow-project/venv/lib/python3.8/site-packages/airflow/example_dags/example_latest_only_with_trigger.py for tasks to queue
[2021-04-04 16:22:12,444] {logging_mixin.py:104} INFO - [2021-04-04 16:22:12,444] {dagbag.py:448} INFO - Filling up the DagBag from /home/prathamesh/PycharmProjects/airflow-project/venv/lib/python3.8/site-packages/airflow/example_dags/example_latest_only_with_trigger.py
[2021-04-04 16:22:12,451] {scheduler_job.py:639} INFO - DAG(s) dict_keys(['latest_only_with_trigger']) retrieved from /home/prathamesh/PycharmProjects/airflow-project/venv/lib/python3.8/site-packages/airflow/example_dags/example_latest_only_with_trigger.py
[2021-04-04 16:22:12,461] {logging_mixin.py:104} INFO - [2021-04-04 16:22:12,461] {dag.py:1818} INFO - Sync 1 DAGs
[2021-04-04 16:22:12,470] {logging_mixin.py:104} INFO - [2021-04-04 16:22:12,470] {dag.py:2273} INFO - Setting next_dagrun for latest_only_with_trigger to 2021-04-02 00:00:00+00:00
[2021-04-04 16:22:12,478] {scheduler_job.py:190} INFO - Processing /home/prathamesh/PycharmProjects/airflow-project/venv/lib/python3.8/site-packages/airflow/example_dags/example_latest_only_with_trigger.py took 0.039 seconds
[2021-04-04 16:22:42,989] {scheduler_job.py:182} INFO - Started process (PID=3573) to work on /home/prathamesh/PycharmProjects/airflow-project/venv/lib/python3.8/site-packages/airflow/example_dags/example_latest_only_with_trigger.py
[2021-04-04 16:22:42,990] {scheduler_job.py:629} INFO - Processing file /home/prathamesh/PycharmProjects/airflow-project/venv/lib/python3.8/site-packages/airflow/example_dags/example_latest_only_with_trigger.py for tasks to queue
[2021-04-04 16:22:42,990] {logging_mixin.py:104} INFO - [2021-04-04 16:22:42,990] {dagbag.py:448} INFO - Filling up the DagBag from /home/prathamesh/PycharmProjects/airflow-project/venv/lib/python3.8/site-packages/airflow/example_dags/example_latest_only_with_trigger.py
[2021-04-04 16:22:42,997] {scheduler_job.py:639} INFO - DAG(s) dict_keys(['latest_only_with_trigger']) retrieved from /home/prathamesh/PycharmProjects/airflow-project/venv/lib/python3.8/site-packages/airflow/example_dags/example_latest_only_with_trigger.py
[2021-04-04 16:22:43,008] {logging_mixin.py:104} INFO - [2021-04-04 16:22:43,007] {dag.py:1818} INFO - Sync 1 DAGs
[2021-04-04 16:22:43,015] {logging_mixin.py:104} INFO - [2021-04-04 16:22:43,015] {dag.py:2273} INFO - Setting next_dagrun for latest_only_with_trigger to 2021-04-02 00:00:00+00:00
[2021-04-04 16:22:43,021] {scheduler_job.py:190} INFO - Processing /home/prathamesh/PycharmProjects/airflow-project/venv/lib/python3.8/site-packages/airflow/example_dags/example_latest_only_with_trigger.py took 0.034 seconds
[2021-04-04 16:23:13,645] {scheduler_job.py:182} INFO - Started process (PID=3600) to work on /home/prathamesh/PycharmProjects/airflow-project/venv/lib/python3.8/site-packages/airflow/example_dags/example_latest_only_with_trigger.py
[2021-04-04 16:23:13,646] {scheduler_job.py:629} INFO - Processing file /home/prathamesh/PycharmProjects/airflow-project/venv/lib/python3.8/site-packages/airflow/example_dags/example_latest_only_with_trigger.py for tasks to queue
[2021-04-04 16:23:13,647] {logging_mixin.py:104} INFO - [2021-04-04 16:23:13,647] {dagbag.py:448} INFO - Filling up the DagBag from /home/prathamesh/PycharmProjects/airflow-project/venv/lib/python3.8/site-packages/airflow/example_dags/example_latest_only_with_trigger.py
[2021-04-04 16:23:13,653] {scheduler_job.py:639} INFO - DAG(s) dict_keys(['latest_only_with_trigger']) retrieved from /home/prathamesh/PycharmProjects/airflow-project/venv/lib/python3.8/site-packages/airflow/example_dags/example_latest_only_with_trigger.py
[2021-04-04 16:23:13,664] {logging_mixin.py:104} INFO - [2021-04-04 16:23:13,664] {dag.py:1818} INFO - Sync 1 DAGs
[2021-04-04 16:23:13,672] {logging_mixin.py:104} INFO - [2021-04-04 16:23:13,672] {dag.py:2273} INFO - Setting next_dagrun for latest_only_with_trigger to 2021-04-02 00:00:00+00:00
[2021-04-04 16:23:13,677] {scheduler_job.py:190} INFO - Processing /home/prathamesh/PycharmProjects/airflow-project/venv/lib/python3.8/site-packages/airflow/example_dags/example_latest_only_with_trigger.py took 0.034 seconds
