[2021-04-04 03:36:27,208] {scheduler_job.py:182} INFO - Started process (PID=3206) to work on /home/prathamesh/PycharmProjects/airflow-project/venv/lib/python3.8/site-packages/airflow/example_dags/example_external_task_marker_dag.py
[2021-04-04 03:36:27,208] {scheduler_job.py:629} INFO - Processing file /home/prathamesh/PycharmProjects/airflow-project/venv/lib/python3.8/site-packages/airflow/example_dags/example_external_task_marker_dag.py for tasks to queue
[2021-04-04 03:36:27,209] {logging_mixin.py:104} INFO - [2021-04-04 03:36:27,209] {dagbag.py:448} INFO - Filling up the DagBag from /home/prathamesh/PycharmProjects/airflow-project/venv/lib/python3.8/site-packages/airflow/example_dags/example_external_task_marker_dag.py
[2021-04-04 03:36:27,216] {scheduler_job.py:639} INFO - DAG(s) dict_keys(['example_external_task_marker_parent', 'example_external_task_marker_child']) retrieved from /home/prathamesh/PycharmProjects/airflow-project/venv/lib/python3.8/site-packages/airflow/example_dags/example_external_task_marker_dag.py
[2021-04-04 03:36:27,250] {logging_mixin.py:104} INFO - [2021-04-04 03:36:27,250] {dag.py:1818} INFO - Sync 2 DAGs
[2021-04-04 03:36:27,257] {logging_mixin.py:104} INFO - [2021-04-04 03:36:27,257] {dag.py:2273} INFO - Setting next_dagrun for example_external_task_marker_child to None
[2021-04-04 03:36:27,257] {logging_mixin.py:104} INFO - [2021-04-04 03:36:27,257] {dag.py:2273} INFO - Setting next_dagrun for example_external_task_marker_parent to None
[2021-04-04 03:36:27,276] {scheduler_job.py:190} INFO - Processing /home/prathamesh/PycharmProjects/airflow-project/venv/lib/python3.8/site-packages/airflow/example_dags/example_external_task_marker_dag.py took 0.070 seconds
[2021-04-04 03:36:58,475] {scheduler_job.py:182} INFO - Started process (PID=3239) to work on /home/prathamesh/PycharmProjects/airflow-project/venv/lib/python3.8/site-packages/airflow/example_dags/example_external_task_marker_dag.py
[2021-04-04 03:36:58,476] {scheduler_job.py:629} INFO - Processing file /home/prathamesh/PycharmProjects/airflow-project/venv/lib/python3.8/site-packages/airflow/example_dags/example_external_task_marker_dag.py for tasks to queue
[2021-04-04 03:36:58,477] {logging_mixin.py:104} INFO - [2021-04-04 03:36:58,477] {dagbag.py:448} INFO - Filling up the DagBag from /home/prathamesh/PycharmProjects/airflow-project/venv/lib/python3.8/site-packages/airflow/example_dags/example_external_task_marker_dag.py
[2021-04-04 03:36:58,505] {scheduler_job.py:639} INFO - DAG(s) dict_keys(['example_external_task_marker_parent', 'example_external_task_marker_child']) retrieved from /home/prathamesh/PycharmProjects/airflow-project/venv/lib/python3.8/site-packages/airflow/example_dags/example_external_task_marker_dag.py
[2021-04-04 03:36:58,528] {logging_mixin.py:104} INFO - [2021-04-04 03:36:58,528] {dag.py:1818} INFO - Sync 2 DAGs
[2021-04-04 03:36:58,548] {logging_mixin.py:104} INFO - [2021-04-04 03:36:58,548] {dag.py:2273} INFO - Setting next_dagrun for example_external_task_marker_child to None
[2021-04-04 03:36:58,548] {logging_mixin.py:104} INFO - [2021-04-04 03:36:58,548] {dag.py:2273} INFO - Setting next_dagrun for example_external_task_marker_parent to None
[2021-04-04 03:36:58,578] {scheduler_job.py:190} INFO - Processing /home/prathamesh/PycharmProjects/airflow-project/venv/lib/python3.8/site-packages/airflow/example_dags/example_external_task_marker_dag.py took 0.105 seconds
[2021-04-04 03:37:29,392] {scheduler_job.py:182} INFO - Started process (PID=3276) to work on /home/prathamesh/PycharmProjects/airflow-project/venv/lib/python3.8/site-packages/airflow/example_dags/example_external_task_marker_dag.py
[2021-04-04 03:37:29,395] {scheduler_job.py:629} INFO - Processing file /home/prathamesh/PycharmProjects/airflow-project/venv/lib/python3.8/site-packages/airflow/example_dags/example_external_task_marker_dag.py for tasks to queue
[2021-04-04 03:37:29,396] {logging_mixin.py:104} INFO - [2021-04-04 03:37:29,396] {dagbag.py:448} INFO - Filling up the DagBag from /home/prathamesh/PycharmProjects/airflow-project/venv/lib/python3.8/site-packages/airflow/example_dags/example_external_task_marker_dag.py
[2021-04-04 03:37:29,402] {scheduler_job.py:639} INFO - DAG(s) dict_keys(['example_external_task_marker_parent', 'example_external_task_marker_child']) retrieved from /home/prathamesh/PycharmProjects/airflow-project/venv/lib/python3.8/site-packages/airflow/example_dags/example_external_task_marker_dag.py
[2021-04-04 03:37:29,436] {logging_mixin.py:104} INFO - [2021-04-04 03:37:29,436] {dag.py:1818} INFO - Sync 2 DAGs
[2021-04-04 03:37:29,471] {logging_mixin.py:104} INFO - [2021-04-04 03:37:29,471] {dag.py:2273} INFO - Setting next_dagrun for example_external_task_marker_child to None
[2021-04-04 03:37:29,471] {logging_mixin.py:104} INFO - [2021-04-04 03:37:29,471] {dag.py:2273} INFO - Setting next_dagrun for example_external_task_marker_parent to None
[2021-04-04 03:37:29,479] {scheduler_job.py:190} INFO - Processing /home/prathamesh/PycharmProjects/airflow-project/venv/lib/python3.8/site-packages/airflow/example_dags/example_external_task_marker_dag.py took 0.090 seconds
[2021-04-04 03:37:59,833] {scheduler_job.py:182} INFO - Started process (PID=3305) to work on /home/prathamesh/PycharmProjects/airflow-project/venv/lib/python3.8/site-packages/airflow/example_dags/example_external_task_marker_dag.py
[2021-04-04 03:37:59,840] {scheduler_job.py:629} INFO - Processing file /home/prathamesh/PycharmProjects/airflow-project/venv/lib/python3.8/site-packages/airflow/example_dags/example_external_task_marker_dag.py for tasks to queue
[2021-04-04 03:37:59,841] {logging_mixin.py:104} INFO - [2021-04-04 03:37:59,840] {dagbag.py:448} INFO - Filling up the DagBag from /home/prathamesh/PycharmProjects/airflow-project/venv/lib/python3.8/site-packages/airflow/example_dags/example_external_task_marker_dag.py
[2021-04-04 03:37:59,848] {scheduler_job.py:639} INFO - DAG(s) dict_keys(['example_external_task_marker_parent', 'example_external_task_marker_child']) retrieved from /home/prathamesh/PycharmProjects/airflow-project/venv/lib/python3.8/site-packages/airflow/example_dags/example_external_task_marker_dag.py
[2021-04-04 03:37:59,889] {logging_mixin.py:104} INFO - [2021-04-04 03:37:59,889] {dag.py:1818} INFO - Sync 2 DAGs
[2021-04-04 03:37:59,927] {logging_mixin.py:104} INFO - [2021-04-04 03:37:59,927] {dag.py:2273} INFO - Setting next_dagrun for example_external_task_marker_child to None
[2021-04-04 03:37:59,927] {logging_mixin.py:104} INFO - [2021-04-04 03:37:59,927] {dag.py:2273} INFO - Setting next_dagrun for example_external_task_marker_parent to None
[2021-04-04 03:37:59,961] {scheduler_job.py:190} INFO - Processing /home/prathamesh/PycharmProjects/airflow-project/venv/lib/python3.8/site-packages/airflow/example_dags/example_external_task_marker_dag.py took 0.131 seconds
[2021-04-04 03:38:30,449] {scheduler_job.py:182} INFO - Started process (PID=3333) to work on /home/prathamesh/PycharmProjects/airflow-project/venv/lib/python3.8/site-packages/airflow/example_dags/example_external_task_marker_dag.py
[2021-04-04 03:38:30,452] {scheduler_job.py:629} INFO - Processing file /home/prathamesh/PycharmProjects/airflow-project/venv/lib/python3.8/site-packages/airflow/example_dags/example_external_task_marker_dag.py for tasks to queue
[2021-04-04 03:38:30,453] {logging_mixin.py:104} INFO - [2021-04-04 03:38:30,453] {dagbag.py:448} INFO - Filling up the DagBag from /home/prathamesh/PycharmProjects/airflow-project/venv/lib/python3.8/site-packages/airflow/example_dags/example_external_task_marker_dag.py
[2021-04-04 03:38:30,563] {scheduler_job.py:639} INFO - DAG(s) dict_keys(['example_external_task_marker_parent', 'example_external_task_marker_child']) retrieved from /home/prathamesh/PycharmProjects/airflow-project/venv/lib/python3.8/site-packages/airflow/example_dags/example_external_task_marker_dag.py
[2021-04-04 03:38:30,653] {logging_mixin.py:104} INFO - [2021-04-04 03:38:30,653] {dag.py:1818} INFO - Sync 2 DAGs
[2021-04-04 03:38:30,749] {logging_mixin.py:104} INFO - [2021-04-04 03:38:30,749] {dag.py:2273} INFO - Setting next_dagrun for example_external_task_marker_child to None
[2021-04-04 03:38:30,789] {logging_mixin.py:104} INFO - [2021-04-04 03:38:30,789] {dag.py:2273} INFO - Setting next_dagrun for example_external_task_marker_parent to None
[2021-04-04 03:38:30,897] {scheduler_job.py:190} INFO - Processing /home/prathamesh/PycharmProjects/airflow-project/venv/lib/python3.8/site-packages/airflow/example_dags/example_external_task_marker_dag.py took 0.486 seconds
[2021-04-04 03:39:03,091] {scheduler_job.py:182} INFO - Started process (PID=3377) to work on /home/prathamesh/PycharmProjects/airflow-project/venv/lib/python3.8/site-packages/airflow/example_dags/example_external_task_marker_dag.py
[2021-04-04 03:39:03,092] {scheduler_job.py:629} INFO - Processing file /home/prathamesh/PycharmProjects/airflow-project/venv/lib/python3.8/site-packages/airflow/example_dags/example_external_task_marker_dag.py for tasks to queue
[2021-04-04 03:39:03,146] {logging_mixin.py:104} INFO - [2021-04-04 03:39:03,146] {dagbag.py:448} INFO - Filling up the DagBag from /home/prathamesh/PycharmProjects/airflow-project/venv/lib/python3.8/site-packages/airflow/example_dags/example_external_task_marker_dag.py
[2021-04-04 03:39:03,229] {scheduler_job.py:639} INFO - DAG(s) dict_keys(['example_external_task_marker_parent', 'example_external_task_marker_child']) retrieved from /home/prathamesh/PycharmProjects/airflow-project/venv/lib/python3.8/site-packages/airflow/example_dags/example_external_task_marker_dag.py
[2021-04-04 03:39:03,351] {logging_mixin.py:104} INFO - [2021-04-04 03:39:03,351] {dag.py:1818} INFO - Sync 2 DAGs
[2021-04-04 03:39:03,537] {logging_mixin.py:104} INFO - [2021-04-04 03:39:03,537] {dag.py:2273} INFO - Setting next_dagrun for example_external_task_marker_child to None
[2021-04-04 03:39:03,538] {logging_mixin.py:104} INFO - [2021-04-04 03:39:03,538] {dag.py:2273} INFO - Setting next_dagrun for example_external_task_marker_parent to None
[2021-04-04 03:39:03,614] {scheduler_job.py:190} INFO - Processing /home/prathamesh/PycharmProjects/airflow-project/venv/lib/python3.8/site-packages/airflow/example_dags/example_external_task_marker_dag.py took 0.525 seconds
[2021-04-04 03:39:33,749] {scheduler_job.py:182} INFO - Started process (PID=3406) to work on /home/prathamesh/PycharmProjects/airflow-project/venv/lib/python3.8/site-packages/airflow/example_dags/example_external_task_marker_dag.py
[2021-04-04 03:39:33,788] {scheduler_job.py:629} INFO - Processing file /home/prathamesh/PycharmProjects/airflow-project/venv/lib/python3.8/site-packages/airflow/example_dags/example_external_task_marker_dag.py for tasks to queue
[2021-04-04 03:39:33,789] {logging_mixin.py:104} INFO - [2021-04-04 03:39:33,789] {dagbag.py:448} INFO - Filling up the DagBag from /home/prathamesh/PycharmProjects/airflow-project/venv/lib/python3.8/site-packages/airflow/example_dags/example_external_task_marker_dag.py
[2021-04-04 03:39:33,846] {scheduler_job.py:639} INFO - DAG(s) dict_keys(['example_external_task_marker_parent', 'example_external_task_marker_child']) retrieved from /home/prathamesh/PycharmProjects/airflow-project/venv/lib/python3.8/site-packages/airflow/example_dags/example_external_task_marker_dag.py
[2021-04-04 03:39:34,058] {logging_mixin.py:104} INFO - [2021-04-04 03:39:34,058] {dag.py:1818} INFO - Sync 2 DAGs
[2021-04-04 03:39:34,207] {logging_mixin.py:104} INFO - [2021-04-04 03:39:34,207] {dag.py:2273} INFO - Setting next_dagrun for example_external_task_marker_child to None
[2021-04-04 03:39:34,238] {logging_mixin.py:104} INFO - [2021-04-04 03:39:34,238] {dag.py:2273} INFO - Setting next_dagrun for example_external_task_marker_parent to None
[2021-04-04 03:39:34,332] {scheduler_job.py:190} INFO - Processing /home/prathamesh/PycharmProjects/airflow-project/venv/lib/python3.8/site-packages/airflow/example_dags/example_external_task_marker_dag.py took 0.586 seconds
[2021-04-04 03:40:04,393] {scheduler_job.py:182} INFO - Started process (PID=3436) to work on /home/prathamesh/PycharmProjects/airflow-project/venv/lib/python3.8/site-packages/airflow/example_dags/example_external_task_marker_dag.py
[2021-04-04 03:40:04,395] {scheduler_job.py:629} INFO - Processing file /home/prathamesh/PycharmProjects/airflow-project/venv/lib/python3.8/site-packages/airflow/example_dags/example_external_task_marker_dag.py for tasks to queue
[2021-04-04 03:40:04,396] {logging_mixin.py:104} INFO - [2021-04-04 03:40:04,396] {dagbag.py:448} INFO - Filling up the DagBag from /home/prathamesh/PycharmProjects/airflow-project/venv/lib/python3.8/site-packages/airflow/example_dags/example_external_task_marker_dag.py
[2021-04-04 03:40:04,408] {scheduler_job.py:639} INFO - DAG(s) dict_keys(['example_external_task_marker_parent', 'example_external_task_marker_child']) retrieved from /home/prathamesh/PycharmProjects/airflow-project/venv/lib/python3.8/site-packages/airflow/example_dags/example_external_task_marker_dag.py
[2021-04-04 03:40:04,435] {logging_mixin.py:104} INFO - [2021-04-04 03:40:04,435] {dag.py:1818} INFO - Sync 2 DAGs
[2021-04-04 03:40:04,451] {logging_mixin.py:104} INFO - [2021-04-04 03:40:04,451] {dag.py:2273} INFO - Setting next_dagrun for example_external_task_marker_child to None
[2021-04-04 03:40:04,453] {logging_mixin.py:104} INFO - [2021-04-04 03:40:04,453] {dag.py:2273} INFO - Setting next_dagrun for example_external_task_marker_parent to None
[2021-04-04 03:40:04,462] {scheduler_job.py:190} INFO - Processing /home/prathamesh/PycharmProjects/airflow-project/venv/lib/python3.8/site-packages/airflow/example_dags/example_external_task_marker_dag.py took 0.071 seconds
[2021-04-04 03:40:35,362] {scheduler_job.py:182} INFO - Started process (PID=3464) to work on /home/prathamesh/PycharmProjects/airflow-project/venv/lib/python3.8/site-packages/airflow/example_dags/example_external_task_marker_dag.py
[2021-04-04 03:40:35,365] {scheduler_job.py:629} INFO - Processing file /home/prathamesh/PycharmProjects/airflow-project/venv/lib/python3.8/site-packages/airflow/example_dags/example_external_task_marker_dag.py for tasks to queue
[2021-04-04 03:40:35,365] {logging_mixin.py:104} INFO - [2021-04-04 03:40:35,365] {dagbag.py:448} INFO - Filling up the DagBag from /home/prathamesh/PycharmProjects/airflow-project/venv/lib/python3.8/site-packages/airflow/example_dags/example_external_task_marker_dag.py
[2021-04-04 03:40:35,373] {scheduler_job.py:639} INFO - DAG(s) dict_keys(['example_external_task_marker_parent', 'example_external_task_marker_child']) retrieved from /home/prathamesh/PycharmProjects/airflow-project/venv/lib/python3.8/site-packages/airflow/example_dags/example_external_task_marker_dag.py
[2021-04-04 03:40:35,390] {logging_mixin.py:104} INFO - [2021-04-04 03:40:35,390] {dag.py:1818} INFO - Sync 2 DAGs
[2021-04-04 03:40:35,400] {logging_mixin.py:104} INFO - [2021-04-04 03:40:35,400] {dag.py:2273} INFO - Setting next_dagrun for example_external_task_marker_child to None
[2021-04-04 03:40:35,400] {logging_mixin.py:104} INFO - [2021-04-04 03:40:35,400] {dag.py:2273} INFO - Setting next_dagrun for example_external_task_marker_parent to None
[2021-04-04 03:40:35,420] {scheduler_job.py:190} INFO - Processing /home/prathamesh/PycharmProjects/airflow-project/venv/lib/python3.8/site-packages/airflow/example_dags/example_external_task_marker_dag.py took 0.061 seconds
[2021-04-04 03:41:06,166] {scheduler_job.py:182} INFO - Started process (PID=3509) to work on /home/prathamesh/PycharmProjects/airflow-project/venv/lib/python3.8/site-packages/airflow/example_dags/example_external_task_marker_dag.py
[2021-04-04 03:41:06,167] {scheduler_job.py:629} INFO - Processing file /home/prathamesh/PycharmProjects/airflow-project/venv/lib/python3.8/site-packages/airflow/example_dags/example_external_task_marker_dag.py for tasks to queue
[2021-04-04 03:41:06,167] {logging_mixin.py:104} INFO - [2021-04-04 03:41:06,167] {dagbag.py:448} INFO - Filling up the DagBag from /home/prathamesh/PycharmProjects/airflow-project/venv/lib/python3.8/site-packages/airflow/example_dags/example_external_task_marker_dag.py
[2021-04-04 03:41:06,182] {scheduler_job.py:639} INFO - DAG(s) dict_keys(['example_external_task_marker_parent', 'example_external_task_marker_child']) retrieved from /home/prathamesh/PycharmProjects/airflow-project/venv/lib/python3.8/site-packages/airflow/example_dags/example_external_task_marker_dag.py
[2021-04-04 03:41:06,202] {logging_mixin.py:104} INFO - [2021-04-04 03:41:06,202] {dag.py:1818} INFO - Sync 2 DAGs
[2021-04-04 03:41:06,217] {logging_mixin.py:104} INFO - [2021-04-04 03:41:06,217] {dag.py:2273} INFO - Setting next_dagrun for example_external_task_marker_child to None
[2021-04-04 03:41:06,218] {logging_mixin.py:104} INFO - [2021-04-04 03:41:06,218] {dag.py:2273} INFO - Setting next_dagrun for example_external_task_marker_parent to None
[2021-04-04 03:41:06,250] {scheduler_job.py:190} INFO - Processing /home/prathamesh/PycharmProjects/airflow-project/venv/lib/python3.8/site-packages/airflow/example_dags/example_external_task_marker_dag.py took 0.087 seconds
[2021-04-04 03:41:37,380] {scheduler_job.py:182} INFO - Started process (PID=3568) to work on /home/prathamesh/PycharmProjects/airflow-project/venv/lib/python3.8/site-packages/airflow/example_dags/example_external_task_marker_dag.py
[2021-04-04 03:41:37,380] {scheduler_job.py:629} INFO - Processing file /home/prathamesh/PycharmProjects/airflow-project/venv/lib/python3.8/site-packages/airflow/example_dags/example_external_task_marker_dag.py for tasks to queue
[2021-04-04 03:41:37,381] {logging_mixin.py:104} INFO - [2021-04-04 03:41:37,381] {dagbag.py:448} INFO - Filling up the DagBag from /home/prathamesh/PycharmProjects/airflow-project/venv/lib/python3.8/site-packages/airflow/example_dags/example_external_task_marker_dag.py
[2021-04-04 03:41:37,388] {scheduler_job.py:639} INFO - DAG(s) dict_keys(['example_external_task_marker_parent', 'example_external_task_marker_child']) retrieved from /home/prathamesh/PycharmProjects/airflow-project/venv/lib/python3.8/site-packages/airflow/example_dags/example_external_task_marker_dag.py
[2021-04-04 03:41:37,403] {logging_mixin.py:104} INFO - [2021-04-04 03:41:37,403] {dag.py:1818} INFO - Sync 2 DAGs
[2021-04-04 03:41:37,409] {logging_mixin.py:104} INFO - [2021-04-04 03:41:37,409] {dag.py:2273} INFO - Setting next_dagrun for example_external_task_marker_child to None
[2021-04-04 03:41:37,410] {logging_mixin.py:104} INFO - [2021-04-04 03:41:37,410] {dag.py:2273} INFO - Setting next_dagrun for example_external_task_marker_parent to None
[2021-04-04 03:41:37,429] {scheduler_job.py:190} INFO - Processing /home/prathamesh/PycharmProjects/airflow-project/venv/lib/python3.8/site-packages/airflow/example_dags/example_external_task_marker_dag.py took 0.051 seconds
[2021-04-04 03:42:07,692] {scheduler_job.py:182} INFO - Started process (PID=3596) to work on /home/prathamesh/PycharmProjects/airflow-project/venv/lib/python3.8/site-packages/airflow/example_dags/example_external_task_marker_dag.py
[2021-04-04 03:42:07,694] {scheduler_job.py:629} INFO - Processing file /home/prathamesh/PycharmProjects/airflow-project/venv/lib/python3.8/site-packages/airflow/example_dags/example_external_task_marker_dag.py for tasks to queue
[2021-04-04 03:42:07,694] {logging_mixin.py:104} INFO - [2021-04-04 03:42:07,694] {dagbag.py:448} INFO - Filling up the DagBag from /home/prathamesh/PycharmProjects/airflow-project/venv/lib/python3.8/site-packages/airflow/example_dags/example_external_task_marker_dag.py
[2021-04-04 03:42:07,703] {scheduler_job.py:639} INFO - DAG(s) dict_keys(['example_external_task_marker_parent', 'example_external_task_marker_child']) retrieved from /home/prathamesh/PycharmProjects/airflow-project/venv/lib/python3.8/site-packages/airflow/example_dags/example_external_task_marker_dag.py
[2021-04-04 03:42:07,722] {logging_mixin.py:104} INFO - [2021-04-04 03:42:07,722] {dag.py:1818} INFO - Sync 2 DAGs
[2021-04-04 03:42:07,730] {logging_mixin.py:104} INFO - [2021-04-04 03:42:07,730] {dag.py:2273} INFO - Setting next_dagrun for example_external_task_marker_child to None
[2021-04-04 03:42:07,731] {logging_mixin.py:104} INFO - [2021-04-04 03:42:07,731] {dag.py:2273} INFO - Setting next_dagrun for example_external_task_marker_parent to None
[2021-04-04 03:42:07,751] {scheduler_job.py:190} INFO - Processing /home/prathamesh/PycharmProjects/airflow-project/venv/lib/python3.8/site-packages/airflow/example_dags/example_external_task_marker_dag.py took 0.062 seconds
[2021-04-04 03:42:39,647] {scheduler_job.py:182} INFO - Started process (PID=3636) to work on /home/prathamesh/PycharmProjects/airflow-project/venv/lib/python3.8/site-packages/airflow/example_dags/example_external_task_marker_dag.py
[2021-04-04 03:42:39,648] {scheduler_job.py:629} INFO - Processing file /home/prathamesh/PycharmProjects/airflow-project/venv/lib/python3.8/site-packages/airflow/example_dags/example_external_task_marker_dag.py for tasks to queue
[2021-04-04 03:42:39,653] {logging_mixin.py:104} INFO - [2021-04-04 03:42:39,652] {dagbag.py:448} INFO - Filling up the DagBag from /home/prathamesh/PycharmProjects/airflow-project/venv/lib/python3.8/site-packages/airflow/example_dags/example_external_task_marker_dag.py
[2021-04-04 03:42:39,677] {scheduler_job.py:639} INFO - DAG(s) dict_keys(['example_external_task_marker_parent', 'example_external_task_marker_child']) retrieved from /home/prathamesh/PycharmProjects/airflow-project/venv/lib/python3.8/site-packages/airflow/example_dags/example_external_task_marker_dag.py
[2021-04-04 03:42:39,699] {logging_mixin.py:104} INFO - [2021-04-04 03:42:39,699] {dag.py:1818} INFO - Sync 2 DAGs
[2021-04-04 03:42:39,710] {logging_mixin.py:104} INFO - [2021-04-04 03:42:39,710] {dag.py:2273} INFO - Setting next_dagrun for example_external_task_marker_child to None
[2021-04-04 03:42:39,715] {logging_mixin.py:104} INFO - [2021-04-04 03:42:39,714] {dag.py:2273} INFO - Setting next_dagrun for example_external_task_marker_parent to None
[2021-04-04 03:42:39,723] {scheduler_job.py:190} INFO - Processing /home/prathamesh/PycharmProjects/airflow-project/venv/lib/python3.8/site-packages/airflow/example_dags/example_external_task_marker_dag.py took 0.082 seconds
[2021-04-04 03:43:10,454] {scheduler_job.py:182} INFO - Started process (PID=3674) to work on /home/prathamesh/PycharmProjects/airflow-project/venv/lib/python3.8/site-packages/airflow/example_dags/example_external_task_marker_dag.py
[2021-04-04 03:43:10,455] {scheduler_job.py:629} INFO - Processing file /home/prathamesh/PycharmProjects/airflow-project/venv/lib/python3.8/site-packages/airflow/example_dags/example_external_task_marker_dag.py for tasks to queue
[2021-04-04 03:43:10,455] {logging_mixin.py:104} INFO - [2021-04-04 03:43:10,455] {dagbag.py:448} INFO - Filling up the DagBag from /home/prathamesh/PycharmProjects/airflow-project/venv/lib/python3.8/site-packages/airflow/example_dags/example_external_task_marker_dag.py
[2021-04-04 03:43:10,465] {scheduler_job.py:639} INFO - DAG(s) dict_keys(['example_external_task_marker_parent', 'example_external_task_marker_child']) retrieved from /home/prathamesh/PycharmProjects/airflow-project/venv/lib/python3.8/site-packages/airflow/example_dags/example_external_task_marker_dag.py
[2021-04-04 03:43:10,476] {logging_mixin.py:104} INFO - [2021-04-04 03:43:10,476] {dag.py:1818} INFO - Sync 2 DAGs
[2021-04-04 03:43:10,482] {logging_mixin.py:104} INFO - [2021-04-04 03:43:10,482] {dag.py:2273} INFO - Setting next_dagrun for example_external_task_marker_child to None
[2021-04-04 03:43:10,483] {logging_mixin.py:104} INFO - [2021-04-04 03:43:10,483] {dag.py:2273} INFO - Setting next_dagrun for example_external_task_marker_parent to None
[2021-04-04 03:43:10,498] {scheduler_job.py:190} INFO - Processing /home/prathamesh/PycharmProjects/airflow-project/venv/lib/python3.8/site-packages/airflow/example_dags/example_external_task_marker_dag.py took 0.047 seconds
[2021-04-04 03:43:41,006] {scheduler_job.py:182} INFO - Started process (PID=3716) to work on /home/prathamesh/PycharmProjects/airflow-project/venv/lib/python3.8/site-packages/airflow/example_dags/example_external_task_marker_dag.py
[2021-04-04 03:43:41,007] {scheduler_job.py:629} INFO - Processing file /home/prathamesh/PycharmProjects/airflow-project/venv/lib/python3.8/site-packages/airflow/example_dags/example_external_task_marker_dag.py for tasks to queue
[2021-04-04 03:43:41,007] {logging_mixin.py:104} INFO - [2021-04-04 03:43:41,007] {dagbag.py:448} INFO - Filling up the DagBag from /home/prathamesh/PycharmProjects/airflow-project/venv/lib/python3.8/site-packages/airflow/example_dags/example_external_task_marker_dag.py
[2021-04-04 03:43:41,022] {scheduler_job.py:639} INFO - DAG(s) dict_keys(['example_external_task_marker_parent', 'example_external_task_marker_child']) retrieved from /home/prathamesh/PycharmProjects/airflow-project/venv/lib/python3.8/site-packages/airflow/example_dags/example_external_task_marker_dag.py
[2021-04-04 03:43:41,046] {logging_mixin.py:104} INFO - [2021-04-04 03:43:41,046] {dag.py:1818} INFO - Sync 2 DAGs
[2021-04-04 03:43:41,052] {logging_mixin.py:104} INFO - [2021-04-04 03:43:41,052] {dag.py:2273} INFO - Setting next_dagrun for example_external_task_marker_child to None
[2021-04-04 03:43:41,053] {logging_mixin.py:104} INFO - [2021-04-04 03:43:41,053] {dag.py:2273} INFO - Setting next_dagrun for example_external_task_marker_parent to None
[2021-04-04 03:43:41,067] {scheduler_job.py:190} INFO - Processing /home/prathamesh/PycharmProjects/airflow-project/venv/lib/python3.8/site-packages/airflow/example_dags/example_external_task_marker_dag.py took 0.064 seconds
[2021-04-04 03:44:11,534] {scheduler_job.py:182} INFO - Started process (PID=3747) to work on /home/prathamesh/PycharmProjects/airflow-project/venv/lib/python3.8/site-packages/airflow/example_dags/example_external_task_marker_dag.py
[2021-04-04 03:44:11,535] {scheduler_job.py:629} INFO - Processing file /home/prathamesh/PycharmProjects/airflow-project/venv/lib/python3.8/site-packages/airflow/example_dags/example_external_task_marker_dag.py for tasks to queue
[2021-04-04 03:44:11,535] {logging_mixin.py:104} INFO - [2021-04-04 03:44:11,535] {dagbag.py:448} INFO - Filling up the DagBag from /home/prathamesh/PycharmProjects/airflow-project/venv/lib/python3.8/site-packages/airflow/example_dags/example_external_task_marker_dag.py
[2021-04-04 03:44:11,546] {scheduler_job.py:639} INFO - DAG(s) dict_keys(['example_external_task_marker_parent', 'example_external_task_marker_child']) retrieved from /home/prathamesh/PycharmProjects/airflow-project/venv/lib/python3.8/site-packages/airflow/example_dags/example_external_task_marker_dag.py
[2021-04-04 03:44:11,559] {logging_mixin.py:104} INFO - [2021-04-04 03:44:11,558] {dag.py:1818} INFO - Sync 2 DAGs
[2021-04-04 03:44:11,564] {logging_mixin.py:104} INFO - [2021-04-04 03:44:11,564] {dag.py:2273} INFO - Setting next_dagrun for example_external_task_marker_child to None
[2021-04-04 03:44:11,564] {logging_mixin.py:104} INFO - [2021-04-04 03:44:11,564] {dag.py:2273} INFO - Setting next_dagrun for example_external_task_marker_parent to None
[2021-04-04 03:44:11,579] {scheduler_job.py:190} INFO - Processing /home/prathamesh/PycharmProjects/airflow-project/venv/lib/python3.8/site-packages/airflow/example_dags/example_external_task_marker_dag.py took 0.049 seconds
[2021-04-04 03:44:41,997] {scheduler_job.py:182} INFO - Started process (PID=3775) to work on /home/prathamesh/PycharmProjects/airflow-project/venv/lib/python3.8/site-packages/airflow/example_dags/example_external_task_marker_dag.py
[2021-04-04 03:44:41,998] {scheduler_job.py:629} INFO - Processing file /home/prathamesh/PycharmProjects/airflow-project/venv/lib/python3.8/site-packages/airflow/example_dags/example_external_task_marker_dag.py for tasks to queue
[2021-04-04 03:44:41,998] {logging_mixin.py:104} INFO - [2021-04-04 03:44:41,998] {dagbag.py:448} INFO - Filling up the DagBag from /home/prathamesh/PycharmProjects/airflow-project/venv/lib/python3.8/site-packages/airflow/example_dags/example_external_task_marker_dag.py
[2021-04-04 03:44:42,008] {scheduler_job.py:639} INFO - DAG(s) dict_keys(['example_external_task_marker_parent', 'example_external_task_marker_child']) retrieved from /home/prathamesh/PycharmProjects/airflow-project/venv/lib/python3.8/site-packages/airflow/example_dags/example_external_task_marker_dag.py
[2021-04-04 03:44:42,024] {logging_mixin.py:104} INFO - [2021-04-04 03:44:42,024] {dag.py:1818} INFO - Sync 2 DAGs
[2021-04-04 03:44:42,033] {logging_mixin.py:104} INFO - [2021-04-04 03:44:42,033] {dag.py:2273} INFO - Setting next_dagrun for example_external_task_marker_child to None
[2021-04-04 03:44:42,033] {logging_mixin.py:104} INFO - [2021-04-04 03:44:42,033] {dag.py:2273} INFO - Setting next_dagrun for example_external_task_marker_parent to None
[2021-04-04 03:44:42,039] {scheduler_job.py:190} INFO - Processing /home/prathamesh/PycharmProjects/airflow-project/venv/lib/python3.8/site-packages/airflow/example_dags/example_external_task_marker_dag.py took 0.046 seconds
[2021-04-04 03:45:12,697] {scheduler_job.py:182} INFO - Started process (PID=3899) to work on /home/prathamesh/PycharmProjects/airflow-project/venv/lib/python3.8/site-packages/airflow/example_dags/example_external_task_marker_dag.py
[2021-04-04 03:45:12,700] {scheduler_job.py:629} INFO - Processing file /home/prathamesh/PycharmProjects/airflow-project/venv/lib/python3.8/site-packages/airflow/example_dags/example_external_task_marker_dag.py for tasks to queue
[2021-04-04 03:45:12,701] {logging_mixin.py:104} INFO - [2021-04-04 03:45:12,701] {dagbag.py:448} INFO - Filling up the DagBag from /home/prathamesh/PycharmProjects/airflow-project/venv/lib/python3.8/site-packages/airflow/example_dags/example_external_task_marker_dag.py
[2021-04-04 03:45:12,706] {scheduler_job.py:639} INFO - DAG(s) dict_keys(['example_external_task_marker_parent', 'example_external_task_marker_child']) retrieved from /home/prathamesh/PycharmProjects/airflow-project/venv/lib/python3.8/site-packages/airflow/example_dags/example_external_task_marker_dag.py
[2021-04-04 03:45:12,717] {logging_mixin.py:104} INFO - [2021-04-04 03:45:12,717] {dag.py:1818} INFO - Sync 2 DAGs
[2021-04-04 03:45:12,723] {logging_mixin.py:104} INFO - [2021-04-04 03:45:12,723] {dag.py:2273} INFO - Setting next_dagrun for example_external_task_marker_child to None
[2021-04-04 03:45:12,723] {logging_mixin.py:104} INFO - [2021-04-04 03:45:12,723] {dag.py:2273} INFO - Setting next_dagrun for example_external_task_marker_parent to None
[2021-04-04 03:45:12,727] {scheduler_job.py:190} INFO - Processing /home/prathamesh/PycharmProjects/airflow-project/venv/lib/python3.8/site-packages/airflow/example_dags/example_external_task_marker_dag.py took 0.032 seconds
[2021-04-04 03:54:01,953] {scheduler_job.py:182} INFO - Started process (PID=4526) to work on /home/prathamesh/PycharmProjects/airflow-project/venv/lib/python3.8/site-packages/airflow/example_dags/example_external_task_marker_dag.py
[2021-04-04 03:54:01,958] {scheduler_job.py:629} INFO - Processing file /home/prathamesh/PycharmProjects/airflow-project/venv/lib/python3.8/site-packages/airflow/example_dags/example_external_task_marker_dag.py for tasks to queue
[2021-04-04 03:54:01,958] {logging_mixin.py:104} INFO - [2021-04-04 03:54:01,958] {dagbag.py:448} INFO - Filling up the DagBag from /home/prathamesh/PycharmProjects/airflow-project/venv/lib/python3.8/site-packages/airflow/example_dags/example_external_task_marker_dag.py
[2021-04-04 03:54:02,005] {scheduler_job.py:639} INFO - DAG(s) dict_keys(['example_external_task_marker_parent', 'example_external_task_marker_child']) retrieved from /home/prathamesh/PycharmProjects/airflow-project/venv/lib/python3.8/site-packages/airflow/example_dags/example_external_task_marker_dag.py
[2021-04-04 03:54:02,163] {logging_mixin.py:104} INFO - [2021-04-04 03:54:02,162] {dag.py:1818} INFO - Sync 2 DAGs
[2021-04-04 03:54:02,193] {logging_mixin.py:104} INFO - [2021-04-04 03:54:02,193] {dag.py:2273} INFO - Setting next_dagrun for example_external_task_marker_child to None
[2021-04-04 03:54:02,194] {logging_mixin.py:104} INFO - [2021-04-04 03:54:02,194] {dag.py:2273} INFO - Setting next_dagrun for example_external_task_marker_parent to None
[2021-04-04 03:54:02,223] {scheduler_job.py:190} INFO - Processing /home/prathamesh/PycharmProjects/airflow-project/venv/lib/python3.8/site-packages/airflow/example_dags/example_external_task_marker_dag.py took 0.289 seconds
[2021-04-04 03:54:33,128] {scheduler_job.py:182} INFO - Started process (PID=4564) to work on /home/prathamesh/PycharmProjects/airflow-project/venv/lib/python3.8/site-packages/airflow/example_dags/example_external_task_marker_dag.py
[2021-04-04 03:54:33,129] {scheduler_job.py:629} INFO - Processing file /home/prathamesh/PycharmProjects/airflow-project/venv/lib/python3.8/site-packages/airflow/example_dags/example_external_task_marker_dag.py for tasks to queue
[2021-04-04 03:54:33,129] {logging_mixin.py:104} INFO - [2021-04-04 03:54:33,129] {dagbag.py:448} INFO - Filling up the DagBag from /home/prathamesh/PycharmProjects/airflow-project/venv/lib/python3.8/site-packages/airflow/example_dags/example_external_task_marker_dag.py
[2021-04-04 03:54:33,144] {scheduler_job.py:639} INFO - DAG(s) dict_keys(['example_external_task_marker_parent', 'example_external_task_marker_child']) retrieved from /home/prathamesh/PycharmProjects/airflow-project/venv/lib/python3.8/site-packages/airflow/example_dags/example_external_task_marker_dag.py
[2021-04-04 03:54:33,158] {logging_mixin.py:104} INFO - [2021-04-04 03:54:33,158] {dag.py:1818} INFO - Sync 2 DAGs
[2021-04-04 03:54:33,171] {logging_mixin.py:104} INFO - [2021-04-04 03:54:33,171] {dag.py:2273} INFO - Setting next_dagrun for example_external_task_marker_child to None
[2021-04-04 03:54:33,172] {logging_mixin.py:104} INFO - [2021-04-04 03:54:33,172] {dag.py:2273} INFO - Setting next_dagrun for example_external_task_marker_parent to None
[2021-04-04 03:54:33,187] {scheduler_job.py:190} INFO - Processing /home/prathamesh/PycharmProjects/airflow-project/venv/lib/python3.8/site-packages/airflow/example_dags/example_external_task_marker_dag.py took 0.061 seconds
[2021-04-04 03:55:03,973] {scheduler_job.py:182} INFO - Started process (PID=4592) to work on /home/prathamesh/PycharmProjects/airflow-project/venv/lib/python3.8/site-packages/airflow/example_dags/example_external_task_marker_dag.py
[2021-04-04 03:55:03,975] {scheduler_job.py:629} INFO - Processing file /home/prathamesh/PycharmProjects/airflow-project/venv/lib/python3.8/site-packages/airflow/example_dags/example_external_task_marker_dag.py for tasks to queue
[2021-04-04 03:55:03,975] {logging_mixin.py:104} INFO - [2021-04-04 03:55:03,975] {dagbag.py:448} INFO - Filling up the DagBag from /home/prathamesh/PycharmProjects/airflow-project/venv/lib/python3.8/site-packages/airflow/example_dags/example_external_task_marker_dag.py
[2021-04-04 03:55:03,987] {scheduler_job.py:639} INFO - DAG(s) dict_keys(['example_external_task_marker_parent', 'example_external_task_marker_child']) retrieved from /home/prathamesh/PycharmProjects/airflow-project/venv/lib/python3.8/site-packages/airflow/example_dags/example_external_task_marker_dag.py
[2021-04-04 03:55:04,004] {logging_mixin.py:104} INFO - [2021-04-04 03:55:04,004] {dag.py:1818} INFO - Sync 2 DAGs
[2021-04-04 03:55:04,022] {logging_mixin.py:104} INFO - [2021-04-04 03:55:04,022] {dag.py:2273} INFO - Setting next_dagrun for example_external_task_marker_child to None
[2021-04-04 03:55:04,023] {logging_mixin.py:104} INFO - [2021-04-04 03:55:04,023] {dag.py:2273} INFO - Setting next_dagrun for example_external_task_marker_parent to None
[2021-04-04 03:55:04,041] {scheduler_job.py:190} INFO - Processing /home/prathamesh/PycharmProjects/airflow-project/venv/lib/python3.8/site-packages/airflow/example_dags/example_external_task_marker_dag.py took 0.071 seconds
[2021-04-04 03:55:34,145] {scheduler_job.py:182} INFO - Started process (PID=4624) to work on /home/prathamesh/PycharmProjects/airflow-project/venv/lib/python3.8/site-packages/airflow/example_dags/example_external_task_marker_dag.py
[2021-04-04 03:55:34,146] {scheduler_job.py:629} INFO - Processing file /home/prathamesh/PycharmProjects/airflow-project/venv/lib/python3.8/site-packages/airflow/example_dags/example_external_task_marker_dag.py for tasks to queue
[2021-04-04 03:55:34,147] {logging_mixin.py:104} INFO - [2021-04-04 03:55:34,147] {dagbag.py:448} INFO - Filling up the DagBag from /home/prathamesh/PycharmProjects/airflow-project/venv/lib/python3.8/site-packages/airflow/example_dags/example_external_task_marker_dag.py
[2021-04-04 03:55:34,161] {scheduler_job.py:639} INFO - DAG(s) dict_keys(['example_external_task_marker_parent', 'example_external_task_marker_child']) retrieved from /home/prathamesh/PycharmProjects/airflow-project/venv/lib/python3.8/site-packages/airflow/example_dags/example_external_task_marker_dag.py
[2021-04-04 03:55:34,203] {logging_mixin.py:104} INFO - [2021-04-04 03:55:34,202] {dag.py:1818} INFO - Sync 2 DAGs
[2021-04-04 03:55:34,224] {logging_mixin.py:104} INFO - [2021-04-04 03:55:34,224] {dag.py:2273} INFO - Setting next_dagrun for example_external_task_marker_child to None
[2021-04-04 03:55:34,225] {logging_mixin.py:104} INFO - [2021-04-04 03:55:34,225] {dag.py:2273} INFO - Setting next_dagrun for example_external_task_marker_parent to None
[2021-04-04 03:55:34,248] {scheduler_job.py:190} INFO - Processing /home/prathamesh/PycharmProjects/airflow-project/venv/lib/python3.8/site-packages/airflow/example_dags/example_external_task_marker_dag.py took 0.105 seconds
[2021-04-04 03:56:05,153] {scheduler_job.py:182} INFO - Started process (PID=4676) to work on /home/prathamesh/PycharmProjects/airflow-project/venv/lib/python3.8/site-packages/airflow/example_dags/example_external_task_marker_dag.py
[2021-04-04 03:56:05,156] {scheduler_job.py:629} INFO - Processing file /home/prathamesh/PycharmProjects/airflow-project/venv/lib/python3.8/site-packages/airflow/example_dags/example_external_task_marker_dag.py for tasks to queue
[2021-04-04 03:56:05,159] {logging_mixin.py:104} INFO - [2021-04-04 03:56:05,159] {dagbag.py:448} INFO - Filling up the DagBag from /home/prathamesh/PycharmProjects/airflow-project/venv/lib/python3.8/site-packages/airflow/example_dags/example_external_task_marker_dag.py
[2021-04-04 03:56:05,174] {scheduler_job.py:639} INFO - DAG(s) dict_keys(['example_external_task_marker_parent', 'example_external_task_marker_child']) retrieved from /home/prathamesh/PycharmProjects/airflow-project/venv/lib/python3.8/site-packages/airflow/example_dags/example_external_task_marker_dag.py
[2021-04-04 03:56:05,207] {logging_mixin.py:104} INFO - [2021-04-04 03:56:05,207] {dag.py:1818} INFO - Sync 2 DAGs
[2021-04-04 03:56:05,221] {logging_mixin.py:104} INFO - [2021-04-04 03:56:05,221] {dag.py:2273} INFO - Setting next_dagrun for example_external_task_marker_child to None
[2021-04-04 03:56:05,222] {logging_mixin.py:104} INFO - [2021-04-04 03:56:05,222] {dag.py:2273} INFO - Setting next_dagrun for example_external_task_marker_parent to None
[2021-04-04 03:56:05,239] {scheduler_job.py:190} INFO - Processing /home/prathamesh/PycharmProjects/airflow-project/venv/lib/python3.8/site-packages/airflow/example_dags/example_external_task_marker_dag.py took 0.092 seconds
[2021-04-04 03:56:35,834] {scheduler_job.py:182} INFO - Started process (PID=4708) to work on /home/prathamesh/PycharmProjects/airflow-project/venv/lib/python3.8/site-packages/airflow/example_dags/example_external_task_marker_dag.py
[2021-04-04 03:56:35,835] {scheduler_job.py:629} INFO - Processing file /home/prathamesh/PycharmProjects/airflow-project/venv/lib/python3.8/site-packages/airflow/example_dags/example_external_task_marker_dag.py for tasks to queue
[2021-04-04 03:56:35,835] {logging_mixin.py:104} INFO - [2021-04-04 03:56:35,835] {dagbag.py:448} INFO - Filling up the DagBag from /home/prathamesh/PycharmProjects/airflow-project/venv/lib/python3.8/site-packages/airflow/example_dags/example_external_task_marker_dag.py
[2021-04-04 03:56:35,842] {scheduler_job.py:639} INFO - DAG(s) dict_keys(['example_external_task_marker_parent', 'example_external_task_marker_child']) retrieved from /home/prathamesh/PycharmProjects/airflow-project/venv/lib/python3.8/site-packages/airflow/example_dags/example_external_task_marker_dag.py
[2021-04-04 03:56:35,858] {logging_mixin.py:104} INFO - [2021-04-04 03:56:35,858] {dag.py:1818} INFO - Sync 2 DAGs
[2021-04-04 03:56:35,867] {logging_mixin.py:104} INFO - [2021-04-04 03:56:35,866] {dag.py:2273} INFO - Setting next_dagrun for example_external_task_marker_child to None
[2021-04-04 03:56:35,867] {logging_mixin.py:104} INFO - [2021-04-04 03:56:35,867] {dag.py:2273} INFO - Setting next_dagrun for example_external_task_marker_parent to None
[2021-04-04 03:56:35,880] {scheduler_job.py:190} INFO - Processing /home/prathamesh/PycharmProjects/airflow-project/venv/lib/python3.8/site-packages/airflow/example_dags/example_external_task_marker_dag.py took 0.048 seconds
[2021-04-04 03:57:06,741] {scheduler_job.py:182} INFO - Started process (PID=4741) to work on /home/prathamesh/PycharmProjects/airflow-project/venv/lib/python3.8/site-packages/airflow/example_dags/example_external_task_marker_dag.py
[2021-04-04 03:57:06,742] {scheduler_job.py:629} INFO - Processing file /home/prathamesh/PycharmProjects/airflow-project/venv/lib/python3.8/site-packages/airflow/example_dags/example_external_task_marker_dag.py for tasks to queue
[2021-04-04 03:57:06,743] {logging_mixin.py:104} INFO - [2021-04-04 03:57:06,743] {dagbag.py:448} INFO - Filling up the DagBag from /home/prathamesh/PycharmProjects/airflow-project/venv/lib/python3.8/site-packages/airflow/example_dags/example_external_task_marker_dag.py
[2021-04-04 03:57:06,750] {scheduler_job.py:639} INFO - DAG(s) dict_keys(['example_external_task_marker_parent', 'example_external_task_marker_child']) retrieved from /home/prathamesh/PycharmProjects/airflow-project/venv/lib/python3.8/site-packages/airflow/example_dags/example_external_task_marker_dag.py
[2021-04-04 03:57:06,766] {logging_mixin.py:104} INFO - [2021-04-04 03:57:06,766] {dag.py:1818} INFO - Sync 2 DAGs
[2021-04-04 03:57:06,776] {logging_mixin.py:104} INFO - [2021-04-04 03:57:06,776] {dag.py:2273} INFO - Setting next_dagrun for example_external_task_marker_child to None
[2021-04-04 03:57:06,776] {logging_mixin.py:104} INFO - [2021-04-04 03:57:06,776] {dag.py:2273} INFO - Setting next_dagrun for example_external_task_marker_parent to None
[2021-04-04 03:57:06,788] {scheduler_job.py:190} INFO - Processing /home/prathamesh/PycharmProjects/airflow-project/venv/lib/python3.8/site-packages/airflow/example_dags/example_external_task_marker_dag.py took 0.050 seconds
[2021-04-04 03:57:36,850] {scheduler_job.py:182} INFO - Started process (PID=4771) to work on /home/prathamesh/PycharmProjects/airflow-project/venv/lib/python3.8/site-packages/airflow/example_dags/example_external_task_marker_dag.py
[2021-04-04 03:57:36,852] {scheduler_job.py:629} INFO - Processing file /home/prathamesh/PycharmProjects/airflow-project/venv/lib/python3.8/site-packages/airflow/example_dags/example_external_task_marker_dag.py for tasks to queue
[2021-04-04 03:57:36,854] {logging_mixin.py:104} INFO - [2021-04-04 03:57:36,853] {dagbag.py:448} INFO - Filling up the DagBag from /home/prathamesh/PycharmProjects/airflow-project/venv/lib/python3.8/site-packages/airflow/example_dags/example_external_task_marker_dag.py
[2021-04-04 03:57:36,861] {scheduler_job.py:639} INFO - DAG(s) dict_keys(['example_external_task_marker_parent', 'example_external_task_marker_child']) retrieved from /home/prathamesh/PycharmProjects/airflow-project/venv/lib/python3.8/site-packages/airflow/example_dags/example_external_task_marker_dag.py
[2021-04-04 03:57:36,887] {logging_mixin.py:104} INFO - [2021-04-04 03:57:36,887] {dag.py:1818} INFO - Sync 2 DAGs
[2021-04-04 03:57:36,893] {logging_mixin.py:104} INFO - [2021-04-04 03:57:36,893] {dag.py:2273} INFO - Setting next_dagrun for example_external_task_marker_child to None
[2021-04-04 03:57:36,894] {logging_mixin.py:104} INFO - [2021-04-04 03:57:36,894] {dag.py:2273} INFO - Setting next_dagrun for example_external_task_marker_parent to None
[2021-04-04 03:57:36,910] {scheduler_job.py:190} INFO - Processing /home/prathamesh/PycharmProjects/airflow-project/venv/lib/python3.8/site-packages/airflow/example_dags/example_external_task_marker_dag.py took 0.063 seconds
[2021-04-04 03:58:07,490] {scheduler_job.py:182} INFO - Started process (PID=4798) to work on /home/prathamesh/PycharmProjects/airflow-project/venv/lib/python3.8/site-packages/airflow/example_dags/example_external_task_marker_dag.py
[2021-04-04 03:58:07,491] {scheduler_job.py:629} INFO - Processing file /home/prathamesh/PycharmProjects/airflow-project/venv/lib/python3.8/site-packages/airflow/example_dags/example_external_task_marker_dag.py for tasks to queue
[2021-04-04 03:58:07,491] {logging_mixin.py:104} INFO - [2021-04-04 03:58:07,491] {dagbag.py:448} INFO - Filling up the DagBag from /home/prathamesh/PycharmProjects/airflow-project/venv/lib/python3.8/site-packages/airflow/example_dags/example_external_task_marker_dag.py
[2021-04-04 03:58:07,498] {scheduler_job.py:639} INFO - DAG(s) dict_keys(['example_external_task_marker_parent', 'example_external_task_marker_child']) retrieved from /home/prathamesh/PycharmProjects/airflow-project/venv/lib/python3.8/site-packages/airflow/example_dags/example_external_task_marker_dag.py
[2021-04-04 03:58:07,512] {logging_mixin.py:104} INFO - [2021-04-04 03:58:07,512] {dag.py:1818} INFO - Sync 2 DAGs
[2021-04-04 03:58:07,519] {logging_mixin.py:104} INFO - [2021-04-04 03:58:07,519] {dag.py:2273} INFO - Setting next_dagrun for example_external_task_marker_child to None
[2021-04-04 03:58:07,519] {logging_mixin.py:104} INFO - [2021-04-04 03:58:07,519] {dag.py:2273} INFO - Setting next_dagrun for example_external_task_marker_parent to None
[2021-04-04 03:58:07,532] {scheduler_job.py:190} INFO - Processing /home/prathamesh/PycharmProjects/airflow-project/venv/lib/python3.8/site-packages/airflow/example_dags/example_external_task_marker_dag.py took 0.045 seconds
[2021-04-04 04:07:57,145] {scheduler_job.py:182} INFO - Started process (PID=4981) to work on /home/prathamesh/PycharmProjects/airflow-project/venv/lib/python3.8/site-packages/airflow/example_dags/example_external_task_marker_dag.py
[2021-04-04 04:07:57,146] {scheduler_job.py:629} INFO - Processing file /home/prathamesh/PycharmProjects/airflow-project/venv/lib/python3.8/site-packages/airflow/example_dags/example_external_task_marker_dag.py for tasks to queue
[2021-04-04 04:07:57,146] {logging_mixin.py:104} INFO - [2021-04-04 04:07:57,146] {dagbag.py:448} INFO - Filling up the DagBag from /home/prathamesh/PycharmProjects/airflow-project/venv/lib/python3.8/site-packages/airflow/example_dags/example_external_task_marker_dag.py
[2021-04-04 04:07:57,153] {scheduler_job.py:639} INFO - DAG(s) dict_keys(['example_external_task_marker_parent', 'example_external_task_marker_child']) retrieved from /home/prathamesh/PycharmProjects/airflow-project/venv/lib/python3.8/site-packages/airflow/example_dags/example_external_task_marker_dag.py
[2021-04-04 04:07:57,165] {logging_mixin.py:104} INFO - [2021-04-04 04:07:57,165] {dag.py:1818} INFO - Sync 2 DAGs
[2021-04-04 04:07:57,172] {logging_mixin.py:104} INFO - [2021-04-04 04:07:57,172] {dag.py:2273} INFO - Setting next_dagrun for example_external_task_marker_child to None
[2021-04-04 04:07:57,173] {logging_mixin.py:104} INFO - [2021-04-04 04:07:57,173] {dag.py:2273} INFO - Setting next_dagrun for example_external_task_marker_parent to None
[2021-04-04 04:07:57,185] {scheduler_job.py:190} INFO - Processing /home/prathamesh/PycharmProjects/airflow-project/venv/lib/python3.8/site-packages/airflow/example_dags/example_external_task_marker_dag.py took 0.043 seconds
[2021-04-04 04:08:27,856] {scheduler_job.py:182} INFO - Started process (PID=5022) to work on /home/prathamesh/PycharmProjects/airflow-project/venv/lib/python3.8/site-packages/airflow/example_dags/example_external_task_marker_dag.py
[2021-04-04 04:08:27,857] {scheduler_job.py:629} INFO - Processing file /home/prathamesh/PycharmProjects/airflow-project/venv/lib/python3.8/site-packages/airflow/example_dags/example_external_task_marker_dag.py for tasks to queue
[2021-04-04 04:08:27,858] {logging_mixin.py:104} INFO - [2021-04-04 04:08:27,858] {dagbag.py:448} INFO - Filling up the DagBag from /home/prathamesh/PycharmProjects/airflow-project/venv/lib/python3.8/site-packages/airflow/example_dags/example_external_task_marker_dag.py
[2021-04-04 04:08:27,865] {scheduler_job.py:639} INFO - DAG(s) dict_keys(['example_external_task_marker_parent', 'example_external_task_marker_child']) retrieved from /home/prathamesh/PycharmProjects/airflow-project/venv/lib/python3.8/site-packages/airflow/example_dags/example_external_task_marker_dag.py
[2021-04-04 04:08:27,876] {logging_mixin.py:104} INFO - [2021-04-04 04:08:27,876] {dag.py:1818} INFO - Sync 2 DAGs
[2021-04-04 04:08:27,885] {logging_mixin.py:104} INFO - [2021-04-04 04:08:27,885] {dag.py:2273} INFO - Setting next_dagrun for example_external_task_marker_child to None
[2021-04-04 04:08:27,887] {logging_mixin.py:104} INFO - [2021-04-04 04:08:27,887] {dag.py:2273} INFO - Setting next_dagrun for example_external_task_marker_parent to None
[2021-04-04 04:08:27,899] {scheduler_job.py:190} INFO - Processing /home/prathamesh/PycharmProjects/airflow-project/venv/lib/python3.8/site-packages/airflow/example_dags/example_external_task_marker_dag.py took 0.048 seconds
[2021-04-04 04:08:59,704] {scheduler_job.py:182} INFO - Started process (PID=5050) to work on /home/prathamesh/PycharmProjects/airflow-project/venv/lib/python3.8/site-packages/airflow/example_dags/example_external_task_marker_dag.py
[2021-04-04 04:08:59,705] {scheduler_job.py:629} INFO - Processing file /home/prathamesh/PycharmProjects/airflow-project/venv/lib/python3.8/site-packages/airflow/example_dags/example_external_task_marker_dag.py for tasks to queue
[2021-04-04 04:08:59,705] {logging_mixin.py:104} INFO - [2021-04-04 04:08:59,705] {dagbag.py:448} INFO - Filling up the DagBag from /home/prathamesh/PycharmProjects/airflow-project/venv/lib/python3.8/site-packages/airflow/example_dags/example_external_task_marker_dag.py
[2021-04-04 04:08:59,729] {scheduler_job.py:639} INFO - DAG(s) dict_keys(['example_external_task_marker_parent', 'example_external_task_marker_child']) retrieved from /home/prathamesh/PycharmProjects/airflow-project/venv/lib/python3.8/site-packages/airflow/example_dags/example_external_task_marker_dag.py
[2021-04-04 04:08:59,742] {logging_mixin.py:104} INFO - [2021-04-04 04:08:59,742] {dag.py:1818} INFO - Sync 2 DAGs
[2021-04-04 04:08:59,754] {logging_mixin.py:104} INFO - [2021-04-04 04:08:59,754] {dag.py:2273} INFO - Setting next_dagrun for example_external_task_marker_child to None
[2021-04-04 04:08:59,755] {logging_mixin.py:104} INFO - [2021-04-04 04:08:59,755] {dag.py:2273} INFO - Setting next_dagrun for example_external_task_marker_parent to None
[2021-04-04 04:08:59,771] {scheduler_job.py:190} INFO - Processing /home/prathamesh/PycharmProjects/airflow-project/venv/lib/python3.8/site-packages/airflow/example_dags/example_external_task_marker_dag.py took 0.070 seconds
[2021-04-04 04:09:32,804] {scheduler_job.py:182} INFO - Started process (PID=5091) to work on /home/prathamesh/PycharmProjects/airflow-project/venv/lib/python3.8/site-packages/airflow/example_dags/example_external_task_marker_dag.py
[2021-04-04 04:09:32,805] {scheduler_job.py:629} INFO - Processing file /home/prathamesh/PycharmProjects/airflow-project/venv/lib/python3.8/site-packages/airflow/example_dags/example_external_task_marker_dag.py for tasks to queue
[2021-04-04 04:09:32,805] {logging_mixin.py:104} INFO - [2021-04-04 04:09:32,805] {dagbag.py:448} INFO - Filling up the DagBag from /home/prathamesh/PycharmProjects/airflow-project/venv/lib/python3.8/site-packages/airflow/example_dags/example_external_task_marker_dag.py
[2021-04-04 04:09:32,814] {scheduler_job.py:639} INFO - DAG(s) dict_keys(['example_external_task_marker_parent', 'example_external_task_marker_child']) retrieved from /home/prathamesh/PycharmProjects/airflow-project/venv/lib/python3.8/site-packages/airflow/example_dags/example_external_task_marker_dag.py
[2021-04-04 04:09:32,826] {logging_mixin.py:104} INFO - [2021-04-04 04:09:32,826] {dag.py:1818} INFO - Sync 2 DAGs
[2021-04-04 04:09:32,833] {logging_mixin.py:104} INFO - [2021-04-04 04:09:32,833] {dag.py:2273} INFO - Setting next_dagrun for example_external_task_marker_child to None
[2021-04-04 04:09:32,834] {logging_mixin.py:104} INFO - [2021-04-04 04:09:32,834] {dag.py:2273} INFO - Setting next_dagrun for example_external_task_marker_parent to None
[2021-04-04 04:09:32,847] {scheduler_job.py:190} INFO - Processing /home/prathamesh/PycharmProjects/airflow-project/venv/lib/python3.8/site-packages/airflow/example_dags/example_external_task_marker_dag.py took 0.045 seconds
[2021-04-04 04:10:04,363] {scheduler_job.py:182} INFO - Started process (PID=5149) to work on /home/prathamesh/PycharmProjects/airflow-project/venv/lib/python3.8/site-packages/airflow/example_dags/example_external_task_marker_dag.py
[2021-04-04 04:10:04,376] {scheduler_job.py:629} INFO - Processing file /home/prathamesh/PycharmProjects/airflow-project/venv/lib/python3.8/site-packages/airflow/example_dags/example_external_task_marker_dag.py for tasks to queue
[2021-04-04 04:10:04,376] {logging_mixin.py:104} INFO - [2021-04-04 04:10:04,376] {dagbag.py:448} INFO - Filling up the DagBag from /home/prathamesh/PycharmProjects/airflow-project/venv/lib/python3.8/site-packages/airflow/example_dags/example_external_task_marker_dag.py
[2021-04-04 04:10:04,400] {scheduler_job.py:639} INFO - DAG(s) dict_keys(['example_external_task_marker_parent', 'example_external_task_marker_child']) retrieved from /home/prathamesh/PycharmProjects/airflow-project/venv/lib/python3.8/site-packages/airflow/example_dags/example_external_task_marker_dag.py
[2021-04-04 04:10:04,446] {logging_mixin.py:104} INFO - [2021-04-04 04:10:04,446] {dag.py:1818} INFO - Sync 2 DAGs
[2021-04-04 04:10:04,555] {logging_mixin.py:104} INFO - [2021-04-04 04:10:04,555] {dag.py:2273} INFO - Setting next_dagrun for example_external_task_marker_child to None
[2021-04-04 04:10:04,556] {logging_mixin.py:104} INFO - [2021-04-04 04:10:04,556] {dag.py:2273} INFO - Setting next_dagrun for example_external_task_marker_parent to None
[2021-04-04 04:10:04,594] {scheduler_job.py:190} INFO - Processing /home/prathamesh/PycharmProjects/airflow-project/venv/lib/python3.8/site-packages/airflow/example_dags/example_external_task_marker_dag.py took 0.244 seconds
[2021-04-04 04:10:35,656] {scheduler_job.py:182} INFO - Started process (PID=5184) to work on /home/prathamesh/PycharmProjects/airflow-project/venv/lib/python3.8/site-packages/airflow/example_dags/example_external_task_marker_dag.py
[2021-04-04 04:10:35,657] {scheduler_job.py:629} INFO - Processing file /home/prathamesh/PycharmProjects/airflow-project/venv/lib/python3.8/site-packages/airflow/example_dags/example_external_task_marker_dag.py for tasks to queue
[2021-04-04 04:10:35,657] {logging_mixin.py:104} INFO - [2021-04-04 04:10:35,657] {dagbag.py:448} INFO - Filling up the DagBag from /home/prathamesh/PycharmProjects/airflow-project/venv/lib/python3.8/site-packages/airflow/example_dags/example_external_task_marker_dag.py
[2021-04-04 04:10:35,664] {scheduler_job.py:639} INFO - DAG(s) dict_keys(['example_external_task_marker_parent', 'example_external_task_marker_child']) retrieved from /home/prathamesh/PycharmProjects/airflow-project/venv/lib/python3.8/site-packages/airflow/example_dags/example_external_task_marker_dag.py
[2021-04-04 04:10:35,677] {logging_mixin.py:104} INFO - [2021-04-04 04:10:35,676] {dag.py:1818} INFO - Sync 2 DAGs
[2021-04-04 04:10:35,685] {logging_mixin.py:104} INFO - [2021-04-04 04:10:35,685] {dag.py:2273} INFO - Setting next_dagrun for example_external_task_marker_child to None
[2021-04-04 04:10:35,686] {logging_mixin.py:104} INFO - [2021-04-04 04:10:35,686] {dag.py:2273} INFO - Setting next_dagrun for example_external_task_marker_parent to None
[2021-04-04 04:10:35,700] {scheduler_job.py:190} INFO - Processing /home/prathamesh/PycharmProjects/airflow-project/venv/lib/python3.8/site-packages/airflow/example_dags/example_external_task_marker_dag.py took 0.046 seconds
[2021-04-04 04:11:06,128] {scheduler_job.py:182} INFO - Started process (PID=5215) to work on /home/prathamesh/PycharmProjects/airflow-project/venv/lib/python3.8/site-packages/airflow/example_dags/example_external_task_marker_dag.py
[2021-04-04 04:11:06,129] {scheduler_job.py:629} INFO - Processing file /home/prathamesh/PycharmProjects/airflow-project/venv/lib/python3.8/site-packages/airflow/example_dags/example_external_task_marker_dag.py for tasks to queue
[2021-04-04 04:11:06,129] {logging_mixin.py:104} INFO - [2021-04-04 04:11:06,129] {dagbag.py:448} INFO - Filling up the DagBag from /home/prathamesh/PycharmProjects/airflow-project/venv/lib/python3.8/site-packages/airflow/example_dags/example_external_task_marker_dag.py
[2021-04-04 04:11:06,136] {scheduler_job.py:639} INFO - DAG(s) dict_keys(['example_external_task_marker_parent', 'example_external_task_marker_child']) retrieved from /home/prathamesh/PycharmProjects/airflow-project/venv/lib/python3.8/site-packages/airflow/example_dags/example_external_task_marker_dag.py
[2021-04-04 04:11:06,152] {logging_mixin.py:104} INFO - [2021-04-04 04:11:06,152] {dag.py:1818} INFO - Sync 2 DAGs
[2021-04-04 04:11:06,160] {logging_mixin.py:104} INFO - [2021-04-04 04:11:06,160] {dag.py:2273} INFO - Setting next_dagrun for example_external_task_marker_child to None
[2021-04-04 04:11:06,160] {logging_mixin.py:104} INFO - [2021-04-04 04:11:06,160] {dag.py:2273} INFO - Setting next_dagrun for example_external_task_marker_parent to None
[2021-04-04 04:11:06,172] {scheduler_job.py:190} INFO - Processing /home/prathamesh/PycharmProjects/airflow-project/venv/lib/python3.8/site-packages/airflow/example_dags/example_external_task_marker_dag.py took 0.046 seconds
[2021-04-04 04:11:36,920] {scheduler_job.py:182} INFO - Started process (PID=5273) to work on /home/prathamesh/PycharmProjects/airflow-project/venv/lib/python3.8/site-packages/airflow/example_dags/example_external_task_marker_dag.py
[2021-04-04 04:11:36,921] {scheduler_job.py:629} INFO - Processing file /home/prathamesh/PycharmProjects/airflow-project/venv/lib/python3.8/site-packages/airflow/example_dags/example_external_task_marker_dag.py for tasks to queue
[2021-04-04 04:11:36,921] {logging_mixin.py:104} INFO - [2021-04-04 04:11:36,921] {dagbag.py:448} INFO - Filling up the DagBag from /home/prathamesh/PycharmProjects/airflow-project/venv/lib/python3.8/site-packages/airflow/example_dags/example_external_task_marker_dag.py
[2021-04-04 04:11:36,928] {scheduler_job.py:639} INFO - DAG(s) dict_keys(['example_external_task_marker_parent', 'example_external_task_marker_child']) retrieved from /home/prathamesh/PycharmProjects/airflow-project/venv/lib/python3.8/site-packages/airflow/example_dags/example_external_task_marker_dag.py
[2021-04-04 04:11:36,942] {logging_mixin.py:104} INFO - [2021-04-04 04:11:36,942] {dag.py:1818} INFO - Sync 2 DAGs
[2021-04-04 04:11:36,948] {logging_mixin.py:104} INFO - [2021-04-04 04:11:36,948] {dag.py:2273} INFO - Setting next_dagrun for example_external_task_marker_child to None
[2021-04-04 04:11:36,948] {logging_mixin.py:104} INFO - [2021-04-04 04:11:36,948] {dag.py:2273} INFO - Setting next_dagrun for example_external_task_marker_parent to None
[2021-04-04 04:11:36,963] {scheduler_job.py:190} INFO - Processing /home/prathamesh/PycharmProjects/airflow-project/venv/lib/python3.8/site-packages/airflow/example_dags/example_external_task_marker_dag.py took 0.046 seconds
[2021-04-04 04:12:07,733] {scheduler_job.py:182} INFO - Started process (PID=5309) to work on /home/prathamesh/PycharmProjects/airflow-project/venv/lib/python3.8/site-packages/airflow/example_dags/example_external_task_marker_dag.py
[2021-04-04 04:12:07,734] {scheduler_job.py:629} INFO - Processing file /home/prathamesh/PycharmProjects/airflow-project/venv/lib/python3.8/site-packages/airflow/example_dags/example_external_task_marker_dag.py for tasks to queue
[2021-04-04 04:12:07,734] {logging_mixin.py:104} INFO - [2021-04-04 04:12:07,734] {dagbag.py:448} INFO - Filling up the DagBag from /home/prathamesh/PycharmProjects/airflow-project/venv/lib/python3.8/site-packages/airflow/example_dags/example_external_task_marker_dag.py
[2021-04-04 04:12:07,749] {scheduler_job.py:639} INFO - DAG(s) dict_keys(['example_external_task_marker_parent', 'example_external_task_marker_child']) retrieved from /home/prathamesh/PycharmProjects/airflow-project/venv/lib/python3.8/site-packages/airflow/example_dags/example_external_task_marker_dag.py
[2021-04-04 04:12:07,799] {logging_mixin.py:104} INFO - [2021-04-04 04:12:07,798] {dag.py:1818} INFO - Sync 2 DAGs
[2021-04-04 04:12:07,833] {logging_mixin.py:104} INFO - [2021-04-04 04:12:07,833] {dag.py:2273} INFO - Setting next_dagrun for example_external_task_marker_child to None
[2021-04-04 04:12:07,837] {logging_mixin.py:104} INFO - [2021-04-04 04:12:07,837] {dag.py:2273} INFO - Setting next_dagrun for example_external_task_marker_parent to None
[2021-04-04 04:12:07,872] {scheduler_job.py:190} INFO - Processing /home/prathamesh/PycharmProjects/airflow-project/venv/lib/python3.8/site-packages/airflow/example_dags/example_external_task_marker_dag.py took 0.144 seconds
[2021-04-04 04:12:38,360] {scheduler_job.py:182} INFO - Started process (PID=5357) to work on /home/prathamesh/PycharmProjects/airflow-project/venv/lib/python3.8/site-packages/airflow/example_dags/example_external_task_marker_dag.py
[2021-04-04 04:12:38,361] {scheduler_job.py:629} INFO - Processing file /home/prathamesh/PycharmProjects/airflow-project/venv/lib/python3.8/site-packages/airflow/example_dags/example_external_task_marker_dag.py for tasks to queue
[2021-04-04 04:12:38,361] {logging_mixin.py:104} INFO - [2021-04-04 04:12:38,361] {dagbag.py:448} INFO - Filling up the DagBag from /home/prathamesh/PycharmProjects/airflow-project/venv/lib/python3.8/site-packages/airflow/example_dags/example_external_task_marker_dag.py
[2021-04-04 04:12:38,377] {scheduler_job.py:639} INFO - DAG(s) dict_keys(['example_external_task_marker_parent', 'example_external_task_marker_child']) retrieved from /home/prathamesh/PycharmProjects/airflow-project/venv/lib/python3.8/site-packages/airflow/example_dags/example_external_task_marker_dag.py
[2021-04-04 04:12:38,390] {logging_mixin.py:104} INFO - [2021-04-04 04:12:38,390] {dag.py:1818} INFO - Sync 2 DAGs
[2021-04-04 04:12:38,395] {logging_mixin.py:104} INFO - [2021-04-04 04:12:38,395] {dag.py:2273} INFO - Setting next_dagrun for example_external_task_marker_child to None
[2021-04-04 04:12:38,396] {logging_mixin.py:104} INFO - [2021-04-04 04:12:38,396] {dag.py:2273} INFO - Setting next_dagrun for example_external_task_marker_parent to None
[2021-04-04 04:12:38,434] {scheduler_job.py:190} INFO - Processing /home/prathamesh/PycharmProjects/airflow-project/venv/lib/python3.8/site-packages/airflow/example_dags/example_external_task_marker_dag.py took 0.075 seconds
[2021-04-04 16:21:28,178] {scheduler_job.py:182} INFO - Started process (PID=3269) to work on /home/prathamesh/PycharmProjects/airflow-project/venv/lib/python3.8/site-packages/airflow/example_dags/example_external_task_marker_dag.py
[2021-04-04 16:21:28,181] {scheduler_job.py:629} INFO - Processing file /home/prathamesh/PycharmProjects/airflow-project/venv/lib/python3.8/site-packages/airflow/example_dags/example_external_task_marker_dag.py for tasks to queue
[2021-04-04 16:21:28,181] {logging_mixin.py:104} INFO - [2021-04-04 16:21:28,181] {dagbag.py:448} INFO - Filling up the DagBag from /home/prathamesh/PycharmProjects/airflow-project/venv/lib/python3.8/site-packages/airflow/example_dags/example_external_task_marker_dag.py
[2021-04-04 16:21:28,188] {scheduler_job.py:639} INFO - DAG(s) dict_keys(['example_external_task_marker_parent', 'example_external_task_marker_child']) retrieved from /home/prathamesh/PycharmProjects/airflow-project/venv/lib/python3.8/site-packages/airflow/example_dags/example_external_task_marker_dag.py
[2021-04-04 16:21:28,201] {logging_mixin.py:104} INFO - [2021-04-04 16:21:28,201] {dag.py:1818} INFO - Sync 2 DAGs
[2021-04-04 16:21:28,211] {logging_mixin.py:104} INFO - [2021-04-04 16:21:28,211] {dag.py:2273} INFO - Setting next_dagrun for example_external_task_marker_child to None
[2021-04-04 16:21:28,211] {logging_mixin.py:104} INFO - [2021-04-04 16:21:28,211] {dag.py:2273} INFO - Setting next_dagrun for example_external_task_marker_parent to None
[2021-04-04 16:21:28,230] {scheduler_job.py:190} INFO - Processing /home/prathamesh/PycharmProjects/airflow-project/venv/lib/python3.8/site-packages/airflow/example_dags/example_external_task_marker_dag.py took 0.055 seconds
[2021-04-04 16:21:59,125] {scheduler_job.py:182} INFO - Started process (PID=3499) to work on /home/prathamesh/PycharmProjects/airflow-project/venv/lib/python3.8/site-packages/airflow/example_dags/example_external_task_marker_dag.py
[2021-04-04 16:21:59,126] {scheduler_job.py:629} INFO - Processing file /home/prathamesh/PycharmProjects/airflow-project/venv/lib/python3.8/site-packages/airflow/example_dags/example_external_task_marker_dag.py for tasks to queue
[2021-04-04 16:21:59,127] {logging_mixin.py:104} INFO - [2021-04-04 16:21:59,127] {dagbag.py:448} INFO - Filling up the DagBag from /home/prathamesh/PycharmProjects/airflow-project/venv/lib/python3.8/site-packages/airflow/example_dags/example_external_task_marker_dag.py
[2021-04-04 16:21:59,137] {scheduler_job.py:639} INFO - DAG(s) dict_keys(['example_external_task_marker_parent', 'example_external_task_marker_child']) retrieved from /home/prathamesh/PycharmProjects/airflow-project/venv/lib/python3.8/site-packages/airflow/example_dags/example_external_task_marker_dag.py
[2021-04-04 16:21:59,149] {logging_mixin.py:104} INFO - [2021-04-04 16:21:59,149] {dag.py:1818} INFO - Sync 2 DAGs
[2021-04-04 16:21:59,158] {logging_mixin.py:104} INFO - [2021-04-04 16:21:59,158] {dag.py:2273} INFO - Setting next_dagrun for example_external_task_marker_child to None
[2021-04-04 16:21:59,158] {logging_mixin.py:104} INFO - [2021-04-04 16:21:59,158] {dag.py:2273} INFO - Setting next_dagrun for example_external_task_marker_parent to None
[2021-04-04 16:21:59,165] {scheduler_job.py:190} INFO - Processing /home/prathamesh/PycharmProjects/airflow-project/venv/lib/python3.8/site-packages/airflow/example_dags/example_external_task_marker_dag.py took 0.046 seconds
[2021-04-04 16:22:29,916] {scheduler_job.py:182} INFO - Started process (PID=3560) to work on /home/prathamesh/PycharmProjects/airflow-project/venv/lib/python3.8/site-packages/airflow/example_dags/example_external_task_marker_dag.py
[2021-04-04 16:22:29,916] {scheduler_job.py:629} INFO - Processing file /home/prathamesh/PycharmProjects/airflow-project/venv/lib/python3.8/site-packages/airflow/example_dags/example_external_task_marker_dag.py for tasks to queue
[2021-04-04 16:22:29,917] {logging_mixin.py:104} INFO - [2021-04-04 16:22:29,917] {dagbag.py:448} INFO - Filling up the DagBag from /home/prathamesh/PycharmProjects/airflow-project/venv/lib/python3.8/site-packages/airflow/example_dags/example_external_task_marker_dag.py
[2021-04-04 16:22:29,923] {scheduler_job.py:639} INFO - DAG(s) dict_keys(['example_external_task_marker_parent', 'example_external_task_marker_child']) retrieved from /home/prathamesh/PycharmProjects/airflow-project/venv/lib/python3.8/site-packages/airflow/example_dags/example_external_task_marker_dag.py
[2021-04-04 16:22:29,937] {logging_mixin.py:104} INFO - [2021-04-04 16:22:29,937] {dag.py:1818} INFO - Sync 2 DAGs
[2021-04-04 16:22:29,944] {logging_mixin.py:104} INFO - [2021-04-04 16:22:29,944] {dag.py:2273} INFO - Setting next_dagrun for example_external_task_marker_child to None
[2021-04-04 16:22:29,945] {logging_mixin.py:104} INFO - [2021-04-04 16:22:29,945] {dag.py:2273} INFO - Setting next_dagrun for example_external_task_marker_parent to None
[2021-04-04 16:22:29,961] {scheduler_job.py:190} INFO - Processing /home/prathamesh/PycharmProjects/airflow-project/venv/lib/python3.8/site-packages/airflow/example_dags/example_external_task_marker_dag.py took 0.048 seconds
[2021-04-04 16:23:00,540] {scheduler_job.py:182} INFO - Started process (PID=3587) to work on /home/prathamesh/PycharmProjects/airflow-project/venv/lib/python3.8/site-packages/airflow/example_dags/example_external_task_marker_dag.py
[2021-04-04 16:23:00,542] {scheduler_job.py:629} INFO - Processing file /home/prathamesh/PycharmProjects/airflow-project/venv/lib/python3.8/site-packages/airflow/example_dags/example_external_task_marker_dag.py for tasks to queue
[2021-04-04 16:23:00,544] {logging_mixin.py:104} INFO - [2021-04-04 16:23:00,543] {dagbag.py:448} INFO - Filling up the DagBag from /home/prathamesh/PycharmProjects/airflow-project/venv/lib/python3.8/site-packages/airflow/example_dags/example_external_task_marker_dag.py
[2021-04-04 16:23:00,562] {scheduler_job.py:639} INFO - DAG(s) dict_keys(['example_external_task_marker_parent', 'example_external_task_marker_child']) retrieved from /home/prathamesh/PycharmProjects/airflow-project/venv/lib/python3.8/site-packages/airflow/example_dags/example_external_task_marker_dag.py
[2021-04-04 16:23:00,577] {logging_mixin.py:104} INFO - [2021-04-04 16:23:00,577] {dag.py:1818} INFO - Sync 2 DAGs
[2021-04-04 16:23:00,585] {logging_mixin.py:104} INFO - [2021-04-04 16:23:00,585] {dag.py:2273} INFO - Setting next_dagrun for example_external_task_marker_child to None
[2021-04-04 16:23:00,586] {logging_mixin.py:104} INFO - [2021-04-04 16:23:00,586] {dag.py:2273} INFO - Setting next_dagrun for example_external_task_marker_parent to None
[2021-04-04 16:23:00,599] {scheduler_job.py:190} INFO - Processing /home/prathamesh/PycharmProjects/airflow-project/venv/lib/python3.8/site-packages/airflow/example_dags/example_external_task_marker_dag.py took 0.070 seconds
[2021-04-04 16:23:31,155] {scheduler_job.py:182} INFO - Started process (PID=3615) to work on /home/prathamesh/PycharmProjects/airflow-project/venv/lib/python3.8/site-packages/airflow/example_dags/example_external_task_marker_dag.py
[2021-04-04 16:23:31,157] {scheduler_job.py:629} INFO - Processing file /home/prathamesh/PycharmProjects/airflow-project/venv/lib/python3.8/site-packages/airflow/example_dags/example_external_task_marker_dag.py for tasks to queue
[2021-04-04 16:23:31,157] {logging_mixin.py:104} INFO - [2021-04-04 16:23:31,157] {dagbag.py:448} INFO - Filling up the DagBag from /home/prathamesh/PycharmProjects/airflow-project/venv/lib/python3.8/site-packages/airflow/example_dags/example_external_task_marker_dag.py
[2021-04-04 16:23:31,168] {scheduler_job.py:639} INFO - DAG(s) dict_keys(['example_external_task_marker_parent', 'example_external_task_marker_child']) retrieved from /home/prathamesh/PycharmProjects/airflow-project/venv/lib/python3.8/site-packages/airflow/example_dags/example_external_task_marker_dag.py
[2021-04-04 16:23:31,182] {logging_mixin.py:104} INFO - [2021-04-04 16:23:31,182] {dag.py:1818} INFO - Sync 2 DAGs
[2021-04-04 16:23:31,193] {logging_mixin.py:104} INFO - [2021-04-04 16:23:31,193] {dag.py:2273} INFO - Setting next_dagrun for example_external_task_marker_child to None
[2021-04-04 16:23:31,207] {logging_mixin.py:104} INFO - [2021-04-04 16:23:31,207] {dag.py:2273} INFO - Setting next_dagrun for example_external_task_marker_parent to None
[2021-04-04 16:23:31,212] {scheduler_job.py:190} INFO - Processing /home/prathamesh/PycharmProjects/airflow-project/venv/lib/python3.8/site-packages/airflow/example_dags/example_external_task_marker_dag.py took 0.061 seconds
