[2021-04-04 03:36:22,347] {scheduler_job.py:182} INFO - Started process (PID=3186) to work on /home/prathamesh/PycharmProjects/airflow-project/venv/lib/python3.8/site-packages/airflow/example_dags/example_trigger_controller_dag.py
[2021-04-04 03:36:22,355] {scheduler_job.py:629} INFO - Processing file /home/prathamesh/PycharmProjects/airflow-project/venv/lib/python3.8/site-packages/airflow/example_dags/example_trigger_controller_dag.py for tasks to queue
[2021-04-04 03:36:22,355] {logging_mixin.py:104} INFO - [2021-04-04 03:36:22,355] {dagbag.py:448} INFO - Filling up the DagBag from /home/prathamesh/PycharmProjects/airflow-project/venv/lib/python3.8/site-packages/airflow/example_dags/example_trigger_controller_dag.py
[2021-04-04 03:36:22,399] {scheduler_job.py:639} INFO - DAG(s) dict_keys(['example_trigger_controller_dag']) retrieved from /home/prathamesh/PycharmProjects/airflow-project/venv/lib/python3.8/site-packages/airflow/example_dags/example_trigger_controller_dag.py
[2021-04-04 03:36:22,521] {logging_mixin.py:104} INFO - [2021-04-04 03:36:22,521] {dag.py:1818} INFO - Sync 1 DAGs
[2021-04-04 03:36:22,601] {logging_mixin.py:104} INFO - [2021-04-04 03:36:22,601] {dag.py:2273} INFO - Setting next_dagrun for example_trigger_controller_dag to 2021-04-02 00:00:00+00:00
[2021-04-04 03:36:22,686] {scheduler_job.py:190} INFO - Processing /home/prathamesh/PycharmProjects/airflow-project/venv/lib/python3.8/site-packages/airflow/example_dags/example_trigger_controller_dag.py took 0.341 seconds
[2021-04-04 03:36:52,832] {scheduler_job.py:182} INFO - Started process (PID=3232) to work on /home/prathamesh/PycharmProjects/airflow-project/venv/lib/python3.8/site-packages/airflow/example_dags/example_trigger_controller_dag.py
[2021-04-04 03:36:52,862] {scheduler_job.py:629} INFO - Processing file /home/prathamesh/PycharmProjects/airflow-project/venv/lib/python3.8/site-packages/airflow/example_dags/example_trigger_controller_dag.py for tasks to queue
[2021-04-04 03:36:52,862] {logging_mixin.py:104} INFO - [2021-04-04 03:36:52,862] {dagbag.py:448} INFO - Filling up the DagBag from /home/prathamesh/PycharmProjects/airflow-project/venv/lib/python3.8/site-packages/airflow/example_dags/example_trigger_controller_dag.py
[2021-04-04 03:36:52,892] {scheduler_job.py:639} INFO - DAG(s) dict_keys(['example_trigger_controller_dag']) retrieved from /home/prathamesh/PycharmProjects/airflow-project/venv/lib/python3.8/site-packages/airflow/example_dags/example_trigger_controller_dag.py
[2021-04-04 03:36:52,903] {logging_mixin.py:104} INFO - [2021-04-04 03:36:52,903] {dag.py:1818} INFO - Sync 1 DAGs
[2021-04-04 03:36:52,964] {logging_mixin.py:104} INFO - [2021-04-04 03:36:52,964] {dag.py:2273} INFO - Setting next_dagrun for example_trigger_controller_dag to 2021-04-02 00:00:00+00:00
[2021-04-04 03:36:53,028] {scheduler_job.py:190} INFO - Processing /home/prathamesh/PycharmProjects/airflow-project/venv/lib/python3.8/site-packages/airflow/example_dags/example_trigger_controller_dag.py took 0.197 seconds
[2021-04-04 03:37:25,227] {scheduler_job.py:182} INFO - Started process (PID=3270) to work on /home/prathamesh/PycharmProjects/airflow-project/venv/lib/python3.8/site-packages/airflow/example_dags/example_trigger_controller_dag.py
[2021-04-04 03:37:25,228] {scheduler_job.py:629} INFO - Processing file /home/prathamesh/PycharmProjects/airflow-project/venv/lib/python3.8/site-packages/airflow/example_dags/example_trigger_controller_dag.py for tasks to queue
[2021-04-04 03:37:25,229] {logging_mixin.py:104} INFO - [2021-04-04 03:37:25,229] {dagbag.py:448} INFO - Filling up the DagBag from /home/prathamesh/PycharmProjects/airflow-project/venv/lib/python3.8/site-packages/airflow/example_dags/example_trigger_controller_dag.py
[2021-04-04 03:37:25,236] {scheduler_job.py:639} INFO - DAG(s) dict_keys(['example_trigger_controller_dag']) retrieved from /home/prathamesh/PycharmProjects/airflow-project/venv/lib/python3.8/site-packages/airflow/example_dags/example_trigger_controller_dag.py
[2021-04-04 03:37:25,248] {logging_mixin.py:104} INFO - [2021-04-04 03:37:25,248] {dag.py:1818} INFO - Sync 1 DAGs
[2021-04-04 03:37:25,256] {logging_mixin.py:104} INFO - [2021-04-04 03:37:25,255] {dag.py:2273} INFO - Setting next_dagrun for example_trigger_controller_dag to 2021-04-02 00:00:00+00:00
[2021-04-04 03:37:25,261] {scheduler_job.py:190} INFO - Processing /home/prathamesh/PycharmProjects/airflow-project/venv/lib/python3.8/site-packages/airflow/example_dags/example_trigger_controller_dag.py took 0.040 seconds
[2021-04-04 03:37:55,501] {scheduler_job.py:182} INFO - Started process (PID=3300) to work on /home/prathamesh/PycharmProjects/airflow-project/venv/lib/python3.8/site-packages/airflow/example_dags/example_trigger_controller_dag.py
[2021-04-04 03:37:55,503] {scheduler_job.py:629} INFO - Processing file /home/prathamesh/PycharmProjects/airflow-project/venv/lib/python3.8/site-packages/airflow/example_dags/example_trigger_controller_dag.py for tasks to queue
[2021-04-04 03:37:55,504] {logging_mixin.py:104} INFO - [2021-04-04 03:37:55,504] {dagbag.py:448} INFO - Filling up the DagBag from /home/prathamesh/PycharmProjects/airflow-project/venv/lib/python3.8/site-packages/airflow/example_dags/example_trigger_controller_dag.py
[2021-04-04 03:37:55,510] {scheduler_job.py:639} INFO - DAG(s) dict_keys(['example_trigger_controller_dag']) retrieved from /home/prathamesh/PycharmProjects/airflow-project/venv/lib/python3.8/site-packages/airflow/example_dags/example_trigger_controller_dag.py
[2021-04-04 03:37:55,528] {logging_mixin.py:104} INFO - [2021-04-04 03:37:55,528] {dag.py:1818} INFO - Sync 1 DAGs
[2021-04-04 03:37:55,536] {logging_mixin.py:104} INFO - [2021-04-04 03:37:55,536] {dag.py:2273} INFO - Setting next_dagrun for example_trigger_controller_dag to 2021-04-02 00:00:00+00:00
[2021-04-04 03:37:55,541] {scheduler_job.py:190} INFO - Processing /home/prathamesh/PycharmProjects/airflow-project/venv/lib/python3.8/site-packages/airflow/example_dags/example_trigger_controller_dag.py took 0.041 seconds
[2021-04-04 03:38:25,802] {scheduler_job.py:182} INFO - Started process (PID=3328) to work on /home/prathamesh/PycharmProjects/airflow-project/venv/lib/python3.8/site-packages/airflow/example_dags/example_trigger_controller_dag.py
[2021-04-04 03:38:25,803] {scheduler_job.py:629} INFO - Processing file /home/prathamesh/PycharmProjects/airflow-project/venv/lib/python3.8/site-packages/airflow/example_dags/example_trigger_controller_dag.py for tasks to queue
[2021-04-04 03:38:25,803] {logging_mixin.py:104} INFO - [2021-04-04 03:38:25,803] {dagbag.py:448} INFO - Filling up the DagBag from /home/prathamesh/PycharmProjects/airflow-project/venv/lib/python3.8/site-packages/airflow/example_dags/example_trigger_controller_dag.py
[2021-04-04 03:38:25,812] {scheduler_job.py:639} INFO - DAG(s) dict_keys(['example_trigger_controller_dag']) retrieved from /home/prathamesh/PycharmProjects/airflow-project/venv/lib/python3.8/site-packages/airflow/example_dags/example_trigger_controller_dag.py
[2021-04-04 03:38:25,827] {logging_mixin.py:104} INFO - [2021-04-04 03:38:25,827] {dag.py:1818} INFO - Sync 1 DAGs
[2021-04-04 03:38:25,838] {logging_mixin.py:104} INFO - [2021-04-04 03:38:25,838] {dag.py:2273} INFO - Setting next_dagrun for example_trigger_controller_dag to 2021-04-02 00:00:00+00:00
[2021-04-04 03:38:25,846] {scheduler_job.py:190} INFO - Processing /home/prathamesh/PycharmProjects/airflow-project/venv/lib/python3.8/site-packages/airflow/example_dags/example_trigger_controller_dag.py took 0.047 seconds
[2021-04-04 03:38:57,911] {scheduler_job.py:182} INFO - Started process (PID=3372) to work on /home/prathamesh/PycharmProjects/airflow-project/venv/lib/python3.8/site-packages/airflow/example_dags/example_trigger_controller_dag.py
[2021-04-04 03:38:57,913] {scheduler_job.py:629} INFO - Processing file /home/prathamesh/PycharmProjects/airflow-project/venv/lib/python3.8/site-packages/airflow/example_dags/example_trigger_controller_dag.py for tasks to queue
[2021-04-04 03:38:57,913] {logging_mixin.py:104} INFO - [2021-04-04 03:38:57,913] {dagbag.py:448} INFO - Filling up the DagBag from /home/prathamesh/PycharmProjects/airflow-project/venv/lib/python3.8/site-packages/airflow/example_dags/example_trigger_controller_dag.py
[2021-04-04 03:38:57,937] {scheduler_job.py:639} INFO - DAG(s) dict_keys(['example_trigger_controller_dag']) retrieved from /home/prathamesh/PycharmProjects/airflow-project/venv/lib/python3.8/site-packages/airflow/example_dags/example_trigger_controller_dag.py
[2021-04-04 03:38:57,979] {logging_mixin.py:104} INFO - [2021-04-04 03:38:57,979] {dag.py:1818} INFO - Sync 1 DAGs
[2021-04-04 03:38:58,019] {logging_mixin.py:104} INFO - [2021-04-04 03:38:58,018] {dag.py:2273} INFO - Setting next_dagrun for example_trigger_controller_dag to 2021-04-02 00:00:00+00:00
[2021-04-04 03:38:58,043] {scheduler_job.py:190} INFO - Processing /home/prathamesh/PycharmProjects/airflow-project/venv/lib/python3.8/site-packages/airflow/example_dags/example_trigger_controller_dag.py took 0.148 seconds
[2021-04-04 03:39:28,522] {scheduler_job.py:182} INFO - Started process (PID=3402) to work on /home/prathamesh/PycharmProjects/airflow-project/venv/lib/python3.8/site-packages/airflow/example_dags/example_trigger_controller_dag.py
[2021-04-04 03:39:28,523] {scheduler_job.py:629} INFO - Processing file /home/prathamesh/PycharmProjects/airflow-project/venv/lib/python3.8/site-packages/airflow/example_dags/example_trigger_controller_dag.py for tasks to queue
[2021-04-04 03:39:28,524] {logging_mixin.py:104} INFO - [2021-04-04 03:39:28,524] {dagbag.py:448} INFO - Filling up the DagBag from /home/prathamesh/PycharmProjects/airflow-project/venv/lib/python3.8/site-packages/airflow/example_dags/example_trigger_controller_dag.py
[2021-04-04 03:39:28,567] {scheduler_job.py:639} INFO - DAG(s) dict_keys(['example_trigger_controller_dag']) retrieved from /home/prathamesh/PycharmProjects/airflow-project/venv/lib/python3.8/site-packages/airflow/example_dags/example_trigger_controller_dag.py
[2021-04-04 03:39:28,620] {logging_mixin.py:104} INFO - [2021-04-04 03:39:28,620] {dag.py:1818} INFO - Sync 1 DAGs
[2021-04-04 03:39:28,643] {logging_mixin.py:104} INFO - [2021-04-04 03:39:28,643] {dag.py:2273} INFO - Setting next_dagrun for example_trigger_controller_dag to 2021-04-02 00:00:00+00:00
[2021-04-04 03:39:28,660] {scheduler_job.py:190} INFO - Processing /home/prathamesh/PycharmProjects/airflow-project/venv/lib/python3.8/site-packages/airflow/example_dags/example_trigger_controller_dag.py took 0.142 seconds
[2021-04-04 03:39:59,060] {scheduler_job.py:182} INFO - Started process (PID=3432) to work on /home/prathamesh/PycharmProjects/airflow-project/venv/lib/python3.8/site-packages/airflow/example_dags/example_trigger_controller_dag.py
[2021-04-04 03:39:59,077] {scheduler_job.py:629} INFO - Processing file /home/prathamesh/PycharmProjects/airflow-project/venv/lib/python3.8/site-packages/airflow/example_dags/example_trigger_controller_dag.py for tasks to queue
[2021-04-04 03:39:59,079] {logging_mixin.py:104} INFO - [2021-04-04 03:39:59,079] {dagbag.py:448} INFO - Filling up the DagBag from /home/prathamesh/PycharmProjects/airflow-project/venv/lib/python3.8/site-packages/airflow/example_dags/example_trigger_controller_dag.py
[2021-04-04 03:39:59,106] {scheduler_job.py:639} INFO - DAG(s) dict_keys(['example_trigger_controller_dag']) retrieved from /home/prathamesh/PycharmProjects/airflow-project/venv/lib/python3.8/site-packages/airflow/example_dags/example_trigger_controller_dag.py
[2021-04-04 03:39:59,145] {logging_mixin.py:104} INFO - [2021-04-04 03:39:59,145] {dag.py:1818} INFO - Sync 1 DAGs
[2021-04-04 03:39:59,177] {logging_mixin.py:104} INFO - [2021-04-04 03:39:59,177] {dag.py:2273} INFO - Setting next_dagrun for example_trigger_controller_dag to 2021-04-02 00:00:00+00:00
[2021-04-04 03:39:59,207] {scheduler_job.py:190} INFO - Processing /home/prathamesh/PycharmProjects/airflow-project/venv/lib/python3.8/site-packages/airflow/example_dags/example_trigger_controller_dag.py took 0.164 seconds
[2021-04-04 03:40:30,304] {scheduler_job.py:182} INFO - Started process (PID=3459) to work on /home/prathamesh/PycharmProjects/airflow-project/venv/lib/python3.8/site-packages/airflow/example_dags/example_trigger_controller_dag.py
[2021-04-04 03:40:30,305] {scheduler_job.py:629} INFO - Processing file /home/prathamesh/PycharmProjects/airflow-project/venv/lib/python3.8/site-packages/airflow/example_dags/example_trigger_controller_dag.py for tasks to queue
[2021-04-04 03:40:30,306] {logging_mixin.py:104} INFO - [2021-04-04 03:40:30,306] {dagbag.py:448} INFO - Filling up the DagBag from /home/prathamesh/PycharmProjects/airflow-project/venv/lib/python3.8/site-packages/airflow/example_dags/example_trigger_controller_dag.py
[2021-04-04 03:40:30,326] {scheduler_job.py:639} INFO - DAG(s) dict_keys(['example_trigger_controller_dag']) retrieved from /home/prathamesh/PycharmProjects/airflow-project/venv/lib/python3.8/site-packages/airflow/example_dags/example_trigger_controller_dag.py
[2021-04-04 03:40:30,351] {logging_mixin.py:104} INFO - [2021-04-04 03:40:30,351] {dag.py:1818} INFO - Sync 1 DAGs
[2021-04-04 03:40:30,384] {logging_mixin.py:104} INFO - [2021-04-04 03:40:30,384] {dag.py:2273} INFO - Setting next_dagrun for example_trigger_controller_dag to 2021-04-02 00:00:00+00:00
[2021-04-04 03:40:30,390] {scheduler_job.py:190} INFO - Processing /home/prathamesh/PycharmProjects/airflow-project/venv/lib/python3.8/site-packages/airflow/example_dags/example_trigger_controller_dag.py took 0.104 seconds
[2021-04-04 03:41:01,184] {scheduler_job.py:182} INFO - Started process (PID=3502) to work on /home/prathamesh/PycharmProjects/airflow-project/venv/lib/python3.8/site-packages/airflow/example_dags/example_trigger_controller_dag.py
[2021-04-04 03:41:01,185] {scheduler_job.py:629} INFO - Processing file /home/prathamesh/PycharmProjects/airflow-project/venv/lib/python3.8/site-packages/airflow/example_dags/example_trigger_controller_dag.py for tasks to queue
[2021-04-04 03:41:01,185] {logging_mixin.py:104} INFO - [2021-04-04 03:41:01,185] {dagbag.py:448} INFO - Filling up the DagBag from /home/prathamesh/PycharmProjects/airflow-project/venv/lib/python3.8/site-packages/airflow/example_dags/example_trigger_controller_dag.py
[2021-04-04 03:41:01,212] {scheduler_job.py:639} INFO - DAG(s) dict_keys(['example_trigger_controller_dag']) retrieved from /home/prathamesh/PycharmProjects/airflow-project/venv/lib/python3.8/site-packages/airflow/example_dags/example_trigger_controller_dag.py
[2021-04-04 03:41:01,237] {logging_mixin.py:104} INFO - [2021-04-04 03:41:01,237] {dag.py:1818} INFO - Sync 1 DAGs
[2021-04-04 03:41:01,258] {logging_mixin.py:104} INFO - [2021-04-04 03:41:01,258] {dag.py:2273} INFO - Setting next_dagrun for example_trigger_controller_dag to 2021-04-02 00:00:00+00:00
[2021-04-04 03:41:01,262] {scheduler_job.py:190} INFO - Processing /home/prathamesh/PycharmProjects/airflow-project/venv/lib/python3.8/site-packages/airflow/example_dags/example_trigger_controller_dag.py took 0.080 seconds
[2021-04-04 03:41:32,561] {scheduler_job.py:182} INFO - Started process (PID=3563) to work on /home/prathamesh/PycharmProjects/airflow-project/venv/lib/python3.8/site-packages/airflow/example_dags/example_trigger_controller_dag.py
[2021-04-04 03:41:32,569] {scheduler_job.py:629} INFO - Processing file /home/prathamesh/PycharmProjects/airflow-project/venv/lib/python3.8/site-packages/airflow/example_dags/example_trigger_controller_dag.py for tasks to queue
[2021-04-04 03:41:32,569] {logging_mixin.py:104} INFO - [2021-04-04 03:41:32,569] {dagbag.py:448} INFO - Filling up the DagBag from /home/prathamesh/PycharmProjects/airflow-project/venv/lib/python3.8/site-packages/airflow/example_dags/example_trigger_controller_dag.py
[2021-04-04 03:41:32,589] {scheduler_job.py:639} INFO - DAG(s) dict_keys(['example_trigger_controller_dag']) retrieved from /home/prathamesh/PycharmProjects/airflow-project/venv/lib/python3.8/site-packages/airflow/example_dags/example_trigger_controller_dag.py
[2021-04-04 03:41:32,624] {logging_mixin.py:104} INFO - [2021-04-04 03:41:32,624] {dag.py:1818} INFO - Sync 1 DAGs
[2021-04-04 03:41:32,646] {logging_mixin.py:104} INFO - [2021-04-04 03:41:32,646] {dag.py:2273} INFO - Setting next_dagrun for example_trigger_controller_dag to 2021-04-02 00:00:00+00:00
[2021-04-04 03:41:32,665] {scheduler_job.py:190} INFO - Processing /home/prathamesh/PycharmProjects/airflow-project/venv/lib/python3.8/site-packages/airflow/example_dags/example_trigger_controller_dag.py took 0.107 seconds
[2021-04-04 03:42:02,804] {scheduler_job.py:182} INFO - Started process (PID=3592) to work on /home/prathamesh/PycharmProjects/airflow-project/venv/lib/python3.8/site-packages/airflow/example_dags/example_trigger_controller_dag.py
[2021-04-04 03:42:02,805] {scheduler_job.py:629} INFO - Processing file /home/prathamesh/PycharmProjects/airflow-project/venv/lib/python3.8/site-packages/airflow/example_dags/example_trigger_controller_dag.py for tasks to queue
[2021-04-04 03:42:02,806] {logging_mixin.py:104} INFO - [2021-04-04 03:42:02,806] {dagbag.py:448} INFO - Filling up the DagBag from /home/prathamesh/PycharmProjects/airflow-project/venv/lib/python3.8/site-packages/airflow/example_dags/example_trigger_controller_dag.py
[2021-04-04 03:42:02,826] {scheduler_job.py:639} INFO - DAG(s) dict_keys(['example_trigger_controller_dag']) retrieved from /home/prathamesh/PycharmProjects/airflow-project/venv/lib/python3.8/site-packages/airflow/example_dags/example_trigger_controller_dag.py
[2021-04-04 03:42:02,847] {logging_mixin.py:104} INFO - [2021-04-04 03:42:02,847] {dag.py:1818} INFO - Sync 1 DAGs
[2021-04-04 03:42:02,867] {logging_mixin.py:104} INFO - [2021-04-04 03:42:02,867] {dag.py:2273} INFO - Setting next_dagrun for example_trigger_controller_dag to 2021-04-02 00:00:00+00:00
[2021-04-04 03:42:02,886] {scheduler_job.py:190} INFO - Processing /home/prathamesh/PycharmProjects/airflow-project/venv/lib/python3.8/site-packages/airflow/example_dags/example_trigger_controller_dag.py took 0.085 seconds
[2021-04-04 03:42:34,703] {scheduler_job.py:182} INFO - Started process (PID=3632) to work on /home/prathamesh/PycharmProjects/airflow-project/venv/lib/python3.8/site-packages/airflow/example_dags/example_trigger_controller_dag.py
[2021-04-04 03:42:34,704] {scheduler_job.py:629} INFO - Processing file /home/prathamesh/PycharmProjects/airflow-project/venv/lib/python3.8/site-packages/airflow/example_dags/example_trigger_controller_dag.py for tasks to queue
[2021-04-04 03:42:34,705] {logging_mixin.py:104} INFO - [2021-04-04 03:42:34,705] {dagbag.py:448} INFO - Filling up the DagBag from /home/prathamesh/PycharmProjects/airflow-project/venv/lib/python3.8/site-packages/airflow/example_dags/example_trigger_controller_dag.py
[2021-04-04 03:42:34,788] {scheduler_job.py:639} INFO - DAG(s) dict_keys(['example_trigger_controller_dag']) retrieved from /home/prathamesh/PycharmProjects/airflow-project/venv/lib/python3.8/site-packages/airflow/example_dags/example_trigger_controller_dag.py
[2021-04-04 03:42:34,872] {logging_mixin.py:104} INFO - [2021-04-04 03:42:34,872] {dag.py:1818} INFO - Sync 1 DAGs
[2021-04-04 03:42:34,912] {logging_mixin.py:104} INFO - [2021-04-04 03:42:34,912] {dag.py:2273} INFO - Setting next_dagrun for example_trigger_controller_dag to 2021-04-02 00:00:00+00:00
[2021-04-04 03:42:34,941] {scheduler_job.py:190} INFO - Processing /home/prathamesh/PycharmProjects/airflow-project/venv/lib/python3.8/site-packages/airflow/example_dags/example_trigger_controller_dag.py took 0.256 seconds
[2021-04-04 03:43:05,710] {scheduler_job.py:182} INFO - Started process (PID=3670) to work on /home/prathamesh/PycharmProjects/airflow-project/venv/lib/python3.8/site-packages/airflow/example_dags/example_trigger_controller_dag.py
[2021-04-04 03:43:05,711] {scheduler_job.py:629} INFO - Processing file /home/prathamesh/PycharmProjects/airflow-project/venv/lib/python3.8/site-packages/airflow/example_dags/example_trigger_controller_dag.py for tasks to queue
[2021-04-04 03:43:05,711] {logging_mixin.py:104} INFO - [2021-04-04 03:43:05,711] {dagbag.py:448} INFO - Filling up the DagBag from /home/prathamesh/PycharmProjects/airflow-project/venv/lib/python3.8/site-packages/airflow/example_dags/example_trigger_controller_dag.py
[2021-04-04 03:43:05,724] {scheduler_job.py:639} INFO - DAG(s) dict_keys(['example_trigger_controller_dag']) retrieved from /home/prathamesh/PycharmProjects/airflow-project/venv/lib/python3.8/site-packages/airflow/example_dags/example_trigger_controller_dag.py
[2021-04-04 03:43:05,764] {logging_mixin.py:104} INFO - [2021-04-04 03:43:05,764] {dag.py:1818} INFO - Sync 1 DAGs
[2021-04-04 03:43:05,802] {logging_mixin.py:104} INFO - [2021-04-04 03:43:05,801] {dag.py:2273} INFO - Setting next_dagrun for example_trigger_controller_dag to 2021-04-02 00:00:00+00:00
[2021-04-04 03:43:05,812] {scheduler_job.py:190} INFO - Processing /home/prathamesh/PycharmProjects/airflow-project/venv/lib/python3.8/site-packages/airflow/example_dags/example_trigger_controller_dag.py took 0.119 seconds
[2021-04-04 03:43:36,458] {scheduler_job.py:182} INFO - Started process (PID=3712) to work on /home/prathamesh/PycharmProjects/airflow-project/venv/lib/python3.8/site-packages/airflow/example_dags/example_trigger_controller_dag.py
[2021-04-04 03:43:36,458] {scheduler_job.py:629} INFO - Processing file /home/prathamesh/PycharmProjects/airflow-project/venv/lib/python3.8/site-packages/airflow/example_dags/example_trigger_controller_dag.py for tasks to queue
[2021-04-04 03:43:36,459] {logging_mixin.py:104} INFO - [2021-04-04 03:43:36,459] {dagbag.py:448} INFO - Filling up the DagBag from /home/prathamesh/PycharmProjects/airflow-project/venv/lib/python3.8/site-packages/airflow/example_dags/example_trigger_controller_dag.py
[2021-04-04 03:43:36,469] {scheduler_job.py:639} INFO - DAG(s) dict_keys(['example_trigger_controller_dag']) retrieved from /home/prathamesh/PycharmProjects/airflow-project/venv/lib/python3.8/site-packages/airflow/example_dags/example_trigger_controller_dag.py
[2021-04-04 03:43:36,478] {logging_mixin.py:104} INFO - [2021-04-04 03:43:36,478] {dag.py:1818} INFO - Sync 1 DAGs
[2021-04-04 03:43:36,484] {logging_mixin.py:104} INFO - [2021-04-04 03:43:36,484] {dag.py:2273} INFO - Setting next_dagrun for example_trigger_controller_dag to 2021-04-02 00:00:00+00:00
[2021-04-04 03:43:36,488] {scheduler_job.py:190} INFO - Processing /home/prathamesh/PycharmProjects/airflow-project/venv/lib/python3.8/site-packages/airflow/example_dags/example_trigger_controller_dag.py took 0.033 seconds
[2021-04-04 03:44:06,646] {scheduler_job.py:182} INFO - Started process (PID=3743) to work on /home/prathamesh/PycharmProjects/airflow-project/venv/lib/python3.8/site-packages/airflow/example_dags/example_trigger_controller_dag.py
[2021-04-04 03:44:06,647] {scheduler_job.py:629} INFO - Processing file /home/prathamesh/PycharmProjects/airflow-project/venv/lib/python3.8/site-packages/airflow/example_dags/example_trigger_controller_dag.py for tasks to queue
[2021-04-04 03:44:06,647] {logging_mixin.py:104} INFO - [2021-04-04 03:44:06,647] {dagbag.py:448} INFO - Filling up the DagBag from /home/prathamesh/PycharmProjects/airflow-project/venv/lib/python3.8/site-packages/airflow/example_dags/example_trigger_controller_dag.py
[2021-04-04 03:44:06,654] {scheduler_job.py:639} INFO - DAG(s) dict_keys(['example_trigger_controller_dag']) retrieved from /home/prathamesh/PycharmProjects/airflow-project/venv/lib/python3.8/site-packages/airflow/example_dags/example_trigger_controller_dag.py
[2021-04-04 03:44:06,662] {logging_mixin.py:104} INFO - [2021-04-04 03:44:06,662] {dag.py:1818} INFO - Sync 1 DAGs
[2021-04-04 03:44:06,668] {logging_mixin.py:104} INFO - [2021-04-04 03:44:06,668] {dag.py:2273} INFO - Setting next_dagrun for example_trigger_controller_dag to 2021-04-02 00:00:00+00:00
[2021-04-04 03:44:06,671] {scheduler_job.py:190} INFO - Processing /home/prathamesh/PycharmProjects/airflow-project/venv/lib/python3.8/site-packages/airflow/example_dags/example_trigger_controller_dag.py took 0.030 seconds
[2021-04-04 03:44:36,971] {scheduler_job.py:182} INFO - Started process (PID=3771) to work on /home/prathamesh/PycharmProjects/airflow-project/venv/lib/python3.8/site-packages/airflow/example_dags/example_trigger_controller_dag.py
[2021-04-04 03:44:36,972] {scheduler_job.py:629} INFO - Processing file /home/prathamesh/PycharmProjects/airflow-project/venv/lib/python3.8/site-packages/airflow/example_dags/example_trigger_controller_dag.py for tasks to queue
[2021-04-04 03:44:36,972] {logging_mixin.py:104} INFO - [2021-04-04 03:44:36,972] {dagbag.py:448} INFO - Filling up the DagBag from /home/prathamesh/PycharmProjects/airflow-project/venv/lib/python3.8/site-packages/airflow/example_dags/example_trigger_controller_dag.py
[2021-04-04 03:44:36,979] {scheduler_job.py:639} INFO - DAG(s) dict_keys(['example_trigger_controller_dag']) retrieved from /home/prathamesh/PycharmProjects/airflow-project/venv/lib/python3.8/site-packages/airflow/example_dags/example_trigger_controller_dag.py
[2021-04-04 03:44:36,989] {logging_mixin.py:104} INFO - [2021-04-04 03:44:36,989] {dag.py:1818} INFO - Sync 1 DAGs
[2021-04-04 03:44:36,996] {logging_mixin.py:104} INFO - [2021-04-04 03:44:36,996] {dag.py:2273} INFO - Setting next_dagrun for example_trigger_controller_dag to 2021-04-02 00:00:00+00:00
[2021-04-04 03:44:37,000] {scheduler_job.py:190} INFO - Processing /home/prathamesh/PycharmProjects/airflow-project/venv/lib/python3.8/site-packages/airflow/example_dags/example_trigger_controller_dag.py took 0.031 seconds
[2021-04-04 03:45:08,111] {scheduler_job.py:182} INFO - Started process (PID=3895) to work on /home/prathamesh/PycharmProjects/airflow-project/venv/lib/python3.8/site-packages/airflow/example_dags/example_trigger_controller_dag.py
[2021-04-04 03:45:08,126] {scheduler_job.py:629} INFO - Processing file /home/prathamesh/PycharmProjects/airflow-project/venv/lib/python3.8/site-packages/airflow/example_dags/example_trigger_controller_dag.py for tasks to queue
[2021-04-04 03:45:08,126] {logging_mixin.py:104} INFO - [2021-04-04 03:45:08,126] {dagbag.py:448} INFO - Filling up the DagBag from /home/prathamesh/PycharmProjects/airflow-project/venv/lib/python3.8/site-packages/airflow/example_dags/example_trigger_controller_dag.py
[2021-04-04 03:45:08,131] {scheduler_job.py:639} INFO - DAG(s) dict_keys(['example_trigger_controller_dag']) retrieved from /home/prathamesh/PycharmProjects/airflow-project/venv/lib/python3.8/site-packages/airflow/example_dags/example_trigger_controller_dag.py
[2021-04-04 03:45:08,153] {logging_mixin.py:104} INFO - [2021-04-04 03:45:08,153] {dag.py:1818} INFO - Sync 1 DAGs
[2021-04-04 03:45:08,176] {logging_mixin.py:104} INFO - [2021-04-04 03:45:08,175] {dag.py:2273} INFO - Setting next_dagrun for example_trigger_controller_dag to 2021-04-02 00:00:00+00:00
[2021-04-04 03:45:08,199] {scheduler_job.py:190} INFO - Processing /home/prathamesh/PycharmProjects/airflow-project/venv/lib/python3.8/site-packages/airflow/example_dags/example_trigger_controller_dag.py took 0.091 seconds
[2021-04-04 03:54:13,603] {scheduler_job.py:182} INFO - Started process (PID=4546) to work on /home/prathamesh/PycharmProjects/airflow-project/venv/lib/python3.8/site-packages/airflow/example_dags/example_trigger_controller_dag.py
[2021-04-04 03:54:13,604] {scheduler_job.py:629} INFO - Processing file /home/prathamesh/PycharmProjects/airflow-project/venv/lib/python3.8/site-packages/airflow/example_dags/example_trigger_controller_dag.py for tasks to queue
[2021-04-04 03:54:13,604] {logging_mixin.py:104} INFO - [2021-04-04 03:54:13,604] {dagbag.py:448} INFO - Filling up the DagBag from /home/prathamesh/PycharmProjects/airflow-project/venv/lib/python3.8/site-packages/airflow/example_dags/example_trigger_controller_dag.py
[2021-04-04 03:54:13,613] {scheduler_job.py:639} INFO - DAG(s) dict_keys(['example_trigger_controller_dag']) retrieved from /home/prathamesh/PycharmProjects/airflow-project/venv/lib/python3.8/site-packages/airflow/example_dags/example_trigger_controller_dag.py
[2021-04-04 03:54:13,624] {logging_mixin.py:104} INFO - [2021-04-04 03:54:13,623] {dag.py:1818} INFO - Sync 1 DAGs
[2021-04-04 03:54:13,637] {logging_mixin.py:104} INFO - [2021-04-04 03:54:13,637] {dag.py:2273} INFO - Setting next_dagrun for example_trigger_controller_dag to 2021-04-02 00:00:00+00:00
[2021-04-04 03:54:13,643] {scheduler_job.py:190} INFO - Processing /home/prathamesh/PycharmProjects/airflow-project/venv/lib/python3.8/site-packages/airflow/example_dags/example_trigger_controller_dag.py took 0.043 seconds
[2021-04-04 03:54:44,281] {scheduler_job.py:182} INFO - Started process (PID=4574) to work on /home/prathamesh/PycharmProjects/airflow-project/venv/lib/python3.8/site-packages/airflow/example_dags/example_trigger_controller_dag.py
[2021-04-04 03:54:44,282] {scheduler_job.py:629} INFO - Processing file /home/prathamesh/PycharmProjects/airflow-project/venv/lib/python3.8/site-packages/airflow/example_dags/example_trigger_controller_dag.py for tasks to queue
[2021-04-04 03:54:44,282] {logging_mixin.py:104} INFO - [2021-04-04 03:54:44,282] {dagbag.py:448} INFO - Filling up the DagBag from /home/prathamesh/PycharmProjects/airflow-project/venv/lib/python3.8/site-packages/airflow/example_dags/example_trigger_controller_dag.py
[2021-04-04 03:54:44,288] {scheduler_job.py:639} INFO - DAG(s) dict_keys(['example_trigger_controller_dag']) retrieved from /home/prathamesh/PycharmProjects/airflow-project/venv/lib/python3.8/site-packages/airflow/example_dags/example_trigger_controller_dag.py
[2021-04-04 03:54:44,300] {logging_mixin.py:104} INFO - [2021-04-04 03:54:44,300] {dag.py:1818} INFO - Sync 1 DAGs
[2021-04-04 03:54:44,308] {logging_mixin.py:104} INFO - [2021-04-04 03:54:44,308] {dag.py:2273} INFO - Setting next_dagrun for example_trigger_controller_dag to 2021-04-02 00:00:00+00:00
[2021-04-04 03:54:44,315] {scheduler_job.py:190} INFO - Processing /home/prathamesh/PycharmProjects/airflow-project/venv/lib/python3.8/site-packages/airflow/example_dags/example_trigger_controller_dag.py took 0.036 seconds
[2021-04-04 03:55:15,615] {scheduler_job.py:182} INFO - Started process (PID=4602) to work on /home/prathamesh/PycharmProjects/airflow-project/venv/lib/python3.8/site-packages/airflow/example_dags/example_trigger_controller_dag.py
[2021-04-04 03:55:15,616] {scheduler_job.py:629} INFO - Processing file /home/prathamesh/PycharmProjects/airflow-project/venv/lib/python3.8/site-packages/airflow/example_dags/example_trigger_controller_dag.py for tasks to queue
[2021-04-04 03:55:15,616] {logging_mixin.py:104} INFO - [2021-04-04 03:55:15,616] {dagbag.py:448} INFO - Filling up the DagBag from /home/prathamesh/PycharmProjects/airflow-project/venv/lib/python3.8/site-packages/airflow/example_dags/example_trigger_controller_dag.py
[2021-04-04 03:55:15,625] {scheduler_job.py:639} INFO - DAG(s) dict_keys(['example_trigger_controller_dag']) retrieved from /home/prathamesh/PycharmProjects/airflow-project/venv/lib/python3.8/site-packages/airflow/example_dags/example_trigger_controller_dag.py
[2021-04-04 03:55:15,638] {logging_mixin.py:104} INFO - [2021-04-04 03:55:15,638] {dag.py:1818} INFO - Sync 1 DAGs
[2021-04-04 03:55:15,651] {logging_mixin.py:104} INFO - [2021-04-04 03:55:15,650] {dag.py:2273} INFO - Setting next_dagrun for example_trigger_controller_dag to 2021-04-02 00:00:00+00:00
[2021-04-04 03:55:15,666] {scheduler_job.py:190} INFO - Processing /home/prathamesh/PycharmProjects/airflow-project/venv/lib/python3.8/site-packages/airflow/example_dags/example_trigger_controller_dag.py took 0.053 seconds
[2021-04-04 03:55:45,923] {scheduler_job.py:182} INFO - Started process (PID=4635) to work on /home/prathamesh/PycharmProjects/airflow-project/venv/lib/python3.8/site-packages/airflow/example_dags/example_trigger_controller_dag.py
[2021-04-04 03:55:45,924] {scheduler_job.py:629} INFO - Processing file /home/prathamesh/PycharmProjects/airflow-project/venv/lib/python3.8/site-packages/airflow/example_dags/example_trigger_controller_dag.py for tasks to queue
[2021-04-04 03:55:45,924] {logging_mixin.py:104} INFO - [2021-04-04 03:55:45,924] {dagbag.py:448} INFO - Filling up the DagBag from /home/prathamesh/PycharmProjects/airflow-project/venv/lib/python3.8/site-packages/airflow/example_dags/example_trigger_controller_dag.py
[2021-04-04 03:55:45,940] {scheduler_job.py:639} INFO - DAG(s) dict_keys(['example_trigger_controller_dag']) retrieved from /home/prathamesh/PycharmProjects/airflow-project/venv/lib/python3.8/site-packages/airflow/example_dags/example_trigger_controller_dag.py
[2021-04-04 03:55:45,954] {logging_mixin.py:104} INFO - [2021-04-04 03:55:45,954] {dag.py:1818} INFO - Sync 1 DAGs
[2021-04-04 03:55:45,967] {logging_mixin.py:104} INFO - [2021-04-04 03:55:45,967] {dag.py:2273} INFO - Setting next_dagrun for example_trigger_controller_dag to 2021-04-02 00:00:00+00:00
[2021-04-04 03:55:45,976] {scheduler_job.py:190} INFO - Processing /home/prathamesh/PycharmProjects/airflow-project/venv/lib/python3.8/site-packages/airflow/example_dags/example_trigger_controller_dag.py took 0.060 seconds
[2021-04-04 03:56:17,331] {scheduler_job.py:182} INFO - Started process (PID=4687) to work on /home/prathamesh/PycharmProjects/airflow-project/venv/lib/python3.8/site-packages/airflow/example_dags/example_trigger_controller_dag.py
[2021-04-04 03:56:17,332] {scheduler_job.py:629} INFO - Processing file /home/prathamesh/PycharmProjects/airflow-project/venv/lib/python3.8/site-packages/airflow/example_dags/example_trigger_controller_dag.py for tasks to queue
[2021-04-04 03:56:17,332] {logging_mixin.py:104} INFO - [2021-04-04 03:56:17,332] {dagbag.py:448} INFO - Filling up the DagBag from /home/prathamesh/PycharmProjects/airflow-project/venv/lib/python3.8/site-packages/airflow/example_dags/example_trigger_controller_dag.py
[2021-04-04 03:56:17,338] {scheduler_job.py:639} INFO - DAG(s) dict_keys(['example_trigger_controller_dag']) retrieved from /home/prathamesh/PycharmProjects/airflow-project/venv/lib/python3.8/site-packages/airflow/example_dags/example_trigger_controller_dag.py
[2021-04-04 03:56:17,347] {logging_mixin.py:104} INFO - [2021-04-04 03:56:17,347] {dag.py:1818} INFO - Sync 1 DAGs
[2021-04-04 03:56:17,355] {logging_mixin.py:104} INFO - [2021-04-04 03:56:17,355] {dag.py:2273} INFO - Setting next_dagrun for example_trigger_controller_dag to 2021-04-02 00:00:00+00:00
[2021-04-04 03:56:17,359] {scheduler_job.py:190} INFO - Processing /home/prathamesh/PycharmProjects/airflow-project/venv/lib/python3.8/site-packages/airflow/example_dags/example_trigger_controller_dag.py took 0.030 seconds
[2021-04-04 03:56:47,776] {scheduler_job.py:182} INFO - Started process (PID=4723) to work on /home/prathamesh/PycharmProjects/airflow-project/venv/lib/python3.8/site-packages/airflow/example_dags/example_trigger_controller_dag.py
[2021-04-04 03:56:47,778] {scheduler_job.py:629} INFO - Processing file /home/prathamesh/PycharmProjects/airflow-project/venv/lib/python3.8/site-packages/airflow/example_dags/example_trigger_controller_dag.py for tasks to queue
[2021-04-04 03:56:47,780] {logging_mixin.py:104} INFO - [2021-04-04 03:56:47,779] {dagbag.py:448} INFO - Filling up the DagBag from /home/prathamesh/PycharmProjects/airflow-project/venv/lib/python3.8/site-packages/airflow/example_dags/example_trigger_controller_dag.py
[2021-04-04 03:56:47,893] {scheduler_job.py:639} INFO - DAG(s) dict_keys(['example_trigger_controller_dag']) retrieved from /home/prathamesh/PycharmProjects/airflow-project/venv/lib/python3.8/site-packages/airflow/example_dags/example_trigger_controller_dag.py
[2021-04-04 03:56:48,078] {logging_mixin.py:104} INFO - [2021-04-04 03:56:48,078] {dag.py:1818} INFO - Sync 1 DAGs
[2021-04-04 03:56:48,177] {logging_mixin.py:104} INFO - [2021-04-04 03:56:48,177] {dag.py:2273} INFO - Setting next_dagrun for example_trigger_controller_dag to 2021-04-02 00:00:00+00:00
[2021-04-04 03:56:48,183] {scheduler_job.py:190} INFO - Processing /home/prathamesh/PycharmProjects/airflow-project/venv/lib/python3.8/site-packages/airflow/example_dags/example_trigger_controller_dag.py took 0.435 seconds
[2021-04-04 03:57:19,167] {scheduler_job.py:182} INFO - Started process (PID=4752) to work on /home/prathamesh/PycharmProjects/airflow-project/venv/lib/python3.8/site-packages/airflow/example_dags/example_trigger_controller_dag.py
[2021-04-04 03:57:19,169] {scheduler_job.py:629} INFO - Processing file /home/prathamesh/PycharmProjects/airflow-project/venv/lib/python3.8/site-packages/airflow/example_dags/example_trigger_controller_dag.py for tasks to queue
[2021-04-04 03:57:19,170] {logging_mixin.py:104} INFO - [2021-04-04 03:57:19,170] {dagbag.py:448} INFO - Filling up the DagBag from /home/prathamesh/PycharmProjects/airflow-project/venv/lib/python3.8/site-packages/airflow/example_dags/example_trigger_controller_dag.py
[2021-04-04 03:57:19,181] {scheduler_job.py:639} INFO - DAG(s) dict_keys(['example_trigger_controller_dag']) retrieved from /home/prathamesh/PycharmProjects/airflow-project/venv/lib/python3.8/site-packages/airflow/example_dags/example_trigger_controller_dag.py
[2021-04-04 03:57:19,196] {logging_mixin.py:104} INFO - [2021-04-04 03:57:19,196] {dag.py:1818} INFO - Sync 1 DAGs
[2021-04-04 03:57:19,214] {logging_mixin.py:104} INFO - [2021-04-04 03:57:19,214] {dag.py:2273} INFO - Setting next_dagrun for example_trigger_controller_dag to 2021-04-02 00:00:00+00:00
[2021-04-04 03:57:19,222] {scheduler_job.py:190} INFO - Processing /home/prathamesh/PycharmProjects/airflow-project/venv/lib/python3.8/site-packages/airflow/example_dags/example_trigger_controller_dag.py took 0.059 seconds
[2021-04-04 03:57:49,331] {scheduler_job.py:182} INFO - Started process (PID=4781) to work on /home/prathamesh/PycharmProjects/airflow-project/venv/lib/python3.8/site-packages/airflow/example_dags/example_trigger_controller_dag.py
[2021-04-04 03:57:49,332] {scheduler_job.py:629} INFO - Processing file /home/prathamesh/PycharmProjects/airflow-project/venv/lib/python3.8/site-packages/airflow/example_dags/example_trigger_controller_dag.py for tasks to queue
[2021-04-04 03:57:49,333] {logging_mixin.py:104} INFO - [2021-04-04 03:57:49,333] {dagbag.py:448} INFO - Filling up the DagBag from /home/prathamesh/PycharmProjects/airflow-project/venv/lib/python3.8/site-packages/airflow/example_dags/example_trigger_controller_dag.py
[2021-04-04 03:57:49,341] {scheduler_job.py:639} INFO - DAG(s) dict_keys(['example_trigger_controller_dag']) retrieved from /home/prathamesh/PycharmProjects/airflow-project/venv/lib/python3.8/site-packages/airflow/example_dags/example_trigger_controller_dag.py
[2021-04-04 03:57:49,372] {logging_mixin.py:104} INFO - [2021-04-04 03:57:49,372] {dag.py:1818} INFO - Sync 1 DAGs
[2021-04-04 03:57:49,380] {logging_mixin.py:104} INFO - [2021-04-04 03:57:49,380] {dag.py:2273} INFO - Setting next_dagrun for example_trigger_controller_dag to 2021-04-02 00:00:00+00:00
[2021-04-04 03:57:49,385] {scheduler_job.py:190} INFO - Processing /home/prathamesh/PycharmProjects/airflow-project/venv/lib/python3.8/site-packages/airflow/example_dags/example_trigger_controller_dag.py took 0.057 seconds
[2021-04-04 03:58:19,577] {scheduler_job.py:182} INFO - Started process (PID=4812) to work on /home/prathamesh/PycharmProjects/airflow-project/venv/lib/python3.8/site-packages/airflow/example_dags/example_trigger_controller_dag.py
[2021-04-04 03:58:19,579] {scheduler_job.py:629} INFO - Processing file /home/prathamesh/PycharmProjects/airflow-project/venv/lib/python3.8/site-packages/airflow/example_dags/example_trigger_controller_dag.py for tasks to queue
[2021-04-04 03:58:19,580] {logging_mixin.py:104} INFO - [2021-04-04 03:58:19,580] {dagbag.py:448} INFO - Filling up the DagBag from /home/prathamesh/PycharmProjects/airflow-project/venv/lib/python3.8/site-packages/airflow/example_dags/example_trigger_controller_dag.py
[2021-04-04 03:58:19,588] {scheduler_job.py:639} INFO - DAG(s) dict_keys(['example_trigger_controller_dag']) retrieved from /home/prathamesh/PycharmProjects/airflow-project/venv/lib/python3.8/site-packages/airflow/example_dags/example_trigger_controller_dag.py
[2021-04-04 03:58:19,600] {logging_mixin.py:104} INFO - [2021-04-04 03:58:19,600] {dag.py:1818} INFO - Sync 1 DAGs
[2021-04-04 03:58:19,608] {logging_mixin.py:104} INFO - [2021-04-04 03:58:19,608] {dag.py:2273} INFO - Setting next_dagrun for example_trigger_controller_dag to 2021-04-02 00:00:00+00:00
[2021-04-04 03:58:19,614] {scheduler_job.py:190} INFO - Processing /home/prathamesh/PycharmProjects/airflow-project/venv/lib/python3.8/site-packages/airflow/example_dags/example_trigger_controller_dag.py took 0.041 seconds
[2021-04-04 04:07:51,395] {scheduler_job.py:182} INFO - Started process (PID=4975) to work on /home/prathamesh/PycharmProjects/airflow-project/venv/lib/python3.8/site-packages/airflow/example_dags/example_trigger_controller_dag.py
[2021-04-04 04:07:51,396] {scheduler_job.py:629} INFO - Processing file /home/prathamesh/PycharmProjects/airflow-project/venv/lib/python3.8/site-packages/airflow/example_dags/example_trigger_controller_dag.py for tasks to queue
[2021-04-04 04:07:51,396] {logging_mixin.py:104} INFO - [2021-04-04 04:07:51,396] {dagbag.py:448} INFO - Filling up the DagBag from /home/prathamesh/PycharmProjects/airflow-project/venv/lib/python3.8/site-packages/airflow/example_dags/example_trigger_controller_dag.py
[2021-04-04 04:07:51,412] {scheduler_job.py:639} INFO - DAG(s) dict_keys(['example_trigger_controller_dag']) retrieved from /home/prathamesh/PycharmProjects/airflow-project/venv/lib/python3.8/site-packages/airflow/example_dags/example_trigger_controller_dag.py
[2021-04-04 04:07:51,419] {logging_mixin.py:104} INFO - [2021-04-04 04:07:51,419] {dag.py:1818} INFO - Sync 1 DAGs
[2021-04-04 04:07:51,438] {logging_mixin.py:104} INFO - [2021-04-04 04:07:51,438] {dag.py:2273} INFO - Setting next_dagrun for example_trigger_controller_dag to 2021-04-02 00:00:00+00:00
[2021-04-04 04:07:51,442] {scheduler_job.py:190} INFO - Processing /home/prathamesh/PycharmProjects/airflow-project/venv/lib/python3.8/site-packages/airflow/example_dags/example_trigger_controller_dag.py took 0.048 seconds
[2021-04-04 04:08:22,078] {scheduler_job.py:182} INFO - Started process (PID=5015) to work on /home/prathamesh/PycharmProjects/airflow-project/venv/lib/python3.8/site-packages/airflow/example_dags/example_trigger_controller_dag.py
[2021-04-04 04:08:22,079] {scheduler_job.py:629} INFO - Processing file /home/prathamesh/PycharmProjects/airflow-project/venv/lib/python3.8/site-packages/airflow/example_dags/example_trigger_controller_dag.py for tasks to queue
[2021-04-04 04:08:22,079] {logging_mixin.py:104} INFO - [2021-04-04 04:08:22,079] {dagbag.py:448} INFO - Filling up the DagBag from /home/prathamesh/PycharmProjects/airflow-project/venv/lib/python3.8/site-packages/airflow/example_dags/example_trigger_controller_dag.py
[2021-04-04 04:08:22,098] {scheduler_job.py:639} INFO - DAG(s) dict_keys(['example_trigger_controller_dag']) retrieved from /home/prathamesh/PycharmProjects/airflow-project/venv/lib/python3.8/site-packages/airflow/example_dags/example_trigger_controller_dag.py
[2021-04-04 04:08:22,120] {logging_mixin.py:104} INFO - [2021-04-04 04:08:22,120] {dag.py:1818} INFO - Sync 1 DAGs
[2021-04-04 04:08:22,128] {logging_mixin.py:104} INFO - [2021-04-04 04:08:22,128] {dag.py:2273} INFO - Setting next_dagrun for example_trigger_controller_dag to 2021-04-02 00:00:00+00:00
[2021-04-04 04:08:22,134] {scheduler_job.py:190} INFO - Processing /home/prathamesh/PycharmProjects/airflow-project/venv/lib/python3.8/site-packages/airflow/example_dags/example_trigger_controller_dag.py took 0.059 seconds
[2021-04-04 04:08:53,155] {scheduler_job.py:182} INFO - Started process (PID=5044) to work on /home/prathamesh/PycharmProjects/airflow-project/venv/lib/python3.8/site-packages/airflow/example_dags/example_trigger_controller_dag.py
[2021-04-04 04:08:53,156] {scheduler_job.py:629} INFO - Processing file /home/prathamesh/PycharmProjects/airflow-project/venv/lib/python3.8/site-packages/airflow/example_dags/example_trigger_controller_dag.py for tasks to queue
[2021-04-04 04:08:53,156] {logging_mixin.py:104} INFO - [2021-04-04 04:08:53,156] {dagbag.py:448} INFO - Filling up the DagBag from /home/prathamesh/PycharmProjects/airflow-project/venv/lib/python3.8/site-packages/airflow/example_dags/example_trigger_controller_dag.py
[2021-04-04 04:08:53,208] {scheduler_job.py:639} INFO - DAG(s) dict_keys(['example_trigger_controller_dag']) retrieved from /home/prathamesh/PycharmProjects/airflow-project/venv/lib/python3.8/site-packages/airflow/example_dags/example_trigger_controller_dag.py
[2021-04-04 04:08:53,280] {logging_mixin.py:104} INFO - [2021-04-04 04:08:53,280] {dag.py:1818} INFO - Sync 1 DAGs
[2021-04-04 04:08:53,329] {logging_mixin.py:104} INFO - [2021-04-04 04:08:53,329] {dag.py:2273} INFO - Setting next_dagrun for example_trigger_controller_dag to 2021-04-02 00:00:00+00:00
[2021-04-04 04:08:53,353] {scheduler_job.py:190} INFO - Processing /home/prathamesh/PycharmProjects/airflow-project/venv/lib/python3.8/site-packages/airflow/example_dags/example_trigger_controller_dag.py took 0.201 seconds
[2021-04-04 04:09:24,158] {scheduler_job.py:182} INFO - Started process (PID=5082) to work on /home/prathamesh/PycharmProjects/airflow-project/venv/lib/python3.8/site-packages/airflow/example_dags/example_trigger_controller_dag.py
[2021-04-04 04:09:24,170] {scheduler_job.py:629} INFO - Processing file /home/prathamesh/PycharmProjects/airflow-project/venv/lib/python3.8/site-packages/airflow/example_dags/example_trigger_controller_dag.py for tasks to queue
[2021-04-04 04:09:24,171] {logging_mixin.py:104} INFO - [2021-04-04 04:09:24,171] {dagbag.py:448} INFO - Filling up the DagBag from /home/prathamesh/PycharmProjects/airflow-project/venv/lib/python3.8/site-packages/airflow/example_dags/example_trigger_controller_dag.py
[2021-04-04 04:09:24,178] {scheduler_job.py:639} INFO - DAG(s) dict_keys(['example_trigger_controller_dag']) retrieved from /home/prathamesh/PycharmProjects/airflow-project/venv/lib/python3.8/site-packages/airflow/example_dags/example_trigger_controller_dag.py
[2021-04-04 04:09:24,200] {logging_mixin.py:104} INFO - [2021-04-04 04:09:24,200] {dag.py:1818} INFO - Sync 1 DAGs
[2021-04-04 04:09:24,290] {logging_mixin.py:104} INFO - [2021-04-04 04:09:24,290] {dag.py:2273} INFO - Setting next_dagrun for example_trigger_controller_dag to 2021-04-02 00:00:00+00:00
[2021-04-04 04:09:24,304] {scheduler_job.py:190} INFO - Processing /home/prathamesh/PycharmProjects/airflow-project/venv/lib/python3.8/site-packages/airflow/example_dags/example_trigger_controller_dag.py took 0.158 seconds
[2021-04-04 04:09:55,169] {scheduler_job.py:182} INFO - Started process (PID=5113) to work on /home/prathamesh/PycharmProjects/airflow-project/venv/lib/python3.8/site-packages/airflow/example_dags/example_trigger_controller_dag.py
[2021-04-04 04:09:55,175] {scheduler_job.py:629} INFO - Processing file /home/prathamesh/PycharmProjects/airflow-project/venv/lib/python3.8/site-packages/airflow/example_dags/example_trigger_controller_dag.py for tasks to queue
[2021-04-04 04:09:55,176] {logging_mixin.py:104} INFO - [2021-04-04 04:09:55,176] {dagbag.py:448} INFO - Filling up the DagBag from /home/prathamesh/PycharmProjects/airflow-project/venv/lib/python3.8/site-packages/airflow/example_dags/example_trigger_controller_dag.py
[2021-04-04 04:09:55,182] {scheduler_job.py:639} INFO - DAG(s) dict_keys(['example_trigger_controller_dag']) retrieved from /home/prathamesh/PycharmProjects/airflow-project/venv/lib/python3.8/site-packages/airflow/example_dags/example_trigger_controller_dag.py
[2021-04-04 04:09:55,203] {logging_mixin.py:104} INFO - [2021-04-04 04:09:55,203] {dag.py:1818} INFO - Sync 1 DAGs
[2021-04-04 04:09:55,229] {logging_mixin.py:104} INFO - [2021-04-04 04:09:55,229] {dag.py:2273} INFO - Setting next_dagrun for example_trigger_controller_dag to 2021-04-02 00:00:00+00:00
[2021-04-04 04:09:55,233] {scheduler_job.py:190} INFO - Processing /home/prathamesh/PycharmProjects/airflow-project/venv/lib/python3.8/site-packages/airflow/example_dags/example_trigger_controller_dag.py took 0.067 seconds
[2021-04-04 04:10:26,461] {scheduler_job.py:182} INFO - Started process (PID=5175) to work on /home/prathamesh/PycharmProjects/airflow-project/venv/lib/python3.8/site-packages/airflow/example_dags/example_trigger_controller_dag.py
[2021-04-04 04:10:26,463] {scheduler_job.py:629} INFO - Processing file /home/prathamesh/PycharmProjects/airflow-project/venv/lib/python3.8/site-packages/airflow/example_dags/example_trigger_controller_dag.py for tasks to queue
[2021-04-04 04:10:26,464] {logging_mixin.py:104} INFO - [2021-04-04 04:10:26,463] {dagbag.py:448} INFO - Filling up the DagBag from /home/prathamesh/PycharmProjects/airflow-project/venv/lib/python3.8/site-packages/airflow/example_dags/example_trigger_controller_dag.py
[2021-04-04 04:10:26,485] {scheduler_job.py:639} INFO - DAG(s) dict_keys(['example_trigger_controller_dag']) retrieved from /home/prathamesh/PycharmProjects/airflow-project/venv/lib/python3.8/site-packages/airflow/example_dags/example_trigger_controller_dag.py
[2021-04-04 04:10:26,525] {logging_mixin.py:104} INFO - [2021-04-04 04:10:26,524] {dag.py:1818} INFO - Sync 1 DAGs
[2021-04-04 04:10:26,571] {logging_mixin.py:104} INFO - [2021-04-04 04:10:26,571] {dag.py:2273} INFO - Setting next_dagrun for example_trigger_controller_dag to 2021-04-02 00:00:00+00:00
[2021-04-04 04:10:26,580] {scheduler_job.py:190} INFO - Processing /home/prathamesh/PycharmProjects/airflow-project/venv/lib/python3.8/site-packages/airflow/example_dags/example_trigger_controller_dag.py took 0.122 seconds
[2021-04-04 04:10:57,089] {scheduler_job.py:182} INFO - Started process (PID=5204) to work on /home/prathamesh/PycharmProjects/airflow-project/venv/lib/python3.8/site-packages/airflow/example_dags/example_trigger_controller_dag.py
[2021-04-04 04:10:57,090] {scheduler_job.py:629} INFO - Processing file /home/prathamesh/PycharmProjects/airflow-project/venv/lib/python3.8/site-packages/airflow/example_dags/example_trigger_controller_dag.py for tasks to queue
[2021-04-04 04:10:57,090] {logging_mixin.py:104} INFO - [2021-04-04 04:10:57,090] {dagbag.py:448} INFO - Filling up the DagBag from /home/prathamesh/PycharmProjects/airflow-project/venv/lib/python3.8/site-packages/airflow/example_dags/example_trigger_controller_dag.py
[2021-04-04 04:10:57,096] {scheduler_job.py:639} INFO - DAG(s) dict_keys(['example_trigger_controller_dag']) retrieved from /home/prathamesh/PycharmProjects/airflow-project/venv/lib/python3.8/site-packages/airflow/example_dags/example_trigger_controller_dag.py
[2021-04-04 04:10:57,106] {logging_mixin.py:104} INFO - [2021-04-04 04:10:57,106] {dag.py:1818} INFO - Sync 1 DAGs
[2021-04-04 04:10:57,115] {logging_mixin.py:104} INFO - [2021-04-04 04:10:57,115] {dag.py:2273} INFO - Setting next_dagrun for example_trigger_controller_dag to 2021-04-02 00:00:00+00:00
[2021-04-04 04:10:57,119] {scheduler_job.py:190} INFO - Processing /home/prathamesh/PycharmProjects/airflow-project/venv/lib/python3.8/site-packages/airflow/example_dags/example_trigger_controller_dag.py took 0.033 seconds
[2021-04-04 04:11:27,809] {scheduler_job.py:182} INFO - Started process (PID=5264) to work on /home/prathamesh/PycharmProjects/airflow-project/venv/lib/python3.8/site-packages/airflow/example_dags/example_trigger_controller_dag.py
[2021-04-04 04:11:27,811] {scheduler_job.py:629} INFO - Processing file /home/prathamesh/PycharmProjects/airflow-project/venv/lib/python3.8/site-packages/airflow/example_dags/example_trigger_controller_dag.py for tasks to queue
[2021-04-04 04:11:27,812] {logging_mixin.py:104} INFO - [2021-04-04 04:11:27,812] {dagbag.py:448} INFO - Filling up the DagBag from /home/prathamesh/PycharmProjects/airflow-project/venv/lib/python3.8/site-packages/airflow/example_dags/example_trigger_controller_dag.py
[2021-04-04 04:11:27,822] {scheduler_job.py:639} INFO - DAG(s) dict_keys(['example_trigger_controller_dag']) retrieved from /home/prathamesh/PycharmProjects/airflow-project/venv/lib/python3.8/site-packages/airflow/example_dags/example_trigger_controller_dag.py
[2021-04-04 04:11:27,832] {logging_mixin.py:104} INFO - [2021-04-04 04:11:27,832] {dag.py:1818} INFO - Sync 1 DAGs
[2021-04-04 04:11:27,840] {logging_mixin.py:104} INFO - [2021-04-04 04:11:27,840] {dag.py:2273} INFO - Setting next_dagrun for example_trigger_controller_dag to 2021-04-02 00:00:00+00:00
[2021-04-04 04:11:27,844] {scheduler_job.py:190} INFO - Processing /home/prathamesh/PycharmProjects/airflow-project/venv/lib/python3.8/site-packages/airflow/example_dags/example_trigger_controller_dag.py took 0.040 seconds
[2021-04-04 04:11:58,831] {scheduler_job.py:182} INFO - Started process (PID=5300) to work on /home/prathamesh/PycharmProjects/airflow-project/venv/lib/python3.8/site-packages/airflow/example_dags/example_trigger_controller_dag.py
[2021-04-04 04:11:58,832] {scheduler_job.py:629} INFO - Processing file /home/prathamesh/PycharmProjects/airflow-project/venv/lib/python3.8/site-packages/airflow/example_dags/example_trigger_controller_dag.py for tasks to queue
[2021-04-04 04:11:58,832] {logging_mixin.py:104} INFO - [2021-04-04 04:11:58,832] {dagbag.py:448} INFO - Filling up the DagBag from /home/prathamesh/PycharmProjects/airflow-project/venv/lib/python3.8/site-packages/airflow/example_dags/example_trigger_controller_dag.py
[2021-04-04 04:11:58,850] {scheduler_job.py:639} INFO - DAG(s) dict_keys(['example_trigger_controller_dag']) retrieved from /home/prathamesh/PycharmProjects/airflow-project/venv/lib/python3.8/site-packages/airflow/example_dags/example_trigger_controller_dag.py
[2021-04-04 04:11:58,869] {logging_mixin.py:104} INFO - [2021-04-04 04:11:58,869] {dag.py:1818} INFO - Sync 1 DAGs
[2021-04-04 04:11:58,877] {logging_mixin.py:104} INFO - [2021-04-04 04:11:58,876] {dag.py:2273} INFO - Setting next_dagrun for example_trigger_controller_dag to 2021-04-02 00:00:00+00:00
[2021-04-04 04:11:58,892] {scheduler_job.py:190} INFO - Processing /home/prathamesh/PycharmProjects/airflow-project/venv/lib/python3.8/site-packages/airflow/example_dags/example_trigger_controller_dag.py took 0.063 seconds
[2021-04-04 04:12:29,573] {scheduler_job.py:182} INFO - Started process (PID=5334) to work on /home/prathamesh/PycharmProjects/airflow-project/venv/lib/python3.8/site-packages/airflow/example_dags/example_trigger_controller_dag.py
[2021-04-04 04:12:29,586] {scheduler_job.py:629} INFO - Processing file /home/prathamesh/PycharmProjects/airflow-project/venv/lib/python3.8/site-packages/airflow/example_dags/example_trigger_controller_dag.py for tasks to queue
[2021-04-04 04:12:29,587] {logging_mixin.py:104} INFO - [2021-04-04 04:12:29,587] {dagbag.py:448} INFO - Filling up the DagBag from /home/prathamesh/PycharmProjects/airflow-project/venv/lib/python3.8/site-packages/airflow/example_dags/example_trigger_controller_dag.py
[2021-04-04 04:12:29,630] {scheduler_job.py:639} INFO - DAG(s) dict_keys(['example_trigger_controller_dag']) retrieved from /home/prathamesh/PycharmProjects/airflow-project/venv/lib/python3.8/site-packages/airflow/example_dags/example_trigger_controller_dag.py
[2021-04-04 04:12:29,691] {logging_mixin.py:104} INFO - [2021-04-04 04:12:29,691] {dag.py:1818} INFO - Sync 1 DAGs
[2021-04-04 04:12:29,734] {logging_mixin.py:104} INFO - [2021-04-04 04:12:29,706] {dag.py:2273} INFO - Setting next_dagrun for example_trigger_controller_dag to 2021-04-02 00:00:00+00:00
[2021-04-04 04:12:29,738] {scheduler_job.py:190} INFO - Processing /home/prathamesh/PycharmProjects/airflow-project/venv/lib/python3.8/site-packages/airflow/example_dags/example_trigger_controller_dag.py took 0.167 seconds
[2021-04-04 04:13:00,203] {scheduler_job.py:182} INFO - Started process (PID=5380) to work on /home/prathamesh/PycharmProjects/airflow-project/venv/lib/python3.8/site-packages/airflow/example_dags/example_trigger_controller_dag.py
[2021-04-04 04:13:00,204] {scheduler_job.py:629} INFO - Processing file /home/prathamesh/PycharmProjects/airflow-project/venv/lib/python3.8/site-packages/airflow/example_dags/example_trigger_controller_dag.py for tasks to queue
[2021-04-04 04:13:00,204] {logging_mixin.py:104} INFO - [2021-04-04 04:13:00,204] {dagbag.py:448} INFO - Filling up the DagBag from /home/prathamesh/PycharmProjects/airflow-project/venv/lib/python3.8/site-packages/airflow/example_dags/example_trigger_controller_dag.py
[2021-04-04 04:13:00,210] {scheduler_job.py:639} INFO - DAG(s) dict_keys(['example_trigger_controller_dag']) retrieved from /home/prathamesh/PycharmProjects/airflow-project/venv/lib/python3.8/site-packages/airflow/example_dags/example_trigger_controller_dag.py
[2021-04-04 04:13:00,258] {logging_mixin.py:104} INFO - [2021-04-04 04:13:00,258] {dag.py:1818} INFO - Sync 1 DAGs
[2021-04-04 04:13:00,265] {logging_mixin.py:104} INFO - [2021-04-04 04:13:00,264] {dag.py:2273} INFO - Setting next_dagrun for example_trigger_controller_dag to 2021-04-02 00:00:00+00:00
[2021-04-04 04:13:00,296] {scheduler_job.py:190} INFO - Processing /home/prathamesh/PycharmProjects/airflow-project/venv/lib/python3.8/site-packages/airflow/example_dags/example_trigger_controller_dag.py took 0.138 seconds
[2021-04-04 16:21:36,296] {scheduler_job.py:182} INFO - Started process (PID=3318) to work on /home/prathamesh/PycharmProjects/airflow-project/venv/lib/python3.8/site-packages/airflow/example_dags/example_trigger_controller_dag.py
[2021-04-04 16:21:36,300] {scheduler_job.py:629} INFO - Processing file /home/prathamesh/PycharmProjects/airflow-project/venv/lib/python3.8/site-packages/airflow/example_dags/example_trigger_controller_dag.py for tasks to queue
[2021-04-04 16:21:36,301] {logging_mixin.py:104} INFO - [2021-04-04 16:21:36,300] {dagbag.py:448} INFO - Filling up the DagBag from /home/prathamesh/PycharmProjects/airflow-project/venv/lib/python3.8/site-packages/airflow/example_dags/example_trigger_controller_dag.py
[2021-04-04 16:21:36,307] {scheduler_job.py:639} INFO - DAG(s) dict_keys(['example_trigger_controller_dag']) retrieved from /home/prathamesh/PycharmProjects/airflow-project/venv/lib/python3.8/site-packages/airflow/example_dags/example_trigger_controller_dag.py
[2021-04-04 16:21:36,361] {logging_mixin.py:104} INFO - [2021-04-04 16:21:36,360] {dag.py:1818} INFO - Sync 1 DAGs
[2021-04-04 16:21:36,484] {logging_mixin.py:104} INFO - [2021-04-04 16:21:36,483] {dag.py:2273} INFO - Setting next_dagrun for example_trigger_controller_dag to 2021-04-02 00:00:00+00:00
[2021-04-04 16:21:36,507] {scheduler_job.py:190} INFO - Processing /home/prathamesh/PycharmProjects/airflow-project/venv/lib/python3.8/site-packages/airflow/example_dags/example_trigger_controller_dag.py took 0.244 seconds
[2021-04-04 16:22:07,303] {scheduler_job.py:182} INFO - Started process (PID=3540) to work on /home/prathamesh/PycharmProjects/airflow-project/venv/lib/python3.8/site-packages/airflow/example_dags/example_trigger_controller_dag.py
[2021-04-04 16:22:07,304] {scheduler_job.py:629} INFO - Processing file /home/prathamesh/PycharmProjects/airflow-project/venv/lib/python3.8/site-packages/airflow/example_dags/example_trigger_controller_dag.py for tasks to queue
[2021-04-04 16:22:07,304] {logging_mixin.py:104} INFO - [2021-04-04 16:22:07,304] {dagbag.py:448} INFO - Filling up the DagBag from /home/prathamesh/PycharmProjects/airflow-project/venv/lib/python3.8/site-packages/airflow/example_dags/example_trigger_controller_dag.py
[2021-04-04 16:22:07,311] {scheduler_job.py:639} INFO - DAG(s) dict_keys(['example_trigger_controller_dag']) retrieved from /home/prathamesh/PycharmProjects/airflow-project/venv/lib/python3.8/site-packages/airflow/example_dags/example_trigger_controller_dag.py
[2021-04-04 16:22:07,324] {logging_mixin.py:104} INFO - [2021-04-04 16:22:07,324] {dag.py:1818} INFO - Sync 1 DAGs
[2021-04-04 16:22:07,332] {logging_mixin.py:104} INFO - [2021-04-04 16:22:07,332] {dag.py:2273} INFO - Setting next_dagrun for example_trigger_controller_dag to 2021-04-02 00:00:00+00:00
[2021-04-04 16:22:07,339] {scheduler_job.py:190} INFO - Processing /home/prathamesh/PycharmProjects/airflow-project/venv/lib/python3.8/site-packages/airflow/example_dags/example_trigger_controller_dag.py took 0.039 seconds
[2021-04-04 16:22:37,951] {scheduler_job.py:182} INFO - Started process (PID=3568) to work on /home/prathamesh/PycharmProjects/airflow-project/venv/lib/python3.8/site-packages/airflow/example_dags/example_trigger_controller_dag.py
[2021-04-04 16:22:37,952] {scheduler_job.py:629} INFO - Processing file /home/prathamesh/PycharmProjects/airflow-project/venv/lib/python3.8/site-packages/airflow/example_dags/example_trigger_controller_dag.py for tasks to queue
[2021-04-04 16:22:37,953] {logging_mixin.py:104} INFO - [2021-04-04 16:22:37,953] {dagbag.py:448} INFO - Filling up the DagBag from /home/prathamesh/PycharmProjects/airflow-project/venv/lib/python3.8/site-packages/airflow/example_dags/example_trigger_controller_dag.py
[2021-04-04 16:22:37,972] {scheduler_job.py:639} INFO - DAG(s) dict_keys(['example_trigger_controller_dag']) retrieved from /home/prathamesh/PycharmProjects/airflow-project/venv/lib/python3.8/site-packages/airflow/example_dags/example_trigger_controller_dag.py
[2021-04-04 16:22:37,982] {logging_mixin.py:104} INFO - [2021-04-04 16:22:37,982] {dag.py:1818} INFO - Sync 1 DAGs
[2021-04-04 16:22:37,988] {logging_mixin.py:104} INFO - [2021-04-04 16:22:37,988] {dag.py:2273} INFO - Setting next_dagrun for example_trigger_controller_dag to 2021-04-02 00:00:00+00:00
[2021-04-04 16:22:37,994] {scheduler_job.py:190} INFO - Processing /home/prathamesh/PycharmProjects/airflow-project/venv/lib/python3.8/site-packages/airflow/example_dags/example_trigger_controller_dag.py took 0.045 seconds
[2021-04-04 16:23:08,516] {scheduler_job.py:182} INFO - Started process (PID=3595) to work on /home/prathamesh/PycharmProjects/airflow-project/venv/lib/python3.8/site-packages/airflow/example_dags/example_trigger_controller_dag.py
[2021-04-04 16:23:08,520] {scheduler_job.py:629} INFO - Processing file /home/prathamesh/PycharmProjects/airflow-project/venv/lib/python3.8/site-packages/airflow/example_dags/example_trigger_controller_dag.py for tasks to queue
[2021-04-04 16:23:08,521] {logging_mixin.py:104} INFO - [2021-04-04 16:23:08,520] {dagbag.py:448} INFO - Filling up the DagBag from /home/prathamesh/PycharmProjects/airflow-project/venv/lib/python3.8/site-packages/airflow/example_dags/example_trigger_controller_dag.py
[2021-04-04 16:23:08,531] {scheduler_job.py:639} INFO - DAG(s) dict_keys(['example_trigger_controller_dag']) retrieved from /home/prathamesh/PycharmProjects/airflow-project/venv/lib/python3.8/site-packages/airflow/example_dags/example_trigger_controller_dag.py
[2021-04-04 16:23:08,542] {logging_mixin.py:104} INFO - [2021-04-04 16:23:08,541] {dag.py:1818} INFO - Sync 1 DAGs
[2021-04-04 16:23:08,551] {logging_mixin.py:104} INFO - [2021-04-04 16:23:08,551] {dag.py:2273} INFO - Setting next_dagrun for example_trigger_controller_dag to 2021-04-02 00:00:00+00:00
[2021-04-04 16:23:08,555] {scheduler_job.py:190} INFO - Processing /home/prathamesh/PycharmProjects/airflow-project/venv/lib/python3.8/site-packages/airflow/example_dags/example_trigger_controller_dag.py took 0.044 seconds
