[2021-04-04 03:36:18,078] {scheduler_job.py:182} INFO - Started process (PID=3109) to work on /home/prathamesh/PycharmProjects/airflow-project/venv/lib/python3.8/site-packages/airflow/example_dags/example_nested_branch_dag.py
[2021-04-04 03:36:18,097] {scheduler_job.py:629} INFO - Processing file /home/prathamesh/PycharmProjects/airflow-project/venv/lib/python3.8/site-packages/airflow/example_dags/example_nested_branch_dag.py for tasks to queue
[2021-04-04 03:36:18,097] {logging_mixin.py:104} INFO - [2021-04-04 03:36:18,097] {dagbag.py:448} INFO - Filling up the DagBag from /home/prathamesh/PycharmProjects/airflow-project/venv/lib/python3.8/site-packages/airflow/example_dags/example_nested_branch_dag.py
[2021-04-04 03:36:18,136] {scheduler_job.py:639} INFO - DAG(s) dict_keys(['example_nested_branch_dag']) retrieved from /home/prathamesh/PycharmProjects/airflow-project/venv/lib/python3.8/site-packages/airflow/example_dags/example_nested_branch_dag.py
[2021-04-04 03:36:18,275] {logging_mixin.py:104} INFO - [2021-04-04 03:36:18,275] {dag.py:1818} INFO - Sync 1 DAGs
[2021-04-04 03:36:18,314] {logging_mixin.py:104} INFO - [2021-04-04 03:36:18,314] {dag.py:2273} INFO - Setting next_dagrun for example_nested_branch_dag to 2021-04-02 00:00:00+00:00
[2021-04-04 03:36:18,383] {scheduler_job.py:190} INFO - Processing /home/prathamesh/PycharmProjects/airflow-project/venv/lib/python3.8/site-packages/airflow/example_dags/example_nested_branch_dag.py took 0.307 seconds
[2021-04-04 03:36:48,998] {scheduler_job.py:182} INFO - Started process (PID=3229) to work on /home/prathamesh/PycharmProjects/airflow-project/venv/lib/python3.8/site-packages/airflow/example_dags/example_nested_branch_dag.py
[2021-04-04 03:36:49,012] {scheduler_job.py:629} INFO - Processing file /home/prathamesh/PycharmProjects/airflow-project/venv/lib/python3.8/site-packages/airflow/example_dags/example_nested_branch_dag.py for tasks to queue
[2021-04-04 03:36:49,013] {logging_mixin.py:104} INFO - [2021-04-04 03:36:49,013] {dagbag.py:448} INFO - Filling up the DagBag from /home/prathamesh/PycharmProjects/airflow-project/venv/lib/python3.8/site-packages/airflow/example_dags/example_nested_branch_dag.py
[2021-04-04 03:36:49,039] {scheduler_job.py:639} INFO - DAG(s) dict_keys(['example_nested_branch_dag']) retrieved from /home/prathamesh/PycharmProjects/airflow-project/venv/lib/python3.8/site-packages/airflow/example_dags/example_nested_branch_dag.py
[2021-04-04 03:36:49,049] {logging_mixin.py:104} INFO - [2021-04-04 03:36:49,049] {dag.py:1818} INFO - Sync 1 DAGs
[2021-04-04 03:36:49,068] {logging_mixin.py:104} INFO - [2021-04-04 03:36:49,068] {dag.py:2273} INFO - Setting next_dagrun for example_nested_branch_dag to 2021-04-02 00:00:00+00:00
[2021-04-04 03:36:49,085] {scheduler_job.py:190} INFO - Processing /home/prathamesh/PycharmProjects/airflow-project/venv/lib/python3.8/site-packages/airflow/example_dags/example_nested_branch_dag.py took 0.089 seconds
[2021-04-04 03:37:20,270] {scheduler_job.py:182} INFO - Started process (PID=3265) to work on /home/prathamesh/PycharmProjects/airflow-project/venv/lib/python3.8/site-packages/airflow/example_dags/example_nested_branch_dag.py
[2021-04-04 03:37:20,271] {scheduler_job.py:629} INFO - Processing file /home/prathamesh/PycharmProjects/airflow-project/venv/lib/python3.8/site-packages/airflow/example_dags/example_nested_branch_dag.py for tasks to queue
[2021-04-04 03:37:20,271] {logging_mixin.py:104} INFO - [2021-04-04 03:37:20,271] {dagbag.py:448} INFO - Filling up the DagBag from /home/prathamesh/PycharmProjects/airflow-project/venv/lib/python3.8/site-packages/airflow/example_dags/example_nested_branch_dag.py
[2021-04-04 03:37:20,322] {scheduler_job.py:639} INFO - DAG(s) dict_keys(['example_nested_branch_dag']) retrieved from /home/prathamesh/PycharmProjects/airflow-project/venv/lib/python3.8/site-packages/airflow/example_dags/example_nested_branch_dag.py
[2021-04-04 03:37:20,345] {logging_mixin.py:104} INFO - [2021-04-04 03:37:20,345] {dag.py:1818} INFO - Sync 1 DAGs
[2021-04-04 03:37:20,395] {logging_mixin.py:104} INFO - [2021-04-04 03:37:20,394] {dag.py:2273} INFO - Setting next_dagrun for example_nested_branch_dag to 2021-04-02 00:00:00+00:00
[2021-04-04 03:37:20,401] {scheduler_job.py:190} INFO - Processing /home/prathamesh/PycharmProjects/airflow-project/venv/lib/python3.8/site-packages/airflow/example_dags/example_nested_branch_dag.py took 0.133 seconds
[2021-04-04 03:37:51,095] {scheduler_job.py:182} INFO - Started process (PID=3296) to work on /home/prathamesh/PycharmProjects/airflow-project/venv/lib/python3.8/site-packages/airflow/example_dags/example_nested_branch_dag.py
[2021-04-04 03:37:51,096] {scheduler_job.py:629} INFO - Processing file /home/prathamesh/PycharmProjects/airflow-project/venv/lib/python3.8/site-packages/airflow/example_dags/example_nested_branch_dag.py for tasks to queue
[2021-04-04 03:37:51,096] {logging_mixin.py:104} INFO - [2021-04-04 03:37:51,096] {dagbag.py:448} INFO - Filling up the DagBag from /home/prathamesh/PycharmProjects/airflow-project/venv/lib/python3.8/site-packages/airflow/example_dags/example_nested_branch_dag.py
[2021-04-04 03:37:51,105] {scheduler_job.py:639} INFO - DAG(s) dict_keys(['example_nested_branch_dag']) retrieved from /home/prathamesh/PycharmProjects/airflow-project/venv/lib/python3.8/site-packages/airflow/example_dags/example_nested_branch_dag.py
[2021-04-04 03:37:51,115] {logging_mixin.py:104} INFO - [2021-04-04 03:37:51,115] {dag.py:1818} INFO - Sync 1 DAGs
[2021-04-04 03:37:51,132] {logging_mixin.py:104} INFO - [2021-04-04 03:37:51,132] {dag.py:2273} INFO - Setting next_dagrun for example_nested_branch_dag to 2021-04-02 00:00:00+00:00
[2021-04-04 03:37:51,138] {scheduler_job.py:190} INFO - Processing /home/prathamesh/PycharmProjects/airflow-project/venv/lib/python3.8/site-packages/airflow/example_dags/example_nested_branch_dag.py took 0.046 seconds
[2021-04-04 03:38:21,713] {scheduler_job.py:182} INFO - Started process (PID=3324) to work on /home/prathamesh/PycharmProjects/airflow-project/venv/lib/python3.8/site-packages/airflow/example_dags/example_nested_branch_dag.py
[2021-04-04 03:38:21,714] {scheduler_job.py:629} INFO - Processing file /home/prathamesh/PycharmProjects/airflow-project/venv/lib/python3.8/site-packages/airflow/example_dags/example_nested_branch_dag.py for tasks to queue
[2021-04-04 03:38:21,714] {logging_mixin.py:104} INFO - [2021-04-04 03:38:21,714] {dagbag.py:448} INFO - Filling up the DagBag from /home/prathamesh/PycharmProjects/airflow-project/venv/lib/python3.8/site-packages/airflow/example_dags/example_nested_branch_dag.py
[2021-04-04 03:38:21,727] {scheduler_job.py:639} INFO - DAG(s) dict_keys(['example_nested_branch_dag']) retrieved from /home/prathamesh/PycharmProjects/airflow-project/venv/lib/python3.8/site-packages/airflow/example_dags/example_nested_branch_dag.py
[2021-04-04 03:38:21,738] {logging_mixin.py:104} INFO - [2021-04-04 03:38:21,737] {dag.py:1818} INFO - Sync 1 DAGs
[2021-04-04 03:38:21,750] {logging_mixin.py:104} INFO - [2021-04-04 03:38:21,750] {dag.py:2273} INFO - Setting next_dagrun for example_nested_branch_dag to 2021-04-02 00:00:00+00:00
[2021-04-04 03:38:21,760] {scheduler_job.py:190} INFO - Processing /home/prathamesh/PycharmProjects/airflow-project/venv/lib/python3.8/site-packages/airflow/example_dags/example_nested_branch_dag.py took 0.049 seconds
[2021-04-04 03:38:53,893] {scheduler_job.py:182} INFO - Started process (PID=3367) to work on /home/prathamesh/PycharmProjects/airflow-project/venv/lib/python3.8/site-packages/airflow/example_dags/example_nested_branch_dag.py
[2021-04-04 03:38:53,894] {scheduler_job.py:629} INFO - Processing file /home/prathamesh/PycharmProjects/airflow-project/venv/lib/python3.8/site-packages/airflow/example_dags/example_nested_branch_dag.py for tasks to queue
[2021-04-04 03:38:53,895] {logging_mixin.py:104} INFO - [2021-04-04 03:38:53,894] {dagbag.py:448} INFO - Filling up the DagBag from /home/prathamesh/PycharmProjects/airflow-project/venv/lib/python3.8/site-packages/airflow/example_dags/example_nested_branch_dag.py
[2021-04-04 03:38:53,906] {scheduler_job.py:639} INFO - DAG(s) dict_keys(['example_nested_branch_dag']) retrieved from /home/prathamesh/PycharmProjects/airflow-project/venv/lib/python3.8/site-packages/airflow/example_dags/example_nested_branch_dag.py
[2021-04-04 03:38:53,931] {logging_mixin.py:104} INFO - [2021-04-04 03:38:53,931] {dag.py:1818} INFO - Sync 1 DAGs
[2021-04-04 03:38:53,983] {logging_mixin.py:104} INFO - [2021-04-04 03:38:53,983] {dag.py:2273} INFO - Setting next_dagrun for example_nested_branch_dag to 2021-04-02 00:00:00+00:00
[2021-04-04 03:38:54,007] {scheduler_job.py:190} INFO - Processing /home/prathamesh/PycharmProjects/airflow-project/venv/lib/python3.8/site-packages/airflow/example_dags/example_nested_branch_dag.py took 0.125 seconds
[2021-04-04 03:39:24,281] {scheduler_job.py:182} INFO - Started process (PID=3397) to work on /home/prathamesh/PycharmProjects/airflow-project/venv/lib/python3.8/site-packages/airflow/example_dags/example_nested_branch_dag.py
[2021-04-04 03:39:24,287] {scheduler_job.py:629} INFO - Processing file /home/prathamesh/PycharmProjects/airflow-project/venv/lib/python3.8/site-packages/airflow/example_dags/example_nested_branch_dag.py for tasks to queue
[2021-04-04 03:39:24,291] {logging_mixin.py:104} INFO - [2021-04-04 03:39:24,291] {dagbag.py:448} INFO - Filling up the DagBag from /home/prathamesh/PycharmProjects/airflow-project/venv/lib/python3.8/site-packages/airflow/example_dags/example_nested_branch_dag.py
[2021-04-04 03:39:24,305] {scheduler_job.py:639} INFO - DAG(s) dict_keys(['example_nested_branch_dag']) retrieved from /home/prathamesh/PycharmProjects/airflow-project/venv/lib/python3.8/site-packages/airflow/example_dags/example_nested_branch_dag.py
[2021-04-04 03:39:24,318] {logging_mixin.py:104} INFO - [2021-04-04 03:39:24,318] {dag.py:1818} INFO - Sync 1 DAGs
[2021-04-04 03:39:24,337] {logging_mixin.py:104} INFO - [2021-04-04 03:39:24,337] {dag.py:2273} INFO - Setting next_dagrun for example_nested_branch_dag to 2021-04-02 00:00:00+00:00
[2021-04-04 03:39:24,341] {scheduler_job.py:190} INFO - Processing /home/prathamesh/PycharmProjects/airflow-project/venv/lib/python3.8/site-packages/airflow/example_dags/example_nested_branch_dag.py took 0.063 seconds
[2021-04-04 03:39:55,281] {scheduler_job.py:182} INFO - Started process (PID=3427) to work on /home/prathamesh/PycharmProjects/airflow-project/venv/lib/python3.8/site-packages/airflow/example_dags/example_nested_branch_dag.py
[2021-04-04 03:39:55,282] {scheduler_job.py:629} INFO - Processing file /home/prathamesh/PycharmProjects/airflow-project/venv/lib/python3.8/site-packages/airflow/example_dags/example_nested_branch_dag.py for tasks to queue
[2021-04-04 03:39:55,284] {logging_mixin.py:104} INFO - [2021-04-04 03:39:55,284] {dagbag.py:448} INFO - Filling up the DagBag from /home/prathamesh/PycharmProjects/airflow-project/venv/lib/python3.8/site-packages/airflow/example_dags/example_nested_branch_dag.py
[2021-04-04 03:39:55,294] {scheduler_job.py:639} INFO - DAG(s) dict_keys(['example_nested_branch_dag']) retrieved from /home/prathamesh/PycharmProjects/airflow-project/venv/lib/python3.8/site-packages/airflow/example_dags/example_nested_branch_dag.py
[2021-04-04 03:39:55,305] {logging_mixin.py:104} INFO - [2021-04-04 03:39:55,305] {dag.py:1818} INFO - Sync 1 DAGs
[2021-04-04 03:39:55,316] {logging_mixin.py:104} INFO - [2021-04-04 03:39:55,316] {dag.py:2273} INFO - Setting next_dagrun for example_nested_branch_dag to 2021-04-02 00:00:00+00:00
[2021-04-04 03:39:55,320] {scheduler_job.py:190} INFO - Processing /home/prathamesh/PycharmProjects/airflow-project/venv/lib/python3.8/site-packages/airflow/example_dags/example_nested_branch_dag.py took 0.042 seconds
[2021-04-04 03:40:26,420] {scheduler_job.py:182} INFO - Started process (PID=3455) to work on /home/prathamesh/PycharmProjects/airflow-project/venv/lib/python3.8/site-packages/airflow/example_dags/example_nested_branch_dag.py
[2021-04-04 03:40:26,431] {scheduler_job.py:629} INFO - Processing file /home/prathamesh/PycharmProjects/airflow-project/venv/lib/python3.8/site-packages/airflow/example_dags/example_nested_branch_dag.py for tasks to queue
[2021-04-04 03:40:26,433] {logging_mixin.py:104} INFO - [2021-04-04 03:40:26,432] {dagbag.py:448} INFO - Filling up the DagBag from /home/prathamesh/PycharmProjects/airflow-project/venv/lib/python3.8/site-packages/airflow/example_dags/example_nested_branch_dag.py
[2021-04-04 03:40:26,477] {scheduler_job.py:639} INFO - DAG(s) dict_keys(['example_nested_branch_dag']) retrieved from /home/prathamesh/PycharmProjects/airflow-project/venv/lib/python3.8/site-packages/airflow/example_dags/example_nested_branch_dag.py
[2021-04-04 03:40:26,511] {logging_mixin.py:104} INFO - [2021-04-04 03:40:26,511] {dag.py:1818} INFO - Sync 1 DAGs
[2021-04-04 03:40:26,554] {logging_mixin.py:104} INFO - [2021-04-04 03:40:26,554] {dag.py:2273} INFO - Setting next_dagrun for example_nested_branch_dag to 2021-04-02 00:00:00+00:00
[2021-04-04 03:40:26,563] {scheduler_job.py:190} INFO - Processing /home/prathamesh/PycharmProjects/airflow-project/venv/lib/python3.8/site-packages/airflow/example_dags/example_nested_branch_dag.py took 0.151 seconds
[2021-04-04 03:40:57,269] {scheduler_job.py:182} INFO - Started process (PID=3496) to work on /home/prathamesh/PycharmProjects/airflow-project/venv/lib/python3.8/site-packages/airflow/example_dags/example_nested_branch_dag.py
[2021-04-04 03:40:57,270] {scheduler_job.py:629} INFO - Processing file /home/prathamesh/PycharmProjects/airflow-project/venv/lib/python3.8/site-packages/airflow/example_dags/example_nested_branch_dag.py for tasks to queue
[2021-04-04 03:40:57,270] {logging_mixin.py:104} INFO - [2021-04-04 03:40:57,270] {dagbag.py:448} INFO - Filling up the DagBag from /home/prathamesh/PycharmProjects/airflow-project/venv/lib/python3.8/site-packages/airflow/example_dags/example_nested_branch_dag.py
[2021-04-04 03:40:57,279] {scheduler_job.py:639} INFO - DAG(s) dict_keys(['example_nested_branch_dag']) retrieved from /home/prathamesh/PycharmProjects/airflow-project/venv/lib/python3.8/site-packages/airflow/example_dags/example_nested_branch_dag.py
[2021-04-04 03:40:57,289] {logging_mixin.py:104} INFO - [2021-04-04 03:40:57,289] {dag.py:1818} INFO - Sync 1 DAGs
[2021-04-04 03:40:57,300] {logging_mixin.py:104} INFO - [2021-04-04 03:40:57,300] {dag.py:2273} INFO - Setting next_dagrun for example_nested_branch_dag to 2021-04-02 00:00:00+00:00
[2021-04-04 03:40:57,304] {scheduler_job.py:190} INFO - Processing /home/prathamesh/PycharmProjects/airflow-project/venv/lib/python3.8/site-packages/airflow/example_dags/example_nested_branch_dag.py took 0.037 seconds
[2021-04-04 03:41:28,341] {scheduler_job.py:182} INFO - Started process (PID=3559) to work on /home/prathamesh/PycharmProjects/airflow-project/venv/lib/python3.8/site-packages/airflow/example_dags/example_nested_branch_dag.py
[2021-04-04 03:41:28,342] {scheduler_job.py:629} INFO - Processing file /home/prathamesh/PycharmProjects/airflow-project/venv/lib/python3.8/site-packages/airflow/example_dags/example_nested_branch_dag.py for tasks to queue
[2021-04-04 03:41:28,342] {logging_mixin.py:104} INFO - [2021-04-04 03:41:28,342] {dagbag.py:448} INFO - Filling up the DagBag from /home/prathamesh/PycharmProjects/airflow-project/venv/lib/python3.8/site-packages/airflow/example_dags/example_nested_branch_dag.py
[2021-04-04 03:41:28,357] {scheduler_job.py:639} INFO - DAG(s) dict_keys(['example_nested_branch_dag']) retrieved from /home/prathamesh/PycharmProjects/airflow-project/venv/lib/python3.8/site-packages/airflow/example_dags/example_nested_branch_dag.py
[2021-04-04 03:41:28,387] {logging_mixin.py:104} INFO - [2021-04-04 03:41:28,387] {dag.py:1818} INFO - Sync 1 DAGs
[2021-04-04 03:41:28,412] {logging_mixin.py:104} INFO - [2021-04-04 03:41:28,412] {dag.py:2273} INFO - Setting next_dagrun for example_nested_branch_dag to 2021-04-02 00:00:00+00:00
[2021-04-04 03:41:28,441] {scheduler_job.py:190} INFO - Processing /home/prathamesh/PycharmProjects/airflow-project/venv/lib/python3.8/site-packages/airflow/example_dags/example_nested_branch_dag.py took 0.102 seconds
[2021-04-04 03:41:59,253] {scheduler_job.py:182} INFO - Started process (PID=3588) to work on /home/prathamesh/PycharmProjects/airflow-project/venv/lib/python3.8/site-packages/airflow/example_dags/example_nested_branch_dag.py
[2021-04-04 03:41:59,255] {scheduler_job.py:629} INFO - Processing file /home/prathamesh/PycharmProjects/airflow-project/venv/lib/python3.8/site-packages/airflow/example_dags/example_nested_branch_dag.py for tasks to queue
[2021-04-04 03:41:59,255] {logging_mixin.py:104} INFO - [2021-04-04 03:41:59,255] {dagbag.py:448} INFO - Filling up the DagBag from /home/prathamesh/PycharmProjects/airflow-project/venv/lib/python3.8/site-packages/airflow/example_dags/example_nested_branch_dag.py
[2021-04-04 03:41:59,265] {scheduler_job.py:639} INFO - DAG(s) dict_keys(['example_nested_branch_dag']) retrieved from /home/prathamesh/PycharmProjects/airflow-project/venv/lib/python3.8/site-packages/airflow/example_dags/example_nested_branch_dag.py
[2021-04-04 03:41:59,273] {logging_mixin.py:104} INFO - [2021-04-04 03:41:59,273] {dag.py:1818} INFO - Sync 1 DAGs
[2021-04-04 03:41:59,283] {logging_mixin.py:104} INFO - [2021-04-04 03:41:59,283] {dag.py:2273} INFO - Setting next_dagrun for example_nested_branch_dag to 2021-04-02 00:00:00+00:00
[2021-04-04 03:41:59,289] {scheduler_job.py:190} INFO - Processing /home/prathamesh/PycharmProjects/airflow-project/venv/lib/python3.8/site-packages/airflow/example_dags/example_nested_branch_dag.py took 0.038 seconds
[2021-04-04 03:42:30,972] {scheduler_job.py:182} INFO - Started process (PID=3628) to work on /home/prathamesh/PycharmProjects/airflow-project/venv/lib/python3.8/site-packages/airflow/example_dags/example_nested_branch_dag.py
[2021-04-04 03:42:30,973] {scheduler_job.py:629} INFO - Processing file /home/prathamesh/PycharmProjects/airflow-project/venv/lib/python3.8/site-packages/airflow/example_dags/example_nested_branch_dag.py for tasks to queue
[2021-04-04 03:42:30,973] {logging_mixin.py:104} INFO - [2021-04-04 03:42:30,973] {dagbag.py:448} INFO - Filling up the DagBag from /home/prathamesh/PycharmProjects/airflow-project/venv/lib/python3.8/site-packages/airflow/example_dags/example_nested_branch_dag.py
[2021-04-04 03:42:30,991] {scheduler_job.py:639} INFO - DAG(s) dict_keys(['example_nested_branch_dag']) retrieved from /home/prathamesh/PycharmProjects/airflow-project/venv/lib/python3.8/site-packages/airflow/example_dags/example_nested_branch_dag.py
[2021-04-04 03:42:31,002] {logging_mixin.py:104} INFO - [2021-04-04 03:42:31,002] {dag.py:1818} INFO - Sync 1 DAGs
[2021-04-04 03:42:31,023] {logging_mixin.py:104} INFO - [2021-04-04 03:42:31,023] {dag.py:2273} INFO - Setting next_dagrun for example_nested_branch_dag to 2021-04-02 00:00:00+00:00
[2021-04-04 03:42:31,029] {scheduler_job.py:190} INFO - Processing /home/prathamesh/PycharmProjects/airflow-project/venv/lib/python3.8/site-packages/airflow/example_dags/example_nested_branch_dag.py took 0.059 seconds
[2021-04-04 03:43:01,751] {scheduler_job.py:182} INFO - Started process (PID=3667) to work on /home/prathamesh/PycharmProjects/airflow-project/venv/lib/python3.8/site-packages/airflow/example_dags/example_nested_branch_dag.py
[2021-04-04 03:43:01,757] {scheduler_job.py:629} INFO - Processing file /home/prathamesh/PycharmProjects/airflow-project/venv/lib/python3.8/site-packages/airflow/example_dags/example_nested_branch_dag.py for tasks to queue
[2021-04-04 03:43:01,758] {logging_mixin.py:104} INFO - [2021-04-04 03:43:01,758] {dagbag.py:448} INFO - Filling up the DagBag from /home/prathamesh/PycharmProjects/airflow-project/venv/lib/python3.8/site-packages/airflow/example_dags/example_nested_branch_dag.py
[2021-04-04 03:43:01,806] {scheduler_job.py:639} INFO - DAG(s) dict_keys(['example_nested_branch_dag']) retrieved from /home/prathamesh/PycharmProjects/airflow-project/venv/lib/python3.8/site-packages/airflow/example_dags/example_nested_branch_dag.py
[2021-04-04 03:43:01,853] {logging_mixin.py:104} INFO - [2021-04-04 03:43:01,853] {dag.py:1818} INFO - Sync 1 DAGs
[2021-04-04 03:43:01,968] {logging_mixin.py:104} INFO - [2021-04-04 03:43:01,968] {dag.py:2273} INFO - Setting next_dagrun for example_nested_branch_dag to 2021-04-02 00:00:00+00:00
[2021-04-04 03:43:01,987] {scheduler_job.py:190} INFO - Processing /home/prathamesh/PycharmProjects/airflow-project/venv/lib/python3.8/site-packages/airflow/example_dags/example_nested_branch_dag.py took 0.259 seconds
[2021-04-04 03:43:32,469] {scheduler_job.py:182} INFO - Started process (PID=3709) to work on /home/prathamesh/PycharmProjects/airflow-project/venv/lib/python3.8/site-packages/airflow/example_dags/example_nested_branch_dag.py
[2021-04-04 03:43:32,469] {scheduler_job.py:629} INFO - Processing file /home/prathamesh/PycharmProjects/airflow-project/venv/lib/python3.8/site-packages/airflow/example_dags/example_nested_branch_dag.py for tasks to queue
[2021-04-04 03:43:32,470] {logging_mixin.py:104} INFO - [2021-04-04 03:43:32,470] {dagbag.py:448} INFO - Filling up the DagBag from /home/prathamesh/PycharmProjects/airflow-project/venv/lib/python3.8/site-packages/airflow/example_dags/example_nested_branch_dag.py
[2021-04-04 03:43:32,491] {scheduler_job.py:639} INFO - DAG(s) dict_keys(['example_nested_branch_dag']) retrieved from /home/prathamesh/PycharmProjects/airflow-project/venv/lib/python3.8/site-packages/airflow/example_dags/example_nested_branch_dag.py
[2021-04-04 03:43:32,511] {logging_mixin.py:104} INFO - [2021-04-04 03:43:32,511] {dag.py:1818} INFO - Sync 1 DAGs
[2021-04-04 03:43:32,532] {logging_mixin.py:104} INFO - [2021-04-04 03:43:32,532] {dag.py:2273} INFO - Setting next_dagrun for example_nested_branch_dag to 2021-04-02 00:00:00+00:00
[2021-04-04 03:43:32,536] {scheduler_job.py:190} INFO - Processing /home/prathamesh/PycharmProjects/airflow-project/venv/lib/python3.8/site-packages/airflow/example_dags/example_nested_branch_dag.py took 0.070 seconds
[2021-04-04 03:44:03,016] {scheduler_job.py:182} INFO - Started process (PID=3740) to work on /home/prathamesh/PycharmProjects/airflow-project/venv/lib/python3.8/site-packages/airflow/example_dags/example_nested_branch_dag.py
[2021-04-04 03:44:03,017] {scheduler_job.py:629} INFO - Processing file /home/prathamesh/PycharmProjects/airflow-project/venv/lib/python3.8/site-packages/airflow/example_dags/example_nested_branch_dag.py for tasks to queue
[2021-04-04 03:44:03,017] {logging_mixin.py:104} INFO - [2021-04-04 03:44:03,017] {dagbag.py:448} INFO - Filling up the DagBag from /home/prathamesh/PycharmProjects/airflow-project/venv/lib/python3.8/site-packages/airflow/example_dags/example_nested_branch_dag.py
[2021-04-04 03:44:03,046] {scheduler_job.py:639} INFO - DAG(s) dict_keys(['example_nested_branch_dag']) retrieved from /home/prathamesh/PycharmProjects/airflow-project/venv/lib/python3.8/site-packages/airflow/example_dags/example_nested_branch_dag.py
[2021-04-04 03:44:03,068] {logging_mixin.py:104} INFO - [2021-04-04 03:44:03,068] {dag.py:1818} INFO - Sync 1 DAGs
[2021-04-04 03:44:03,097] {logging_mixin.py:104} INFO - [2021-04-04 03:44:03,097] {dag.py:2273} INFO - Setting next_dagrun for example_nested_branch_dag to 2021-04-02 00:00:00+00:00
[2021-04-04 03:44:03,107] {scheduler_job.py:190} INFO - Processing /home/prathamesh/PycharmProjects/airflow-project/venv/lib/python3.8/site-packages/airflow/example_dags/example_nested_branch_dag.py took 0.093 seconds
[2021-04-04 03:44:33,455] {scheduler_job.py:182} INFO - Started process (PID=3767) to work on /home/prathamesh/PycharmProjects/airflow-project/venv/lib/python3.8/site-packages/airflow/example_dags/example_nested_branch_dag.py
[2021-04-04 03:44:33,455] {scheduler_job.py:629} INFO - Processing file /home/prathamesh/PycharmProjects/airflow-project/venv/lib/python3.8/site-packages/airflow/example_dags/example_nested_branch_dag.py for tasks to queue
[2021-04-04 03:44:33,456] {logging_mixin.py:104} INFO - [2021-04-04 03:44:33,456] {dagbag.py:448} INFO - Filling up the DagBag from /home/prathamesh/PycharmProjects/airflow-project/venv/lib/python3.8/site-packages/airflow/example_dags/example_nested_branch_dag.py
[2021-04-04 03:44:33,479] {scheduler_job.py:639} INFO - DAG(s) dict_keys(['example_nested_branch_dag']) retrieved from /home/prathamesh/PycharmProjects/airflow-project/venv/lib/python3.8/site-packages/airflow/example_dags/example_nested_branch_dag.py
[2021-04-04 03:44:33,509] {logging_mixin.py:104} INFO - [2021-04-04 03:44:33,508] {dag.py:1818} INFO - Sync 1 DAGs
[2021-04-04 03:44:33,521] {logging_mixin.py:104} INFO - [2021-04-04 03:44:33,520] {dag.py:2273} INFO - Setting next_dagrun for example_nested_branch_dag to 2021-04-02 00:00:00+00:00
[2021-04-04 03:44:33,525] {scheduler_job.py:190} INFO - Processing /home/prathamesh/PycharmProjects/airflow-project/venv/lib/python3.8/site-packages/airflow/example_dags/example_nested_branch_dag.py took 0.073 seconds
[2021-04-04 03:45:04,110] {scheduler_job.py:182} INFO - Started process (PID=3869) to work on /home/prathamesh/PycharmProjects/airflow-project/venv/lib/python3.8/site-packages/airflow/example_dags/example_nested_branch_dag.py
[2021-04-04 03:45:04,111] {scheduler_job.py:629} INFO - Processing file /home/prathamesh/PycharmProjects/airflow-project/venv/lib/python3.8/site-packages/airflow/example_dags/example_nested_branch_dag.py for tasks to queue
[2021-04-04 03:45:04,115] {logging_mixin.py:104} INFO - [2021-04-04 03:45:04,115] {dagbag.py:448} INFO - Filling up the DagBag from /home/prathamesh/PycharmProjects/airflow-project/venv/lib/python3.8/site-packages/airflow/example_dags/example_nested_branch_dag.py
[2021-04-04 03:45:04,206] {scheduler_job.py:639} INFO - DAG(s) dict_keys(['example_nested_branch_dag']) retrieved from /home/prathamesh/PycharmProjects/airflow-project/venv/lib/python3.8/site-packages/airflow/example_dags/example_nested_branch_dag.py
[2021-04-04 03:45:04,336] {logging_mixin.py:104} INFO - [2021-04-04 03:45:04,336] {dag.py:1818} INFO - Sync 1 DAGs
[2021-04-04 03:45:04,348] {logging_mixin.py:104} INFO - [2021-04-04 03:45:04,348] {dag.py:2273} INFO - Setting next_dagrun for example_nested_branch_dag to 2021-04-02 00:00:00+00:00
[2021-04-04 03:45:04,415] {scheduler_job.py:190} INFO - Processing /home/prathamesh/PycharmProjects/airflow-project/venv/lib/python3.8/site-packages/airflow/example_dags/example_nested_branch_dag.py took 0.323 seconds
[2021-04-04 03:54:12,468] {scheduler_job.py:182} INFO - Started process (PID=4545) to work on /home/prathamesh/PycharmProjects/airflow-project/venv/lib/python3.8/site-packages/airflow/example_dags/example_nested_branch_dag.py
[2021-04-04 03:54:12,475] {scheduler_job.py:629} INFO - Processing file /home/prathamesh/PycharmProjects/airflow-project/venv/lib/python3.8/site-packages/airflow/example_dags/example_nested_branch_dag.py for tasks to queue
[2021-04-04 03:54:12,475] {logging_mixin.py:104} INFO - [2021-04-04 03:54:12,475] {dagbag.py:448} INFO - Filling up the DagBag from /home/prathamesh/PycharmProjects/airflow-project/venv/lib/python3.8/site-packages/airflow/example_dags/example_nested_branch_dag.py
[2021-04-04 03:54:12,483] {scheduler_job.py:639} INFO - DAG(s) dict_keys(['example_nested_branch_dag']) retrieved from /home/prathamesh/PycharmProjects/airflow-project/venv/lib/python3.8/site-packages/airflow/example_dags/example_nested_branch_dag.py
[2021-04-04 03:54:12,512] {logging_mixin.py:104} INFO - [2021-04-04 03:54:12,512] {dag.py:1818} INFO - Sync 1 DAGs
[2021-04-04 03:54:12,528] {logging_mixin.py:104} INFO - [2021-04-04 03:54:12,528] {dag.py:2273} INFO - Setting next_dagrun for example_nested_branch_dag to 2021-04-02 00:00:00+00:00
[2021-04-04 03:54:12,548] {scheduler_job.py:190} INFO - Processing /home/prathamesh/PycharmProjects/airflow-project/venv/lib/python3.8/site-packages/airflow/example_dags/example_nested_branch_dag.py took 0.082 seconds
[2021-04-04 03:54:43,422] {scheduler_job.py:182} INFO - Started process (PID=4573) to work on /home/prathamesh/PycharmProjects/airflow-project/venv/lib/python3.8/site-packages/airflow/example_dags/example_nested_branch_dag.py
[2021-04-04 03:54:43,423] {scheduler_job.py:629} INFO - Processing file /home/prathamesh/PycharmProjects/airflow-project/venv/lib/python3.8/site-packages/airflow/example_dags/example_nested_branch_dag.py for tasks to queue
[2021-04-04 03:54:43,423] {logging_mixin.py:104} INFO - [2021-04-04 03:54:43,423] {dagbag.py:448} INFO - Filling up the DagBag from /home/prathamesh/PycharmProjects/airflow-project/venv/lib/python3.8/site-packages/airflow/example_dags/example_nested_branch_dag.py
[2021-04-04 03:54:43,436] {scheduler_job.py:639} INFO - DAG(s) dict_keys(['example_nested_branch_dag']) retrieved from /home/prathamesh/PycharmProjects/airflow-project/venv/lib/python3.8/site-packages/airflow/example_dags/example_nested_branch_dag.py
[2021-04-04 03:54:43,447] {logging_mixin.py:104} INFO - [2021-04-04 03:54:43,447] {dag.py:1818} INFO - Sync 1 DAGs
[2021-04-04 03:54:43,471] {logging_mixin.py:104} INFO - [2021-04-04 03:54:43,470] {dag.py:2273} INFO - Setting next_dagrun for example_nested_branch_dag to 2021-04-02 00:00:00+00:00
[2021-04-04 03:54:43,475] {scheduler_job.py:190} INFO - Processing /home/prathamesh/PycharmProjects/airflow-project/venv/lib/python3.8/site-packages/airflow/example_dags/example_nested_branch_dag.py took 0.056 seconds
[2021-04-04 03:55:14,365] {scheduler_job.py:182} INFO - Started process (PID=4601) to work on /home/prathamesh/PycharmProjects/airflow-project/venv/lib/python3.8/site-packages/airflow/example_dags/example_nested_branch_dag.py
[2021-04-04 03:55:14,367] {scheduler_job.py:629} INFO - Processing file /home/prathamesh/PycharmProjects/airflow-project/venv/lib/python3.8/site-packages/airflow/example_dags/example_nested_branch_dag.py for tasks to queue
[2021-04-04 03:55:14,368] {logging_mixin.py:104} INFO - [2021-04-04 03:55:14,367] {dagbag.py:448} INFO - Filling up the DagBag from /home/prathamesh/PycharmProjects/airflow-project/venv/lib/python3.8/site-packages/airflow/example_dags/example_nested_branch_dag.py
[2021-04-04 03:55:14,395] {scheduler_job.py:639} INFO - DAG(s) dict_keys(['example_nested_branch_dag']) retrieved from /home/prathamesh/PycharmProjects/airflow-project/venv/lib/python3.8/site-packages/airflow/example_dags/example_nested_branch_dag.py
[2021-04-04 03:55:14,424] {logging_mixin.py:104} INFO - [2021-04-04 03:55:14,423] {dag.py:1818} INFO - Sync 1 DAGs
[2021-04-04 03:55:14,466] {logging_mixin.py:104} INFO - [2021-04-04 03:55:14,466] {dag.py:2273} INFO - Setting next_dagrun for example_nested_branch_dag to 2021-04-02 00:00:00+00:00
[2021-04-04 03:55:14,478] {scheduler_job.py:190} INFO - Processing /home/prathamesh/PycharmProjects/airflow-project/venv/lib/python3.8/site-packages/airflow/example_dags/example_nested_branch_dag.py took 0.118 seconds
[2021-04-04 03:55:44,752] {scheduler_job.py:182} INFO - Started process (PID=4634) to work on /home/prathamesh/PycharmProjects/airflow-project/venv/lib/python3.8/site-packages/airflow/example_dags/example_nested_branch_dag.py
[2021-04-04 03:55:44,753] {scheduler_job.py:629} INFO - Processing file /home/prathamesh/PycharmProjects/airflow-project/venv/lib/python3.8/site-packages/airflow/example_dags/example_nested_branch_dag.py for tasks to queue
[2021-04-04 03:55:44,753] {logging_mixin.py:104} INFO - [2021-04-04 03:55:44,753] {dagbag.py:448} INFO - Filling up the DagBag from /home/prathamesh/PycharmProjects/airflow-project/venv/lib/python3.8/site-packages/airflow/example_dags/example_nested_branch_dag.py
[2021-04-04 03:55:44,771] {scheduler_job.py:639} INFO - DAG(s) dict_keys(['example_nested_branch_dag']) retrieved from /home/prathamesh/PycharmProjects/airflow-project/venv/lib/python3.8/site-packages/airflow/example_dags/example_nested_branch_dag.py
[2021-04-04 03:55:44,791] {logging_mixin.py:104} INFO - [2021-04-04 03:55:44,790] {dag.py:1818} INFO - Sync 1 DAGs
[2021-04-04 03:55:44,819] {logging_mixin.py:104} INFO - [2021-04-04 03:55:44,817] {dag.py:2273} INFO - Setting next_dagrun for example_nested_branch_dag to 2021-04-02 00:00:00+00:00
[2021-04-04 03:55:44,833] {scheduler_job.py:190} INFO - Processing /home/prathamesh/PycharmProjects/airflow-project/venv/lib/python3.8/site-packages/airflow/example_dags/example_nested_branch_dag.py took 0.084 seconds
[2021-04-04 03:56:16,176] {scheduler_job.py:182} INFO - Started process (PID=4685) to work on /home/prathamesh/PycharmProjects/airflow-project/venv/lib/python3.8/site-packages/airflow/example_dags/example_nested_branch_dag.py
[2021-04-04 03:56:16,177] {scheduler_job.py:629} INFO - Processing file /home/prathamesh/PycharmProjects/airflow-project/venv/lib/python3.8/site-packages/airflow/example_dags/example_nested_branch_dag.py for tasks to queue
[2021-04-04 03:56:16,177] {logging_mixin.py:104} INFO - [2021-04-04 03:56:16,177] {dagbag.py:448} INFO - Filling up the DagBag from /home/prathamesh/PycharmProjects/airflow-project/venv/lib/python3.8/site-packages/airflow/example_dags/example_nested_branch_dag.py
[2021-04-04 03:56:16,185] {scheduler_job.py:639} INFO - DAG(s) dict_keys(['example_nested_branch_dag']) retrieved from /home/prathamesh/PycharmProjects/airflow-project/venv/lib/python3.8/site-packages/airflow/example_dags/example_nested_branch_dag.py
[2021-04-04 03:56:16,194] {logging_mixin.py:104} INFO - [2021-04-04 03:56:16,194] {dag.py:1818} INFO - Sync 1 DAGs
[2021-04-04 03:56:16,207] {logging_mixin.py:104} INFO - [2021-04-04 03:56:16,207] {dag.py:2273} INFO - Setting next_dagrun for example_nested_branch_dag to 2021-04-02 00:00:00+00:00
[2021-04-04 03:56:16,212] {scheduler_job.py:190} INFO - Processing /home/prathamesh/PycharmProjects/airflow-project/venv/lib/python3.8/site-packages/airflow/example_dags/example_nested_branch_dag.py took 0.038 seconds
[2021-04-04 03:56:46,578] {scheduler_job.py:182} INFO - Started process (PID=4722) to work on /home/prathamesh/PycharmProjects/airflow-project/venv/lib/python3.8/site-packages/airflow/example_dags/example_nested_branch_dag.py
[2021-04-04 03:56:46,579] {scheduler_job.py:629} INFO - Processing file /home/prathamesh/PycharmProjects/airflow-project/venv/lib/python3.8/site-packages/airflow/example_dags/example_nested_branch_dag.py for tasks to queue
[2021-04-04 03:56:46,579] {logging_mixin.py:104} INFO - [2021-04-04 03:56:46,579] {dagbag.py:448} INFO - Filling up the DagBag from /home/prathamesh/PycharmProjects/airflow-project/venv/lib/python3.8/site-packages/airflow/example_dags/example_nested_branch_dag.py
[2021-04-04 03:56:46,599] {scheduler_job.py:639} INFO - DAG(s) dict_keys(['example_nested_branch_dag']) retrieved from /home/prathamesh/PycharmProjects/airflow-project/venv/lib/python3.8/site-packages/airflow/example_dags/example_nested_branch_dag.py
[2021-04-04 03:56:46,636] {logging_mixin.py:104} INFO - [2021-04-04 03:56:46,636] {dag.py:1818} INFO - Sync 1 DAGs
[2021-04-04 03:56:46,661] {logging_mixin.py:104} INFO - [2021-04-04 03:56:46,661] {dag.py:2273} INFO - Setting next_dagrun for example_nested_branch_dag to 2021-04-02 00:00:00+00:00
[2021-04-04 03:56:46,666] {scheduler_job.py:190} INFO - Processing /home/prathamesh/PycharmProjects/airflow-project/venv/lib/python3.8/site-packages/airflow/example_dags/example_nested_branch_dag.py took 0.090 seconds
[2021-04-04 03:57:17,014] {scheduler_job.py:182} INFO - Started process (PID=4751) to work on /home/prathamesh/PycharmProjects/airflow-project/venv/lib/python3.8/site-packages/airflow/example_dags/example_nested_branch_dag.py
[2021-04-04 03:57:17,015] {scheduler_job.py:629} INFO - Processing file /home/prathamesh/PycharmProjects/airflow-project/venv/lib/python3.8/site-packages/airflow/example_dags/example_nested_branch_dag.py for tasks to queue
[2021-04-04 03:57:17,015] {logging_mixin.py:104} INFO - [2021-04-04 03:57:17,015] {dagbag.py:448} INFO - Filling up the DagBag from /home/prathamesh/PycharmProjects/airflow-project/venv/lib/python3.8/site-packages/airflow/example_dags/example_nested_branch_dag.py
[2021-04-04 03:57:17,029] {scheduler_job.py:639} INFO - DAG(s) dict_keys(['example_nested_branch_dag']) retrieved from /home/prathamesh/PycharmProjects/airflow-project/venv/lib/python3.8/site-packages/airflow/example_dags/example_nested_branch_dag.py
[2021-04-04 03:57:17,041] {logging_mixin.py:104} INFO - [2021-04-04 03:57:17,041] {dag.py:1818} INFO - Sync 1 DAGs
[2021-04-04 03:57:17,055] {logging_mixin.py:104} INFO - [2021-04-04 03:57:17,054] {dag.py:2273} INFO - Setting next_dagrun for example_nested_branch_dag to 2021-04-02 00:00:00+00:00
[2021-04-04 03:57:17,068] {scheduler_job.py:190} INFO - Processing /home/prathamesh/PycharmProjects/airflow-project/venv/lib/python3.8/site-packages/airflow/example_dags/example_nested_branch_dag.py took 0.060 seconds
[2021-04-04 03:57:47,157] {scheduler_job.py:182} INFO - Started process (PID=4780) to work on /home/prathamesh/PycharmProjects/airflow-project/venv/lib/python3.8/site-packages/airflow/example_dags/example_nested_branch_dag.py
[2021-04-04 03:57:47,158] {scheduler_job.py:629} INFO - Processing file /home/prathamesh/PycharmProjects/airflow-project/venv/lib/python3.8/site-packages/airflow/example_dags/example_nested_branch_dag.py for tasks to queue
[2021-04-04 03:57:47,158] {logging_mixin.py:104} INFO - [2021-04-04 03:57:47,158] {dagbag.py:448} INFO - Filling up the DagBag from /home/prathamesh/PycharmProjects/airflow-project/venv/lib/python3.8/site-packages/airflow/example_dags/example_nested_branch_dag.py
[2021-04-04 03:57:47,172] {scheduler_job.py:639} INFO - DAG(s) dict_keys(['example_nested_branch_dag']) retrieved from /home/prathamesh/PycharmProjects/airflow-project/venv/lib/python3.8/site-packages/airflow/example_dags/example_nested_branch_dag.py
[2021-04-04 03:57:47,188] {logging_mixin.py:104} INFO - [2021-04-04 03:57:47,188] {dag.py:1818} INFO - Sync 1 DAGs
[2021-04-04 03:57:47,209] {logging_mixin.py:104} INFO - [2021-04-04 03:57:47,209] {dag.py:2273} INFO - Setting next_dagrun for example_nested_branch_dag to 2021-04-02 00:00:00+00:00
[2021-04-04 03:57:47,214] {scheduler_job.py:190} INFO - Processing /home/prathamesh/PycharmProjects/airflow-project/venv/lib/python3.8/site-packages/airflow/example_dags/example_nested_branch_dag.py took 0.060 seconds
[2021-04-04 03:58:18,318] {scheduler_job.py:182} INFO - Started process (PID=4811) to work on /home/prathamesh/PycharmProjects/airflow-project/venv/lib/python3.8/site-packages/airflow/example_dags/example_nested_branch_dag.py
[2021-04-04 03:58:18,319] {scheduler_job.py:629} INFO - Processing file /home/prathamesh/PycharmProjects/airflow-project/venv/lib/python3.8/site-packages/airflow/example_dags/example_nested_branch_dag.py for tasks to queue
[2021-04-04 03:58:18,336] {logging_mixin.py:104} INFO - [2021-04-04 03:58:18,336] {dagbag.py:448} INFO - Filling up the DagBag from /home/prathamesh/PycharmProjects/airflow-project/venv/lib/python3.8/site-packages/airflow/example_dags/example_nested_branch_dag.py
[2021-04-04 03:58:18,369] {scheduler_job.py:639} INFO - DAG(s) dict_keys(['example_nested_branch_dag']) retrieved from /home/prathamesh/PycharmProjects/airflow-project/venv/lib/python3.8/site-packages/airflow/example_dags/example_nested_branch_dag.py
[2021-04-04 03:58:18,408] {logging_mixin.py:104} INFO - [2021-04-04 03:58:18,408] {dag.py:1818} INFO - Sync 1 DAGs
[2021-04-04 03:58:18,445] {logging_mixin.py:104} INFO - [2021-04-04 03:58:18,445] {dag.py:2273} INFO - Setting next_dagrun for example_nested_branch_dag to 2021-04-02 00:00:00+00:00
[2021-04-04 03:58:18,490] {scheduler_job.py:190} INFO - Processing /home/prathamesh/PycharmProjects/airflow-project/venv/lib/python3.8/site-packages/airflow/example_dags/example_nested_branch_dag.py took 0.175 seconds
[2021-04-04 04:07:31,589] {scheduler_job.py:182} INFO - Started process (PID=4947) to work on /home/prathamesh/PycharmProjects/airflow-project/venv/lib/python3.8/site-packages/airflow/example_dags/example_nested_branch_dag.py
[2021-04-04 04:07:31,589] {scheduler_job.py:629} INFO - Processing file /home/prathamesh/PycharmProjects/airflow-project/venv/lib/python3.8/site-packages/airflow/example_dags/example_nested_branch_dag.py for tasks to queue
[2021-04-04 04:07:31,590] {logging_mixin.py:104} INFO - [2021-04-04 04:07:31,590] {dagbag.py:448} INFO - Filling up the DagBag from /home/prathamesh/PycharmProjects/airflow-project/venv/lib/python3.8/site-packages/airflow/example_dags/example_nested_branch_dag.py
[2021-04-04 04:07:31,599] {scheduler_job.py:639} INFO - DAG(s) dict_keys(['example_nested_branch_dag']) retrieved from /home/prathamesh/PycharmProjects/airflow-project/venv/lib/python3.8/site-packages/airflow/example_dags/example_nested_branch_dag.py
[2021-04-04 04:07:31,608] {logging_mixin.py:104} INFO - [2021-04-04 04:07:31,608] {dag.py:1818} INFO - Sync 1 DAGs
[2021-04-04 04:07:31,620] {logging_mixin.py:104} INFO - [2021-04-04 04:07:31,620] {dag.py:2273} INFO - Setting next_dagrun for example_nested_branch_dag to 2021-04-02 00:00:00+00:00
[2021-04-04 04:07:31,626] {scheduler_job.py:190} INFO - Processing /home/prathamesh/PycharmProjects/airflow-project/venv/lib/python3.8/site-packages/airflow/example_dags/example_nested_branch_dag.py took 0.039 seconds
[2021-04-04 04:08:01,887] {scheduler_job.py:182} INFO - Started process (PID=4984) to work on /home/prathamesh/PycharmProjects/airflow-project/venv/lib/python3.8/site-packages/airflow/example_dags/example_nested_branch_dag.py
[2021-04-04 04:08:01,888] {scheduler_job.py:629} INFO - Processing file /home/prathamesh/PycharmProjects/airflow-project/venv/lib/python3.8/site-packages/airflow/example_dags/example_nested_branch_dag.py for tasks to queue
[2021-04-04 04:08:01,888] {logging_mixin.py:104} INFO - [2021-04-04 04:08:01,888] {dagbag.py:448} INFO - Filling up the DagBag from /home/prathamesh/PycharmProjects/airflow-project/venv/lib/python3.8/site-packages/airflow/example_dags/example_nested_branch_dag.py
[2021-04-04 04:08:01,906] {scheduler_job.py:639} INFO - DAG(s) dict_keys(['example_nested_branch_dag']) retrieved from /home/prathamesh/PycharmProjects/airflow-project/venv/lib/python3.8/site-packages/airflow/example_dags/example_nested_branch_dag.py
[2021-04-04 04:08:01,928] {logging_mixin.py:104} INFO - [2021-04-04 04:08:01,928] {dag.py:1818} INFO - Sync 1 DAGs
[2021-04-04 04:08:01,952] {logging_mixin.py:104} INFO - [2021-04-04 04:08:01,952] {dag.py:2273} INFO - Setting next_dagrun for example_nested_branch_dag to 2021-04-02 00:00:00+00:00
[2021-04-04 04:08:01,975] {scheduler_job.py:190} INFO - Processing /home/prathamesh/PycharmProjects/airflow-project/venv/lib/python3.8/site-packages/airflow/example_dags/example_nested_branch_dag.py took 0.090 seconds
[2021-04-04 04:08:32,156] {scheduler_job.py:182} INFO - Started process (PID=5025) to work on /home/prathamesh/PycharmProjects/airflow-project/venv/lib/python3.8/site-packages/airflow/example_dags/example_nested_branch_dag.py
[2021-04-04 04:08:32,160] {scheduler_job.py:629} INFO - Processing file /home/prathamesh/PycharmProjects/airflow-project/venv/lib/python3.8/site-packages/airflow/example_dags/example_nested_branch_dag.py for tasks to queue
[2021-04-04 04:08:32,162] {logging_mixin.py:104} INFO - [2021-04-04 04:08:32,161] {dagbag.py:448} INFO - Filling up the DagBag from /home/prathamesh/PycharmProjects/airflow-project/venv/lib/python3.8/site-packages/airflow/example_dags/example_nested_branch_dag.py
[2021-04-04 04:08:32,191] {scheduler_job.py:639} INFO - DAG(s) dict_keys(['example_nested_branch_dag']) retrieved from /home/prathamesh/PycharmProjects/airflow-project/venv/lib/python3.8/site-packages/airflow/example_dags/example_nested_branch_dag.py
[2021-04-04 04:08:32,222] {logging_mixin.py:104} INFO - [2021-04-04 04:08:32,221] {dag.py:1818} INFO - Sync 1 DAGs
[2021-04-04 04:08:32,255] {logging_mixin.py:104} INFO - [2021-04-04 04:08:32,255] {dag.py:2273} INFO - Setting next_dagrun for example_nested_branch_dag to 2021-04-02 00:00:00+00:00
[2021-04-04 04:08:32,267] {scheduler_job.py:190} INFO - Processing /home/prathamesh/PycharmProjects/airflow-project/venv/lib/python3.8/site-packages/airflow/example_dags/example_nested_branch_dag.py took 0.119 seconds
[2021-04-04 04:09:02,533] {scheduler_job.py:182} INFO - Started process (PID=5053) to work on /home/prathamesh/PycharmProjects/airflow-project/venv/lib/python3.8/site-packages/airflow/example_dags/example_nested_branch_dag.py
[2021-04-04 04:09:02,534] {scheduler_job.py:629} INFO - Processing file /home/prathamesh/PycharmProjects/airflow-project/venv/lib/python3.8/site-packages/airflow/example_dags/example_nested_branch_dag.py for tasks to queue
[2021-04-04 04:09:02,535] {logging_mixin.py:104} INFO - [2021-04-04 04:09:02,535] {dagbag.py:448} INFO - Filling up the DagBag from /home/prathamesh/PycharmProjects/airflow-project/venv/lib/python3.8/site-packages/airflow/example_dags/example_nested_branch_dag.py
[2021-04-04 04:09:02,546] {scheduler_job.py:639} INFO - DAG(s) dict_keys(['example_nested_branch_dag']) retrieved from /home/prathamesh/PycharmProjects/airflow-project/venv/lib/python3.8/site-packages/airflow/example_dags/example_nested_branch_dag.py
[2021-04-04 04:09:02,563] {logging_mixin.py:104} INFO - [2021-04-04 04:09:02,563] {dag.py:1818} INFO - Sync 1 DAGs
[2021-04-04 04:09:02,580] {logging_mixin.py:104} INFO - [2021-04-04 04:09:02,580] {dag.py:2273} INFO - Setting next_dagrun for example_nested_branch_dag to 2021-04-02 00:00:00+00:00
[2021-04-04 04:09:02,593] {scheduler_job.py:190} INFO - Processing /home/prathamesh/PycharmProjects/airflow-project/venv/lib/python3.8/site-packages/airflow/example_dags/example_nested_branch_dag.py took 0.063 seconds
[2021-04-04 04:09:35,078] {scheduler_job.py:182} INFO - Started process (PID=5093) to work on /home/prathamesh/PycharmProjects/airflow-project/venv/lib/python3.8/site-packages/airflow/example_dags/example_nested_branch_dag.py
[2021-04-04 04:09:35,078] {scheduler_job.py:629} INFO - Processing file /home/prathamesh/PycharmProjects/airflow-project/venv/lib/python3.8/site-packages/airflow/example_dags/example_nested_branch_dag.py for tasks to queue
[2021-04-04 04:09:35,079] {logging_mixin.py:104} INFO - [2021-04-04 04:09:35,079] {dagbag.py:448} INFO - Filling up the DagBag from /home/prathamesh/PycharmProjects/airflow-project/venv/lib/python3.8/site-packages/airflow/example_dags/example_nested_branch_dag.py
[2021-04-04 04:09:35,103] {scheduler_job.py:639} INFO - DAG(s) dict_keys(['example_nested_branch_dag']) retrieved from /home/prathamesh/PycharmProjects/airflow-project/venv/lib/python3.8/site-packages/airflow/example_dags/example_nested_branch_dag.py
[2021-04-04 04:09:35,153] {logging_mixin.py:104} INFO - [2021-04-04 04:09:35,153] {dag.py:1818} INFO - Sync 1 DAGs
[2021-04-04 04:09:35,175] {logging_mixin.py:104} INFO - [2021-04-04 04:09:35,175] {dag.py:2273} INFO - Setting next_dagrun for example_nested_branch_dag to 2021-04-02 00:00:00+00:00
[2021-04-04 04:09:35,179] {scheduler_job.py:190} INFO - Processing /home/prathamesh/PycharmProjects/airflow-project/venv/lib/python3.8/site-packages/airflow/example_dags/example_nested_branch_dag.py took 0.104 seconds
[2021-04-04 04:10:05,750] {scheduler_job.py:182} INFO - Started process (PID=5153) to work on /home/prathamesh/PycharmProjects/airflow-project/venv/lib/python3.8/site-packages/airflow/example_dags/example_nested_branch_dag.py
[2021-04-04 04:10:05,751] {scheduler_job.py:629} INFO - Processing file /home/prathamesh/PycharmProjects/airflow-project/venv/lib/python3.8/site-packages/airflow/example_dags/example_nested_branch_dag.py for tasks to queue
[2021-04-04 04:10:05,751] {logging_mixin.py:104} INFO - [2021-04-04 04:10:05,751] {dagbag.py:448} INFO - Filling up the DagBag from /home/prathamesh/PycharmProjects/airflow-project/venv/lib/python3.8/site-packages/airflow/example_dags/example_nested_branch_dag.py
[2021-04-04 04:10:05,758] {scheduler_job.py:639} INFO - DAG(s) dict_keys(['example_nested_branch_dag']) retrieved from /home/prathamesh/PycharmProjects/airflow-project/venv/lib/python3.8/site-packages/airflow/example_dags/example_nested_branch_dag.py
[2021-04-04 04:10:05,768] {logging_mixin.py:104} INFO - [2021-04-04 04:10:05,768] {dag.py:1818} INFO - Sync 1 DAGs
[2021-04-04 04:10:05,780] {logging_mixin.py:104} INFO - [2021-04-04 04:10:05,780] {dag.py:2273} INFO - Setting next_dagrun for example_nested_branch_dag to 2021-04-02 00:00:00+00:00
[2021-04-04 04:10:05,785] {scheduler_job.py:190} INFO - Processing /home/prathamesh/PycharmProjects/airflow-project/venv/lib/python3.8/site-packages/airflow/example_dags/example_nested_branch_dag.py took 0.037 seconds
[2021-04-04 04:10:36,799] {scheduler_job.py:182} INFO - Started process (PID=5185) to work on /home/prathamesh/PycharmProjects/airflow-project/venv/lib/python3.8/site-packages/airflow/example_dags/example_nested_branch_dag.py
[2021-04-04 04:10:36,800] {scheduler_job.py:629} INFO - Processing file /home/prathamesh/PycharmProjects/airflow-project/venv/lib/python3.8/site-packages/airflow/example_dags/example_nested_branch_dag.py for tasks to queue
[2021-04-04 04:10:36,800] {logging_mixin.py:104} INFO - [2021-04-04 04:10:36,800] {dagbag.py:448} INFO - Filling up the DagBag from /home/prathamesh/PycharmProjects/airflow-project/venv/lib/python3.8/site-packages/airflow/example_dags/example_nested_branch_dag.py
[2021-04-04 04:10:36,815] {scheduler_job.py:639} INFO - DAG(s) dict_keys(['example_nested_branch_dag']) retrieved from /home/prathamesh/PycharmProjects/airflow-project/venv/lib/python3.8/site-packages/airflow/example_dags/example_nested_branch_dag.py
[2021-04-04 04:10:36,831] {logging_mixin.py:104} INFO - [2021-04-04 04:10:36,831] {dag.py:1818} INFO - Sync 1 DAGs
[2021-04-04 04:10:36,849] {logging_mixin.py:104} INFO - [2021-04-04 04:10:36,849] {dag.py:2273} INFO - Setting next_dagrun for example_nested_branch_dag to 2021-04-02 00:00:00+00:00
[2021-04-04 04:10:36,854] {scheduler_job.py:190} INFO - Processing /home/prathamesh/PycharmProjects/airflow-project/venv/lib/python3.8/site-packages/airflow/example_dags/example_nested_branch_dag.py took 0.060 seconds
[2021-04-04 04:11:07,252] {scheduler_job.py:182} INFO - Started process (PID=5216) to work on /home/prathamesh/PycharmProjects/airflow-project/venv/lib/python3.8/site-packages/airflow/example_dags/example_nested_branch_dag.py
[2021-04-04 04:11:07,252] {scheduler_job.py:629} INFO - Processing file /home/prathamesh/PycharmProjects/airflow-project/venv/lib/python3.8/site-packages/airflow/example_dags/example_nested_branch_dag.py for tasks to queue
[2021-04-04 04:11:07,253] {logging_mixin.py:104} INFO - [2021-04-04 04:11:07,253] {dagbag.py:448} INFO - Filling up the DagBag from /home/prathamesh/PycharmProjects/airflow-project/venv/lib/python3.8/site-packages/airflow/example_dags/example_nested_branch_dag.py
[2021-04-04 04:11:07,262] {scheduler_job.py:639} INFO - DAG(s) dict_keys(['example_nested_branch_dag']) retrieved from /home/prathamesh/PycharmProjects/airflow-project/venv/lib/python3.8/site-packages/airflow/example_dags/example_nested_branch_dag.py
[2021-04-04 04:11:07,272] {logging_mixin.py:104} INFO - [2021-04-04 04:11:07,272] {dag.py:1818} INFO - Sync 1 DAGs
[2021-04-04 04:11:07,281] {logging_mixin.py:104} INFO - [2021-04-04 04:11:07,281] {dag.py:2273} INFO - Setting next_dagrun for example_nested_branch_dag to 2021-04-02 00:00:00+00:00
[2021-04-04 04:11:07,286] {scheduler_job.py:190} INFO - Processing /home/prathamesh/PycharmProjects/airflow-project/venv/lib/python3.8/site-packages/airflow/example_dags/example_nested_branch_dag.py took 0.036 seconds
[2021-04-04 04:11:38,052] {scheduler_job.py:182} INFO - Started process (PID=5274) to work on /home/prathamesh/PycharmProjects/airflow-project/venv/lib/python3.8/site-packages/airflow/example_dags/example_nested_branch_dag.py
[2021-04-04 04:11:38,053] {scheduler_job.py:629} INFO - Processing file /home/prathamesh/PycharmProjects/airflow-project/venv/lib/python3.8/site-packages/airflow/example_dags/example_nested_branch_dag.py for tasks to queue
[2021-04-04 04:11:38,053] {logging_mixin.py:104} INFO - [2021-04-04 04:11:38,053] {dagbag.py:448} INFO - Filling up the DagBag from /home/prathamesh/PycharmProjects/airflow-project/venv/lib/python3.8/site-packages/airflow/example_dags/example_nested_branch_dag.py
[2021-04-04 04:11:38,063] {scheduler_job.py:639} INFO - DAG(s) dict_keys(['example_nested_branch_dag']) retrieved from /home/prathamesh/PycharmProjects/airflow-project/venv/lib/python3.8/site-packages/airflow/example_dags/example_nested_branch_dag.py
[2021-04-04 04:11:38,074] {logging_mixin.py:104} INFO - [2021-04-04 04:11:38,074] {dag.py:1818} INFO - Sync 1 DAGs
[2021-04-04 04:11:38,089] {logging_mixin.py:104} INFO - [2021-04-04 04:11:38,089] {dag.py:2273} INFO - Setting next_dagrun for example_nested_branch_dag to 2021-04-02 00:00:00+00:00
[2021-04-04 04:11:38,095] {scheduler_job.py:190} INFO - Processing /home/prathamesh/PycharmProjects/airflow-project/venv/lib/python3.8/site-packages/airflow/example_dags/example_nested_branch_dag.py took 0.050 seconds
[2021-04-04 04:12:08,977] {scheduler_job.py:182} INFO - Started process (PID=5310) to work on /home/prathamesh/PycharmProjects/airflow-project/venv/lib/python3.8/site-packages/airflow/example_dags/example_nested_branch_dag.py
[2021-04-04 04:12:08,978] {scheduler_job.py:629} INFO - Processing file /home/prathamesh/PycharmProjects/airflow-project/venv/lib/python3.8/site-packages/airflow/example_dags/example_nested_branch_dag.py for tasks to queue
[2021-04-04 04:12:08,978] {logging_mixin.py:104} INFO - [2021-04-04 04:12:08,978] {dagbag.py:448} INFO - Filling up the DagBag from /home/prathamesh/PycharmProjects/airflow-project/venv/lib/python3.8/site-packages/airflow/example_dags/example_nested_branch_dag.py
[2021-04-04 04:12:08,989] {scheduler_job.py:639} INFO - DAG(s) dict_keys(['example_nested_branch_dag']) retrieved from /home/prathamesh/PycharmProjects/airflow-project/venv/lib/python3.8/site-packages/airflow/example_dags/example_nested_branch_dag.py
[2021-04-04 04:12:09,000] {logging_mixin.py:104} INFO - [2021-04-04 04:12:09,000] {dag.py:1818} INFO - Sync 1 DAGs
[2021-04-04 04:12:09,010] {logging_mixin.py:104} INFO - [2021-04-04 04:12:09,010] {dag.py:2273} INFO - Setting next_dagrun for example_nested_branch_dag to 2021-04-02 00:00:00+00:00
[2021-04-04 04:12:09,013] {scheduler_job.py:190} INFO - Processing /home/prathamesh/PycharmProjects/airflow-project/venv/lib/python3.8/site-packages/airflow/example_dags/example_nested_branch_dag.py took 0.041 seconds
[2021-04-04 04:12:39,492] {scheduler_job.py:182} INFO - Started process (PID=5358) to work on /home/prathamesh/PycharmProjects/airflow-project/venv/lib/python3.8/site-packages/airflow/example_dags/example_nested_branch_dag.py
[2021-04-04 04:12:39,493] {scheduler_job.py:629} INFO - Processing file /home/prathamesh/PycharmProjects/airflow-project/venv/lib/python3.8/site-packages/airflow/example_dags/example_nested_branch_dag.py for tasks to queue
[2021-04-04 04:12:39,493] {logging_mixin.py:104} INFO - [2021-04-04 04:12:39,493] {dagbag.py:448} INFO - Filling up the DagBag from /home/prathamesh/PycharmProjects/airflow-project/venv/lib/python3.8/site-packages/airflow/example_dags/example_nested_branch_dag.py
[2021-04-04 04:12:39,505] {scheduler_job.py:639} INFO - DAG(s) dict_keys(['example_nested_branch_dag']) retrieved from /home/prathamesh/PycharmProjects/airflow-project/venv/lib/python3.8/site-packages/airflow/example_dags/example_nested_branch_dag.py
[2021-04-04 04:12:39,520] {logging_mixin.py:104} INFO - [2021-04-04 04:12:39,520] {dag.py:1818} INFO - Sync 1 DAGs
[2021-04-04 04:12:39,535] {logging_mixin.py:104} INFO - [2021-04-04 04:12:39,534] {dag.py:2273} INFO - Setting next_dagrun for example_nested_branch_dag to 2021-04-02 00:00:00+00:00
[2021-04-04 04:12:39,542] {scheduler_job.py:190} INFO - Processing /home/prathamesh/PycharmProjects/airflow-project/venv/lib/python3.8/site-packages/airflow/example_dags/example_nested_branch_dag.py took 0.053 seconds
[2021-04-04 16:21:50,649] {scheduler_job.py:182} INFO - Started process (PID=3493) to work on /home/prathamesh/PycharmProjects/airflow-project/venv/lib/python3.8/site-packages/airflow/example_dags/example_nested_branch_dag.py
[2021-04-04 16:21:50,654] {scheduler_job.py:629} INFO - Processing file /home/prathamesh/PycharmProjects/airflow-project/venv/lib/python3.8/site-packages/airflow/example_dags/example_nested_branch_dag.py for tasks to queue
[2021-04-04 16:21:50,655] {logging_mixin.py:104} INFO - [2021-04-04 16:21:50,654] {dagbag.py:448} INFO - Filling up the DagBag from /home/prathamesh/PycharmProjects/airflow-project/venv/lib/python3.8/site-packages/airflow/example_dags/example_nested_branch_dag.py
[2021-04-04 16:21:50,667] {scheduler_job.py:639} INFO - DAG(s) dict_keys(['example_nested_branch_dag']) retrieved from /home/prathamesh/PycharmProjects/airflow-project/venv/lib/python3.8/site-packages/airflow/example_dags/example_nested_branch_dag.py
[2021-04-04 16:21:50,678] {logging_mixin.py:104} INFO - [2021-04-04 16:21:50,677] {dag.py:1818} INFO - Sync 1 DAGs
[2021-04-04 16:21:50,693] {logging_mixin.py:104} INFO - [2021-04-04 16:21:50,693] {dag.py:2273} INFO - Setting next_dagrun for example_nested_branch_dag to 2021-04-02 00:00:00+00:00
[2021-04-04 16:21:50,721] {scheduler_job.py:190} INFO - Processing /home/prathamesh/PycharmProjects/airflow-project/venv/lib/python3.8/site-packages/airflow/example_dags/example_nested_branch_dag.py took 0.077 seconds
[2021-04-04 16:22:21,481] {scheduler_job.py:182} INFO - Started process (PID=3554) to work on /home/prathamesh/PycharmProjects/airflow-project/venv/lib/python3.8/site-packages/airflow/example_dags/example_nested_branch_dag.py
[2021-04-04 16:22:21,484] {scheduler_job.py:629} INFO - Processing file /home/prathamesh/PycharmProjects/airflow-project/venv/lib/python3.8/site-packages/airflow/example_dags/example_nested_branch_dag.py for tasks to queue
[2021-04-04 16:22:21,485] {logging_mixin.py:104} INFO - [2021-04-04 16:22:21,484] {dagbag.py:448} INFO - Filling up the DagBag from /home/prathamesh/PycharmProjects/airflow-project/venv/lib/python3.8/site-packages/airflow/example_dags/example_nested_branch_dag.py
[2021-04-04 16:22:21,497] {scheduler_job.py:639} INFO - DAG(s) dict_keys(['example_nested_branch_dag']) retrieved from /home/prathamesh/PycharmProjects/airflow-project/venv/lib/python3.8/site-packages/airflow/example_dags/example_nested_branch_dag.py
[2021-04-04 16:22:21,506] {logging_mixin.py:104} INFO - [2021-04-04 16:22:21,506] {dag.py:1818} INFO - Sync 1 DAGs
[2021-04-04 16:22:21,518] {logging_mixin.py:104} INFO - [2021-04-04 16:22:21,518] {dag.py:2273} INFO - Setting next_dagrun for example_nested_branch_dag to 2021-04-02 00:00:00+00:00
[2021-04-04 16:22:21,522] {scheduler_job.py:190} INFO - Processing /home/prathamesh/PycharmProjects/airflow-project/venv/lib/python3.8/site-packages/airflow/example_dags/example_nested_branch_dag.py took 0.044 seconds
[2021-04-04 16:22:52,032] {scheduler_job.py:182} INFO - Started process (PID=3581) to work on /home/prathamesh/PycharmProjects/airflow-project/venv/lib/python3.8/site-packages/airflow/example_dags/example_nested_branch_dag.py
[2021-04-04 16:22:52,034] {scheduler_job.py:629} INFO - Processing file /home/prathamesh/PycharmProjects/airflow-project/venv/lib/python3.8/site-packages/airflow/example_dags/example_nested_branch_dag.py for tasks to queue
[2021-04-04 16:22:52,035] {logging_mixin.py:104} INFO - [2021-04-04 16:22:52,034] {dagbag.py:448} INFO - Filling up the DagBag from /home/prathamesh/PycharmProjects/airflow-project/venv/lib/python3.8/site-packages/airflow/example_dags/example_nested_branch_dag.py
[2021-04-04 16:22:52,045] {scheduler_job.py:639} INFO - DAG(s) dict_keys(['example_nested_branch_dag']) retrieved from /home/prathamesh/PycharmProjects/airflow-project/venv/lib/python3.8/site-packages/airflow/example_dags/example_nested_branch_dag.py
[2021-04-04 16:22:52,055] {logging_mixin.py:104} INFO - [2021-04-04 16:22:52,055] {dag.py:1818} INFO - Sync 1 DAGs
[2021-04-04 16:22:52,070] {logging_mixin.py:104} INFO - [2021-04-04 16:22:52,067] {dag.py:2273} INFO - Setting next_dagrun for example_nested_branch_dag to 2021-04-02 00:00:00+00:00
[2021-04-04 16:22:52,075] {scheduler_job.py:190} INFO - Processing /home/prathamesh/PycharmProjects/airflow-project/venv/lib/python3.8/site-packages/airflow/example_dags/example_nested_branch_dag.py took 0.046 seconds
[2021-04-04 16:23:22,706] {scheduler_job.py:182} INFO - Started process (PID=3608) to work on /home/prathamesh/PycharmProjects/airflow-project/venv/lib/python3.8/site-packages/airflow/example_dags/example_nested_branch_dag.py
[2021-04-04 16:23:22,708] {scheduler_job.py:629} INFO - Processing file /home/prathamesh/PycharmProjects/airflow-project/venv/lib/python3.8/site-packages/airflow/example_dags/example_nested_branch_dag.py for tasks to queue
[2021-04-04 16:23:22,709] {logging_mixin.py:104} INFO - [2021-04-04 16:23:22,708] {dagbag.py:448} INFO - Filling up the DagBag from /home/prathamesh/PycharmProjects/airflow-project/venv/lib/python3.8/site-packages/airflow/example_dags/example_nested_branch_dag.py
[2021-04-04 16:23:22,719] {scheduler_job.py:639} INFO - DAG(s) dict_keys(['example_nested_branch_dag']) retrieved from /home/prathamesh/PycharmProjects/airflow-project/venv/lib/python3.8/site-packages/airflow/example_dags/example_nested_branch_dag.py
[2021-04-04 16:23:22,729] {logging_mixin.py:104} INFO - [2021-04-04 16:23:22,729] {dag.py:1818} INFO - Sync 1 DAGs
[2021-04-04 16:23:22,740] {logging_mixin.py:104} INFO - [2021-04-04 16:23:22,740] {dag.py:2273} INFO - Setting next_dagrun for example_nested_branch_dag to 2021-04-02 00:00:00+00:00
[2021-04-04 16:23:22,744] {scheduler_job.py:190} INFO - Processing /home/prathamesh/PycharmProjects/airflow-project/venv/lib/python3.8/site-packages/airflow/example_dags/example_nested_branch_dag.py took 0.041 seconds
