[2021-04-04 03:36:28,342] {scheduler_job.py:182} INFO - Started process (PID=3207) to work on /home/prathamesh/PycharmProjects/airflow-project/venv/lib/python3.8/site-packages/airflow/example_dags/example_branch_operator.py
[2021-04-04 03:36:28,343] {scheduler_job.py:629} INFO - Processing file /home/prathamesh/PycharmProjects/airflow-project/venv/lib/python3.8/site-packages/airflow/example_dags/example_branch_operator.py for tasks to queue
[2021-04-04 03:36:28,344] {logging_mixin.py:104} INFO - [2021-04-04 03:36:28,344] {dagbag.py:448} INFO - Filling up the DagBag from /home/prathamesh/PycharmProjects/airflow-project/venv/lib/python3.8/site-packages/airflow/example_dags/example_branch_operator.py
[2021-04-04 03:36:28,367] {scheduler_job.py:639} INFO - DAG(s) dict_keys(['example_branch_operator']) retrieved from /home/prathamesh/PycharmProjects/airflow-project/venv/lib/python3.8/site-packages/airflow/example_dags/example_branch_operator.py
[2021-04-04 03:36:28,392] {logging_mixin.py:104} INFO - [2021-04-04 03:36:28,392] {dag.py:1818} INFO - Sync 1 DAGs
[2021-04-04 03:36:28,430] {logging_mixin.py:104} INFO - [2021-04-04 03:36:28,429] {dag.py:2273} INFO - Setting next_dagrun for example_branch_operator to 2021-04-02 00:00:00+00:00
[2021-04-04 03:36:28,444] {scheduler_job.py:190} INFO - Processing /home/prathamesh/PycharmProjects/airflow-project/venv/lib/python3.8/site-packages/airflow/example_dags/example_branch_operator.py took 0.104 seconds
[2021-04-04 03:36:59,712] {scheduler_job.py:182} INFO - Started process (PID=3240) to work on /home/prathamesh/PycharmProjects/airflow-project/venv/lib/python3.8/site-packages/airflow/example_dags/example_branch_operator.py
[2021-04-04 03:36:59,719] {scheduler_job.py:629} INFO - Processing file /home/prathamesh/PycharmProjects/airflow-project/venv/lib/python3.8/site-packages/airflow/example_dags/example_branch_operator.py for tasks to queue
[2021-04-04 03:36:59,720] {logging_mixin.py:104} INFO - [2021-04-04 03:36:59,720] {dagbag.py:448} INFO - Filling up the DagBag from /home/prathamesh/PycharmProjects/airflow-project/venv/lib/python3.8/site-packages/airflow/example_dags/example_branch_operator.py
[2021-04-04 03:36:59,727] {scheduler_job.py:639} INFO - DAG(s) dict_keys(['example_branch_operator']) retrieved from /home/prathamesh/PycharmProjects/airflow-project/venv/lib/python3.8/site-packages/airflow/example_dags/example_branch_operator.py
[2021-04-04 03:36:59,769] {logging_mixin.py:104} INFO - [2021-04-04 03:36:59,769] {dag.py:1818} INFO - Sync 1 DAGs
[2021-04-04 03:36:59,820] {logging_mixin.py:104} INFO - [2021-04-04 03:36:59,820] {dag.py:2273} INFO - Setting next_dagrun for example_branch_operator to 2021-04-02 00:00:00+00:00
[2021-04-04 03:36:59,824] {scheduler_job.py:190} INFO - Processing /home/prathamesh/PycharmProjects/airflow-project/venv/lib/python3.8/site-packages/airflow/example_dags/example_branch_operator.py took 0.114 seconds
[2021-04-04 03:37:30,642] {scheduler_job.py:182} INFO - Started process (PID=3277) to work on /home/prathamesh/PycharmProjects/airflow-project/venv/lib/python3.8/site-packages/airflow/example_dags/example_branch_operator.py
[2021-04-04 03:37:30,643] {scheduler_job.py:629} INFO - Processing file /home/prathamesh/PycharmProjects/airflow-project/venv/lib/python3.8/site-packages/airflow/example_dags/example_branch_operator.py for tasks to queue
[2021-04-04 03:37:30,643] {logging_mixin.py:104} INFO - [2021-04-04 03:37:30,643] {dagbag.py:448} INFO - Filling up the DagBag from /home/prathamesh/PycharmProjects/airflow-project/venv/lib/python3.8/site-packages/airflow/example_dags/example_branch_operator.py
[2021-04-04 03:37:30,657] {scheduler_job.py:639} INFO - DAG(s) dict_keys(['example_branch_operator']) retrieved from /home/prathamesh/PycharmProjects/airflow-project/venv/lib/python3.8/site-packages/airflow/example_dags/example_branch_operator.py
[2021-04-04 03:37:30,677] {logging_mixin.py:104} INFO - [2021-04-04 03:37:30,677] {dag.py:1818} INFO - Sync 1 DAGs
[2021-04-04 03:37:30,699] {logging_mixin.py:104} INFO - [2021-04-04 03:37:30,699] {dag.py:2273} INFO - Setting next_dagrun for example_branch_operator to 2021-04-02 00:00:00+00:00
[2021-04-04 03:37:30,705] {scheduler_job.py:190} INFO - Processing /home/prathamesh/PycharmProjects/airflow-project/venv/lib/python3.8/site-packages/airflow/example_dags/example_branch_operator.py took 0.065 seconds
[2021-04-04 03:38:01,099] {scheduler_job.py:182} INFO - Started process (PID=3306) to work on /home/prathamesh/PycharmProjects/airflow-project/venv/lib/python3.8/site-packages/airflow/example_dags/example_branch_operator.py
[2021-04-04 03:38:01,100] {scheduler_job.py:629} INFO - Processing file /home/prathamesh/PycharmProjects/airflow-project/venv/lib/python3.8/site-packages/airflow/example_dags/example_branch_operator.py for tasks to queue
[2021-04-04 03:38:01,100] {logging_mixin.py:104} INFO - [2021-04-04 03:38:01,100] {dagbag.py:448} INFO - Filling up the DagBag from /home/prathamesh/PycharmProjects/airflow-project/venv/lib/python3.8/site-packages/airflow/example_dags/example_branch_operator.py
[2021-04-04 03:38:01,137] {scheduler_job.py:639} INFO - DAG(s) dict_keys(['example_branch_operator']) retrieved from /home/prathamesh/PycharmProjects/airflow-project/venv/lib/python3.8/site-packages/airflow/example_dags/example_branch_operator.py
[2021-04-04 03:38:01,162] {logging_mixin.py:104} INFO - [2021-04-04 03:38:01,162] {dag.py:1818} INFO - Sync 1 DAGs
[2021-04-04 03:38:01,194] {logging_mixin.py:104} INFO - [2021-04-04 03:38:01,194] {dag.py:2273} INFO - Setting next_dagrun for example_branch_operator to 2021-04-02 00:00:00+00:00
[2021-04-04 03:38:01,202] {scheduler_job.py:190} INFO - Processing /home/prathamesh/PycharmProjects/airflow-project/venv/lib/python3.8/site-packages/airflow/example_dags/example_branch_operator.py took 0.105 seconds
[2021-04-04 03:38:32,032] {scheduler_job.py:182} INFO - Started process (PID=3342) to work on /home/prathamesh/PycharmProjects/airflow-project/venv/lib/python3.8/site-packages/airflow/example_dags/example_branch_operator.py
[2021-04-04 03:38:32,033] {scheduler_job.py:629} INFO - Processing file /home/prathamesh/PycharmProjects/airflow-project/venv/lib/python3.8/site-packages/airflow/example_dags/example_branch_operator.py for tasks to queue
[2021-04-04 03:38:32,034] {logging_mixin.py:104} INFO - [2021-04-04 03:38:32,034] {dagbag.py:448} INFO - Filling up the DagBag from /home/prathamesh/PycharmProjects/airflow-project/venv/lib/python3.8/site-packages/airflow/example_dags/example_branch_operator.py
[2021-04-04 03:38:32,067] {scheduler_job.py:639} INFO - DAG(s) dict_keys(['example_branch_operator']) retrieved from /home/prathamesh/PycharmProjects/airflow-project/venv/lib/python3.8/site-packages/airflow/example_dags/example_branch_operator.py
[2021-04-04 03:38:32,136] {logging_mixin.py:104} INFO - [2021-04-04 03:38:32,136] {dag.py:1818} INFO - Sync 1 DAGs
[2021-04-04 03:38:32,212] {logging_mixin.py:104} INFO - [2021-04-04 03:38:32,187] {dag.py:2273} INFO - Setting next_dagrun for example_branch_operator to 2021-04-02 00:00:00+00:00
[2021-04-04 03:38:32,225] {scheduler_job.py:190} INFO - Processing /home/prathamesh/PycharmProjects/airflow-project/venv/lib/python3.8/site-packages/airflow/example_dags/example_branch_operator.py took 0.195 seconds
[2021-04-04 03:39:04,874] {scheduler_job.py:182} INFO - Started process (PID=3379) to work on /home/prathamesh/PycharmProjects/airflow-project/venv/lib/python3.8/site-packages/airflow/example_dags/example_branch_operator.py
[2021-04-04 03:39:04,874] {scheduler_job.py:629} INFO - Processing file /home/prathamesh/PycharmProjects/airflow-project/venv/lib/python3.8/site-packages/airflow/example_dags/example_branch_operator.py for tasks to queue
[2021-04-04 03:39:04,875] {logging_mixin.py:104} INFO - [2021-04-04 03:39:04,875] {dagbag.py:448} INFO - Filling up the DagBag from /home/prathamesh/PycharmProjects/airflow-project/venv/lib/python3.8/site-packages/airflow/example_dags/example_branch_operator.py
[2021-04-04 03:39:04,897] {scheduler_job.py:639} INFO - DAG(s) dict_keys(['example_branch_operator']) retrieved from /home/prathamesh/PycharmProjects/airflow-project/venv/lib/python3.8/site-packages/airflow/example_dags/example_branch_operator.py
[2021-04-04 03:39:04,921] {logging_mixin.py:104} INFO - [2021-04-04 03:39:04,921] {dag.py:1818} INFO - Sync 1 DAGs
[2021-04-04 03:39:04,959] {logging_mixin.py:104} INFO - [2021-04-04 03:39:04,959] {dag.py:2273} INFO - Setting next_dagrun for example_branch_operator to 2021-04-02 00:00:00+00:00
[2021-04-04 03:39:04,976] {scheduler_job.py:190} INFO - Processing /home/prathamesh/PycharmProjects/airflow-project/venv/lib/python3.8/site-packages/airflow/example_dags/example_branch_operator.py took 0.105 seconds
[2021-04-04 03:39:36,161] {scheduler_job.py:182} INFO - Started process (PID=3408) to work on /home/prathamesh/PycharmProjects/airflow-project/venv/lib/python3.8/site-packages/airflow/example_dags/example_branch_operator.py
[2021-04-04 03:39:36,162] {scheduler_job.py:629} INFO - Processing file /home/prathamesh/PycharmProjects/airflow-project/venv/lib/python3.8/site-packages/airflow/example_dags/example_branch_operator.py for tasks to queue
[2021-04-04 03:39:36,163] {logging_mixin.py:104} INFO - [2021-04-04 03:39:36,163] {dagbag.py:448} INFO - Filling up the DagBag from /home/prathamesh/PycharmProjects/airflow-project/venv/lib/python3.8/site-packages/airflow/example_dags/example_branch_operator.py
[2021-04-04 03:39:36,198] {scheduler_job.py:639} INFO - DAG(s) dict_keys(['example_branch_operator']) retrieved from /home/prathamesh/PycharmProjects/airflow-project/venv/lib/python3.8/site-packages/airflow/example_dags/example_branch_operator.py
[2021-04-04 03:39:36,249] {logging_mixin.py:104} INFO - [2021-04-04 03:39:36,249] {dag.py:1818} INFO - Sync 1 DAGs
[2021-04-04 03:39:36,335] {logging_mixin.py:104} INFO - [2021-04-04 03:39:36,335] {dag.py:2273} INFO - Setting next_dagrun for example_branch_operator to 2021-04-02 00:00:00+00:00
[2021-04-04 03:39:36,365] {scheduler_job.py:190} INFO - Processing /home/prathamesh/PycharmProjects/airflow-project/venv/lib/python3.8/site-packages/airflow/example_dags/example_branch_operator.py took 0.215 seconds
[2021-04-04 03:40:06,942] {scheduler_job.py:182} INFO - Started process (PID=3437) to work on /home/prathamesh/PycharmProjects/airflow-project/venv/lib/python3.8/site-packages/airflow/example_dags/example_branch_operator.py
[2021-04-04 03:40:06,945] {scheduler_job.py:629} INFO - Processing file /home/prathamesh/PycharmProjects/airflow-project/venv/lib/python3.8/site-packages/airflow/example_dags/example_branch_operator.py for tasks to queue
[2021-04-04 03:40:06,946] {logging_mixin.py:104} INFO - [2021-04-04 03:40:06,945] {dagbag.py:448} INFO - Filling up the DagBag from /home/prathamesh/PycharmProjects/airflow-project/venv/lib/python3.8/site-packages/airflow/example_dags/example_branch_operator.py
[2021-04-04 03:40:06,955] {scheduler_job.py:639} INFO - DAG(s) dict_keys(['example_branch_operator']) retrieved from /home/prathamesh/PycharmProjects/airflow-project/venv/lib/python3.8/site-packages/airflow/example_dags/example_branch_operator.py
[2021-04-04 03:40:06,970] {logging_mixin.py:104} INFO - [2021-04-04 03:40:06,970] {dag.py:1818} INFO - Sync 1 DAGs
[2021-04-04 03:40:06,980] {logging_mixin.py:104} INFO - [2021-04-04 03:40:06,980] {dag.py:2273} INFO - Setting next_dagrun for example_branch_operator to 2021-04-02 00:00:00+00:00
[2021-04-04 03:40:06,984] {scheduler_job.py:190} INFO - Processing /home/prathamesh/PycharmProjects/airflow-project/venv/lib/python3.8/site-packages/airflow/example_dags/example_branch_operator.py took 0.045 seconds
[2021-04-04 03:40:38,087] {scheduler_job.py:182} INFO - Started process (PID=3465) to work on /home/prathamesh/PycharmProjects/airflow-project/venv/lib/python3.8/site-packages/airflow/example_dags/example_branch_operator.py
[2021-04-04 03:40:38,088] {scheduler_job.py:629} INFO - Processing file /home/prathamesh/PycharmProjects/airflow-project/venv/lib/python3.8/site-packages/airflow/example_dags/example_branch_operator.py for tasks to queue
[2021-04-04 03:40:38,088] {logging_mixin.py:104} INFO - [2021-04-04 03:40:38,088] {dagbag.py:448} INFO - Filling up the DagBag from /home/prathamesh/PycharmProjects/airflow-project/venv/lib/python3.8/site-packages/airflow/example_dags/example_branch_operator.py
[2021-04-04 03:40:38,098] {scheduler_job.py:639} INFO - DAG(s) dict_keys(['example_branch_operator']) retrieved from /home/prathamesh/PycharmProjects/airflow-project/venv/lib/python3.8/site-packages/airflow/example_dags/example_branch_operator.py
[2021-04-04 03:40:38,109] {logging_mixin.py:104} INFO - [2021-04-04 03:40:38,109] {dag.py:1818} INFO - Sync 1 DAGs
[2021-04-04 03:40:38,124] {logging_mixin.py:104} INFO - [2021-04-04 03:40:38,124] {dag.py:2273} INFO - Setting next_dagrun for example_branch_operator to 2021-04-02 00:00:00+00:00
[2021-04-04 03:40:38,129] {scheduler_job.py:190} INFO - Processing /home/prathamesh/PycharmProjects/airflow-project/venv/lib/python3.8/site-packages/airflow/example_dags/example_branch_operator.py took 0.045 seconds
[2021-04-04 03:41:09,037] {scheduler_job.py:182} INFO - Started process (PID=3510) to work on /home/prathamesh/PycharmProjects/airflow-project/venv/lib/python3.8/site-packages/airflow/example_dags/example_branch_operator.py
[2021-04-04 03:41:09,041] {scheduler_job.py:629} INFO - Processing file /home/prathamesh/PycharmProjects/airflow-project/venv/lib/python3.8/site-packages/airflow/example_dags/example_branch_operator.py for tasks to queue
[2021-04-04 03:41:09,042] {logging_mixin.py:104} INFO - [2021-04-04 03:41:09,042] {dagbag.py:448} INFO - Filling up the DagBag from /home/prathamesh/PycharmProjects/airflow-project/venv/lib/python3.8/site-packages/airflow/example_dags/example_branch_operator.py
[2021-04-04 03:41:09,054] {scheduler_job.py:639} INFO - DAG(s) dict_keys(['example_branch_operator']) retrieved from /home/prathamesh/PycharmProjects/airflow-project/venv/lib/python3.8/site-packages/airflow/example_dags/example_branch_operator.py
[2021-04-04 03:41:09,076] {logging_mixin.py:104} INFO - [2021-04-04 03:41:09,076] {dag.py:1818} INFO - Sync 1 DAGs
[2021-04-04 03:41:09,098] {logging_mixin.py:104} INFO - [2021-04-04 03:41:09,098] {dag.py:2273} INFO - Setting next_dagrun for example_branch_operator to 2021-04-02 00:00:00+00:00
[2021-04-04 03:41:09,103] {scheduler_job.py:190} INFO - Processing /home/prathamesh/PycharmProjects/airflow-project/venv/lib/python3.8/site-packages/airflow/example_dags/example_branch_operator.py took 0.068 seconds
[2021-04-04 03:41:40,023] {scheduler_job.py:182} INFO - Started process (PID=3570) to work on /home/prathamesh/PycharmProjects/airflow-project/venv/lib/python3.8/site-packages/airflow/example_dags/example_branch_operator.py
[2021-04-04 03:41:40,025] {scheduler_job.py:629} INFO - Processing file /home/prathamesh/PycharmProjects/airflow-project/venv/lib/python3.8/site-packages/airflow/example_dags/example_branch_operator.py for tasks to queue
[2021-04-04 03:41:40,025] {logging_mixin.py:104} INFO - [2021-04-04 03:41:40,025] {dagbag.py:448} INFO - Filling up the DagBag from /home/prathamesh/PycharmProjects/airflow-project/venv/lib/python3.8/site-packages/airflow/example_dags/example_branch_operator.py
[2021-04-04 03:41:40,043] {scheduler_job.py:639} INFO - DAG(s) dict_keys(['example_branch_operator']) retrieved from /home/prathamesh/PycharmProjects/airflow-project/venv/lib/python3.8/site-packages/airflow/example_dags/example_branch_operator.py
[2021-04-04 03:41:40,070] {logging_mixin.py:104} INFO - [2021-04-04 03:41:40,069] {dag.py:1818} INFO - Sync 1 DAGs
[2021-04-04 03:41:40,087] {logging_mixin.py:104} INFO - [2021-04-04 03:41:40,087] {dag.py:2273} INFO - Setting next_dagrun for example_branch_operator to 2021-04-02 00:00:00+00:00
[2021-04-04 03:41:40,095] {scheduler_job.py:190} INFO - Processing /home/prathamesh/PycharmProjects/airflow-project/venv/lib/python3.8/site-packages/airflow/example_dags/example_branch_operator.py took 0.075 seconds
[2021-04-04 03:42:10,474] {scheduler_job.py:182} INFO - Started process (PID=3598) to work on /home/prathamesh/PycharmProjects/airflow-project/venv/lib/python3.8/site-packages/airflow/example_dags/example_branch_operator.py
[2021-04-04 03:42:10,475] {scheduler_job.py:629} INFO - Processing file /home/prathamesh/PycharmProjects/airflow-project/venv/lib/python3.8/site-packages/airflow/example_dags/example_branch_operator.py for tasks to queue
[2021-04-04 03:42:10,476] {logging_mixin.py:104} INFO - [2021-04-04 03:42:10,476] {dagbag.py:448} INFO - Filling up the DagBag from /home/prathamesh/PycharmProjects/airflow-project/venv/lib/python3.8/site-packages/airflow/example_dags/example_branch_operator.py
[2021-04-04 03:42:10,496] {scheduler_job.py:639} INFO - DAG(s) dict_keys(['example_branch_operator']) retrieved from /home/prathamesh/PycharmProjects/airflow-project/venv/lib/python3.8/site-packages/airflow/example_dags/example_branch_operator.py
[2021-04-04 03:42:10,506] {logging_mixin.py:104} INFO - [2021-04-04 03:42:10,506] {dag.py:1818} INFO - Sync 1 DAGs
[2021-04-04 03:42:10,527] {logging_mixin.py:104} INFO - [2021-04-04 03:42:10,526] {dag.py:2273} INFO - Setting next_dagrun for example_branch_operator to 2021-04-02 00:00:00+00:00
[2021-04-04 03:42:10,531] {scheduler_job.py:190} INFO - Processing /home/prathamesh/PycharmProjects/airflow-project/venv/lib/python3.8/site-packages/airflow/example_dags/example_branch_operator.py took 0.059 seconds
[2021-04-04 03:42:41,216] {scheduler_job.py:182} INFO - Started process (PID=3638) to work on /home/prathamesh/PycharmProjects/airflow-project/venv/lib/python3.8/site-packages/airflow/example_dags/example_branch_operator.py
[2021-04-04 03:42:41,217] {scheduler_job.py:629} INFO - Processing file /home/prathamesh/PycharmProjects/airflow-project/venv/lib/python3.8/site-packages/airflow/example_dags/example_branch_operator.py for tasks to queue
[2021-04-04 03:42:41,217] {logging_mixin.py:104} INFO - [2021-04-04 03:42:41,217] {dagbag.py:448} INFO - Filling up the DagBag from /home/prathamesh/PycharmProjects/airflow-project/venv/lib/python3.8/site-packages/airflow/example_dags/example_branch_operator.py
[2021-04-04 03:42:41,230] {scheduler_job.py:639} INFO - DAG(s) dict_keys(['example_branch_operator']) retrieved from /home/prathamesh/PycharmProjects/airflow-project/venv/lib/python3.8/site-packages/airflow/example_dags/example_branch_operator.py
[2021-04-04 03:42:41,239] {logging_mixin.py:104} INFO - [2021-04-04 03:42:41,239] {dag.py:1818} INFO - Sync 1 DAGs
[2021-04-04 03:42:41,251] {logging_mixin.py:104} INFO - [2021-04-04 03:42:41,251] {dag.py:2273} INFO - Setting next_dagrun for example_branch_operator to 2021-04-02 00:00:00+00:00
[2021-04-04 03:42:41,256] {scheduler_job.py:190} INFO - Processing /home/prathamesh/PycharmProjects/airflow-project/venv/lib/python3.8/site-packages/airflow/example_dags/example_branch_operator.py took 0.043 seconds
[2021-04-04 03:43:12,108] {scheduler_job.py:182} INFO - Started process (PID=3676) to work on /home/prathamesh/PycharmProjects/airflow-project/venv/lib/python3.8/site-packages/airflow/example_dags/example_branch_operator.py
[2021-04-04 03:43:12,110] {scheduler_job.py:629} INFO - Processing file /home/prathamesh/PycharmProjects/airflow-project/venv/lib/python3.8/site-packages/airflow/example_dags/example_branch_operator.py for tasks to queue
[2021-04-04 03:43:12,110] {logging_mixin.py:104} INFO - [2021-04-04 03:43:12,110] {dagbag.py:448} INFO - Filling up the DagBag from /home/prathamesh/PycharmProjects/airflow-project/venv/lib/python3.8/site-packages/airflow/example_dags/example_branch_operator.py
[2021-04-04 03:43:12,126] {scheduler_job.py:639} INFO - DAG(s) dict_keys(['example_branch_operator']) retrieved from /home/prathamesh/PycharmProjects/airflow-project/venv/lib/python3.8/site-packages/airflow/example_dags/example_branch_operator.py
[2021-04-04 03:43:12,183] {logging_mixin.py:104} INFO - [2021-04-04 03:43:12,183] {dag.py:1818} INFO - Sync 1 DAGs
[2021-04-04 03:43:12,208] {logging_mixin.py:104} INFO - [2021-04-04 03:43:12,208] {dag.py:2273} INFO - Setting next_dagrun for example_branch_operator to 2021-04-02 00:00:00+00:00
[2021-04-04 03:43:12,213] {scheduler_job.py:190} INFO - Processing /home/prathamesh/PycharmProjects/airflow-project/venv/lib/python3.8/site-packages/airflow/example_dags/example_branch_operator.py took 0.111 seconds
[2021-04-04 03:43:42,776] {scheduler_job.py:182} INFO - Started process (PID=3718) to work on /home/prathamesh/PycharmProjects/airflow-project/venv/lib/python3.8/site-packages/airflow/example_dags/example_branch_operator.py
[2021-04-04 03:43:42,777] {scheduler_job.py:629} INFO - Processing file /home/prathamesh/PycharmProjects/airflow-project/venv/lib/python3.8/site-packages/airflow/example_dags/example_branch_operator.py for tasks to queue
[2021-04-04 03:43:42,777] {logging_mixin.py:104} INFO - [2021-04-04 03:43:42,777] {dagbag.py:448} INFO - Filling up the DagBag from /home/prathamesh/PycharmProjects/airflow-project/venv/lib/python3.8/site-packages/airflow/example_dags/example_branch_operator.py
[2021-04-04 03:43:42,794] {scheduler_job.py:639} INFO - DAG(s) dict_keys(['example_branch_operator']) retrieved from /home/prathamesh/PycharmProjects/airflow-project/venv/lib/python3.8/site-packages/airflow/example_dags/example_branch_operator.py
[2021-04-04 03:43:42,807] {logging_mixin.py:104} INFO - [2021-04-04 03:43:42,807] {dag.py:1818} INFO - Sync 1 DAGs
[2021-04-04 03:43:42,824] {logging_mixin.py:104} INFO - [2021-04-04 03:43:42,824] {dag.py:2273} INFO - Setting next_dagrun for example_branch_operator to 2021-04-02 00:00:00+00:00
[2021-04-04 03:43:42,829] {scheduler_job.py:190} INFO - Processing /home/prathamesh/PycharmProjects/airflow-project/venv/lib/python3.8/site-packages/airflow/example_dags/example_branch_operator.py took 0.074 seconds
[2021-04-04 03:44:13,189] {scheduler_job.py:182} INFO - Started process (PID=3749) to work on /home/prathamesh/PycharmProjects/airflow-project/venv/lib/python3.8/site-packages/airflow/example_dags/example_branch_operator.py
[2021-04-04 03:44:13,190] {scheduler_job.py:629} INFO - Processing file /home/prathamesh/PycharmProjects/airflow-project/venv/lib/python3.8/site-packages/airflow/example_dags/example_branch_operator.py for tasks to queue
[2021-04-04 03:44:13,190] {logging_mixin.py:104} INFO - [2021-04-04 03:44:13,190] {dagbag.py:448} INFO - Filling up the DagBag from /home/prathamesh/PycharmProjects/airflow-project/venv/lib/python3.8/site-packages/airflow/example_dags/example_branch_operator.py
[2021-04-04 03:44:13,201] {scheduler_job.py:639} INFO - DAG(s) dict_keys(['example_branch_operator']) retrieved from /home/prathamesh/PycharmProjects/airflow-project/venv/lib/python3.8/site-packages/airflow/example_dags/example_branch_operator.py
[2021-04-04 03:44:13,210] {logging_mixin.py:104} INFO - [2021-04-04 03:44:13,210] {dag.py:1818} INFO - Sync 1 DAGs
[2021-04-04 03:44:13,219] {logging_mixin.py:104} INFO - [2021-04-04 03:44:13,219] {dag.py:2273} INFO - Setting next_dagrun for example_branch_operator to 2021-04-02 00:00:00+00:00
[2021-04-04 03:44:13,223] {scheduler_job.py:190} INFO - Processing /home/prathamesh/PycharmProjects/airflow-project/venv/lib/python3.8/site-packages/airflow/example_dags/example_branch_operator.py took 0.036 seconds
[2021-04-04 03:44:44,802] {scheduler_job.py:182} INFO - Started process (PID=3778) to work on /home/prathamesh/PycharmProjects/airflow-project/venv/lib/python3.8/site-packages/airflow/example_dags/example_branch_operator.py
[2021-04-04 03:44:44,803] {scheduler_job.py:629} INFO - Processing file /home/prathamesh/PycharmProjects/airflow-project/venv/lib/python3.8/site-packages/airflow/example_dags/example_branch_operator.py for tasks to queue
[2021-04-04 03:44:44,803] {logging_mixin.py:104} INFO - [2021-04-04 03:44:44,803] {dagbag.py:448} INFO - Filling up the DagBag from /home/prathamesh/PycharmProjects/airflow-project/venv/lib/python3.8/site-packages/airflow/example_dags/example_branch_operator.py
[2021-04-04 03:44:44,813] {scheduler_job.py:639} INFO - DAG(s) dict_keys(['example_branch_operator']) retrieved from /home/prathamesh/PycharmProjects/airflow-project/venv/lib/python3.8/site-packages/airflow/example_dags/example_branch_operator.py
[2021-04-04 03:44:44,826] {logging_mixin.py:104} INFO - [2021-04-04 03:44:44,825] {dag.py:1818} INFO - Sync 1 DAGs
[2021-04-04 03:44:44,839] {logging_mixin.py:104} INFO - [2021-04-04 03:44:44,839] {dag.py:2273} INFO - Setting next_dagrun for example_branch_operator to 2021-04-02 00:00:00+00:00
[2021-04-04 03:44:44,844] {scheduler_job.py:190} INFO - Processing /home/prathamesh/PycharmProjects/airflow-project/venv/lib/python3.8/site-packages/airflow/example_dags/example_branch_operator.py took 0.045 seconds
[2021-04-04 03:45:15,068] {scheduler_job.py:182} INFO - Started process (PID=3902) to work on /home/prathamesh/PycharmProjects/airflow-project/venv/lib/python3.8/site-packages/airflow/example_dags/example_branch_operator.py
[2021-04-04 03:45:15,071] {scheduler_job.py:629} INFO - Processing file /home/prathamesh/PycharmProjects/airflow-project/venv/lib/python3.8/site-packages/airflow/example_dags/example_branch_operator.py for tasks to queue
[2021-04-04 03:45:15,071] {logging_mixin.py:104} INFO - [2021-04-04 03:45:15,071] {dagbag.py:448} INFO - Filling up the DagBag from /home/prathamesh/PycharmProjects/airflow-project/venv/lib/python3.8/site-packages/airflow/example_dags/example_branch_operator.py
[2021-04-04 03:45:15,081] {scheduler_job.py:639} INFO - DAG(s) dict_keys(['example_branch_operator']) retrieved from /home/prathamesh/PycharmProjects/airflow-project/venv/lib/python3.8/site-packages/airflow/example_dags/example_branch_operator.py
[2021-04-04 03:45:15,090] {logging_mixin.py:104} INFO - [2021-04-04 03:45:15,090] {dag.py:1818} INFO - Sync 1 DAGs
[2021-04-04 03:45:15,100] {logging_mixin.py:104} INFO - [2021-04-04 03:45:15,100] {dag.py:2273} INFO - Setting next_dagrun for example_branch_operator to 2021-04-02 00:00:00+00:00
[2021-04-04 03:45:15,104] {scheduler_job.py:190} INFO - Processing /home/prathamesh/PycharmProjects/airflow-project/venv/lib/python3.8/site-packages/airflow/example_dags/example_branch_operator.py took 0.039 seconds
[2021-04-04 03:54:03,332] {scheduler_job.py:182} INFO - Started process (PID=4527) to work on /home/prathamesh/PycharmProjects/airflow-project/venv/lib/python3.8/site-packages/airflow/example_dags/example_branch_operator.py
[2021-04-04 03:54:03,337] {scheduler_job.py:629} INFO - Processing file /home/prathamesh/PycharmProjects/airflow-project/venv/lib/python3.8/site-packages/airflow/example_dags/example_branch_operator.py for tasks to queue
[2021-04-04 03:54:03,337] {logging_mixin.py:104} INFO - [2021-04-04 03:54:03,337] {dagbag.py:448} INFO - Filling up the DagBag from /home/prathamesh/PycharmProjects/airflow-project/venv/lib/python3.8/site-packages/airflow/example_dags/example_branch_operator.py
[2021-04-04 03:54:03,345] {scheduler_job.py:639} INFO - DAG(s) dict_keys(['example_branch_operator']) retrieved from /home/prathamesh/PycharmProjects/airflow-project/venv/lib/python3.8/site-packages/airflow/example_dags/example_branch_operator.py
[2021-04-04 03:54:03,458] {logging_mixin.py:104} INFO - [2021-04-04 03:54:03,458] {dag.py:1818} INFO - Sync 1 DAGs
[2021-04-04 03:54:03,568] {logging_mixin.py:104} INFO - [2021-04-04 03:54:03,568] {dag.py:2273} INFO - Setting next_dagrun for example_branch_operator to 2021-04-02 00:00:00+00:00
[2021-04-04 03:54:03,610] {scheduler_job.py:190} INFO - Processing /home/prathamesh/PycharmProjects/airflow-project/venv/lib/python3.8/site-packages/airflow/example_dags/example_branch_operator.py took 0.281 seconds
[2021-04-04 03:54:34,257] {scheduler_job.py:182} INFO - Started process (PID=4565) to work on /home/prathamesh/PycharmProjects/airflow-project/venv/lib/python3.8/site-packages/airflow/example_dags/example_branch_operator.py
[2021-04-04 03:54:34,258] {scheduler_job.py:629} INFO - Processing file /home/prathamesh/PycharmProjects/airflow-project/venv/lib/python3.8/site-packages/airflow/example_dags/example_branch_operator.py for tasks to queue
[2021-04-04 03:54:34,258] {logging_mixin.py:104} INFO - [2021-04-04 03:54:34,258] {dagbag.py:448} INFO - Filling up the DagBag from /home/prathamesh/PycharmProjects/airflow-project/venv/lib/python3.8/site-packages/airflow/example_dags/example_branch_operator.py
[2021-04-04 03:54:34,269] {scheduler_job.py:639} INFO - DAG(s) dict_keys(['example_branch_operator']) retrieved from /home/prathamesh/PycharmProjects/airflow-project/venv/lib/python3.8/site-packages/airflow/example_dags/example_branch_operator.py
[2021-04-04 03:54:34,280] {logging_mixin.py:104} INFO - [2021-04-04 03:54:34,280] {dag.py:1818} INFO - Sync 1 DAGs
[2021-04-04 03:54:34,295] {logging_mixin.py:104} INFO - [2021-04-04 03:54:34,295] {dag.py:2273} INFO - Setting next_dagrun for example_branch_operator to 2021-04-02 00:00:00+00:00
[2021-04-04 03:54:34,301] {scheduler_job.py:190} INFO - Processing /home/prathamesh/PycharmProjects/airflow-project/venv/lib/python3.8/site-packages/airflow/example_dags/example_branch_operator.py took 0.047 seconds
[2021-04-04 03:55:05,099] {scheduler_job.py:182} INFO - Started process (PID=4593) to work on /home/prathamesh/PycharmProjects/airflow-project/venv/lib/python3.8/site-packages/airflow/example_dags/example_branch_operator.py
[2021-04-04 03:55:05,100] {scheduler_job.py:629} INFO - Processing file /home/prathamesh/PycharmProjects/airflow-project/venv/lib/python3.8/site-packages/airflow/example_dags/example_branch_operator.py for tasks to queue
[2021-04-04 03:55:05,100] {logging_mixin.py:104} INFO - [2021-04-04 03:55:05,100] {dagbag.py:448} INFO - Filling up the DagBag from /home/prathamesh/PycharmProjects/airflow-project/venv/lib/python3.8/site-packages/airflow/example_dags/example_branch_operator.py
[2021-04-04 03:55:05,111] {scheduler_job.py:639} INFO - DAG(s) dict_keys(['example_branch_operator']) retrieved from /home/prathamesh/PycharmProjects/airflow-project/venv/lib/python3.8/site-packages/airflow/example_dags/example_branch_operator.py
[2021-04-04 03:55:05,124] {logging_mixin.py:104} INFO - [2021-04-04 03:55:05,124] {dag.py:1818} INFO - Sync 1 DAGs
[2021-04-04 03:55:05,142] {logging_mixin.py:104} INFO - [2021-04-04 03:55:05,142] {dag.py:2273} INFO - Setting next_dagrun for example_branch_operator to 2021-04-02 00:00:00+00:00
[2021-04-04 03:55:05,149] {scheduler_job.py:190} INFO - Processing /home/prathamesh/PycharmProjects/airflow-project/venv/lib/python3.8/site-packages/airflow/example_dags/example_branch_operator.py took 0.052 seconds
[2021-04-04 03:55:35,381] {scheduler_job.py:182} INFO - Started process (PID=4625) to work on /home/prathamesh/PycharmProjects/airflow-project/venv/lib/python3.8/site-packages/airflow/example_dags/example_branch_operator.py
[2021-04-04 03:55:35,381] {scheduler_job.py:629} INFO - Processing file /home/prathamesh/PycharmProjects/airflow-project/venv/lib/python3.8/site-packages/airflow/example_dags/example_branch_operator.py for tasks to queue
[2021-04-04 03:55:35,382] {logging_mixin.py:104} INFO - [2021-04-04 03:55:35,382] {dagbag.py:448} INFO - Filling up the DagBag from /home/prathamesh/PycharmProjects/airflow-project/venv/lib/python3.8/site-packages/airflow/example_dags/example_branch_operator.py
[2021-04-04 03:55:35,392] {scheduler_job.py:639} INFO - DAG(s) dict_keys(['example_branch_operator']) retrieved from /home/prathamesh/PycharmProjects/airflow-project/venv/lib/python3.8/site-packages/airflow/example_dags/example_branch_operator.py
[2021-04-04 03:55:35,406] {logging_mixin.py:104} INFO - [2021-04-04 03:55:35,406] {dag.py:1818} INFO - Sync 1 DAGs
[2021-04-04 03:55:35,427] {logging_mixin.py:104} INFO - [2021-04-04 03:55:35,427] {dag.py:2273} INFO - Setting next_dagrun for example_branch_operator to 2021-04-02 00:00:00+00:00
[2021-04-04 03:55:35,434] {scheduler_job.py:190} INFO - Processing /home/prathamesh/PycharmProjects/airflow-project/venv/lib/python3.8/site-packages/airflow/example_dags/example_branch_operator.py took 0.056 seconds
[2021-04-04 03:56:06,276] {scheduler_job.py:182} INFO - Started process (PID=4677) to work on /home/prathamesh/PycharmProjects/airflow-project/venv/lib/python3.8/site-packages/airflow/example_dags/example_branch_operator.py
[2021-04-04 03:56:06,277] {scheduler_job.py:629} INFO - Processing file /home/prathamesh/PycharmProjects/airflow-project/venv/lib/python3.8/site-packages/airflow/example_dags/example_branch_operator.py for tasks to queue
[2021-04-04 03:56:06,277] {logging_mixin.py:104} INFO - [2021-04-04 03:56:06,277] {dagbag.py:448} INFO - Filling up the DagBag from /home/prathamesh/PycharmProjects/airflow-project/venv/lib/python3.8/site-packages/airflow/example_dags/example_branch_operator.py
[2021-04-04 03:56:06,286] {scheduler_job.py:639} INFO - DAG(s) dict_keys(['example_branch_operator']) retrieved from /home/prathamesh/PycharmProjects/airflow-project/venv/lib/python3.8/site-packages/airflow/example_dags/example_branch_operator.py
[2021-04-04 03:56:06,296] {logging_mixin.py:104} INFO - [2021-04-04 03:56:06,296] {dag.py:1818} INFO - Sync 1 DAGs
[2021-04-04 03:56:06,309] {logging_mixin.py:104} INFO - [2021-04-04 03:56:06,309] {dag.py:2273} INFO - Setting next_dagrun for example_branch_operator to 2021-04-02 00:00:00+00:00
[2021-04-04 03:56:06,313] {scheduler_job.py:190} INFO - Processing /home/prathamesh/PycharmProjects/airflow-project/venv/lib/python3.8/site-packages/airflow/example_dags/example_branch_operator.py took 0.039 seconds
[2021-04-04 03:56:36,959] {scheduler_job.py:182} INFO - Started process (PID=4709) to work on /home/prathamesh/PycharmProjects/airflow-project/venv/lib/python3.8/site-packages/airflow/example_dags/example_branch_operator.py
[2021-04-04 03:56:36,960] {scheduler_job.py:629} INFO - Processing file /home/prathamesh/PycharmProjects/airflow-project/venv/lib/python3.8/site-packages/airflow/example_dags/example_branch_operator.py for tasks to queue
[2021-04-04 03:56:36,960] {logging_mixin.py:104} INFO - [2021-04-04 03:56:36,960] {dagbag.py:448} INFO - Filling up the DagBag from /home/prathamesh/PycharmProjects/airflow-project/venv/lib/python3.8/site-packages/airflow/example_dags/example_branch_operator.py
[2021-04-04 03:56:36,970] {scheduler_job.py:639} INFO - DAG(s) dict_keys(['example_branch_operator']) retrieved from /home/prathamesh/PycharmProjects/airflow-project/venv/lib/python3.8/site-packages/airflow/example_dags/example_branch_operator.py
[2021-04-04 03:56:36,988] {logging_mixin.py:104} INFO - [2021-04-04 03:56:36,987] {dag.py:1818} INFO - Sync 1 DAGs
[2021-04-04 03:56:37,000] {logging_mixin.py:104} INFO - [2021-04-04 03:56:37,000] {dag.py:2273} INFO - Setting next_dagrun for example_branch_operator to 2021-04-02 00:00:00+00:00
[2021-04-04 03:56:37,008] {scheduler_job.py:190} INFO - Processing /home/prathamesh/PycharmProjects/airflow-project/venv/lib/python3.8/site-packages/airflow/example_dags/example_branch_operator.py took 0.051 seconds
[2021-04-04 03:57:07,867] {scheduler_job.py:182} INFO - Started process (PID=4742) to work on /home/prathamesh/PycharmProjects/airflow-project/venv/lib/python3.8/site-packages/airflow/example_dags/example_branch_operator.py
[2021-04-04 03:57:07,868] {scheduler_job.py:629} INFO - Processing file /home/prathamesh/PycharmProjects/airflow-project/venv/lib/python3.8/site-packages/airflow/example_dags/example_branch_operator.py for tasks to queue
[2021-04-04 03:57:07,870] {logging_mixin.py:104} INFO - [2021-04-04 03:57:07,870] {dagbag.py:448} INFO - Filling up the DagBag from /home/prathamesh/PycharmProjects/airflow-project/venv/lib/python3.8/site-packages/airflow/example_dags/example_branch_operator.py
[2021-04-04 03:57:07,882] {scheduler_job.py:639} INFO - DAG(s) dict_keys(['example_branch_operator']) retrieved from /home/prathamesh/PycharmProjects/airflow-project/venv/lib/python3.8/site-packages/airflow/example_dags/example_branch_operator.py
[2021-04-04 03:57:07,902] {logging_mixin.py:104} INFO - [2021-04-04 03:57:07,902] {dag.py:1818} INFO - Sync 1 DAGs
[2021-04-04 03:57:07,916] {logging_mixin.py:104} INFO - [2021-04-04 03:57:07,916] {dag.py:2273} INFO - Setting next_dagrun for example_branch_operator to 2021-04-02 00:00:00+00:00
[2021-04-04 03:57:07,927] {scheduler_job.py:190} INFO - Processing /home/prathamesh/PycharmProjects/airflow-project/venv/lib/python3.8/site-packages/airflow/example_dags/example_branch_operator.py took 0.062 seconds
[2021-04-04 03:57:37,995] {scheduler_job.py:182} INFO - Started process (PID=4772) to work on /home/prathamesh/PycharmProjects/airflow-project/venv/lib/python3.8/site-packages/airflow/example_dags/example_branch_operator.py
[2021-04-04 03:57:37,996] {scheduler_job.py:629} INFO - Processing file /home/prathamesh/PycharmProjects/airflow-project/venv/lib/python3.8/site-packages/airflow/example_dags/example_branch_operator.py for tasks to queue
[2021-04-04 03:57:37,997] {logging_mixin.py:104} INFO - [2021-04-04 03:57:37,997] {dagbag.py:448} INFO - Filling up the DagBag from /home/prathamesh/PycharmProjects/airflow-project/venv/lib/python3.8/site-packages/airflow/example_dags/example_branch_operator.py
[2021-04-04 03:57:38,006] {scheduler_job.py:639} INFO - DAG(s) dict_keys(['example_branch_operator']) retrieved from /home/prathamesh/PycharmProjects/airflow-project/venv/lib/python3.8/site-packages/airflow/example_dags/example_branch_operator.py
[2021-04-04 03:57:38,036] {logging_mixin.py:104} INFO - [2021-04-04 03:57:38,036] {dag.py:1818} INFO - Sync 1 DAGs
[2021-04-04 03:57:38,049] {logging_mixin.py:104} INFO - [2021-04-04 03:57:38,049] {dag.py:2273} INFO - Setting next_dagrun for example_branch_operator to 2021-04-02 00:00:00+00:00
[2021-04-04 03:57:38,055] {scheduler_job.py:190} INFO - Processing /home/prathamesh/PycharmProjects/airflow-project/venv/lib/python3.8/site-packages/airflow/example_dags/example_branch_operator.py took 0.062 seconds
[2021-04-04 03:58:09,246] {scheduler_job.py:182} INFO - Started process (PID=4801) to work on /home/prathamesh/PycharmProjects/airflow-project/venv/lib/python3.8/site-packages/airflow/example_dags/example_branch_operator.py
[2021-04-04 03:58:09,247] {scheduler_job.py:629} INFO - Processing file /home/prathamesh/PycharmProjects/airflow-project/venv/lib/python3.8/site-packages/airflow/example_dags/example_branch_operator.py for tasks to queue
[2021-04-04 03:58:09,247] {logging_mixin.py:104} INFO - [2021-04-04 03:58:09,247] {dagbag.py:448} INFO - Filling up the DagBag from /home/prathamesh/PycharmProjects/airflow-project/venv/lib/python3.8/site-packages/airflow/example_dags/example_branch_operator.py
[2021-04-04 03:58:09,257] {scheduler_job.py:639} INFO - DAG(s) dict_keys(['example_branch_operator']) retrieved from /home/prathamesh/PycharmProjects/airflow-project/venv/lib/python3.8/site-packages/airflow/example_dags/example_branch_operator.py
[2021-04-04 03:58:09,285] {logging_mixin.py:104} INFO - [2021-04-04 03:58:09,285] {dag.py:1818} INFO - Sync 1 DAGs
[2021-04-04 03:58:09,326] {logging_mixin.py:104} INFO - [2021-04-04 03:58:09,326] {dag.py:2273} INFO - Setting next_dagrun for example_branch_operator to 2021-04-02 00:00:00+00:00
[2021-04-04 03:58:09,335] {scheduler_job.py:190} INFO - Processing /home/prathamesh/PycharmProjects/airflow-project/venv/lib/python3.8/site-packages/airflow/example_dags/example_branch_operator.py took 0.092 seconds
[2021-04-04 04:07:59,411] {scheduler_job.py:182} INFO - Started process (PID=4983) to work on /home/prathamesh/PycharmProjects/airflow-project/venv/lib/python3.8/site-packages/airflow/example_dags/example_branch_operator.py
[2021-04-04 04:07:59,414] {scheduler_job.py:629} INFO - Processing file /home/prathamesh/PycharmProjects/airflow-project/venv/lib/python3.8/site-packages/airflow/example_dags/example_branch_operator.py for tasks to queue
[2021-04-04 04:07:59,414] {logging_mixin.py:104} INFO - [2021-04-04 04:07:59,414] {dagbag.py:448} INFO - Filling up the DagBag from /home/prathamesh/PycharmProjects/airflow-project/venv/lib/python3.8/site-packages/airflow/example_dags/example_branch_operator.py
[2021-04-04 04:07:59,426] {scheduler_job.py:639} INFO - DAG(s) dict_keys(['example_branch_operator']) retrieved from /home/prathamesh/PycharmProjects/airflow-project/venv/lib/python3.8/site-packages/airflow/example_dags/example_branch_operator.py
[2021-04-04 04:07:59,441] {logging_mixin.py:104} INFO - [2021-04-04 04:07:59,441] {dag.py:1818} INFO - Sync 1 DAGs
[2021-04-04 04:07:59,457] {logging_mixin.py:104} INFO - [2021-04-04 04:07:59,457] {dag.py:2273} INFO - Setting next_dagrun for example_branch_operator to 2021-04-02 00:00:00+00:00
[2021-04-04 04:07:59,475] {scheduler_job.py:190} INFO - Processing /home/prathamesh/PycharmProjects/airflow-project/venv/lib/python3.8/site-packages/airflow/example_dags/example_branch_operator.py took 0.067 seconds
[2021-04-04 04:08:30,235] {scheduler_job.py:182} INFO - Started process (PID=5024) to work on /home/prathamesh/PycharmProjects/airflow-project/venv/lib/python3.8/site-packages/airflow/example_dags/example_branch_operator.py
[2021-04-04 04:08:30,236] {scheduler_job.py:629} INFO - Processing file /home/prathamesh/PycharmProjects/airflow-project/venv/lib/python3.8/site-packages/airflow/example_dags/example_branch_operator.py for tasks to queue
[2021-04-04 04:08:30,236] {logging_mixin.py:104} INFO - [2021-04-04 04:08:30,236] {dagbag.py:448} INFO - Filling up the DagBag from /home/prathamesh/PycharmProjects/airflow-project/venv/lib/python3.8/site-packages/airflow/example_dags/example_branch_operator.py
[2021-04-04 04:08:30,245] {scheduler_job.py:639} INFO - DAG(s) dict_keys(['example_branch_operator']) retrieved from /home/prathamesh/PycharmProjects/airflow-project/venv/lib/python3.8/site-packages/airflow/example_dags/example_branch_operator.py
[2021-04-04 04:08:30,258] {logging_mixin.py:104} INFO - [2021-04-04 04:08:30,258] {dag.py:1818} INFO - Sync 1 DAGs
[2021-04-04 04:08:30,270] {logging_mixin.py:104} INFO - [2021-04-04 04:08:30,270] {dag.py:2273} INFO - Setting next_dagrun for example_branch_operator to 2021-04-02 00:00:00+00:00
[2021-04-04 04:08:30,275] {scheduler_job.py:190} INFO - Processing /home/prathamesh/PycharmProjects/airflow-project/venv/lib/python3.8/site-packages/airflow/example_dags/example_branch_operator.py took 0.043 seconds
[2021-04-04 04:09:00,818] {scheduler_job.py:182} INFO - Started process (PID=5051) to work on /home/prathamesh/PycharmProjects/airflow-project/venv/lib/python3.8/site-packages/airflow/example_dags/example_branch_operator.py
[2021-04-04 04:09:00,820] {scheduler_job.py:629} INFO - Processing file /home/prathamesh/PycharmProjects/airflow-project/venv/lib/python3.8/site-packages/airflow/example_dags/example_branch_operator.py for tasks to queue
[2021-04-04 04:09:00,821] {logging_mixin.py:104} INFO - [2021-04-04 04:09:00,820] {dagbag.py:448} INFO - Filling up the DagBag from /home/prathamesh/PycharmProjects/airflow-project/venv/lib/python3.8/site-packages/airflow/example_dags/example_branch_operator.py
[2021-04-04 04:09:00,831] {scheduler_job.py:639} INFO - DAG(s) dict_keys(['example_branch_operator']) retrieved from /home/prathamesh/PycharmProjects/airflow-project/venv/lib/python3.8/site-packages/airflow/example_dags/example_branch_operator.py
[2021-04-04 04:09:00,846] {logging_mixin.py:104} INFO - [2021-04-04 04:09:00,846] {dag.py:1818} INFO - Sync 1 DAGs
[2021-04-04 04:09:00,859] {logging_mixin.py:104} INFO - [2021-04-04 04:09:00,859] {dag.py:2273} INFO - Setting next_dagrun for example_branch_operator to 2021-04-02 00:00:00+00:00
[2021-04-04 04:09:00,864] {scheduler_job.py:190} INFO - Processing /home/prathamesh/PycharmProjects/airflow-project/venv/lib/python3.8/site-packages/airflow/example_dags/example_branch_operator.py took 0.049 seconds
[2021-04-04 04:09:32,230] {scheduler_job.py:182} INFO - Started process (PID=5090) to work on /home/prathamesh/PycharmProjects/airflow-project/venv/lib/python3.8/site-packages/airflow/example_dags/example_branch_operator.py
[2021-04-04 04:09:32,230] {scheduler_job.py:629} INFO - Processing file /home/prathamesh/PycharmProjects/airflow-project/venv/lib/python3.8/site-packages/airflow/example_dags/example_branch_operator.py for tasks to queue
[2021-04-04 04:09:32,231] {logging_mixin.py:104} INFO - [2021-04-04 04:09:32,231] {dagbag.py:448} INFO - Filling up the DagBag from /home/prathamesh/PycharmProjects/airflow-project/venv/lib/python3.8/site-packages/airflow/example_dags/example_branch_operator.py
[2021-04-04 04:09:32,240] {scheduler_job.py:639} INFO - DAG(s) dict_keys(['example_branch_operator']) retrieved from /home/prathamesh/PycharmProjects/airflow-project/venv/lib/python3.8/site-packages/airflow/example_dags/example_branch_operator.py
[2021-04-04 04:09:32,251] {logging_mixin.py:104} INFO - [2021-04-04 04:09:32,251] {dag.py:1818} INFO - Sync 1 DAGs
[2021-04-04 04:09:32,262] {logging_mixin.py:104} INFO - [2021-04-04 04:09:32,262] {dag.py:2273} INFO - Setting next_dagrun for example_branch_operator to 2021-04-02 00:00:00+00:00
[2021-04-04 04:09:32,269] {scheduler_job.py:190} INFO - Processing /home/prathamesh/PycharmProjects/airflow-project/venv/lib/python3.8/site-packages/airflow/example_dags/example_branch_operator.py took 0.042 seconds
[2021-04-04 04:10:03,092] {scheduler_job.py:182} INFO - Started process (PID=5136) to work on /home/prathamesh/PycharmProjects/airflow-project/venv/lib/python3.8/site-packages/airflow/example_dags/example_branch_operator.py
[2021-04-04 04:10:03,113] {scheduler_job.py:629} INFO - Processing file /home/prathamesh/PycharmProjects/airflow-project/venv/lib/python3.8/site-packages/airflow/example_dags/example_branch_operator.py for tasks to queue
[2021-04-04 04:10:03,113] {logging_mixin.py:104} INFO - [2021-04-04 04:10:03,113] {dagbag.py:448} INFO - Filling up the DagBag from /home/prathamesh/PycharmProjects/airflow-project/venv/lib/python3.8/site-packages/airflow/example_dags/example_branch_operator.py
[2021-04-04 04:10:03,198] {scheduler_job.py:639} INFO - DAG(s) dict_keys(['example_branch_operator']) retrieved from /home/prathamesh/PycharmProjects/airflow-project/venv/lib/python3.8/site-packages/airflow/example_dags/example_branch_operator.py
[2021-04-04 04:10:03,254] {logging_mixin.py:104} INFO - [2021-04-04 04:10:03,254] {dag.py:1818} INFO - Sync 1 DAGs
[2021-04-04 04:10:03,265] {logging_mixin.py:104} INFO - [2021-04-04 04:10:03,265] {dag.py:2273} INFO - Setting next_dagrun for example_branch_operator to 2021-04-02 00:00:00+00:00
[2021-04-04 04:10:03,269] {scheduler_job.py:190} INFO - Processing /home/prathamesh/PycharmProjects/airflow-project/venv/lib/python3.8/site-packages/airflow/example_dags/example_branch_operator.py took 0.188 seconds
[2021-04-04 04:10:33,472] {scheduler_job.py:182} INFO - Started process (PID=5183) to work on /home/prathamesh/PycharmProjects/airflow-project/venv/lib/python3.8/site-packages/airflow/example_dags/example_branch_operator.py
[2021-04-04 04:10:33,473] {scheduler_job.py:629} INFO - Processing file /home/prathamesh/PycharmProjects/airflow-project/venv/lib/python3.8/site-packages/airflow/example_dags/example_branch_operator.py for tasks to queue
[2021-04-04 04:10:33,474] {logging_mixin.py:104} INFO - [2021-04-04 04:10:33,474] {dagbag.py:448} INFO - Filling up the DagBag from /home/prathamesh/PycharmProjects/airflow-project/venv/lib/python3.8/site-packages/airflow/example_dags/example_branch_operator.py
[2021-04-04 04:10:33,483] {scheduler_job.py:639} INFO - DAG(s) dict_keys(['example_branch_operator']) retrieved from /home/prathamesh/PycharmProjects/airflow-project/venv/lib/python3.8/site-packages/airflow/example_dags/example_branch_operator.py
[2021-04-04 04:10:33,496] {logging_mixin.py:104} INFO - [2021-04-04 04:10:33,496] {dag.py:1818} INFO - Sync 1 DAGs
[2021-04-04 04:10:33,521] {logging_mixin.py:104} INFO - [2021-04-04 04:10:33,521] {dag.py:2273} INFO - Setting next_dagrun for example_branch_operator to 2021-04-02 00:00:00+00:00
[2021-04-04 04:10:33,527] {scheduler_job.py:190} INFO - Processing /home/prathamesh/PycharmProjects/airflow-project/venv/lib/python3.8/site-packages/airflow/example_dags/example_branch_operator.py took 0.058 seconds
[2021-04-04 04:11:03,966] {scheduler_job.py:182} INFO - Started process (PID=5214) to work on /home/prathamesh/PycharmProjects/airflow-project/venv/lib/python3.8/site-packages/airflow/example_dags/example_branch_operator.py
[2021-04-04 04:11:03,967] {scheduler_job.py:629} INFO - Processing file /home/prathamesh/PycharmProjects/airflow-project/venv/lib/python3.8/site-packages/airflow/example_dags/example_branch_operator.py for tasks to queue
[2021-04-04 04:11:03,967] {logging_mixin.py:104} INFO - [2021-04-04 04:11:03,967] {dagbag.py:448} INFO - Filling up the DagBag from /home/prathamesh/PycharmProjects/airflow-project/venv/lib/python3.8/site-packages/airflow/example_dags/example_branch_operator.py
[2021-04-04 04:11:03,979] {scheduler_job.py:639} INFO - DAG(s) dict_keys(['example_branch_operator']) retrieved from /home/prathamesh/PycharmProjects/airflow-project/venv/lib/python3.8/site-packages/airflow/example_dags/example_branch_operator.py
[2021-04-04 04:11:03,994] {logging_mixin.py:104} INFO - [2021-04-04 04:11:03,994] {dag.py:1818} INFO - Sync 1 DAGs
[2021-04-04 04:11:04,023] {logging_mixin.py:104} INFO - [2021-04-04 04:11:04,023] {dag.py:2273} INFO - Setting next_dagrun for example_branch_operator to 2021-04-02 00:00:00+00:00
[2021-04-04 04:11:04,034] {scheduler_job.py:190} INFO - Processing /home/prathamesh/PycharmProjects/airflow-project/venv/lib/python3.8/site-packages/airflow/example_dags/example_branch_operator.py took 0.072 seconds
[2021-04-04 04:11:35,797] {scheduler_job.py:182} INFO - Started process (PID=5272) to work on /home/prathamesh/PycharmProjects/airflow-project/venv/lib/python3.8/site-packages/airflow/example_dags/example_branch_operator.py
[2021-04-04 04:11:35,798] {scheduler_job.py:629} INFO - Processing file /home/prathamesh/PycharmProjects/airflow-project/venv/lib/python3.8/site-packages/airflow/example_dags/example_branch_operator.py for tasks to queue
[2021-04-04 04:11:35,798] {logging_mixin.py:104} INFO - [2021-04-04 04:11:35,798] {dagbag.py:448} INFO - Filling up the DagBag from /home/prathamesh/PycharmProjects/airflow-project/venv/lib/python3.8/site-packages/airflow/example_dags/example_branch_operator.py
[2021-04-04 04:11:35,806] {scheduler_job.py:639} INFO - DAG(s) dict_keys(['example_branch_operator']) retrieved from /home/prathamesh/PycharmProjects/airflow-project/venv/lib/python3.8/site-packages/airflow/example_dags/example_branch_operator.py
[2021-04-04 04:11:35,817] {logging_mixin.py:104} INFO - [2021-04-04 04:11:35,817] {dag.py:1818} INFO - Sync 1 DAGs
[2021-04-04 04:11:35,830] {logging_mixin.py:104} INFO - [2021-04-04 04:11:35,830] {dag.py:2273} INFO - Setting next_dagrun for example_branch_operator to 2021-04-02 00:00:00+00:00
[2021-04-04 04:11:35,835] {scheduler_job.py:190} INFO - Processing /home/prathamesh/PycharmProjects/airflow-project/venv/lib/python3.8/site-packages/airflow/example_dags/example_branch_operator.py took 0.041 seconds
[2021-04-04 04:12:06,610] {scheduler_job.py:182} INFO - Started process (PID=5308) to work on /home/prathamesh/PycharmProjects/airflow-project/venv/lib/python3.8/site-packages/airflow/example_dags/example_branch_operator.py
[2021-04-04 04:12:06,612] {scheduler_job.py:629} INFO - Processing file /home/prathamesh/PycharmProjects/airflow-project/venv/lib/python3.8/site-packages/airflow/example_dags/example_branch_operator.py for tasks to queue
[2021-04-04 04:12:06,613] {logging_mixin.py:104} INFO - [2021-04-04 04:12:06,613] {dagbag.py:448} INFO - Filling up the DagBag from /home/prathamesh/PycharmProjects/airflow-project/venv/lib/python3.8/site-packages/airflow/example_dags/example_branch_operator.py
[2021-04-04 04:12:06,632] {scheduler_job.py:639} INFO - DAG(s) dict_keys(['example_branch_operator']) retrieved from /home/prathamesh/PycharmProjects/airflow-project/venv/lib/python3.8/site-packages/airflow/example_dags/example_branch_operator.py
[2021-04-04 04:12:06,646] {logging_mixin.py:104} INFO - [2021-04-04 04:12:06,646] {dag.py:1818} INFO - Sync 1 DAGs
[2021-04-04 04:12:06,665] {logging_mixin.py:104} INFO - [2021-04-04 04:12:06,664] {dag.py:2273} INFO - Setting next_dagrun for example_branch_operator to 2021-04-02 00:00:00+00:00
[2021-04-04 04:12:06,676] {scheduler_job.py:190} INFO - Processing /home/prathamesh/PycharmProjects/airflow-project/venv/lib/python3.8/site-packages/airflow/example_dags/example_branch_operator.py took 0.076 seconds
[2021-04-04 04:12:37,219] {scheduler_job.py:182} INFO - Started process (PID=5356) to work on /home/prathamesh/PycharmProjects/airflow-project/venv/lib/python3.8/site-packages/airflow/example_dags/example_branch_operator.py
[2021-04-04 04:12:37,220] {scheduler_job.py:629} INFO - Processing file /home/prathamesh/PycharmProjects/airflow-project/venv/lib/python3.8/site-packages/airflow/example_dags/example_branch_operator.py for tasks to queue
[2021-04-04 04:12:37,221] {logging_mixin.py:104} INFO - [2021-04-04 04:12:37,221] {dagbag.py:448} INFO - Filling up the DagBag from /home/prathamesh/PycharmProjects/airflow-project/venv/lib/python3.8/site-packages/airflow/example_dags/example_branch_operator.py
[2021-04-04 04:12:37,234] {scheduler_job.py:639} INFO - DAG(s) dict_keys(['example_branch_operator']) retrieved from /home/prathamesh/PycharmProjects/airflow-project/venv/lib/python3.8/site-packages/airflow/example_dags/example_branch_operator.py
[2021-04-04 04:12:37,252] {logging_mixin.py:104} INFO - [2021-04-04 04:12:37,252] {dag.py:1818} INFO - Sync 1 DAGs
[2021-04-04 04:12:37,268] {logging_mixin.py:104} INFO - [2021-04-04 04:12:37,268] {dag.py:2273} INFO - Setting next_dagrun for example_branch_operator to 2021-04-02 00:00:00+00:00
[2021-04-04 04:12:37,274] {scheduler_job.py:190} INFO - Processing /home/prathamesh/PycharmProjects/airflow-project/venv/lib/python3.8/site-packages/airflow/example_dags/example_branch_operator.py took 0.056 seconds
[2021-04-04 16:21:47,797] {scheduler_job.py:182} INFO - Started process (PID=3479) to work on /home/prathamesh/PycharmProjects/airflow-project/venv/lib/python3.8/site-packages/airflow/example_dags/example_branch_operator.py
[2021-04-04 16:21:47,842] {scheduler_job.py:629} INFO - Processing file /home/prathamesh/PycharmProjects/airflow-project/venv/lib/python3.8/site-packages/airflow/example_dags/example_branch_operator.py for tasks to queue
[2021-04-04 16:21:47,842] {logging_mixin.py:104} INFO - [2021-04-04 16:21:47,842] {dagbag.py:448} INFO - Filling up the DagBag from /home/prathamesh/PycharmProjects/airflow-project/venv/lib/python3.8/site-packages/airflow/example_dags/example_branch_operator.py
[2021-04-04 16:21:47,851] {scheduler_job.py:639} INFO - DAG(s) dict_keys(['example_branch_operator']) retrieved from /home/prathamesh/PycharmProjects/airflow-project/venv/lib/python3.8/site-packages/airflow/example_dags/example_branch_operator.py
[2021-04-04 16:21:47,952] {logging_mixin.py:104} INFO - [2021-04-04 16:21:47,951] {dag.py:1818} INFO - Sync 1 DAGs
[2021-04-04 16:21:47,987] {logging_mixin.py:104} INFO - [2021-04-04 16:21:47,987] {dag.py:2273} INFO - Setting next_dagrun for example_branch_operator to 2021-04-02 00:00:00+00:00
[2021-04-04 16:21:48,018] {scheduler_job.py:190} INFO - Processing /home/prathamesh/PycharmProjects/airflow-project/venv/lib/python3.8/site-packages/airflow/example_dags/example_branch_operator.py took 0.224 seconds
[2021-04-04 16:22:18,621] {scheduler_job.py:182} INFO - Started process (PID=3551) to work on /home/prathamesh/PycharmProjects/airflow-project/venv/lib/python3.8/site-packages/airflow/example_dags/example_branch_operator.py
[2021-04-04 16:22:18,624] {scheduler_job.py:629} INFO - Processing file /home/prathamesh/PycharmProjects/airflow-project/venv/lib/python3.8/site-packages/airflow/example_dags/example_branch_operator.py for tasks to queue
[2021-04-04 16:22:18,625] {logging_mixin.py:104} INFO - [2021-04-04 16:22:18,625] {dagbag.py:448} INFO - Filling up the DagBag from /home/prathamesh/PycharmProjects/airflow-project/venv/lib/python3.8/site-packages/airflow/example_dags/example_branch_operator.py
[2021-04-04 16:22:18,639] {scheduler_job.py:639} INFO - DAG(s) dict_keys(['example_branch_operator']) retrieved from /home/prathamesh/PycharmProjects/airflow-project/venv/lib/python3.8/site-packages/airflow/example_dags/example_branch_operator.py
[2021-04-04 16:22:18,649] {logging_mixin.py:104} INFO - [2021-04-04 16:22:18,649] {dag.py:1818} INFO - Sync 1 DAGs
[2021-04-04 16:22:18,661] {logging_mixin.py:104} INFO - [2021-04-04 16:22:18,661] {dag.py:2273} INFO - Setting next_dagrun for example_branch_operator to 2021-04-02 00:00:00+00:00
[2021-04-04 16:22:18,668] {scheduler_job.py:190} INFO - Processing /home/prathamesh/PycharmProjects/airflow-project/venv/lib/python3.8/site-packages/airflow/example_dags/example_branch_operator.py took 0.051 seconds
[2021-04-04 16:22:49,160] {scheduler_job.py:182} INFO - Started process (PID=3578) to work on /home/prathamesh/PycharmProjects/airflow-project/venv/lib/python3.8/site-packages/airflow/example_dags/example_branch_operator.py
[2021-04-04 16:22:49,161] {scheduler_job.py:629} INFO - Processing file /home/prathamesh/PycharmProjects/airflow-project/venv/lib/python3.8/site-packages/airflow/example_dags/example_branch_operator.py for tasks to queue
[2021-04-04 16:22:49,161] {logging_mixin.py:104} INFO - [2021-04-04 16:22:49,161] {dagbag.py:448} INFO - Filling up the DagBag from /home/prathamesh/PycharmProjects/airflow-project/venv/lib/python3.8/site-packages/airflow/example_dags/example_branch_operator.py
[2021-04-04 16:22:49,174] {scheduler_job.py:639} INFO - DAG(s) dict_keys(['example_branch_operator']) retrieved from /home/prathamesh/PycharmProjects/airflow-project/venv/lib/python3.8/site-packages/airflow/example_dags/example_branch_operator.py
[2021-04-04 16:22:49,184] {logging_mixin.py:104} INFO - [2021-04-04 16:22:49,184] {dag.py:1818} INFO - Sync 1 DAGs
[2021-04-04 16:22:49,199] {logging_mixin.py:104} INFO - [2021-04-04 16:22:49,199] {dag.py:2273} INFO - Setting next_dagrun for example_branch_operator to 2021-04-02 00:00:00+00:00
[2021-04-04 16:22:49,203] {scheduler_job.py:190} INFO - Processing /home/prathamesh/PycharmProjects/airflow-project/venv/lib/python3.8/site-packages/airflow/example_dags/example_branch_operator.py took 0.045 seconds
[2021-04-04 16:23:19,830] {scheduler_job.py:182} INFO - Started process (PID=3605) to work on /home/prathamesh/PycharmProjects/airflow-project/venv/lib/python3.8/site-packages/airflow/example_dags/example_branch_operator.py
[2021-04-04 16:23:19,831] {scheduler_job.py:629} INFO - Processing file /home/prathamesh/PycharmProjects/airflow-project/venv/lib/python3.8/site-packages/airflow/example_dags/example_branch_operator.py for tasks to queue
[2021-04-04 16:23:19,831] {logging_mixin.py:104} INFO - [2021-04-04 16:23:19,831] {dagbag.py:448} INFO - Filling up the DagBag from /home/prathamesh/PycharmProjects/airflow-project/venv/lib/python3.8/site-packages/airflow/example_dags/example_branch_operator.py
[2021-04-04 16:23:19,841] {scheduler_job.py:639} INFO - DAG(s) dict_keys(['example_branch_operator']) retrieved from /home/prathamesh/PycharmProjects/airflow-project/venv/lib/python3.8/site-packages/airflow/example_dags/example_branch_operator.py
[2021-04-04 16:23:19,850] {logging_mixin.py:104} INFO - [2021-04-04 16:23:19,850] {dag.py:1818} INFO - Sync 1 DAGs
[2021-04-04 16:23:19,862] {logging_mixin.py:104} INFO - [2021-04-04 16:23:19,862] {dag.py:2273} INFO - Setting next_dagrun for example_branch_operator to 2021-04-02 00:00:00+00:00
[2021-04-04 16:23:19,866] {scheduler_job.py:190} INFO - Processing /home/prathamesh/PycharmProjects/airflow-project/venv/lib/python3.8/site-packages/airflow/example_dags/example_branch_operator.py took 0.039 seconds
