[2021-04-04 03:36:33,447] {scheduler_job.py:182} INFO - Started process (PID=3212) to work on /home/prathamesh/PycharmProjects/airflow-project/venv/lib/python3.8/site-packages/airflow/example_dags/example_short_circuit_operator.py
[2021-04-04 03:36:33,448] {scheduler_job.py:629} INFO - Processing file /home/prathamesh/PycharmProjects/airflow-project/venv/lib/python3.8/site-packages/airflow/example_dags/example_short_circuit_operator.py for tasks to queue
[2021-04-04 03:36:33,449] {logging_mixin.py:104} INFO - [2021-04-04 03:36:33,449] {dagbag.py:448} INFO - Filling up the DagBag from /home/prathamesh/PycharmProjects/airflow-project/venv/lib/python3.8/site-packages/airflow/example_dags/example_short_circuit_operator.py
[2021-04-04 03:36:33,472] {scheduler_job.py:639} INFO - DAG(s) dict_keys(['example_short_circuit_operator']) retrieved from /home/prathamesh/PycharmProjects/airflow-project/venv/lib/python3.8/site-packages/airflow/example_dags/example_short_circuit_operator.py
[2021-04-04 03:36:33,481] {logging_mixin.py:104} INFO - [2021-04-04 03:36:33,481] {dag.py:1818} INFO - Sync 1 DAGs
[2021-04-04 03:36:33,491] {logging_mixin.py:104} INFO - [2021-04-04 03:36:33,490] {dag.py:2273} INFO - Setting next_dagrun for example_short_circuit_operator to 2021-04-02 00:00:00+00:00
[2021-04-04 03:36:33,495] {scheduler_job.py:190} INFO - Processing /home/prathamesh/PycharmProjects/airflow-project/venv/lib/python3.8/site-packages/airflow/example_dags/example_short_circuit_operator.py took 0.050 seconds
[2021-04-04 03:37:04,981] {scheduler_job.py:182} INFO - Started process (PID=3245) to work on /home/prathamesh/PycharmProjects/airflow-project/venv/lib/python3.8/site-packages/airflow/example_dags/example_short_circuit_operator.py
[2021-04-04 03:37:04,982] {scheduler_job.py:629} INFO - Processing file /home/prathamesh/PycharmProjects/airflow-project/venv/lib/python3.8/site-packages/airflow/example_dags/example_short_circuit_operator.py for tasks to queue
[2021-04-04 03:37:04,983] {logging_mixin.py:104} INFO - [2021-04-04 03:37:04,983] {dagbag.py:448} INFO - Filling up the DagBag from /home/prathamesh/PycharmProjects/airflow-project/venv/lib/python3.8/site-packages/airflow/example_dags/example_short_circuit_operator.py
[2021-04-04 03:37:04,991] {scheduler_job.py:639} INFO - DAG(s) dict_keys(['example_short_circuit_operator']) retrieved from /home/prathamesh/PycharmProjects/airflow-project/venv/lib/python3.8/site-packages/airflow/example_dags/example_short_circuit_operator.py
[2021-04-04 03:37:05,003] {logging_mixin.py:104} INFO - [2021-04-04 03:37:05,002] {dag.py:1818} INFO - Sync 1 DAGs
[2021-04-04 03:37:05,019] {logging_mixin.py:104} INFO - [2021-04-04 03:37:05,018] {dag.py:2273} INFO - Setting next_dagrun for example_short_circuit_operator to 2021-04-02 00:00:00+00:00
[2021-04-04 03:37:05,028] {scheduler_job.py:190} INFO - Processing /home/prathamesh/PycharmProjects/airflow-project/venv/lib/python3.8/site-packages/airflow/example_dags/example_short_circuit_operator.py took 0.049 seconds
[2021-04-04 03:37:35,868] {scheduler_job.py:182} INFO - Started process (PID=3282) to work on /home/prathamesh/PycharmProjects/airflow-project/venv/lib/python3.8/site-packages/airflow/example_dags/example_short_circuit_operator.py
[2021-04-04 03:37:35,869] {scheduler_job.py:629} INFO - Processing file /home/prathamesh/PycharmProjects/airflow-project/venv/lib/python3.8/site-packages/airflow/example_dags/example_short_circuit_operator.py for tasks to queue
[2021-04-04 03:37:35,870] {logging_mixin.py:104} INFO - [2021-04-04 03:37:35,870] {dagbag.py:448} INFO - Filling up the DagBag from /home/prathamesh/PycharmProjects/airflow-project/venv/lib/python3.8/site-packages/airflow/example_dags/example_short_circuit_operator.py
[2021-04-04 03:37:35,877] {scheduler_job.py:639} INFO - DAG(s) dict_keys(['example_short_circuit_operator']) retrieved from /home/prathamesh/PycharmProjects/airflow-project/venv/lib/python3.8/site-packages/airflow/example_dags/example_short_circuit_operator.py
[2021-04-04 03:37:35,891] {logging_mixin.py:104} INFO - [2021-04-04 03:37:35,891] {dag.py:1818} INFO - Sync 1 DAGs
[2021-04-04 03:37:35,900] {logging_mixin.py:104} INFO - [2021-04-04 03:37:35,900] {dag.py:2273} INFO - Setting next_dagrun for example_short_circuit_operator to 2021-04-02 00:00:00+00:00
[2021-04-04 03:37:35,906] {scheduler_job.py:190} INFO - Processing /home/prathamesh/PycharmProjects/airflow-project/venv/lib/python3.8/site-packages/airflow/example_dags/example_short_circuit_operator.py took 0.040 seconds
[2021-04-04 03:38:06,422] {scheduler_job.py:182} INFO - Started process (PID=3311) to work on /home/prathamesh/PycharmProjects/airflow-project/venv/lib/python3.8/site-packages/airflow/example_dags/example_short_circuit_operator.py
[2021-04-04 03:38:06,423] {scheduler_job.py:629} INFO - Processing file /home/prathamesh/PycharmProjects/airflow-project/venv/lib/python3.8/site-packages/airflow/example_dags/example_short_circuit_operator.py for tasks to queue
[2021-04-04 03:38:06,423] {logging_mixin.py:104} INFO - [2021-04-04 03:38:06,423] {dagbag.py:448} INFO - Filling up the DagBag from /home/prathamesh/PycharmProjects/airflow-project/venv/lib/python3.8/site-packages/airflow/example_dags/example_short_circuit_operator.py
[2021-04-04 03:38:06,431] {scheduler_job.py:639} INFO - DAG(s) dict_keys(['example_short_circuit_operator']) retrieved from /home/prathamesh/PycharmProjects/airflow-project/venv/lib/python3.8/site-packages/airflow/example_dags/example_short_circuit_operator.py
[2021-04-04 03:38:06,449] {logging_mixin.py:104} INFO - [2021-04-04 03:38:06,449] {dag.py:1818} INFO - Sync 1 DAGs
[2021-04-04 03:38:06,461] {logging_mixin.py:104} INFO - [2021-04-04 03:38:06,461] {dag.py:2273} INFO - Setting next_dagrun for example_short_circuit_operator to 2021-04-02 00:00:00+00:00
[2021-04-04 03:38:06,468] {scheduler_job.py:190} INFO - Processing /home/prathamesh/PycharmProjects/airflow-project/venv/lib/python3.8/site-packages/airflow/example_dags/example_short_circuit_operator.py took 0.049 seconds
[2021-04-04 03:38:37,388] {scheduler_job.py:182} INFO - Started process (PID=3347) to work on /home/prathamesh/PycharmProjects/airflow-project/venv/lib/python3.8/site-packages/airflow/example_dags/example_short_circuit_operator.py
[2021-04-04 03:38:37,390] {scheduler_job.py:629} INFO - Processing file /home/prathamesh/PycharmProjects/airflow-project/venv/lib/python3.8/site-packages/airflow/example_dags/example_short_circuit_operator.py for tasks to queue
[2021-04-04 03:38:37,390] {logging_mixin.py:104} INFO - [2021-04-04 03:38:37,390] {dagbag.py:448} INFO - Filling up the DagBag from /home/prathamesh/PycharmProjects/airflow-project/venv/lib/python3.8/site-packages/airflow/example_dags/example_short_circuit_operator.py
[2021-04-04 03:38:37,399] {scheduler_job.py:639} INFO - DAG(s) dict_keys(['example_short_circuit_operator']) retrieved from /home/prathamesh/PycharmProjects/airflow-project/venv/lib/python3.8/site-packages/airflow/example_dags/example_short_circuit_operator.py
[2021-04-04 03:38:37,410] {logging_mixin.py:104} INFO - [2021-04-04 03:38:37,410] {dag.py:1818} INFO - Sync 1 DAGs
[2021-04-04 03:38:37,421] {logging_mixin.py:104} INFO - [2021-04-04 03:38:37,421] {dag.py:2273} INFO - Setting next_dagrun for example_short_circuit_operator to 2021-04-02 00:00:00+00:00
[2021-04-04 03:38:37,432] {scheduler_job.py:190} INFO - Processing /home/prathamesh/PycharmProjects/airflow-project/venv/lib/python3.8/site-packages/airflow/example_dags/example_short_circuit_operator.py took 0.048 seconds
[2021-04-04 03:39:09,961] {scheduler_job.py:182} INFO - Started process (PID=3384) to work on /home/prathamesh/PycharmProjects/airflow-project/venv/lib/python3.8/site-packages/airflow/example_dags/example_short_circuit_operator.py
[2021-04-04 03:39:09,962] {scheduler_job.py:629} INFO - Processing file /home/prathamesh/PycharmProjects/airflow-project/venv/lib/python3.8/site-packages/airflow/example_dags/example_short_circuit_operator.py for tasks to queue
[2021-04-04 03:39:09,963] {logging_mixin.py:104} INFO - [2021-04-04 03:39:09,962] {dagbag.py:448} INFO - Filling up the DagBag from /home/prathamesh/PycharmProjects/airflow-project/venv/lib/python3.8/site-packages/airflow/example_dags/example_short_circuit_operator.py
[2021-04-04 03:39:09,972] {scheduler_job.py:639} INFO - DAG(s) dict_keys(['example_short_circuit_operator']) retrieved from /home/prathamesh/PycharmProjects/airflow-project/venv/lib/python3.8/site-packages/airflow/example_dags/example_short_circuit_operator.py
[2021-04-04 03:39:09,984] {logging_mixin.py:104} INFO - [2021-04-04 03:39:09,984] {dag.py:1818} INFO - Sync 1 DAGs
[2021-04-04 03:39:09,997] {logging_mixin.py:104} INFO - [2021-04-04 03:39:09,997] {dag.py:2273} INFO - Setting next_dagrun for example_short_circuit_operator to 2021-04-02 00:00:00+00:00
[2021-04-04 03:39:10,003] {scheduler_job.py:190} INFO - Processing /home/prathamesh/PycharmProjects/airflow-project/venv/lib/python3.8/site-packages/airflow/example_dags/example_short_circuit_operator.py took 0.044 seconds
[2021-04-04 03:39:41,283] {scheduler_job.py:182} INFO - Started process (PID=3413) to work on /home/prathamesh/PycharmProjects/airflow-project/venv/lib/python3.8/site-packages/airflow/example_dags/example_short_circuit_operator.py
[2021-04-04 03:39:41,296] {scheduler_job.py:629} INFO - Processing file /home/prathamesh/PycharmProjects/airflow-project/venv/lib/python3.8/site-packages/airflow/example_dags/example_short_circuit_operator.py for tasks to queue
[2021-04-04 03:39:41,296] {logging_mixin.py:104} INFO - [2021-04-04 03:39:41,296] {dagbag.py:448} INFO - Filling up the DagBag from /home/prathamesh/PycharmProjects/airflow-project/venv/lib/python3.8/site-packages/airflow/example_dags/example_short_circuit_operator.py
[2021-04-04 03:39:41,311] {scheduler_job.py:639} INFO - DAG(s) dict_keys(['example_short_circuit_operator']) retrieved from /home/prathamesh/PycharmProjects/airflow-project/venv/lib/python3.8/site-packages/airflow/example_dags/example_short_circuit_operator.py
[2021-04-04 03:39:41,367] {logging_mixin.py:104} INFO - [2021-04-04 03:39:41,367] {dag.py:1818} INFO - Sync 1 DAGs
[2021-04-04 03:39:41,424] {logging_mixin.py:104} INFO - [2021-04-04 03:39:41,424] {dag.py:2273} INFO - Setting next_dagrun for example_short_circuit_operator to 2021-04-02 00:00:00+00:00
[2021-04-04 03:39:41,430] {scheduler_job.py:190} INFO - Processing /home/prathamesh/PycharmProjects/airflow-project/venv/lib/python3.8/site-packages/airflow/example_dags/example_short_circuit_operator.py took 0.151 seconds
[2021-04-04 03:40:12,083] {scheduler_job.py:182} INFO - Started process (PID=3442) to work on /home/prathamesh/PycharmProjects/airflow-project/venv/lib/python3.8/site-packages/airflow/example_dags/example_short_circuit_operator.py
[2021-04-04 03:40:12,084] {scheduler_job.py:629} INFO - Processing file /home/prathamesh/PycharmProjects/airflow-project/venv/lib/python3.8/site-packages/airflow/example_dags/example_short_circuit_operator.py for tasks to queue
[2021-04-04 03:40:12,084] {logging_mixin.py:104} INFO - [2021-04-04 03:40:12,084] {dagbag.py:448} INFO - Filling up the DagBag from /home/prathamesh/PycharmProjects/airflow-project/venv/lib/python3.8/site-packages/airflow/example_dags/example_short_circuit_operator.py
[2021-04-04 03:40:12,099] {scheduler_job.py:639} INFO - DAG(s) dict_keys(['example_short_circuit_operator']) retrieved from /home/prathamesh/PycharmProjects/airflow-project/venv/lib/python3.8/site-packages/airflow/example_dags/example_short_circuit_operator.py
[2021-04-04 03:40:12,150] {logging_mixin.py:104} INFO - [2021-04-04 03:40:12,150] {dag.py:1818} INFO - Sync 1 DAGs
[2021-04-04 03:40:12,193] {logging_mixin.py:104} INFO - [2021-04-04 03:40:12,193] {dag.py:2273} INFO - Setting next_dagrun for example_short_circuit_operator to 2021-04-02 00:00:00+00:00
[2021-04-04 03:40:12,209] {scheduler_job.py:190} INFO - Processing /home/prathamesh/PycharmProjects/airflow-project/venv/lib/python3.8/site-packages/airflow/example_dags/example_short_circuit_operator.py took 0.129 seconds
[2021-04-04 03:40:43,232] {scheduler_job.py:182} INFO - Started process (PID=3470) to work on /home/prathamesh/PycharmProjects/airflow-project/venv/lib/python3.8/site-packages/airflow/example_dags/example_short_circuit_operator.py
[2021-04-04 03:40:43,233] {scheduler_job.py:629} INFO - Processing file /home/prathamesh/PycharmProjects/airflow-project/venv/lib/python3.8/site-packages/airflow/example_dags/example_short_circuit_operator.py for tasks to queue
[2021-04-04 03:40:43,233] {logging_mixin.py:104} INFO - [2021-04-04 03:40:43,233] {dagbag.py:448} INFO - Filling up the DagBag from /home/prathamesh/PycharmProjects/airflow-project/venv/lib/python3.8/site-packages/airflow/example_dags/example_short_circuit_operator.py
[2021-04-04 03:40:43,241] {scheduler_job.py:639} INFO - DAG(s) dict_keys(['example_short_circuit_operator']) retrieved from /home/prathamesh/PycharmProjects/airflow-project/venv/lib/python3.8/site-packages/airflow/example_dags/example_short_circuit_operator.py
[2021-04-04 03:40:43,256] {logging_mixin.py:104} INFO - [2021-04-04 03:40:43,255] {dag.py:1818} INFO - Sync 1 DAGs
[2021-04-04 03:40:43,263] {logging_mixin.py:104} INFO - [2021-04-04 03:40:43,263] {dag.py:2273} INFO - Setting next_dagrun for example_short_circuit_operator to 2021-04-02 00:00:00+00:00
[2021-04-04 03:40:43,268] {scheduler_job.py:190} INFO - Processing /home/prathamesh/PycharmProjects/airflow-project/venv/lib/python3.8/site-packages/airflow/example_dags/example_short_circuit_operator.py took 0.039 seconds
[2021-04-04 03:41:14,130] {scheduler_job.py:182} INFO - Started process (PID=3518) to work on /home/prathamesh/PycharmProjects/airflow-project/venv/lib/python3.8/site-packages/airflow/example_dags/example_short_circuit_operator.py
[2021-04-04 03:41:14,131] {scheduler_job.py:629} INFO - Processing file /home/prathamesh/PycharmProjects/airflow-project/venv/lib/python3.8/site-packages/airflow/example_dags/example_short_circuit_operator.py for tasks to queue
[2021-04-04 03:41:14,132] {logging_mixin.py:104} INFO - [2021-04-04 03:41:14,132] {dagbag.py:448} INFO - Filling up the DagBag from /home/prathamesh/PycharmProjects/airflow-project/venv/lib/python3.8/site-packages/airflow/example_dags/example_short_circuit_operator.py
[2021-04-04 03:41:14,142] {scheduler_job.py:639} INFO - DAG(s) dict_keys(['example_short_circuit_operator']) retrieved from /home/prathamesh/PycharmProjects/airflow-project/venv/lib/python3.8/site-packages/airflow/example_dags/example_short_circuit_operator.py
[2021-04-04 03:41:14,162] {logging_mixin.py:104} INFO - [2021-04-04 03:41:14,162] {dag.py:1818} INFO - Sync 1 DAGs
[2021-04-04 03:41:14,175] {logging_mixin.py:104} INFO - [2021-04-04 03:41:14,175] {dag.py:2273} INFO - Setting next_dagrun for example_short_circuit_operator to 2021-04-02 00:00:00+00:00
[2021-04-04 03:41:14,184] {scheduler_job.py:190} INFO - Processing /home/prathamesh/PycharmProjects/airflow-project/venv/lib/python3.8/site-packages/airflow/example_dags/example_short_circuit_operator.py took 0.058 seconds
[2021-04-04 03:41:45,163] {scheduler_job.py:182} INFO - Started process (PID=3575) to work on /home/prathamesh/PycharmProjects/airflow-project/venv/lib/python3.8/site-packages/airflow/example_dags/example_short_circuit_operator.py
[2021-04-04 03:41:45,165] {scheduler_job.py:629} INFO - Processing file /home/prathamesh/PycharmProjects/airflow-project/venv/lib/python3.8/site-packages/airflow/example_dags/example_short_circuit_operator.py for tasks to queue
[2021-04-04 03:41:45,165] {logging_mixin.py:104} INFO - [2021-04-04 03:41:45,165] {dagbag.py:448} INFO - Filling up the DagBag from /home/prathamesh/PycharmProjects/airflow-project/venv/lib/python3.8/site-packages/airflow/example_dags/example_short_circuit_operator.py
[2021-04-04 03:41:45,179] {scheduler_job.py:639} INFO - DAG(s) dict_keys(['example_short_circuit_operator']) retrieved from /home/prathamesh/PycharmProjects/airflow-project/venv/lib/python3.8/site-packages/airflow/example_dags/example_short_circuit_operator.py
[2021-04-04 03:41:45,197] {logging_mixin.py:104} INFO - [2021-04-04 03:41:45,197] {dag.py:1818} INFO - Sync 1 DAGs
[2021-04-04 03:41:45,207] {logging_mixin.py:104} INFO - [2021-04-04 03:41:45,207] {dag.py:2273} INFO - Setting next_dagrun for example_short_circuit_operator to 2021-04-02 00:00:00+00:00
[2021-04-04 03:41:45,212] {scheduler_job.py:190} INFO - Processing /home/prathamesh/PycharmProjects/airflow-project/venv/lib/python3.8/site-packages/airflow/example_dags/example_short_circuit_operator.py took 0.052 seconds
[2021-04-04 03:42:15,574] {scheduler_job.py:182} INFO - Started process (PID=3603) to work on /home/prathamesh/PycharmProjects/airflow-project/venv/lib/python3.8/site-packages/airflow/example_dags/example_short_circuit_operator.py
[2021-04-04 03:42:15,575] {scheduler_job.py:629} INFO - Processing file /home/prathamesh/PycharmProjects/airflow-project/venv/lib/python3.8/site-packages/airflow/example_dags/example_short_circuit_operator.py for tasks to queue
[2021-04-04 03:42:15,576] {logging_mixin.py:104} INFO - [2021-04-04 03:42:15,576] {dagbag.py:448} INFO - Filling up the DagBag from /home/prathamesh/PycharmProjects/airflow-project/venv/lib/python3.8/site-packages/airflow/example_dags/example_short_circuit_operator.py
[2021-04-04 03:42:15,598] {scheduler_job.py:639} INFO - DAG(s) dict_keys(['example_short_circuit_operator']) retrieved from /home/prathamesh/PycharmProjects/airflow-project/venv/lib/python3.8/site-packages/airflow/example_dags/example_short_circuit_operator.py
[2021-04-04 03:42:15,611] {logging_mixin.py:104} INFO - [2021-04-04 03:42:15,611] {dag.py:1818} INFO - Sync 1 DAGs
[2021-04-04 03:42:15,620] {logging_mixin.py:104} INFO - [2021-04-04 03:42:15,620] {dag.py:2273} INFO - Setting next_dagrun for example_short_circuit_operator to 2021-04-02 00:00:00+00:00
[2021-04-04 03:42:15,625] {scheduler_job.py:190} INFO - Processing /home/prathamesh/PycharmProjects/airflow-project/venv/lib/python3.8/site-packages/airflow/example_dags/example_short_circuit_operator.py took 0.055 seconds
[2021-04-04 03:42:46,257] {scheduler_job.py:182} INFO - Started process (PID=3645) to work on /home/prathamesh/PycharmProjects/airflow-project/venv/lib/python3.8/site-packages/airflow/example_dags/example_short_circuit_operator.py
[2021-04-04 03:42:46,258] {scheduler_job.py:629} INFO - Processing file /home/prathamesh/PycharmProjects/airflow-project/venv/lib/python3.8/site-packages/airflow/example_dags/example_short_circuit_operator.py for tasks to queue
[2021-04-04 03:42:46,258] {logging_mixin.py:104} INFO - [2021-04-04 03:42:46,258] {dagbag.py:448} INFO - Filling up the DagBag from /home/prathamesh/PycharmProjects/airflow-project/venv/lib/python3.8/site-packages/airflow/example_dags/example_short_circuit_operator.py
[2021-04-04 03:42:46,268] {scheduler_job.py:639} INFO - DAG(s) dict_keys(['example_short_circuit_operator']) retrieved from /home/prathamesh/PycharmProjects/airflow-project/venv/lib/python3.8/site-packages/airflow/example_dags/example_short_circuit_operator.py
[2021-04-04 03:42:46,280] {logging_mixin.py:104} INFO - [2021-04-04 03:42:46,280] {dag.py:1818} INFO - Sync 1 DAGs
[2021-04-04 03:42:46,288] {logging_mixin.py:104} INFO - [2021-04-04 03:42:46,288] {dag.py:2273} INFO - Setting next_dagrun for example_short_circuit_operator to 2021-04-02 00:00:00+00:00
[2021-04-04 03:42:46,295] {scheduler_job.py:190} INFO - Processing /home/prathamesh/PycharmProjects/airflow-project/venv/lib/python3.8/site-packages/airflow/example_dags/example_short_circuit_operator.py took 0.040 seconds
[2021-04-04 03:43:17,244] {scheduler_job.py:182} INFO - Started process (PID=3681) to work on /home/prathamesh/PycharmProjects/airflow-project/venv/lib/python3.8/site-packages/airflow/example_dags/example_short_circuit_operator.py
[2021-04-04 03:43:17,246] {scheduler_job.py:629} INFO - Processing file /home/prathamesh/PycharmProjects/airflow-project/venv/lib/python3.8/site-packages/airflow/example_dags/example_short_circuit_operator.py for tasks to queue
[2021-04-04 03:43:17,248] {logging_mixin.py:104} INFO - [2021-04-04 03:43:17,247] {dagbag.py:448} INFO - Filling up the DagBag from /home/prathamesh/PycharmProjects/airflow-project/venv/lib/python3.8/site-packages/airflow/example_dags/example_short_circuit_operator.py
[2021-04-04 03:43:17,266] {scheduler_job.py:639} INFO - DAG(s) dict_keys(['example_short_circuit_operator']) retrieved from /home/prathamesh/PycharmProjects/airflow-project/venv/lib/python3.8/site-packages/airflow/example_dags/example_short_circuit_operator.py
[2021-04-04 03:43:17,325] {logging_mixin.py:104} INFO - [2021-04-04 03:43:17,325] {dag.py:1818} INFO - Sync 1 DAGs
[2021-04-04 03:43:17,341] {logging_mixin.py:104} INFO - [2021-04-04 03:43:17,340] {dag.py:2273} INFO - Setting next_dagrun for example_short_circuit_operator to 2021-04-02 00:00:00+00:00
[2021-04-04 03:43:17,353] {scheduler_job.py:190} INFO - Processing /home/prathamesh/PycharmProjects/airflow-project/venv/lib/python3.8/site-packages/airflow/example_dags/example_short_circuit_operator.py took 0.113 seconds
[2021-04-04 03:43:47,790] {scheduler_job.py:182} INFO - Started process (PID=3723) to work on /home/prathamesh/PycharmProjects/airflow-project/venv/lib/python3.8/site-packages/airflow/example_dags/example_short_circuit_operator.py
[2021-04-04 03:43:47,791] {scheduler_job.py:629} INFO - Processing file /home/prathamesh/PycharmProjects/airflow-project/venv/lib/python3.8/site-packages/airflow/example_dags/example_short_circuit_operator.py for tasks to queue
[2021-04-04 03:43:47,795] {logging_mixin.py:104} INFO - [2021-04-04 03:43:47,795] {dagbag.py:448} INFO - Filling up the DagBag from /home/prathamesh/PycharmProjects/airflow-project/venv/lib/python3.8/site-packages/airflow/example_dags/example_short_circuit_operator.py
[2021-04-04 03:43:47,806] {scheduler_job.py:639} INFO - DAG(s) dict_keys(['example_short_circuit_operator']) retrieved from /home/prathamesh/PycharmProjects/airflow-project/venv/lib/python3.8/site-packages/airflow/example_dags/example_short_circuit_operator.py
[2021-04-04 03:43:47,817] {logging_mixin.py:104} INFO - [2021-04-04 03:43:47,817] {dag.py:1818} INFO - Sync 1 DAGs
[2021-04-04 03:43:47,823] {logging_mixin.py:104} INFO - [2021-04-04 03:43:47,823] {dag.py:2273} INFO - Setting next_dagrun for example_short_circuit_operator to 2021-04-02 00:00:00+00:00
[2021-04-04 03:43:47,827] {scheduler_job.py:190} INFO - Processing /home/prathamesh/PycharmProjects/airflow-project/venv/lib/python3.8/site-packages/airflow/example_dags/example_short_circuit_operator.py took 0.041 seconds
[2021-04-04 03:44:18,236] {scheduler_job.py:182} INFO - Started process (PID=3754) to work on /home/prathamesh/PycharmProjects/airflow-project/venv/lib/python3.8/site-packages/airflow/example_dags/example_short_circuit_operator.py
[2021-04-04 03:44:18,237] {scheduler_job.py:629} INFO - Processing file /home/prathamesh/PycharmProjects/airflow-project/venv/lib/python3.8/site-packages/airflow/example_dags/example_short_circuit_operator.py for tasks to queue
[2021-04-04 03:44:18,237] {logging_mixin.py:104} INFO - [2021-04-04 03:44:18,237] {dagbag.py:448} INFO - Filling up the DagBag from /home/prathamesh/PycharmProjects/airflow-project/venv/lib/python3.8/site-packages/airflow/example_dags/example_short_circuit_operator.py
[2021-04-04 03:44:18,245] {scheduler_job.py:639} INFO - DAG(s) dict_keys(['example_short_circuit_operator']) retrieved from /home/prathamesh/PycharmProjects/airflow-project/venv/lib/python3.8/site-packages/airflow/example_dags/example_short_circuit_operator.py
[2021-04-04 03:44:18,253] {logging_mixin.py:104} INFO - [2021-04-04 03:44:18,253] {dag.py:1818} INFO - Sync 1 DAGs
[2021-04-04 03:44:18,259] {logging_mixin.py:104} INFO - [2021-04-04 03:44:18,259] {dag.py:2273} INFO - Setting next_dagrun for example_short_circuit_operator to 2021-04-02 00:00:00+00:00
[2021-04-04 03:44:18,263] {scheduler_job.py:190} INFO - Processing /home/prathamesh/PycharmProjects/airflow-project/venv/lib/python3.8/site-packages/airflow/example_dags/example_short_circuit_operator.py took 0.029 seconds
[2021-04-04 03:44:48,789] {scheduler_job.py:182} INFO - Started process (PID=3783) to work on /home/prathamesh/PycharmProjects/airflow-project/venv/lib/python3.8/site-packages/airflow/example_dags/example_short_circuit_operator.py
[2021-04-04 03:44:48,793] {scheduler_job.py:629} INFO - Processing file /home/prathamesh/PycharmProjects/airflow-project/venv/lib/python3.8/site-packages/airflow/example_dags/example_short_circuit_operator.py for tasks to queue
[2021-04-04 03:44:48,794] {logging_mixin.py:104} INFO - [2021-04-04 03:44:48,794] {dagbag.py:448} INFO - Filling up the DagBag from /home/prathamesh/PycharmProjects/airflow-project/venv/lib/python3.8/site-packages/airflow/example_dags/example_short_circuit_operator.py
[2021-04-04 03:44:48,808] {scheduler_job.py:639} INFO - DAG(s) dict_keys(['example_short_circuit_operator']) retrieved from /home/prathamesh/PycharmProjects/airflow-project/venv/lib/python3.8/site-packages/airflow/example_dags/example_short_circuit_operator.py
[2021-04-04 03:44:48,821] {logging_mixin.py:104} INFO - [2021-04-04 03:44:48,821] {dag.py:1818} INFO - Sync 1 DAGs
[2021-04-04 03:44:48,850] {logging_mixin.py:104} INFO - [2021-04-04 03:44:48,850] {dag.py:2273} INFO - Setting next_dagrun for example_short_circuit_operator to 2021-04-02 00:00:00+00:00
[2021-04-04 03:44:48,872] {scheduler_job.py:190} INFO - Processing /home/prathamesh/PycharmProjects/airflow-project/venv/lib/python3.8/site-packages/airflow/example_dags/example_short_circuit_operator.py took 0.087 seconds
[2021-04-04 03:45:19,796] {scheduler_job.py:182} INFO - Started process (PID=3911) to work on /home/prathamesh/PycharmProjects/airflow-project/venv/lib/python3.8/site-packages/airflow/example_dags/example_short_circuit_operator.py
[2021-04-04 03:45:19,797] {scheduler_job.py:629} INFO - Processing file /home/prathamesh/PycharmProjects/airflow-project/venv/lib/python3.8/site-packages/airflow/example_dags/example_short_circuit_operator.py for tasks to queue
[2021-04-04 03:45:19,797] {logging_mixin.py:104} INFO - [2021-04-04 03:45:19,797] {dagbag.py:448} INFO - Filling up the DagBag from /home/prathamesh/PycharmProjects/airflow-project/venv/lib/python3.8/site-packages/airflow/example_dags/example_short_circuit_operator.py
[2021-04-04 03:45:19,808] {scheduler_job.py:639} INFO - DAG(s) dict_keys(['example_short_circuit_operator']) retrieved from /home/prathamesh/PycharmProjects/airflow-project/venv/lib/python3.8/site-packages/airflow/example_dags/example_short_circuit_operator.py
[2021-04-04 03:45:19,839] {logging_mixin.py:104} INFO - [2021-04-04 03:45:19,838] {dag.py:1818} INFO - Sync 1 DAGs
[2021-04-04 03:45:19,874] {logging_mixin.py:104} INFO - [2021-04-04 03:45:19,874] {dag.py:2273} INFO - Setting next_dagrun for example_short_circuit_operator to 2021-04-02 00:00:00+00:00
[2021-04-04 03:45:19,878] {scheduler_job.py:190} INFO - Processing /home/prathamesh/PycharmProjects/airflow-project/venv/lib/python3.8/site-packages/airflow/example_dags/example_short_circuit_operator.py took 0.084 seconds
[2021-04-04 03:54:06,591] {scheduler_job.py:182} INFO - Started process (PID=4530) to work on /home/prathamesh/PycharmProjects/airflow-project/venv/lib/python3.8/site-packages/airflow/example_dags/example_short_circuit_operator.py
[2021-04-04 03:54:06,591] {scheduler_job.py:629} INFO - Processing file /home/prathamesh/PycharmProjects/airflow-project/venv/lib/python3.8/site-packages/airflow/example_dags/example_short_circuit_operator.py for tasks to queue
[2021-04-04 03:54:06,592] {logging_mixin.py:104} INFO - [2021-04-04 03:54:06,592] {dagbag.py:448} INFO - Filling up the DagBag from /home/prathamesh/PycharmProjects/airflow-project/venv/lib/python3.8/site-packages/airflow/example_dags/example_short_circuit_operator.py
[2021-04-04 03:54:06,602] {scheduler_job.py:639} INFO - DAG(s) dict_keys(['example_short_circuit_operator']) retrieved from /home/prathamesh/PycharmProjects/airflow-project/venv/lib/python3.8/site-packages/airflow/example_dags/example_short_circuit_operator.py
[2021-04-04 03:54:06,613] {logging_mixin.py:104} INFO - [2021-04-04 03:54:06,613] {dag.py:1818} INFO - Sync 1 DAGs
[2021-04-04 03:54:06,623] {logging_mixin.py:104} INFO - [2021-04-04 03:54:06,623] {dag.py:2273} INFO - Setting next_dagrun for example_short_circuit_operator to 2021-04-02 00:00:00+00:00
[2021-04-04 03:54:06,628] {scheduler_job.py:190} INFO - Processing /home/prathamesh/PycharmProjects/airflow-project/venv/lib/python3.8/site-packages/airflow/example_dags/example_short_circuit_operator.py took 0.040 seconds
[2021-04-04 03:54:37,260] {scheduler_job.py:182} INFO - Started process (PID=4568) to work on /home/prathamesh/PycharmProjects/airflow-project/venv/lib/python3.8/site-packages/airflow/example_dags/example_short_circuit_operator.py
[2021-04-04 03:54:37,261] {scheduler_job.py:629} INFO - Processing file /home/prathamesh/PycharmProjects/airflow-project/venv/lib/python3.8/site-packages/airflow/example_dags/example_short_circuit_operator.py for tasks to queue
[2021-04-04 03:54:37,262] {logging_mixin.py:104} INFO - [2021-04-04 03:54:37,262] {dagbag.py:448} INFO - Filling up the DagBag from /home/prathamesh/PycharmProjects/airflow-project/venv/lib/python3.8/site-packages/airflow/example_dags/example_short_circuit_operator.py
[2021-04-04 03:54:37,281] {scheduler_job.py:639} INFO - DAG(s) dict_keys(['example_short_circuit_operator']) retrieved from /home/prathamesh/PycharmProjects/airflow-project/venv/lib/python3.8/site-packages/airflow/example_dags/example_short_circuit_operator.py
[2021-04-04 03:54:37,300] {logging_mixin.py:104} INFO - [2021-04-04 03:54:37,299] {dag.py:1818} INFO - Sync 1 DAGs
[2021-04-04 03:54:37,316] {logging_mixin.py:104} INFO - [2021-04-04 03:54:37,316] {dag.py:2273} INFO - Setting next_dagrun for example_short_circuit_operator to 2021-04-02 00:00:00+00:00
[2021-04-04 03:54:37,323] {scheduler_job.py:190} INFO - Processing /home/prathamesh/PycharmProjects/airflow-project/venv/lib/python3.8/site-packages/airflow/example_dags/example_short_circuit_operator.py took 0.068 seconds
[2021-04-04 03:55:08,091] {scheduler_job.py:182} INFO - Started process (PID=4596) to work on /home/prathamesh/PycharmProjects/airflow-project/venv/lib/python3.8/site-packages/airflow/example_dags/example_short_circuit_operator.py
[2021-04-04 03:55:08,092] {scheduler_job.py:629} INFO - Processing file /home/prathamesh/PycharmProjects/airflow-project/venv/lib/python3.8/site-packages/airflow/example_dags/example_short_circuit_operator.py for tasks to queue
[2021-04-04 03:55:08,092] {logging_mixin.py:104} INFO - [2021-04-04 03:55:08,092] {dagbag.py:448} INFO - Filling up the DagBag from /home/prathamesh/PycharmProjects/airflow-project/venv/lib/python3.8/site-packages/airflow/example_dags/example_short_circuit_operator.py
[2021-04-04 03:55:08,102] {scheduler_job.py:639} INFO - DAG(s) dict_keys(['example_short_circuit_operator']) retrieved from /home/prathamesh/PycharmProjects/airflow-project/venv/lib/python3.8/site-packages/airflow/example_dags/example_short_circuit_operator.py
[2021-04-04 03:55:08,113] {logging_mixin.py:104} INFO - [2021-04-04 03:55:08,113] {dag.py:1818} INFO - Sync 1 DAGs
[2021-04-04 03:55:08,122] {logging_mixin.py:104} INFO - [2021-04-04 03:55:08,122] {dag.py:2273} INFO - Setting next_dagrun for example_short_circuit_operator to 2021-04-02 00:00:00+00:00
[2021-04-04 03:55:08,126] {scheduler_job.py:190} INFO - Processing /home/prathamesh/PycharmProjects/airflow-project/venv/lib/python3.8/site-packages/airflow/example_dags/example_short_circuit_operator.py took 0.038 seconds
[2021-04-04 03:55:39,182] {scheduler_job.py:182} INFO - Started process (PID=4628) to work on /home/prathamesh/PycharmProjects/airflow-project/venv/lib/python3.8/site-packages/airflow/example_dags/example_short_circuit_operator.py
[2021-04-04 03:55:39,182] {scheduler_job.py:629} INFO - Processing file /home/prathamesh/PycharmProjects/airflow-project/venv/lib/python3.8/site-packages/airflow/example_dags/example_short_circuit_operator.py for tasks to queue
[2021-04-04 03:55:39,183] {logging_mixin.py:104} INFO - [2021-04-04 03:55:39,183] {dagbag.py:448} INFO - Filling up the DagBag from /home/prathamesh/PycharmProjects/airflow-project/venv/lib/python3.8/site-packages/airflow/example_dags/example_short_circuit_operator.py
[2021-04-04 03:55:39,192] {scheduler_job.py:639} INFO - DAG(s) dict_keys(['example_short_circuit_operator']) retrieved from /home/prathamesh/PycharmProjects/airflow-project/venv/lib/python3.8/site-packages/airflow/example_dags/example_short_circuit_operator.py
[2021-04-04 03:55:39,202] {logging_mixin.py:104} INFO - [2021-04-04 03:55:39,202] {dag.py:1818} INFO - Sync 1 DAGs
[2021-04-04 03:55:39,219] {logging_mixin.py:104} INFO - [2021-04-04 03:55:39,219] {dag.py:2273} INFO - Setting next_dagrun for example_short_circuit_operator to 2021-04-02 00:00:00+00:00
[2021-04-04 03:55:39,233] {scheduler_job.py:190} INFO - Processing /home/prathamesh/PycharmProjects/airflow-project/venv/lib/python3.8/site-packages/airflow/example_dags/example_short_circuit_operator.py took 0.054 seconds
[2021-04-04 03:56:10,182] {scheduler_job.py:182} INFO - Started process (PID=4680) to work on /home/prathamesh/PycharmProjects/airflow-project/venv/lib/python3.8/site-packages/airflow/example_dags/example_short_circuit_operator.py
[2021-04-04 03:56:10,183] {scheduler_job.py:629} INFO - Processing file /home/prathamesh/PycharmProjects/airflow-project/venv/lib/python3.8/site-packages/airflow/example_dags/example_short_circuit_operator.py for tasks to queue
[2021-04-04 03:56:10,184] {logging_mixin.py:104} INFO - [2021-04-04 03:56:10,184] {dagbag.py:448} INFO - Filling up the DagBag from /home/prathamesh/PycharmProjects/airflow-project/venv/lib/python3.8/site-packages/airflow/example_dags/example_short_circuit_operator.py
[2021-04-04 03:56:10,194] {scheduler_job.py:639} INFO - DAG(s) dict_keys(['example_short_circuit_operator']) retrieved from /home/prathamesh/PycharmProjects/airflow-project/venv/lib/python3.8/site-packages/airflow/example_dags/example_short_circuit_operator.py
[2021-04-04 03:56:10,203] {logging_mixin.py:104} INFO - [2021-04-04 03:56:10,203] {dag.py:1818} INFO - Sync 1 DAGs
[2021-04-04 03:56:10,211] {logging_mixin.py:104} INFO - [2021-04-04 03:56:10,211] {dag.py:2273} INFO - Setting next_dagrun for example_short_circuit_operator to 2021-04-02 00:00:00+00:00
[2021-04-04 03:56:10,215] {scheduler_job.py:190} INFO - Processing /home/prathamesh/PycharmProjects/airflow-project/venv/lib/python3.8/site-packages/airflow/example_dags/example_short_circuit_operator.py took 0.036 seconds
[2021-04-04 03:56:40,870] {scheduler_job.py:182} INFO - Started process (PID=4712) to work on /home/prathamesh/PycharmProjects/airflow-project/venv/lib/python3.8/site-packages/airflow/example_dags/example_short_circuit_operator.py
[2021-04-04 03:56:40,870] {scheduler_job.py:629} INFO - Processing file /home/prathamesh/PycharmProjects/airflow-project/venv/lib/python3.8/site-packages/airflow/example_dags/example_short_circuit_operator.py for tasks to queue
[2021-04-04 03:56:40,871] {logging_mixin.py:104} INFO - [2021-04-04 03:56:40,871] {dagbag.py:448} INFO - Filling up the DagBag from /home/prathamesh/PycharmProjects/airflow-project/venv/lib/python3.8/site-packages/airflow/example_dags/example_short_circuit_operator.py
[2021-04-04 03:56:40,878] {scheduler_job.py:639} INFO - DAG(s) dict_keys(['example_short_circuit_operator']) retrieved from /home/prathamesh/PycharmProjects/airflow-project/venv/lib/python3.8/site-packages/airflow/example_dags/example_short_circuit_operator.py
[2021-04-04 03:56:40,888] {logging_mixin.py:104} INFO - [2021-04-04 03:56:40,888] {dag.py:1818} INFO - Sync 1 DAGs
[2021-04-04 03:56:40,897] {logging_mixin.py:104} INFO - [2021-04-04 03:56:40,897] {dag.py:2273} INFO - Setting next_dagrun for example_short_circuit_operator to 2021-04-02 00:00:00+00:00
[2021-04-04 03:56:40,903] {scheduler_job.py:190} INFO - Processing /home/prathamesh/PycharmProjects/airflow-project/venv/lib/python3.8/site-packages/airflow/example_dags/example_short_circuit_operator.py took 0.036 seconds
[2021-04-04 03:57:11,783] {scheduler_job.py:182} INFO - Started process (PID=4745) to work on /home/prathamesh/PycharmProjects/airflow-project/venv/lib/python3.8/site-packages/airflow/example_dags/example_short_circuit_operator.py
[2021-04-04 03:57:11,784] {scheduler_job.py:629} INFO - Processing file /home/prathamesh/PycharmProjects/airflow-project/venv/lib/python3.8/site-packages/airflow/example_dags/example_short_circuit_operator.py for tasks to queue
[2021-04-04 03:57:11,784] {logging_mixin.py:104} INFO - [2021-04-04 03:57:11,784] {dagbag.py:448} INFO - Filling up the DagBag from /home/prathamesh/PycharmProjects/airflow-project/venv/lib/python3.8/site-packages/airflow/example_dags/example_short_circuit_operator.py
[2021-04-04 03:57:11,802] {scheduler_job.py:639} INFO - DAG(s) dict_keys(['example_short_circuit_operator']) retrieved from /home/prathamesh/PycharmProjects/airflow-project/venv/lib/python3.8/site-packages/airflow/example_dags/example_short_circuit_operator.py
[2021-04-04 03:57:11,839] {logging_mixin.py:104} INFO - [2021-04-04 03:57:11,839] {dag.py:1818} INFO - Sync 1 DAGs
[2021-04-04 03:57:11,856] {logging_mixin.py:104} INFO - [2021-04-04 03:57:11,856] {dag.py:2273} INFO - Setting next_dagrun for example_short_circuit_operator to 2021-04-02 00:00:00+00:00
[2021-04-04 03:57:11,871] {scheduler_job.py:190} INFO - Processing /home/prathamesh/PycharmProjects/airflow-project/venv/lib/python3.8/site-packages/airflow/example_dags/example_short_circuit_operator.py took 0.080 seconds
[2021-04-04 03:57:41,993] {scheduler_job.py:182} INFO - Started process (PID=4775) to work on /home/prathamesh/PycharmProjects/airflow-project/venv/lib/python3.8/site-packages/airflow/example_dags/example_short_circuit_operator.py
[2021-04-04 03:57:41,995] {scheduler_job.py:629} INFO - Processing file /home/prathamesh/PycharmProjects/airflow-project/venv/lib/python3.8/site-packages/airflow/example_dags/example_short_circuit_operator.py for tasks to queue
[2021-04-04 03:57:41,998] {logging_mixin.py:104} INFO - [2021-04-04 03:57:41,997] {dagbag.py:448} INFO - Filling up the DagBag from /home/prathamesh/PycharmProjects/airflow-project/venv/lib/python3.8/site-packages/airflow/example_dags/example_short_circuit_operator.py
[2021-04-04 03:57:42,018] {scheduler_job.py:639} INFO - DAG(s) dict_keys(['example_short_circuit_operator']) retrieved from /home/prathamesh/PycharmProjects/airflow-project/venv/lib/python3.8/site-packages/airflow/example_dags/example_short_circuit_operator.py
[2021-04-04 03:57:42,032] {logging_mixin.py:104} INFO - [2021-04-04 03:57:42,032] {dag.py:1818} INFO - Sync 1 DAGs
[2021-04-04 03:57:42,050] {logging_mixin.py:104} INFO - [2021-04-04 03:57:42,050] {dag.py:2273} INFO - Setting next_dagrun for example_short_circuit_operator to 2021-04-02 00:00:00+00:00
[2021-04-04 03:57:42,061] {scheduler_job.py:190} INFO - Processing /home/prathamesh/PycharmProjects/airflow-project/venv/lib/python3.8/site-packages/airflow/example_dags/example_short_circuit_operator.py took 0.070 seconds
[2021-04-04 03:58:12,661] {scheduler_job.py:182} INFO - Started process (PID=4806) to work on /home/prathamesh/PycharmProjects/airflow-project/venv/lib/python3.8/site-packages/airflow/example_dags/example_short_circuit_operator.py
[2021-04-04 03:58:12,662] {scheduler_job.py:629} INFO - Processing file /home/prathamesh/PycharmProjects/airflow-project/venv/lib/python3.8/site-packages/airflow/example_dags/example_short_circuit_operator.py for tasks to queue
[2021-04-04 03:58:12,662] {logging_mixin.py:104} INFO - [2021-04-04 03:58:12,662] {dagbag.py:448} INFO - Filling up the DagBag from /home/prathamesh/PycharmProjects/airflow-project/venv/lib/python3.8/site-packages/airflow/example_dags/example_short_circuit_operator.py
[2021-04-04 03:58:12,672] {scheduler_job.py:639} INFO - DAG(s) dict_keys(['example_short_circuit_operator']) retrieved from /home/prathamesh/PycharmProjects/airflow-project/venv/lib/python3.8/site-packages/airflow/example_dags/example_short_circuit_operator.py
[2021-04-04 03:58:12,683] {logging_mixin.py:104} INFO - [2021-04-04 03:58:12,683] {dag.py:1818} INFO - Sync 1 DAGs
[2021-04-04 03:58:12,693] {logging_mixin.py:104} INFO - [2021-04-04 03:58:12,693] {dag.py:2273} INFO - Setting next_dagrun for example_short_circuit_operator to 2021-04-02 00:00:00+00:00
[2021-04-04 03:58:12,697] {scheduler_job.py:190} INFO - Processing /home/prathamesh/PycharmProjects/airflow-project/venv/lib/python3.8/site-packages/airflow/example_dags/example_short_circuit_operator.py took 0.038 seconds
[2021-04-04 04:07:58,285] {scheduler_job.py:182} INFO - Started process (PID=4982) to work on /home/prathamesh/PycharmProjects/airflow-project/venv/lib/python3.8/site-packages/airflow/example_dags/example_short_circuit_operator.py
[2021-04-04 04:07:58,286] {scheduler_job.py:629} INFO - Processing file /home/prathamesh/PycharmProjects/airflow-project/venv/lib/python3.8/site-packages/airflow/example_dags/example_short_circuit_operator.py for tasks to queue
[2021-04-04 04:07:58,286] {logging_mixin.py:104} INFO - [2021-04-04 04:07:58,286] {dagbag.py:448} INFO - Filling up the DagBag from /home/prathamesh/PycharmProjects/airflow-project/venv/lib/python3.8/site-packages/airflow/example_dags/example_short_circuit_operator.py
[2021-04-04 04:07:58,293] {scheduler_job.py:639} INFO - DAG(s) dict_keys(['example_short_circuit_operator']) retrieved from /home/prathamesh/PycharmProjects/airflow-project/venv/lib/python3.8/site-packages/airflow/example_dags/example_short_circuit_operator.py
[2021-04-04 04:07:58,302] {logging_mixin.py:104} INFO - [2021-04-04 04:07:58,302] {dag.py:1818} INFO - Sync 1 DAGs
[2021-04-04 04:07:58,325] {logging_mixin.py:104} INFO - [2021-04-04 04:07:58,325] {dag.py:2273} INFO - Setting next_dagrun for example_short_circuit_operator to 2021-04-02 00:00:00+00:00
[2021-04-04 04:07:58,331] {scheduler_job.py:190} INFO - Processing /home/prathamesh/PycharmProjects/airflow-project/venv/lib/python3.8/site-packages/airflow/example_dags/example_short_circuit_operator.py took 0.048 seconds
[2021-04-04 04:08:29,047] {scheduler_job.py:182} INFO - Started process (PID=5023) to work on /home/prathamesh/PycharmProjects/airflow-project/venv/lib/python3.8/site-packages/airflow/example_dags/example_short_circuit_operator.py
[2021-04-04 04:08:29,064] {scheduler_job.py:629} INFO - Processing file /home/prathamesh/PycharmProjects/airflow-project/venv/lib/python3.8/site-packages/airflow/example_dags/example_short_circuit_operator.py for tasks to queue
[2021-04-04 04:08:29,065] {logging_mixin.py:104} INFO - [2021-04-04 04:08:29,065] {dagbag.py:448} INFO - Filling up the DagBag from /home/prathamesh/PycharmProjects/airflow-project/venv/lib/python3.8/site-packages/airflow/example_dags/example_short_circuit_operator.py
[2021-04-04 04:08:29,116] {scheduler_job.py:639} INFO - DAG(s) dict_keys(['example_short_circuit_operator']) retrieved from /home/prathamesh/PycharmProjects/airflow-project/venv/lib/python3.8/site-packages/airflow/example_dags/example_short_circuit_operator.py
[2021-04-04 04:08:29,132] {logging_mixin.py:104} INFO - [2021-04-04 04:08:29,132] {dag.py:1818} INFO - Sync 1 DAGs
[2021-04-04 04:08:29,154] {logging_mixin.py:104} INFO - [2021-04-04 04:08:29,154] {dag.py:2273} INFO - Setting next_dagrun for example_short_circuit_operator to 2021-04-02 00:00:00+00:00
[2021-04-04 04:08:29,164] {scheduler_job.py:190} INFO - Processing /home/prathamesh/PycharmProjects/airflow-project/venv/lib/python3.8/site-packages/airflow/example_dags/example_short_circuit_operator.py took 0.160 seconds
[2021-04-04 04:09:01,950] {scheduler_job.py:182} INFO - Started process (PID=5052) to work on /home/prathamesh/PycharmProjects/airflow-project/venv/lib/python3.8/site-packages/airflow/example_dags/example_short_circuit_operator.py
[2021-04-04 04:09:01,951] {scheduler_job.py:629} INFO - Processing file /home/prathamesh/PycharmProjects/airflow-project/venv/lib/python3.8/site-packages/airflow/example_dags/example_short_circuit_operator.py for tasks to queue
[2021-04-04 04:09:01,951] {logging_mixin.py:104} INFO - [2021-04-04 04:09:01,951] {dagbag.py:448} INFO - Filling up the DagBag from /home/prathamesh/PycharmProjects/airflow-project/venv/lib/python3.8/site-packages/airflow/example_dags/example_short_circuit_operator.py
[2021-04-04 04:09:01,962] {scheduler_job.py:639} INFO - DAG(s) dict_keys(['example_short_circuit_operator']) retrieved from /home/prathamesh/PycharmProjects/airflow-project/venv/lib/python3.8/site-packages/airflow/example_dags/example_short_circuit_operator.py
[2021-04-04 04:09:01,975] {logging_mixin.py:104} INFO - [2021-04-04 04:09:01,975] {dag.py:1818} INFO - Sync 1 DAGs
[2021-04-04 04:09:01,990] {logging_mixin.py:104} INFO - [2021-04-04 04:09:01,990] {dag.py:2273} INFO - Setting next_dagrun for example_short_circuit_operator to 2021-04-02 00:00:00+00:00
[2021-04-04 04:09:01,997] {scheduler_job.py:190} INFO - Processing /home/prathamesh/PycharmProjects/airflow-project/venv/lib/python3.8/site-packages/airflow/example_dags/example_short_circuit_operator.py took 0.049 seconds
[2021-04-04 04:09:33,965] {scheduler_job.py:182} INFO - Started process (PID=5092) to work on /home/prathamesh/PycharmProjects/airflow-project/venv/lib/python3.8/site-packages/airflow/example_dags/example_short_circuit_operator.py
[2021-04-04 04:09:33,973] {scheduler_job.py:629} INFO - Processing file /home/prathamesh/PycharmProjects/airflow-project/venv/lib/python3.8/site-packages/airflow/example_dags/example_short_circuit_operator.py for tasks to queue
[2021-04-04 04:09:33,973] {logging_mixin.py:104} INFO - [2021-04-04 04:09:33,973] {dagbag.py:448} INFO - Filling up the DagBag from /home/prathamesh/PycharmProjects/airflow-project/venv/lib/python3.8/site-packages/airflow/example_dags/example_short_circuit_operator.py
[2021-04-04 04:09:33,981] {scheduler_job.py:639} INFO - DAG(s) dict_keys(['example_short_circuit_operator']) retrieved from /home/prathamesh/PycharmProjects/airflow-project/venv/lib/python3.8/site-packages/airflow/example_dags/example_short_circuit_operator.py
[2021-04-04 04:09:34,002] {logging_mixin.py:104} INFO - [2021-04-04 04:09:34,002] {dag.py:1818} INFO - Sync 1 DAGs
[2021-04-04 04:09:34,009] {logging_mixin.py:104} INFO - [2021-04-04 04:09:34,009] {dag.py:2273} INFO - Setting next_dagrun for example_short_circuit_operator to 2021-04-02 00:00:00+00:00
[2021-04-04 04:09:34,014] {scheduler_job.py:190} INFO - Processing /home/prathamesh/PycharmProjects/airflow-project/venv/lib/python3.8/site-packages/airflow/example_dags/example_short_circuit_operator.py took 0.052 seconds
[2021-04-04 04:10:05,937] {scheduler_job.py:182} INFO - Started process (PID=5154) to work on /home/prathamesh/PycharmProjects/airflow-project/venv/lib/python3.8/site-packages/airflow/example_dags/example_short_circuit_operator.py
[2021-04-04 04:10:05,940] {scheduler_job.py:629} INFO - Processing file /home/prathamesh/PycharmProjects/airflow-project/venv/lib/python3.8/site-packages/airflow/example_dags/example_short_circuit_operator.py for tasks to queue
[2021-04-04 04:10:05,941] {logging_mixin.py:104} INFO - [2021-04-04 04:10:05,941] {dagbag.py:448} INFO - Filling up the DagBag from /home/prathamesh/PycharmProjects/airflow-project/venv/lib/python3.8/site-packages/airflow/example_dags/example_short_circuit_operator.py
[2021-04-04 04:10:05,947] {scheduler_job.py:639} INFO - DAG(s) dict_keys(['example_short_circuit_operator']) retrieved from /home/prathamesh/PycharmProjects/airflow-project/venv/lib/python3.8/site-packages/airflow/example_dags/example_short_circuit_operator.py
[2021-04-04 04:10:05,958] {logging_mixin.py:104} INFO - [2021-04-04 04:10:05,958] {dag.py:1818} INFO - Sync 1 DAGs
[2021-04-04 04:10:05,966] {logging_mixin.py:104} INFO - [2021-04-04 04:10:05,966] {dag.py:2273} INFO - Setting next_dagrun for example_short_circuit_operator to 2021-04-02 00:00:00+00:00
[2021-04-04 04:10:05,969] {scheduler_job.py:190} INFO - Processing /home/prathamesh/PycharmProjects/airflow-project/venv/lib/python3.8/site-packages/airflow/example_dags/example_short_circuit_operator.py took 0.034 seconds
[2021-04-04 04:10:37,928] {scheduler_job.py:182} INFO - Started process (PID=5186) to work on /home/prathamesh/PycharmProjects/airflow-project/venv/lib/python3.8/site-packages/airflow/example_dags/example_short_circuit_operator.py
[2021-04-04 04:10:37,929] {scheduler_job.py:629} INFO - Processing file /home/prathamesh/PycharmProjects/airflow-project/venv/lib/python3.8/site-packages/airflow/example_dags/example_short_circuit_operator.py for tasks to queue
[2021-04-04 04:10:37,931] {logging_mixin.py:104} INFO - [2021-04-04 04:10:37,931] {dagbag.py:448} INFO - Filling up the DagBag from /home/prathamesh/PycharmProjects/airflow-project/venv/lib/python3.8/site-packages/airflow/example_dags/example_short_circuit_operator.py
[2021-04-04 04:10:37,938] {scheduler_job.py:639} INFO - DAG(s) dict_keys(['example_short_circuit_operator']) retrieved from /home/prathamesh/PycharmProjects/airflow-project/venv/lib/python3.8/site-packages/airflow/example_dags/example_short_circuit_operator.py
[2021-04-04 04:10:37,947] {logging_mixin.py:104} INFO - [2021-04-04 04:10:37,947] {dag.py:1818} INFO - Sync 1 DAGs
[2021-04-04 04:10:37,954] {logging_mixin.py:104} INFO - [2021-04-04 04:10:37,954] {dag.py:2273} INFO - Setting next_dagrun for example_short_circuit_operator to 2021-04-02 00:00:00+00:00
[2021-04-04 04:10:37,958] {scheduler_job.py:190} INFO - Processing /home/prathamesh/PycharmProjects/airflow-project/venv/lib/python3.8/site-packages/airflow/example_dags/example_short_circuit_operator.py took 0.033 seconds
[2021-04-04 04:11:08,377] {scheduler_job.py:182} INFO - Started process (PID=5217) to work on /home/prathamesh/PycharmProjects/airflow-project/venv/lib/python3.8/site-packages/airflow/example_dags/example_short_circuit_operator.py
[2021-04-04 04:11:08,378] {scheduler_job.py:629} INFO - Processing file /home/prathamesh/PycharmProjects/airflow-project/venv/lib/python3.8/site-packages/airflow/example_dags/example_short_circuit_operator.py for tasks to queue
[2021-04-04 04:11:08,378] {logging_mixin.py:104} INFO - [2021-04-04 04:11:08,378] {dagbag.py:448} INFO - Filling up the DagBag from /home/prathamesh/PycharmProjects/airflow-project/venv/lib/python3.8/site-packages/airflow/example_dags/example_short_circuit_operator.py
[2021-04-04 04:11:08,385] {scheduler_job.py:639} INFO - DAG(s) dict_keys(['example_short_circuit_operator']) retrieved from /home/prathamesh/PycharmProjects/airflow-project/venv/lib/python3.8/site-packages/airflow/example_dags/example_short_circuit_operator.py
[2021-04-04 04:11:08,395] {logging_mixin.py:104} INFO - [2021-04-04 04:11:08,395] {dag.py:1818} INFO - Sync 1 DAGs
[2021-04-04 04:11:08,404] {logging_mixin.py:104} INFO - [2021-04-04 04:11:08,404] {dag.py:2273} INFO - Setting next_dagrun for example_short_circuit_operator to 2021-04-02 00:00:00+00:00
[2021-04-04 04:11:08,408] {scheduler_job.py:190} INFO - Processing /home/prathamesh/PycharmProjects/airflow-project/venv/lib/python3.8/site-packages/airflow/example_dags/example_short_circuit_operator.py took 0.033 seconds
[2021-04-04 04:11:39,172] {scheduler_job.py:182} INFO - Started process (PID=5275) to work on /home/prathamesh/PycharmProjects/airflow-project/venv/lib/python3.8/site-packages/airflow/example_dags/example_short_circuit_operator.py
[2021-04-04 04:11:39,173] {scheduler_job.py:629} INFO - Processing file /home/prathamesh/PycharmProjects/airflow-project/venv/lib/python3.8/site-packages/airflow/example_dags/example_short_circuit_operator.py for tasks to queue
[2021-04-04 04:11:39,174] {logging_mixin.py:104} INFO - [2021-04-04 04:11:39,174] {dagbag.py:448} INFO - Filling up the DagBag from /home/prathamesh/PycharmProjects/airflow-project/venv/lib/python3.8/site-packages/airflow/example_dags/example_short_circuit_operator.py
[2021-04-04 04:11:39,182] {scheduler_job.py:639} INFO - DAG(s) dict_keys(['example_short_circuit_operator']) retrieved from /home/prathamesh/PycharmProjects/airflow-project/venv/lib/python3.8/site-packages/airflow/example_dags/example_short_circuit_operator.py
[2021-04-04 04:11:39,193] {logging_mixin.py:104} INFO - [2021-04-04 04:11:39,193] {dag.py:1818} INFO - Sync 1 DAGs
[2021-04-04 04:11:39,200] {logging_mixin.py:104} INFO - [2021-04-04 04:11:39,199] {dag.py:2273} INFO - Setting next_dagrun for example_short_circuit_operator to 2021-04-02 00:00:00+00:00
[2021-04-04 04:11:39,203] {scheduler_job.py:190} INFO - Processing /home/prathamesh/PycharmProjects/airflow-project/venv/lib/python3.8/site-packages/airflow/example_dags/example_short_circuit_operator.py took 0.034 seconds
[2021-04-04 04:12:10,603] {scheduler_job.py:182} INFO - Started process (PID=5312) to work on /home/prathamesh/PycharmProjects/airflow-project/venv/lib/python3.8/site-packages/airflow/example_dags/example_short_circuit_operator.py
[2021-04-04 04:12:10,609] {scheduler_job.py:629} INFO - Processing file /home/prathamesh/PycharmProjects/airflow-project/venv/lib/python3.8/site-packages/airflow/example_dags/example_short_circuit_operator.py for tasks to queue
[2021-04-04 04:12:10,610] {logging_mixin.py:104} INFO - [2021-04-04 04:12:10,610] {dagbag.py:448} INFO - Filling up the DagBag from /home/prathamesh/PycharmProjects/airflow-project/venv/lib/python3.8/site-packages/airflow/example_dags/example_short_circuit_operator.py
[2021-04-04 04:12:10,617] {scheduler_job.py:639} INFO - DAG(s) dict_keys(['example_short_circuit_operator']) retrieved from /home/prathamesh/PycharmProjects/airflow-project/venv/lib/python3.8/site-packages/airflow/example_dags/example_short_circuit_operator.py
[2021-04-04 04:12:10,630] {logging_mixin.py:104} INFO - [2021-04-04 04:12:10,630] {dag.py:1818} INFO - Sync 1 DAGs
[2021-04-04 04:12:10,639] {logging_mixin.py:104} INFO - [2021-04-04 04:12:10,639] {dag.py:2273} INFO - Setting next_dagrun for example_short_circuit_operator to 2021-04-02 00:00:00+00:00
[2021-04-04 04:12:10,646] {scheduler_job.py:190} INFO - Processing /home/prathamesh/PycharmProjects/airflow-project/venv/lib/python3.8/site-packages/airflow/example_dags/example_short_circuit_operator.py took 0.053 seconds
[2021-04-04 04:12:41,222] {scheduler_job.py:182} INFO - Started process (PID=5360) to work on /home/prathamesh/PycharmProjects/airflow-project/venv/lib/python3.8/site-packages/airflow/example_dags/example_short_circuit_operator.py
[2021-04-04 04:12:41,223] {scheduler_job.py:629} INFO - Processing file /home/prathamesh/PycharmProjects/airflow-project/venv/lib/python3.8/site-packages/airflow/example_dags/example_short_circuit_operator.py for tasks to queue
[2021-04-04 04:12:41,223] {logging_mixin.py:104} INFO - [2021-04-04 04:12:41,223] {dagbag.py:448} INFO - Filling up the DagBag from /home/prathamesh/PycharmProjects/airflow-project/venv/lib/python3.8/site-packages/airflow/example_dags/example_short_circuit_operator.py
[2021-04-04 04:12:41,230] {scheduler_job.py:639} INFO - DAG(s) dict_keys(['example_short_circuit_operator']) retrieved from /home/prathamesh/PycharmProjects/airflow-project/venv/lib/python3.8/site-packages/airflow/example_dags/example_short_circuit_operator.py
[2021-04-04 04:12:41,240] {logging_mixin.py:104} INFO - [2021-04-04 04:12:41,240] {dag.py:1818} INFO - Sync 1 DAGs
[2021-04-04 04:12:41,247] {logging_mixin.py:104} INFO - [2021-04-04 04:12:41,247] {dag.py:2273} INFO - Setting next_dagrun for example_short_circuit_operator to 2021-04-02 00:00:00+00:00
[2021-04-04 04:12:41,251] {scheduler_job.py:190} INFO - Processing /home/prathamesh/PycharmProjects/airflow-project/venv/lib/python3.8/site-packages/airflow/example_dags/example_short_circuit_operator.py took 0.031 seconds
[2021-04-04 16:21:50,272] {scheduler_job.py:182} INFO - Started process (PID=3492) to work on /home/prathamesh/PycharmProjects/airflow-project/venv/lib/python3.8/site-packages/airflow/example_dags/example_short_circuit_operator.py
[2021-04-04 16:21:50,276] {scheduler_job.py:629} INFO - Processing file /home/prathamesh/PycharmProjects/airflow-project/venv/lib/python3.8/site-packages/airflow/example_dags/example_short_circuit_operator.py for tasks to queue
[2021-04-04 16:21:50,276] {logging_mixin.py:104} INFO - [2021-04-04 16:21:50,276] {dagbag.py:448} INFO - Filling up the DagBag from /home/prathamesh/PycharmProjects/airflow-project/venv/lib/python3.8/site-packages/airflow/example_dags/example_short_circuit_operator.py
[2021-04-04 16:21:50,291] {scheduler_job.py:639} INFO - DAG(s) dict_keys(['example_short_circuit_operator']) retrieved from /home/prathamesh/PycharmProjects/airflow-project/venv/lib/python3.8/site-packages/airflow/example_dags/example_short_circuit_operator.py
[2021-04-04 16:21:50,305] {logging_mixin.py:104} INFO - [2021-04-04 16:21:50,305] {dag.py:1818} INFO - Sync 1 DAGs
[2021-04-04 16:21:50,315] {logging_mixin.py:104} INFO - [2021-04-04 16:21:50,314] {dag.py:2273} INFO - Setting next_dagrun for example_short_circuit_operator to 2021-04-02 00:00:00+00:00
[2021-04-04 16:21:50,318] {scheduler_job.py:190} INFO - Processing /home/prathamesh/PycharmProjects/airflow-project/venv/lib/python3.8/site-packages/airflow/example_dags/example_short_circuit_operator.py took 0.049 seconds
[2021-04-04 16:22:20,889] {scheduler_job.py:182} INFO - Started process (PID=3553) to work on /home/prathamesh/PycharmProjects/airflow-project/venv/lib/python3.8/site-packages/airflow/example_dags/example_short_circuit_operator.py
[2021-04-04 16:22:20,890] {scheduler_job.py:629} INFO - Processing file /home/prathamesh/PycharmProjects/airflow-project/venv/lib/python3.8/site-packages/airflow/example_dags/example_short_circuit_operator.py for tasks to queue
[2021-04-04 16:22:20,890] {logging_mixin.py:104} INFO - [2021-04-04 16:22:20,890] {dagbag.py:448} INFO - Filling up the DagBag from /home/prathamesh/PycharmProjects/airflow-project/venv/lib/python3.8/site-packages/airflow/example_dags/example_short_circuit_operator.py
[2021-04-04 16:22:20,899] {scheduler_job.py:639} INFO - DAG(s) dict_keys(['example_short_circuit_operator']) retrieved from /home/prathamesh/PycharmProjects/airflow-project/venv/lib/python3.8/site-packages/airflow/example_dags/example_short_circuit_operator.py
[2021-04-04 16:22:20,909] {logging_mixin.py:104} INFO - [2021-04-04 16:22:20,909] {dag.py:1818} INFO - Sync 1 DAGs
[2021-04-04 16:22:20,917] {logging_mixin.py:104} INFO - [2021-04-04 16:22:20,917] {dag.py:2273} INFO - Setting next_dagrun for example_short_circuit_operator to 2021-04-02 00:00:00+00:00
[2021-04-04 16:22:20,922] {scheduler_job.py:190} INFO - Processing /home/prathamesh/PycharmProjects/airflow-project/venv/lib/python3.8/site-packages/airflow/example_dags/example_short_circuit_operator.py took 0.035 seconds
[2021-04-04 16:22:51,435] {scheduler_job.py:182} INFO - Started process (PID=3580) to work on /home/prathamesh/PycharmProjects/airflow-project/venv/lib/python3.8/site-packages/airflow/example_dags/example_short_circuit_operator.py
[2021-04-04 16:22:51,438] {scheduler_job.py:629} INFO - Processing file /home/prathamesh/PycharmProjects/airflow-project/venv/lib/python3.8/site-packages/airflow/example_dags/example_short_circuit_operator.py for tasks to queue
[2021-04-04 16:22:51,439] {logging_mixin.py:104} INFO - [2021-04-04 16:22:51,439] {dagbag.py:448} INFO - Filling up the DagBag from /home/prathamesh/PycharmProjects/airflow-project/venv/lib/python3.8/site-packages/airflow/example_dags/example_short_circuit_operator.py
[2021-04-04 16:22:51,449] {scheduler_job.py:639} INFO - DAG(s) dict_keys(['example_short_circuit_operator']) retrieved from /home/prathamesh/PycharmProjects/airflow-project/venv/lib/python3.8/site-packages/airflow/example_dags/example_short_circuit_operator.py
[2021-04-04 16:22:51,460] {logging_mixin.py:104} INFO - [2021-04-04 16:22:51,460] {dag.py:1818} INFO - Sync 1 DAGs
[2021-04-04 16:22:51,468] {logging_mixin.py:104} INFO - [2021-04-04 16:22:51,468] {dag.py:2273} INFO - Setting next_dagrun for example_short_circuit_operator to 2021-04-02 00:00:00+00:00
[2021-04-04 16:22:51,474] {scheduler_job.py:190} INFO - Processing /home/prathamesh/PycharmProjects/airflow-project/venv/lib/python3.8/site-packages/airflow/example_dags/example_short_circuit_operator.py took 0.043 seconds
[2021-04-04 16:23:22,083] {scheduler_job.py:182} INFO - Started process (PID=3607) to work on /home/prathamesh/PycharmProjects/airflow-project/venv/lib/python3.8/site-packages/airflow/example_dags/example_short_circuit_operator.py
[2021-04-04 16:23:22,084] {scheduler_job.py:629} INFO - Processing file /home/prathamesh/PycharmProjects/airflow-project/venv/lib/python3.8/site-packages/airflow/example_dags/example_short_circuit_operator.py for tasks to queue
[2021-04-04 16:23:22,084] {logging_mixin.py:104} INFO - [2021-04-04 16:23:22,084] {dagbag.py:448} INFO - Filling up the DagBag from /home/prathamesh/PycharmProjects/airflow-project/venv/lib/python3.8/site-packages/airflow/example_dags/example_short_circuit_operator.py
[2021-04-04 16:23:22,091] {scheduler_job.py:639} INFO - DAG(s) dict_keys(['example_short_circuit_operator']) retrieved from /home/prathamesh/PycharmProjects/airflow-project/venv/lib/python3.8/site-packages/airflow/example_dags/example_short_circuit_operator.py
[2021-04-04 16:23:22,101] {logging_mixin.py:104} INFO - [2021-04-04 16:23:22,101] {dag.py:1818} INFO - Sync 1 DAGs
[2021-04-04 16:23:22,110] {logging_mixin.py:104} INFO - [2021-04-04 16:23:22,110] {dag.py:2273} INFO - Setting next_dagrun for example_short_circuit_operator to 2021-04-02 00:00:00+00:00
[2021-04-04 16:23:22,114] {scheduler_job.py:190} INFO - Processing /home/prathamesh/PycharmProjects/airflow-project/venv/lib/python3.8/site-packages/airflow/example_dags/example_short_circuit_operator.py took 0.034 seconds
