[2021-04-04 03:36:30,047] {scheduler_job.py:182} INFO - Started process (PID=3209) to work on /home/prathamesh/PycharmProjects/airflow-project/venv/lib/python3.8/site-packages/airflow/example_dags/example_python_operator.py
[2021-04-04 03:36:30,048] {scheduler_job.py:629} INFO - Processing file /home/prathamesh/PycharmProjects/airflow-project/venv/lib/python3.8/site-packages/airflow/example_dags/example_python_operator.py for tasks to queue
[2021-04-04 03:36:30,048] {logging_mixin.py:104} INFO - [2021-04-04 03:36:30,048] {dagbag.py:448} INFO - Filling up the DagBag from /home/prathamesh/PycharmProjects/airflow-project/venv/lib/python3.8/site-packages/airflow/example_dags/example_python_operator.py
[2021-04-04 03:36:30,058] {scheduler_job.py:639} INFO - DAG(s) dict_keys(['example_python_operator']) retrieved from /home/prathamesh/PycharmProjects/airflow-project/venv/lib/python3.8/site-packages/airflow/example_dags/example_python_operator.py
[2021-04-04 03:36:30,075] {logging_mixin.py:104} INFO - [2021-04-04 03:36:30,075] {dag.py:1818} INFO - Sync 1 DAGs
[2021-04-04 03:36:30,086] {logging_mixin.py:104} INFO - [2021-04-04 03:36:30,086] {dag.py:2273} INFO - Setting next_dagrun for example_python_operator to None
[2021-04-04 03:36:30,118] {scheduler_job.py:190} INFO - Processing /home/prathamesh/PycharmProjects/airflow-project/venv/lib/python3.8/site-packages/airflow/example_dags/example_python_operator.py took 0.074 seconds
[2021-04-04 03:37:03,370] {scheduler_job.py:182} INFO - Started process (PID=3243) to work on /home/prathamesh/PycharmProjects/airflow-project/venv/lib/python3.8/site-packages/airflow/example_dags/example_python_operator.py
[2021-04-04 03:37:03,371] {scheduler_job.py:629} INFO - Processing file /home/prathamesh/PycharmProjects/airflow-project/venv/lib/python3.8/site-packages/airflow/example_dags/example_python_operator.py for tasks to queue
[2021-04-04 03:37:03,371] {logging_mixin.py:104} INFO - [2021-04-04 03:37:03,371] {dagbag.py:448} INFO - Filling up the DagBag from /home/prathamesh/PycharmProjects/airflow-project/venv/lib/python3.8/site-packages/airflow/example_dags/example_python_operator.py
[2021-04-04 03:37:03,379] {scheduler_job.py:639} INFO - DAG(s) dict_keys(['example_python_operator']) retrieved from /home/prathamesh/PycharmProjects/airflow-project/venv/lib/python3.8/site-packages/airflow/example_dags/example_python_operator.py
[2021-04-04 03:37:03,393] {logging_mixin.py:104} INFO - [2021-04-04 03:37:03,393] {dag.py:1818} INFO - Sync 1 DAGs
[2021-04-04 03:37:03,404] {logging_mixin.py:104} INFO - [2021-04-04 03:37:03,404] {dag.py:2273} INFO - Setting next_dagrun for example_python_operator to None
[2021-04-04 03:37:03,410] {scheduler_job.py:190} INFO - Processing /home/prathamesh/PycharmProjects/airflow-project/venv/lib/python3.8/site-packages/airflow/example_dags/example_python_operator.py took 0.043 seconds
[2021-04-04 03:37:34,134] {scheduler_job.py:182} INFO - Started process (PID=3280) to work on /home/prathamesh/PycharmProjects/airflow-project/venv/lib/python3.8/site-packages/airflow/example_dags/example_python_operator.py
[2021-04-04 03:37:34,136] {scheduler_job.py:629} INFO - Processing file /home/prathamesh/PycharmProjects/airflow-project/venv/lib/python3.8/site-packages/airflow/example_dags/example_python_operator.py for tasks to queue
[2021-04-04 03:37:34,136] {logging_mixin.py:104} INFO - [2021-04-04 03:37:34,136] {dagbag.py:448} INFO - Filling up the DagBag from /home/prathamesh/PycharmProjects/airflow-project/venv/lib/python3.8/site-packages/airflow/example_dags/example_python_operator.py
[2021-04-04 03:37:34,151] {scheduler_job.py:639} INFO - DAG(s) dict_keys(['example_python_operator']) retrieved from /home/prathamesh/PycharmProjects/airflow-project/venv/lib/python3.8/site-packages/airflow/example_dags/example_python_operator.py
[2021-04-04 03:37:34,163] {logging_mixin.py:104} INFO - [2021-04-04 03:37:34,162] {dag.py:1818} INFO - Sync 1 DAGs
[2021-04-04 03:37:34,172] {logging_mixin.py:104} INFO - [2021-04-04 03:37:34,171] {dag.py:2273} INFO - Setting next_dagrun for example_python_operator to None
[2021-04-04 03:37:34,176] {scheduler_job.py:190} INFO - Processing /home/prathamesh/PycharmProjects/airflow-project/venv/lib/python3.8/site-packages/airflow/example_dags/example_python_operator.py took 0.044 seconds
[2021-04-04 03:38:04,688] {scheduler_job.py:182} INFO - Started process (PID=3309) to work on /home/prathamesh/PycharmProjects/airflow-project/venv/lib/python3.8/site-packages/airflow/example_dags/example_python_operator.py
[2021-04-04 03:38:04,690] {scheduler_job.py:629} INFO - Processing file /home/prathamesh/PycharmProjects/airflow-project/venv/lib/python3.8/site-packages/airflow/example_dags/example_python_operator.py for tasks to queue
[2021-04-04 03:38:04,691] {logging_mixin.py:104} INFO - [2021-04-04 03:38:04,691] {dagbag.py:448} INFO - Filling up the DagBag from /home/prathamesh/PycharmProjects/airflow-project/venv/lib/python3.8/site-packages/airflow/example_dags/example_python_operator.py
[2021-04-04 03:38:04,705] {scheduler_job.py:639} INFO - DAG(s) dict_keys(['example_python_operator']) retrieved from /home/prathamesh/PycharmProjects/airflow-project/venv/lib/python3.8/site-packages/airflow/example_dags/example_python_operator.py
[2021-04-04 03:38:04,716] {logging_mixin.py:104} INFO - [2021-04-04 03:38:04,715] {dag.py:1818} INFO - Sync 1 DAGs
[2021-04-04 03:38:04,730] {logging_mixin.py:104} INFO - [2021-04-04 03:38:04,730] {dag.py:2273} INFO - Setting next_dagrun for example_python_operator to None
[2021-04-04 03:38:04,738] {scheduler_job.py:190} INFO - Processing /home/prathamesh/PycharmProjects/airflow-project/venv/lib/python3.8/site-packages/airflow/example_dags/example_python_operator.py took 0.054 seconds
[2021-04-04 03:38:35,699] {scheduler_job.py:182} INFO - Started process (PID=3345) to work on /home/prathamesh/PycharmProjects/airflow-project/venv/lib/python3.8/site-packages/airflow/example_dags/example_python_operator.py
[2021-04-04 03:38:35,700] {scheduler_job.py:629} INFO - Processing file /home/prathamesh/PycharmProjects/airflow-project/venv/lib/python3.8/site-packages/airflow/example_dags/example_python_operator.py for tasks to queue
[2021-04-04 03:38:35,700] {logging_mixin.py:104} INFO - [2021-04-04 03:38:35,700] {dagbag.py:448} INFO - Filling up the DagBag from /home/prathamesh/PycharmProjects/airflow-project/venv/lib/python3.8/site-packages/airflow/example_dags/example_python_operator.py
[2021-04-04 03:38:35,709] {scheduler_job.py:639} INFO - DAG(s) dict_keys(['example_python_operator']) retrieved from /home/prathamesh/PycharmProjects/airflow-project/venv/lib/python3.8/site-packages/airflow/example_dags/example_python_operator.py
[2021-04-04 03:38:35,721] {logging_mixin.py:104} INFO - [2021-04-04 03:38:35,721] {dag.py:1818} INFO - Sync 1 DAGs
[2021-04-04 03:38:35,733] {logging_mixin.py:104} INFO - [2021-04-04 03:38:35,733] {dag.py:2273} INFO - Setting next_dagrun for example_python_operator to None
[2021-04-04 03:38:35,742] {scheduler_job.py:190} INFO - Processing /home/prathamesh/PycharmProjects/airflow-project/venv/lib/python3.8/site-packages/airflow/example_dags/example_python_operator.py took 0.046 seconds
[2021-04-04 03:39:08,368] {scheduler_job.py:182} INFO - Started process (PID=3382) to work on /home/prathamesh/PycharmProjects/airflow-project/venv/lib/python3.8/site-packages/airflow/example_dags/example_python_operator.py
[2021-04-04 03:39:08,369] {scheduler_job.py:629} INFO - Processing file /home/prathamesh/PycharmProjects/airflow-project/venv/lib/python3.8/site-packages/airflow/example_dags/example_python_operator.py for tasks to queue
[2021-04-04 03:39:08,369] {logging_mixin.py:104} INFO - [2021-04-04 03:39:08,369] {dagbag.py:448} INFO - Filling up the DagBag from /home/prathamesh/PycharmProjects/airflow-project/venv/lib/python3.8/site-packages/airflow/example_dags/example_python_operator.py
[2021-04-04 03:39:08,377] {scheduler_job.py:639} INFO - DAG(s) dict_keys(['example_python_operator']) retrieved from /home/prathamesh/PycharmProjects/airflow-project/venv/lib/python3.8/site-packages/airflow/example_dags/example_python_operator.py
[2021-04-04 03:39:08,391] {logging_mixin.py:104} INFO - [2021-04-04 03:39:08,391] {dag.py:1818} INFO - Sync 1 DAGs
[2021-04-04 03:39:08,400] {logging_mixin.py:104} INFO - [2021-04-04 03:39:08,400] {dag.py:2273} INFO - Setting next_dagrun for example_python_operator to None
[2021-04-04 03:39:08,404] {scheduler_job.py:190} INFO - Processing /home/prathamesh/PycharmProjects/airflow-project/venv/lib/python3.8/site-packages/airflow/example_dags/example_python_operator.py took 0.038 seconds
[2021-04-04 03:39:40,140] {scheduler_job.py:182} INFO - Started process (PID=3412) to work on /home/prathamesh/PycharmProjects/airflow-project/venv/lib/python3.8/site-packages/airflow/example_dags/example_python_operator.py
[2021-04-04 03:39:40,141] {scheduler_job.py:629} INFO - Processing file /home/prathamesh/PycharmProjects/airflow-project/venv/lib/python3.8/site-packages/airflow/example_dags/example_python_operator.py for tasks to queue
[2021-04-04 03:39:40,141] {logging_mixin.py:104} INFO - [2021-04-04 03:39:40,141] {dagbag.py:448} INFO - Filling up the DagBag from /home/prathamesh/PycharmProjects/airflow-project/venv/lib/python3.8/site-packages/airflow/example_dags/example_python_operator.py
[2021-04-04 03:39:40,151] {scheduler_job.py:639} INFO - DAG(s) dict_keys(['example_python_operator']) retrieved from /home/prathamesh/PycharmProjects/airflow-project/venv/lib/python3.8/site-packages/airflow/example_dags/example_python_operator.py
[2021-04-04 03:39:40,166] {logging_mixin.py:104} INFO - [2021-04-04 03:39:40,166] {dag.py:1818} INFO - Sync 1 DAGs
[2021-04-04 03:39:40,174] {logging_mixin.py:104} INFO - [2021-04-04 03:39:40,174] {dag.py:2273} INFO - Setting next_dagrun for example_python_operator to None
[2021-04-04 03:39:40,178] {scheduler_job.py:190} INFO - Processing /home/prathamesh/PycharmProjects/airflow-project/venv/lib/python3.8/site-packages/airflow/example_dags/example_python_operator.py took 0.041 seconds
[2021-04-04 03:40:10,944] {scheduler_job.py:182} INFO - Started process (PID=3441) to work on /home/prathamesh/PycharmProjects/airflow-project/venv/lib/python3.8/site-packages/airflow/example_dags/example_python_operator.py
[2021-04-04 03:40:10,945] {scheduler_job.py:629} INFO - Processing file /home/prathamesh/PycharmProjects/airflow-project/venv/lib/python3.8/site-packages/airflow/example_dags/example_python_operator.py for tasks to queue
[2021-04-04 03:40:10,946] {logging_mixin.py:104} INFO - [2021-04-04 03:40:10,946] {dagbag.py:448} INFO - Filling up the DagBag from /home/prathamesh/PycharmProjects/airflow-project/venv/lib/python3.8/site-packages/airflow/example_dags/example_python_operator.py
[2021-04-04 03:40:10,960] {scheduler_job.py:639} INFO - DAG(s) dict_keys(['example_python_operator']) retrieved from /home/prathamesh/PycharmProjects/airflow-project/venv/lib/python3.8/site-packages/airflow/example_dags/example_python_operator.py
[2021-04-04 03:40:10,975] {logging_mixin.py:104} INFO - [2021-04-04 03:40:10,975] {dag.py:1818} INFO - Sync 1 DAGs
[2021-04-04 03:40:10,986] {logging_mixin.py:104} INFO - [2021-04-04 03:40:10,986] {dag.py:2273} INFO - Setting next_dagrun for example_python_operator to None
[2021-04-04 03:40:10,990] {scheduler_job.py:190} INFO - Processing /home/prathamesh/PycharmProjects/airflow-project/venv/lib/python3.8/site-packages/airflow/example_dags/example_python_operator.py took 0.050 seconds
[2021-04-04 03:40:42,087] {scheduler_job.py:182} INFO - Started process (PID=3469) to work on /home/prathamesh/PycharmProjects/airflow-project/venv/lib/python3.8/site-packages/airflow/example_dags/example_python_operator.py
[2021-04-04 03:40:42,088] {scheduler_job.py:629} INFO - Processing file /home/prathamesh/PycharmProjects/airflow-project/venv/lib/python3.8/site-packages/airflow/example_dags/example_python_operator.py for tasks to queue
[2021-04-04 03:40:42,088] {logging_mixin.py:104} INFO - [2021-04-04 03:40:42,088] {dagbag.py:448} INFO - Filling up the DagBag from /home/prathamesh/PycharmProjects/airflow-project/venv/lib/python3.8/site-packages/airflow/example_dags/example_python_operator.py
[2021-04-04 03:40:42,097] {scheduler_job.py:639} INFO - DAG(s) dict_keys(['example_python_operator']) retrieved from /home/prathamesh/PycharmProjects/airflow-project/venv/lib/python3.8/site-packages/airflow/example_dags/example_python_operator.py
[2021-04-04 03:40:42,108] {logging_mixin.py:104} INFO - [2021-04-04 03:40:42,108] {dag.py:1818} INFO - Sync 1 DAGs
[2021-04-04 03:40:42,113] {logging_mixin.py:104} INFO - [2021-04-04 03:40:42,113] {dag.py:2273} INFO - Setting next_dagrun for example_python_operator to None
[2021-04-04 03:40:42,118] {scheduler_job.py:190} INFO - Processing /home/prathamesh/PycharmProjects/airflow-project/venv/lib/python3.8/site-packages/airflow/example_dags/example_python_operator.py took 0.034 seconds
[2021-04-04 03:41:12,998] {scheduler_job.py:182} INFO - Started process (PID=3514) to work on /home/prathamesh/PycharmProjects/airflow-project/venv/lib/python3.8/site-packages/airflow/example_dags/example_python_operator.py
[2021-04-04 03:41:12,999] {scheduler_job.py:629} INFO - Processing file /home/prathamesh/PycharmProjects/airflow-project/venv/lib/python3.8/site-packages/airflow/example_dags/example_python_operator.py for tasks to queue
[2021-04-04 03:41:13,000] {logging_mixin.py:104} INFO - [2021-04-04 03:41:13,000] {dagbag.py:448} INFO - Filling up the DagBag from /home/prathamesh/PycharmProjects/airflow-project/venv/lib/python3.8/site-packages/airflow/example_dags/example_python_operator.py
[2021-04-04 03:41:13,016] {scheduler_job.py:639} INFO - DAG(s) dict_keys(['example_python_operator']) retrieved from /home/prathamesh/PycharmProjects/airflow-project/venv/lib/python3.8/site-packages/airflow/example_dags/example_python_operator.py
[2021-04-04 03:41:13,027] {logging_mixin.py:104} INFO - [2021-04-04 03:41:13,027] {dag.py:1818} INFO - Sync 1 DAGs
[2021-04-04 03:41:13,036] {logging_mixin.py:104} INFO - [2021-04-04 03:41:13,036] {dag.py:2273} INFO - Setting next_dagrun for example_python_operator to None
[2021-04-04 03:41:13,040] {scheduler_job.py:190} INFO - Processing /home/prathamesh/PycharmProjects/airflow-project/venv/lib/python3.8/site-packages/airflow/example_dags/example_python_operator.py took 0.046 seconds
[2021-04-04 03:41:44,035] {scheduler_job.py:182} INFO - Started process (PID=3574) to work on /home/prathamesh/PycharmProjects/airflow-project/venv/lib/python3.8/site-packages/airflow/example_dags/example_python_operator.py
[2021-04-04 03:41:44,044] {scheduler_job.py:629} INFO - Processing file /home/prathamesh/PycharmProjects/airflow-project/venv/lib/python3.8/site-packages/airflow/example_dags/example_python_operator.py for tasks to queue
[2021-04-04 03:41:44,045] {logging_mixin.py:104} INFO - [2021-04-04 03:41:44,045] {dagbag.py:448} INFO - Filling up the DagBag from /home/prathamesh/PycharmProjects/airflow-project/venv/lib/python3.8/site-packages/airflow/example_dags/example_python_operator.py
[2021-04-04 03:41:44,063] {scheduler_job.py:639} INFO - DAG(s) dict_keys(['example_python_operator']) retrieved from /home/prathamesh/PycharmProjects/airflow-project/venv/lib/python3.8/site-packages/airflow/example_dags/example_python_operator.py
[2021-04-04 03:41:44,087] {logging_mixin.py:104} INFO - [2021-04-04 03:41:44,087] {dag.py:1818} INFO - Sync 1 DAGs
[2021-04-04 03:41:44,093] {logging_mixin.py:104} INFO - [2021-04-04 03:41:44,093] {dag.py:2273} INFO - Setting next_dagrun for example_python_operator to None
[2021-04-04 03:41:44,099] {scheduler_job.py:190} INFO - Processing /home/prathamesh/PycharmProjects/airflow-project/venv/lib/python3.8/site-packages/airflow/example_dags/example_python_operator.py took 0.067 seconds
[2021-04-04 03:42:14,401] {scheduler_job.py:182} INFO - Started process (PID=3602) to work on /home/prathamesh/PycharmProjects/airflow-project/venv/lib/python3.8/site-packages/airflow/example_dags/example_python_operator.py
[2021-04-04 03:42:14,403] {scheduler_job.py:629} INFO - Processing file /home/prathamesh/PycharmProjects/airflow-project/venv/lib/python3.8/site-packages/airflow/example_dags/example_python_operator.py for tasks to queue
[2021-04-04 03:42:14,403] {logging_mixin.py:104} INFO - [2021-04-04 03:42:14,403] {dagbag.py:448} INFO - Filling up the DagBag from /home/prathamesh/PycharmProjects/airflow-project/venv/lib/python3.8/site-packages/airflow/example_dags/example_python_operator.py
[2021-04-04 03:42:14,428] {scheduler_job.py:639} INFO - DAG(s) dict_keys(['example_python_operator']) retrieved from /home/prathamesh/PycharmProjects/airflow-project/venv/lib/python3.8/site-packages/airflow/example_dags/example_python_operator.py
[2021-04-04 03:42:14,446] {logging_mixin.py:104} INFO - [2021-04-04 03:42:14,445] {dag.py:1818} INFO - Sync 1 DAGs
[2021-04-04 03:42:14,460] {logging_mixin.py:104} INFO - [2021-04-04 03:42:14,460] {dag.py:2273} INFO - Setting next_dagrun for example_python_operator to None
[2021-04-04 03:42:14,475] {scheduler_job.py:190} INFO - Processing /home/prathamesh/PycharmProjects/airflow-project/venv/lib/python3.8/site-packages/airflow/example_dags/example_python_operator.py took 0.081 seconds
[2021-04-04 03:42:44,902] {scheduler_job.py:182} INFO - Started process (PID=3642) to work on /home/prathamesh/PycharmProjects/airflow-project/venv/lib/python3.8/site-packages/airflow/example_dags/example_python_operator.py
[2021-04-04 03:42:44,905] {scheduler_job.py:629} INFO - Processing file /home/prathamesh/PycharmProjects/airflow-project/venv/lib/python3.8/site-packages/airflow/example_dags/example_python_operator.py for tasks to queue
[2021-04-04 03:42:44,906] {logging_mixin.py:104} INFO - [2021-04-04 03:42:44,905] {dagbag.py:448} INFO - Filling up the DagBag from /home/prathamesh/PycharmProjects/airflow-project/venv/lib/python3.8/site-packages/airflow/example_dags/example_python_operator.py
[2021-04-04 03:42:44,915] {scheduler_job.py:639} INFO - DAG(s) dict_keys(['example_python_operator']) retrieved from /home/prathamesh/PycharmProjects/airflow-project/venv/lib/python3.8/site-packages/airflow/example_dags/example_python_operator.py
[2021-04-04 03:42:44,924] {logging_mixin.py:104} INFO - [2021-04-04 03:42:44,924] {dag.py:1818} INFO - Sync 1 DAGs
[2021-04-04 03:42:44,934] {logging_mixin.py:104} INFO - [2021-04-04 03:42:44,934] {dag.py:2273} INFO - Setting next_dagrun for example_python_operator to None
[2021-04-04 03:42:44,938] {scheduler_job.py:190} INFO - Processing /home/prathamesh/PycharmProjects/airflow-project/venv/lib/python3.8/site-packages/airflow/example_dags/example_python_operator.py took 0.039 seconds
[2021-04-04 03:43:16,103] {scheduler_job.py:182} INFO - Started process (PID=3680) to work on /home/prathamesh/PycharmProjects/airflow-project/venv/lib/python3.8/site-packages/airflow/example_dags/example_python_operator.py
[2021-04-04 03:43:16,104] {scheduler_job.py:629} INFO - Processing file /home/prathamesh/PycharmProjects/airflow-project/venv/lib/python3.8/site-packages/airflow/example_dags/example_python_operator.py for tasks to queue
[2021-04-04 03:43:16,105] {logging_mixin.py:104} INFO - [2021-04-04 03:43:16,105] {dagbag.py:448} INFO - Filling up the DagBag from /home/prathamesh/PycharmProjects/airflow-project/venv/lib/python3.8/site-packages/airflow/example_dags/example_python_operator.py
[2021-04-04 03:43:16,116] {scheduler_job.py:639} INFO - DAG(s) dict_keys(['example_python_operator']) retrieved from /home/prathamesh/PycharmProjects/airflow-project/venv/lib/python3.8/site-packages/airflow/example_dags/example_python_operator.py
[2021-04-04 03:43:16,126] {logging_mixin.py:104} INFO - [2021-04-04 03:43:16,126] {dag.py:1818} INFO - Sync 1 DAGs
[2021-04-04 03:43:16,132] {logging_mixin.py:104} INFO - [2021-04-04 03:43:16,132] {dag.py:2273} INFO - Setting next_dagrun for example_python_operator to None
[2021-04-04 03:43:16,136] {scheduler_job.py:190} INFO - Processing /home/prathamesh/PycharmProjects/airflow-project/venv/lib/python3.8/site-packages/airflow/example_dags/example_python_operator.py took 0.035 seconds
[2021-04-04 03:43:46,553] {scheduler_job.py:182} INFO - Started process (PID=3722) to work on /home/prathamesh/PycharmProjects/airflow-project/venv/lib/python3.8/site-packages/airflow/example_dags/example_python_operator.py
[2021-04-04 03:43:46,554] {scheduler_job.py:629} INFO - Processing file /home/prathamesh/PycharmProjects/airflow-project/venv/lib/python3.8/site-packages/airflow/example_dags/example_python_operator.py for tasks to queue
[2021-04-04 03:43:46,554] {logging_mixin.py:104} INFO - [2021-04-04 03:43:46,554] {dagbag.py:448} INFO - Filling up the DagBag from /home/prathamesh/PycharmProjects/airflow-project/venv/lib/python3.8/site-packages/airflow/example_dags/example_python_operator.py
[2021-04-04 03:43:46,563] {scheduler_job.py:639} INFO - DAG(s) dict_keys(['example_python_operator']) retrieved from /home/prathamesh/PycharmProjects/airflow-project/venv/lib/python3.8/site-packages/airflow/example_dags/example_python_operator.py
[2021-04-04 03:43:46,571] {logging_mixin.py:104} INFO - [2021-04-04 03:43:46,571] {dag.py:1818} INFO - Sync 1 DAGs
[2021-04-04 03:43:46,579] {logging_mixin.py:104} INFO - [2021-04-04 03:43:46,579] {dag.py:2273} INFO - Setting next_dagrun for example_python_operator to None
[2021-04-04 03:43:46,582] {scheduler_job.py:190} INFO - Processing /home/prathamesh/PycharmProjects/airflow-project/venv/lib/python3.8/site-packages/airflow/example_dags/example_python_operator.py took 0.031 seconds
[2021-04-04 03:44:16,819] {scheduler_job.py:182} INFO - Started process (PID=3753) to work on /home/prathamesh/PycharmProjects/airflow-project/venv/lib/python3.8/site-packages/airflow/example_dags/example_python_operator.py
[2021-04-04 03:44:16,820] {scheduler_job.py:629} INFO - Processing file /home/prathamesh/PycharmProjects/airflow-project/venv/lib/python3.8/site-packages/airflow/example_dags/example_python_operator.py for tasks to queue
[2021-04-04 03:44:16,820] {logging_mixin.py:104} INFO - [2021-04-04 03:44:16,820] {dagbag.py:448} INFO - Filling up the DagBag from /home/prathamesh/PycharmProjects/airflow-project/venv/lib/python3.8/site-packages/airflow/example_dags/example_python_operator.py
[2021-04-04 03:44:16,830] {scheduler_job.py:639} INFO - DAG(s) dict_keys(['example_python_operator']) retrieved from /home/prathamesh/PycharmProjects/airflow-project/venv/lib/python3.8/site-packages/airflow/example_dags/example_python_operator.py
[2021-04-04 03:44:16,838] {logging_mixin.py:104} INFO - [2021-04-04 03:44:16,838] {dag.py:1818} INFO - Sync 1 DAGs
[2021-04-04 03:44:16,845] {logging_mixin.py:104} INFO - [2021-04-04 03:44:16,845] {dag.py:2273} INFO - Setting next_dagrun for example_python_operator to None
[2021-04-04 03:44:16,849] {scheduler_job.py:190} INFO - Processing /home/prathamesh/PycharmProjects/airflow-project/venv/lib/python3.8/site-packages/airflow/example_dags/example_python_operator.py took 0.034 seconds
[2021-04-04 03:44:47,641] {scheduler_job.py:182} INFO - Started process (PID=3782) to work on /home/prathamesh/PycharmProjects/airflow-project/venv/lib/python3.8/site-packages/airflow/example_dags/example_python_operator.py
[2021-04-04 03:44:47,642] {scheduler_job.py:629} INFO - Processing file /home/prathamesh/PycharmProjects/airflow-project/venv/lib/python3.8/site-packages/airflow/example_dags/example_python_operator.py for tasks to queue
[2021-04-04 03:44:47,642] {logging_mixin.py:104} INFO - [2021-04-04 03:44:47,642] {dagbag.py:448} INFO - Filling up the DagBag from /home/prathamesh/PycharmProjects/airflow-project/venv/lib/python3.8/site-packages/airflow/example_dags/example_python_operator.py
[2021-04-04 03:44:47,655] {scheduler_job.py:639} INFO - DAG(s) dict_keys(['example_python_operator']) retrieved from /home/prathamesh/PycharmProjects/airflow-project/venv/lib/python3.8/site-packages/airflow/example_dags/example_python_operator.py
[2021-04-04 03:44:47,675] {logging_mixin.py:104} INFO - [2021-04-04 03:44:47,674] {dag.py:1818} INFO - Sync 1 DAGs
[2021-04-04 03:44:47,686] {logging_mixin.py:104} INFO - [2021-04-04 03:44:47,686] {dag.py:2273} INFO - Setting next_dagrun for example_python_operator to None
[2021-04-04 03:44:47,698] {scheduler_job.py:190} INFO - Processing /home/prathamesh/PycharmProjects/airflow-project/venv/lib/python3.8/site-packages/airflow/example_dags/example_python_operator.py took 0.063 seconds
[2021-04-04 03:45:18,490] {scheduler_job.py:182} INFO - Started process (PID=3905) to work on /home/prathamesh/PycharmProjects/airflow-project/venv/lib/python3.8/site-packages/airflow/example_dags/example_python_operator.py
[2021-04-04 03:45:18,491] {scheduler_job.py:629} INFO - Processing file /home/prathamesh/PycharmProjects/airflow-project/venv/lib/python3.8/site-packages/airflow/example_dags/example_python_operator.py for tasks to queue
[2021-04-04 03:45:18,491] {logging_mixin.py:104} INFO - [2021-04-04 03:45:18,491] {dagbag.py:448} INFO - Filling up the DagBag from /home/prathamesh/PycharmProjects/airflow-project/venv/lib/python3.8/site-packages/airflow/example_dags/example_python_operator.py
[2021-04-04 03:45:18,533] {scheduler_job.py:639} INFO - DAG(s) dict_keys(['example_python_operator']) retrieved from /home/prathamesh/PycharmProjects/airflow-project/venv/lib/python3.8/site-packages/airflow/example_dags/example_python_operator.py
[2021-04-04 03:45:18,589] {logging_mixin.py:104} INFO - [2021-04-04 03:45:18,589] {dag.py:1818} INFO - Sync 1 DAGs
[2021-04-04 03:45:18,656] {logging_mixin.py:104} INFO - [2021-04-04 03:45:18,656] {dag.py:2273} INFO - Setting next_dagrun for example_python_operator to None
[2021-04-04 03:45:18,663] {scheduler_job.py:190} INFO - Processing /home/prathamesh/PycharmProjects/airflow-project/venv/lib/python3.8/site-packages/airflow/example_dags/example_python_operator.py took 0.176 seconds
[2021-04-04 03:54:05,460] {scheduler_job.py:182} INFO - Started process (PID=4529) to work on /home/prathamesh/PycharmProjects/airflow-project/venv/lib/python3.8/site-packages/airflow/example_dags/example_python_operator.py
[2021-04-04 03:54:05,461] {scheduler_job.py:629} INFO - Processing file /home/prathamesh/PycharmProjects/airflow-project/venv/lib/python3.8/site-packages/airflow/example_dags/example_python_operator.py for tasks to queue
[2021-04-04 03:54:05,463] {logging_mixin.py:104} INFO - [2021-04-04 03:54:05,463] {dagbag.py:448} INFO - Filling up the DagBag from /home/prathamesh/PycharmProjects/airflow-project/venv/lib/python3.8/site-packages/airflow/example_dags/example_python_operator.py
[2021-04-04 03:54:05,472] {scheduler_job.py:639} INFO - DAG(s) dict_keys(['example_python_operator']) retrieved from /home/prathamesh/PycharmProjects/airflow-project/venv/lib/python3.8/site-packages/airflow/example_dags/example_python_operator.py
[2021-04-04 03:54:05,486] {logging_mixin.py:104} INFO - [2021-04-04 03:54:05,486] {dag.py:1818} INFO - Sync 1 DAGs
[2021-04-04 03:54:05,497] {logging_mixin.py:104} INFO - [2021-04-04 03:54:05,497] {dag.py:2273} INFO - Setting next_dagrun for example_python_operator to None
[2021-04-04 03:54:05,510] {scheduler_job.py:190} INFO - Processing /home/prathamesh/PycharmProjects/airflow-project/venv/lib/python3.8/site-packages/airflow/example_dags/example_python_operator.py took 0.054 seconds
[2021-04-04 03:54:36,104] {scheduler_job.py:182} INFO - Started process (PID=4567) to work on /home/prathamesh/PycharmProjects/airflow-project/venv/lib/python3.8/site-packages/airflow/example_dags/example_python_operator.py
[2021-04-04 03:54:36,111] {scheduler_job.py:629} INFO - Processing file /home/prathamesh/PycharmProjects/airflow-project/venv/lib/python3.8/site-packages/airflow/example_dags/example_python_operator.py for tasks to queue
[2021-04-04 03:54:36,111] {logging_mixin.py:104} INFO - [2021-04-04 03:54:36,111] {dagbag.py:448} INFO - Filling up the DagBag from /home/prathamesh/PycharmProjects/airflow-project/venv/lib/python3.8/site-packages/airflow/example_dags/example_python_operator.py
[2021-04-04 03:54:36,146] {scheduler_job.py:639} INFO - DAG(s) dict_keys(['example_python_operator']) retrieved from /home/prathamesh/PycharmProjects/airflow-project/venv/lib/python3.8/site-packages/airflow/example_dags/example_python_operator.py
[2021-04-04 03:54:36,160] {logging_mixin.py:104} INFO - [2021-04-04 03:54:36,160] {dag.py:1818} INFO - Sync 1 DAGs
[2021-04-04 03:54:36,186] {logging_mixin.py:104} INFO - [2021-04-04 03:54:36,185] {dag.py:2273} INFO - Setting next_dagrun for example_python_operator to None
[2021-04-04 03:54:36,194] {scheduler_job.py:190} INFO - Processing /home/prathamesh/PycharmProjects/airflow-project/venv/lib/python3.8/site-packages/airflow/example_dags/example_python_operator.py took 0.092 seconds
[2021-04-04 03:55:06,946] {scheduler_job.py:182} INFO - Started process (PID=4595) to work on /home/prathamesh/PycharmProjects/airflow-project/venv/lib/python3.8/site-packages/airflow/example_dags/example_python_operator.py
[2021-04-04 03:55:06,947] {scheduler_job.py:629} INFO - Processing file /home/prathamesh/PycharmProjects/airflow-project/venv/lib/python3.8/site-packages/airflow/example_dags/example_python_operator.py for tasks to queue
[2021-04-04 03:55:06,948] {logging_mixin.py:104} INFO - [2021-04-04 03:55:06,948] {dagbag.py:448} INFO - Filling up the DagBag from /home/prathamesh/PycharmProjects/airflow-project/venv/lib/python3.8/site-packages/airflow/example_dags/example_python_operator.py
[2021-04-04 03:55:06,961] {scheduler_job.py:639} INFO - DAG(s) dict_keys(['example_python_operator']) retrieved from /home/prathamesh/PycharmProjects/airflow-project/venv/lib/python3.8/site-packages/airflow/example_dags/example_python_operator.py
[2021-04-04 03:55:06,992] {logging_mixin.py:104} INFO - [2021-04-04 03:55:06,992] {dag.py:1818} INFO - Sync 1 DAGs
[2021-04-04 03:55:07,015] {logging_mixin.py:104} INFO - [2021-04-04 03:55:07,015] {dag.py:2273} INFO - Setting next_dagrun for example_python_operator to None
[2021-04-04 03:55:07,027] {scheduler_job.py:190} INFO - Processing /home/prathamesh/PycharmProjects/airflow-project/venv/lib/python3.8/site-packages/airflow/example_dags/example_python_operator.py took 0.086 seconds
[2021-04-04 03:55:37,658] {scheduler_job.py:182} INFO - Started process (PID=4627) to work on /home/prathamesh/PycharmProjects/airflow-project/venv/lib/python3.8/site-packages/airflow/example_dags/example_python_operator.py
[2021-04-04 03:55:37,659] {scheduler_job.py:629} INFO - Processing file /home/prathamesh/PycharmProjects/airflow-project/venv/lib/python3.8/site-packages/airflow/example_dags/example_python_operator.py for tasks to queue
[2021-04-04 03:55:37,659] {logging_mixin.py:104} INFO - [2021-04-04 03:55:37,659] {dagbag.py:448} INFO - Filling up the DagBag from /home/prathamesh/PycharmProjects/airflow-project/venv/lib/python3.8/site-packages/airflow/example_dags/example_python_operator.py
[2021-04-04 03:55:37,669] {scheduler_job.py:639} INFO - DAG(s) dict_keys(['example_python_operator']) retrieved from /home/prathamesh/PycharmProjects/airflow-project/venv/lib/python3.8/site-packages/airflow/example_dags/example_python_operator.py
[2021-04-04 03:55:37,681] {logging_mixin.py:104} INFO - [2021-04-04 03:55:37,681] {dag.py:1818} INFO - Sync 1 DAGs
[2021-04-04 03:55:37,691] {logging_mixin.py:104} INFO - [2021-04-04 03:55:37,689] {dag.py:2273} INFO - Setting next_dagrun for example_python_operator to None
[2021-04-04 03:55:37,698] {scheduler_job.py:190} INFO - Processing /home/prathamesh/PycharmProjects/airflow-project/venv/lib/python3.8/site-packages/airflow/example_dags/example_python_operator.py took 0.044 seconds
[2021-04-04 03:56:08,533] {scheduler_job.py:182} INFO - Started process (PID=4679) to work on /home/prathamesh/PycharmProjects/airflow-project/venv/lib/python3.8/site-packages/airflow/example_dags/example_python_operator.py
[2021-04-04 03:56:08,533] {scheduler_job.py:629} INFO - Processing file /home/prathamesh/PycharmProjects/airflow-project/venv/lib/python3.8/site-packages/airflow/example_dags/example_python_operator.py for tasks to queue
[2021-04-04 03:56:08,534] {logging_mixin.py:104} INFO - [2021-04-04 03:56:08,534] {dagbag.py:448} INFO - Filling up the DagBag from /home/prathamesh/PycharmProjects/airflow-project/venv/lib/python3.8/site-packages/airflow/example_dags/example_python_operator.py
[2021-04-04 03:56:08,541] {scheduler_job.py:639} INFO - DAG(s) dict_keys(['example_python_operator']) retrieved from /home/prathamesh/PycharmProjects/airflow-project/venv/lib/python3.8/site-packages/airflow/example_dags/example_python_operator.py
[2021-04-04 03:56:08,554] {logging_mixin.py:104} INFO - [2021-04-04 03:56:08,554] {dag.py:1818} INFO - Sync 1 DAGs
[2021-04-04 03:56:08,579] {logging_mixin.py:104} INFO - [2021-04-04 03:56:08,579] {dag.py:2273} INFO - Setting next_dagrun for example_python_operator to None
[2021-04-04 03:56:08,583] {scheduler_job.py:190} INFO - Processing /home/prathamesh/PycharmProjects/airflow-project/venv/lib/python3.8/site-packages/airflow/example_dags/example_python_operator.py took 0.052 seconds
[2021-04-04 03:56:39,230] {scheduler_job.py:182} INFO - Started process (PID=4711) to work on /home/prathamesh/PycharmProjects/airflow-project/venv/lib/python3.8/site-packages/airflow/example_dags/example_python_operator.py
[2021-04-04 03:56:39,231] {scheduler_job.py:629} INFO - Processing file /home/prathamesh/PycharmProjects/airflow-project/venv/lib/python3.8/site-packages/airflow/example_dags/example_python_operator.py for tasks to queue
[2021-04-04 03:56:39,232] {logging_mixin.py:104} INFO - [2021-04-04 03:56:39,232] {dagbag.py:448} INFO - Filling up the DagBag from /home/prathamesh/PycharmProjects/airflow-project/venv/lib/python3.8/site-packages/airflow/example_dags/example_python_operator.py
[2021-04-04 03:56:39,244] {scheduler_job.py:639} INFO - DAG(s) dict_keys(['example_python_operator']) retrieved from /home/prathamesh/PycharmProjects/airflow-project/venv/lib/python3.8/site-packages/airflow/example_dags/example_python_operator.py
[2021-04-04 03:56:39,255] {logging_mixin.py:104} INFO - [2021-04-04 03:56:39,255] {dag.py:1818} INFO - Sync 1 DAGs
[2021-04-04 03:56:39,262] {logging_mixin.py:104} INFO - [2021-04-04 03:56:39,262] {dag.py:2273} INFO - Setting next_dagrun for example_python_operator to None
[2021-04-04 03:56:39,266] {scheduler_job.py:190} INFO - Processing /home/prathamesh/PycharmProjects/airflow-project/venv/lib/python3.8/site-packages/airflow/example_dags/example_python_operator.py took 0.042 seconds
[2021-04-04 03:57:10,163] {scheduler_job.py:182} INFO - Started process (PID=4744) to work on /home/prathamesh/PycharmProjects/airflow-project/venv/lib/python3.8/site-packages/airflow/example_dags/example_python_operator.py
[2021-04-04 03:57:10,172] {scheduler_job.py:629} INFO - Processing file /home/prathamesh/PycharmProjects/airflow-project/venv/lib/python3.8/site-packages/airflow/example_dags/example_python_operator.py for tasks to queue
[2021-04-04 03:57:10,173] {logging_mixin.py:104} INFO - [2021-04-04 03:57:10,173] {dagbag.py:448} INFO - Filling up the DagBag from /home/prathamesh/PycharmProjects/airflow-project/venv/lib/python3.8/site-packages/airflow/example_dags/example_python_operator.py
[2021-04-04 03:57:10,181] {scheduler_job.py:639} INFO - DAG(s) dict_keys(['example_python_operator']) retrieved from /home/prathamesh/PycharmProjects/airflow-project/venv/lib/python3.8/site-packages/airflow/example_dags/example_python_operator.py
[2021-04-04 03:57:10,233] {logging_mixin.py:104} INFO - [2021-04-04 03:57:10,233] {dag.py:1818} INFO - Sync 1 DAGs
[2021-04-04 03:57:10,255] {logging_mixin.py:104} INFO - [2021-04-04 03:57:10,255] {dag.py:2273} INFO - Setting next_dagrun for example_python_operator to None
[2021-04-04 03:57:10,259] {scheduler_job.py:190} INFO - Processing /home/prathamesh/PycharmProjects/airflow-project/venv/lib/python3.8/site-packages/airflow/example_dags/example_python_operator.py took 0.111 seconds
[2021-04-04 03:57:41,269] {scheduler_job.py:182} INFO - Started process (PID=4774) to work on /home/prathamesh/PycharmProjects/airflow-project/venv/lib/python3.8/site-packages/airflow/example_dags/example_python_operator.py
[2021-04-04 03:57:41,270] {scheduler_job.py:629} INFO - Processing file /home/prathamesh/PycharmProjects/airflow-project/venv/lib/python3.8/site-packages/airflow/example_dags/example_python_operator.py for tasks to queue
[2021-04-04 03:57:41,271] {logging_mixin.py:104} INFO - [2021-04-04 03:57:41,271] {dagbag.py:448} INFO - Filling up the DagBag from /home/prathamesh/PycharmProjects/airflow-project/venv/lib/python3.8/site-packages/airflow/example_dags/example_python_operator.py
[2021-04-04 03:57:41,279] {scheduler_job.py:639} INFO - DAG(s) dict_keys(['example_python_operator']) retrieved from /home/prathamesh/PycharmProjects/airflow-project/venv/lib/python3.8/site-packages/airflow/example_dags/example_python_operator.py
[2021-04-04 03:57:41,290] {logging_mixin.py:104} INFO - [2021-04-04 03:57:41,290] {dag.py:1818} INFO - Sync 1 DAGs
[2021-04-04 03:57:41,301] {logging_mixin.py:104} INFO - [2021-04-04 03:57:41,300] {dag.py:2273} INFO - Setting next_dagrun for example_python_operator to None
[2021-04-04 03:57:41,307] {scheduler_job.py:190} INFO - Processing /home/prathamesh/PycharmProjects/airflow-project/venv/lib/python3.8/site-packages/airflow/example_dags/example_python_operator.py took 0.041 seconds
[2021-04-04 03:58:11,522] {scheduler_job.py:182} INFO - Started process (PID=4805) to work on /home/prathamesh/PycharmProjects/airflow-project/venv/lib/python3.8/site-packages/airflow/example_dags/example_python_operator.py
[2021-04-04 03:58:11,522] {scheduler_job.py:629} INFO - Processing file /home/prathamesh/PycharmProjects/airflow-project/venv/lib/python3.8/site-packages/airflow/example_dags/example_python_operator.py for tasks to queue
[2021-04-04 03:58:11,523] {logging_mixin.py:104} INFO - [2021-04-04 03:58:11,523] {dagbag.py:448} INFO - Filling up the DagBag from /home/prathamesh/PycharmProjects/airflow-project/venv/lib/python3.8/site-packages/airflow/example_dags/example_python_operator.py
[2021-04-04 03:58:11,544] {scheduler_job.py:639} INFO - DAG(s) dict_keys(['example_python_operator']) retrieved from /home/prathamesh/PycharmProjects/airflow-project/venv/lib/python3.8/site-packages/airflow/example_dags/example_python_operator.py
[2021-04-04 03:58:11,558] {logging_mixin.py:104} INFO - [2021-04-04 03:58:11,558] {dag.py:1818} INFO - Sync 1 DAGs
[2021-04-04 03:58:11,577] {logging_mixin.py:104} INFO - [2021-04-04 03:58:11,577] {dag.py:2273} INFO - Setting next_dagrun for example_python_operator to None
[2021-04-04 03:58:11,604] {scheduler_job.py:190} INFO - Processing /home/prathamesh/PycharmProjects/airflow-project/venv/lib/python3.8/site-packages/airflow/example_dags/example_python_operator.py took 0.098 seconds
[2021-04-04 04:07:36,098] {scheduler_job.py:182} INFO - Started process (PID=4951) to work on /home/prathamesh/PycharmProjects/airflow-project/venv/lib/python3.8/site-packages/airflow/example_dags/example_python_operator.py
[2021-04-04 04:07:36,099] {scheduler_job.py:629} INFO - Processing file /home/prathamesh/PycharmProjects/airflow-project/venv/lib/python3.8/site-packages/airflow/example_dags/example_python_operator.py for tasks to queue
[2021-04-04 04:07:36,099] {logging_mixin.py:104} INFO - [2021-04-04 04:07:36,099] {dagbag.py:448} INFO - Filling up the DagBag from /home/prathamesh/PycharmProjects/airflow-project/venv/lib/python3.8/site-packages/airflow/example_dags/example_python_operator.py
[2021-04-04 04:07:36,106] {scheduler_job.py:639} INFO - DAG(s) dict_keys(['example_python_operator']) retrieved from /home/prathamesh/PycharmProjects/airflow-project/venv/lib/python3.8/site-packages/airflow/example_dags/example_python_operator.py
[2021-04-04 04:07:36,129] {logging_mixin.py:104} INFO - [2021-04-04 04:07:36,129] {dag.py:1818} INFO - Sync 1 DAGs
[2021-04-04 04:07:36,148] {logging_mixin.py:104} INFO - [2021-04-04 04:07:36,148] {dag.py:2273} INFO - Setting next_dagrun for example_python_operator to None
[2021-04-04 04:07:36,161] {scheduler_job.py:190} INFO - Processing /home/prathamesh/PycharmProjects/airflow-project/venv/lib/python3.8/site-packages/airflow/example_dags/example_python_operator.py took 0.065 seconds
[2021-04-04 04:08:06,737] {scheduler_job.py:182} INFO - Started process (PID=5000) to work on /home/prathamesh/PycharmProjects/airflow-project/venv/lib/python3.8/site-packages/airflow/example_dags/example_python_operator.py
[2021-04-04 04:08:06,737] {scheduler_job.py:629} INFO - Processing file /home/prathamesh/PycharmProjects/airflow-project/venv/lib/python3.8/site-packages/airflow/example_dags/example_python_operator.py for tasks to queue
[2021-04-04 04:08:06,738] {logging_mixin.py:104} INFO - [2021-04-04 04:08:06,738] {dagbag.py:448} INFO - Filling up the DagBag from /home/prathamesh/PycharmProjects/airflow-project/venv/lib/python3.8/site-packages/airflow/example_dags/example_python_operator.py
[2021-04-04 04:08:06,746] {scheduler_job.py:639} INFO - DAG(s) dict_keys(['example_python_operator']) retrieved from /home/prathamesh/PycharmProjects/airflow-project/venv/lib/python3.8/site-packages/airflow/example_dags/example_python_operator.py
[2021-04-04 04:08:06,756] {logging_mixin.py:104} INFO - [2021-04-04 04:08:06,756] {dag.py:1818} INFO - Sync 1 DAGs
[2021-04-04 04:08:06,767] {logging_mixin.py:104} INFO - [2021-04-04 04:08:06,767] {dag.py:2273} INFO - Setting next_dagrun for example_python_operator to None
[2021-04-04 04:08:06,771] {scheduler_job.py:190} INFO - Processing /home/prathamesh/PycharmProjects/airflow-project/venv/lib/python3.8/site-packages/airflow/example_dags/example_python_operator.py took 0.036 seconds
[2021-04-04 04:08:37,577] {scheduler_job.py:182} INFO - Started process (PID=5029) to work on /home/prathamesh/PycharmProjects/airflow-project/venv/lib/python3.8/site-packages/airflow/example_dags/example_python_operator.py
[2021-04-04 04:08:37,579] {scheduler_job.py:629} INFO - Processing file /home/prathamesh/PycharmProjects/airflow-project/venv/lib/python3.8/site-packages/airflow/example_dags/example_python_operator.py for tasks to queue
[2021-04-04 04:08:37,580] {logging_mixin.py:104} INFO - [2021-04-04 04:08:37,579] {dagbag.py:448} INFO - Filling up the DagBag from /home/prathamesh/PycharmProjects/airflow-project/venv/lib/python3.8/site-packages/airflow/example_dags/example_python_operator.py
[2021-04-04 04:08:37,591] {scheduler_job.py:639} INFO - DAG(s) dict_keys(['example_python_operator']) retrieved from /home/prathamesh/PycharmProjects/airflow-project/venv/lib/python3.8/site-packages/airflow/example_dags/example_python_operator.py
[2021-04-04 04:08:37,601] {logging_mixin.py:104} INFO - [2021-04-04 04:08:37,601] {dag.py:1818} INFO - Sync 1 DAGs
[2021-04-04 04:08:37,609] {logging_mixin.py:104} INFO - [2021-04-04 04:08:37,609] {dag.py:2273} INFO - Setting next_dagrun for example_python_operator to None
[2021-04-04 04:08:37,614] {scheduler_job.py:190} INFO - Processing /home/prathamesh/PycharmProjects/airflow-project/venv/lib/python3.8/site-packages/airflow/example_dags/example_python_operator.py took 0.040 seconds
[2021-04-04 04:09:08,734] {scheduler_job.py:182} INFO - Started process (PID=5061) to work on /home/prathamesh/PycharmProjects/airflow-project/venv/lib/python3.8/site-packages/airflow/example_dags/example_python_operator.py
[2021-04-04 04:09:08,764] {scheduler_job.py:629} INFO - Processing file /home/prathamesh/PycharmProjects/airflow-project/venv/lib/python3.8/site-packages/airflow/example_dags/example_python_operator.py for tasks to queue
[2021-04-04 04:09:08,765] {logging_mixin.py:104} INFO - [2021-04-04 04:09:08,765] {dagbag.py:448} INFO - Filling up the DagBag from /home/prathamesh/PycharmProjects/airflow-project/venv/lib/python3.8/site-packages/airflow/example_dags/example_python_operator.py
[2021-04-04 04:09:08,830] {scheduler_job.py:639} INFO - DAG(s) dict_keys(['example_python_operator']) retrieved from /home/prathamesh/PycharmProjects/airflow-project/venv/lib/python3.8/site-packages/airflow/example_dags/example_python_operator.py
[2021-04-04 04:09:08,886] {logging_mixin.py:104} INFO - [2021-04-04 04:09:08,886] {dag.py:1818} INFO - Sync 1 DAGs
[2021-04-04 04:09:08,946] {logging_mixin.py:104} INFO - [2021-04-04 04:09:08,946] {dag.py:2273} INFO - Setting next_dagrun for example_python_operator to None
[2021-04-04 04:09:09,014] {scheduler_job.py:190} INFO - Processing /home/prathamesh/PycharmProjects/airflow-project/venv/lib/python3.8/site-packages/airflow/example_dags/example_python_operator.py took 0.283 seconds
[2021-04-04 04:09:39,813] {scheduler_job.py:182} INFO - Started process (PID=5097) to work on /home/prathamesh/PycharmProjects/airflow-project/venv/lib/python3.8/site-packages/airflow/example_dags/example_python_operator.py
[2021-04-04 04:09:39,814] {scheduler_job.py:629} INFO - Processing file /home/prathamesh/PycharmProjects/airflow-project/venv/lib/python3.8/site-packages/airflow/example_dags/example_python_operator.py for tasks to queue
[2021-04-04 04:09:39,815] {logging_mixin.py:104} INFO - [2021-04-04 04:09:39,815] {dagbag.py:448} INFO - Filling up the DagBag from /home/prathamesh/PycharmProjects/airflow-project/venv/lib/python3.8/site-packages/airflow/example_dags/example_python_operator.py
[2021-04-04 04:09:39,828] {scheduler_job.py:639} INFO - DAG(s) dict_keys(['example_python_operator']) retrieved from /home/prathamesh/PycharmProjects/airflow-project/venv/lib/python3.8/site-packages/airflow/example_dags/example_python_operator.py
[2021-04-04 04:09:39,837] {logging_mixin.py:104} INFO - [2021-04-04 04:09:39,837] {dag.py:1818} INFO - Sync 1 DAGs
[2021-04-04 04:09:39,849] {logging_mixin.py:104} INFO - [2021-04-04 04:09:39,849] {dag.py:2273} INFO - Setting next_dagrun for example_python_operator to None
[2021-04-04 04:09:39,854] {scheduler_job.py:190} INFO - Processing /home/prathamesh/PycharmProjects/airflow-project/venv/lib/python3.8/site-packages/airflow/example_dags/example_python_operator.py took 0.044 seconds
[2021-04-04 04:10:10,989] {scheduler_job.py:182} INFO - Started process (PID=5162) to work on /home/prathamesh/PycharmProjects/airflow-project/venv/lib/python3.8/site-packages/airflow/example_dags/example_python_operator.py
[2021-04-04 04:10:10,990] {scheduler_job.py:629} INFO - Processing file /home/prathamesh/PycharmProjects/airflow-project/venv/lib/python3.8/site-packages/airflow/example_dags/example_python_operator.py for tasks to queue
[2021-04-04 04:10:10,990] {logging_mixin.py:104} INFO - [2021-04-04 04:10:10,990] {dagbag.py:448} INFO - Filling up the DagBag from /home/prathamesh/PycharmProjects/airflow-project/venv/lib/python3.8/site-packages/airflow/example_dags/example_python_operator.py
[2021-04-04 04:10:10,999] {scheduler_job.py:639} INFO - DAG(s) dict_keys(['example_python_operator']) retrieved from /home/prathamesh/PycharmProjects/airflow-project/venv/lib/python3.8/site-packages/airflow/example_dags/example_python_operator.py
[2021-04-04 04:10:11,008] {logging_mixin.py:104} INFO - [2021-04-04 04:10:11,008] {dag.py:1818} INFO - Sync 1 DAGs
[2021-04-04 04:10:11,015] {logging_mixin.py:104} INFO - [2021-04-04 04:10:11,015] {dag.py:2273} INFO - Setting next_dagrun for example_python_operator to None
[2021-04-04 04:10:11,021] {scheduler_job.py:190} INFO - Processing /home/prathamesh/PycharmProjects/airflow-project/venv/lib/python3.8/site-packages/airflow/example_dags/example_python_operator.py took 0.034 seconds
[2021-04-04 04:10:41,709] {scheduler_job.py:182} INFO - Started process (PID=5190) to work on /home/prathamesh/PycharmProjects/airflow-project/venv/lib/python3.8/site-packages/airflow/example_dags/example_python_operator.py
[2021-04-04 04:10:41,710] {scheduler_job.py:629} INFO - Processing file /home/prathamesh/PycharmProjects/airflow-project/venv/lib/python3.8/site-packages/airflow/example_dags/example_python_operator.py for tasks to queue
[2021-04-04 04:10:41,711] {logging_mixin.py:104} INFO - [2021-04-04 04:10:41,710] {dagbag.py:448} INFO - Filling up the DagBag from /home/prathamesh/PycharmProjects/airflow-project/venv/lib/python3.8/site-packages/airflow/example_dags/example_python_operator.py
[2021-04-04 04:10:41,723] {scheduler_job.py:639} INFO - DAG(s) dict_keys(['example_python_operator']) retrieved from /home/prathamesh/PycharmProjects/airflow-project/venv/lib/python3.8/site-packages/airflow/example_dags/example_python_operator.py
[2021-04-04 04:10:41,738] {logging_mixin.py:104} INFO - [2021-04-04 04:10:41,738] {dag.py:1818} INFO - Sync 1 DAGs
[2021-04-04 04:10:41,754] {logging_mixin.py:104} INFO - [2021-04-04 04:10:41,754] {dag.py:2273} INFO - Setting next_dagrun for example_python_operator to None
[2021-04-04 04:10:41,764] {scheduler_job.py:190} INFO - Processing /home/prathamesh/PycharmProjects/airflow-project/venv/lib/python3.8/site-packages/airflow/example_dags/example_python_operator.py took 0.059 seconds
[2021-04-04 04:11:12,512] {scheduler_job.py:182} INFO - Started process (PID=5222) to work on /home/prathamesh/PycharmProjects/airflow-project/venv/lib/python3.8/site-packages/airflow/example_dags/example_python_operator.py
[2021-04-04 04:11:12,513] {scheduler_job.py:629} INFO - Processing file /home/prathamesh/PycharmProjects/airflow-project/venv/lib/python3.8/site-packages/airflow/example_dags/example_python_operator.py for tasks to queue
[2021-04-04 04:11:12,515] {logging_mixin.py:104} INFO - [2021-04-04 04:11:12,515] {dagbag.py:448} INFO - Filling up the DagBag from /home/prathamesh/PycharmProjects/airflow-project/venv/lib/python3.8/site-packages/airflow/example_dags/example_python_operator.py
[2021-04-04 04:11:12,527] {scheduler_job.py:639} INFO - DAG(s) dict_keys(['example_python_operator']) retrieved from /home/prathamesh/PycharmProjects/airflow-project/venv/lib/python3.8/site-packages/airflow/example_dags/example_python_operator.py
[2021-04-04 04:11:12,539] {logging_mixin.py:104} INFO - [2021-04-04 04:11:12,539] {dag.py:1818} INFO - Sync 1 DAGs
[2021-04-04 04:11:12,554] {logging_mixin.py:104} INFO - [2021-04-04 04:11:12,554] {dag.py:2273} INFO - Setting next_dagrun for example_python_operator to None
[2021-04-04 04:11:12,559] {scheduler_job.py:190} INFO - Processing /home/prathamesh/PycharmProjects/airflow-project/venv/lib/python3.8/site-packages/airflow/example_dags/example_python_operator.py took 0.051 seconds
[2021-04-04 04:11:43,186] {scheduler_job.py:182} INFO - Started process (PID=5279) to work on /home/prathamesh/PycharmProjects/airflow-project/venv/lib/python3.8/site-packages/airflow/example_dags/example_python_operator.py
[2021-04-04 04:11:43,187] {scheduler_job.py:629} INFO - Processing file /home/prathamesh/PycharmProjects/airflow-project/venv/lib/python3.8/site-packages/airflow/example_dags/example_python_operator.py for tasks to queue
[2021-04-04 04:11:43,187] {logging_mixin.py:104} INFO - [2021-04-04 04:11:43,187] {dagbag.py:448} INFO - Filling up the DagBag from /home/prathamesh/PycharmProjects/airflow-project/venv/lib/python3.8/site-packages/airflow/example_dags/example_python_operator.py
[2021-04-04 04:11:43,194] {scheduler_job.py:639} INFO - DAG(s) dict_keys(['example_python_operator']) retrieved from /home/prathamesh/PycharmProjects/airflow-project/venv/lib/python3.8/site-packages/airflow/example_dags/example_python_operator.py
[2021-04-04 04:11:43,205] {logging_mixin.py:104} INFO - [2021-04-04 04:11:43,205] {dag.py:1818} INFO - Sync 1 DAGs
[2021-04-04 04:11:43,212] {logging_mixin.py:104} INFO - [2021-04-04 04:11:43,212] {dag.py:2273} INFO - Setting next_dagrun for example_python_operator to None
[2021-04-04 04:11:43,215] {scheduler_job.py:190} INFO - Processing /home/prathamesh/PycharmProjects/airflow-project/venv/lib/python3.8/site-packages/airflow/example_dags/example_python_operator.py took 0.032 seconds
[2021-04-04 04:12:14,235] {scheduler_job.py:182} INFO - Started process (PID=5317) to work on /home/prathamesh/PycharmProjects/airflow-project/venv/lib/python3.8/site-packages/airflow/example_dags/example_python_operator.py
[2021-04-04 04:12:14,236] {scheduler_job.py:629} INFO - Processing file /home/prathamesh/PycharmProjects/airflow-project/venv/lib/python3.8/site-packages/airflow/example_dags/example_python_operator.py for tasks to queue
[2021-04-04 04:12:14,236] {logging_mixin.py:104} INFO - [2021-04-04 04:12:14,236] {dagbag.py:448} INFO - Filling up the DagBag from /home/prathamesh/PycharmProjects/airflow-project/venv/lib/python3.8/site-packages/airflow/example_dags/example_python_operator.py
[2021-04-04 04:12:14,249] {scheduler_job.py:639} INFO - DAG(s) dict_keys(['example_python_operator']) retrieved from /home/prathamesh/PycharmProjects/airflow-project/venv/lib/python3.8/site-packages/airflow/example_dags/example_python_operator.py
[2021-04-04 04:12:14,259] {logging_mixin.py:104} INFO - [2021-04-04 04:12:14,259] {dag.py:1818} INFO - Sync 1 DAGs
[2021-04-04 04:12:14,266] {logging_mixin.py:104} INFO - [2021-04-04 04:12:14,266] {dag.py:2273} INFO - Setting next_dagrun for example_python_operator to None
[2021-04-04 04:12:14,269] {scheduler_job.py:190} INFO - Processing /home/prathamesh/PycharmProjects/airflow-project/venv/lib/python3.8/site-packages/airflow/example_dags/example_python_operator.py took 0.036 seconds
[2021-04-04 04:12:44,631] {scheduler_job.py:182} INFO - Started process (PID=5363) to work on /home/prathamesh/PycharmProjects/airflow-project/venv/lib/python3.8/site-packages/airflow/example_dags/example_python_operator.py
[2021-04-04 04:12:44,632] {scheduler_job.py:629} INFO - Processing file /home/prathamesh/PycharmProjects/airflow-project/venv/lib/python3.8/site-packages/airflow/example_dags/example_python_operator.py for tasks to queue
[2021-04-04 04:12:44,632] {logging_mixin.py:104} INFO - [2021-04-04 04:12:44,632] {dagbag.py:448} INFO - Filling up the DagBag from /home/prathamesh/PycharmProjects/airflow-project/venv/lib/python3.8/site-packages/airflow/example_dags/example_python_operator.py
[2021-04-04 04:12:44,639] {scheduler_job.py:639} INFO - DAG(s) dict_keys(['example_python_operator']) retrieved from /home/prathamesh/PycharmProjects/airflow-project/venv/lib/python3.8/site-packages/airflow/example_dags/example_python_operator.py
[2021-04-04 04:12:44,649] {logging_mixin.py:104} INFO - [2021-04-04 04:12:44,649] {dag.py:1818} INFO - Sync 1 DAGs
[2021-04-04 04:12:44,655] {logging_mixin.py:104} INFO - [2021-04-04 04:12:44,655] {dag.py:2273} INFO - Setting next_dagrun for example_python_operator to None
[2021-04-04 04:12:44,659] {scheduler_job.py:190} INFO - Processing /home/prathamesh/PycharmProjects/airflow-project/venv/lib/python3.8/site-packages/airflow/example_dags/example_python_operator.py took 0.030 seconds
[2021-04-04 16:21:31,942] {scheduler_job.py:182} INFO - Started process (PID=3273) to work on /home/prathamesh/PycharmProjects/airflow-project/venv/lib/python3.8/site-packages/airflow/example_dags/example_python_operator.py
[2021-04-04 16:21:31,947] {scheduler_job.py:629} INFO - Processing file /home/prathamesh/PycharmProjects/airflow-project/venv/lib/python3.8/site-packages/airflow/example_dags/example_python_operator.py for tasks to queue
[2021-04-04 16:21:31,948] {logging_mixin.py:104} INFO - [2021-04-04 16:21:31,947] {dagbag.py:448} INFO - Filling up the DagBag from /home/prathamesh/PycharmProjects/airflow-project/venv/lib/python3.8/site-packages/airflow/example_dags/example_python_operator.py
[2021-04-04 16:21:31,955] {scheduler_job.py:639} INFO - DAG(s) dict_keys(['example_python_operator']) retrieved from /home/prathamesh/PycharmProjects/airflow-project/venv/lib/python3.8/site-packages/airflow/example_dags/example_python_operator.py
[2021-04-04 16:21:31,968] {logging_mixin.py:104} INFO - [2021-04-04 16:21:31,968] {dag.py:1818} INFO - Sync 1 DAGs
[2021-04-04 16:21:31,975] {logging_mixin.py:104} INFO - [2021-04-04 16:21:31,975] {dag.py:2273} INFO - Setting next_dagrun for example_python_operator to None
[2021-04-04 16:21:31,988] {scheduler_job.py:190} INFO - Processing /home/prathamesh/PycharmProjects/airflow-project/venv/lib/python3.8/site-packages/airflow/example_dags/example_python_operator.py took 0.048 seconds
[2021-04-04 16:22:03,122] {scheduler_job.py:182} INFO - Started process (PID=3526) to work on /home/prathamesh/PycharmProjects/airflow-project/venv/lib/python3.8/site-packages/airflow/example_dags/example_python_operator.py
[2021-04-04 16:22:03,123] {scheduler_job.py:629} INFO - Processing file /home/prathamesh/PycharmProjects/airflow-project/venv/lib/python3.8/site-packages/airflow/example_dags/example_python_operator.py for tasks to queue
[2021-04-04 16:22:03,123] {logging_mixin.py:104} INFO - [2021-04-04 16:22:03,123] {dagbag.py:448} INFO - Filling up the DagBag from /home/prathamesh/PycharmProjects/airflow-project/venv/lib/python3.8/site-packages/airflow/example_dags/example_python_operator.py
[2021-04-04 16:22:03,148] {scheduler_job.py:639} INFO - DAG(s) dict_keys(['example_python_operator']) retrieved from /home/prathamesh/PycharmProjects/airflow-project/venv/lib/python3.8/site-packages/airflow/example_dags/example_python_operator.py
[2021-04-04 16:22:03,173] {logging_mixin.py:104} INFO - [2021-04-04 16:22:03,173] {dag.py:1818} INFO - Sync 1 DAGs
[2021-04-04 16:22:03,187] {logging_mixin.py:104} INFO - [2021-04-04 16:22:03,187] {dag.py:2273} INFO - Setting next_dagrun for example_python_operator to None
[2021-04-04 16:22:03,191] {scheduler_job.py:190} INFO - Processing /home/prathamesh/PycharmProjects/airflow-project/venv/lib/python3.8/site-packages/airflow/example_dags/example_python_operator.py took 0.073 seconds
[2021-04-04 16:22:33,932] {scheduler_job.py:182} INFO - Started process (PID=3564) to work on /home/prathamesh/PycharmProjects/airflow-project/venv/lib/python3.8/site-packages/airflow/example_dags/example_python_operator.py
[2021-04-04 16:22:33,932] {scheduler_job.py:629} INFO - Processing file /home/prathamesh/PycharmProjects/airflow-project/venv/lib/python3.8/site-packages/airflow/example_dags/example_python_operator.py for tasks to queue
[2021-04-04 16:22:33,933] {logging_mixin.py:104} INFO - [2021-04-04 16:22:33,933] {dagbag.py:448} INFO - Filling up the DagBag from /home/prathamesh/PycharmProjects/airflow-project/venv/lib/python3.8/site-packages/airflow/example_dags/example_python_operator.py
[2021-04-04 16:22:33,941] {scheduler_job.py:639} INFO - DAG(s) dict_keys(['example_python_operator']) retrieved from /home/prathamesh/PycharmProjects/airflow-project/venv/lib/python3.8/site-packages/airflow/example_dags/example_python_operator.py
[2021-04-04 16:22:33,950] {logging_mixin.py:104} INFO - [2021-04-04 16:22:33,950] {dag.py:1818} INFO - Sync 1 DAGs
[2021-04-04 16:22:33,958] {logging_mixin.py:104} INFO - [2021-04-04 16:22:33,958] {dag.py:2273} INFO - Setting next_dagrun for example_python_operator to None
[2021-04-04 16:22:33,964] {scheduler_job.py:190} INFO - Processing /home/prathamesh/PycharmProjects/airflow-project/venv/lib/python3.8/site-packages/airflow/example_dags/example_python_operator.py took 0.034 seconds
[2021-04-04 16:23:04,492] {scheduler_job.py:182} INFO - Started process (PID=3591) to work on /home/prathamesh/PycharmProjects/airflow-project/venv/lib/python3.8/site-packages/airflow/example_dags/example_python_operator.py
[2021-04-04 16:23:04,493] {scheduler_job.py:629} INFO - Processing file /home/prathamesh/PycharmProjects/airflow-project/venv/lib/python3.8/site-packages/airflow/example_dags/example_python_operator.py for tasks to queue
[2021-04-04 16:23:04,494] {logging_mixin.py:104} INFO - [2021-04-04 16:23:04,494] {dagbag.py:448} INFO - Filling up the DagBag from /home/prathamesh/PycharmProjects/airflow-project/venv/lib/python3.8/site-packages/airflow/example_dags/example_python_operator.py
[2021-04-04 16:23:04,509] {scheduler_job.py:639} INFO - DAG(s) dict_keys(['example_python_operator']) retrieved from /home/prathamesh/PycharmProjects/airflow-project/venv/lib/python3.8/site-packages/airflow/example_dags/example_python_operator.py
[2021-04-04 16:23:04,519] {logging_mixin.py:104} INFO - [2021-04-04 16:23:04,519] {dag.py:1818} INFO - Sync 1 DAGs
[2021-04-04 16:23:04,529] {logging_mixin.py:104} INFO - [2021-04-04 16:23:04,529] {dag.py:2273} INFO - Setting next_dagrun for example_python_operator to None
[2021-04-04 16:23:04,533] {scheduler_job.py:190} INFO - Processing /home/prathamesh/PycharmProjects/airflow-project/venv/lib/python3.8/site-packages/airflow/example_dags/example_python_operator.py took 0.047 seconds
