[2021-04-04 03:36:26,048] {scheduler_job.py:182} INFO - Started process (PID=3205) to work on /home/prathamesh/PycharmProjects/airflow-project/venv/lib/python3.8/site-packages/airflow/example_dags/example_xcom.py
[2021-04-04 03:36:26,049] {scheduler_job.py:629} INFO - Processing file /home/prathamesh/PycharmProjects/airflow-project/venv/lib/python3.8/site-packages/airflow/example_dags/example_xcom.py for tasks to queue
[2021-04-04 03:36:26,049] {logging_mixin.py:104} INFO - [2021-04-04 03:36:26,049] {dagbag.py:448} INFO - Filling up the DagBag from /home/prathamesh/PycharmProjects/airflow-project/venv/lib/python3.8/site-packages/airflow/example_dags/example_xcom.py
[2021-04-04 03:36:26,106] {scheduler_job.py:639} INFO - DAG(s) dict_keys(['example_xcom']) retrieved from /home/prathamesh/PycharmProjects/airflow-project/venv/lib/python3.8/site-packages/airflow/example_dags/example_xcom.py
[2021-04-04 03:36:26,115] {logging_mixin.py:104} INFO - [2021-04-04 03:36:26,115] {dag.py:1818} INFO - Sync 1 DAGs
[2021-04-04 03:36:26,134] {logging_mixin.py:104} INFO - [2021-04-04 03:36:26,134] {dag.py:2273} INFO - Setting next_dagrun for example_xcom to 2021-04-02 00:00:00+00:00
[2021-04-04 03:36:26,139] {scheduler_job.py:190} INFO - Processing /home/prathamesh/PycharmProjects/airflow-project/venv/lib/python3.8/site-packages/airflow/example_dags/example_xcom.py took 0.093 seconds
[2021-04-04 03:36:57,222] {scheduler_job.py:182} INFO - Started process (PID=3238) to work on /home/prathamesh/PycharmProjects/airflow-project/venv/lib/python3.8/site-packages/airflow/example_dags/example_xcom.py
[2021-04-04 03:36:57,247] {scheduler_job.py:629} INFO - Processing file /home/prathamesh/PycharmProjects/airflow-project/venv/lib/python3.8/site-packages/airflow/example_dags/example_xcom.py for tasks to queue
[2021-04-04 03:36:57,249] {logging_mixin.py:104} INFO - [2021-04-04 03:36:57,249] {dagbag.py:448} INFO - Filling up the DagBag from /home/prathamesh/PycharmProjects/airflow-project/venv/lib/python3.8/site-packages/airflow/example_dags/example_xcom.py
[2021-04-04 03:36:57,255] {scheduler_job.py:639} INFO - DAG(s) dict_keys(['example_xcom']) retrieved from /home/prathamesh/PycharmProjects/airflow-project/venv/lib/python3.8/site-packages/airflow/example_dags/example_xcom.py
[2021-04-04 03:36:57,299] {logging_mixin.py:104} INFO - [2021-04-04 03:36:57,299] {dag.py:1818} INFO - Sync 1 DAGs
[2021-04-04 03:36:57,334] {logging_mixin.py:104} INFO - [2021-04-04 03:36:57,334] {dag.py:2273} INFO - Setting next_dagrun for example_xcom to 2021-04-02 00:00:00+00:00
[2021-04-04 03:36:57,362] {scheduler_job.py:190} INFO - Processing /home/prathamesh/PycharmProjects/airflow-project/venv/lib/python3.8/site-packages/airflow/example_dags/example_xcom.py took 0.142 seconds
[2021-04-04 03:37:28,084] {scheduler_job.py:182} INFO - Started process (PID=3275) to work on /home/prathamesh/PycharmProjects/airflow-project/venv/lib/python3.8/site-packages/airflow/example_dags/example_xcom.py
[2021-04-04 03:37:28,085] {scheduler_job.py:629} INFO - Processing file /home/prathamesh/PycharmProjects/airflow-project/venv/lib/python3.8/site-packages/airflow/example_dags/example_xcom.py for tasks to queue
[2021-04-04 03:37:28,085] {logging_mixin.py:104} INFO - [2021-04-04 03:37:28,085] {dagbag.py:448} INFO - Filling up the DagBag from /home/prathamesh/PycharmProjects/airflow-project/venv/lib/python3.8/site-packages/airflow/example_dags/example_xcom.py
[2021-04-04 03:37:28,093] {scheduler_job.py:639} INFO - DAG(s) dict_keys(['example_xcom']) retrieved from /home/prathamesh/PycharmProjects/airflow-project/venv/lib/python3.8/site-packages/airflow/example_dags/example_xcom.py
[2021-04-04 03:37:28,131] {logging_mixin.py:104} INFO - [2021-04-04 03:37:28,131] {dag.py:1818} INFO - Sync 1 DAGs
[2021-04-04 03:37:28,200] {logging_mixin.py:104} INFO - [2021-04-04 03:37:28,200] {dag.py:2273} INFO - Setting next_dagrun for example_xcom to 2021-04-02 00:00:00+00:00
[2021-04-04 03:37:28,252] {scheduler_job.py:190} INFO - Processing /home/prathamesh/PycharmProjects/airflow-project/venv/lib/python3.8/site-packages/airflow/example_dags/example_xcom.py took 0.183 seconds
[2021-04-04 03:37:58,604] {scheduler_job.py:182} INFO - Started process (PID=3304) to work on /home/prathamesh/PycharmProjects/airflow-project/venv/lib/python3.8/site-packages/airflow/example_dags/example_xcom.py
[2021-04-04 03:37:58,606] {scheduler_job.py:629} INFO - Processing file /home/prathamesh/PycharmProjects/airflow-project/venv/lib/python3.8/site-packages/airflow/example_dags/example_xcom.py for tasks to queue
[2021-04-04 03:37:58,607] {logging_mixin.py:104} INFO - [2021-04-04 03:37:58,607] {dagbag.py:448} INFO - Filling up the DagBag from /home/prathamesh/PycharmProjects/airflow-project/venv/lib/python3.8/site-packages/airflow/example_dags/example_xcom.py
[2021-04-04 03:37:58,632] {scheduler_job.py:639} INFO - DAG(s) dict_keys(['example_xcom']) retrieved from /home/prathamesh/PycharmProjects/airflow-project/venv/lib/python3.8/site-packages/airflow/example_dags/example_xcom.py
[2021-04-04 03:37:58,680] {logging_mixin.py:104} INFO - [2021-04-04 03:37:58,680] {dag.py:1818} INFO - Sync 1 DAGs
[2021-04-04 03:37:58,706] {logging_mixin.py:104} INFO - [2021-04-04 03:37:58,706] {dag.py:2273} INFO - Setting next_dagrun for example_xcom to 2021-04-02 00:00:00+00:00
[2021-04-04 03:37:58,735] {scheduler_job.py:190} INFO - Processing /home/prathamesh/PycharmProjects/airflow-project/venv/lib/python3.8/site-packages/airflow/example_dags/example_xcom.py took 0.148 seconds
[2021-04-04 03:38:29,279] {scheduler_job.py:182} INFO - Started process (PID=3332) to work on /home/prathamesh/PycharmProjects/airflow-project/venv/lib/python3.8/site-packages/airflow/example_dags/example_xcom.py
[2021-04-04 03:38:29,279] {scheduler_job.py:629} INFO - Processing file /home/prathamesh/PycharmProjects/airflow-project/venv/lib/python3.8/site-packages/airflow/example_dags/example_xcom.py for tasks to queue
[2021-04-04 03:38:29,280] {logging_mixin.py:104} INFO - [2021-04-04 03:38:29,280] {dagbag.py:448} INFO - Filling up the DagBag from /home/prathamesh/PycharmProjects/airflow-project/venv/lib/python3.8/site-packages/airflow/example_dags/example_xcom.py
[2021-04-04 03:38:29,303] {scheduler_job.py:639} INFO - DAG(s) dict_keys(['example_xcom']) retrieved from /home/prathamesh/PycharmProjects/airflow-project/venv/lib/python3.8/site-packages/airflow/example_dags/example_xcom.py
[2021-04-04 03:38:29,324] {logging_mixin.py:104} INFO - [2021-04-04 03:38:29,324] {dag.py:1818} INFO - Sync 1 DAGs
[2021-04-04 03:38:29,333] {logging_mixin.py:104} INFO - [2021-04-04 03:38:29,333] {dag.py:2273} INFO - Setting next_dagrun for example_xcom to 2021-04-02 00:00:00+00:00
[2021-04-04 03:38:29,350] {scheduler_job.py:190} INFO - Processing /home/prathamesh/PycharmProjects/airflow-project/venv/lib/python3.8/site-packages/airflow/example_dags/example_xcom.py took 0.074 seconds
[2021-04-04 03:39:01,808] {scheduler_job.py:182} INFO - Started process (PID=3375) to work on /home/prathamesh/PycharmProjects/airflow-project/venv/lib/python3.8/site-packages/airflow/example_dags/example_xcom.py
[2021-04-04 03:39:01,809] {scheduler_job.py:629} INFO - Processing file /home/prathamesh/PycharmProjects/airflow-project/venv/lib/python3.8/site-packages/airflow/example_dags/example_xcom.py for tasks to queue
[2021-04-04 03:39:01,809] {logging_mixin.py:104} INFO - [2021-04-04 03:39:01,809] {dagbag.py:448} INFO - Filling up the DagBag from /home/prathamesh/PycharmProjects/airflow-project/venv/lib/python3.8/site-packages/airflow/example_dags/example_xcom.py
[2021-04-04 03:39:01,859] {scheduler_job.py:639} INFO - DAG(s) dict_keys(['example_xcom']) retrieved from /home/prathamesh/PycharmProjects/airflow-project/venv/lib/python3.8/site-packages/airflow/example_dags/example_xcom.py
[2021-04-04 03:39:01,923] {logging_mixin.py:104} INFO - [2021-04-04 03:39:01,922] {dag.py:1818} INFO - Sync 1 DAGs
[2021-04-04 03:39:01,944] {logging_mixin.py:104} INFO - [2021-04-04 03:39:01,944] {dag.py:2273} INFO - Setting next_dagrun for example_xcom to 2021-04-02 00:00:00+00:00
[2021-04-04 03:39:01,971] {scheduler_job.py:190} INFO - Processing /home/prathamesh/PycharmProjects/airflow-project/venv/lib/python3.8/site-packages/airflow/example_dags/example_xcom.py took 0.188 seconds
[2021-04-04 03:39:32,304] {scheduler_job.py:182} INFO - Started process (PID=3405) to work on /home/prathamesh/PycharmProjects/airflow-project/venv/lib/python3.8/site-packages/airflow/example_dags/example_xcom.py
[2021-04-04 03:39:32,305] {scheduler_job.py:629} INFO - Processing file /home/prathamesh/PycharmProjects/airflow-project/venv/lib/python3.8/site-packages/airflow/example_dags/example_xcom.py for tasks to queue
[2021-04-04 03:39:32,305] {logging_mixin.py:104} INFO - [2021-04-04 03:39:32,305] {dagbag.py:448} INFO - Filling up the DagBag from /home/prathamesh/PycharmProjects/airflow-project/venv/lib/python3.8/site-packages/airflow/example_dags/example_xcom.py
[2021-04-04 03:39:32,326] {scheduler_job.py:639} INFO - DAG(s) dict_keys(['example_xcom']) retrieved from /home/prathamesh/PycharmProjects/airflow-project/venv/lib/python3.8/site-packages/airflow/example_dags/example_xcom.py
[2021-04-04 03:39:32,390] {logging_mixin.py:104} INFO - [2021-04-04 03:39:32,390] {dag.py:1818} INFO - Sync 1 DAGs
[2021-04-04 03:39:32,479] {logging_mixin.py:104} INFO - [2021-04-04 03:39:32,479] {dag.py:2273} INFO - Setting next_dagrun for example_xcom to 2021-04-02 00:00:00+00:00
[2021-04-04 03:39:32,504] {scheduler_job.py:190} INFO - Processing /home/prathamesh/PycharmProjects/airflow-project/venv/lib/python3.8/site-packages/airflow/example_dags/example_xcom.py took 0.202 seconds
[2021-04-04 03:40:03,175] {scheduler_job.py:182} INFO - Started process (PID=3435) to work on /home/prathamesh/PycharmProjects/airflow-project/venv/lib/python3.8/site-packages/airflow/example_dags/example_xcom.py
[2021-04-04 03:40:03,188] {scheduler_job.py:629} INFO - Processing file /home/prathamesh/PycharmProjects/airflow-project/venv/lib/python3.8/site-packages/airflow/example_dags/example_xcom.py for tasks to queue
[2021-04-04 03:40:03,189] {logging_mixin.py:104} INFO - [2021-04-04 03:40:03,189] {dagbag.py:448} INFO - Filling up the DagBag from /home/prathamesh/PycharmProjects/airflow-project/venv/lib/python3.8/site-packages/airflow/example_dags/example_xcom.py
[2021-04-04 03:40:03,227] {scheduler_job.py:639} INFO - DAG(s) dict_keys(['example_xcom']) retrieved from /home/prathamesh/PycharmProjects/airflow-project/venv/lib/python3.8/site-packages/airflow/example_dags/example_xcom.py
[2021-04-04 03:40:03,244] {logging_mixin.py:104} INFO - [2021-04-04 03:40:03,244] {dag.py:1818} INFO - Sync 1 DAGs
[2021-04-04 03:40:03,295] {logging_mixin.py:104} INFO - [2021-04-04 03:40:03,295] {dag.py:2273} INFO - Setting next_dagrun for example_xcom to 2021-04-02 00:00:00+00:00
[2021-04-04 03:40:03,316] {scheduler_job.py:190} INFO - Processing /home/prathamesh/PycharmProjects/airflow-project/venv/lib/python3.8/site-packages/airflow/example_dags/example_xcom.py took 0.148 seconds
[2021-04-04 03:40:34,236] {scheduler_job.py:182} INFO - Started process (PID=3463) to work on /home/prathamesh/PycharmProjects/airflow-project/venv/lib/python3.8/site-packages/airflow/example_dags/example_xcom.py
[2021-04-04 03:40:34,238] {scheduler_job.py:629} INFO - Processing file /home/prathamesh/PycharmProjects/airflow-project/venv/lib/python3.8/site-packages/airflow/example_dags/example_xcom.py for tasks to queue
[2021-04-04 03:40:34,238] {logging_mixin.py:104} INFO - [2021-04-04 03:40:34,238] {dagbag.py:448} INFO - Filling up the DagBag from /home/prathamesh/PycharmProjects/airflow-project/venv/lib/python3.8/site-packages/airflow/example_dags/example_xcom.py
[2021-04-04 03:40:34,245] {scheduler_job.py:639} INFO - DAG(s) dict_keys(['example_xcom']) retrieved from /home/prathamesh/PycharmProjects/airflow-project/venv/lib/python3.8/site-packages/airflow/example_dags/example_xcom.py
[2021-04-04 03:40:34,262] {logging_mixin.py:104} INFO - [2021-04-04 03:40:34,262] {dag.py:1818} INFO - Sync 1 DAGs
[2021-04-04 03:40:34,270] {logging_mixin.py:104} INFO - [2021-04-04 03:40:34,270] {dag.py:2273} INFO - Setting next_dagrun for example_xcom to 2021-04-02 00:00:00+00:00
[2021-04-04 03:40:34,274] {scheduler_job.py:190} INFO - Processing /home/prathamesh/PycharmProjects/airflow-project/venv/lib/python3.8/site-packages/airflow/example_dags/example_xcom.py took 0.041 seconds
[2021-04-04 03:41:05,038] {scheduler_job.py:182} INFO - Started process (PID=3508) to work on /home/prathamesh/PycharmProjects/airflow-project/venv/lib/python3.8/site-packages/airflow/example_dags/example_xcom.py
[2021-04-04 03:41:05,039] {scheduler_job.py:629} INFO - Processing file /home/prathamesh/PycharmProjects/airflow-project/venv/lib/python3.8/site-packages/airflow/example_dags/example_xcom.py for tasks to queue
[2021-04-04 03:41:05,039] {logging_mixin.py:104} INFO - [2021-04-04 03:41:05,039] {dagbag.py:448} INFO - Filling up the DagBag from /home/prathamesh/PycharmProjects/airflow-project/venv/lib/python3.8/site-packages/airflow/example_dags/example_xcom.py
[2021-04-04 03:41:05,045] {scheduler_job.py:639} INFO - DAG(s) dict_keys(['example_xcom']) retrieved from /home/prathamesh/PycharmProjects/airflow-project/venv/lib/python3.8/site-packages/airflow/example_dags/example_xcom.py
[2021-04-04 03:41:05,061] {logging_mixin.py:104} INFO - [2021-04-04 03:41:05,061] {dag.py:1818} INFO - Sync 1 DAGs
[2021-04-04 03:41:05,084] {logging_mixin.py:104} INFO - [2021-04-04 03:41:05,084] {dag.py:2273} INFO - Setting next_dagrun for example_xcom to 2021-04-02 00:00:00+00:00
[2021-04-04 03:41:05,096] {scheduler_job.py:190} INFO - Processing /home/prathamesh/PycharmProjects/airflow-project/venv/lib/python3.8/site-packages/airflow/example_dags/example_xcom.py took 0.060 seconds
[2021-04-04 03:41:38,508] {scheduler_job.py:182} INFO - Started process (PID=3569) to work on /home/prathamesh/PycharmProjects/airflow-project/venv/lib/python3.8/site-packages/airflow/example_dags/example_xcom.py
[2021-04-04 03:41:38,509] {scheduler_job.py:629} INFO - Processing file /home/prathamesh/PycharmProjects/airflow-project/venv/lib/python3.8/site-packages/airflow/example_dags/example_xcom.py for tasks to queue
[2021-04-04 03:41:38,509] {logging_mixin.py:104} INFO - [2021-04-04 03:41:38,509] {dagbag.py:448} INFO - Filling up the DagBag from /home/prathamesh/PycharmProjects/airflow-project/venv/lib/python3.8/site-packages/airflow/example_dags/example_xcom.py
[2021-04-04 03:41:38,520] {scheduler_job.py:639} INFO - DAG(s) dict_keys(['example_xcom']) retrieved from /home/prathamesh/PycharmProjects/airflow-project/venv/lib/python3.8/site-packages/airflow/example_dags/example_xcom.py
[2021-04-04 03:41:38,537] {logging_mixin.py:104} INFO - [2021-04-04 03:41:38,537] {dag.py:1818} INFO - Sync 1 DAGs
[2021-04-04 03:41:38,550] {logging_mixin.py:104} INFO - [2021-04-04 03:41:38,550] {dag.py:2273} INFO - Setting next_dagrun for example_xcom to 2021-04-02 00:00:00+00:00
[2021-04-04 03:41:38,566] {scheduler_job.py:190} INFO - Processing /home/prathamesh/PycharmProjects/airflow-project/venv/lib/python3.8/site-packages/airflow/example_dags/example_xcom.py took 0.060 seconds
[2021-04-04 03:42:08,826] {scheduler_job.py:182} INFO - Started process (PID=3597) to work on /home/prathamesh/PycharmProjects/airflow-project/venv/lib/python3.8/site-packages/airflow/example_dags/example_xcom.py
[2021-04-04 03:42:08,831] {scheduler_job.py:629} INFO - Processing file /home/prathamesh/PycharmProjects/airflow-project/venv/lib/python3.8/site-packages/airflow/example_dags/example_xcom.py for tasks to queue
[2021-04-04 03:42:08,832] {logging_mixin.py:104} INFO - [2021-04-04 03:42:08,832] {dagbag.py:448} INFO - Filling up the DagBag from /home/prathamesh/PycharmProjects/airflow-project/venv/lib/python3.8/site-packages/airflow/example_dags/example_xcom.py
[2021-04-04 03:42:08,844] {scheduler_job.py:639} INFO - DAG(s) dict_keys(['example_xcom']) retrieved from /home/prathamesh/PycharmProjects/airflow-project/venv/lib/python3.8/site-packages/airflow/example_dags/example_xcom.py
[2021-04-04 03:42:08,859] {logging_mixin.py:104} INFO - [2021-04-04 03:42:08,859] {dag.py:1818} INFO - Sync 1 DAGs
[2021-04-04 03:42:08,884] {logging_mixin.py:104} INFO - [2021-04-04 03:42:08,884] {dag.py:2273} INFO - Setting next_dagrun for example_xcom to 2021-04-02 00:00:00+00:00
[2021-04-04 03:42:08,888] {scheduler_job.py:190} INFO - Processing /home/prathamesh/PycharmProjects/airflow-project/venv/lib/python3.8/site-packages/airflow/example_dags/example_xcom.py took 0.065 seconds
[2021-04-04 03:42:40,065] {scheduler_job.py:182} INFO - Started process (PID=3637) to work on /home/prathamesh/PycharmProjects/airflow-project/venv/lib/python3.8/site-packages/airflow/example_dags/example_xcom.py
[2021-04-04 03:42:40,067] {scheduler_job.py:629} INFO - Processing file /home/prathamesh/PycharmProjects/airflow-project/venv/lib/python3.8/site-packages/airflow/example_dags/example_xcom.py for tasks to queue
[2021-04-04 03:42:40,068] {logging_mixin.py:104} INFO - [2021-04-04 03:42:40,068] {dagbag.py:448} INFO - Filling up the DagBag from /home/prathamesh/PycharmProjects/airflow-project/venv/lib/python3.8/site-packages/airflow/example_dags/example_xcom.py
[2021-04-04 03:42:40,087] {scheduler_job.py:639} INFO - DAG(s) dict_keys(['example_xcom']) retrieved from /home/prathamesh/PycharmProjects/airflow-project/venv/lib/python3.8/site-packages/airflow/example_dags/example_xcom.py
[2021-04-04 03:42:40,119] {logging_mixin.py:104} INFO - [2021-04-04 03:42:40,119] {dag.py:1818} INFO - Sync 1 DAGs
[2021-04-04 03:42:40,135] {logging_mixin.py:104} INFO - [2021-04-04 03:42:40,134] {dag.py:2273} INFO - Setting next_dagrun for example_xcom to 2021-04-02 00:00:00+00:00
[2021-04-04 03:42:40,141] {scheduler_job.py:190} INFO - Processing /home/prathamesh/PycharmProjects/airflow-project/venv/lib/python3.8/site-packages/airflow/example_dags/example_xcom.py took 0.080 seconds
[2021-04-04 03:43:10,964] {scheduler_job.py:182} INFO - Started process (PID=3675) to work on /home/prathamesh/PycharmProjects/airflow-project/venv/lib/python3.8/site-packages/airflow/example_dags/example_xcom.py
[2021-04-04 03:43:10,965] {scheduler_job.py:629} INFO - Processing file /home/prathamesh/PycharmProjects/airflow-project/venv/lib/python3.8/site-packages/airflow/example_dags/example_xcom.py for tasks to queue
[2021-04-04 03:43:10,965] {logging_mixin.py:104} INFO - [2021-04-04 03:43:10,965] {dagbag.py:448} INFO - Filling up the DagBag from /home/prathamesh/PycharmProjects/airflow-project/venv/lib/python3.8/site-packages/airflow/example_dags/example_xcom.py
[2021-04-04 03:43:10,973] {scheduler_job.py:639} INFO - DAG(s) dict_keys(['example_xcom']) retrieved from /home/prathamesh/PycharmProjects/airflow-project/venv/lib/python3.8/site-packages/airflow/example_dags/example_xcom.py
[2021-04-04 03:43:10,983] {logging_mixin.py:104} INFO - [2021-04-04 03:43:10,982] {dag.py:1818} INFO - Sync 1 DAGs
[2021-04-04 03:43:10,989] {logging_mixin.py:104} INFO - [2021-04-04 03:43:10,989] {dag.py:2273} INFO - Setting next_dagrun for example_xcom to 2021-04-02 00:00:00+00:00
[2021-04-04 03:43:10,993] {scheduler_job.py:190} INFO - Processing /home/prathamesh/PycharmProjects/airflow-project/venv/lib/python3.8/site-packages/airflow/example_dags/example_xcom.py took 0.031 seconds
[2021-04-04 03:43:41,601] {scheduler_job.py:182} INFO - Started process (PID=3717) to work on /home/prathamesh/PycharmProjects/airflow-project/venv/lib/python3.8/site-packages/airflow/example_dags/example_xcom.py
[2021-04-04 03:43:41,601] {scheduler_job.py:629} INFO - Processing file /home/prathamesh/PycharmProjects/airflow-project/venv/lib/python3.8/site-packages/airflow/example_dags/example_xcom.py for tasks to queue
[2021-04-04 03:43:41,602] {logging_mixin.py:104} INFO - [2021-04-04 03:43:41,602] {dagbag.py:448} INFO - Filling up the DagBag from /home/prathamesh/PycharmProjects/airflow-project/venv/lib/python3.8/site-packages/airflow/example_dags/example_xcom.py
[2021-04-04 03:43:41,612] {scheduler_job.py:639} INFO - DAG(s) dict_keys(['example_xcom']) retrieved from /home/prathamesh/PycharmProjects/airflow-project/venv/lib/python3.8/site-packages/airflow/example_dags/example_xcom.py
[2021-04-04 03:43:41,622] {logging_mixin.py:104} INFO - [2021-04-04 03:43:41,622] {dag.py:1818} INFO - Sync 1 DAGs
[2021-04-04 03:43:41,631] {logging_mixin.py:104} INFO - [2021-04-04 03:43:41,631] {dag.py:2273} INFO - Setting next_dagrun for example_xcom to 2021-04-02 00:00:00+00:00
[2021-04-04 03:43:41,636] {scheduler_job.py:190} INFO - Processing /home/prathamesh/PycharmProjects/airflow-project/venv/lib/python3.8/site-packages/airflow/example_dags/example_xcom.py took 0.038 seconds
[2021-04-04 03:44:12,045] {scheduler_job.py:182} INFO - Started process (PID=3748) to work on /home/prathamesh/PycharmProjects/airflow-project/venv/lib/python3.8/site-packages/airflow/example_dags/example_xcom.py
[2021-04-04 03:44:12,046] {scheduler_job.py:629} INFO - Processing file /home/prathamesh/PycharmProjects/airflow-project/venv/lib/python3.8/site-packages/airflow/example_dags/example_xcom.py for tasks to queue
[2021-04-04 03:44:12,047] {logging_mixin.py:104} INFO - [2021-04-04 03:44:12,047] {dagbag.py:448} INFO - Filling up the DagBag from /home/prathamesh/PycharmProjects/airflow-project/venv/lib/python3.8/site-packages/airflow/example_dags/example_xcom.py
[2021-04-04 03:44:12,058] {scheduler_job.py:639} INFO - DAG(s) dict_keys(['example_xcom']) retrieved from /home/prathamesh/PycharmProjects/airflow-project/venv/lib/python3.8/site-packages/airflow/example_dags/example_xcom.py
[2021-04-04 03:44:12,068] {logging_mixin.py:104} INFO - [2021-04-04 03:44:12,068] {dag.py:1818} INFO - Sync 1 DAGs
[2021-04-04 03:44:12,078] {logging_mixin.py:104} INFO - [2021-04-04 03:44:12,078] {dag.py:2273} INFO - Setting next_dagrun for example_xcom to 2021-04-02 00:00:00+00:00
[2021-04-04 03:44:12,082] {scheduler_job.py:190} INFO - Processing /home/prathamesh/PycharmProjects/airflow-project/venv/lib/python3.8/site-packages/airflow/example_dags/example_xcom.py took 0.039 seconds
[2021-04-04 03:44:42,489] {scheduler_job.py:182} INFO - Started process (PID=3776) to work on /home/prathamesh/PycharmProjects/airflow-project/venv/lib/python3.8/site-packages/airflow/example_dags/example_xcom.py
[2021-04-04 03:44:42,497] {scheduler_job.py:629} INFO - Processing file /home/prathamesh/PycharmProjects/airflow-project/venv/lib/python3.8/site-packages/airflow/example_dags/example_xcom.py for tasks to queue
[2021-04-04 03:44:42,498] {logging_mixin.py:104} INFO - [2021-04-04 03:44:42,497] {dagbag.py:448} INFO - Filling up the DagBag from /home/prathamesh/PycharmProjects/airflow-project/venv/lib/python3.8/site-packages/airflow/example_dags/example_xcom.py
[2021-04-04 03:44:42,506] {scheduler_job.py:639} INFO - DAG(s) dict_keys(['example_xcom']) retrieved from /home/prathamesh/PycharmProjects/airflow-project/venv/lib/python3.8/site-packages/airflow/example_dags/example_xcom.py
[2021-04-04 03:44:42,516] {logging_mixin.py:104} INFO - [2021-04-04 03:44:42,516] {dag.py:1818} INFO - Sync 1 DAGs
[2021-04-04 03:44:42,525] {logging_mixin.py:104} INFO - [2021-04-04 03:44:42,524] {dag.py:2273} INFO - Setting next_dagrun for example_xcom to 2021-04-02 00:00:00+00:00
[2021-04-04 03:44:42,534] {scheduler_job.py:190} INFO - Processing /home/prathamesh/PycharmProjects/airflow-project/venv/lib/python3.8/site-packages/airflow/example_dags/example_xcom.py took 0.048 seconds
[2021-04-04 03:45:13,318] {scheduler_job.py:182} INFO - Started process (PID=3900) to work on /home/prathamesh/PycharmProjects/airflow-project/venv/lib/python3.8/site-packages/airflow/example_dags/example_xcom.py
[2021-04-04 03:45:13,323] {scheduler_job.py:629} INFO - Processing file /home/prathamesh/PycharmProjects/airflow-project/venv/lib/python3.8/site-packages/airflow/example_dags/example_xcom.py for tasks to queue
[2021-04-04 03:45:13,324] {logging_mixin.py:104} INFO - [2021-04-04 03:45:13,324] {dagbag.py:448} INFO - Filling up the DagBag from /home/prathamesh/PycharmProjects/airflow-project/venv/lib/python3.8/site-packages/airflow/example_dags/example_xcom.py
[2021-04-04 03:45:13,331] {scheduler_job.py:639} INFO - DAG(s) dict_keys(['example_xcom']) retrieved from /home/prathamesh/PycharmProjects/airflow-project/venv/lib/python3.8/site-packages/airflow/example_dags/example_xcom.py
[2021-04-04 03:45:13,340] {logging_mixin.py:104} INFO - [2021-04-04 03:45:13,340] {dag.py:1818} INFO - Sync 1 DAGs
[2021-04-04 03:45:13,347] {logging_mixin.py:104} INFO - [2021-04-04 03:45:13,346] {dag.py:2273} INFO - Setting next_dagrun for example_xcom to 2021-04-02 00:00:00+00:00
[2021-04-04 03:45:13,351] {scheduler_job.py:190} INFO - Processing /home/prathamesh/PycharmProjects/airflow-project/venv/lib/python3.8/site-packages/airflow/example_dags/example_xcom.py took 0.036 seconds
[2021-04-04 03:54:04,040] {scheduler_job.py:182} INFO - Started process (PID=4528) to work on /home/prathamesh/PycharmProjects/airflow-project/venv/lib/python3.8/site-packages/airflow/example_dags/example_xcom.py
[2021-04-04 03:54:04,079] {scheduler_job.py:629} INFO - Processing file /home/prathamesh/PycharmProjects/airflow-project/venv/lib/python3.8/site-packages/airflow/example_dags/example_xcom.py for tasks to queue
[2021-04-04 03:54:04,080] {logging_mixin.py:104} INFO - [2021-04-04 03:54:04,079] {dagbag.py:448} INFO - Filling up the DagBag from /home/prathamesh/PycharmProjects/airflow-project/venv/lib/python3.8/site-packages/airflow/example_dags/example_xcom.py
[2021-04-04 03:54:04,143] {scheduler_job.py:639} INFO - DAG(s) dict_keys(['example_xcom']) retrieved from /home/prathamesh/PycharmProjects/airflow-project/venv/lib/python3.8/site-packages/airflow/example_dags/example_xcom.py
[2021-04-04 03:54:04,196] {logging_mixin.py:104} INFO - [2021-04-04 03:54:04,196] {dag.py:1818} INFO - Sync 1 DAGs
[2021-04-04 03:54:04,270] {logging_mixin.py:104} INFO - [2021-04-04 03:54:04,270] {dag.py:2273} INFO - Setting next_dagrun for example_xcom to 2021-04-02 00:00:00+00:00
[2021-04-04 03:54:04,322] {scheduler_job.py:190} INFO - Processing /home/prathamesh/PycharmProjects/airflow-project/venv/lib/python3.8/site-packages/airflow/example_dags/example_xcom.py took 0.286 seconds
[2021-04-04 03:54:35,382] {scheduler_job.py:182} INFO - Started process (PID=4566) to work on /home/prathamesh/PycharmProjects/airflow-project/venv/lib/python3.8/site-packages/airflow/example_dags/example_xcom.py
[2021-04-04 03:54:35,383] {scheduler_job.py:629} INFO - Processing file /home/prathamesh/PycharmProjects/airflow-project/venv/lib/python3.8/site-packages/airflow/example_dags/example_xcom.py for tasks to queue
[2021-04-04 03:54:35,383] {logging_mixin.py:104} INFO - [2021-04-04 03:54:35,383] {dagbag.py:448} INFO - Filling up the DagBag from /home/prathamesh/PycharmProjects/airflow-project/venv/lib/python3.8/site-packages/airflow/example_dags/example_xcom.py
[2021-04-04 03:54:35,393] {scheduler_job.py:639} INFO - DAG(s) dict_keys(['example_xcom']) retrieved from /home/prathamesh/PycharmProjects/airflow-project/venv/lib/python3.8/site-packages/airflow/example_dags/example_xcom.py
[2021-04-04 03:54:35,409] {logging_mixin.py:104} INFO - [2021-04-04 03:54:35,409] {dag.py:1818} INFO - Sync 1 DAGs
[2021-04-04 03:54:35,418] {logging_mixin.py:104} INFO - [2021-04-04 03:54:35,418] {dag.py:2273} INFO - Setting next_dagrun for example_xcom to 2021-04-02 00:00:00+00:00
[2021-04-04 03:54:35,427] {scheduler_job.py:190} INFO - Processing /home/prathamesh/PycharmProjects/airflow-project/venv/lib/python3.8/site-packages/airflow/example_dags/example_xcom.py took 0.047 seconds
[2021-04-04 03:55:06,228] {scheduler_job.py:182} INFO - Started process (PID=4594) to work on /home/prathamesh/PycharmProjects/airflow-project/venv/lib/python3.8/site-packages/airflow/example_dags/example_xcom.py
[2021-04-04 03:55:06,233] {scheduler_job.py:629} INFO - Processing file /home/prathamesh/PycharmProjects/airflow-project/venv/lib/python3.8/site-packages/airflow/example_dags/example_xcom.py for tasks to queue
[2021-04-04 03:55:06,234] {logging_mixin.py:104} INFO - [2021-04-04 03:55:06,233] {dagbag.py:448} INFO - Filling up the DagBag from /home/prathamesh/PycharmProjects/airflow-project/venv/lib/python3.8/site-packages/airflow/example_dags/example_xcom.py
[2021-04-04 03:55:06,247] {scheduler_job.py:639} INFO - DAG(s) dict_keys(['example_xcom']) retrieved from /home/prathamesh/PycharmProjects/airflow-project/venv/lib/python3.8/site-packages/airflow/example_dags/example_xcom.py
[2021-04-04 03:55:06,261] {logging_mixin.py:104} INFO - [2021-04-04 03:55:06,261] {dag.py:1818} INFO - Sync 1 DAGs
[2021-04-04 03:55:06,282] {logging_mixin.py:104} INFO - [2021-04-04 03:55:06,282] {dag.py:2273} INFO - Setting next_dagrun for example_xcom to 2021-04-02 00:00:00+00:00
[2021-04-04 03:55:06,290] {scheduler_job.py:190} INFO - Processing /home/prathamesh/PycharmProjects/airflow-project/venv/lib/python3.8/site-packages/airflow/example_dags/example_xcom.py took 0.066 seconds
[2021-04-04 03:55:36,507] {scheduler_job.py:182} INFO - Started process (PID=4626) to work on /home/prathamesh/PycharmProjects/airflow-project/venv/lib/python3.8/site-packages/airflow/example_dags/example_xcom.py
[2021-04-04 03:55:36,508] {scheduler_job.py:629} INFO - Processing file /home/prathamesh/PycharmProjects/airflow-project/venv/lib/python3.8/site-packages/airflow/example_dags/example_xcom.py for tasks to queue
[2021-04-04 03:55:36,509] {logging_mixin.py:104} INFO - [2021-04-04 03:55:36,509] {dagbag.py:448} INFO - Filling up the DagBag from /home/prathamesh/PycharmProjects/airflow-project/venv/lib/python3.8/site-packages/airflow/example_dags/example_xcom.py
[2021-04-04 03:55:36,524] {scheduler_job.py:639} INFO - DAG(s) dict_keys(['example_xcom']) retrieved from /home/prathamesh/PycharmProjects/airflow-project/venv/lib/python3.8/site-packages/airflow/example_dags/example_xcom.py
[2021-04-04 03:55:36,542] {logging_mixin.py:104} INFO - [2021-04-04 03:55:36,542] {dag.py:1818} INFO - Sync 1 DAGs
[2021-04-04 03:55:36,570] {logging_mixin.py:104} INFO - [2021-04-04 03:55:36,570] {dag.py:2273} INFO - Setting next_dagrun for example_xcom to 2021-04-02 00:00:00+00:00
[2021-04-04 03:55:36,584] {scheduler_job.py:190} INFO - Processing /home/prathamesh/PycharmProjects/airflow-project/venv/lib/python3.8/site-packages/airflow/example_dags/example_xcom.py took 0.080 seconds
[2021-04-04 03:56:07,407] {scheduler_job.py:182} INFO - Started process (PID=4678) to work on /home/prathamesh/PycharmProjects/airflow-project/venv/lib/python3.8/site-packages/airflow/example_dags/example_xcom.py
[2021-04-04 03:56:07,407] {scheduler_job.py:629} INFO - Processing file /home/prathamesh/PycharmProjects/airflow-project/venv/lib/python3.8/site-packages/airflow/example_dags/example_xcom.py for tasks to queue
[2021-04-04 03:56:07,408] {logging_mixin.py:104} INFO - [2021-04-04 03:56:07,408] {dagbag.py:448} INFO - Filling up the DagBag from /home/prathamesh/PycharmProjects/airflow-project/venv/lib/python3.8/site-packages/airflow/example_dags/example_xcom.py
[2021-04-04 03:56:07,416] {scheduler_job.py:639} INFO - DAG(s) dict_keys(['example_xcom']) retrieved from /home/prathamesh/PycharmProjects/airflow-project/venv/lib/python3.8/site-packages/airflow/example_dags/example_xcom.py
[2021-04-04 03:56:07,426] {logging_mixin.py:104} INFO - [2021-04-04 03:56:07,425] {dag.py:1818} INFO - Sync 1 DAGs
[2021-04-04 03:56:07,433] {logging_mixin.py:104} INFO - [2021-04-04 03:56:07,433] {dag.py:2273} INFO - Setting next_dagrun for example_xcom to 2021-04-02 00:00:00+00:00
[2021-04-04 03:56:07,437] {scheduler_job.py:190} INFO - Processing /home/prathamesh/PycharmProjects/airflow-project/venv/lib/python3.8/site-packages/airflow/example_dags/example_xcom.py took 0.034 seconds
[2021-04-04 03:56:38,093] {scheduler_job.py:182} INFO - Started process (PID=4710) to work on /home/prathamesh/PycharmProjects/airflow-project/venv/lib/python3.8/site-packages/airflow/example_dags/example_xcom.py
[2021-04-04 03:56:38,094] {scheduler_job.py:629} INFO - Processing file /home/prathamesh/PycharmProjects/airflow-project/venv/lib/python3.8/site-packages/airflow/example_dags/example_xcom.py for tasks to queue
[2021-04-04 03:56:38,094] {logging_mixin.py:104} INFO - [2021-04-04 03:56:38,094] {dagbag.py:448} INFO - Filling up the DagBag from /home/prathamesh/PycharmProjects/airflow-project/venv/lib/python3.8/site-packages/airflow/example_dags/example_xcom.py
[2021-04-04 03:56:38,103] {scheduler_job.py:639} INFO - DAG(s) dict_keys(['example_xcom']) retrieved from /home/prathamesh/PycharmProjects/airflow-project/venv/lib/python3.8/site-packages/airflow/example_dags/example_xcom.py
[2021-04-04 03:56:38,115] {logging_mixin.py:104} INFO - [2021-04-04 03:56:38,115] {dag.py:1818} INFO - Sync 1 DAGs
[2021-04-04 03:56:38,126] {logging_mixin.py:104} INFO - [2021-04-04 03:56:38,126] {dag.py:2273} INFO - Setting next_dagrun for example_xcom to 2021-04-02 00:00:00+00:00
[2021-04-04 03:56:38,130] {scheduler_job.py:190} INFO - Processing /home/prathamesh/PycharmProjects/airflow-project/venv/lib/python3.8/site-packages/airflow/example_dags/example_xcom.py took 0.040 seconds
[2021-04-04 03:57:08,993] {scheduler_job.py:182} INFO - Started process (PID=4743) to work on /home/prathamesh/PycharmProjects/airflow-project/venv/lib/python3.8/site-packages/airflow/example_dags/example_xcom.py
[2021-04-04 03:57:08,993] {scheduler_job.py:629} INFO - Processing file /home/prathamesh/PycharmProjects/airflow-project/venv/lib/python3.8/site-packages/airflow/example_dags/example_xcom.py for tasks to queue
[2021-04-04 03:57:08,994] {logging_mixin.py:104} INFO - [2021-04-04 03:57:08,994] {dagbag.py:448} INFO - Filling up the DagBag from /home/prathamesh/PycharmProjects/airflow-project/venv/lib/python3.8/site-packages/airflow/example_dags/example_xcom.py
[2021-04-04 03:57:09,002] {scheduler_job.py:639} INFO - DAG(s) dict_keys(['example_xcom']) retrieved from /home/prathamesh/PycharmProjects/airflow-project/venv/lib/python3.8/site-packages/airflow/example_dags/example_xcom.py
[2021-04-04 03:57:09,020] {logging_mixin.py:104} INFO - [2021-04-04 03:57:09,020] {dag.py:1818} INFO - Sync 1 DAGs
[2021-04-04 03:57:09,030] {logging_mixin.py:104} INFO - [2021-04-04 03:57:09,029] {dag.py:2273} INFO - Setting next_dagrun for example_xcom to 2021-04-02 00:00:00+00:00
[2021-04-04 03:57:09,035] {scheduler_job.py:190} INFO - Processing /home/prathamesh/PycharmProjects/airflow-project/venv/lib/python3.8/site-packages/airflow/example_dags/example_xcom.py took 0.045 seconds
[2021-04-04 03:57:39,124] {scheduler_job.py:182} INFO - Started process (PID=4773) to work on /home/prathamesh/PycharmProjects/airflow-project/venv/lib/python3.8/site-packages/airflow/example_dags/example_xcom.py
[2021-04-04 03:57:39,124] {scheduler_job.py:629} INFO - Processing file /home/prathamesh/PycharmProjects/airflow-project/venv/lib/python3.8/site-packages/airflow/example_dags/example_xcom.py for tasks to queue
[2021-04-04 03:57:39,125] {logging_mixin.py:104} INFO - [2021-04-04 03:57:39,125] {dagbag.py:448} INFO - Filling up the DagBag from /home/prathamesh/PycharmProjects/airflow-project/venv/lib/python3.8/site-packages/airflow/example_dags/example_xcom.py
[2021-04-04 03:57:39,134] {scheduler_job.py:639} INFO - DAG(s) dict_keys(['example_xcom']) retrieved from /home/prathamesh/PycharmProjects/airflow-project/venv/lib/python3.8/site-packages/airflow/example_dags/example_xcom.py
[2021-04-04 03:57:39,145] {logging_mixin.py:104} INFO - [2021-04-04 03:57:39,145] {dag.py:1818} INFO - Sync 1 DAGs
[2021-04-04 03:57:39,153] {logging_mixin.py:104} INFO - [2021-04-04 03:57:39,153] {dag.py:2273} INFO - Setting next_dagrun for example_xcom to 2021-04-02 00:00:00+00:00
[2021-04-04 03:57:39,161] {scheduler_job.py:190} INFO - Processing /home/prathamesh/PycharmProjects/airflow-project/venv/lib/python3.8/site-packages/airflow/example_dags/example_xcom.py took 0.042 seconds
[2021-04-04 03:58:10,375] {scheduler_job.py:182} INFO - Started process (PID=4802) to work on /home/prathamesh/PycharmProjects/airflow-project/venv/lib/python3.8/site-packages/airflow/example_dags/example_xcom.py
[2021-04-04 03:58:10,375] {scheduler_job.py:629} INFO - Processing file /home/prathamesh/PycharmProjects/airflow-project/venv/lib/python3.8/site-packages/airflow/example_dags/example_xcom.py for tasks to queue
[2021-04-04 03:58:10,376] {logging_mixin.py:104} INFO - [2021-04-04 03:58:10,376] {dagbag.py:448} INFO - Filling up the DagBag from /home/prathamesh/PycharmProjects/airflow-project/venv/lib/python3.8/site-packages/airflow/example_dags/example_xcom.py
[2021-04-04 03:58:10,385] {scheduler_job.py:639} INFO - DAG(s) dict_keys(['example_xcom']) retrieved from /home/prathamesh/PycharmProjects/airflow-project/venv/lib/python3.8/site-packages/airflow/example_dags/example_xcom.py
[2021-04-04 03:58:10,397] {logging_mixin.py:104} INFO - [2021-04-04 03:58:10,397] {dag.py:1818} INFO - Sync 1 DAGs
[2021-04-04 03:58:10,406] {logging_mixin.py:104} INFO - [2021-04-04 03:58:10,406] {dag.py:2273} INFO - Setting next_dagrun for example_xcom to 2021-04-02 00:00:00+00:00
[2021-04-04 03:58:10,415] {scheduler_job.py:190} INFO - Processing /home/prathamesh/PycharmProjects/airflow-project/venv/lib/python3.8/site-packages/airflow/example_dags/example_xcom.py took 0.042 seconds
[2021-04-04 04:07:41,620] {scheduler_job.py:182} INFO - Started process (PID=4957) to work on /home/prathamesh/PycharmProjects/airflow-project/venv/lib/python3.8/site-packages/airflow/example_dags/example_xcom.py
[2021-04-04 04:07:41,621] {scheduler_job.py:629} INFO - Processing file /home/prathamesh/PycharmProjects/airflow-project/venv/lib/python3.8/site-packages/airflow/example_dags/example_xcom.py for tasks to queue
[2021-04-04 04:07:41,621] {logging_mixin.py:104} INFO - [2021-04-04 04:07:41,621] {dagbag.py:448} INFO - Filling up the DagBag from /home/prathamesh/PycharmProjects/airflow-project/venv/lib/python3.8/site-packages/airflow/example_dags/example_xcom.py
[2021-04-04 04:07:41,632] {scheduler_job.py:639} INFO - DAG(s) dict_keys(['example_xcom']) retrieved from /home/prathamesh/PycharmProjects/airflow-project/venv/lib/python3.8/site-packages/airflow/example_dags/example_xcom.py
[2021-04-04 04:07:41,642] {logging_mixin.py:104} INFO - [2021-04-04 04:07:41,642] {dag.py:1818} INFO - Sync 1 DAGs
[2021-04-04 04:07:41,647] {logging_mixin.py:104} INFO - [2021-04-04 04:07:41,647] {dag.py:2273} INFO - Setting next_dagrun for example_xcom to 2021-04-02 00:00:00+00:00
[2021-04-04 04:07:41,655] {scheduler_job.py:190} INFO - Processing /home/prathamesh/PycharmProjects/airflow-project/venv/lib/python3.8/site-packages/airflow/example_dags/example_xcom.py took 0.037 seconds
[2021-04-04 04:08:12,481] {scheduler_job.py:182} INFO - Started process (PID=5006) to work on /home/prathamesh/PycharmProjects/airflow-project/venv/lib/python3.8/site-packages/airflow/example_dags/example_xcom.py
[2021-04-04 04:08:12,482] {scheduler_job.py:629} INFO - Processing file /home/prathamesh/PycharmProjects/airflow-project/venv/lib/python3.8/site-packages/airflow/example_dags/example_xcom.py for tasks to queue
[2021-04-04 04:08:12,482] {logging_mixin.py:104} INFO - [2021-04-04 04:08:12,482] {dagbag.py:448} INFO - Filling up the DagBag from /home/prathamesh/PycharmProjects/airflow-project/venv/lib/python3.8/site-packages/airflow/example_dags/example_xcom.py
[2021-04-04 04:08:12,489] {scheduler_job.py:639} INFO - DAG(s) dict_keys(['example_xcom']) retrieved from /home/prathamesh/PycharmProjects/airflow-project/venv/lib/python3.8/site-packages/airflow/example_dags/example_xcom.py
[2021-04-04 04:08:12,499] {logging_mixin.py:104} INFO - [2021-04-04 04:08:12,499] {dag.py:1818} INFO - Sync 1 DAGs
[2021-04-04 04:08:12,507] {logging_mixin.py:104} INFO - [2021-04-04 04:08:12,507] {dag.py:2273} INFO - Setting next_dagrun for example_xcom to 2021-04-02 00:00:00+00:00
[2021-04-04 04:08:12,513] {scheduler_job.py:190} INFO - Processing /home/prathamesh/PycharmProjects/airflow-project/venv/lib/python3.8/site-packages/airflow/example_dags/example_xcom.py took 0.036 seconds
[2021-04-04 04:08:43,215] {scheduler_job.py:182} INFO - Started process (PID=5035) to work on /home/prathamesh/PycharmProjects/airflow-project/venv/lib/python3.8/site-packages/airflow/example_dags/example_xcom.py
[2021-04-04 04:08:43,216] {scheduler_job.py:629} INFO - Processing file /home/prathamesh/PycharmProjects/airflow-project/venv/lib/python3.8/site-packages/airflow/example_dags/example_xcom.py for tasks to queue
[2021-04-04 04:08:43,216] {logging_mixin.py:104} INFO - [2021-04-04 04:08:43,216] {dagbag.py:448} INFO - Filling up the DagBag from /home/prathamesh/PycharmProjects/airflow-project/venv/lib/python3.8/site-packages/airflow/example_dags/example_xcom.py
[2021-04-04 04:08:43,228] {scheduler_job.py:639} INFO - DAG(s) dict_keys(['example_xcom']) retrieved from /home/prathamesh/PycharmProjects/airflow-project/venv/lib/python3.8/site-packages/airflow/example_dags/example_xcom.py
[2021-04-04 04:08:43,239] {logging_mixin.py:104} INFO - [2021-04-04 04:08:43,238] {dag.py:1818} INFO - Sync 1 DAGs
[2021-04-04 04:08:43,247] {logging_mixin.py:104} INFO - [2021-04-04 04:08:43,247] {dag.py:2273} INFO - Setting next_dagrun for example_xcom to 2021-04-02 00:00:00+00:00
[2021-04-04 04:08:43,252] {scheduler_job.py:190} INFO - Processing /home/prathamesh/PycharmProjects/airflow-project/venv/lib/python3.8/site-packages/airflow/example_dags/example_xcom.py took 0.039 seconds
[2021-04-04 04:09:16,587] {scheduler_job.py:182} INFO - Started process (PID=5073) to work on /home/prathamesh/PycharmProjects/airflow-project/venv/lib/python3.8/site-packages/airflow/example_dags/example_xcom.py
[2021-04-04 04:09:16,588] {scheduler_job.py:629} INFO - Processing file /home/prathamesh/PycharmProjects/airflow-project/venv/lib/python3.8/site-packages/airflow/example_dags/example_xcom.py for tasks to queue
[2021-04-04 04:09:16,588] {logging_mixin.py:104} INFO - [2021-04-04 04:09:16,588] {dagbag.py:448} INFO - Filling up the DagBag from /home/prathamesh/PycharmProjects/airflow-project/venv/lib/python3.8/site-packages/airflow/example_dags/example_xcom.py
[2021-04-04 04:09:16,606] {scheduler_job.py:639} INFO - DAG(s) dict_keys(['example_xcom']) retrieved from /home/prathamesh/PycharmProjects/airflow-project/venv/lib/python3.8/site-packages/airflow/example_dags/example_xcom.py
[2021-04-04 04:09:16,620] {logging_mixin.py:104} INFO - [2021-04-04 04:09:16,620] {dag.py:1818} INFO - Sync 1 DAGs
[2021-04-04 04:09:16,635] {logging_mixin.py:104} INFO - [2021-04-04 04:09:16,632] {dag.py:2273} INFO - Setting next_dagrun for example_xcom to 2021-04-02 00:00:00+00:00
[2021-04-04 04:09:16,639] {scheduler_job.py:190} INFO - Processing /home/prathamesh/PycharmProjects/airflow-project/venv/lib/python3.8/site-packages/airflow/example_dags/example_xcom.py took 0.059 seconds
[2021-04-04 04:09:47,687] {scheduler_job.py:182} INFO - Started process (PID=5105) to work on /home/prathamesh/PycharmProjects/airflow-project/venv/lib/python3.8/site-packages/airflow/example_dags/example_xcom.py
[2021-04-04 04:09:47,688] {scheduler_job.py:629} INFO - Processing file /home/prathamesh/PycharmProjects/airflow-project/venv/lib/python3.8/site-packages/airflow/example_dags/example_xcom.py for tasks to queue
[2021-04-04 04:09:47,688] {logging_mixin.py:104} INFO - [2021-04-04 04:09:47,688] {dagbag.py:448} INFO - Filling up the DagBag from /home/prathamesh/PycharmProjects/airflow-project/venv/lib/python3.8/site-packages/airflow/example_dags/example_xcom.py
[2021-04-04 04:09:47,698] {scheduler_job.py:639} INFO - DAG(s) dict_keys(['example_xcom']) retrieved from /home/prathamesh/PycharmProjects/airflow-project/venv/lib/python3.8/site-packages/airflow/example_dags/example_xcom.py
[2021-04-04 04:09:47,706] {logging_mixin.py:104} INFO - [2021-04-04 04:09:47,706] {dag.py:1818} INFO - Sync 1 DAGs
[2021-04-04 04:09:47,717] {logging_mixin.py:104} INFO - [2021-04-04 04:09:47,717] {dag.py:2273} INFO - Setting next_dagrun for example_xcom to 2021-04-02 00:00:00+00:00
[2021-04-04 04:09:47,723] {scheduler_job.py:190} INFO - Processing /home/prathamesh/PycharmProjects/airflow-project/venv/lib/python3.8/site-packages/airflow/example_dags/example_xcom.py took 0.040 seconds
[2021-04-04 04:10:20,610] {scheduler_job.py:182} INFO - Started process (PID=5169) to work on /home/prathamesh/PycharmProjects/airflow-project/venv/lib/python3.8/site-packages/airflow/example_dags/example_xcom.py
[2021-04-04 04:10:20,611] {scheduler_job.py:629} INFO - Processing file /home/prathamesh/PycharmProjects/airflow-project/venv/lib/python3.8/site-packages/airflow/example_dags/example_xcom.py for tasks to queue
[2021-04-04 04:10:20,611] {logging_mixin.py:104} INFO - [2021-04-04 04:10:20,611] {dagbag.py:448} INFO - Filling up the DagBag from /home/prathamesh/PycharmProjects/airflow-project/venv/lib/python3.8/site-packages/airflow/example_dags/example_xcom.py
[2021-04-04 04:10:20,621] {scheduler_job.py:639} INFO - DAG(s) dict_keys(['example_xcom']) retrieved from /home/prathamesh/PycharmProjects/airflow-project/venv/lib/python3.8/site-packages/airflow/example_dags/example_xcom.py
[2021-04-04 04:10:20,632] {logging_mixin.py:104} INFO - [2021-04-04 04:10:20,631] {dag.py:1818} INFO - Sync 1 DAGs
[2021-04-04 04:10:20,638] {logging_mixin.py:104} INFO - [2021-04-04 04:10:20,638] {dag.py:2273} INFO - Setting next_dagrun for example_xcom to 2021-04-02 00:00:00+00:00
[2021-04-04 04:10:20,643] {scheduler_job.py:190} INFO - Processing /home/prathamesh/PycharmProjects/airflow-project/venv/lib/python3.8/site-packages/airflow/example_dags/example_xcom.py took 0.036 seconds
[2021-04-04 04:10:50,878] {scheduler_job.py:182} INFO - Started process (PID=5197) to work on /home/prathamesh/PycharmProjects/airflow-project/venv/lib/python3.8/site-packages/airflow/example_dags/example_xcom.py
[2021-04-04 04:10:50,878] {scheduler_job.py:629} INFO - Processing file /home/prathamesh/PycharmProjects/airflow-project/venv/lib/python3.8/site-packages/airflow/example_dags/example_xcom.py for tasks to queue
[2021-04-04 04:10:50,879] {logging_mixin.py:104} INFO - [2021-04-04 04:10:50,879] {dagbag.py:448} INFO - Filling up the DagBag from /home/prathamesh/PycharmProjects/airflow-project/venv/lib/python3.8/site-packages/airflow/example_dags/example_xcom.py
[2021-04-04 04:10:50,887] {scheduler_job.py:639} INFO - DAG(s) dict_keys(['example_xcom']) retrieved from /home/prathamesh/PycharmProjects/airflow-project/venv/lib/python3.8/site-packages/airflow/example_dags/example_xcom.py
[2021-04-04 04:10:50,899] {logging_mixin.py:104} INFO - [2021-04-04 04:10:50,899] {dag.py:1818} INFO - Sync 1 DAGs
[2021-04-04 04:10:50,907] {logging_mixin.py:104} INFO - [2021-04-04 04:10:50,907] {dag.py:2273} INFO - Setting next_dagrun for example_xcom to 2021-04-02 00:00:00+00:00
[2021-04-04 04:10:50,911] {scheduler_job.py:190} INFO - Processing /home/prathamesh/PycharmProjects/airflow-project/venv/lib/python3.8/site-packages/airflow/example_dags/example_xcom.py took 0.036 seconds
[2021-04-04 04:11:21,609] {scheduler_job.py:182} INFO - Started process (PID=5258) to work on /home/prathamesh/PycharmProjects/airflow-project/venv/lib/python3.8/site-packages/airflow/example_dags/example_xcom.py
[2021-04-04 04:11:21,611] {scheduler_job.py:629} INFO - Processing file /home/prathamesh/PycharmProjects/airflow-project/venv/lib/python3.8/site-packages/airflow/example_dags/example_xcom.py for tasks to queue
[2021-04-04 04:11:21,611] {logging_mixin.py:104} INFO - [2021-04-04 04:11:21,611] {dagbag.py:448} INFO - Filling up the DagBag from /home/prathamesh/PycharmProjects/airflow-project/venv/lib/python3.8/site-packages/airflow/example_dags/example_xcom.py
[2021-04-04 04:11:21,620] {scheduler_job.py:639} INFO - DAG(s) dict_keys(['example_xcom']) retrieved from /home/prathamesh/PycharmProjects/airflow-project/venv/lib/python3.8/site-packages/airflow/example_dags/example_xcom.py
[2021-04-04 04:11:21,632] {logging_mixin.py:104} INFO - [2021-04-04 04:11:21,632] {dag.py:1818} INFO - Sync 1 DAGs
[2021-04-04 04:11:21,645] {logging_mixin.py:104} INFO - [2021-04-04 04:11:21,645] {dag.py:2273} INFO - Setting next_dagrun for example_xcom to 2021-04-02 00:00:00+00:00
[2021-04-04 04:11:21,650] {scheduler_job.py:190} INFO - Processing /home/prathamesh/PycharmProjects/airflow-project/venv/lib/python3.8/site-packages/airflow/example_dags/example_xcom.py took 0.044 seconds
[2021-04-04 04:11:52,364] {scheduler_job.py:182} INFO - Started process (PID=5287) to work on /home/prathamesh/PycharmProjects/airflow-project/venv/lib/python3.8/site-packages/airflow/example_dags/example_xcom.py
[2021-04-04 04:11:52,364] {scheduler_job.py:629} INFO - Processing file /home/prathamesh/PycharmProjects/airflow-project/venv/lib/python3.8/site-packages/airflow/example_dags/example_xcom.py for tasks to queue
[2021-04-04 04:11:52,365] {logging_mixin.py:104} INFO - [2021-04-04 04:11:52,365] {dagbag.py:448} INFO - Filling up the DagBag from /home/prathamesh/PycharmProjects/airflow-project/venv/lib/python3.8/site-packages/airflow/example_dags/example_xcom.py
[2021-04-04 04:11:52,371] {scheduler_job.py:639} INFO - DAG(s) dict_keys(['example_xcom']) retrieved from /home/prathamesh/PycharmProjects/airflow-project/venv/lib/python3.8/site-packages/airflow/example_dags/example_xcom.py
[2021-04-04 04:11:52,386] {logging_mixin.py:104} INFO - [2021-04-04 04:11:52,386] {dag.py:1818} INFO - Sync 1 DAGs
[2021-04-04 04:11:52,393] {logging_mixin.py:104} INFO - [2021-04-04 04:11:52,393] {dag.py:2273} INFO - Setting next_dagrun for example_xcom to 2021-04-02 00:00:00+00:00
[2021-04-04 04:11:52,397] {scheduler_job.py:190} INFO - Processing /home/prathamesh/PycharmProjects/airflow-project/venv/lib/python3.8/site-packages/airflow/example_dags/example_xcom.py took 0.036 seconds
[2021-04-04 04:12:23,088] {scheduler_job.py:182} INFO - Started process (PID=5327) to work on /home/prathamesh/PycharmProjects/airflow-project/venv/lib/python3.8/site-packages/airflow/example_dags/example_xcom.py
[2021-04-04 04:12:23,089] {scheduler_job.py:629} INFO - Processing file /home/prathamesh/PycharmProjects/airflow-project/venv/lib/python3.8/site-packages/airflow/example_dags/example_xcom.py for tasks to queue
[2021-04-04 04:12:23,089] {logging_mixin.py:104} INFO - [2021-04-04 04:12:23,089] {dagbag.py:448} INFO - Filling up the DagBag from /home/prathamesh/PycharmProjects/airflow-project/venv/lib/python3.8/site-packages/airflow/example_dags/example_xcom.py
[2021-04-04 04:12:23,099] {scheduler_job.py:639} INFO - DAG(s) dict_keys(['example_xcom']) retrieved from /home/prathamesh/PycharmProjects/airflow-project/venv/lib/python3.8/site-packages/airflow/example_dags/example_xcom.py
[2021-04-04 04:12:23,114] {logging_mixin.py:104} INFO - [2021-04-04 04:12:23,114] {dag.py:1818} INFO - Sync 1 DAGs
[2021-04-04 04:12:23,120] {logging_mixin.py:104} INFO - [2021-04-04 04:12:23,120] {dag.py:2273} INFO - Setting next_dagrun for example_xcom to 2021-04-02 00:00:00+00:00
[2021-04-04 04:12:23,144] {scheduler_job.py:190} INFO - Processing /home/prathamesh/PycharmProjects/airflow-project/venv/lib/python3.8/site-packages/airflow/example_dags/example_xcom.py took 0.058 seconds
[2021-04-04 04:12:53,760] {scheduler_job.py:182} INFO - Started process (PID=5372) to work on /home/prathamesh/PycharmProjects/airflow-project/venv/lib/python3.8/site-packages/airflow/example_dags/example_xcom.py
[2021-04-04 04:12:53,772] {scheduler_job.py:629} INFO - Processing file /home/prathamesh/PycharmProjects/airflow-project/venv/lib/python3.8/site-packages/airflow/example_dags/example_xcom.py for tasks to queue
[2021-04-04 04:12:53,773] {logging_mixin.py:104} INFO - [2021-04-04 04:12:53,772] {dagbag.py:448} INFO - Filling up the DagBag from /home/prathamesh/PycharmProjects/airflow-project/venv/lib/python3.8/site-packages/airflow/example_dags/example_xcom.py
[2021-04-04 04:12:53,793] {scheduler_job.py:639} INFO - DAG(s) dict_keys(['example_xcom']) retrieved from /home/prathamesh/PycharmProjects/airflow-project/venv/lib/python3.8/site-packages/airflow/example_dags/example_xcom.py
[2021-04-04 04:12:53,827] {logging_mixin.py:104} INFO - [2021-04-04 04:12:53,827] {dag.py:1818} INFO - Sync 1 DAGs
[2021-04-04 04:12:53,835] {logging_mixin.py:104} INFO - [2021-04-04 04:12:53,834] {dag.py:2273} INFO - Setting next_dagrun for example_xcom to 2021-04-02 00:00:00+00:00
[2021-04-04 04:12:53,862] {scheduler_job.py:190} INFO - Processing /home/prathamesh/PycharmProjects/airflow-project/venv/lib/python3.8/site-packages/airflow/example_dags/example_xcom.py took 0.104 seconds
[2021-04-04 16:21:52,943] {scheduler_job.py:182} INFO - Started process (PID=3495) to work on /home/prathamesh/PycharmProjects/airflow-project/venv/lib/python3.8/site-packages/airflow/example_dags/example_xcom.py
[2021-04-04 16:21:52,948] {scheduler_job.py:629} INFO - Processing file /home/prathamesh/PycharmProjects/airflow-project/venv/lib/python3.8/site-packages/airflow/example_dags/example_xcom.py for tasks to queue
[2021-04-04 16:21:52,949] {logging_mixin.py:104} INFO - [2021-04-04 16:21:52,949] {dagbag.py:448} INFO - Filling up the DagBag from /home/prathamesh/PycharmProjects/airflow-project/venv/lib/python3.8/site-packages/airflow/example_dags/example_xcom.py
[2021-04-04 16:21:52,958] {scheduler_job.py:639} INFO - DAG(s) dict_keys(['example_xcom']) retrieved from /home/prathamesh/PycharmProjects/airflow-project/venv/lib/python3.8/site-packages/airflow/example_dags/example_xcom.py
[2021-04-04 16:21:52,973] {logging_mixin.py:104} INFO - [2021-04-04 16:21:52,973] {dag.py:1818} INFO - Sync 1 DAGs
[2021-04-04 16:21:52,982] {logging_mixin.py:104} INFO - [2021-04-04 16:21:52,982] {dag.py:2273} INFO - Setting next_dagrun for example_xcom to 2021-04-02 00:00:00+00:00
[2021-04-04 16:21:52,990] {scheduler_job.py:190} INFO - Processing /home/prathamesh/PycharmProjects/airflow-project/venv/lib/python3.8/site-packages/airflow/example_dags/example_xcom.py took 0.049 seconds
[2021-04-04 16:22:23,745] {scheduler_job.py:182} INFO - Started process (PID=3556) to work on /home/prathamesh/PycharmProjects/airflow-project/venv/lib/python3.8/site-packages/airflow/example_dags/example_xcom.py
[2021-04-04 16:22:23,746] {scheduler_job.py:629} INFO - Processing file /home/prathamesh/PycharmProjects/airflow-project/venv/lib/python3.8/site-packages/airflow/example_dags/example_xcom.py for tasks to queue
[2021-04-04 16:22:23,747] {logging_mixin.py:104} INFO - [2021-04-04 16:22:23,746] {dagbag.py:448} INFO - Filling up the DagBag from /home/prathamesh/PycharmProjects/airflow-project/venv/lib/python3.8/site-packages/airflow/example_dags/example_xcom.py
[2021-04-04 16:22:23,756] {scheduler_job.py:639} INFO - DAG(s) dict_keys(['example_xcom']) retrieved from /home/prathamesh/PycharmProjects/airflow-project/venv/lib/python3.8/site-packages/airflow/example_dags/example_xcom.py
[2021-04-04 16:22:23,767] {logging_mixin.py:104} INFO - [2021-04-04 16:22:23,767] {dag.py:1818} INFO - Sync 1 DAGs
[2021-04-04 16:22:23,780] {logging_mixin.py:104} INFO - [2021-04-04 16:22:23,780] {dag.py:2273} INFO - Setting next_dagrun for example_xcom to 2021-04-02 00:00:00+00:00
[2021-04-04 16:22:23,788] {scheduler_job.py:190} INFO - Processing /home/prathamesh/PycharmProjects/airflow-project/venv/lib/python3.8/site-packages/airflow/example_dags/example_xcom.py took 0.045 seconds
[2021-04-04 16:22:54,312] {scheduler_job.py:182} INFO - Started process (PID=3583) to work on /home/prathamesh/PycharmProjects/airflow-project/venv/lib/python3.8/site-packages/airflow/example_dags/example_xcom.py
[2021-04-04 16:22:54,313] {scheduler_job.py:629} INFO - Processing file /home/prathamesh/PycharmProjects/airflow-project/venv/lib/python3.8/site-packages/airflow/example_dags/example_xcom.py for tasks to queue
[2021-04-04 16:22:54,314] {logging_mixin.py:104} INFO - [2021-04-04 16:22:54,314] {dagbag.py:448} INFO - Filling up the DagBag from /home/prathamesh/PycharmProjects/airflow-project/venv/lib/python3.8/site-packages/airflow/example_dags/example_xcom.py
[2021-04-04 16:22:54,325] {scheduler_job.py:639} INFO - DAG(s) dict_keys(['example_xcom']) retrieved from /home/prathamesh/PycharmProjects/airflow-project/venv/lib/python3.8/site-packages/airflow/example_dags/example_xcom.py
[2021-04-04 16:22:54,335] {logging_mixin.py:104} INFO - [2021-04-04 16:22:54,335] {dag.py:1818} INFO - Sync 1 DAGs
[2021-04-04 16:22:54,345] {logging_mixin.py:104} INFO - [2021-04-04 16:22:54,345] {dag.py:2273} INFO - Setting next_dagrun for example_xcom to 2021-04-02 00:00:00+00:00
[2021-04-04 16:22:54,349] {scheduler_job.py:190} INFO - Processing /home/prathamesh/PycharmProjects/airflow-project/venv/lib/python3.8/site-packages/airflow/example_dags/example_xcom.py took 0.042 seconds
[2021-04-04 16:23:24,973] {scheduler_job.py:182} INFO - Started process (PID=3610) to work on /home/prathamesh/PycharmProjects/airflow-project/venv/lib/python3.8/site-packages/airflow/example_dags/example_xcom.py
[2021-04-04 16:23:24,974] {scheduler_job.py:629} INFO - Processing file /home/prathamesh/PycharmProjects/airflow-project/venv/lib/python3.8/site-packages/airflow/example_dags/example_xcom.py for tasks to queue
[2021-04-04 16:23:24,975] {logging_mixin.py:104} INFO - [2021-04-04 16:23:24,975] {dagbag.py:448} INFO - Filling up the DagBag from /home/prathamesh/PycharmProjects/airflow-project/venv/lib/python3.8/site-packages/airflow/example_dags/example_xcom.py
[2021-04-04 16:23:24,986] {scheduler_job.py:639} INFO - DAG(s) dict_keys(['example_xcom']) retrieved from /home/prathamesh/PycharmProjects/airflow-project/venv/lib/python3.8/site-packages/airflow/example_dags/example_xcom.py
[2021-04-04 16:23:24,996] {logging_mixin.py:104} INFO - [2021-04-04 16:23:24,996] {dag.py:1818} INFO - Sync 1 DAGs
[2021-04-04 16:23:25,005] {logging_mixin.py:104} INFO - [2021-04-04 16:23:25,005] {dag.py:2273} INFO - Setting next_dagrun for example_xcom to 2021-04-02 00:00:00+00:00
[2021-04-04 16:23:25,011] {scheduler_job.py:190} INFO - Processing /home/prathamesh/PycharmProjects/airflow-project/venv/lib/python3.8/site-packages/airflow/example_dags/example_xcom.py took 0.042 seconds
