[2021-04-04 03:36:32,314] {scheduler_job.py:182} INFO - Started process (PID=3211) to work on /home/prathamesh/PycharmProjects/airflow-project/venv/lib/python3.8/site-packages/airflow/example_dags/example_dag_decorator.py
[2021-04-04 03:36:32,314] {scheduler_job.py:629} INFO - Processing file /home/prathamesh/PycharmProjects/airflow-project/venv/lib/python3.8/site-packages/airflow/example_dags/example_dag_decorator.py for tasks to queue
[2021-04-04 03:36:32,315] {logging_mixin.py:104} INFO - [2021-04-04 03:36:32,315] {dagbag.py:448} INFO - Filling up the DagBag from /home/prathamesh/PycharmProjects/airflow-project/venv/lib/python3.8/site-packages/airflow/example_dags/example_dag_decorator.py
[2021-04-04 03:36:32,325] {scheduler_job.py:639} INFO - DAG(s) dict_keys(['example_dag_decorator']) retrieved from /home/prathamesh/PycharmProjects/airflow-project/venv/lib/python3.8/site-packages/airflow/example_dags/example_dag_decorator.py
[2021-04-04 03:36:32,336] {logging_mixin.py:104} INFO - [2021-04-04 03:36:32,336] {dag.py:1818} INFO - Sync 1 DAGs
[2021-04-04 03:36:32,353] {logging_mixin.py:104} INFO - [2021-04-04 03:36:32,353] {dag.py:2273} INFO - Setting next_dagrun for example_dag_decorator to None
[2021-04-04 03:36:32,366] {scheduler_job.py:190} INFO - Processing /home/prathamesh/PycharmProjects/airflow-project/venv/lib/python3.8/site-packages/airflow/example_dags/example_dag_decorator.py took 0.055 seconds
[2021-04-04 03:37:04,502] {scheduler_job.py:182} INFO - Started process (PID=3244) to work on /home/prathamesh/PycharmProjects/airflow-project/venv/lib/python3.8/site-packages/airflow/example_dags/example_dag_decorator.py
[2021-04-04 03:37:04,503] {scheduler_job.py:629} INFO - Processing file /home/prathamesh/PycharmProjects/airflow-project/venv/lib/python3.8/site-packages/airflow/example_dags/example_dag_decorator.py for tasks to queue
[2021-04-04 03:37:04,503] {logging_mixin.py:104} INFO - [2021-04-04 03:37:04,503] {dagbag.py:448} INFO - Filling up the DagBag from /home/prathamesh/PycharmProjects/airflow-project/venv/lib/python3.8/site-packages/airflow/example_dags/example_dag_decorator.py
[2021-04-04 03:37:04,521] {scheduler_job.py:639} INFO - DAG(s) dict_keys(['example_dag_decorator']) retrieved from /home/prathamesh/PycharmProjects/airflow-project/venv/lib/python3.8/site-packages/airflow/example_dags/example_dag_decorator.py
[2021-04-04 03:37:04,535] {logging_mixin.py:104} INFO - [2021-04-04 03:37:04,534] {dag.py:1818} INFO - Sync 1 DAGs
[2021-04-04 03:37:04,552] {logging_mixin.py:104} INFO - [2021-04-04 03:37:04,552] {dag.py:2273} INFO - Setting next_dagrun for example_dag_decorator to None
[2021-04-04 03:37:04,573] {scheduler_job.py:190} INFO - Processing /home/prathamesh/PycharmProjects/airflow-project/venv/lib/python3.8/site-packages/airflow/example_dags/example_dag_decorator.py took 0.074 seconds
[2021-04-04 03:37:35,254] {scheduler_job.py:182} INFO - Started process (PID=3281) to work on /home/prathamesh/PycharmProjects/airflow-project/venv/lib/python3.8/site-packages/airflow/example_dags/example_dag_decorator.py
[2021-04-04 03:37:35,255] {scheduler_job.py:629} INFO - Processing file /home/prathamesh/PycharmProjects/airflow-project/venv/lib/python3.8/site-packages/airflow/example_dags/example_dag_decorator.py for tasks to queue
[2021-04-04 03:37:35,255] {logging_mixin.py:104} INFO - [2021-04-04 03:37:35,255] {dagbag.py:448} INFO - Filling up the DagBag from /home/prathamesh/PycharmProjects/airflow-project/venv/lib/python3.8/site-packages/airflow/example_dags/example_dag_decorator.py
[2021-04-04 03:37:35,264] {scheduler_job.py:639} INFO - DAG(s) dict_keys(['example_dag_decorator']) retrieved from /home/prathamesh/PycharmProjects/airflow-project/venv/lib/python3.8/site-packages/airflow/example_dags/example_dag_decorator.py
[2021-04-04 03:37:35,277] {logging_mixin.py:104} INFO - [2021-04-04 03:37:35,277] {dag.py:1818} INFO - Sync 1 DAGs
[2021-04-04 03:37:35,282] {logging_mixin.py:104} INFO - [2021-04-04 03:37:35,282] {dag.py:2273} INFO - Setting next_dagrun for example_dag_decorator to None
[2021-04-04 03:37:35,302] {scheduler_job.py:190} INFO - Processing /home/prathamesh/PycharmProjects/airflow-project/venv/lib/python3.8/site-packages/airflow/example_dags/example_dag_decorator.py took 0.050 seconds
[2021-04-04 03:38:05,819] {scheduler_job.py:182} INFO - Started process (PID=3310) to work on /home/prathamesh/PycharmProjects/airflow-project/venv/lib/python3.8/site-packages/airflow/example_dags/example_dag_decorator.py
[2021-04-04 03:38:05,820] {scheduler_job.py:629} INFO - Processing file /home/prathamesh/PycharmProjects/airflow-project/venv/lib/python3.8/site-packages/airflow/example_dags/example_dag_decorator.py for tasks to queue
[2021-04-04 03:38:05,820] {logging_mixin.py:104} INFO - [2021-04-04 03:38:05,820] {dagbag.py:448} INFO - Filling up the DagBag from /home/prathamesh/PycharmProjects/airflow-project/venv/lib/python3.8/site-packages/airflow/example_dags/example_dag_decorator.py
[2021-04-04 03:38:05,835] {scheduler_job.py:639} INFO - DAG(s) dict_keys(['example_dag_decorator']) retrieved from /home/prathamesh/PycharmProjects/airflow-project/venv/lib/python3.8/site-packages/airflow/example_dags/example_dag_decorator.py
[2021-04-04 03:38:05,862] {logging_mixin.py:104} INFO - [2021-04-04 03:38:05,862] {dag.py:1818} INFO - Sync 1 DAGs
[2021-04-04 03:38:05,872] {logging_mixin.py:104} INFO - [2021-04-04 03:38:05,872] {dag.py:2273} INFO - Setting next_dagrun for example_dag_decorator to None
[2021-04-04 03:38:05,897] {scheduler_job.py:190} INFO - Processing /home/prathamesh/PycharmProjects/airflow-project/venv/lib/python3.8/site-packages/airflow/example_dags/example_dag_decorator.py took 0.081 seconds
[2021-04-04 03:38:36,831] {scheduler_job.py:182} INFO - Started process (PID=3346) to work on /home/prathamesh/PycharmProjects/airflow-project/venv/lib/python3.8/site-packages/airflow/example_dags/example_dag_decorator.py
[2021-04-04 03:38:36,831] {scheduler_job.py:629} INFO - Processing file /home/prathamesh/PycharmProjects/airflow-project/venv/lib/python3.8/site-packages/airflow/example_dags/example_dag_decorator.py for tasks to queue
[2021-04-04 03:38:36,832] {logging_mixin.py:104} INFO - [2021-04-04 03:38:36,832] {dagbag.py:448} INFO - Filling up the DagBag from /home/prathamesh/PycharmProjects/airflow-project/venv/lib/python3.8/site-packages/airflow/example_dags/example_dag_decorator.py
[2021-04-04 03:38:36,843] {scheduler_job.py:639} INFO - DAG(s) dict_keys(['example_dag_decorator']) retrieved from /home/prathamesh/PycharmProjects/airflow-project/venv/lib/python3.8/site-packages/airflow/example_dags/example_dag_decorator.py
[2021-04-04 03:38:36,861] {logging_mixin.py:104} INFO - [2021-04-04 03:38:36,861] {dag.py:1818} INFO - Sync 1 DAGs
[2021-04-04 03:38:36,869] {logging_mixin.py:104} INFO - [2021-04-04 03:38:36,869] {dag.py:2273} INFO - Setting next_dagrun for example_dag_decorator to None
[2021-04-04 03:38:36,888] {scheduler_job.py:190} INFO - Processing /home/prathamesh/PycharmProjects/airflow-project/venv/lib/python3.8/site-packages/airflow/example_dags/example_dag_decorator.py took 0.060 seconds
[2021-04-04 03:39:08,848] {scheduler_job.py:182} INFO - Started process (PID=3383) to work on /home/prathamesh/PycharmProjects/airflow-project/venv/lib/python3.8/site-packages/airflow/example_dags/example_dag_decorator.py
[2021-04-04 03:39:08,850] {scheduler_job.py:629} INFO - Processing file /home/prathamesh/PycharmProjects/airflow-project/venv/lib/python3.8/site-packages/airflow/example_dags/example_dag_decorator.py for tasks to queue
[2021-04-04 03:39:08,853] {logging_mixin.py:104} INFO - [2021-04-04 03:39:08,852] {dagbag.py:448} INFO - Filling up the DagBag from /home/prathamesh/PycharmProjects/airflow-project/venv/lib/python3.8/site-packages/airflow/example_dags/example_dag_decorator.py
[2021-04-04 03:39:08,871] {scheduler_job.py:639} INFO - DAG(s) dict_keys(['example_dag_decorator']) retrieved from /home/prathamesh/PycharmProjects/airflow-project/venv/lib/python3.8/site-packages/airflow/example_dags/example_dag_decorator.py
[2021-04-04 03:39:08,889] {logging_mixin.py:104} INFO - [2021-04-04 03:39:08,888] {dag.py:1818} INFO - Sync 1 DAGs
[2021-04-04 03:39:08,900] {logging_mixin.py:104} INFO - [2021-04-04 03:39:08,900] {dag.py:2273} INFO - Setting next_dagrun for example_dag_decorator to None
[2021-04-04 03:39:08,919] {scheduler_job.py:190} INFO - Processing /home/prathamesh/PycharmProjects/airflow-project/venv/lib/python3.8/site-packages/airflow/example_dags/example_dag_decorator.py took 0.073 seconds
[2021-04-04 03:39:39,750] {scheduler_job.py:182} INFO - Started process (PID=3411) to work on /home/prathamesh/PycharmProjects/airflow-project/venv/lib/python3.8/site-packages/airflow/example_dags/example_dag_decorator.py
[2021-04-04 03:39:39,751] {scheduler_job.py:629} INFO - Processing file /home/prathamesh/PycharmProjects/airflow-project/venv/lib/python3.8/site-packages/airflow/example_dags/example_dag_decorator.py for tasks to queue
[2021-04-04 03:39:39,756] {logging_mixin.py:104} INFO - [2021-04-04 03:39:39,756] {dagbag.py:448} INFO - Filling up the DagBag from /home/prathamesh/PycharmProjects/airflow-project/venv/lib/python3.8/site-packages/airflow/example_dags/example_dag_decorator.py
[2021-04-04 03:39:39,766] {scheduler_job.py:639} INFO - DAG(s) dict_keys(['example_dag_decorator']) retrieved from /home/prathamesh/PycharmProjects/airflow-project/venv/lib/python3.8/site-packages/airflow/example_dags/example_dag_decorator.py
[2021-04-04 03:39:39,779] {logging_mixin.py:104} INFO - [2021-04-04 03:39:39,779] {dag.py:1818} INFO - Sync 1 DAGs
[2021-04-04 03:39:39,791] {logging_mixin.py:104} INFO - [2021-04-04 03:39:39,791] {dag.py:2273} INFO - Setting next_dagrun for example_dag_decorator to None
[2021-04-04 03:39:39,807] {scheduler_job.py:190} INFO - Processing /home/prathamesh/PycharmProjects/airflow-project/venv/lib/python3.8/site-packages/airflow/example_dags/example_dag_decorator.py took 0.061 seconds
[2021-04-04 03:40:10,395] {scheduler_job.py:182} INFO - Started process (PID=3440) to work on /home/prathamesh/PycharmProjects/airflow-project/venv/lib/python3.8/site-packages/airflow/example_dags/example_dag_decorator.py
[2021-04-04 03:40:10,396] {scheduler_job.py:629} INFO - Processing file /home/prathamesh/PycharmProjects/airflow-project/venv/lib/python3.8/site-packages/airflow/example_dags/example_dag_decorator.py for tasks to queue
[2021-04-04 03:40:10,396] {logging_mixin.py:104} INFO - [2021-04-04 03:40:10,396] {dagbag.py:448} INFO - Filling up the DagBag from /home/prathamesh/PycharmProjects/airflow-project/venv/lib/python3.8/site-packages/airflow/example_dags/example_dag_decorator.py
[2021-04-04 03:40:10,411] {scheduler_job.py:639} INFO - DAG(s) dict_keys(['example_dag_decorator']) retrieved from /home/prathamesh/PycharmProjects/airflow-project/venv/lib/python3.8/site-packages/airflow/example_dags/example_dag_decorator.py
[2021-04-04 03:40:10,446] {logging_mixin.py:104} INFO - [2021-04-04 03:40:10,446] {dag.py:1818} INFO - Sync 1 DAGs
[2021-04-04 03:40:10,457] {logging_mixin.py:104} INFO - [2021-04-04 03:40:10,457] {dag.py:2273} INFO - Setting next_dagrun for example_dag_decorator to None
[2021-04-04 03:40:10,478] {scheduler_job.py:190} INFO - Processing /home/prathamesh/PycharmProjects/airflow-project/venv/lib/python3.8/site-packages/airflow/example_dags/example_dag_decorator.py took 0.086 seconds
[2021-04-04 03:40:40,988] {scheduler_job.py:182} INFO - Started process (PID=3468) to work on /home/prathamesh/PycharmProjects/airflow-project/venv/lib/python3.8/site-packages/airflow/example_dags/example_dag_decorator.py
[2021-04-04 03:40:40,989] {scheduler_job.py:629} INFO - Processing file /home/prathamesh/PycharmProjects/airflow-project/venv/lib/python3.8/site-packages/airflow/example_dags/example_dag_decorator.py for tasks to queue
[2021-04-04 03:40:40,989] {logging_mixin.py:104} INFO - [2021-04-04 03:40:40,989] {dagbag.py:448} INFO - Filling up the DagBag from /home/prathamesh/PycharmProjects/airflow-project/venv/lib/python3.8/site-packages/airflow/example_dags/example_dag_decorator.py
[2021-04-04 03:40:41,000] {scheduler_job.py:639} INFO - DAG(s) dict_keys(['example_dag_decorator']) retrieved from /home/prathamesh/PycharmProjects/airflow-project/venv/lib/python3.8/site-packages/airflow/example_dags/example_dag_decorator.py
[2021-04-04 03:40:41,021] {logging_mixin.py:104} INFO - [2021-04-04 03:40:41,021] {dag.py:1818} INFO - Sync 1 DAGs
[2021-04-04 03:40:41,045] {logging_mixin.py:104} INFO - [2021-04-04 03:40:41,045] {dag.py:2273} INFO - Setting next_dagrun for example_dag_decorator to None
[2021-04-04 03:40:41,073] {scheduler_job.py:190} INFO - Processing /home/prathamesh/PycharmProjects/airflow-project/venv/lib/python3.8/site-packages/airflow/example_dags/example_dag_decorator.py took 0.088 seconds
[2021-04-04 03:41:11,270] {scheduler_job.py:182} INFO - Started process (PID=3512) to work on /home/prathamesh/PycharmProjects/airflow-project/venv/lib/python3.8/site-packages/airflow/example_dags/example_dag_decorator.py
[2021-04-04 03:41:11,271] {scheduler_job.py:629} INFO - Processing file /home/prathamesh/PycharmProjects/airflow-project/venv/lib/python3.8/site-packages/airflow/example_dags/example_dag_decorator.py for tasks to queue
[2021-04-04 03:41:11,271] {logging_mixin.py:104} INFO - [2021-04-04 03:41:11,271] {dagbag.py:448} INFO - Filling up the DagBag from /home/prathamesh/PycharmProjects/airflow-project/venv/lib/python3.8/site-packages/airflow/example_dags/example_dag_decorator.py
[2021-04-04 03:41:11,289] {scheduler_job.py:639} INFO - DAG(s) dict_keys(['example_dag_decorator']) retrieved from /home/prathamesh/PycharmProjects/airflow-project/venv/lib/python3.8/site-packages/airflow/example_dags/example_dag_decorator.py
[2021-04-04 03:41:11,301] {logging_mixin.py:104} INFO - [2021-04-04 03:41:11,300] {dag.py:1818} INFO - Sync 1 DAGs
[2021-04-04 03:41:11,323] {logging_mixin.py:104} INFO - [2021-04-04 03:41:11,323] {dag.py:2273} INFO - Setting next_dagrun for example_dag_decorator to None
[2021-04-04 03:41:11,339] {scheduler_job.py:190} INFO - Processing /home/prathamesh/PycharmProjects/airflow-project/venv/lib/python3.8/site-packages/airflow/example_dags/example_dag_decorator.py took 0.072 seconds
[2021-04-04 03:41:41,787] {scheduler_job.py:182} INFO - Started process (PID=3572) to work on /home/prathamesh/PycharmProjects/airflow-project/venv/lib/python3.8/site-packages/airflow/example_dags/example_dag_decorator.py
[2021-04-04 03:41:41,787] {scheduler_job.py:629} INFO - Processing file /home/prathamesh/PycharmProjects/airflow-project/venv/lib/python3.8/site-packages/airflow/example_dags/example_dag_decorator.py for tasks to queue
[2021-04-04 03:41:41,788] {logging_mixin.py:104} INFO - [2021-04-04 03:41:41,788] {dagbag.py:448} INFO - Filling up the DagBag from /home/prathamesh/PycharmProjects/airflow-project/venv/lib/python3.8/site-packages/airflow/example_dags/example_dag_decorator.py
[2021-04-04 03:41:41,826] {scheduler_job.py:639} INFO - DAG(s) dict_keys(['example_dag_decorator']) retrieved from /home/prathamesh/PycharmProjects/airflow-project/venv/lib/python3.8/site-packages/airflow/example_dags/example_dag_decorator.py
[2021-04-04 03:41:41,843] {logging_mixin.py:104} INFO - [2021-04-04 03:41:41,843] {dag.py:1818} INFO - Sync 1 DAGs
[2021-04-04 03:41:41,872] {logging_mixin.py:104} INFO - [2021-04-04 03:41:41,872] {dag.py:2273} INFO - Setting next_dagrun for example_dag_decorator to None
[2021-04-04 03:41:41,900] {scheduler_job.py:190} INFO - Processing /home/prathamesh/PycharmProjects/airflow-project/venv/lib/python3.8/site-packages/airflow/example_dags/example_dag_decorator.py took 0.136 seconds
[2021-04-04 03:42:12,125] {scheduler_job.py:182} INFO - Started process (PID=3600) to work on /home/prathamesh/PycharmProjects/airflow-project/venv/lib/python3.8/site-packages/airflow/example_dags/example_dag_decorator.py
[2021-04-04 03:42:12,126] {scheduler_job.py:629} INFO - Processing file /home/prathamesh/PycharmProjects/airflow-project/venv/lib/python3.8/site-packages/airflow/example_dags/example_dag_decorator.py for tasks to queue
[2021-04-04 03:42:12,126] {logging_mixin.py:104} INFO - [2021-04-04 03:42:12,126] {dagbag.py:448} INFO - Filling up the DagBag from /home/prathamesh/PycharmProjects/airflow-project/venv/lib/python3.8/site-packages/airflow/example_dags/example_dag_decorator.py
[2021-04-04 03:42:12,140] {scheduler_job.py:639} INFO - DAG(s) dict_keys(['example_dag_decorator']) retrieved from /home/prathamesh/PycharmProjects/airflow-project/venv/lib/python3.8/site-packages/airflow/example_dags/example_dag_decorator.py
[2021-04-04 03:42:12,151] {logging_mixin.py:104} INFO - [2021-04-04 03:42:12,151] {dag.py:1818} INFO - Sync 1 DAGs
[2021-04-04 03:42:12,157] {logging_mixin.py:104} INFO - [2021-04-04 03:42:12,157] {dag.py:2273} INFO - Setting next_dagrun for example_dag_decorator to None
[2021-04-04 03:42:12,175] {scheduler_job.py:190} INFO - Processing /home/prathamesh/PycharmProjects/airflow-project/venv/lib/python3.8/site-packages/airflow/example_dags/example_dag_decorator.py took 0.052 seconds
[2021-04-04 03:42:42,633] {scheduler_job.py:182} INFO - Started process (PID=3640) to work on /home/prathamesh/PycharmProjects/airflow-project/venv/lib/python3.8/site-packages/airflow/example_dags/example_dag_decorator.py
[2021-04-04 03:42:42,635] {scheduler_job.py:629} INFO - Processing file /home/prathamesh/PycharmProjects/airflow-project/venv/lib/python3.8/site-packages/airflow/example_dags/example_dag_decorator.py for tasks to queue
[2021-04-04 03:42:42,635] {logging_mixin.py:104} INFO - [2021-04-04 03:42:42,635] {dagbag.py:448} INFO - Filling up the DagBag from /home/prathamesh/PycharmProjects/airflow-project/venv/lib/python3.8/site-packages/airflow/example_dags/example_dag_decorator.py
[2021-04-04 03:42:42,649] {scheduler_job.py:639} INFO - DAG(s) dict_keys(['example_dag_decorator']) retrieved from /home/prathamesh/PycharmProjects/airflow-project/venv/lib/python3.8/site-packages/airflow/example_dags/example_dag_decorator.py
[2021-04-04 03:42:42,661] {logging_mixin.py:104} INFO - [2021-04-04 03:42:42,661] {dag.py:1818} INFO - Sync 1 DAGs
[2021-04-04 03:42:42,669] {logging_mixin.py:104} INFO - [2021-04-04 03:42:42,669] {dag.py:2273} INFO - Setting next_dagrun for example_dag_decorator to None
[2021-04-04 03:42:42,683] {scheduler_job.py:190} INFO - Processing /home/prathamesh/PycharmProjects/airflow-project/venv/lib/python3.8/site-packages/airflow/example_dags/example_dag_decorator.py took 0.052 seconds
[2021-04-04 03:43:14,044] {scheduler_job.py:182} INFO - Started process (PID=3678) to work on /home/prathamesh/PycharmProjects/airflow-project/venv/lib/python3.8/site-packages/airflow/example_dags/example_dag_decorator.py
[2021-04-04 03:43:14,044] {scheduler_job.py:629} INFO - Processing file /home/prathamesh/PycharmProjects/airflow-project/venv/lib/python3.8/site-packages/airflow/example_dags/example_dag_decorator.py for tasks to queue
[2021-04-04 03:43:14,045] {logging_mixin.py:104} INFO - [2021-04-04 03:43:14,045] {dagbag.py:448} INFO - Filling up the DagBag from /home/prathamesh/PycharmProjects/airflow-project/venv/lib/python3.8/site-packages/airflow/example_dags/example_dag_decorator.py
[2021-04-04 03:43:14,055] {scheduler_job.py:639} INFO - DAG(s) dict_keys(['example_dag_decorator']) retrieved from /home/prathamesh/PycharmProjects/airflow-project/venv/lib/python3.8/site-packages/airflow/example_dags/example_dag_decorator.py
[2021-04-04 03:43:14,066] {logging_mixin.py:104} INFO - [2021-04-04 03:43:14,066] {dag.py:1818} INFO - Sync 1 DAGs
[2021-04-04 03:43:14,072] {logging_mixin.py:104} INFO - [2021-04-04 03:43:14,072] {dag.py:2273} INFO - Setting next_dagrun for example_dag_decorator to None
[2021-04-04 03:43:14,088] {scheduler_job.py:190} INFO - Processing /home/prathamesh/PycharmProjects/airflow-project/venv/lib/python3.8/site-packages/airflow/example_dags/example_dag_decorator.py took 0.046 seconds
[2021-04-04 03:43:44,296] {scheduler_job.py:182} INFO - Started process (PID=3720) to work on /home/prathamesh/PycharmProjects/airflow-project/venv/lib/python3.8/site-packages/airflow/example_dags/example_dag_decorator.py
[2021-04-04 03:43:44,297] {scheduler_job.py:629} INFO - Processing file /home/prathamesh/PycharmProjects/airflow-project/venv/lib/python3.8/site-packages/airflow/example_dags/example_dag_decorator.py for tasks to queue
[2021-04-04 03:43:44,298] {logging_mixin.py:104} INFO - [2021-04-04 03:43:44,298] {dagbag.py:448} INFO - Filling up the DagBag from /home/prathamesh/PycharmProjects/airflow-project/venv/lib/python3.8/site-packages/airflow/example_dags/example_dag_decorator.py
[2021-04-04 03:43:44,310] {scheduler_job.py:639} INFO - DAG(s) dict_keys(['example_dag_decorator']) retrieved from /home/prathamesh/PycharmProjects/airflow-project/venv/lib/python3.8/site-packages/airflow/example_dags/example_dag_decorator.py
[2021-04-04 03:43:44,320] {logging_mixin.py:104} INFO - [2021-04-04 03:43:44,320] {dag.py:1818} INFO - Sync 1 DAGs
[2021-04-04 03:43:44,327] {logging_mixin.py:104} INFO - [2021-04-04 03:43:44,327] {dag.py:2273} INFO - Setting next_dagrun for example_dag_decorator to None
[2021-04-04 03:43:44,331] {scheduler_job.py:190} INFO - Processing /home/prathamesh/PycharmProjects/airflow-project/venv/lib/python3.8/site-packages/airflow/example_dags/example_dag_decorator.py took 0.037 seconds
[2021-04-04 03:44:14,560] {scheduler_job.py:182} INFO - Started process (PID=3751) to work on /home/prathamesh/PycharmProjects/airflow-project/venv/lib/python3.8/site-packages/airflow/example_dags/example_dag_decorator.py
[2021-04-04 03:44:14,562] {scheduler_job.py:629} INFO - Processing file /home/prathamesh/PycharmProjects/airflow-project/venv/lib/python3.8/site-packages/airflow/example_dags/example_dag_decorator.py for tasks to queue
[2021-04-04 03:44:14,562] {logging_mixin.py:104} INFO - [2021-04-04 03:44:14,562] {dagbag.py:448} INFO - Filling up the DagBag from /home/prathamesh/PycharmProjects/airflow-project/venv/lib/python3.8/site-packages/airflow/example_dags/example_dag_decorator.py
[2021-04-04 03:44:14,573] {scheduler_job.py:639} INFO - DAG(s) dict_keys(['example_dag_decorator']) retrieved from /home/prathamesh/PycharmProjects/airflow-project/venv/lib/python3.8/site-packages/airflow/example_dags/example_dag_decorator.py
[2021-04-04 03:44:14,584] {logging_mixin.py:104} INFO - [2021-04-04 03:44:14,584] {dag.py:1818} INFO - Sync 1 DAGs
[2021-04-04 03:44:14,590] {logging_mixin.py:104} INFO - [2021-04-04 03:44:14,590] {dag.py:2273} INFO - Setting next_dagrun for example_dag_decorator to None
[2021-04-04 03:44:14,604] {scheduler_job.py:190} INFO - Processing /home/prathamesh/PycharmProjects/airflow-project/venv/lib/python3.8/site-packages/airflow/example_dags/example_dag_decorator.py took 0.046 seconds
[2021-04-04 03:44:45,934] {scheduler_job.py:182} INFO - Started process (PID=3779) to work on /home/prathamesh/PycharmProjects/airflow-project/venv/lib/python3.8/site-packages/airflow/example_dags/example_dag_decorator.py
[2021-04-04 03:44:45,937] {scheduler_job.py:629} INFO - Processing file /home/prathamesh/PycharmProjects/airflow-project/venv/lib/python3.8/site-packages/airflow/example_dags/example_dag_decorator.py for tasks to queue
[2021-04-04 03:44:45,950] {logging_mixin.py:104} INFO - [2021-04-04 03:44:45,949] {dagbag.py:448} INFO - Filling up the DagBag from /home/prathamesh/PycharmProjects/airflow-project/venv/lib/python3.8/site-packages/airflow/example_dags/example_dag_decorator.py
[2021-04-04 03:44:45,972] {scheduler_job.py:639} INFO - DAG(s) dict_keys(['example_dag_decorator']) retrieved from /home/prathamesh/PycharmProjects/airflow-project/venv/lib/python3.8/site-packages/airflow/example_dags/example_dag_decorator.py
[2021-04-04 03:44:45,987] {logging_mixin.py:104} INFO - [2021-04-04 03:44:45,987] {dag.py:1818} INFO - Sync 1 DAGs
[2021-04-04 03:44:45,999] {logging_mixin.py:104} INFO - [2021-04-04 03:44:45,999] {dag.py:2273} INFO - Setting next_dagrun for example_dag_decorator to None
[2021-04-04 03:44:46,031] {scheduler_job.py:190} INFO - Processing /home/prathamesh/PycharmProjects/airflow-project/venv/lib/python3.8/site-packages/airflow/example_dags/example_dag_decorator.py took 0.102 seconds
[2021-04-04 03:45:16,202] {scheduler_job.py:182} INFO - Started process (PID=3903) to work on /home/prathamesh/PycharmProjects/airflow-project/venv/lib/python3.8/site-packages/airflow/example_dags/example_dag_decorator.py
[2021-04-04 03:45:16,206] {scheduler_job.py:629} INFO - Processing file /home/prathamesh/PycharmProjects/airflow-project/venv/lib/python3.8/site-packages/airflow/example_dags/example_dag_decorator.py for tasks to queue
[2021-04-04 03:45:16,206] {logging_mixin.py:104} INFO - [2021-04-04 03:45:16,206] {dagbag.py:448} INFO - Filling up the DagBag from /home/prathamesh/PycharmProjects/airflow-project/venv/lib/python3.8/site-packages/airflow/example_dags/example_dag_decorator.py
[2021-04-04 03:45:16,234] {scheduler_job.py:639} INFO - DAG(s) dict_keys(['example_dag_decorator']) retrieved from /home/prathamesh/PycharmProjects/airflow-project/venv/lib/python3.8/site-packages/airflow/example_dags/example_dag_decorator.py
[2021-04-04 03:45:16,260] {logging_mixin.py:104} INFO - [2021-04-04 03:45:16,260] {dag.py:1818} INFO - Sync 1 DAGs
[2021-04-04 03:45:16,274] {logging_mixin.py:104} INFO - [2021-04-04 03:45:16,274] {dag.py:2273} INFO - Setting next_dagrun for example_dag_decorator to None
[2021-04-04 03:45:16,314] {scheduler_job.py:190} INFO - Processing /home/prathamesh/PycharmProjects/airflow-project/venv/lib/python3.8/site-packages/airflow/example_dags/example_dag_decorator.py took 0.118 seconds
[2021-04-04 03:54:24,336] {scheduler_job.py:182} INFO - Started process (PID=4557) to work on /home/prathamesh/PycharmProjects/airflow-project/venv/lib/python3.8/site-packages/airflow/example_dags/example_dag_decorator.py
[2021-04-04 03:54:24,350] {scheduler_job.py:629} INFO - Processing file /home/prathamesh/PycharmProjects/airflow-project/venv/lib/python3.8/site-packages/airflow/example_dags/example_dag_decorator.py for tasks to queue
[2021-04-04 03:54:24,351] {logging_mixin.py:104} INFO - [2021-04-04 03:54:24,351] {dagbag.py:448} INFO - Filling up the DagBag from /home/prathamesh/PycharmProjects/airflow-project/venv/lib/python3.8/site-packages/airflow/example_dags/example_dag_decorator.py
[2021-04-04 03:54:24,360] {scheduler_job.py:639} INFO - DAG(s) dict_keys(['example_dag_decorator']) retrieved from /home/prathamesh/PycharmProjects/airflow-project/venv/lib/python3.8/site-packages/airflow/example_dags/example_dag_decorator.py
[2021-04-04 03:54:24,411] {logging_mixin.py:104} INFO - [2021-04-04 03:54:24,411] {dag.py:1818} INFO - Sync 1 DAGs
[2021-04-04 03:54:24,435] {logging_mixin.py:104} INFO - [2021-04-04 03:54:24,435] {dag.py:2273} INFO - Setting next_dagrun for example_dag_decorator to None
[2021-04-04 03:54:24,468] {scheduler_job.py:190} INFO - Processing /home/prathamesh/PycharmProjects/airflow-project/venv/lib/python3.8/site-packages/airflow/example_dags/example_dag_decorator.py took 0.134 seconds
[2021-04-04 03:54:55,033] {scheduler_job.py:182} INFO - Started process (PID=4585) to work on /home/prathamesh/PycharmProjects/airflow-project/venv/lib/python3.8/site-packages/airflow/example_dags/example_dag_decorator.py
[2021-04-04 03:54:55,034] {scheduler_job.py:629} INFO - Processing file /home/prathamesh/PycharmProjects/airflow-project/venv/lib/python3.8/site-packages/airflow/example_dags/example_dag_decorator.py for tasks to queue
[2021-04-04 03:54:55,035] {logging_mixin.py:104} INFO - [2021-04-04 03:54:55,035] {dagbag.py:448} INFO - Filling up the DagBag from /home/prathamesh/PycharmProjects/airflow-project/venv/lib/python3.8/site-packages/airflow/example_dags/example_dag_decorator.py
[2021-04-04 03:54:55,073] {scheduler_job.py:639} INFO - DAG(s) dict_keys(['example_dag_decorator']) retrieved from /home/prathamesh/PycharmProjects/airflow-project/venv/lib/python3.8/site-packages/airflow/example_dags/example_dag_decorator.py
[2021-04-04 03:54:55,114] {logging_mixin.py:104} INFO - [2021-04-04 03:54:55,114] {dag.py:1818} INFO - Sync 1 DAGs
[2021-04-04 03:54:55,147] {logging_mixin.py:104} INFO - [2021-04-04 03:54:55,147] {dag.py:2273} INFO - Setting next_dagrun for example_dag_decorator to None
[2021-04-04 03:54:55,162] {scheduler_job.py:190} INFO - Processing /home/prathamesh/PycharmProjects/airflow-project/venv/lib/python3.8/site-packages/airflow/example_dags/example_dag_decorator.py took 0.133 seconds
[2021-04-04 03:55:26,260] {scheduler_job.py:182} INFO - Started process (PID=4617) to work on /home/prathamesh/PycharmProjects/airflow-project/venv/lib/python3.8/site-packages/airflow/example_dags/example_dag_decorator.py
[2021-04-04 03:55:26,261] {scheduler_job.py:629} INFO - Processing file /home/prathamesh/PycharmProjects/airflow-project/venv/lib/python3.8/site-packages/airflow/example_dags/example_dag_decorator.py for tasks to queue
[2021-04-04 03:55:26,262] {logging_mixin.py:104} INFO - [2021-04-04 03:55:26,262] {dagbag.py:448} INFO - Filling up the DagBag from /home/prathamesh/PycharmProjects/airflow-project/venv/lib/python3.8/site-packages/airflow/example_dags/example_dag_decorator.py
[2021-04-04 03:55:26,300] {scheduler_job.py:639} INFO - DAG(s) dict_keys(['example_dag_decorator']) retrieved from /home/prathamesh/PycharmProjects/airflow-project/venv/lib/python3.8/site-packages/airflow/example_dags/example_dag_decorator.py
[2021-04-04 03:55:26,357] {logging_mixin.py:104} INFO - [2021-04-04 03:55:26,357] {dag.py:1818} INFO - Sync 1 DAGs
[2021-04-04 03:55:26,459] {logging_mixin.py:104} INFO - [2021-04-04 03:55:26,459] {dag.py:2273} INFO - Setting next_dagrun for example_dag_decorator to None
[2021-04-04 03:55:26,509] {scheduler_job.py:190} INFO - Processing /home/prathamesh/PycharmProjects/airflow-project/venv/lib/python3.8/site-packages/airflow/example_dags/example_dag_decorator.py took 0.251 seconds
[2021-04-04 03:55:57,774] {scheduler_job.py:182} INFO - Started process (PID=4669) to work on /home/prathamesh/PycharmProjects/airflow-project/venv/lib/python3.8/site-packages/airflow/example_dags/example_dag_decorator.py
[2021-04-04 03:55:57,774] {scheduler_job.py:629} INFO - Processing file /home/prathamesh/PycharmProjects/airflow-project/venv/lib/python3.8/site-packages/airflow/example_dags/example_dag_decorator.py for tasks to queue
[2021-04-04 03:55:57,775] {logging_mixin.py:104} INFO - [2021-04-04 03:55:57,775] {dagbag.py:448} INFO - Filling up the DagBag from /home/prathamesh/PycharmProjects/airflow-project/venv/lib/python3.8/site-packages/airflow/example_dags/example_dag_decorator.py
[2021-04-04 03:55:57,795] {scheduler_job.py:639} INFO - DAG(s) dict_keys(['example_dag_decorator']) retrieved from /home/prathamesh/PycharmProjects/airflow-project/venv/lib/python3.8/site-packages/airflow/example_dags/example_dag_decorator.py
[2021-04-04 03:55:57,819] {logging_mixin.py:104} INFO - [2021-04-04 03:55:57,819] {dag.py:1818} INFO - Sync 1 DAGs
[2021-04-04 03:55:57,836] {logging_mixin.py:104} INFO - [2021-04-04 03:55:57,835] {dag.py:2273} INFO - Setting next_dagrun for example_dag_decorator to None
[2021-04-04 03:55:57,849] {scheduler_job.py:190} INFO - Processing /home/prathamesh/PycharmProjects/airflow-project/venv/lib/python3.8/site-packages/airflow/example_dags/example_dag_decorator.py took 0.078 seconds
[2021-04-04 03:56:28,117] {scheduler_job.py:182} INFO - Started process (PID=4701) to work on /home/prathamesh/PycharmProjects/airflow-project/venv/lib/python3.8/site-packages/airflow/example_dags/example_dag_decorator.py
[2021-04-04 03:56:28,117] {scheduler_job.py:629} INFO - Processing file /home/prathamesh/PycharmProjects/airflow-project/venv/lib/python3.8/site-packages/airflow/example_dags/example_dag_decorator.py for tasks to queue
[2021-04-04 03:56:28,118] {logging_mixin.py:104} INFO - [2021-04-04 03:56:28,118] {dagbag.py:448} INFO - Filling up the DagBag from /home/prathamesh/PycharmProjects/airflow-project/venv/lib/python3.8/site-packages/airflow/example_dags/example_dag_decorator.py
[2021-04-04 03:56:28,127] {scheduler_job.py:639} INFO - DAG(s) dict_keys(['example_dag_decorator']) retrieved from /home/prathamesh/PycharmProjects/airflow-project/venv/lib/python3.8/site-packages/airflow/example_dags/example_dag_decorator.py
[2021-04-04 03:56:28,146] {logging_mixin.py:104} INFO - [2021-04-04 03:56:28,145] {dag.py:1818} INFO - Sync 1 DAGs
[2021-04-04 03:56:28,156] {logging_mixin.py:104} INFO - [2021-04-04 03:56:28,156] {dag.py:2273} INFO - Setting next_dagrun for example_dag_decorator to None
[2021-04-04 03:56:28,173] {scheduler_job.py:190} INFO - Processing /home/prathamesh/PycharmProjects/airflow-project/venv/lib/python3.8/site-packages/airflow/example_dags/example_dag_decorator.py took 0.058 seconds
[2021-04-04 03:56:58,783] {scheduler_job.py:182} INFO - Started process (PID=4734) to work on /home/prathamesh/PycharmProjects/airflow-project/venv/lib/python3.8/site-packages/airflow/example_dags/example_dag_decorator.py
[2021-04-04 03:56:58,783] {scheduler_job.py:629} INFO - Processing file /home/prathamesh/PycharmProjects/airflow-project/venv/lib/python3.8/site-packages/airflow/example_dags/example_dag_decorator.py for tasks to queue
[2021-04-04 03:56:58,784] {logging_mixin.py:104} INFO - [2021-04-04 03:56:58,783] {dagbag.py:448} INFO - Filling up the DagBag from /home/prathamesh/PycharmProjects/airflow-project/venv/lib/python3.8/site-packages/airflow/example_dags/example_dag_decorator.py
[2021-04-04 03:56:58,797] {scheduler_job.py:639} INFO - DAG(s) dict_keys(['example_dag_decorator']) retrieved from /home/prathamesh/PycharmProjects/airflow-project/venv/lib/python3.8/site-packages/airflow/example_dags/example_dag_decorator.py
[2021-04-04 03:56:58,816] {logging_mixin.py:104} INFO - [2021-04-04 03:56:58,814] {dag.py:1818} INFO - Sync 1 DAGs
[2021-04-04 03:56:58,824] {logging_mixin.py:104} INFO - [2021-04-04 03:56:58,824] {dag.py:2273} INFO - Setting next_dagrun for example_dag_decorator to None
[2021-04-04 03:56:58,841] {scheduler_job.py:190} INFO - Processing /home/prathamesh/PycharmProjects/airflow-project/venv/lib/python3.8/site-packages/airflow/example_dags/example_dag_decorator.py took 0.061 seconds
[2021-04-04 03:57:30,136] {scheduler_job.py:182} INFO - Started process (PID=4764) to work on /home/prathamesh/PycharmProjects/airflow-project/venv/lib/python3.8/site-packages/airflow/example_dags/example_dag_decorator.py
[2021-04-04 03:57:30,137] {scheduler_job.py:629} INFO - Processing file /home/prathamesh/PycharmProjects/airflow-project/venv/lib/python3.8/site-packages/airflow/example_dags/example_dag_decorator.py for tasks to queue
[2021-04-04 03:57:30,151] {logging_mixin.py:104} INFO - [2021-04-04 03:57:30,151] {dagbag.py:448} INFO - Filling up the DagBag from /home/prathamesh/PycharmProjects/airflow-project/venv/lib/python3.8/site-packages/airflow/example_dags/example_dag_decorator.py
[2021-04-04 03:57:30,162] {scheduler_job.py:639} INFO - DAG(s) dict_keys(['example_dag_decorator']) retrieved from /home/prathamesh/PycharmProjects/airflow-project/venv/lib/python3.8/site-packages/airflow/example_dags/example_dag_decorator.py
[2021-04-04 03:57:30,215] {logging_mixin.py:104} INFO - [2021-04-04 03:57:30,215] {dag.py:1818} INFO - Sync 1 DAGs
[2021-04-04 03:57:30,227] {logging_mixin.py:104} INFO - [2021-04-04 03:57:30,226] {dag.py:2273} INFO - Setting next_dagrun for example_dag_decorator to None
[2021-04-04 03:57:30,246] {scheduler_job.py:190} INFO - Processing /home/prathamesh/PycharmProjects/airflow-project/venv/lib/python3.8/site-packages/airflow/example_dags/example_dag_decorator.py took 0.113 seconds
[2021-04-04 03:58:01,296] {scheduler_job.py:182} INFO - Started process (PID=4792) to work on /home/prathamesh/PycharmProjects/airflow-project/venv/lib/python3.8/site-packages/airflow/example_dags/example_dag_decorator.py
[2021-04-04 03:58:01,297] {scheduler_job.py:629} INFO - Processing file /home/prathamesh/PycharmProjects/airflow-project/venv/lib/python3.8/site-packages/airflow/example_dags/example_dag_decorator.py for tasks to queue
[2021-04-04 03:58:01,297] {logging_mixin.py:104} INFO - [2021-04-04 03:58:01,297] {dagbag.py:448} INFO - Filling up the DagBag from /home/prathamesh/PycharmProjects/airflow-project/venv/lib/python3.8/site-packages/airflow/example_dags/example_dag_decorator.py
[2021-04-04 03:58:01,326] {scheduler_job.py:639} INFO - DAG(s) dict_keys(['example_dag_decorator']) retrieved from /home/prathamesh/PycharmProjects/airflow-project/venv/lib/python3.8/site-packages/airflow/example_dags/example_dag_decorator.py
[2021-04-04 03:58:01,352] {logging_mixin.py:104} INFO - [2021-04-04 03:58:01,352] {dag.py:1818} INFO - Sync 1 DAGs
[2021-04-04 03:58:01,373] {logging_mixin.py:104} INFO - [2021-04-04 03:58:01,373] {dag.py:2273} INFO - Setting next_dagrun for example_dag_decorator to None
[2021-04-04 03:58:01,402] {scheduler_job.py:190} INFO - Processing /home/prathamesh/PycharmProjects/airflow-project/venv/lib/python3.8/site-packages/airflow/example_dags/example_dag_decorator.py took 0.122 seconds
[2021-04-04 04:07:56,570] {scheduler_job.py:182} INFO - Started process (PID=4980) to work on /home/prathamesh/PycharmProjects/airflow-project/venv/lib/python3.8/site-packages/airflow/example_dags/example_dag_decorator.py
[2021-04-04 04:07:56,570] {scheduler_job.py:629} INFO - Processing file /home/prathamesh/PycharmProjects/airflow-project/venv/lib/python3.8/site-packages/airflow/example_dags/example_dag_decorator.py for tasks to queue
[2021-04-04 04:07:56,571] {logging_mixin.py:104} INFO - [2021-04-04 04:07:56,571] {dagbag.py:448} INFO - Filling up the DagBag from /home/prathamesh/PycharmProjects/airflow-project/venv/lib/python3.8/site-packages/airflow/example_dags/example_dag_decorator.py
[2021-04-04 04:07:56,583] {scheduler_job.py:639} INFO - DAG(s) dict_keys(['example_dag_decorator']) retrieved from /home/prathamesh/PycharmProjects/airflow-project/venv/lib/python3.8/site-packages/airflow/example_dags/example_dag_decorator.py
[2021-04-04 04:07:56,593] {logging_mixin.py:104} INFO - [2021-04-04 04:07:56,593] {dag.py:1818} INFO - Sync 1 DAGs
[2021-04-04 04:07:56,600] {logging_mixin.py:104} INFO - [2021-04-04 04:07:56,600] {dag.py:2273} INFO - Setting next_dagrun for example_dag_decorator to None
[2021-04-04 04:07:56,615] {scheduler_job.py:190} INFO - Processing /home/prathamesh/PycharmProjects/airflow-project/venv/lib/python3.8/site-packages/airflow/example_dags/example_dag_decorator.py took 0.048 seconds
[2021-04-04 04:08:27,697] {scheduler_job.py:182} INFO - Started process (PID=5021) to work on /home/prathamesh/PycharmProjects/airflow-project/venv/lib/python3.8/site-packages/airflow/example_dags/example_dag_decorator.py
[2021-04-04 04:08:27,697] {scheduler_job.py:629} INFO - Processing file /home/prathamesh/PycharmProjects/airflow-project/venv/lib/python3.8/site-packages/airflow/example_dags/example_dag_decorator.py for tasks to queue
[2021-04-04 04:08:27,698] {logging_mixin.py:104} INFO - [2021-04-04 04:08:27,698] {dagbag.py:448} INFO - Filling up the DagBag from /home/prathamesh/PycharmProjects/airflow-project/venv/lib/python3.8/site-packages/airflow/example_dags/example_dag_decorator.py
[2021-04-04 04:08:27,713] {scheduler_job.py:639} INFO - DAG(s) dict_keys(['example_dag_decorator']) retrieved from /home/prathamesh/PycharmProjects/airflow-project/venv/lib/python3.8/site-packages/airflow/example_dags/example_dag_decorator.py
[2021-04-04 04:08:27,724] {logging_mixin.py:104} INFO - [2021-04-04 04:08:27,723] {dag.py:1818} INFO - Sync 1 DAGs
[2021-04-04 04:08:27,733] {logging_mixin.py:104} INFO - [2021-04-04 04:08:27,733] {dag.py:2273} INFO - Setting next_dagrun for example_dag_decorator to None
[2021-04-04 04:08:27,747] {scheduler_job.py:190} INFO - Processing /home/prathamesh/PycharmProjects/airflow-project/venv/lib/python3.8/site-packages/airflow/example_dags/example_dag_decorator.py took 0.053 seconds
[2021-04-04 04:08:58,523] {scheduler_job.py:182} INFO - Started process (PID=5049) to work on /home/prathamesh/PycharmProjects/airflow-project/venv/lib/python3.8/site-packages/airflow/example_dags/example_dag_decorator.py
[2021-04-04 04:08:58,525] {scheduler_job.py:629} INFO - Processing file /home/prathamesh/PycharmProjects/airflow-project/venv/lib/python3.8/site-packages/airflow/example_dags/example_dag_decorator.py for tasks to queue
[2021-04-04 04:08:58,525] {logging_mixin.py:104} INFO - [2021-04-04 04:08:58,525] {dagbag.py:448} INFO - Filling up the DagBag from /home/prathamesh/PycharmProjects/airflow-project/venv/lib/python3.8/site-packages/airflow/example_dags/example_dag_decorator.py
[2021-04-04 04:08:58,536] {scheduler_job.py:639} INFO - DAG(s) dict_keys(['example_dag_decorator']) retrieved from /home/prathamesh/PycharmProjects/airflow-project/venv/lib/python3.8/site-packages/airflow/example_dags/example_dag_decorator.py
[2021-04-04 04:08:58,553] {logging_mixin.py:104} INFO - [2021-04-04 04:08:58,553] {dag.py:1818} INFO - Sync 1 DAGs
[2021-04-04 04:08:58,560] {logging_mixin.py:104} INFO - [2021-04-04 04:08:58,560] {dag.py:2273} INFO - Setting next_dagrun for example_dag_decorator to None
[2021-04-04 04:08:58,574] {scheduler_job.py:190} INFO - Processing /home/prathamesh/PycharmProjects/airflow-project/venv/lib/python3.8/site-packages/airflow/example_dags/example_dag_decorator.py took 0.053 seconds
[2021-04-04 04:09:29,967] {scheduler_job.py:182} INFO - Started process (PID=5088) to work on /home/prathamesh/PycharmProjects/airflow-project/venv/lib/python3.8/site-packages/airflow/example_dags/example_dag_decorator.py
[2021-04-04 04:09:29,970] {scheduler_job.py:629} INFO - Processing file /home/prathamesh/PycharmProjects/airflow-project/venv/lib/python3.8/site-packages/airflow/example_dags/example_dag_decorator.py for tasks to queue
[2021-04-04 04:09:29,971] {logging_mixin.py:104} INFO - [2021-04-04 04:09:29,971] {dagbag.py:448} INFO - Filling up the DagBag from /home/prathamesh/PycharmProjects/airflow-project/venv/lib/python3.8/site-packages/airflow/example_dags/example_dag_decorator.py
[2021-04-04 04:09:29,980] {scheduler_job.py:639} INFO - DAG(s) dict_keys(['example_dag_decorator']) retrieved from /home/prathamesh/PycharmProjects/airflow-project/venv/lib/python3.8/site-packages/airflow/example_dags/example_dag_decorator.py
[2021-04-04 04:09:29,992] {logging_mixin.py:104} INFO - [2021-04-04 04:09:29,992] {dag.py:1818} INFO - Sync 1 DAGs
[2021-04-04 04:09:29,997] {logging_mixin.py:104} INFO - [2021-04-04 04:09:29,997] {dag.py:2273} INFO - Setting next_dagrun for example_dag_decorator to None
[2021-04-04 04:09:30,010] {scheduler_job.py:190} INFO - Processing /home/prathamesh/PycharmProjects/airflow-project/venv/lib/python3.8/site-packages/airflow/example_dags/example_dag_decorator.py took 0.046 seconds
[2021-04-04 04:10:00,297] {scheduler_job.py:182} INFO - Started process (PID=5122) to work on /home/prathamesh/PycharmProjects/airflow-project/venv/lib/python3.8/site-packages/airflow/example_dags/example_dag_decorator.py
[2021-04-04 04:10:00,307] {scheduler_job.py:629} INFO - Processing file /home/prathamesh/PycharmProjects/airflow-project/venv/lib/python3.8/site-packages/airflow/example_dags/example_dag_decorator.py for tasks to queue
[2021-04-04 04:10:00,307] {logging_mixin.py:104} INFO - [2021-04-04 04:10:00,307] {dagbag.py:448} INFO - Filling up the DagBag from /home/prathamesh/PycharmProjects/airflow-project/venv/lib/python3.8/site-packages/airflow/example_dags/example_dag_decorator.py
[2021-04-04 04:10:00,339] {scheduler_job.py:639} INFO - DAG(s) dict_keys(['example_dag_decorator']) retrieved from /home/prathamesh/PycharmProjects/airflow-project/venv/lib/python3.8/site-packages/airflow/example_dags/example_dag_decorator.py
[2021-04-04 04:10:00,381] {logging_mixin.py:104} INFO - [2021-04-04 04:10:00,370] {dag.py:1818} INFO - Sync 1 DAGs
[2021-04-04 04:10:00,388] {logging_mixin.py:104} INFO - [2021-04-04 04:10:00,388] {dag.py:2273} INFO - Setting next_dagrun for example_dag_decorator to None
[2021-04-04 04:10:00,417] {scheduler_job.py:190} INFO - Processing /home/prathamesh/PycharmProjects/airflow-project/venv/lib/python3.8/site-packages/airflow/example_dags/example_dag_decorator.py took 0.122 seconds
[2021-04-04 04:10:32,580] {scheduler_job.py:182} INFO - Started process (PID=5181) to work on /home/prathamesh/PycharmProjects/airflow-project/venv/lib/python3.8/site-packages/airflow/example_dags/example_dag_decorator.py
[2021-04-04 04:10:32,581] {scheduler_job.py:629} INFO - Processing file /home/prathamesh/PycharmProjects/airflow-project/venv/lib/python3.8/site-packages/airflow/example_dags/example_dag_decorator.py for tasks to queue
[2021-04-04 04:10:32,582] {logging_mixin.py:104} INFO - [2021-04-04 04:10:32,582] {dagbag.py:448} INFO - Filling up the DagBag from /home/prathamesh/PycharmProjects/airflow-project/venv/lib/python3.8/site-packages/airflow/example_dags/example_dag_decorator.py
[2021-04-04 04:10:32,593] {scheduler_job.py:639} INFO - DAG(s) dict_keys(['example_dag_decorator']) retrieved from /home/prathamesh/PycharmProjects/airflow-project/venv/lib/python3.8/site-packages/airflow/example_dags/example_dag_decorator.py
[2021-04-04 04:10:32,606] {logging_mixin.py:104} INFO - [2021-04-04 04:10:32,606] {dag.py:1818} INFO - Sync 1 DAGs
[2021-04-04 04:10:32,613] {logging_mixin.py:104} INFO - [2021-04-04 04:10:32,613] {dag.py:2273} INFO - Setting next_dagrun for example_dag_decorator to None
[2021-04-04 04:10:32,624] {scheduler_job.py:190} INFO - Processing /home/prathamesh/PycharmProjects/airflow-project/venv/lib/python3.8/site-packages/airflow/example_dags/example_dag_decorator.py took 0.051 seconds
[2021-04-04 04:11:03,361] {scheduler_job.py:182} INFO - Started process (PID=5211) to work on /home/prathamesh/PycharmProjects/airflow-project/venv/lib/python3.8/site-packages/airflow/example_dags/example_dag_decorator.py
[2021-04-04 04:11:03,362] {scheduler_job.py:629} INFO - Processing file /home/prathamesh/PycharmProjects/airflow-project/venv/lib/python3.8/site-packages/airflow/example_dags/example_dag_decorator.py for tasks to queue
[2021-04-04 04:11:03,362] {logging_mixin.py:104} INFO - [2021-04-04 04:11:03,362] {dagbag.py:448} INFO - Filling up the DagBag from /home/prathamesh/PycharmProjects/airflow-project/venv/lib/python3.8/site-packages/airflow/example_dags/example_dag_decorator.py
[2021-04-04 04:11:03,380] {scheduler_job.py:639} INFO - DAG(s) dict_keys(['example_dag_decorator']) retrieved from /home/prathamesh/PycharmProjects/airflow-project/venv/lib/python3.8/site-packages/airflow/example_dags/example_dag_decorator.py
[2021-04-04 04:11:03,401] {logging_mixin.py:104} INFO - [2021-04-04 04:11:03,400] {dag.py:1818} INFO - Sync 1 DAGs
[2021-04-04 04:11:03,414] {logging_mixin.py:104} INFO - [2021-04-04 04:11:03,414] {dag.py:2273} INFO - Setting next_dagrun for example_dag_decorator to None
[2021-04-04 04:11:03,433] {scheduler_job.py:190} INFO - Processing /home/prathamesh/PycharmProjects/airflow-project/venv/lib/python3.8/site-packages/airflow/example_dags/example_dag_decorator.py took 0.079 seconds
[2021-04-04 04:11:34,061] {scheduler_job.py:182} INFO - Started process (PID=5270) to work on /home/prathamesh/PycharmProjects/airflow-project/venv/lib/python3.8/site-packages/airflow/example_dags/example_dag_decorator.py
[2021-04-04 04:11:34,063] {scheduler_job.py:629} INFO - Processing file /home/prathamesh/PycharmProjects/airflow-project/venv/lib/python3.8/site-packages/airflow/example_dags/example_dag_decorator.py for tasks to queue
[2021-04-04 04:11:34,063] {logging_mixin.py:104} INFO - [2021-04-04 04:11:34,063] {dagbag.py:448} INFO - Filling up the DagBag from /home/prathamesh/PycharmProjects/airflow-project/venv/lib/python3.8/site-packages/airflow/example_dags/example_dag_decorator.py
[2021-04-04 04:11:34,101] {scheduler_job.py:639} INFO - DAG(s) dict_keys(['example_dag_decorator']) retrieved from /home/prathamesh/PycharmProjects/airflow-project/venv/lib/python3.8/site-packages/airflow/example_dags/example_dag_decorator.py
[2021-04-04 04:11:34,134] {logging_mixin.py:104} INFO - [2021-04-04 04:11:34,134] {dag.py:1818} INFO - Sync 1 DAGs
[2021-04-04 04:11:34,145] {logging_mixin.py:104} INFO - [2021-04-04 04:11:34,145] {dag.py:2273} INFO - Setting next_dagrun for example_dag_decorator to None
[2021-04-04 04:11:34,159] {scheduler_job.py:190} INFO - Processing /home/prathamesh/PycharmProjects/airflow-project/venv/lib/python3.8/site-packages/airflow/example_dags/example_dag_decorator.py took 0.109 seconds
[2021-04-04 04:12:04,387] {scheduler_job.py:182} INFO - Started process (PID=5306) to work on /home/prathamesh/PycharmProjects/airflow-project/venv/lib/python3.8/site-packages/airflow/example_dags/example_dag_decorator.py
[2021-04-04 04:12:04,387] {scheduler_job.py:629} INFO - Processing file /home/prathamesh/PycharmProjects/airflow-project/venv/lib/python3.8/site-packages/airflow/example_dags/example_dag_decorator.py for tasks to queue
[2021-04-04 04:12:04,388] {logging_mixin.py:104} INFO - [2021-04-04 04:12:04,388] {dagbag.py:448} INFO - Filling up the DagBag from /home/prathamesh/PycharmProjects/airflow-project/venv/lib/python3.8/site-packages/airflow/example_dags/example_dag_decorator.py
[2021-04-04 04:12:04,397] {scheduler_job.py:639} INFO - DAG(s) dict_keys(['example_dag_decorator']) retrieved from /home/prathamesh/PycharmProjects/airflow-project/venv/lib/python3.8/site-packages/airflow/example_dags/example_dag_decorator.py
[2021-04-04 04:12:04,409] {logging_mixin.py:104} INFO - [2021-04-04 04:12:04,409] {dag.py:1818} INFO - Sync 1 DAGs
[2021-04-04 04:12:04,414] {logging_mixin.py:104} INFO - [2021-04-04 04:12:04,414] {dag.py:2273} INFO - Setting next_dagrun for example_dag_decorator to None
[2021-04-04 04:12:04,427] {scheduler_job.py:190} INFO - Processing /home/prathamesh/PycharmProjects/airflow-project/venv/lib/python3.8/site-packages/airflow/example_dags/example_dag_decorator.py took 0.043 seconds
[2021-04-04 04:12:35,814] {scheduler_job.py:182} INFO - Started process (PID=5354) to work on /home/prathamesh/PycharmProjects/airflow-project/venv/lib/python3.8/site-packages/airflow/example_dags/example_dag_decorator.py
[2021-04-04 04:12:35,815] {scheduler_job.py:629} INFO - Processing file /home/prathamesh/PycharmProjects/airflow-project/venv/lib/python3.8/site-packages/airflow/example_dags/example_dag_decorator.py for tasks to queue
[2021-04-04 04:12:35,815] {logging_mixin.py:104} INFO - [2021-04-04 04:12:35,815] {dagbag.py:448} INFO - Filling up the DagBag from /home/prathamesh/PycharmProjects/airflow-project/venv/lib/python3.8/site-packages/airflow/example_dags/example_dag_decorator.py
[2021-04-04 04:12:35,825] {scheduler_job.py:639} INFO - DAG(s) dict_keys(['example_dag_decorator']) retrieved from /home/prathamesh/PycharmProjects/airflow-project/venv/lib/python3.8/site-packages/airflow/example_dags/example_dag_decorator.py
[2021-04-04 04:12:35,835] {logging_mixin.py:104} INFO - [2021-04-04 04:12:35,835] {dag.py:1818} INFO - Sync 1 DAGs
[2021-04-04 04:12:35,841] {logging_mixin.py:104} INFO - [2021-04-04 04:12:35,841] {dag.py:2273} INFO - Setting next_dagrun for example_dag_decorator to None
[2021-04-04 04:12:35,855] {scheduler_job.py:190} INFO - Processing /home/prathamesh/PycharmProjects/airflow-project/venv/lib/python3.8/site-packages/airflow/example_dags/example_dag_decorator.py took 0.043 seconds
[2021-04-04 16:21:44,220] {scheduler_job.py:182} INFO - Started process (PID=3464) to work on /home/prathamesh/PycharmProjects/airflow-project/venv/lib/python3.8/site-packages/airflow/example_dags/example_dag_decorator.py
[2021-04-04 16:21:44,236] {scheduler_job.py:629} INFO - Processing file /home/prathamesh/PycharmProjects/airflow-project/venv/lib/python3.8/site-packages/airflow/example_dags/example_dag_decorator.py for tasks to queue
[2021-04-04 16:21:44,236] {logging_mixin.py:104} INFO - [2021-04-04 16:21:44,236] {dagbag.py:448} INFO - Filling up the DagBag from /home/prathamesh/PycharmProjects/airflow-project/venv/lib/python3.8/site-packages/airflow/example_dags/example_dag_decorator.py
[2021-04-04 16:21:44,278] {scheduler_job.py:639} INFO - DAG(s) dict_keys(['example_dag_decorator']) retrieved from /home/prathamesh/PycharmProjects/airflow-project/venv/lib/python3.8/site-packages/airflow/example_dags/example_dag_decorator.py
[2021-04-04 16:21:44,296] {logging_mixin.py:104} INFO - [2021-04-04 16:21:44,296] {dag.py:1818} INFO - Sync 1 DAGs
[2021-04-04 16:21:44,303] {logging_mixin.py:104} INFO - [2021-04-04 16:21:44,303] {dag.py:2273} INFO - Setting next_dagrun for example_dag_decorator to None
[2021-04-04 16:21:44,323] {scheduler_job.py:190} INFO - Processing /home/prathamesh/PycharmProjects/airflow-project/venv/lib/python3.8/site-packages/airflow/example_dags/example_dag_decorator.py took 0.105 seconds
[2021-04-04 16:22:14,702] {scheduler_job.py:182} INFO - Started process (PID=3548) to work on /home/prathamesh/PycharmProjects/airflow-project/venv/lib/python3.8/site-packages/airflow/example_dags/example_dag_decorator.py
[2021-04-04 16:22:14,705] {scheduler_job.py:629} INFO - Processing file /home/prathamesh/PycharmProjects/airflow-project/venv/lib/python3.8/site-packages/airflow/example_dags/example_dag_decorator.py for tasks to queue
[2021-04-04 16:22:14,706] {logging_mixin.py:104} INFO - [2021-04-04 16:22:14,706] {dagbag.py:448} INFO - Filling up the DagBag from /home/prathamesh/PycharmProjects/airflow-project/venv/lib/python3.8/site-packages/airflow/example_dags/example_dag_decorator.py
[2021-04-04 16:22:14,719] {scheduler_job.py:639} INFO - DAG(s) dict_keys(['example_dag_decorator']) retrieved from /home/prathamesh/PycharmProjects/airflow-project/venv/lib/python3.8/site-packages/airflow/example_dags/example_dag_decorator.py
[2021-04-04 16:22:14,732] {logging_mixin.py:104} INFO - [2021-04-04 16:22:14,732] {dag.py:1818} INFO - Sync 1 DAGs
[2021-04-04 16:22:14,739] {logging_mixin.py:104} INFO - [2021-04-04 16:22:14,739] {dag.py:2273} INFO - Setting next_dagrun for example_dag_decorator to None
[2021-04-04 16:22:14,754] {scheduler_job.py:190} INFO - Processing /home/prathamesh/PycharmProjects/airflow-project/venv/lib/python3.8/site-packages/airflow/example_dags/example_dag_decorator.py took 0.056 seconds
[2021-04-04 16:22:45,237] {scheduler_job.py:182} INFO - Started process (PID=3575) to work on /home/prathamesh/PycharmProjects/airflow-project/venv/lib/python3.8/site-packages/airflow/example_dags/example_dag_decorator.py
[2021-04-04 16:22:45,238] {scheduler_job.py:629} INFO - Processing file /home/prathamesh/PycharmProjects/airflow-project/venv/lib/python3.8/site-packages/airflow/example_dags/example_dag_decorator.py for tasks to queue
[2021-04-04 16:22:45,238] {logging_mixin.py:104} INFO - [2021-04-04 16:22:45,238] {dagbag.py:448} INFO - Filling up the DagBag from /home/prathamesh/PycharmProjects/airflow-project/venv/lib/python3.8/site-packages/airflow/example_dags/example_dag_decorator.py
[2021-04-04 16:22:45,248] {scheduler_job.py:639} INFO - DAG(s) dict_keys(['example_dag_decorator']) retrieved from /home/prathamesh/PycharmProjects/airflow-project/venv/lib/python3.8/site-packages/airflow/example_dags/example_dag_decorator.py
[2021-04-04 16:22:45,260] {logging_mixin.py:104} INFO - [2021-04-04 16:22:45,260] {dag.py:1818} INFO - Sync 1 DAGs
[2021-04-04 16:22:45,267] {logging_mixin.py:104} INFO - [2021-04-04 16:22:45,267] {dag.py:2273} INFO - Setting next_dagrun for example_dag_decorator to None
[2021-04-04 16:22:45,284] {scheduler_job.py:190} INFO - Processing /home/prathamesh/PycharmProjects/airflow-project/venv/lib/python3.8/site-packages/airflow/example_dags/example_dag_decorator.py took 0.049 seconds
[2021-04-04 16:23:15,896] {scheduler_job.py:182} INFO - Started process (PID=3602) to work on /home/prathamesh/PycharmProjects/airflow-project/venv/lib/python3.8/site-packages/airflow/example_dags/example_dag_decorator.py
[2021-04-04 16:23:15,896] {scheduler_job.py:629} INFO - Processing file /home/prathamesh/PycharmProjects/airflow-project/venv/lib/python3.8/site-packages/airflow/example_dags/example_dag_decorator.py for tasks to queue
[2021-04-04 16:23:15,897] {logging_mixin.py:104} INFO - [2021-04-04 16:23:15,897] {dagbag.py:448} INFO - Filling up the DagBag from /home/prathamesh/PycharmProjects/airflow-project/venv/lib/python3.8/site-packages/airflow/example_dags/example_dag_decorator.py
[2021-04-04 16:23:15,907] {scheduler_job.py:639} INFO - DAG(s) dict_keys(['example_dag_decorator']) retrieved from /home/prathamesh/PycharmProjects/airflow-project/venv/lib/python3.8/site-packages/airflow/example_dags/example_dag_decorator.py
[2021-04-04 16:23:15,921] {logging_mixin.py:104} INFO - [2021-04-04 16:23:15,921] {dag.py:1818} INFO - Sync 1 DAGs
[2021-04-04 16:23:15,927] {logging_mixin.py:104} INFO - [2021-04-04 16:23:15,927] {dag.py:2273} INFO - Setting next_dagrun for example_dag_decorator to None
[2021-04-04 16:23:15,940] {scheduler_job.py:190} INFO - Processing /home/prathamesh/PycharmProjects/airflow-project/venv/lib/python3.8/site-packages/airflow/example_dags/example_dag_decorator.py took 0.047 seconds
