[2021-04-04 03:36:20,936] {scheduler_job.py:182} INFO - Started process (PID=3157) to work on /home/prathamesh/PycharmProjects/airflow-project/venv/lib/python3.8/site-packages/airflow/example_dags/example_latest_only.py
[2021-04-04 03:36:20,937] {scheduler_job.py:629} INFO - Processing file /home/prathamesh/PycharmProjects/airflow-project/venv/lib/python3.8/site-packages/airflow/example_dags/example_latest_only.py for tasks to queue
[2021-04-04 03:36:20,937] {logging_mixin.py:104} INFO - [2021-04-04 03:36:20,937] {dagbag.py:448} INFO - Filling up the DagBag from /home/prathamesh/PycharmProjects/airflow-project/venv/lib/python3.8/site-packages/airflow/example_dags/example_latest_only.py
[2021-04-04 03:36:21,019] {scheduler_job.py:639} INFO - DAG(s) dict_keys(['latest_only']) retrieved from /home/prathamesh/PycharmProjects/airflow-project/venv/lib/python3.8/site-packages/airflow/example_dags/example_latest_only.py
[2021-04-04 03:36:21,067] {logging_mixin.py:104} INFO - [2021-04-04 03:36:21,067] {dag.py:1818} INFO - Sync 1 DAGs
[2021-04-04 03:36:21,098] {logging_mixin.py:104} INFO - [2021-04-04 03:36:21,097] {dag.py:2273} INFO - Setting next_dagrun for latest_only to 2021-04-02 00:00:00+00:00
[2021-04-04 03:36:21,138] {scheduler_job.py:190} INFO - Processing /home/prathamesh/PycharmProjects/airflow-project/venv/lib/python3.8/site-packages/airflow/example_dags/example_latest_only.py took 0.204 seconds
[2021-04-04 03:36:51,717] {scheduler_job.py:182} INFO - Started process (PID=3231) to work on /home/prathamesh/PycharmProjects/airflow-project/venv/lib/python3.8/site-packages/airflow/example_dags/example_latest_only.py
[2021-04-04 03:36:51,725] {scheduler_job.py:629} INFO - Processing file /home/prathamesh/PycharmProjects/airflow-project/venv/lib/python3.8/site-packages/airflow/example_dags/example_latest_only.py for tasks to queue
[2021-04-04 03:36:51,725] {logging_mixin.py:104} INFO - [2021-04-04 03:36:51,725] {dagbag.py:448} INFO - Filling up the DagBag from /home/prathamesh/PycharmProjects/airflow-project/venv/lib/python3.8/site-packages/airflow/example_dags/example_latest_only.py
[2021-04-04 03:36:51,745] {scheduler_job.py:639} INFO - DAG(s) dict_keys(['latest_only']) retrieved from /home/prathamesh/PycharmProjects/airflow-project/venv/lib/python3.8/site-packages/airflow/example_dags/example_latest_only.py
[2021-04-04 03:36:51,753] {logging_mixin.py:104} INFO - [2021-04-04 03:36:51,752] {dag.py:1818} INFO - Sync 1 DAGs
[2021-04-04 03:36:51,762] {logging_mixin.py:104} INFO - [2021-04-04 03:36:51,762] {dag.py:2273} INFO - Setting next_dagrun for latest_only to 2021-04-02 00:00:00+00:00
[2021-04-04 03:36:51,774] {scheduler_job.py:190} INFO - Processing /home/prathamesh/PycharmProjects/airflow-project/venv/lib/python3.8/site-packages/airflow/example_dags/example_latest_only.py took 0.061 seconds
[2021-04-04 03:37:22,983] {scheduler_job.py:182} INFO - Started process (PID=3268) to work on /home/prathamesh/PycharmProjects/airflow-project/venv/lib/python3.8/site-packages/airflow/example_dags/example_latest_only.py
[2021-04-04 03:37:22,984] {scheduler_job.py:629} INFO - Processing file /home/prathamesh/PycharmProjects/airflow-project/venv/lib/python3.8/site-packages/airflow/example_dags/example_latest_only.py for tasks to queue
[2021-04-04 03:37:22,984] {logging_mixin.py:104} INFO - [2021-04-04 03:37:22,984] {dagbag.py:448} INFO - Filling up the DagBag from /home/prathamesh/PycharmProjects/airflow-project/venv/lib/python3.8/site-packages/airflow/example_dags/example_latest_only.py
[2021-04-04 03:37:22,993] {scheduler_job.py:639} INFO - DAG(s) dict_keys(['latest_only']) retrieved from /home/prathamesh/PycharmProjects/airflow-project/venv/lib/python3.8/site-packages/airflow/example_dags/example_latest_only.py
[2021-04-04 03:37:23,024] {logging_mixin.py:104} INFO - [2021-04-04 03:37:23,023] {dag.py:1818} INFO - Sync 1 DAGs
[2021-04-04 03:37:23,044] {logging_mixin.py:104} INFO - [2021-04-04 03:37:23,044] {dag.py:2273} INFO - Setting next_dagrun for latest_only to 2021-04-02 00:00:00+00:00
[2021-04-04 03:37:23,049] {scheduler_job.py:190} INFO - Processing /home/prathamesh/PycharmProjects/airflow-project/venv/lib/python3.8/site-packages/airflow/example_dags/example_latest_only.py took 0.068 seconds
[2021-04-04 03:37:53,367] {scheduler_job.py:182} INFO - Started process (PID=3298) to work on /home/prathamesh/PycharmProjects/airflow-project/venv/lib/python3.8/site-packages/airflow/example_dags/example_latest_only.py
[2021-04-04 03:37:53,368] {scheduler_job.py:629} INFO - Processing file /home/prathamesh/PycharmProjects/airflow-project/venv/lib/python3.8/site-packages/airflow/example_dags/example_latest_only.py for tasks to queue
[2021-04-04 03:37:53,368] {logging_mixin.py:104} INFO - [2021-04-04 03:37:53,368] {dagbag.py:448} INFO - Filling up the DagBag from /home/prathamesh/PycharmProjects/airflow-project/venv/lib/python3.8/site-packages/airflow/example_dags/example_latest_only.py
[2021-04-04 03:37:53,379] {scheduler_job.py:639} INFO - DAG(s) dict_keys(['latest_only']) retrieved from /home/prathamesh/PycharmProjects/airflow-project/venv/lib/python3.8/site-packages/airflow/example_dags/example_latest_only.py
[2021-04-04 03:37:53,388] {logging_mixin.py:104} INFO - [2021-04-04 03:37:53,388] {dag.py:1818} INFO - Sync 1 DAGs
[2021-04-04 03:37:53,397] {logging_mixin.py:104} INFO - [2021-04-04 03:37:53,397] {dag.py:2273} INFO - Setting next_dagrun for latest_only to 2021-04-02 00:00:00+00:00
[2021-04-04 03:37:53,401] {scheduler_job.py:190} INFO - Processing /home/prathamesh/PycharmProjects/airflow-project/venv/lib/python3.8/site-packages/airflow/example_dags/example_latest_only.py took 0.036 seconds
[2021-04-04 03:38:23,987] {scheduler_job.py:182} INFO - Started process (PID=3326) to work on /home/prathamesh/PycharmProjects/airflow-project/venv/lib/python3.8/site-packages/airflow/example_dags/example_latest_only.py
[2021-04-04 03:38:23,988] {scheduler_job.py:629} INFO - Processing file /home/prathamesh/PycharmProjects/airflow-project/venv/lib/python3.8/site-packages/airflow/example_dags/example_latest_only.py for tasks to queue
[2021-04-04 03:38:23,988] {logging_mixin.py:104} INFO - [2021-04-04 03:38:23,988] {dagbag.py:448} INFO - Filling up the DagBag from /home/prathamesh/PycharmProjects/airflow-project/venv/lib/python3.8/site-packages/airflow/example_dags/example_latest_only.py
[2021-04-04 03:38:23,996] {scheduler_job.py:639} INFO - DAG(s) dict_keys(['latest_only']) retrieved from /home/prathamesh/PycharmProjects/airflow-project/venv/lib/python3.8/site-packages/airflow/example_dags/example_latest_only.py
[2021-04-04 03:38:24,008] {logging_mixin.py:104} INFO - [2021-04-04 03:38:24,008] {dag.py:1818} INFO - Sync 1 DAGs
[2021-04-04 03:38:24,027] {logging_mixin.py:104} INFO - [2021-04-04 03:38:24,027] {dag.py:2273} INFO - Setting next_dagrun for latest_only to 2021-04-02 00:00:00+00:00
[2021-04-04 03:38:24,032] {scheduler_job.py:190} INFO - Processing /home/prathamesh/PycharmProjects/airflow-project/venv/lib/python3.8/site-packages/airflow/example_dags/example_latest_only.py took 0.048 seconds
[2021-04-04 03:38:57,088] {scheduler_job.py:182} INFO - Started process (PID=3370) to work on /home/prathamesh/PycharmProjects/airflow-project/venv/lib/python3.8/site-packages/airflow/example_dags/example_latest_only.py
[2021-04-04 03:38:57,089] {scheduler_job.py:629} INFO - Processing file /home/prathamesh/PycharmProjects/airflow-project/venv/lib/python3.8/site-packages/airflow/example_dags/example_latest_only.py for tasks to queue
[2021-04-04 03:38:57,089] {logging_mixin.py:104} INFO - [2021-04-04 03:38:57,089] {dagbag.py:448} INFO - Filling up the DagBag from /home/prathamesh/PycharmProjects/airflow-project/venv/lib/python3.8/site-packages/airflow/example_dags/example_latest_only.py
[2021-04-04 03:38:57,097] {scheduler_job.py:639} INFO - DAG(s) dict_keys(['latest_only']) retrieved from /home/prathamesh/PycharmProjects/airflow-project/venv/lib/python3.8/site-packages/airflow/example_dags/example_latest_only.py
[2021-04-04 03:38:57,107] {logging_mixin.py:104} INFO - [2021-04-04 03:38:57,107] {dag.py:1818} INFO - Sync 1 DAGs
[2021-04-04 03:38:57,117] {logging_mixin.py:104} INFO - [2021-04-04 03:38:57,117] {dag.py:2273} INFO - Setting next_dagrun for latest_only to 2021-04-02 00:00:00+00:00
[2021-04-04 03:38:57,124] {scheduler_job.py:190} INFO - Processing /home/prathamesh/PycharmProjects/airflow-project/venv/lib/python3.8/site-packages/airflow/example_dags/example_latest_only.py took 0.040 seconds
[2021-04-04 03:39:27,365] {scheduler_job.py:182} INFO - Started process (PID=3400) to work on /home/prathamesh/PycharmProjects/airflow-project/venv/lib/python3.8/site-packages/airflow/example_dags/example_latest_only.py
[2021-04-04 03:39:27,366] {scheduler_job.py:629} INFO - Processing file /home/prathamesh/PycharmProjects/airflow-project/venv/lib/python3.8/site-packages/airflow/example_dags/example_latest_only.py for tasks to queue
[2021-04-04 03:39:27,367] {logging_mixin.py:104} INFO - [2021-04-04 03:39:27,366] {dagbag.py:448} INFO - Filling up the DagBag from /home/prathamesh/PycharmProjects/airflow-project/venv/lib/python3.8/site-packages/airflow/example_dags/example_latest_only.py
[2021-04-04 03:39:27,379] {scheduler_job.py:639} INFO - DAG(s) dict_keys(['latest_only']) retrieved from /home/prathamesh/PycharmProjects/airflow-project/venv/lib/python3.8/site-packages/airflow/example_dags/example_latest_only.py
[2021-04-04 03:39:27,406] {logging_mixin.py:104} INFO - [2021-04-04 03:39:27,406] {dag.py:1818} INFO - Sync 1 DAGs
[2021-04-04 03:39:27,437] {logging_mixin.py:104} INFO - [2021-04-04 03:39:27,433] {dag.py:2273} INFO - Setting next_dagrun for latest_only to 2021-04-02 00:00:00+00:00
[2021-04-04 03:39:27,453] {scheduler_job.py:190} INFO - Processing /home/prathamesh/PycharmProjects/airflow-project/venv/lib/python3.8/site-packages/airflow/example_dags/example_latest_only.py took 0.092 seconds
[2021-04-04 03:39:57,886] {scheduler_job.py:182} INFO - Started process (PID=3431) to work on /home/prathamesh/PycharmProjects/airflow-project/venv/lib/python3.8/site-packages/airflow/example_dags/example_latest_only.py
[2021-04-04 03:39:57,899] {scheduler_job.py:629} INFO - Processing file /home/prathamesh/PycharmProjects/airflow-project/venv/lib/python3.8/site-packages/airflow/example_dags/example_latest_only.py for tasks to queue
[2021-04-04 03:39:57,899] {logging_mixin.py:104} INFO - [2021-04-04 03:39:57,899] {dagbag.py:448} INFO - Filling up the DagBag from /home/prathamesh/PycharmProjects/airflow-project/venv/lib/python3.8/site-packages/airflow/example_dags/example_latest_only.py
[2021-04-04 03:39:57,905] {scheduler_job.py:639} INFO - DAG(s) dict_keys(['latest_only']) retrieved from /home/prathamesh/PycharmProjects/airflow-project/venv/lib/python3.8/site-packages/airflow/example_dags/example_latest_only.py
[2021-04-04 03:39:57,940] {logging_mixin.py:104} INFO - [2021-04-04 03:39:57,940] {dag.py:1818} INFO - Sync 1 DAGs
[2021-04-04 03:39:57,963] {logging_mixin.py:104} INFO - [2021-04-04 03:39:57,963] {dag.py:2273} INFO - Setting next_dagrun for latest_only to 2021-04-02 00:00:00+00:00
[2021-04-04 03:39:57,968] {scheduler_job.py:190} INFO - Processing /home/prathamesh/PycharmProjects/airflow-project/venv/lib/python3.8/site-packages/airflow/example_dags/example_latest_only.py took 0.087 seconds
[2021-04-04 03:40:31,561] {scheduler_job.py:182} INFO - Started process (PID=3460) to work on /home/prathamesh/PycharmProjects/airflow-project/venv/lib/python3.8/site-packages/airflow/example_dags/example_latest_only.py
[2021-04-04 03:40:31,562] {scheduler_job.py:629} INFO - Processing file /home/prathamesh/PycharmProjects/airflow-project/venv/lib/python3.8/site-packages/airflow/example_dags/example_latest_only.py for tasks to queue
[2021-04-04 03:40:31,563] {logging_mixin.py:104} INFO - [2021-04-04 03:40:31,562] {dagbag.py:448} INFO - Filling up the DagBag from /home/prathamesh/PycharmProjects/airflow-project/venv/lib/python3.8/site-packages/airflow/example_dags/example_latest_only.py
[2021-04-04 03:40:31,583] {scheduler_job.py:639} INFO - DAG(s) dict_keys(['latest_only']) retrieved from /home/prathamesh/PycharmProjects/airflow-project/venv/lib/python3.8/site-packages/airflow/example_dags/example_latest_only.py
[2021-04-04 03:40:31,607] {logging_mixin.py:104} INFO - [2021-04-04 03:40:31,607] {dag.py:1818} INFO - Sync 1 DAGs
[2021-04-04 03:40:31,617] {logging_mixin.py:104} INFO - [2021-04-04 03:40:31,617] {dag.py:2273} INFO - Setting next_dagrun for latest_only to 2021-04-02 00:00:00+00:00
[2021-04-04 03:40:31,636] {scheduler_job.py:190} INFO - Processing /home/prathamesh/PycharmProjects/airflow-project/venv/lib/python3.8/site-packages/airflow/example_dags/example_latest_only.py took 0.091 seconds
[2021-04-04 03:41:02,771] {scheduler_job.py:182} INFO - Started process (PID=3506) to work on /home/prathamesh/PycharmProjects/airflow-project/venv/lib/python3.8/site-packages/airflow/example_dags/example_latest_only.py
[2021-04-04 03:41:02,778] {scheduler_job.py:629} INFO - Processing file /home/prathamesh/PycharmProjects/airflow-project/venv/lib/python3.8/site-packages/airflow/example_dags/example_latest_only.py for tasks to queue
[2021-04-04 03:41:02,779] {logging_mixin.py:104} INFO - [2021-04-04 03:41:02,779] {dagbag.py:448} INFO - Filling up the DagBag from /home/prathamesh/PycharmProjects/airflow-project/venv/lib/python3.8/site-packages/airflow/example_dags/example_latest_only.py
[2021-04-04 03:41:02,784] {scheduler_job.py:639} INFO - DAG(s) dict_keys(['latest_only']) retrieved from /home/prathamesh/PycharmProjects/airflow-project/venv/lib/python3.8/site-packages/airflow/example_dags/example_latest_only.py
[2021-04-04 03:41:02,805] {logging_mixin.py:104} INFO - [2021-04-04 03:41:02,805] {dag.py:1818} INFO - Sync 1 DAGs
[2021-04-04 03:41:02,834] {logging_mixin.py:104} INFO - [2021-04-04 03:41:02,834] {dag.py:2273} INFO - Setting next_dagrun for latest_only to 2021-04-02 00:00:00+00:00
[2021-04-04 03:41:02,838] {scheduler_job.py:190} INFO - Processing /home/prathamesh/PycharmProjects/airflow-project/venv/lib/python3.8/site-packages/airflow/example_dags/example_latest_only.py took 0.069 seconds
[2021-04-04 03:41:34,992] {scheduler_job.py:182} INFO - Started process (PID=3566) to work on /home/prathamesh/PycharmProjects/airflow-project/venv/lib/python3.8/site-packages/airflow/example_dags/example_latest_only.py
[2021-04-04 03:41:34,993] {scheduler_job.py:629} INFO - Processing file /home/prathamesh/PycharmProjects/airflow-project/venv/lib/python3.8/site-packages/airflow/example_dags/example_latest_only.py for tasks to queue
[2021-04-04 03:41:34,993] {logging_mixin.py:104} INFO - [2021-04-04 03:41:34,993] {dagbag.py:448} INFO - Filling up the DagBag from /home/prathamesh/PycharmProjects/airflow-project/venv/lib/python3.8/site-packages/airflow/example_dags/example_latest_only.py
[2021-04-04 03:41:35,023] {scheduler_job.py:639} INFO - DAG(s) dict_keys(['latest_only']) retrieved from /home/prathamesh/PycharmProjects/airflow-project/venv/lib/python3.8/site-packages/airflow/example_dags/example_latest_only.py
[2021-04-04 03:41:35,048] {logging_mixin.py:104} INFO - [2021-04-04 03:41:35,048] {dag.py:1818} INFO - Sync 1 DAGs
[2021-04-04 03:41:35,070] {logging_mixin.py:104} INFO - [2021-04-04 03:41:35,070] {dag.py:2273} INFO - Setting next_dagrun for latest_only to 2021-04-02 00:00:00+00:00
[2021-04-04 03:41:35,087] {scheduler_job.py:190} INFO - Processing /home/prathamesh/PycharmProjects/airflow-project/venv/lib/python3.8/site-packages/airflow/example_dags/example_latest_only.py took 0.097 seconds
[2021-04-04 03:42:05,435] {scheduler_job.py:182} INFO - Started process (PID=3594) to work on /home/prathamesh/PycharmProjects/airflow-project/venv/lib/python3.8/site-packages/airflow/example_dags/example_latest_only.py
[2021-04-04 03:42:05,437] {scheduler_job.py:629} INFO - Processing file /home/prathamesh/PycharmProjects/airflow-project/venv/lib/python3.8/site-packages/airflow/example_dags/example_latest_only.py for tasks to queue
[2021-04-04 03:42:05,437] {logging_mixin.py:104} INFO - [2021-04-04 03:42:05,437] {dagbag.py:448} INFO - Filling up the DagBag from /home/prathamesh/PycharmProjects/airflow-project/venv/lib/python3.8/site-packages/airflow/example_dags/example_latest_only.py
[2021-04-04 03:42:05,444] {scheduler_job.py:639} INFO - DAG(s) dict_keys(['latest_only']) retrieved from /home/prathamesh/PycharmProjects/airflow-project/venv/lib/python3.8/site-packages/airflow/example_dags/example_latest_only.py
[2021-04-04 03:42:05,456] {logging_mixin.py:104} INFO - [2021-04-04 03:42:05,456] {dag.py:1818} INFO - Sync 1 DAGs
[2021-04-04 03:42:05,466] {logging_mixin.py:104} INFO - [2021-04-04 03:42:05,466] {dag.py:2273} INFO - Setting next_dagrun for latest_only to 2021-04-02 00:00:00+00:00
[2021-04-04 03:42:05,471] {scheduler_job.py:190} INFO - Processing /home/prathamesh/PycharmProjects/airflow-project/venv/lib/python3.8/site-packages/airflow/example_dags/example_latest_only.py took 0.038 seconds
[2021-04-04 03:42:37,380] {scheduler_job.py:182} INFO - Started process (PID=3634) to work on /home/prathamesh/PycharmProjects/airflow-project/venv/lib/python3.8/site-packages/airflow/example_dags/example_latest_only.py
[2021-04-04 03:42:37,384] {scheduler_job.py:629} INFO - Processing file /home/prathamesh/PycharmProjects/airflow-project/venv/lib/python3.8/site-packages/airflow/example_dags/example_latest_only.py for tasks to queue
[2021-04-04 03:42:37,385] {logging_mixin.py:104} INFO - [2021-04-04 03:42:37,385] {dagbag.py:448} INFO - Filling up the DagBag from /home/prathamesh/PycharmProjects/airflow-project/venv/lib/python3.8/site-packages/airflow/example_dags/example_latest_only.py
[2021-04-04 03:42:37,396] {scheduler_job.py:639} INFO - DAG(s) dict_keys(['latest_only']) retrieved from /home/prathamesh/PycharmProjects/airflow-project/venv/lib/python3.8/site-packages/airflow/example_dags/example_latest_only.py
[2021-04-04 03:42:37,407] {logging_mixin.py:104} INFO - [2021-04-04 03:42:37,407] {dag.py:1818} INFO - Sync 1 DAGs
[2021-04-04 03:42:37,423] {logging_mixin.py:104} INFO - [2021-04-04 03:42:37,423] {dag.py:2273} INFO - Setting next_dagrun for latest_only to 2021-04-02 00:00:00+00:00
[2021-04-04 03:42:37,432] {scheduler_job.py:190} INFO - Processing /home/prathamesh/PycharmProjects/airflow-project/venv/lib/python3.8/site-packages/airflow/example_dags/example_latest_only.py took 0.056 seconds
[2021-04-04 03:43:08,202] {scheduler_job.py:182} INFO - Started process (PID=3672) to work on /home/prathamesh/PycharmProjects/airflow-project/venv/lib/python3.8/site-packages/airflow/example_dags/example_latest_only.py
[2021-04-04 03:43:08,203] {scheduler_job.py:629} INFO - Processing file /home/prathamesh/PycharmProjects/airflow-project/venv/lib/python3.8/site-packages/airflow/example_dags/example_latest_only.py for tasks to queue
[2021-04-04 03:43:08,204] {logging_mixin.py:104} INFO - [2021-04-04 03:43:08,204] {dagbag.py:448} INFO - Filling up the DagBag from /home/prathamesh/PycharmProjects/airflow-project/venv/lib/python3.8/site-packages/airflow/example_dags/example_latest_only.py
[2021-04-04 03:43:08,212] {scheduler_job.py:639} INFO - DAG(s) dict_keys(['latest_only']) retrieved from /home/prathamesh/PycharmProjects/airflow-project/venv/lib/python3.8/site-packages/airflow/example_dags/example_latest_only.py
[2021-04-04 03:43:08,221] {logging_mixin.py:104} INFO - [2021-04-04 03:43:08,221] {dag.py:1818} INFO - Sync 1 DAGs
[2021-04-04 03:43:08,236] {logging_mixin.py:104} INFO - [2021-04-04 03:43:08,235] {dag.py:2273} INFO - Setting next_dagrun for latest_only to 2021-04-02 00:00:00+00:00
[2021-04-04 03:43:08,242] {scheduler_job.py:190} INFO - Processing /home/prathamesh/PycharmProjects/airflow-project/venv/lib/python3.8/site-packages/airflow/example_dags/example_latest_only.py took 0.043 seconds
[2021-04-04 03:43:38,752] {scheduler_job.py:182} INFO - Started process (PID=3714) to work on /home/prathamesh/PycharmProjects/airflow-project/venv/lib/python3.8/site-packages/airflow/example_dags/example_latest_only.py
[2021-04-04 03:43:38,753] {scheduler_job.py:629} INFO - Processing file /home/prathamesh/PycharmProjects/airflow-project/venv/lib/python3.8/site-packages/airflow/example_dags/example_latest_only.py for tasks to queue
[2021-04-04 03:43:38,753] {logging_mixin.py:104} INFO - [2021-04-04 03:43:38,753] {dagbag.py:448} INFO - Filling up the DagBag from /home/prathamesh/PycharmProjects/airflow-project/venv/lib/python3.8/site-packages/airflow/example_dags/example_latest_only.py
[2021-04-04 03:43:38,777] {scheduler_job.py:639} INFO - DAG(s) dict_keys(['latest_only']) retrieved from /home/prathamesh/PycharmProjects/airflow-project/venv/lib/python3.8/site-packages/airflow/example_dags/example_latest_only.py
[2021-04-04 03:43:38,786] {logging_mixin.py:104} INFO - [2021-04-04 03:43:38,786] {dag.py:1818} INFO - Sync 1 DAGs
[2021-04-04 03:43:38,796] {logging_mixin.py:104} INFO - [2021-04-04 03:43:38,796] {dag.py:2273} INFO - Setting next_dagrun for latest_only to 2021-04-02 00:00:00+00:00
[2021-04-04 03:43:38,801] {scheduler_job.py:190} INFO - Processing /home/prathamesh/PycharmProjects/airflow-project/venv/lib/python3.8/site-packages/airflow/example_dags/example_latest_only.py took 0.056 seconds
[2021-04-04 03:44:09,286] {scheduler_job.py:182} INFO - Started process (PID=3745) to work on /home/prathamesh/PycharmProjects/airflow-project/venv/lib/python3.8/site-packages/airflow/example_dags/example_latest_only.py
[2021-04-04 03:44:09,287] {scheduler_job.py:629} INFO - Processing file /home/prathamesh/PycharmProjects/airflow-project/venv/lib/python3.8/site-packages/airflow/example_dags/example_latest_only.py for tasks to queue
[2021-04-04 03:44:09,287] {logging_mixin.py:104} INFO - [2021-04-04 03:44:09,287] {dagbag.py:448} INFO - Filling up the DagBag from /home/prathamesh/PycharmProjects/airflow-project/venv/lib/python3.8/site-packages/airflow/example_dags/example_latest_only.py
[2021-04-04 03:44:09,296] {scheduler_job.py:639} INFO - DAG(s) dict_keys(['latest_only']) retrieved from /home/prathamesh/PycharmProjects/airflow-project/venv/lib/python3.8/site-packages/airflow/example_dags/example_latest_only.py
[2021-04-04 03:44:09,303] {logging_mixin.py:104} INFO - [2021-04-04 03:44:09,303] {dag.py:1818} INFO - Sync 1 DAGs
[2021-04-04 03:44:09,310] {logging_mixin.py:104} INFO - [2021-04-04 03:44:09,310] {dag.py:2273} INFO - Setting next_dagrun for latest_only to 2021-04-02 00:00:00+00:00
[2021-04-04 03:44:09,314] {scheduler_job.py:190} INFO - Processing /home/prathamesh/PycharmProjects/airflow-project/venv/lib/python3.8/site-packages/airflow/example_dags/example_latest_only.py took 0.030 seconds
[2021-04-04 03:44:39,626] {scheduler_job.py:182} INFO - Started process (PID=3773) to work on /home/prathamesh/PycharmProjects/airflow-project/venv/lib/python3.8/site-packages/airflow/example_dags/example_latest_only.py
[2021-04-04 03:44:39,628] {scheduler_job.py:629} INFO - Processing file /home/prathamesh/PycharmProjects/airflow-project/venv/lib/python3.8/site-packages/airflow/example_dags/example_latest_only.py for tasks to queue
[2021-04-04 03:44:39,641] {logging_mixin.py:104} INFO - [2021-04-04 03:44:39,640] {dagbag.py:448} INFO - Filling up the DagBag from /home/prathamesh/PycharmProjects/airflow-project/venv/lib/python3.8/site-packages/airflow/example_dags/example_latest_only.py
[2021-04-04 03:44:39,689] {scheduler_job.py:639} INFO - DAG(s) dict_keys(['latest_only']) retrieved from /home/prathamesh/PycharmProjects/airflow-project/venv/lib/python3.8/site-packages/airflow/example_dags/example_latest_only.py
[2021-04-04 03:44:39,725] {logging_mixin.py:104} INFO - [2021-04-04 03:44:39,725] {dag.py:1818} INFO - Sync 1 DAGs
[2021-04-04 03:44:39,734] {logging_mixin.py:104} INFO - [2021-04-04 03:44:39,734] {dag.py:2273} INFO - Setting next_dagrun for latest_only to 2021-04-02 00:00:00+00:00
[2021-04-04 03:44:39,749] {scheduler_job.py:190} INFO - Processing /home/prathamesh/PycharmProjects/airflow-project/venv/lib/python3.8/site-packages/airflow/example_dags/example_latest_only.py took 0.127 seconds
[2021-04-04 03:45:10,463] {scheduler_job.py:182} INFO - Started process (PID=3897) to work on /home/prathamesh/PycharmProjects/airflow-project/venv/lib/python3.8/site-packages/airflow/example_dags/example_latest_only.py
[2021-04-04 03:45:10,465] {scheduler_job.py:629} INFO - Processing file /home/prathamesh/PycharmProjects/airflow-project/venv/lib/python3.8/site-packages/airflow/example_dags/example_latest_only.py for tasks to queue
[2021-04-04 03:45:10,468] {logging_mixin.py:104} INFO - [2021-04-04 03:45:10,468] {dagbag.py:448} INFO - Filling up the DagBag from /home/prathamesh/PycharmProjects/airflow-project/venv/lib/python3.8/site-packages/airflow/example_dags/example_latest_only.py
[2021-04-04 03:45:10,475] {scheduler_job.py:639} INFO - DAG(s) dict_keys(['latest_only']) retrieved from /home/prathamesh/PycharmProjects/airflow-project/venv/lib/python3.8/site-packages/airflow/example_dags/example_latest_only.py
[2021-04-04 03:45:10,484] {logging_mixin.py:104} INFO - [2021-04-04 03:45:10,484] {dag.py:1818} INFO - Sync 1 DAGs
[2021-04-04 03:45:10,494] {logging_mixin.py:104} INFO - [2021-04-04 03:45:10,494] {dag.py:2273} INFO - Setting next_dagrun for latest_only to 2021-04-02 00:00:00+00:00
[2021-04-04 03:45:10,499] {scheduler_job.py:190} INFO - Processing /home/prathamesh/PycharmProjects/airflow-project/venv/lib/python3.8/site-packages/airflow/example_dags/example_latest_only.py took 0.039 seconds
[2021-04-04 03:53:59,318] {scheduler_job.py:182} INFO - Started process (PID=4524) to work on /home/prathamesh/PycharmProjects/airflow-project/venv/lib/python3.8/site-packages/airflow/example_dags/example_latest_only.py
[2021-04-04 03:53:59,352] {scheduler_job.py:629} INFO - Processing file /home/prathamesh/PycharmProjects/airflow-project/venv/lib/python3.8/site-packages/airflow/example_dags/example_latest_only.py for tasks to queue
[2021-04-04 03:53:59,353] {logging_mixin.py:104} INFO - [2021-04-04 03:53:59,353] {dagbag.py:448} INFO - Filling up the DagBag from /home/prathamesh/PycharmProjects/airflow-project/venv/lib/python3.8/site-packages/airflow/example_dags/example_latest_only.py
[2021-04-04 03:53:59,404] {scheduler_job.py:639} INFO - DAG(s) dict_keys(['latest_only']) retrieved from /home/prathamesh/PycharmProjects/airflow-project/venv/lib/python3.8/site-packages/airflow/example_dags/example_latest_only.py
[2021-04-04 03:53:59,411] {logging_mixin.py:104} INFO - [2021-04-04 03:53:59,411] {dag.py:1818} INFO - Sync 1 DAGs
[2021-04-04 03:53:59,472] {logging_mixin.py:104} INFO - [2021-04-04 03:53:59,472] {dag.py:2273} INFO - Setting next_dagrun for latest_only to 2021-04-02 00:00:00+00:00
[2021-04-04 03:53:59,476] {scheduler_job.py:190} INFO - Processing /home/prathamesh/PycharmProjects/airflow-project/venv/lib/python3.8/site-packages/airflow/example_dags/example_latest_only.py took 0.161 seconds
[2021-04-04 03:54:30,284] {scheduler_job.py:182} INFO - Started process (PID=4562) to work on /home/prathamesh/PycharmProjects/airflow-project/venv/lib/python3.8/site-packages/airflow/example_dags/example_latest_only.py
[2021-04-04 03:54:30,284] {scheduler_job.py:629} INFO - Processing file /home/prathamesh/PycharmProjects/airflow-project/venv/lib/python3.8/site-packages/airflow/example_dags/example_latest_only.py for tasks to queue
[2021-04-04 03:54:30,285] {logging_mixin.py:104} INFO - [2021-04-04 03:54:30,285] {dagbag.py:448} INFO - Filling up the DagBag from /home/prathamesh/PycharmProjects/airflow-project/venv/lib/python3.8/site-packages/airflow/example_dags/example_latest_only.py
[2021-04-04 03:54:30,291] {scheduler_job.py:639} INFO - DAG(s) dict_keys(['latest_only']) retrieved from /home/prathamesh/PycharmProjects/airflow-project/venv/lib/python3.8/site-packages/airflow/example_dags/example_latest_only.py
[2021-04-04 03:54:30,303] {logging_mixin.py:104} INFO - [2021-04-04 03:54:30,303] {dag.py:1818} INFO - Sync 1 DAGs
[2021-04-04 03:54:30,310] {logging_mixin.py:104} INFO - [2021-04-04 03:54:30,310] {dag.py:2273} INFO - Setting next_dagrun for latest_only to 2021-04-02 00:00:00+00:00
[2021-04-04 03:54:30,317] {scheduler_job.py:190} INFO - Processing /home/prathamesh/PycharmProjects/airflow-project/venv/lib/python3.8/site-packages/airflow/example_dags/example_latest_only.py took 0.036 seconds
[2021-04-04 03:55:00,451] {scheduler_job.py:182} INFO - Started process (PID=4590) to work on /home/prathamesh/PycharmProjects/airflow-project/venv/lib/python3.8/site-packages/airflow/example_dags/example_latest_only.py
[2021-04-04 03:55:00,452] {scheduler_job.py:629} INFO - Processing file /home/prathamesh/PycharmProjects/airflow-project/venv/lib/python3.8/site-packages/airflow/example_dags/example_latest_only.py for tasks to queue
[2021-04-04 03:55:00,453] {logging_mixin.py:104} INFO - [2021-04-04 03:55:00,453] {dagbag.py:448} INFO - Filling up the DagBag from /home/prathamesh/PycharmProjects/airflow-project/venv/lib/python3.8/site-packages/airflow/example_dags/example_latest_only.py
[2021-04-04 03:55:00,459] {scheduler_job.py:639} INFO - DAG(s) dict_keys(['latest_only']) retrieved from /home/prathamesh/PycharmProjects/airflow-project/venv/lib/python3.8/site-packages/airflow/example_dags/example_latest_only.py
[2021-04-04 03:55:00,471] {logging_mixin.py:104} INFO - [2021-04-04 03:55:00,471] {dag.py:1818} INFO - Sync 1 DAGs
[2021-04-04 03:55:00,480] {logging_mixin.py:104} INFO - [2021-04-04 03:55:00,480] {dag.py:2273} INFO - Setting next_dagrun for latest_only to 2021-04-02 00:00:00+00:00
[2021-04-04 03:55:00,486] {scheduler_job.py:190} INFO - Processing /home/prathamesh/PycharmProjects/airflow-project/venv/lib/python3.8/site-packages/airflow/example_dags/example_latest_only.py took 0.037 seconds
[2021-04-04 03:55:32,111] {scheduler_job.py:182} INFO - Started process (PID=4622) to work on /home/prathamesh/PycharmProjects/airflow-project/venv/lib/python3.8/site-packages/airflow/example_dags/example_latest_only.py
[2021-04-04 03:55:32,111] {scheduler_job.py:629} INFO - Processing file /home/prathamesh/PycharmProjects/airflow-project/venv/lib/python3.8/site-packages/airflow/example_dags/example_latest_only.py for tasks to queue
[2021-04-04 03:55:32,112] {logging_mixin.py:104} INFO - [2021-04-04 03:55:32,112] {dagbag.py:448} INFO - Filling up the DagBag from /home/prathamesh/PycharmProjects/airflow-project/venv/lib/python3.8/site-packages/airflow/example_dags/example_latest_only.py
[2021-04-04 03:55:32,120] {scheduler_job.py:639} INFO - DAG(s) dict_keys(['latest_only']) retrieved from /home/prathamesh/PycharmProjects/airflow-project/venv/lib/python3.8/site-packages/airflow/example_dags/example_latest_only.py
[2021-04-04 03:55:32,139] {logging_mixin.py:104} INFO - [2021-04-04 03:55:32,139] {dag.py:1818} INFO - Sync 1 DAGs
[2021-04-04 03:55:32,156] {logging_mixin.py:104} INFO - [2021-04-04 03:55:32,156] {dag.py:2273} INFO - Setting next_dagrun for latest_only to 2021-04-02 00:00:00+00:00
[2021-04-04 03:55:32,160] {scheduler_job.py:190} INFO - Processing /home/prathamesh/PycharmProjects/airflow-project/venv/lib/python3.8/site-packages/airflow/example_dags/example_latest_only.py took 0.055 seconds
[2021-04-04 03:56:03,320] {scheduler_job.py:182} INFO - Started process (PID=4674) to work on /home/prathamesh/PycharmProjects/airflow-project/venv/lib/python3.8/site-packages/airflow/example_dags/example_latest_only.py
[2021-04-04 03:56:03,321] {scheduler_job.py:629} INFO - Processing file /home/prathamesh/PycharmProjects/airflow-project/venv/lib/python3.8/site-packages/airflow/example_dags/example_latest_only.py for tasks to queue
[2021-04-04 03:56:03,322] {logging_mixin.py:104} INFO - [2021-04-04 03:56:03,322] {dagbag.py:448} INFO - Filling up the DagBag from /home/prathamesh/PycharmProjects/airflow-project/venv/lib/python3.8/site-packages/airflow/example_dags/example_latest_only.py
[2021-04-04 03:56:03,339] {scheduler_job.py:639} INFO - DAG(s) dict_keys(['latest_only']) retrieved from /home/prathamesh/PycharmProjects/airflow-project/venv/lib/python3.8/site-packages/airflow/example_dags/example_latest_only.py
[2021-04-04 03:56:03,349] {logging_mixin.py:104} INFO - [2021-04-04 03:56:03,349] {dag.py:1818} INFO - Sync 1 DAGs
[2021-04-04 03:56:03,356] {logging_mixin.py:104} INFO - [2021-04-04 03:56:03,356] {dag.py:2273} INFO - Setting next_dagrun for latest_only to 2021-04-02 00:00:00+00:00
[2021-04-04 03:56:03,362] {scheduler_job.py:190} INFO - Processing /home/prathamesh/PycharmProjects/airflow-project/venv/lib/python3.8/site-packages/airflow/example_dags/example_latest_only.py took 0.049 seconds
[2021-04-04 03:56:33,588] {scheduler_job.py:182} INFO - Started process (PID=4706) to work on /home/prathamesh/PycharmProjects/airflow-project/venv/lib/python3.8/site-packages/airflow/example_dags/example_latest_only.py
[2021-04-04 03:56:33,589] {scheduler_job.py:629} INFO - Processing file /home/prathamesh/PycharmProjects/airflow-project/venv/lib/python3.8/site-packages/airflow/example_dags/example_latest_only.py for tasks to queue
[2021-04-04 03:56:33,589] {logging_mixin.py:104} INFO - [2021-04-04 03:56:33,589] {dagbag.py:448} INFO - Filling up the DagBag from /home/prathamesh/PycharmProjects/airflow-project/venv/lib/python3.8/site-packages/airflow/example_dags/example_latest_only.py
[2021-04-04 03:56:33,596] {scheduler_job.py:639} INFO - DAG(s) dict_keys(['latest_only']) retrieved from /home/prathamesh/PycharmProjects/airflow-project/venv/lib/python3.8/site-packages/airflow/example_dags/example_latest_only.py
[2021-04-04 03:56:33,608] {logging_mixin.py:104} INFO - [2021-04-04 03:56:33,608] {dag.py:1818} INFO - Sync 1 DAGs
[2021-04-04 03:56:33,616] {logging_mixin.py:104} INFO - [2021-04-04 03:56:33,616] {dag.py:2273} INFO - Setting next_dagrun for latest_only to 2021-04-02 00:00:00+00:00
[2021-04-04 03:56:33,621] {scheduler_job.py:190} INFO - Processing /home/prathamesh/PycharmProjects/airflow-project/venv/lib/python3.8/site-packages/airflow/example_dags/example_latest_only.py took 0.035 seconds
[2021-04-04 03:57:03,990] {scheduler_job.py:182} INFO - Started process (PID=4739) to work on /home/prathamesh/PycharmProjects/airflow-project/venv/lib/python3.8/site-packages/airflow/example_dags/example_latest_only.py
[2021-04-04 03:57:03,991] {scheduler_job.py:629} INFO - Processing file /home/prathamesh/PycharmProjects/airflow-project/venv/lib/python3.8/site-packages/airflow/example_dags/example_latest_only.py for tasks to queue
[2021-04-04 03:57:03,991] {logging_mixin.py:104} INFO - [2021-04-04 03:57:03,991] {dagbag.py:448} INFO - Filling up the DagBag from /home/prathamesh/PycharmProjects/airflow-project/venv/lib/python3.8/site-packages/airflow/example_dags/example_latest_only.py
[2021-04-04 03:57:03,999] {scheduler_job.py:639} INFO - DAG(s) dict_keys(['latest_only']) retrieved from /home/prathamesh/PycharmProjects/airflow-project/venv/lib/python3.8/site-packages/airflow/example_dags/example_latest_only.py
[2021-04-04 03:57:04,010] {logging_mixin.py:104} INFO - [2021-04-04 03:57:04,009] {dag.py:1818} INFO - Sync 1 DAGs
[2021-04-04 03:57:04,026] {logging_mixin.py:104} INFO - [2021-04-04 03:57:04,026] {dag.py:2273} INFO - Setting next_dagrun for latest_only to 2021-04-02 00:00:00+00:00
[2021-04-04 03:57:04,032] {scheduler_job.py:190} INFO - Processing /home/prathamesh/PycharmProjects/airflow-project/venv/lib/python3.8/site-packages/airflow/example_dags/example_latest_only.py took 0.044 seconds
[2021-04-04 03:57:35,138] {scheduler_job.py:182} INFO - Started process (PID=4769) to work on /home/prathamesh/PycharmProjects/airflow-project/venv/lib/python3.8/site-packages/airflow/example_dags/example_latest_only.py
[2021-04-04 03:57:35,139] {scheduler_job.py:629} INFO - Processing file /home/prathamesh/PycharmProjects/airflow-project/venv/lib/python3.8/site-packages/airflow/example_dags/example_latest_only.py for tasks to queue
[2021-04-04 03:57:35,139] {logging_mixin.py:104} INFO - [2021-04-04 03:57:35,139] {dagbag.py:448} INFO - Filling up the DagBag from /home/prathamesh/PycharmProjects/airflow-project/venv/lib/python3.8/site-packages/airflow/example_dags/example_latest_only.py
[2021-04-04 03:57:35,146] {scheduler_job.py:639} INFO - DAG(s) dict_keys(['latest_only']) retrieved from /home/prathamesh/PycharmProjects/airflow-project/venv/lib/python3.8/site-packages/airflow/example_dags/example_latest_only.py
[2021-04-04 03:57:35,159] {logging_mixin.py:104} INFO - [2021-04-04 03:57:35,159] {dag.py:1818} INFO - Sync 1 DAGs
[2021-04-04 03:57:35,169] {logging_mixin.py:104} INFO - [2021-04-04 03:57:35,169] {dag.py:2273} INFO - Setting next_dagrun for latest_only to 2021-04-02 00:00:00+00:00
[2021-04-04 03:57:35,174] {scheduler_job.py:190} INFO - Processing /home/prathamesh/PycharmProjects/airflow-project/venv/lib/python3.8/site-packages/airflow/example_dags/example_latest_only.py took 0.038 seconds
[2021-04-04 03:58:06,363] {scheduler_job.py:182} INFO - Started process (PID=4797) to work on /home/prathamesh/PycharmProjects/airflow-project/venv/lib/python3.8/site-packages/airflow/example_dags/example_latest_only.py
[2021-04-04 03:58:06,364] {scheduler_job.py:629} INFO - Processing file /home/prathamesh/PycharmProjects/airflow-project/venv/lib/python3.8/site-packages/airflow/example_dags/example_latest_only.py for tasks to queue
[2021-04-04 03:58:06,364] {logging_mixin.py:104} INFO - [2021-04-04 03:58:06,364] {dagbag.py:448} INFO - Filling up the DagBag from /home/prathamesh/PycharmProjects/airflow-project/venv/lib/python3.8/site-packages/airflow/example_dags/example_latest_only.py
[2021-04-04 03:58:06,383] {scheduler_job.py:639} INFO - DAG(s) dict_keys(['latest_only']) retrieved from /home/prathamesh/PycharmProjects/airflow-project/venv/lib/python3.8/site-packages/airflow/example_dags/example_latest_only.py
[2021-04-04 03:58:06,396] {logging_mixin.py:104} INFO - [2021-04-04 03:58:06,396] {dag.py:1818} INFO - Sync 1 DAGs
[2021-04-04 03:58:06,419] {logging_mixin.py:104} INFO - [2021-04-04 03:58:06,419] {dag.py:2273} INFO - Setting next_dagrun for latest_only to 2021-04-02 00:00:00+00:00
[2021-04-04 03:58:06,424] {scheduler_job.py:190} INFO - Processing /home/prathamesh/PycharmProjects/airflow-project/venv/lib/python3.8/site-packages/airflow/example_dags/example_latest_only.py took 0.070 seconds
[2021-04-04 04:07:40,986] {scheduler_job.py:182} INFO - Started process (PID=4956) to work on /home/prathamesh/PycharmProjects/airflow-project/venv/lib/python3.8/site-packages/airflow/example_dags/example_latest_only.py
[2021-04-04 04:07:40,992] {scheduler_job.py:629} INFO - Processing file /home/prathamesh/PycharmProjects/airflow-project/venv/lib/python3.8/site-packages/airflow/example_dags/example_latest_only.py for tasks to queue
[2021-04-04 04:07:40,993] {logging_mixin.py:104} INFO - [2021-04-04 04:07:40,993] {dagbag.py:448} INFO - Filling up the DagBag from /home/prathamesh/PycharmProjects/airflow-project/venv/lib/python3.8/site-packages/airflow/example_dags/example_latest_only.py
[2021-04-04 04:07:40,998] {scheduler_job.py:639} INFO - DAG(s) dict_keys(['latest_only']) retrieved from /home/prathamesh/PycharmProjects/airflow-project/venv/lib/python3.8/site-packages/airflow/example_dags/example_latest_only.py
[2021-04-04 04:07:41,029] {logging_mixin.py:104} INFO - [2021-04-04 04:07:41,029] {dag.py:1818} INFO - Sync 1 DAGs
[2021-04-04 04:07:41,037] {logging_mixin.py:104} INFO - [2021-04-04 04:07:41,037] {dag.py:2273} INFO - Setting next_dagrun for latest_only to 2021-04-02 00:00:00+00:00
[2021-04-04 04:07:41,041] {scheduler_job.py:190} INFO - Processing /home/prathamesh/PycharmProjects/airflow-project/venv/lib/python3.8/site-packages/airflow/example_dags/example_latest_only.py took 0.057 seconds
[2021-04-04 04:08:11,853] {scheduler_job.py:182} INFO - Started process (PID=5005) to work on /home/prathamesh/PycharmProjects/airflow-project/venv/lib/python3.8/site-packages/airflow/example_dags/example_latest_only.py
[2021-04-04 04:08:11,854] {scheduler_job.py:629} INFO - Processing file /home/prathamesh/PycharmProjects/airflow-project/venv/lib/python3.8/site-packages/airflow/example_dags/example_latest_only.py for tasks to queue
[2021-04-04 04:08:11,854] {logging_mixin.py:104} INFO - [2021-04-04 04:08:11,854] {dagbag.py:448} INFO - Filling up the DagBag from /home/prathamesh/PycharmProjects/airflow-project/venv/lib/python3.8/site-packages/airflow/example_dags/example_latest_only.py
[2021-04-04 04:08:11,861] {scheduler_job.py:639} INFO - DAG(s) dict_keys(['latest_only']) retrieved from /home/prathamesh/PycharmProjects/airflow-project/venv/lib/python3.8/site-packages/airflow/example_dags/example_latest_only.py
[2021-04-04 04:08:11,869] {logging_mixin.py:104} INFO - [2021-04-04 04:08:11,869] {dag.py:1818} INFO - Sync 1 DAGs
[2021-04-04 04:08:11,875] {logging_mixin.py:104} INFO - [2021-04-04 04:08:11,875] {dag.py:2273} INFO - Setting next_dagrun for latest_only to 2021-04-02 00:00:00+00:00
[2021-04-04 04:08:11,882] {scheduler_job.py:190} INFO - Processing /home/prathamesh/PycharmProjects/airflow-project/venv/lib/python3.8/site-packages/airflow/example_dags/example_latest_only.py took 0.031 seconds
[2021-04-04 04:08:42,613] {scheduler_job.py:182} INFO - Started process (PID=5034) to work on /home/prathamesh/PycharmProjects/airflow-project/venv/lib/python3.8/site-packages/airflow/example_dags/example_latest_only.py
[2021-04-04 04:08:42,614] {scheduler_job.py:629} INFO - Processing file /home/prathamesh/PycharmProjects/airflow-project/venv/lib/python3.8/site-packages/airflow/example_dags/example_latest_only.py for tasks to queue
[2021-04-04 04:08:42,614] {logging_mixin.py:104} INFO - [2021-04-04 04:08:42,614] {dagbag.py:448} INFO - Filling up the DagBag from /home/prathamesh/PycharmProjects/airflow-project/venv/lib/python3.8/site-packages/airflow/example_dags/example_latest_only.py
[2021-04-04 04:08:42,621] {scheduler_job.py:639} INFO - DAG(s) dict_keys(['latest_only']) retrieved from /home/prathamesh/PycharmProjects/airflow-project/venv/lib/python3.8/site-packages/airflow/example_dags/example_latest_only.py
[2021-04-04 04:08:42,630] {logging_mixin.py:104} INFO - [2021-04-04 04:08:42,630] {dag.py:1818} INFO - Sync 1 DAGs
[2021-04-04 04:08:42,639] {logging_mixin.py:104} INFO - [2021-04-04 04:08:42,639] {dag.py:2273} INFO - Setting next_dagrun for latest_only to 2021-04-02 00:00:00+00:00
[2021-04-04 04:08:42,644] {scheduler_job.py:190} INFO - Processing /home/prathamesh/PycharmProjects/airflow-project/venv/lib/python3.8/site-packages/airflow/example_dags/example_latest_only.py took 0.033 seconds
[2021-04-04 04:09:15,447] {scheduler_job.py:182} INFO - Started process (PID=5072) to work on /home/prathamesh/PycharmProjects/airflow-project/venv/lib/python3.8/site-packages/airflow/example_dags/example_latest_only.py
[2021-04-04 04:09:15,451] {scheduler_job.py:629} INFO - Processing file /home/prathamesh/PycharmProjects/airflow-project/venv/lib/python3.8/site-packages/airflow/example_dags/example_latest_only.py for tasks to queue
[2021-04-04 04:09:15,452] {logging_mixin.py:104} INFO - [2021-04-04 04:09:15,452] {dagbag.py:448} INFO - Filling up the DagBag from /home/prathamesh/PycharmProjects/airflow-project/venv/lib/python3.8/site-packages/airflow/example_dags/example_latest_only.py
[2021-04-04 04:09:15,464] {scheduler_job.py:639} INFO - DAG(s) dict_keys(['latest_only']) retrieved from /home/prathamesh/PycharmProjects/airflow-project/venv/lib/python3.8/site-packages/airflow/example_dags/example_latest_only.py
[2021-04-04 04:09:15,474] {logging_mixin.py:104} INFO - [2021-04-04 04:09:15,474] {dag.py:1818} INFO - Sync 1 DAGs
[2021-04-04 04:09:15,485] {logging_mixin.py:104} INFO - [2021-04-04 04:09:15,485] {dag.py:2273} INFO - Setting next_dagrun for latest_only to 2021-04-02 00:00:00+00:00
[2021-04-04 04:09:15,491] {scheduler_job.py:190} INFO - Processing /home/prathamesh/PycharmProjects/airflow-project/venv/lib/python3.8/site-packages/airflow/example_dags/example_latest_only.py took 0.048 seconds
[2021-04-04 04:09:46,560] {scheduler_job.py:182} INFO - Started process (PID=5104) to work on /home/prathamesh/PycharmProjects/airflow-project/venv/lib/python3.8/site-packages/airflow/example_dags/example_latest_only.py
[2021-04-04 04:09:46,560] {scheduler_job.py:629} INFO - Processing file /home/prathamesh/PycharmProjects/airflow-project/venv/lib/python3.8/site-packages/airflow/example_dags/example_latest_only.py for tasks to queue
[2021-04-04 04:09:46,561] {logging_mixin.py:104} INFO - [2021-04-04 04:09:46,561] {dagbag.py:448} INFO - Filling up the DagBag from /home/prathamesh/PycharmProjects/airflow-project/venv/lib/python3.8/site-packages/airflow/example_dags/example_latest_only.py
[2021-04-04 04:09:46,567] {scheduler_job.py:639} INFO - DAG(s) dict_keys(['latest_only']) retrieved from /home/prathamesh/PycharmProjects/airflow-project/venv/lib/python3.8/site-packages/airflow/example_dags/example_latest_only.py
[2021-04-04 04:09:46,575] {logging_mixin.py:104} INFO - [2021-04-04 04:09:46,575] {dag.py:1818} INFO - Sync 1 DAGs
[2021-04-04 04:09:46,583] {logging_mixin.py:104} INFO - [2021-04-04 04:09:46,583] {dag.py:2273} INFO - Setting next_dagrun for latest_only to 2021-04-02 00:00:00+00:00
[2021-04-04 04:09:46,587] {scheduler_job.py:190} INFO - Processing /home/prathamesh/PycharmProjects/airflow-project/venv/lib/python3.8/site-packages/airflow/example_dags/example_latest_only.py took 0.029 seconds
[2021-04-04 04:10:17,375] {scheduler_job.py:182} INFO - Started process (PID=5166) to work on /home/prathamesh/PycharmProjects/airflow-project/venv/lib/python3.8/site-packages/airflow/example_dags/example_latest_only.py
[2021-04-04 04:10:17,375] {scheduler_job.py:629} INFO - Processing file /home/prathamesh/PycharmProjects/airflow-project/venv/lib/python3.8/site-packages/airflow/example_dags/example_latest_only.py for tasks to queue
[2021-04-04 04:10:17,376] {logging_mixin.py:104} INFO - [2021-04-04 04:10:17,376] {dagbag.py:448} INFO - Filling up the DagBag from /home/prathamesh/PycharmProjects/airflow-project/venv/lib/python3.8/site-packages/airflow/example_dags/example_latest_only.py
[2021-04-04 04:10:17,399] {scheduler_job.py:639} INFO - DAG(s) dict_keys(['latest_only']) retrieved from /home/prathamesh/PycharmProjects/airflow-project/venv/lib/python3.8/site-packages/airflow/example_dags/example_latest_only.py
[2021-04-04 04:10:17,502] {logging_mixin.py:104} INFO - [2021-04-04 04:10:17,502] {dag.py:1818} INFO - Sync 1 DAGs
[2021-04-04 04:10:17,512] {logging_mixin.py:104} INFO - [2021-04-04 04:10:17,512] {dag.py:2273} INFO - Setting next_dagrun for latest_only to 2021-04-02 00:00:00+00:00
[2021-04-04 04:10:17,517] {scheduler_job.py:190} INFO - Processing /home/prathamesh/PycharmProjects/airflow-project/venv/lib/python3.8/site-packages/airflow/example_dags/example_latest_only.py took 0.145 seconds
[2021-04-04 04:10:47,785] {scheduler_job.py:182} INFO - Started process (PID=5194) to work on /home/prathamesh/PycharmProjects/airflow-project/venv/lib/python3.8/site-packages/airflow/example_dags/example_latest_only.py
[2021-04-04 04:10:47,786] {scheduler_job.py:629} INFO - Processing file /home/prathamesh/PycharmProjects/airflow-project/venv/lib/python3.8/site-packages/airflow/example_dags/example_latest_only.py for tasks to queue
[2021-04-04 04:10:47,786] {logging_mixin.py:104} INFO - [2021-04-04 04:10:47,786] {dagbag.py:448} INFO - Filling up the DagBag from /home/prathamesh/PycharmProjects/airflow-project/venv/lib/python3.8/site-packages/airflow/example_dags/example_latest_only.py
[2021-04-04 04:10:47,796] {scheduler_job.py:639} INFO - DAG(s) dict_keys(['latest_only']) retrieved from /home/prathamesh/PycharmProjects/airflow-project/venv/lib/python3.8/site-packages/airflow/example_dags/example_latest_only.py
[2021-04-04 04:10:47,805] {logging_mixin.py:104} INFO - [2021-04-04 04:10:47,805] {dag.py:1818} INFO - Sync 1 DAGs
[2021-04-04 04:10:47,815] {logging_mixin.py:104} INFO - [2021-04-04 04:10:47,815] {dag.py:2273} INFO - Setting next_dagrun for latest_only to 2021-04-02 00:00:00+00:00
[2021-04-04 04:10:47,819] {scheduler_job.py:190} INFO - Processing /home/prathamesh/PycharmProjects/airflow-project/venv/lib/python3.8/site-packages/airflow/example_dags/example_latest_only.py took 0.037 seconds
[2021-04-04 04:11:18,551] {scheduler_job.py:182} INFO - Started process (PID=5236) to work on /home/prathamesh/PycharmProjects/airflow-project/venv/lib/python3.8/site-packages/airflow/example_dags/example_latest_only.py
[2021-04-04 04:11:18,577] {scheduler_job.py:629} INFO - Processing file /home/prathamesh/PycharmProjects/airflow-project/venv/lib/python3.8/site-packages/airflow/example_dags/example_latest_only.py for tasks to queue
[2021-04-04 04:11:18,598] {logging_mixin.py:104} INFO - [2021-04-04 04:11:18,598] {dagbag.py:448} INFO - Filling up the DagBag from /home/prathamesh/PycharmProjects/airflow-project/venv/lib/python3.8/site-packages/airflow/example_dags/example_latest_only.py
[2021-04-04 04:11:18,604] {scheduler_job.py:639} INFO - DAG(s) dict_keys(['latest_only']) retrieved from /home/prathamesh/PycharmProjects/airflow-project/venv/lib/python3.8/site-packages/airflow/example_dags/example_latest_only.py
[2021-04-04 04:11:18,677] {logging_mixin.py:104} INFO - [2021-04-04 04:11:18,677] {dag.py:1818} INFO - Sync 1 DAGs
[2021-04-04 04:11:18,703] {logging_mixin.py:104} INFO - [2021-04-04 04:11:18,703] {dag.py:2273} INFO - Setting next_dagrun for latest_only to 2021-04-02 00:00:00+00:00
[2021-04-04 04:11:18,745] {scheduler_job.py:190} INFO - Processing /home/prathamesh/PycharmProjects/airflow-project/venv/lib/python3.8/site-packages/airflow/example_dags/example_latest_only.py took 0.197 seconds
[2021-04-04 04:11:49,255] {scheduler_job.py:182} INFO - Started process (PID=5283) to work on /home/prathamesh/PycharmProjects/airflow-project/venv/lib/python3.8/site-packages/airflow/example_dags/example_latest_only.py
[2021-04-04 04:11:49,256] {scheduler_job.py:629} INFO - Processing file /home/prathamesh/PycharmProjects/airflow-project/venv/lib/python3.8/site-packages/airflow/example_dags/example_latest_only.py for tasks to queue
[2021-04-04 04:11:49,256] {logging_mixin.py:104} INFO - [2021-04-04 04:11:49,256] {dagbag.py:448} INFO - Filling up the DagBag from /home/prathamesh/PycharmProjects/airflow-project/venv/lib/python3.8/site-packages/airflow/example_dags/example_latest_only.py
[2021-04-04 04:11:49,269] {scheduler_job.py:639} INFO - DAG(s) dict_keys(['latest_only']) retrieved from /home/prathamesh/PycharmProjects/airflow-project/venv/lib/python3.8/site-packages/airflow/example_dags/example_latest_only.py
[2021-04-04 04:11:49,289] {logging_mixin.py:104} INFO - [2021-04-04 04:11:49,289] {dag.py:1818} INFO - Sync 1 DAGs
[2021-04-04 04:11:49,304] {logging_mixin.py:104} INFO - [2021-04-04 04:11:49,304] {dag.py:2273} INFO - Setting next_dagrun for latest_only to 2021-04-02 00:00:00+00:00
[2021-04-04 04:11:49,322] {scheduler_job.py:190} INFO - Processing /home/prathamesh/PycharmProjects/airflow-project/venv/lib/python3.8/site-packages/airflow/example_dags/example_latest_only.py took 0.069 seconds
[2021-04-04 04:12:19,525] {scheduler_job.py:182} INFO - Started process (PID=5323) to work on /home/prathamesh/PycharmProjects/airflow-project/venv/lib/python3.8/site-packages/airflow/example_dags/example_latest_only.py
[2021-04-04 04:12:19,526] {scheduler_job.py:629} INFO - Processing file /home/prathamesh/PycharmProjects/airflow-project/venv/lib/python3.8/site-packages/airflow/example_dags/example_latest_only.py for tasks to queue
[2021-04-04 04:12:19,526] {logging_mixin.py:104} INFO - [2021-04-04 04:12:19,526] {dagbag.py:448} INFO - Filling up the DagBag from /home/prathamesh/PycharmProjects/airflow-project/venv/lib/python3.8/site-packages/airflow/example_dags/example_latest_only.py
[2021-04-04 04:12:19,539] {scheduler_job.py:639} INFO - DAG(s) dict_keys(['latest_only']) retrieved from /home/prathamesh/PycharmProjects/airflow-project/venv/lib/python3.8/site-packages/airflow/example_dags/example_latest_only.py
[2021-04-04 04:12:19,551] {logging_mixin.py:104} INFO - [2021-04-04 04:12:19,550] {dag.py:1818} INFO - Sync 1 DAGs
[2021-04-04 04:12:19,568] {logging_mixin.py:104} INFO - [2021-04-04 04:12:19,567] {dag.py:2273} INFO - Setting next_dagrun for latest_only to 2021-04-02 00:00:00+00:00
[2021-04-04 04:12:19,580] {scheduler_job.py:190} INFO - Processing /home/prathamesh/PycharmProjects/airflow-project/venv/lib/python3.8/site-packages/airflow/example_dags/example_latest_only.py took 0.067 seconds
[2021-04-04 04:12:49,714] {scheduler_job.py:182} INFO - Started process (PID=5367) to work on /home/prathamesh/PycharmProjects/airflow-project/venv/lib/python3.8/site-packages/airflow/example_dags/example_latest_only.py
[2021-04-04 04:12:49,715] {scheduler_job.py:629} INFO - Processing file /home/prathamesh/PycharmProjects/airflow-project/venv/lib/python3.8/site-packages/airflow/example_dags/example_latest_only.py for tasks to queue
[2021-04-04 04:12:49,716] {logging_mixin.py:104} INFO - [2021-04-04 04:12:49,716] {dagbag.py:448} INFO - Filling up the DagBag from /home/prathamesh/PycharmProjects/airflow-project/venv/lib/python3.8/site-packages/airflow/example_dags/example_latest_only.py
[2021-04-04 04:12:49,726] {scheduler_job.py:639} INFO - DAG(s) dict_keys(['latest_only']) retrieved from /home/prathamesh/PycharmProjects/airflow-project/venv/lib/python3.8/site-packages/airflow/example_dags/example_latest_only.py
[2021-04-04 04:12:49,740] {logging_mixin.py:104} INFO - [2021-04-04 04:12:49,740] {dag.py:1818} INFO - Sync 1 DAGs
[2021-04-04 04:12:49,746] {logging_mixin.py:104} INFO - [2021-04-04 04:12:49,746] {dag.py:2273} INFO - Setting next_dagrun for latest_only to 2021-04-02 00:00:00+00:00
[2021-04-04 04:12:49,750] {scheduler_job.py:190} INFO - Processing /home/prathamesh/PycharmProjects/airflow-project/venv/lib/python3.8/site-packages/airflow/example_dags/example_latest_only.py took 0.042 seconds
[2021-04-04 16:21:42,982] {scheduler_job.py:182} INFO - Started process (PID=3459) to work on /home/prathamesh/PycharmProjects/airflow-project/venv/lib/python3.8/site-packages/airflow/example_dags/example_latest_only.py
[2021-04-04 16:21:43,000] {scheduler_job.py:629} INFO - Processing file /home/prathamesh/PycharmProjects/airflow-project/venv/lib/python3.8/site-packages/airflow/example_dags/example_latest_only.py for tasks to queue
[2021-04-04 16:21:43,001] {logging_mixin.py:104} INFO - [2021-04-04 16:21:43,001] {dagbag.py:448} INFO - Filling up the DagBag from /home/prathamesh/PycharmProjects/airflow-project/venv/lib/python3.8/site-packages/airflow/example_dags/example_latest_only.py
[2021-04-04 16:21:43,007] {scheduler_job.py:639} INFO - DAG(s) dict_keys(['latest_only']) retrieved from /home/prathamesh/PycharmProjects/airflow-project/venv/lib/python3.8/site-packages/airflow/example_dags/example_latest_only.py
[2021-04-04 16:21:43,067] {logging_mixin.py:104} INFO - [2021-04-04 16:21:43,067] {dag.py:1818} INFO - Sync 1 DAGs
[2021-04-04 16:21:43,090] {logging_mixin.py:104} INFO - [2021-04-04 16:21:43,090] {dag.py:2273} INFO - Setting next_dagrun for latest_only to 2021-04-02 00:00:00+00:00
[2021-04-04 16:21:43,108] {scheduler_job.py:190} INFO - Processing /home/prathamesh/PycharmProjects/airflow-project/venv/lib/python3.8/site-packages/airflow/example_dags/example_latest_only.py took 0.128 seconds
[2021-04-04 16:22:13,576] {scheduler_job.py:182} INFO - Started process (PID=3546) to work on /home/prathamesh/PycharmProjects/airflow-project/venv/lib/python3.8/site-packages/airflow/example_dags/example_latest_only.py
[2021-04-04 16:22:13,578] {scheduler_job.py:629} INFO - Processing file /home/prathamesh/PycharmProjects/airflow-project/venv/lib/python3.8/site-packages/airflow/example_dags/example_latest_only.py for tasks to queue
[2021-04-04 16:22:13,578] {logging_mixin.py:104} INFO - [2021-04-04 16:22:13,578] {dagbag.py:448} INFO - Filling up the DagBag from /home/prathamesh/PycharmProjects/airflow-project/venv/lib/python3.8/site-packages/airflow/example_dags/example_latest_only.py
[2021-04-04 16:22:13,587] {scheduler_job.py:639} INFO - DAG(s) dict_keys(['latest_only']) retrieved from /home/prathamesh/PycharmProjects/airflow-project/venv/lib/python3.8/site-packages/airflow/example_dags/example_latest_only.py
[2021-04-04 16:22:13,599] {logging_mixin.py:104} INFO - [2021-04-04 16:22:13,599] {dag.py:1818} INFO - Sync 1 DAGs
[2021-04-04 16:22:13,605] {logging_mixin.py:104} INFO - [2021-04-04 16:22:13,605] {dag.py:2273} INFO - Setting next_dagrun for latest_only to 2021-04-02 00:00:00+00:00
[2021-04-04 16:22:13,613] {scheduler_job.py:190} INFO - Processing /home/prathamesh/PycharmProjects/airflow-project/venv/lib/python3.8/site-packages/airflow/example_dags/example_latest_only.py took 0.041 seconds
[2021-04-04 16:22:44,114] {scheduler_job.py:182} INFO - Started process (PID=3574) to work on /home/prathamesh/PycharmProjects/airflow-project/venv/lib/python3.8/site-packages/airflow/example_dags/example_latest_only.py
[2021-04-04 16:22:44,114] {scheduler_job.py:629} INFO - Processing file /home/prathamesh/PycharmProjects/airflow-project/venv/lib/python3.8/site-packages/airflow/example_dags/example_latest_only.py for tasks to queue
[2021-04-04 16:22:44,115] {logging_mixin.py:104} INFO - [2021-04-04 16:22:44,115] {dagbag.py:448} INFO - Filling up the DagBag from /home/prathamesh/PycharmProjects/airflow-project/venv/lib/python3.8/site-packages/airflow/example_dags/example_latest_only.py
[2021-04-04 16:22:44,121] {scheduler_job.py:639} INFO - DAG(s) dict_keys(['latest_only']) retrieved from /home/prathamesh/PycharmProjects/airflow-project/venv/lib/python3.8/site-packages/airflow/example_dags/example_latest_only.py
[2021-04-04 16:22:44,134] {logging_mixin.py:104} INFO - [2021-04-04 16:22:44,134] {dag.py:1818} INFO - Sync 1 DAGs
[2021-04-04 16:22:44,144] {logging_mixin.py:104} INFO - [2021-04-04 16:22:44,144] {dag.py:2273} INFO - Setting next_dagrun for latest_only to 2021-04-02 00:00:00+00:00
[2021-04-04 16:22:44,149] {scheduler_job.py:190} INFO - Processing /home/prathamesh/PycharmProjects/airflow-project/venv/lib/python3.8/site-packages/airflow/example_dags/example_latest_only.py took 0.037 seconds
[2021-04-04 16:23:14,771] {scheduler_job.py:182} INFO - Started process (PID=3601) to work on /home/prathamesh/PycharmProjects/airflow-project/venv/lib/python3.8/site-packages/airflow/example_dags/example_latest_only.py
[2021-04-04 16:23:14,772] {scheduler_job.py:629} INFO - Processing file /home/prathamesh/PycharmProjects/airflow-project/venv/lib/python3.8/site-packages/airflow/example_dags/example_latest_only.py for tasks to queue
[2021-04-04 16:23:14,772] {logging_mixin.py:104} INFO - [2021-04-04 16:23:14,772] {dagbag.py:448} INFO - Filling up the DagBag from /home/prathamesh/PycharmProjects/airflow-project/venv/lib/python3.8/site-packages/airflow/example_dags/example_latest_only.py
[2021-04-04 16:23:14,778] {scheduler_job.py:639} INFO - DAG(s) dict_keys(['latest_only']) retrieved from /home/prathamesh/PycharmProjects/airflow-project/venv/lib/python3.8/site-packages/airflow/example_dags/example_latest_only.py
[2021-04-04 16:23:14,788] {logging_mixin.py:104} INFO - [2021-04-04 16:23:14,788] {dag.py:1818} INFO - Sync 1 DAGs
[2021-04-04 16:23:14,796] {logging_mixin.py:104} INFO - [2021-04-04 16:23:14,796] {dag.py:2273} INFO - Setting next_dagrun for latest_only to 2021-04-02 00:00:00+00:00
[2021-04-04 16:23:14,800] {scheduler_job.py:190} INFO - Processing /home/prathamesh/PycharmProjects/airflow-project/venv/lib/python3.8/site-packages/airflow/example_dags/example_latest_only.py took 0.032 seconds
