[2021-04-04 03:36:22,908] {scheduler_job.py:182} INFO - Started process (PID=3192) to work on /home/prathamesh/PycharmProjects/airflow-project/venv/lib/python3.8/site-packages/airflow/example_dags/example_xcomargs.py
[2021-04-04 03:36:22,909] {scheduler_job.py:629} INFO - Processing file /home/prathamesh/PycharmProjects/airflow-project/venv/lib/python3.8/site-packages/airflow/example_dags/example_xcomargs.py for tasks to queue
[2021-04-04 03:36:22,910] {logging_mixin.py:104} INFO - [2021-04-04 03:36:22,910] {dagbag.py:448} INFO - Filling up the DagBag from /home/prathamesh/PycharmProjects/airflow-project/venv/lib/python3.8/site-packages/airflow/example_dags/example_xcomargs.py
[2021-04-04 03:36:22,985] {scheduler_job.py:639} INFO - DAG(s) dict_keys(['example_xcom_args', 'example_xcom_args_with_operators']) retrieved from /home/prathamesh/PycharmProjects/airflow-project/venv/lib/python3.8/site-packages/airflow/example_dags/example_xcomargs.py
[2021-04-04 03:36:23,137] {logging_mixin.py:104} INFO - [2021-04-04 03:36:23,137] {dag.py:1818} INFO - Sync 2 DAGs
[2021-04-04 03:36:23,200] {logging_mixin.py:104} INFO - [2021-04-04 03:36:23,199] {dag.py:2273} INFO - Setting next_dagrun for example_xcom_args to None
[2021-04-04 03:36:23,232] {logging_mixin.py:104} INFO - [2021-04-04 03:36:23,232] {dag.py:2273} INFO - Setting next_dagrun for example_xcom_args_with_operators to None
[2021-04-04 03:36:23,346] {scheduler_job.py:190} INFO - Processing /home/prathamesh/PycharmProjects/airflow-project/venv/lib/python3.8/site-packages/airflow/example_dags/example_xcomargs.py took 0.443 seconds
[2021-04-04 03:36:53,598] {scheduler_job.py:182} INFO - Started process (PID=3233) to work on /home/prathamesh/PycharmProjects/airflow-project/venv/lib/python3.8/site-packages/airflow/example_dags/example_xcomargs.py
[2021-04-04 03:36:53,614] {scheduler_job.py:629} INFO - Processing file /home/prathamesh/PycharmProjects/airflow-project/venv/lib/python3.8/site-packages/airflow/example_dags/example_xcomargs.py for tasks to queue
[2021-04-04 03:36:53,614] {logging_mixin.py:104} INFO - [2021-04-04 03:36:53,614] {dagbag.py:448} INFO - Filling up the DagBag from /home/prathamesh/PycharmProjects/airflow-project/venv/lib/python3.8/site-packages/airflow/example_dags/example_xcomargs.py
[2021-04-04 03:36:53,621] {scheduler_job.py:639} INFO - DAG(s) dict_keys(['example_xcom_args', 'example_xcom_args_with_operators']) retrieved from /home/prathamesh/PycharmProjects/airflow-project/venv/lib/python3.8/site-packages/airflow/example_dags/example_xcomargs.py
[2021-04-04 03:36:53,699] {logging_mixin.py:104} INFO - [2021-04-04 03:36:53,699] {dag.py:1818} INFO - Sync 2 DAGs
[2021-04-04 03:36:53,706] {logging_mixin.py:104} INFO - [2021-04-04 03:36:53,706] {dag.py:2273} INFO - Setting next_dagrun for example_xcom_args to None
[2021-04-04 03:36:53,706] {logging_mixin.py:104} INFO - [2021-04-04 03:36:53,706] {dag.py:2273} INFO - Setting next_dagrun for example_xcom_args_with_operators to None
[2021-04-04 03:36:53,800] {scheduler_job.py:190} INFO - Processing /home/prathamesh/PycharmProjects/airflow-project/venv/lib/python3.8/site-packages/airflow/example_dags/example_xcomargs.py took 0.204 seconds
[2021-04-04 03:37:24,092] {scheduler_job.py:182} INFO - Started process (PID=3269) to work on /home/prathamesh/PycharmProjects/airflow-project/venv/lib/python3.8/site-packages/airflow/example_dags/example_xcomargs.py
[2021-04-04 03:37:24,094] {scheduler_job.py:629} INFO - Processing file /home/prathamesh/PycharmProjects/airflow-project/venv/lib/python3.8/site-packages/airflow/example_dags/example_xcomargs.py for tasks to queue
[2021-04-04 03:37:24,096] {logging_mixin.py:104} INFO - [2021-04-04 03:37:24,095] {dagbag.py:448} INFO - Filling up the DagBag from /home/prathamesh/PycharmProjects/airflow-project/venv/lib/python3.8/site-packages/airflow/example_dags/example_xcomargs.py
[2021-04-04 03:37:24,108] {scheduler_job.py:639} INFO - DAG(s) dict_keys(['example_xcom_args', 'example_xcom_args_with_operators']) retrieved from /home/prathamesh/PycharmProjects/airflow-project/venv/lib/python3.8/site-packages/airflow/example_dags/example_xcomargs.py
[2021-04-04 03:37:24,121] {logging_mixin.py:104} INFO - [2021-04-04 03:37:24,121] {dag.py:1818} INFO - Sync 2 DAGs
[2021-04-04 03:37:24,136] {logging_mixin.py:104} INFO - [2021-04-04 03:37:24,136] {dag.py:2273} INFO - Setting next_dagrun for example_xcom_args to None
[2021-04-04 03:37:24,136] {logging_mixin.py:104} INFO - [2021-04-04 03:37:24,136] {dag.py:2273} INFO - Setting next_dagrun for example_xcom_args_with_operators to None
[2021-04-04 03:37:24,148] {scheduler_job.py:190} INFO - Processing /home/prathamesh/PycharmProjects/airflow-project/venv/lib/python3.8/site-packages/airflow/example_dags/example_xcomargs.py took 0.060 seconds
[2021-04-04 03:37:54,367] {scheduler_job.py:182} INFO - Started process (PID=3299) to work on /home/prathamesh/PycharmProjects/airflow-project/venv/lib/python3.8/site-packages/airflow/example_dags/example_xcomargs.py
[2021-04-04 03:37:54,368] {scheduler_job.py:629} INFO - Processing file /home/prathamesh/PycharmProjects/airflow-project/venv/lib/python3.8/site-packages/airflow/example_dags/example_xcomargs.py for tasks to queue
[2021-04-04 03:37:54,368] {logging_mixin.py:104} INFO - [2021-04-04 03:37:54,368] {dagbag.py:448} INFO - Filling up the DagBag from /home/prathamesh/PycharmProjects/airflow-project/venv/lib/python3.8/site-packages/airflow/example_dags/example_xcomargs.py
[2021-04-04 03:37:54,379] {scheduler_job.py:639} INFO - DAG(s) dict_keys(['example_xcom_args', 'example_xcom_args_with_operators']) retrieved from /home/prathamesh/PycharmProjects/airflow-project/venv/lib/python3.8/site-packages/airflow/example_dags/example_xcomargs.py
[2021-04-04 03:37:54,396] {logging_mixin.py:104} INFO - [2021-04-04 03:37:54,396] {dag.py:1818} INFO - Sync 2 DAGs
[2021-04-04 03:37:54,403] {logging_mixin.py:104} INFO - [2021-04-04 03:37:54,403] {dag.py:2273} INFO - Setting next_dagrun for example_xcom_args to None
[2021-04-04 03:37:54,405] {logging_mixin.py:104} INFO - [2021-04-04 03:37:54,405] {dag.py:2273} INFO - Setting next_dagrun for example_xcom_args_with_operators to None
[2021-04-04 03:37:54,429] {scheduler_job.py:190} INFO - Processing /home/prathamesh/PycharmProjects/airflow-project/venv/lib/python3.8/site-packages/airflow/example_dags/example_xcomargs.py took 0.065 seconds
[2021-04-04 03:38:24,671] {scheduler_job.py:182} INFO - Started process (PID=3327) to work on /home/prathamesh/PycharmProjects/airflow-project/venv/lib/python3.8/site-packages/airflow/example_dags/example_xcomargs.py
[2021-04-04 03:38:24,672] {scheduler_job.py:629} INFO - Processing file /home/prathamesh/PycharmProjects/airflow-project/venv/lib/python3.8/site-packages/airflow/example_dags/example_xcomargs.py for tasks to queue
[2021-04-04 03:38:24,673] {logging_mixin.py:104} INFO - [2021-04-04 03:38:24,673] {dagbag.py:448} INFO - Filling up the DagBag from /home/prathamesh/PycharmProjects/airflow-project/venv/lib/python3.8/site-packages/airflow/example_dags/example_xcomargs.py
[2021-04-04 03:38:24,683] {scheduler_job.py:639} INFO - DAG(s) dict_keys(['example_xcom_args', 'example_xcom_args_with_operators']) retrieved from /home/prathamesh/PycharmProjects/airflow-project/venv/lib/python3.8/site-packages/airflow/example_dags/example_xcomargs.py
[2021-04-04 03:38:24,705] {logging_mixin.py:104} INFO - [2021-04-04 03:38:24,705] {dag.py:1818} INFO - Sync 2 DAGs
[2021-04-04 03:38:24,713] {logging_mixin.py:104} INFO - [2021-04-04 03:38:24,713] {dag.py:2273} INFO - Setting next_dagrun for example_xcom_args to None
[2021-04-04 03:38:24,713] {logging_mixin.py:104} INFO - [2021-04-04 03:38:24,713] {dag.py:2273} INFO - Setting next_dagrun for example_xcom_args_with_operators to None
[2021-04-04 03:38:24,735] {scheduler_job.py:190} INFO - Processing /home/prathamesh/PycharmProjects/airflow-project/venv/lib/python3.8/site-packages/airflow/example_dags/example_xcomargs.py took 0.066 seconds
[2021-04-04 03:38:55,962] {scheduler_job.py:182} INFO - Started process (PID=3369) to work on /home/prathamesh/PycharmProjects/airflow-project/venv/lib/python3.8/site-packages/airflow/example_dags/example_xcomargs.py
[2021-04-04 03:38:55,963] {scheduler_job.py:629} INFO - Processing file /home/prathamesh/PycharmProjects/airflow-project/venv/lib/python3.8/site-packages/airflow/example_dags/example_xcomargs.py for tasks to queue
[2021-04-04 03:38:55,964] {logging_mixin.py:104} INFO - [2021-04-04 03:38:55,964] {dagbag.py:448} INFO - Filling up the DagBag from /home/prathamesh/PycharmProjects/airflow-project/venv/lib/python3.8/site-packages/airflow/example_dags/example_xcomargs.py
[2021-04-04 03:38:55,974] {scheduler_job.py:639} INFO - DAG(s) dict_keys(['example_xcom_args', 'example_xcom_args_with_operators']) retrieved from /home/prathamesh/PycharmProjects/airflow-project/venv/lib/python3.8/site-packages/airflow/example_dags/example_xcomargs.py
[2021-04-04 03:38:55,995] {logging_mixin.py:104} INFO - [2021-04-04 03:38:55,994] {dag.py:1818} INFO - Sync 2 DAGs
[2021-04-04 03:38:56,001] {logging_mixin.py:104} INFO - [2021-04-04 03:38:56,001] {dag.py:2273} INFO - Setting next_dagrun for example_xcom_args to None
[2021-04-04 03:38:56,003] {logging_mixin.py:104} INFO - [2021-04-04 03:38:56,003] {dag.py:2273} INFO - Setting next_dagrun for example_xcom_args_with_operators to None
[2021-04-04 03:38:56,025] {scheduler_job.py:190} INFO - Processing /home/prathamesh/PycharmProjects/airflow-project/venv/lib/python3.8/site-packages/airflow/example_dags/example_xcomargs.py took 0.066 seconds
[2021-04-04 03:39:26,237] {scheduler_job.py:182} INFO - Started process (PID=3399) to work on /home/prathamesh/PycharmProjects/airflow-project/venv/lib/python3.8/site-packages/airflow/example_dags/example_xcomargs.py
[2021-04-04 03:39:26,238] {scheduler_job.py:629} INFO - Processing file /home/prathamesh/PycharmProjects/airflow-project/venv/lib/python3.8/site-packages/airflow/example_dags/example_xcomargs.py for tasks to queue
[2021-04-04 03:39:26,238] {logging_mixin.py:104} INFO - [2021-04-04 03:39:26,238] {dagbag.py:448} INFO - Filling up the DagBag from /home/prathamesh/PycharmProjects/airflow-project/venv/lib/python3.8/site-packages/airflow/example_dags/example_xcomargs.py
[2021-04-04 03:39:26,249] {scheduler_job.py:639} INFO - DAG(s) dict_keys(['example_xcom_args', 'example_xcom_args_with_operators']) retrieved from /home/prathamesh/PycharmProjects/airflow-project/venv/lib/python3.8/site-packages/airflow/example_dags/example_xcomargs.py
[2021-04-04 03:39:26,271] {logging_mixin.py:104} INFO - [2021-04-04 03:39:26,271] {dag.py:1818} INFO - Sync 2 DAGs
[2021-04-04 03:39:26,284] {logging_mixin.py:104} INFO - [2021-04-04 03:39:26,284] {dag.py:2273} INFO - Setting next_dagrun for example_xcom_args to None
[2021-04-04 03:39:26,287] {logging_mixin.py:104} INFO - [2021-04-04 03:39:26,287] {dag.py:2273} INFO - Setting next_dagrun for example_xcom_args_with_operators to None
[2021-04-04 03:39:26,309] {scheduler_job.py:190} INFO - Processing /home/prathamesh/PycharmProjects/airflow-project/venv/lib/python3.8/site-packages/airflow/example_dags/example_xcomargs.py took 0.075 seconds
[2021-04-04 03:39:56,742] {scheduler_job.py:182} INFO - Started process (PID=3429) to work on /home/prathamesh/PycharmProjects/airflow-project/venv/lib/python3.8/site-packages/airflow/example_dags/example_xcomargs.py
[2021-04-04 03:39:56,743] {scheduler_job.py:629} INFO - Processing file /home/prathamesh/PycharmProjects/airflow-project/venv/lib/python3.8/site-packages/airflow/example_dags/example_xcomargs.py for tasks to queue
[2021-04-04 03:39:56,745] {logging_mixin.py:104} INFO - [2021-04-04 03:39:56,745] {dagbag.py:448} INFO - Filling up the DagBag from /home/prathamesh/PycharmProjects/airflow-project/venv/lib/python3.8/site-packages/airflow/example_dags/example_xcomargs.py
[2021-04-04 03:39:56,758] {scheduler_job.py:639} INFO - DAG(s) dict_keys(['example_xcom_args', 'example_xcom_args_with_operators']) retrieved from /home/prathamesh/PycharmProjects/airflow-project/venv/lib/python3.8/site-packages/airflow/example_dags/example_xcomargs.py
[2021-04-04 03:39:56,774] {logging_mixin.py:104} INFO - [2021-04-04 03:39:56,773] {dag.py:1818} INFO - Sync 2 DAGs
[2021-04-04 03:39:56,781] {logging_mixin.py:104} INFO - [2021-04-04 03:39:56,781] {dag.py:2273} INFO - Setting next_dagrun for example_xcom_args to None
[2021-04-04 03:39:56,782] {logging_mixin.py:104} INFO - [2021-04-04 03:39:56,782] {dag.py:2273} INFO - Setting next_dagrun for example_xcom_args_with_operators to None
[2021-04-04 03:39:56,798] {scheduler_job.py:190} INFO - Processing /home/prathamesh/PycharmProjects/airflow-project/venv/lib/python3.8/site-packages/airflow/example_dags/example_xcomargs.py took 0.059 seconds
[2021-04-04 03:40:29,002] {scheduler_job.py:182} INFO - Started process (PID=3458) to work on /home/prathamesh/PycharmProjects/airflow-project/venv/lib/python3.8/site-packages/airflow/example_dags/example_xcomargs.py
[2021-04-04 03:40:29,003] {scheduler_job.py:629} INFO - Processing file /home/prathamesh/PycharmProjects/airflow-project/venv/lib/python3.8/site-packages/airflow/example_dags/example_xcomargs.py for tasks to queue
[2021-04-04 03:40:29,004] {logging_mixin.py:104} INFO - [2021-04-04 03:40:29,004] {dagbag.py:448} INFO - Filling up the DagBag from /home/prathamesh/PycharmProjects/airflow-project/venv/lib/python3.8/site-packages/airflow/example_dags/example_xcomargs.py
[2021-04-04 03:40:29,047] {scheduler_job.py:639} INFO - DAG(s) dict_keys(['example_xcom_args', 'example_xcom_args_with_operators']) retrieved from /home/prathamesh/PycharmProjects/airflow-project/venv/lib/python3.8/site-packages/airflow/example_dags/example_xcomargs.py
[2021-04-04 03:40:29,075] {logging_mixin.py:104} INFO - [2021-04-04 03:40:29,075] {dag.py:1818} INFO - Sync 2 DAGs
[2021-04-04 03:40:29,096] {logging_mixin.py:104} INFO - [2021-04-04 03:40:29,095] {dag.py:2273} INFO - Setting next_dagrun for example_xcom_args to None
[2021-04-04 03:40:29,096] {logging_mixin.py:104} INFO - [2021-04-04 03:40:29,096] {dag.py:2273} INFO - Setting next_dagrun for example_xcom_args_with_operators to None
[2021-04-04 03:40:29,133] {scheduler_job.py:190} INFO - Processing /home/prathamesh/PycharmProjects/airflow-project/venv/lib/python3.8/site-packages/airflow/example_dags/example_xcomargs.py took 0.134 seconds
[2021-04-04 03:40:59,897] {scheduler_job.py:182} INFO - Started process (PID=3500) to work on /home/prathamesh/PycharmProjects/airflow-project/venv/lib/python3.8/site-packages/airflow/example_dags/example_xcomargs.py
[2021-04-04 03:40:59,897] {scheduler_job.py:629} INFO - Processing file /home/prathamesh/PycharmProjects/airflow-project/venv/lib/python3.8/site-packages/airflow/example_dags/example_xcomargs.py for tasks to queue
[2021-04-04 03:40:59,898] {logging_mixin.py:104} INFO - [2021-04-04 03:40:59,898] {dagbag.py:448} INFO - Filling up the DagBag from /home/prathamesh/PycharmProjects/airflow-project/venv/lib/python3.8/site-packages/airflow/example_dags/example_xcomargs.py
[2021-04-04 03:40:59,939] {scheduler_job.py:639} INFO - DAG(s) dict_keys(['example_xcom_args', 'example_xcom_args_with_operators']) retrieved from /home/prathamesh/PycharmProjects/airflow-project/venv/lib/python3.8/site-packages/airflow/example_dags/example_xcomargs.py
[2021-04-04 03:40:59,984] {logging_mixin.py:104} INFO - [2021-04-04 03:40:59,984] {dag.py:1818} INFO - Sync 2 DAGs
[2021-04-04 03:41:00,023] {logging_mixin.py:104} INFO - [2021-04-04 03:41:00,023] {dag.py:2273} INFO - Setting next_dagrun for example_xcom_args to None
[2021-04-04 03:41:00,024] {logging_mixin.py:104} INFO - [2021-04-04 03:41:00,024] {dag.py:2273} INFO - Setting next_dagrun for example_xcom_args_with_operators to None
[2021-04-04 03:41:00,065] {scheduler_job.py:190} INFO - Processing /home/prathamesh/PycharmProjects/airflow-project/venv/lib/python3.8/site-packages/airflow/example_dags/example_xcomargs.py took 0.171 seconds
[2021-04-04 03:41:31,046] {scheduler_job.py:182} INFO - Started process (PID=3562) to work on /home/prathamesh/PycharmProjects/airflow-project/venv/lib/python3.8/site-packages/airflow/example_dags/example_xcomargs.py
[2021-04-04 03:41:31,082] {scheduler_job.py:629} INFO - Processing file /home/prathamesh/PycharmProjects/airflow-project/venv/lib/python3.8/site-packages/airflow/example_dags/example_xcomargs.py for tasks to queue
[2021-04-04 03:41:31,086] {logging_mixin.py:104} INFO - [2021-04-04 03:41:31,085] {dagbag.py:448} INFO - Filling up the DagBag from /home/prathamesh/PycharmProjects/airflow-project/venv/lib/python3.8/site-packages/airflow/example_dags/example_xcomargs.py
[2021-04-04 03:41:31,231] {scheduler_job.py:639} INFO - DAG(s) dict_keys(['example_xcom_args', 'example_xcom_args_with_operators']) retrieved from /home/prathamesh/PycharmProjects/airflow-project/venv/lib/python3.8/site-packages/airflow/example_dags/example_xcomargs.py
[2021-04-04 03:41:31,308] {logging_mixin.py:104} INFO - [2021-04-04 03:41:31,308] {dag.py:1818} INFO - Sync 2 DAGs
[2021-04-04 03:41:31,343] {logging_mixin.py:104} INFO - [2021-04-04 03:41:31,343] {dag.py:2273} INFO - Setting next_dagrun for example_xcom_args to None
[2021-04-04 03:41:31,344] {logging_mixin.py:104} INFO - [2021-04-04 03:41:31,344] {dag.py:2273} INFO - Setting next_dagrun for example_xcom_args_with_operators to None
[2021-04-04 03:41:31,383] {scheduler_job.py:190} INFO - Processing /home/prathamesh/PycharmProjects/airflow-project/venv/lib/python3.8/site-packages/airflow/example_dags/example_xcomargs.py took 0.342 seconds
[2021-04-04 03:42:01,543] {scheduler_job.py:182} INFO - Started process (PID=3591) to work on /home/prathamesh/PycharmProjects/airflow-project/venv/lib/python3.8/site-packages/airflow/example_dags/example_xcomargs.py
[2021-04-04 03:42:01,569] {scheduler_job.py:629} INFO - Processing file /home/prathamesh/PycharmProjects/airflow-project/venv/lib/python3.8/site-packages/airflow/example_dags/example_xcomargs.py for tasks to queue
[2021-04-04 03:42:01,569] {logging_mixin.py:104} INFO - [2021-04-04 03:42:01,569] {dagbag.py:448} INFO - Filling up the DagBag from /home/prathamesh/PycharmProjects/airflow-project/venv/lib/python3.8/site-packages/airflow/example_dags/example_xcomargs.py
[2021-04-04 03:42:01,607] {scheduler_job.py:639} INFO - DAG(s) dict_keys(['example_xcom_args', 'example_xcom_args_with_operators']) retrieved from /home/prathamesh/PycharmProjects/airflow-project/venv/lib/python3.8/site-packages/airflow/example_dags/example_xcomargs.py
[2021-04-04 03:42:01,669] {logging_mixin.py:104} INFO - [2021-04-04 03:42:01,669] {dag.py:1818} INFO - Sync 2 DAGs
[2021-04-04 03:42:01,688] {logging_mixin.py:104} INFO - [2021-04-04 03:42:01,687] {dag.py:2273} INFO - Setting next_dagrun for example_xcom_args to None
[2021-04-04 03:42:01,688] {logging_mixin.py:104} INFO - [2021-04-04 03:42:01,688] {dag.py:2273} INFO - Setting next_dagrun for example_xcom_args_with_operators to None
[2021-04-04 03:42:01,704] {scheduler_job.py:190} INFO - Processing /home/prathamesh/PycharmProjects/airflow-project/venv/lib/python3.8/site-packages/airflow/example_dags/example_xcomargs.py took 0.165 seconds
[2021-04-04 03:42:33,398] {scheduler_job.py:182} INFO - Started process (PID=3631) to work on /home/prathamesh/PycharmProjects/airflow-project/venv/lib/python3.8/site-packages/airflow/example_dags/example_xcomargs.py
[2021-04-04 03:42:33,399] {scheduler_job.py:629} INFO - Processing file /home/prathamesh/PycharmProjects/airflow-project/venv/lib/python3.8/site-packages/airflow/example_dags/example_xcomargs.py for tasks to queue
[2021-04-04 03:42:33,399] {logging_mixin.py:104} INFO - [2021-04-04 03:42:33,399] {dagbag.py:448} INFO - Filling up the DagBag from /home/prathamesh/PycharmProjects/airflow-project/venv/lib/python3.8/site-packages/airflow/example_dags/example_xcomargs.py
[2021-04-04 03:42:33,420] {scheduler_job.py:639} INFO - DAG(s) dict_keys(['example_xcom_args', 'example_xcom_args_with_operators']) retrieved from /home/prathamesh/PycharmProjects/airflow-project/venv/lib/python3.8/site-packages/airflow/example_dags/example_xcomargs.py
[2021-04-04 03:42:33,456] {logging_mixin.py:104} INFO - [2021-04-04 03:42:33,456] {dag.py:1818} INFO - Sync 2 DAGs
[2021-04-04 03:42:33,477] {logging_mixin.py:104} INFO - [2021-04-04 03:42:33,477] {dag.py:2273} INFO - Setting next_dagrun for example_xcom_args to None
[2021-04-04 03:42:33,478] {logging_mixin.py:104} INFO - [2021-04-04 03:42:33,477] {dag.py:2273} INFO - Setting next_dagrun for example_xcom_args_with_operators to None
[2021-04-04 03:42:33,506] {scheduler_job.py:190} INFO - Processing /home/prathamesh/PycharmProjects/airflow-project/venv/lib/python3.8/site-packages/airflow/example_dags/example_xcomargs.py took 0.111 seconds
[2021-04-04 03:43:04,402] {scheduler_job.py:182} INFO - Started process (PID=3669) to work on /home/prathamesh/PycharmProjects/airflow-project/venv/lib/python3.8/site-packages/airflow/example_dags/example_xcomargs.py
[2021-04-04 03:43:04,403] {scheduler_job.py:629} INFO - Processing file /home/prathamesh/PycharmProjects/airflow-project/venv/lib/python3.8/site-packages/airflow/example_dags/example_xcomargs.py for tasks to queue
[2021-04-04 03:43:04,404] {logging_mixin.py:104} INFO - [2021-04-04 03:43:04,403] {dagbag.py:448} INFO - Filling up the DagBag from /home/prathamesh/PycharmProjects/airflow-project/venv/lib/python3.8/site-packages/airflow/example_dags/example_xcomargs.py
[2021-04-04 03:43:04,470] {scheduler_job.py:639} INFO - DAG(s) dict_keys(['example_xcom_args', 'example_xcom_args_with_operators']) retrieved from /home/prathamesh/PycharmProjects/airflow-project/venv/lib/python3.8/site-packages/airflow/example_dags/example_xcomargs.py
[2021-04-04 03:43:04,537] {logging_mixin.py:104} INFO - [2021-04-04 03:43:04,537] {dag.py:1818} INFO - Sync 2 DAGs
[2021-04-04 03:43:04,545] {logging_mixin.py:104} INFO - [2021-04-04 03:43:04,545] {dag.py:2273} INFO - Setting next_dagrun for example_xcom_args to None
[2021-04-04 03:43:04,567] {logging_mixin.py:104} INFO - [2021-04-04 03:43:04,567] {dag.py:2273} INFO - Setting next_dagrun for example_xcom_args_with_operators to None
[2021-04-04 03:43:04,603] {scheduler_job.py:190} INFO - Processing /home/prathamesh/PycharmProjects/airflow-project/venv/lib/python3.8/site-packages/airflow/example_dags/example_xcomargs.py took 0.217 seconds
[2021-04-04 03:43:34,767] {scheduler_job.py:182} INFO - Started process (PID=3711) to work on /home/prathamesh/PycharmProjects/airflow-project/venv/lib/python3.8/site-packages/airflow/example_dags/example_xcomargs.py
[2021-04-04 03:43:34,767] {scheduler_job.py:629} INFO - Processing file /home/prathamesh/PycharmProjects/airflow-project/venv/lib/python3.8/site-packages/airflow/example_dags/example_xcomargs.py for tasks to queue
[2021-04-04 03:43:34,768] {logging_mixin.py:104} INFO - [2021-04-04 03:43:34,768] {dagbag.py:448} INFO - Filling up the DagBag from /home/prathamesh/PycharmProjects/airflow-project/venv/lib/python3.8/site-packages/airflow/example_dags/example_xcomargs.py
[2021-04-04 03:43:34,788] {scheduler_job.py:639} INFO - DAG(s) dict_keys(['example_xcom_args', 'example_xcom_args_with_operators']) retrieved from /home/prathamesh/PycharmProjects/airflow-project/venv/lib/python3.8/site-packages/airflow/example_dags/example_xcomargs.py
[2021-04-04 03:43:34,809] {logging_mixin.py:104} INFO - [2021-04-04 03:43:34,809] {dag.py:1818} INFO - Sync 2 DAGs
[2021-04-04 03:43:34,828] {logging_mixin.py:104} INFO - [2021-04-04 03:43:34,828] {dag.py:2273} INFO - Setting next_dagrun for example_xcom_args to None
[2021-04-04 03:43:34,829] {logging_mixin.py:104} INFO - [2021-04-04 03:43:34,828] {dag.py:2273} INFO - Setting next_dagrun for example_xcom_args_with_operators to None
[2021-04-04 03:43:34,843] {scheduler_job.py:190} INFO - Processing /home/prathamesh/PycharmProjects/airflow-project/venv/lib/python3.8/site-packages/airflow/example_dags/example_xcomargs.py took 0.078 seconds
[2021-04-04 03:44:05,414] {scheduler_job.py:182} INFO - Started process (PID=3742) to work on /home/prathamesh/PycharmProjects/airflow-project/venv/lib/python3.8/site-packages/airflow/example_dags/example_xcomargs.py
[2021-04-04 03:44:05,415] {scheduler_job.py:629} INFO - Processing file /home/prathamesh/PycharmProjects/airflow-project/venv/lib/python3.8/site-packages/airflow/example_dags/example_xcomargs.py for tasks to queue
[2021-04-04 03:44:05,415] {logging_mixin.py:104} INFO - [2021-04-04 03:44:05,415] {dagbag.py:448} INFO - Filling up the DagBag from /home/prathamesh/PycharmProjects/airflow-project/venv/lib/python3.8/site-packages/airflow/example_dags/example_xcomargs.py
[2021-04-04 03:44:05,464] {scheduler_job.py:639} INFO - DAG(s) dict_keys(['example_xcom_args', 'example_xcom_args_with_operators']) retrieved from /home/prathamesh/PycharmProjects/airflow-project/venv/lib/python3.8/site-packages/airflow/example_dags/example_xcomargs.py
[2021-04-04 03:44:05,476] {logging_mixin.py:104} INFO - [2021-04-04 03:44:05,476] {dag.py:1818} INFO - Sync 2 DAGs
[2021-04-04 03:44:05,505] {logging_mixin.py:104} INFO - [2021-04-04 03:44:05,505] {dag.py:2273} INFO - Setting next_dagrun for example_xcom_args to None
[2021-04-04 03:44:05,505] {logging_mixin.py:104} INFO - [2021-04-04 03:44:05,505] {dag.py:2273} INFO - Setting next_dagrun for example_xcom_args_with_operators to None
[2021-04-04 03:44:05,519] {scheduler_job.py:190} INFO - Processing /home/prathamesh/PycharmProjects/airflow-project/venv/lib/python3.8/site-packages/airflow/example_dags/example_xcomargs.py took 0.119 seconds
[2021-04-04 03:44:35,843] {scheduler_job.py:182} INFO - Started process (PID=3770) to work on /home/prathamesh/PycharmProjects/airflow-project/venv/lib/python3.8/site-packages/airflow/example_dags/example_xcomargs.py
[2021-04-04 03:44:35,843] {scheduler_job.py:629} INFO - Processing file /home/prathamesh/PycharmProjects/airflow-project/venv/lib/python3.8/site-packages/airflow/example_dags/example_xcomargs.py for tasks to queue
[2021-04-04 03:44:35,844] {logging_mixin.py:104} INFO - [2021-04-04 03:44:35,844] {dagbag.py:448} INFO - Filling up the DagBag from /home/prathamesh/PycharmProjects/airflow-project/venv/lib/python3.8/site-packages/airflow/example_dags/example_xcomargs.py
[2021-04-04 03:44:35,864] {scheduler_job.py:639} INFO - DAG(s) dict_keys(['example_xcom_args', 'example_xcom_args_with_operators']) retrieved from /home/prathamesh/PycharmProjects/airflow-project/venv/lib/python3.8/site-packages/airflow/example_dags/example_xcomargs.py
[2021-04-04 03:44:35,888] {logging_mixin.py:104} INFO - [2021-04-04 03:44:35,888] {dag.py:1818} INFO - Sync 2 DAGs
[2021-04-04 03:44:35,905] {logging_mixin.py:104} INFO - [2021-04-04 03:44:35,905] {dag.py:2273} INFO - Setting next_dagrun for example_xcom_args to None
[2021-04-04 03:44:35,905] {logging_mixin.py:104} INFO - [2021-04-04 03:44:35,905] {dag.py:2273} INFO - Setting next_dagrun for example_xcom_args_with_operators to None
[2021-04-04 03:44:35,923] {scheduler_job.py:190} INFO - Processing /home/prathamesh/PycharmProjects/airflow-project/venv/lib/python3.8/site-packages/airflow/example_dags/example_xcomargs.py took 0.082 seconds
[2021-04-04 03:45:06,950] {scheduler_job.py:182} INFO - Started process (PID=3894) to work on /home/prathamesh/PycharmProjects/airflow-project/venv/lib/python3.8/site-packages/airflow/example_dags/example_xcomargs.py
[2021-04-04 03:45:06,951] {scheduler_job.py:629} INFO - Processing file /home/prathamesh/PycharmProjects/airflow-project/venv/lib/python3.8/site-packages/airflow/example_dags/example_xcomargs.py for tasks to queue
[2021-04-04 03:45:06,956] {logging_mixin.py:104} INFO - [2021-04-04 03:45:06,956] {dagbag.py:448} INFO - Filling up the DagBag from /home/prathamesh/PycharmProjects/airflow-project/venv/lib/python3.8/site-packages/airflow/example_dags/example_xcomargs.py
[2021-04-04 03:45:06,980] {scheduler_job.py:639} INFO - DAG(s) dict_keys(['example_xcom_args', 'example_xcom_args_with_operators']) retrieved from /home/prathamesh/PycharmProjects/airflow-project/venv/lib/python3.8/site-packages/airflow/example_dags/example_xcomargs.py
[2021-04-04 03:45:07,016] {logging_mixin.py:104} INFO - [2021-04-04 03:45:07,016] {dag.py:1818} INFO - Sync 2 DAGs
[2021-04-04 03:45:07,037] {logging_mixin.py:104} INFO - [2021-04-04 03:45:07,037] {dag.py:2273} INFO - Setting next_dagrun for example_xcom_args to None
[2021-04-04 03:45:07,038] {logging_mixin.py:104} INFO - [2021-04-04 03:45:07,038] {dag.py:2273} INFO - Setting next_dagrun for example_xcom_args_with_operators to None
[2021-04-04 03:45:07,053] {scheduler_job.py:190} INFO - Processing /home/prathamesh/PycharmProjects/airflow-project/venv/lib/python3.8/site-packages/airflow/example_dags/example_xcomargs.py took 0.105 seconds
[2021-04-04 03:54:19,783] {scheduler_job.py:182} INFO - Started process (PID=4552) to work on /home/prathamesh/PycharmProjects/airflow-project/venv/lib/python3.8/site-packages/airflow/example_dags/example_xcomargs.py
[2021-04-04 03:54:19,784] {scheduler_job.py:629} INFO - Processing file /home/prathamesh/PycharmProjects/airflow-project/venv/lib/python3.8/site-packages/airflow/example_dags/example_xcomargs.py for tasks to queue
[2021-04-04 03:54:19,784] {logging_mixin.py:104} INFO - [2021-04-04 03:54:19,784] {dagbag.py:448} INFO - Filling up the DagBag from /home/prathamesh/PycharmProjects/airflow-project/venv/lib/python3.8/site-packages/airflow/example_dags/example_xcomargs.py
[2021-04-04 03:54:19,806] {scheduler_job.py:639} INFO - DAG(s) dict_keys(['example_xcom_args', 'example_xcom_args_with_operators']) retrieved from /home/prathamesh/PycharmProjects/airflow-project/venv/lib/python3.8/site-packages/airflow/example_dags/example_xcomargs.py
[2021-04-04 03:54:19,831] {logging_mixin.py:104} INFO - [2021-04-04 03:54:19,831] {dag.py:1818} INFO - Sync 2 DAGs
[2021-04-04 03:54:19,853] {logging_mixin.py:104} INFO - [2021-04-04 03:54:19,853] {dag.py:2273} INFO - Setting next_dagrun for example_xcom_args to None
[2021-04-04 03:54:19,853] {logging_mixin.py:104} INFO - [2021-04-04 03:54:19,853] {dag.py:2273} INFO - Setting next_dagrun for example_xcom_args_with_operators to None
[2021-04-04 03:54:19,890] {scheduler_job.py:190} INFO - Processing /home/prathamesh/PycharmProjects/airflow-project/venv/lib/python3.8/site-packages/airflow/example_dags/example_xcomargs.py took 0.121 seconds
[2021-04-04 03:54:51,447] {scheduler_job.py:182} INFO - Started process (PID=4581) to work on /home/prathamesh/PycharmProjects/airflow-project/venv/lib/python3.8/site-packages/airflow/example_dags/example_xcomargs.py
[2021-04-04 03:54:51,449] {scheduler_job.py:629} INFO - Processing file /home/prathamesh/PycharmProjects/airflow-project/venv/lib/python3.8/site-packages/airflow/example_dags/example_xcomargs.py for tasks to queue
[2021-04-04 03:54:51,449] {logging_mixin.py:104} INFO - [2021-04-04 03:54:51,449] {dagbag.py:448} INFO - Filling up the DagBag from /home/prathamesh/PycharmProjects/airflow-project/venv/lib/python3.8/site-packages/airflow/example_dags/example_xcomargs.py
[2021-04-04 03:54:51,462] {scheduler_job.py:639} INFO - DAG(s) dict_keys(['example_xcom_args', 'example_xcom_args_with_operators']) retrieved from /home/prathamesh/PycharmProjects/airflow-project/venv/lib/python3.8/site-packages/airflow/example_dags/example_xcomargs.py
[2021-04-04 03:54:51,482] {logging_mixin.py:104} INFO - [2021-04-04 03:54:51,481] {dag.py:1818} INFO - Sync 2 DAGs
[2021-04-04 03:54:51,491] {logging_mixin.py:104} INFO - [2021-04-04 03:54:51,491] {dag.py:2273} INFO - Setting next_dagrun for example_xcom_args to None
[2021-04-04 03:54:51,492] {logging_mixin.py:104} INFO - [2021-04-04 03:54:51,492] {dag.py:2273} INFO - Setting next_dagrun for example_xcom_args_with_operators to None
[2021-04-04 03:54:51,512] {scheduler_job.py:190} INFO - Processing /home/prathamesh/PycharmProjects/airflow-project/venv/lib/python3.8/site-packages/airflow/example_dags/example_xcomargs.py took 0.068 seconds
[2021-04-04 03:55:22,388] {scheduler_job.py:182} INFO - Started process (PID=4613) to work on /home/prathamesh/PycharmProjects/airflow-project/venv/lib/python3.8/site-packages/airflow/example_dags/example_xcomargs.py
[2021-04-04 03:55:22,389] {scheduler_job.py:629} INFO - Processing file /home/prathamesh/PycharmProjects/airflow-project/venv/lib/python3.8/site-packages/airflow/example_dags/example_xcomargs.py for tasks to queue
[2021-04-04 03:55:22,390] {logging_mixin.py:104} INFO - [2021-04-04 03:55:22,389] {dagbag.py:448} INFO - Filling up the DagBag from /home/prathamesh/PycharmProjects/airflow-project/venv/lib/python3.8/site-packages/airflow/example_dags/example_xcomargs.py
[2021-04-04 03:55:22,406] {scheduler_job.py:639} INFO - DAG(s) dict_keys(['example_xcom_args', 'example_xcom_args_with_operators']) retrieved from /home/prathamesh/PycharmProjects/airflow-project/venv/lib/python3.8/site-packages/airflow/example_dags/example_xcomargs.py
[2021-04-04 03:55:22,423] {logging_mixin.py:104} INFO - [2021-04-04 03:55:22,423] {dag.py:1818} INFO - Sync 2 DAGs
[2021-04-04 03:55:22,437] {logging_mixin.py:104} INFO - [2021-04-04 03:55:22,437] {dag.py:2273} INFO - Setting next_dagrun for example_xcom_args to None
[2021-04-04 03:55:22,437] {logging_mixin.py:104} INFO - [2021-04-04 03:55:22,437] {dag.py:2273} INFO - Setting next_dagrun for example_xcom_args_with_operators to None
[2021-04-04 03:55:22,464] {scheduler_job.py:190} INFO - Processing /home/prathamesh/PycharmProjects/airflow-project/venv/lib/python3.8/site-packages/airflow/example_dags/example_xcomargs.py took 0.078 seconds
[2021-04-04 03:55:53,426] {scheduler_job.py:182} INFO - Started process (PID=4645) to work on /home/prathamesh/PycharmProjects/airflow-project/venv/lib/python3.8/site-packages/airflow/example_dags/example_xcomargs.py
[2021-04-04 03:55:53,430] {scheduler_job.py:629} INFO - Processing file /home/prathamesh/PycharmProjects/airflow-project/venv/lib/python3.8/site-packages/airflow/example_dags/example_xcomargs.py for tasks to queue
[2021-04-04 03:55:53,430] {logging_mixin.py:104} INFO - [2021-04-04 03:55:53,430] {dagbag.py:448} INFO - Filling up the DagBag from /home/prathamesh/PycharmProjects/airflow-project/venv/lib/python3.8/site-packages/airflow/example_dags/example_xcomargs.py
[2021-04-04 03:55:53,494] {scheduler_job.py:639} INFO - DAG(s) dict_keys(['example_xcom_args', 'example_xcom_args_with_operators']) retrieved from /home/prathamesh/PycharmProjects/airflow-project/venv/lib/python3.8/site-packages/airflow/example_dags/example_xcomargs.py
[2021-04-04 03:55:53,618] {logging_mixin.py:104} INFO - [2021-04-04 03:55:53,617] {dag.py:1818} INFO - Sync 2 DAGs
[2021-04-04 03:55:53,685] {logging_mixin.py:104} INFO - [2021-04-04 03:55:53,685] {dag.py:2273} INFO - Setting next_dagrun for example_xcom_args to None
[2021-04-04 03:55:53,687] {logging_mixin.py:104} INFO - [2021-04-04 03:55:53,687] {dag.py:2273} INFO - Setting next_dagrun for example_xcom_args_with_operators to None
[2021-04-04 03:55:53,746] {scheduler_job.py:190} INFO - Processing /home/prathamesh/PycharmProjects/airflow-project/venv/lib/python3.8/site-packages/airflow/example_dags/example_xcomargs.py took 0.371 seconds
[2021-04-04 03:56:24,385] {scheduler_job.py:182} INFO - Started process (PID=4698) to work on /home/prathamesh/PycharmProjects/airflow-project/venv/lib/python3.8/site-packages/airflow/example_dags/example_xcomargs.py
[2021-04-04 03:56:24,386] {scheduler_job.py:629} INFO - Processing file /home/prathamesh/PycharmProjects/airflow-project/venv/lib/python3.8/site-packages/airflow/example_dags/example_xcomargs.py for tasks to queue
[2021-04-04 03:56:24,386] {logging_mixin.py:104} INFO - [2021-04-04 03:56:24,386] {dagbag.py:448} INFO - Filling up the DagBag from /home/prathamesh/PycharmProjects/airflow-project/venv/lib/python3.8/site-packages/airflow/example_dags/example_xcomargs.py
[2021-04-04 03:56:24,406] {scheduler_job.py:639} INFO - DAG(s) dict_keys(['example_xcom_args', 'example_xcom_args_with_operators']) retrieved from /home/prathamesh/PycharmProjects/airflow-project/venv/lib/python3.8/site-packages/airflow/example_dags/example_xcomargs.py
[2021-04-04 03:56:24,442] {logging_mixin.py:104} INFO - [2021-04-04 03:56:24,442] {dag.py:1818} INFO - Sync 2 DAGs
[2021-04-04 03:56:24,460] {logging_mixin.py:104} INFO - [2021-04-04 03:56:24,460] {dag.py:2273} INFO - Setting next_dagrun for example_xcom_args to None
[2021-04-04 03:56:24,460] {logging_mixin.py:104} INFO - [2021-04-04 03:56:24,460] {dag.py:2273} INFO - Setting next_dagrun for example_xcom_args_with_operators to None
[2021-04-04 03:56:24,496] {scheduler_job.py:190} INFO - Processing /home/prathamesh/PycharmProjects/airflow-project/venv/lib/python3.8/site-packages/airflow/example_dags/example_xcomargs.py took 0.114 seconds
[2021-04-04 03:56:55,108] {scheduler_job.py:182} INFO - Started process (PID=4731) to work on /home/prathamesh/PycharmProjects/airflow-project/venv/lib/python3.8/site-packages/airflow/example_dags/example_xcomargs.py
[2021-04-04 03:56:55,108] {scheduler_job.py:629} INFO - Processing file /home/prathamesh/PycharmProjects/airflow-project/venv/lib/python3.8/site-packages/airflow/example_dags/example_xcomargs.py for tasks to queue
[2021-04-04 03:56:55,109] {logging_mixin.py:104} INFO - [2021-04-04 03:56:55,109] {dagbag.py:448} INFO - Filling up the DagBag from /home/prathamesh/PycharmProjects/airflow-project/venv/lib/python3.8/site-packages/airflow/example_dags/example_xcomargs.py
[2021-04-04 03:56:55,130] {scheduler_job.py:639} INFO - DAG(s) dict_keys(['example_xcom_args', 'example_xcom_args_with_operators']) retrieved from /home/prathamesh/PycharmProjects/airflow-project/venv/lib/python3.8/site-packages/airflow/example_dags/example_xcomargs.py
[2021-04-04 03:56:55,168] {logging_mixin.py:104} INFO - [2021-04-04 03:56:55,168] {dag.py:1818} INFO - Sync 2 DAGs
[2021-04-04 03:56:55,189] {logging_mixin.py:104} INFO - [2021-04-04 03:56:55,188] {dag.py:2273} INFO - Setting next_dagrun for example_xcom_args to None
[2021-04-04 03:56:55,189] {logging_mixin.py:104} INFO - [2021-04-04 03:56:55,189] {dag.py:2273} INFO - Setting next_dagrun for example_xcom_args_with_operators to None
[2021-04-04 03:56:55,207] {scheduler_job.py:190} INFO - Processing /home/prathamesh/PycharmProjects/airflow-project/venv/lib/python3.8/site-packages/airflow/example_dags/example_xcomargs.py took 0.102 seconds
[2021-04-04 03:57:26,168] {scheduler_job.py:182} INFO - Started process (PID=4760) to work on /home/prathamesh/PycharmProjects/airflow-project/venv/lib/python3.8/site-packages/airflow/example_dags/example_xcomargs.py
[2021-04-04 03:57:26,186] {scheduler_job.py:629} INFO - Processing file /home/prathamesh/PycharmProjects/airflow-project/venv/lib/python3.8/site-packages/airflow/example_dags/example_xcomargs.py for tasks to queue
[2021-04-04 03:57:26,186] {logging_mixin.py:104} INFO - [2021-04-04 03:57:26,186] {dagbag.py:448} INFO - Filling up the DagBag from /home/prathamesh/PycharmProjects/airflow-project/venv/lib/python3.8/site-packages/airflow/example_dags/example_xcomargs.py
[2021-04-04 03:57:26,246] {scheduler_job.py:639} INFO - DAG(s) dict_keys(['example_xcom_args', 'example_xcom_args_with_operators']) retrieved from /home/prathamesh/PycharmProjects/airflow-project/venv/lib/python3.8/site-packages/airflow/example_dags/example_xcomargs.py
[2021-04-04 03:57:26,299] {logging_mixin.py:104} INFO - [2021-04-04 03:57:26,299] {dag.py:1818} INFO - Sync 2 DAGs
[2021-04-04 03:57:26,355] {logging_mixin.py:104} INFO - [2021-04-04 03:57:26,355] {dag.py:2273} INFO - Setting next_dagrun for example_xcom_args to None
[2021-04-04 03:57:26,356] {logging_mixin.py:104} INFO - [2021-04-04 03:57:26,356] {dag.py:2273} INFO - Setting next_dagrun for example_xcom_args_with_operators to None
[2021-04-04 03:57:26,396] {scheduler_job.py:190} INFO - Processing /home/prathamesh/PycharmProjects/airflow-project/venv/lib/python3.8/site-packages/airflow/example_dags/example_xcomargs.py took 0.232 seconds
[2021-04-04 03:57:57,540] {scheduler_job.py:182} INFO - Started process (PID=4789) to work on /home/prathamesh/PycharmProjects/airflow-project/venv/lib/python3.8/site-packages/airflow/example_dags/example_xcomargs.py
[2021-04-04 03:57:57,541] {scheduler_job.py:629} INFO - Processing file /home/prathamesh/PycharmProjects/airflow-project/venv/lib/python3.8/site-packages/airflow/example_dags/example_xcomargs.py for tasks to queue
[2021-04-04 03:57:57,542] {logging_mixin.py:104} INFO - [2021-04-04 03:57:57,542] {dagbag.py:448} INFO - Filling up the DagBag from /home/prathamesh/PycharmProjects/airflow-project/venv/lib/python3.8/site-packages/airflow/example_dags/example_xcomargs.py
[2021-04-04 03:57:57,623] {scheduler_job.py:639} INFO - DAG(s) dict_keys(['example_xcom_args', 'example_xcom_args_with_operators']) retrieved from /home/prathamesh/PycharmProjects/airflow-project/venv/lib/python3.8/site-packages/airflow/example_dags/example_xcomargs.py
[2021-04-04 03:57:57,678] {logging_mixin.py:104} INFO - [2021-04-04 03:57:57,678] {dag.py:1818} INFO - Sync 2 DAGs
[2021-04-04 03:57:57,698] {logging_mixin.py:104} INFO - [2021-04-04 03:57:57,698] {dag.py:2273} INFO - Setting next_dagrun for example_xcom_args to None
[2021-04-04 03:57:57,699] {logging_mixin.py:104} INFO - [2021-04-04 03:57:57,699] {dag.py:2273} INFO - Setting next_dagrun for example_xcom_args_with_operators to None
[2021-04-04 03:57:57,756] {scheduler_job.py:190} INFO - Processing /home/prathamesh/PycharmProjects/airflow-project/venv/lib/python3.8/site-packages/airflow/example_dags/example_xcomargs.py took 0.220 seconds
[2021-04-04 04:07:38,737] {scheduler_job.py:182} INFO - Started process (PID=4954) to work on /home/prathamesh/PycharmProjects/airflow-project/venv/lib/python3.8/site-packages/airflow/example_dags/example_xcomargs.py
[2021-04-04 04:07:38,738] {scheduler_job.py:629} INFO - Processing file /home/prathamesh/PycharmProjects/airflow-project/venv/lib/python3.8/site-packages/airflow/example_dags/example_xcomargs.py for tasks to queue
[2021-04-04 04:07:38,738] {logging_mixin.py:104} INFO - [2021-04-04 04:07:38,738] {dagbag.py:448} INFO - Filling up the DagBag from /home/prathamesh/PycharmProjects/airflow-project/venv/lib/python3.8/site-packages/airflow/example_dags/example_xcomargs.py
[2021-04-04 04:07:38,745] {scheduler_job.py:639} INFO - DAG(s) dict_keys(['example_xcom_args', 'example_xcom_args_with_operators']) retrieved from /home/prathamesh/PycharmProjects/airflow-project/venv/lib/python3.8/site-packages/airflow/example_dags/example_xcomargs.py
[2021-04-04 04:07:38,761] {logging_mixin.py:104} INFO - [2021-04-04 04:07:38,761] {dag.py:1818} INFO - Sync 2 DAGs
[2021-04-04 04:07:38,767] {logging_mixin.py:104} INFO - [2021-04-04 04:07:38,767] {dag.py:2273} INFO - Setting next_dagrun for example_xcom_args to None
[2021-04-04 04:07:38,768] {logging_mixin.py:104} INFO - [2021-04-04 04:07:38,768] {dag.py:2273} INFO - Setting next_dagrun for example_xcom_args_with_operators to None
[2021-04-04 04:07:38,780] {scheduler_job.py:190} INFO - Processing /home/prathamesh/PycharmProjects/airflow-project/venv/lib/python3.8/site-packages/airflow/example_dags/example_xcomargs.py took 0.045 seconds
[2021-04-04 04:08:09,605] {scheduler_job.py:182} INFO - Started process (PID=5003) to work on /home/prathamesh/PycharmProjects/airflow-project/venv/lib/python3.8/site-packages/airflow/example_dags/example_xcomargs.py
[2021-04-04 04:08:09,606] {scheduler_job.py:629} INFO - Processing file /home/prathamesh/PycharmProjects/airflow-project/venv/lib/python3.8/site-packages/airflow/example_dags/example_xcomargs.py for tasks to queue
[2021-04-04 04:08:09,606] {logging_mixin.py:104} INFO - [2021-04-04 04:08:09,606] {dagbag.py:448} INFO - Filling up the DagBag from /home/prathamesh/PycharmProjects/airflow-project/venv/lib/python3.8/site-packages/airflow/example_dags/example_xcomargs.py
[2021-04-04 04:08:09,630] {scheduler_job.py:639} INFO - DAG(s) dict_keys(['example_xcom_args', 'example_xcom_args_with_operators']) retrieved from /home/prathamesh/PycharmProjects/airflow-project/venv/lib/python3.8/site-packages/airflow/example_dags/example_xcomargs.py
[2021-04-04 04:08:09,656] {logging_mixin.py:104} INFO - [2021-04-04 04:08:09,656] {dag.py:1818} INFO - Sync 2 DAGs
[2021-04-04 04:08:09,664] {logging_mixin.py:104} INFO - [2021-04-04 04:08:09,663] {dag.py:2273} INFO - Setting next_dagrun for example_xcom_args to None
[2021-04-04 04:08:09,664] {logging_mixin.py:104} INFO - [2021-04-04 04:08:09,664] {dag.py:2273} INFO - Setting next_dagrun for example_xcom_args_with_operators to None
[2021-04-04 04:08:09,676] {scheduler_job.py:190} INFO - Processing /home/prathamesh/PycharmProjects/airflow-project/venv/lib/python3.8/site-packages/airflow/example_dags/example_xcomargs.py took 0.072 seconds
[2021-04-04 04:08:40,336] {scheduler_job.py:182} INFO - Started process (PID=5032) to work on /home/prathamesh/PycharmProjects/airflow-project/venv/lib/python3.8/site-packages/airflow/example_dags/example_xcomargs.py
[2021-04-04 04:08:40,337] {scheduler_job.py:629} INFO - Processing file /home/prathamesh/PycharmProjects/airflow-project/venv/lib/python3.8/site-packages/airflow/example_dags/example_xcomargs.py for tasks to queue
[2021-04-04 04:08:40,337] {logging_mixin.py:104} INFO - [2021-04-04 04:08:40,337] {dagbag.py:448} INFO - Filling up the DagBag from /home/prathamesh/PycharmProjects/airflow-project/venv/lib/python3.8/site-packages/airflow/example_dags/example_xcomargs.py
[2021-04-04 04:08:40,345] {scheduler_job.py:639} INFO - DAG(s) dict_keys(['example_xcom_args', 'example_xcom_args_with_operators']) retrieved from /home/prathamesh/PycharmProjects/airflow-project/venv/lib/python3.8/site-packages/airflow/example_dags/example_xcomargs.py
[2021-04-04 04:08:40,380] {logging_mixin.py:104} INFO - [2021-04-04 04:08:40,380] {dag.py:1818} INFO - Sync 2 DAGs
[2021-04-04 04:08:40,393] {logging_mixin.py:104} INFO - [2021-04-04 04:08:40,393] {dag.py:2273} INFO - Setting next_dagrun for example_xcom_args to None
[2021-04-04 04:08:40,393] {logging_mixin.py:104} INFO - [2021-04-04 04:08:40,393] {dag.py:2273} INFO - Setting next_dagrun for example_xcom_args_with_operators to None
[2021-04-04 04:08:40,409] {scheduler_job.py:190} INFO - Processing /home/prathamesh/PycharmProjects/airflow-project/venv/lib/python3.8/site-packages/airflow/example_dags/example_xcomargs.py took 0.076 seconds
[2021-04-04 04:09:13,380] {scheduler_job.py:182} INFO - Started process (PID=5070) to work on /home/prathamesh/PycharmProjects/airflow-project/venv/lib/python3.8/site-packages/airflow/example_dags/example_xcomargs.py
[2021-04-04 04:09:13,407] {scheduler_job.py:629} INFO - Processing file /home/prathamesh/PycharmProjects/airflow-project/venv/lib/python3.8/site-packages/airflow/example_dags/example_xcomargs.py for tasks to queue
[2021-04-04 04:09:13,408] {logging_mixin.py:104} INFO - [2021-04-04 04:09:13,408] {dagbag.py:448} INFO - Filling up the DagBag from /home/prathamesh/PycharmProjects/airflow-project/venv/lib/python3.8/site-packages/airflow/example_dags/example_xcomargs.py
[2021-04-04 04:09:13,441] {scheduler_job.py:639} INFO - DAG(s) dict_keys(['example_xcom_args', 'example_xcom_args_with_operators']) retrieved from /home/prathamesh/PycharmProjects/airflow-project/venv/lib/python3.8/site-packages/airflow/example_dags/example_xcomargs.py
[2021-04-04 04:09:13,492] {logging_mixin.py:104} INFO - [2021-04-04 04:09:13,492] {dag.py:1818} INFO - Sync 2 DAGs
[2021-04-04 04:09:13,516] {logging_mixin.py:104} INFO - [2021-04-04 04:09:13,516] {dag.py:2273} INFO - Setting next_dagrun for example_xcom_args to None
[2021-04-04 04:09:13,516] {logging_mixin.py:104} INFO - [2021-04-04 04:09:13,516] {dag.py:2273} INFO - Setting next_dagrun for example_xcom_args_with_operators to None
[2021-04-04 04:09:13,587] {scheduler_job.py:190} INFO - Processing /home/prathamesh/PycharmProjects/airflow-project/venv/lib/python3.8/site-packages/airflow/example_dags/example_xcomargs.py took 0.210 seconds
[2021-04-04 04:09:44,705] {scheduler_job.py:182} INFO - Started process (PID=5102) to work on /home/prathamesh/PycharmProjects/airflow-project/venv/lib/python3.8/site-packages/airflow/example_dags/example_xcomargs.py
[2021-04-04 04:09:44,705] {scheduler_job.py:629} INFO - Processing file /home/prathamesh/PycharmProjects/airflow-project/venv/lib/python3.8/site-packages/airflow/example_dags/example_xcomargs.py for tasks to queue
[2021-04-04 04:09:44,706] {logging_mixin.py:104} INFO - [2021-04-04 04:09:44,706] {dagbag.py:448} INFO - Filling up the DagBag from /home/prathamesh/PycharmProjects/airflow-project/venv/lib/python3.8/site-packages/airflow/example_dags/example_xcomargs.py
[2021-04-04 04:09:44,713] {scheduler_job.py:639} INFO - DAG(s) dict_keys(['example_xcom_args', 'example_xcom_args_with_operators']) retrieved from /home/prathamesh/PycharmProjects/airflow-project/venv/lib/python3.8/site-packages/airflow/example_dags/example_xcomargs.py
[2021-04-04 04:09:44,727] {logging_mixin.py:104} INFO - [2021-04-04 04:09:44,727] {dag.py:1818} INFO - Sync 2 DAGs
[2021-04-04 04:09:44,732] {logging_mixin.py:104} INFO - [2021-04-04 04:09:44,732] {dag.py:2273} INFO - Setting next_dagrun for example_xcom_args to None
[2021-04-04 04:09:44,732] {logging_mixin.py:104} INFO - [2021-04-04 04:09:44,732] {dag.py:2273} INFO - Setting next_dagrun for example_xcom_args_with_operators to None
[2021-04-04 04:09:44,747] {scheduler_job.py:190} INFO - Processing /home/prathamesh/PycharmProjects/airflow-project/venv/lib/python3.8/site-packages/airflow/example_dags/example_xcomargs.py took 0.045 seconds
[2021-04-04 04:10:15,462] {scheduler_job.py:182} INFO - Started process (PID=5165) to work on /home/prathamesh/PycharmProjects/airflow-project/venv/lib/python3.8/site-packages/airflow/example_dags/example_xcomargs.py
[2021-04-04 04:10:15,463] {scheduler_job.py:629} INFO - Processing file /home/prathamesh/PycharmProjects/airflow-project/venv/lib/python3.8/site-packages/airflow/example_dags/example_xcomargs.py for tasks to queue
[2021-04-04 04:10:15,463] {logging_mixin.py:104} INFO - [2021-04-04 04:10:15,463] {dagbag.py:448} INFO - Filling up the DagBag from /home/prathamesh/PycharmProjects/airflow-project/venv/lib/python3.8/site-packages/airflow/example_dags/example_xcomargs.py
[2021-04-04 04:10:15,471] {scheduler_job.py:639} INFO - DAG(s) dict_keys(['example_xcom_args', 'example_xcom_args_with_operators']) retrieved from /home/prathamesh/PycharmProjects/airflow-project/venv/lib/python3.8/site-packages/airflow/example_dags/example_xcomargs.py
[2021-04-04 04:10:15,484] {logging_mixin.py:104} INFO - [2021-04-04 04:10:15,484] {dag.py:1818} INFO - Sync 2 DAGs
[2021-04-04 04:10:15,490] {logging_mixin.py:104} INFO - [2021-04-04 04:10:15,490] {dag.py:2273} INFO - Setting next_dagrun for example_xcom_args to None
[2021-04-04 04:10:15,490] {logging_mixin.py:104} INFO - [2021-04-04 04:10:15,490] {dag.py:2273} INFO - Setting next_dagrun for example_xcom_args_with_operators to None
[2021-04-04 04:10:15,504] {scheduler_job.py:190} INFO - Processing /home/prathamesh/PycharmProjects/airflow-project/venv/lib/python3.8/site-packages/airflow/example_dags/example_xcomargs.py took 0.045 seconds
[2021-04-04 04:10:45,636] {scheduler_job.py:182} INFO - Started process (PID=5193) to work on /home/prathamesh/PycharmProjects/airflow-project/venv/lib/python3.8/site-packages/airflow/example_dags/example_xcomargs.py
[2021-04-04 04:10:45,638] {scheduler_job.py:629} INFO - Processing file /home/prathamesh/PycharmProjects/airflow-project/venv/lib/python3.8/site-packages/airflow/example_dags/example_xcomargs.py for tasks to queue
[2021-04-04 04:10:45,638] {logging_mixin.py:104} INFO - [2021-04-04 04:10:45,638] {dagbag.py:448} INFO - Filling up the DagBag from /home/prathamesh/PycharmProjects/airflow-project/venv/lib/python3.8/site-packages/airflow/example_dags/example_xcomargs.py
[2021-04-04 04:10:45,652] {scheduler_job.py:639} INFO - DAG(s) dict_keys(['example_xcom_args', 'example_xcom_args_with_operators']) retrieved from /home/prathamesh/PycharmProjects/airflow-project/venv/lib/python3.8/site-packages/airflow/example_dags/example_xcomargs.py
[2021-04-04 04:10:45,666] {logging_mixin.py:104} INFO - [2021-04-04 04:10:45,666] {dag.py:1818} INFO - Sync 2 DAGs
[2021-04-04 04:10:45,673] {logging_mixin.py:104} INFO - [2021-04-04 04:10:45,673] {dag.py:2273} INFO - Setting next_dagrun for example_xcom_args to None
[2021-04-04 04:10:45,674] {logging_mixin.py:104} INFO - [2021-04-04 04:10:45,674] {dag.py:2273} INFO - Setting next_dagrun for example_xcom_args_with_operators to None
[2021-04-04 04:10:45,688] {scheduler_job.py:190} INFO - Processing /home/prathamesh/PycharmProjects/airflow-project/venv/lib/python3.8/site-packages/airflow/example_dags/example_xcomargs.py took 0.055 seconds
[2021-04-04 04:11:16,397] {scheduler_job.py:182} INFO - Started process (PID=5225) to work on /home/prathamesh/PycharmProjects/airflow-project/venv/lib/python3.8/site-packages/airflow/example_dags/example_xcomargs.py
[2021-04-04 04:11:16,398] {scheduler_job.py:629} INFO - Processing file /home/prathamesh/PycharmProjects/airflow-project/venv/lib/python3.8/site-packages/airflow/example_dags/example_xcomargs.py for tasks to queue
[2021-04-04 04:11:16,399] {logging_mixin.py:104} INFO - [2021-04-04 04:11:16,399] {dagbag.py:448} INFO - Filling up the DagBag from /home/prathamesh/PycharmProjects/airflow-project/venv/lib/python3.8/site-packages/airflow/example_dags/example_xcomargs.py
[2021-04-04 04:11:16,406] {scheduler_job.py:639} INFO - DAG(s) dict_keys(['example_xcom_args', 'example_xcom_args_with_operators']) retrieved from /home/prathamesh/PycharmProjects/airflow-project/venv/lib/python3.8/site-packages/airflow/example_dags/example_xcomargs.py
[2021-04-04 04:11:16,420] {logging_mixin.py:104} INFO - [2021-04-04 04:11:16,420] {dag.py:1818} INFO - Sync 2 DAGs
[2021-04-04 04:11:16,425] {logging_mixin.py:104} INFO - [2021-04-04 04:11:16,425] {dag.py:2273} INFO - Setting next_dagrun for example_xcom_args to None
[2021-04-04 04:11:16,426] {logging_mixin.py:104} INFO - [2021-04-04 04:11:16,426] {dag.py:2273} INFO - Setting next_dagrun for example_xcom_args_with_operators to None
[2021-04-04 04:11:16,440] {scheduler_job.py:190} INFO - Processing /home/prathamesh/PycharmProjects/airflow-project/venv/lib/python3.8/site-packages/airflow/example_dags/example_xcomargs.py took 0.045 seconds
[2021-04-04 04:11:47,105] {scheduler_job.py:182} INFO - Started process (PID=5282) to work on /home/prathamesh/PycharmProjects/airflow-project/venv/lib/python3.8/site-packages/airflow/example_dags/example_xcomargs.py
[2021-04-04 04:11:47,106] {scheduler_job.py:629} INFO - Processing file /home/prathamesh/PycharmProjects/airflow-project/venv/lib/python3.8/site-packages/airflow/example_dags/example_xcomargs.py for tasks to queue
[2021-04-04 04:11:47,106] {logging_mixin.py:104} INFO - [2021-04-04 04:11:47,106] {dagbag.py:448} INFO - Filling up the DagBag from /home/prathamesh/PycharmProjects/airflow-project/venv/lib/python3.8/site-packages/airflow/example_dags/example_xcomargs.py
[2021-04-04 04:11:47,114] {scheduler_job.py:639} INFO - DAG(s) dict_keys(['example_xcom_args', 'example_xcom_args_with_operators']) retrieved from /home/prathamesh/PycharmProjects/airflow-project/venv/lib/python3.8/site-packages/airflow/example_dags/example_xcomargs.py
[2021-04-04 04:11:47,130] {logging_mixin.py:104} INFO - [2021-04-04 04:11:47,130] {dag.py:1818} INFO - Sync 2 DAGs
[2021-04-04 04:11:47,138] {logging_mixin.py:104} INFO - [2021-04-04 04:11:47,138] {dag.py:2273} INFO - Setting next_dagrun for example_xcom_args to None
[2021-04-04 04:11:47,139] {logging_mixin.py:104} INFO - [2021-04-04 04:11:47,139] {dag.py:2273} INFO - Setting next_dagrun for example_xcom_args_with_operators to None
[2021-04-04 04:11:47,152] {scheduler_job.py:190} INFO - Processing /home/prathamesh/PycharmProjects/airflow-project/venv/lib/python3.8/site-packages/airflow/example_dags/example_xcomargs.py took 0.049 seconds
[2021-04-04 04:12:17,972] {scheduler_job.py:182} INFO - Started process (PID=5321) to work on /home/prathamesh/PycharmProjects/airflow-project/venv/lib/python3.8/site-packages/airflow/example_dags/example_xcomargs.py
[2021-04-04 04:12:17,972] {scheduler_job.py:629} INFO - Processing file /home/prathamesh/PycharmProjects/airflow-project/venv/lib/python3.8/site-packages/airflow/example_dags/example_xcomargs.py for tasks to queue
[2021-04-04 04:12:17,973] {logging_mixin.py:104} INFO - [2021-04-04 04:12:17,973] {dagbag.py:448} INFO - Filling up the DagBag from /home/prathamesh/PycharmProjects/airflow-project/venv/lib/python3.8/site-packages/airflow/example_dags/example_xcomargs.py
[2021-04-04 04:12:17,981] {scheduler_job.py:639} INFO - DAG(s) dict_keys(['example_xcom_args', 'example_xcom_args_with_operators']) retrieved from /home/prathamesh/PycharmProjects/airflow-project/venv/lib/python3.8/site-packages/airflow/example_dags/example_xcomargs.py
[2021-04-04 04:12:17,996] {logging_mixin.py:104} INFO - [2021-04-04 04:12:17,996] {dag.py:1818} INFO - Sync 2 DAGs
[2021-04-04 04:12:18,002] {logging_mixin.py:104} INFO - [2021-04-04 04:12:18,002] {dag.py:2273} INFO - Setting next_dagrun for example_xcom_args to None
[2021-04-04 04:12:18,003] {logging_mixin.py:104} INFO - [2021-04-04 04:12:18,002] {dag.py:2273} INFO - Setting next_dagrun for example_xcom_args_with_operators to None
[2021-04-04 04:12:18,018] {scheduler_job.py:190} INFO - Processing /home/prathamesh/PycharmProjects/airflow-project/venv/lib/python3.8/site-packages/airflow/example_dags/example_xcomargs.py took 0.048 seconds
[2021-04-04 04:12:48,561] {scheduler_job.py:182} INFO - Started process (PID=5366) to work on /home/prathamesh/PycharmProjects/airflow-project/venv/lib/python3.8/site-packages/airflow/example_dags/example_xcomargs.py
[2021-04-04 04:12:48,563] {scheduler_job.py:629} INFO - Processing file /home/prathamesh/PycharmProjects/airflow-project/venv/lib/python3.8/site-packages/airflow/example_dags/example_xcomargs.py for tasks to queue
[2021-04-04 04:12:48,563] {logging_mixin.py:104} INFO - [2021-04-04 04:12:48,563] {dagbag.py:448} INFO - Filling up the DagBag from /home/prathamesh/PycharmProjects/airflow-project/venv/lib/python3.8/site-packages/airflow/example_dags/example_xcomargs.py
[2021-04-04 04:12:48,574] {scheduler_job.py:639} INFO - DAG(s) dict_keys(['example_xcom_args', 'example_xcom_args_with_operators']) retrieved from /home/prathamesh/PycharmProjects/airflow-project/venv/lib/python3.8/site-packages/airflow/example_dags/example_xcomargs.py
[2021-04-04 04:12:48,587] {logging_mixin.py:104} INFO - [2021-04-04 04:12:48,587] {dag.py:1818} INFO - Sync 2 DAGs
[2021-04-04 04:12:48,594] {logging_mixin.py:104} INFO - [2021-04-04 04:12:48,594] {dag.py:2273} INFO - Setting next_dagrun for example_xcom_args to None
[2021-04-04 04:12:48,594] {logging_mixin.py:104} INFO - [2021-04-04 04:12:48,594] {dag.py:2273} INFO - Setting next_dagrun for example_xcom_args_with_operators to None
[2021-04-04 04:12:48,608] {scheduler_job.py:190} INFO - Processing /home/prathamesh/PycharmProjects/airflow-project/venv/lib/python3.8/site-packages/airflow/example_dags/example_xcomargs.py took 0.052 seconds
[2021-04-04 16:21:27,052] {scheduler_job.py:182} INFO - Started process (PID=3268) to work on /home/prathamesh/PycharmProjects/airflow-project/venv/lib/python3.8/site-packages/airflow/example_dags/example_xcomargs.py
[2021-04-04 16:21:27,055] {scheduler_job.py:629} INFO - Processing file /home/prathamesh/PycharmProjects/airflow-project/venv/lib/python3.8/site-packages/airflow/example_dags/example_xcomargs.py for tasks to queue
[2021-04-04 16:21:27,055] {logging_mixin.py:104} INFO - [2021-04-04 16:21:27,055] {dagbag.py:448} INFO - Filling up the DagBag from /home/prathamesh/PycharmProjects/airflow-project/venv/lib/python3.8/site-packages/airflow/example_dags/example_xcomargs.py
[2021-04-04 16:21:27,064] {scheduler_job.py:639} INFO - DAG(s) dict_keys(['example_xcom_args', 'example_xcom_args_with_operators']) retrieved from /home/prathamesh/PycharmProjects/airflow-project/venv/lib/python3.8/site-packages/airflow/example_dags/example_xcomargs.py
[2021-04-04 16:21:27,079] {logging_mixin.py:104} INFO - [2021-04-04 16:21:27,078] {dag.py:1818} INFO - Sync 2 DAGs
[2021-04-04 16:21:27,089] {logging_mixin.py:104} INFO - [2021-04-04 16:21:27,089] {dag.py:2273} INFO - Setting next_dagrun for example_xcom_args to None
[2021-04-04 16:21:27,090] {logging_mixin.py:104} INFO - [2021-04-04 16:21:27,090] {dag.py:2273} INFO - Setting next_dagrun for example_xcom_args_with_operators to None
[2021-04-04 16:21:27,102] {scheduler_job.py:190} INFO - Processing /home/prathamesh/PycharmProjects/airflow-project/venv/lib/python3.8/site-packages/airflow/example_dags/example_xcomargs.py took 0.053 seconds
[2021-04-04 16:21:57,977] {scheduler_job.py:182} INFO - Started process (PID=3498) to work on /home/prathamesh/PycharmProjects/airflow-project/venv/lib/python3.8/site-packages/airflow/example_dags/example_xcomargs.py
[2021-04-04 16:21:57,978] {scheduler_job.py:629} INFO - Processing file /home/prathamesh/PycharmProjects/airflow-project/venv/lib/python3.8/site-packages/airflow/example_dags/example_xcomargs.py for tasks to queue
[2021-04-04 16:21:57,980] {logging_mixin.py:104} INFO - [2021-04-04 16:21:57,980] {dagbag.py:448} INFO - Filling up the DagBag from /home/prathamesh/PycharmProjects/airflow-project/venv/lib/python3.8/site-packages/airflow/example_dags/example_xcomargs.py
[2021-04-04 16:21:57,991] {scheduler_job.py:639} INFO - DAG(s) dict_keys(['example_xcom_args', 'example_xcom_args_with_operators']) retrieved from /home/prathamesh/PycharmProjects/airflow-project/venv/lib/python3.8/site-packages/airflow/example_dags/example_xcomargs.py
[2021-04-04 16:21:58,003] {logging_mixin.py:104} INFO - [2021-04-04 16:21:58,003] {dag.py:1818} INFO - Sync 2 DAGs
[2021-04-04 16:21:58,014] {logging_mixin.py:104} INFO - [2021-04-04 16:21:58,014] {dag.py:2273} INFO - Setting next_dagrun for example_xcom_args to None
[2021-04-04 16:21:58,015] {logging_mixin.py:104} INFO - [2021-04-04 16:21:58,015] {dag.py:2273} INFO - Setting next_dagrun for example_xcom_args_with_operators to None
[2021-04-04 16:21:58,028] {scheduler_job.py:190} INFO - Processing /home/prathamesh/PycharmProjects/airflow-project/venv/lib/python3.8/site-packages/airflow/example_dags/example_xcomargs.py took 0.053 seconds
[2021-04-04 16:22:28,795] {scheduler_job.py:182} INFO - Started process (PID=3559) to work on /home/prathamesh/PycharmProjects/airflow-project/venv/lib/python3.8/site-packages/airflow/example_dags/example_xcomargs.py
[2021-04-04 16:22:28,795] {scheduler_job.py:629} INFO - Processing file /home/prathamesh/PycharmProjects/airflow-project/venv/lib/python3.8/site-packages/airflow/example_dags/example_xcomargs.py for tasks to queue
[2021-04-04 16:22:28,796] {logging_mixin.py:104} INFO - [2021-04-04 16:22:28,796] {dagbag.py:448} INFO - Filling up the DagBag from /home/prathamesh/PycharmProjects/airflow-project/venv/lib/python3.8/site-packages/airflow/example_dags/example_xcomargs.py
[2021-04-04 16:22:28,807] {scheduler_job.py:639} INFO - DAG(s) dict_keys(['example_xcom_args', 'example_xcom_args_with_operators']) retrieved from /home/prathamesh/PycharmProjects/airflow-project/venv/lib/python3.8/site-packages/airflow/example_dags/example_xcomargs.py
[2021-04-04 16:22:28,821] {logging_mixin.py:104} INFO - [2021-04-04 16:22:28,821] {dag.py:1818} INFO - Sync 2 DAGs
[2021-04-04 16:22:28,829] {logging_mixin.py:104} INFO - [2021-04-04 16:22:28,829] {dag.py:2273} INFO - Setting next_dagrun for example_xcom_args to None
[2021-04-04 16:22:28,829] {logging_mixin.py:104} INFO - [2021-04-04 16:22:28,829] {dag.py:2273} INFO - Setting next_dagrun for example_xcom_args_with_operators to None
[2021-04-04 16:22:28,844] {scheduler_job.py:190} INFO - Processing /home/prathamesh/PycharmProjects/airflow-project/venv/lib/python3.8/site-packages/airflow/example_dags/example_xcomargs.py took 0.054 seconds
[2021-04-04 16:22:59,380] {scheduler_job.py:182} INFO - Started process (PID=3586) to work on /home/prathamesh/PycharmProjects/airflow-project/venv/lib/python3.8/site-packages/airflow/example_dags/example_xcomargs.py
[2021-04-04 16:22:59,381] {scheduler_job.py:629} INFO - Processing file /home/prathamesh/PycharmProjects/airflow-project/venv/lib/python3.8/site-packages/airflow/example_dags/example_xcomargs.py for tasks to queue
[2021-04-04 16:22:59,382] {logging_mixin.py:104} INFO - [2021-04-04 16:22:59,382] {dagbag.py:448} INFO - Filling up the DagBag from /home/prathamesh/PycharmProjects/airflow-project/venv/lib/python3.8/site-packages/airflow/example_dags/example_xcomargs.py
[2021-04-04 16:22:59,395] {scheduler_job.py:639} INFO - DAG(s) dict_keys(['example_xcom_args', 'example_xcom_args_with_operators']) retrieved from /home/prathamesh/PycharmProjects/airflow-project/venv/lib/python3.8/site-packages/airflow/example_dags/example_xcomargs.py
[2021-04-04 16:22:59,412] {logging_mixin.py:104} INFO - [2021-04-04 16:22:59,412] {dag.py:1818} INFO - Sync 2 DAGs
[2021-04-04 16:22:59,419] {logging_mixin.py:104} INFO - [2021-04-04 16:22:59,419] {dag.py:2273} INFO - Setting next_dagrun for example_xcom_args to None
[2021-04-04 16:22:59,420] {logging_mixin.py:104} INFO - [2021-04-04 16:22:59,420] {dag.py:2273} INFO - Setting next_dagrun for example_xcom_args_with_operators to None
[2021-04-04 16:22:59,433] {scheduler_job.py:190} INFO - Processing /home/prathamesh/PycharmProjects/airflow-project/venv/lib/python3.8/site-packages/airflow/example_dags/example_xcomargs.py took 0.057 seconds
[2021-04-04 16:23:30,019] {scheduler_job.py:182} INFO - Started process (PID=3614) to work on /home/prathamesh/PycharmProjects/airflow-project/venv/lib/python3.8/site-packages/airflow/example_dags/example_xcomargs.py
[2021-04-04 16:23:30,020] {scheduler_job.py:629} INFO - Processing file /home/prathamesh/PycharmProjects/airflow-project/venv/lib/python3.8/site-packages/airflow/example_dags/example_xcomargs.py for tasks to queue
[2021-04-04 16:23:30,022] {logging_mixin.py:104} INFO - [2021-04-04 16:23:30,022] {dagbag.py:448} INFO - Filling up the DagBag from /home/prathamesh/PycharmProjects/airflow-project/venv/lib/python3.8/site-packages/airflow/example_dags/example_xcomargs.py
[2021-04-04 16:23:30,035] {scheduler_job.py:639} INFO - DAG(s) dict_keys(['example_xcom_args', 'example_xcom_args_with_operators']) retrieved from /home/prathamesh/PycharmProjects/airflow-project/venv/lib/python3.8/site-packages/airflow/example_dags/example_xcomargs.py
[2021-04-04 16:23:30,066] {logging_mixin.py:104} INFO - [2021-04-04 16:23:30,066] {dag.py:1818} INFO - Sync 2 DAGs
[2021-04-04 16:23:30,075] {logging_mixin.py:104} INFO - [2021-04-04 16:23:30,075] {dag.py:2273} INFO - Setting next_dagrun for example_xcom_args to None
[2021-04-04 16:23:30,076] {logging_mixin.py:104} INFO - [2021-04-04 16:23:30,076] {dag.py:2273} INFO - Setting next_dagrun for example_xcom_args_with_operators to None
[2021-04-04 16:23:30,085] {scheduler_job.py:190} INFO - Processing /home/prathamesh/PycharmProjects/airflow-project/venv/lib/python3.8/site-packages/airflow/example_dags/example_xcomargs.py took 0.068 seconds
