[2021-04-04 03:36:09,271] {scheduler_job.py:182} INFO - Started process (PID=2984) to work on /home/prathamesh/PycharmProjects/airflow-project/venv/lib/python3.8/site-packages/airflow/example_dags/example_skip_dag.py
[2021-04-04 03:36:09,271] {scheduler_job.py:629} INFO - Processing file /home/prathamesh/PycharmProjects/airflow-project/venv/lib/python3.8/site-packages/airflow/example_dags/example_skip_dag.py for tasks to queue
[2021-04-04 03:36:09,272] {logging_mixin.py:104} INFO - [2021-04-04 03:36:09,272] {dagbag.py:448} INFO - Filling up the DagBag from /home/prathamesh/PycharmProjects/airflow-project/venv/lib/python3.8/site-packages/airflow/example_dags/example_skip_dag.py
[2021-04-04 03:36:09,281] {scheduler_job.py:639} INFO - DAG(s) dict_keys(['example_skip_dag']) retrieved from /home/prathamesh/PycharmProjects/airflow-project/venv/lib/python3.8/site-packages/airflow/example_dags/example_skip_dag.py
[2021-04-04 03:36:09,291] {logging_mixin.py:104} INFO - [2021-04-04 03:36:09,291] {dag.py:1818} INFO - Sync 1 DAGs
[2021-04-04 03:36:09,299] {logging_mixin.py:104} INFO - [2021-04-04 03:36:09,299] {dag.py:2273} INFO - Setting next_dagrun for example_skip_dag to 2021-04-02 00:00:00+00:00
[2021-04-04 03:36:09,303] {scheduler_job.py:190} INFO - Processing /home/prathamesh/PycharmProjects/airflow-project/venv/lib/python3.8/site-packages/airflow/example_dags/example_skip_dag.py took 0.034 seconds
[2021-04-04 03:36:40,228] {scheduler_job.py:182} INFO - Started process (PID=3217) to work on /home/prathamesh/PycharmProjects/airflow-project/venv/lib/python3.8/site-packages/airflow/example_dags/example_skip_dag.py
[2021-04-04 03:36:40,230] {scheduler_job.py:629} INFO - Processing file /home/prathamesh/PycharmProjects/airflow-project/venv/lib/python3.8/site-packages/airflow/example_dags/example_skip_dag.py for tasks to queue
[2021-04-04 03:36:40,230] {logging_mixin.py:104} INFO - [2021-04-04 03:36:40,230] {dagbag.py:448} INFO - Filling up the DagBag from /home/prathamesh/PycharmProjects/airflow-project/venv/lib/python3.8/site-packages/airflow/example_dags/example_skip_dag.py
[2021-04-04 03:36:40,237] {scheduler_job.py:639} INFO - DAG(s) dict_keys(['example_skip_dag']) retrieved from /home/prathamesh/PycharmProjects/airflow-project/venv/lib/python3.8/site-packages/airflow/example_dags/example_skip_dag.py
[2021-04-04 03:36:40,256] {logging_mixin.py:104} INFO - [2021-04-04 03:36:40,256] {dag.py:1818} INFO - Sync 1 DAGs
[2021-04-04 03:36:40,264] {logging_mixin.py:104} INFO - [2021-04-04 03:36:40,264] {dag.py:2273} INFO - Setting next_dagrun for example_skip_dag to 2021-04-02 00:00:00+00:00
[2021-04-04 03:36:40,271] {scheduler_job.py:190} INFO - Processing /home/prathamesh/PycharmProjects/airflow-project/venv/lib/python3.8/site-packages/airflow/example_dags/example_skip_dag.py took 0.045 seconds
[2021-04-04 03:37:11,221] {scheduler_job.py:182} INFO - Started process (PID=3250) to work on /home/prathamesh/PycharmProjects/airflow-project/venv/lib/python3.8/site-packages/airflow/example_dags/example_skip_dag.py
[2021-04-04 03:37:11,221] {scheduler_job.py:629} INFO - Processing file /home/prathamesh/PycharmProjects/airflow-project/venv/lib/python3.8/site-packages/airflow/example_dags/example_skip_dag.py for tasks to queue
[2021-04-04 03:37:11,222] {logging_mixin.py:104} INFO - [2021-04-04 03:37:11,222] {dagbag.py:448} INFO - Filling up the DagBag from /home/prathamesh/PycharmProjects/airflow-project/venv/lib/python3.8/site-packages/airflow/example_dags/example_skip_dag.py
[2021-04-04 03:37:11,230] {scheduler_job.py:639} INFO - DAG(s) dict_keys(['example_skip_dag']) retrieved from /home/prathamesh/PycharmProjects/airflow-project/venv/lib/python3.8/site-packages/airflow/example_dags/example_skip_dag.py
[2021-04-04 03:37:11,247] {logging_mixin.py:104} INFO - [2021-04-04 03:37:11,247] {dag.py:1818} INFO - Sync 1 DAGs
[2021-04-04 03:37:11,258] {logging_mixin.py:104} INFO - [2021-04-04 03:37:11,258] {dag.py:2273} INFO - Setting next_dagrun for example_skip_dag to 2021-04-02 00:00:00+00:00
[2021-04-04 03:37:11,266] {scheduler_job.py:190} INFO - Processing /home/prathamesh/PycharmProjects/airflow-project/venv/lib/python3.8/site-packages/airflow/example_dags/example_skip_dag.py took 0.048 seconds
[2021-04-04 03:37:42,057] {scheduler_job.py:182} INFO - Started process (PID=3287) to work on /home/prathamesh/PycharmProjects/airflow-project/venv/lib/python3.8/site-packages/airflow/example_dags/example_skip_dag.py
[2021-04-04 03:37:42,060] {scheduler_job.py:629} INFO - Processing file /home/prathamesh/PycharmProjects/airflow-project/venv/lib/python3.8/site-packages/airflow/example_dags/example_skip_dag.py for tasks to queue
[2021-04-04 03:37:42,061] {logging_mixin.py:104} INFO - [2021-04-04 03:37:42,061] {dagbag.py:448} INFO - Filling up the DagBag from /home/prathamesh/PycharmProjects/airflow-project/venv/lib/python3.8/site-packages/airflow/example_dags/example_skip_dag.py
[2021-04-04 03:37:42,067] {scheduler_job.py:639} INFO - DAG(s) dict_keys(['example_skip_dag']) retrieved from /home/prathamesh/PycharmProjects/airflow-project/venv/lib/python3.8/site-packages/airflow/example_dags/example_skip_dag.py
[2021-04-04 03:37:42,081] {logging_mixin.py:104} INFO - [2021-04-04 03:37:42,081] {dag.py:1818} INFO - Sync 1 DAGs
[2021-04-04 03:37:42,091] {logging_mixin.py:104} INFO - [2021-04-04 03:37:42,091] {dag.py:2273} INFO - Setting next_dagrun for example_skip_dag to 2021-04-02 00:00:00+00:00
[2021-04-04 03:37:42,098] {scheduler_job.py:190} INFO - Processing /home/prathamesh/PycharmProjects/airflow-project/venv/lib/python3.8/site-packages/airflow/example_dags/example_skip_dag.py took 0.044 seconds
[2021-04-04 03:38:12,633] {scheduler_job.py:182} INFO - Started process (PID=3316) to work on /home/prathamesh/PycharmProjects/airflow-project/venv/lib/python3.8/site-packages/airflow/example_dags/example_skip_dag.py
[2021-04-04 03:38:12,634] {scheduler_job.py:629} INFO - Processing file /home/prathamesh/PycharmProjects/airflow-project/venv/lib/python3.8/site-packages/airflow/example_dags/example_skip_dag.py for tasks to queue
[2021-04-04 03:38:12,635] {logging_mixin.py:104} INFO - [2021-04-04 03:38:12,635] {dagbag.py:448} INFO - Filling up the DagBag from /home/prathamesh/PycharmProjects/airflow-project/venv/lib/python3.8/site-packages/airflow/example_dags/example_skip_dag.py
[2021-04-04 03:38:12,649] {scheduler_job.py:639} INFO - DAG(s) dict_keys(['example_skip_dag']) retrieved from /home/prathamesh/PycharmProjects/airflow-project/venv/lib/python3.8/site-packages/airflow/example_dags/example_skip_dag.py
[2021-04-04 03:38:12,674] {logging_mixin.py:104} INFO - [2021-04-04 03:38:12,674] {dag.py:1818} INFO - Sync 1 DAGs
[2021-04-04 03:38:12,689] {logging_mixin.py:104} INFO - [2021-04-04 03:38:12,689] {dag.py:2273} INFO - Setting next_dagrun for example_skip_dag to 2021-04-02 00:00:00+00:00
[2021-04-04 03:38:12,708] {scheduler_job.py:190} INFO - Processing /home/prathamesh/PycharmProjects/airflow-project/venv/lib/python3.8/site-packages/airflow/example_dags/example_skip_dag.py took 0.079 seconds
[2021-04-04 03:38:43,589] {scheduler_job.py:182} INFO - Started process (PID=3352) to work on /home/prathamesh/PycharmProjects/airflow-project/venv/lib/python3.8/site-packages/airflow/example_dags/example_skip_dag.py
[2021-04-04 03:38:43,592] {scheduler_job.py:629} INFO - Processing file /home/prathamesh/PycharmProjects/airflow-project/venv/lib/python3.8/site-packages/airflow/example_dags/example_skip_dag.py for tasks to queue
[2021-04-04 03:38:43,593] {logging_mixin.py:104} INFO - [2021-04-04 03:38:43,592] {dagbag.py:448} INFO - Filling up the DagBag from /home/prathamesh/PycharmProjects/airflow-project/venv/lib/python3.8/site-packages/airflow/example_dags/example_skip_dag.py
[2021-04-04 03:38:43,602] {scheduler_job.py:639} INFO - DAG(s) dict_keys(['example_skip_dag']) retrieved from /home/prathamesh/PycharmProjects/airflow-project/venv/lib/python3.8/site-packages/airflow/example_dags/example_skip_dag.py
[2021-04-04 03:38:43,615] {logging_mixin.py:104} INFO - [2021-04-04 03:38:43,615] {dag.py:1818} INFO - Sync 1 DAGs
[2021-04-04 03:38:43,640] {logging_mixin.py:104} INFO - [2021-04-04 03:38:43,631] {dag.py:2273} INFO - Setting next_dagrun for example_skip_dag to 2021-04-02 00:00:00+00:00
[2021-04-04 03:38:43,647] {scheduler_job.py:190} INFO - Processing /home/prathamesh/PycharmProjects/airflow-project/venv/lib/python3.8/site-packages/airflow/example_dags/example_skip_dag.py took 0.064 seconds
[2021-04-04 03:39:15,139] {scheduler_job.py:182} INFO - Started process (PID=3389) to work on /home/prathamesh/PycharmProjects/airflow-project/venv/lib/python3.8/site-packages/airflow/example_dags/example_skip_dag.py
[2021-04-04 03:39:15,140] {scheduler_job.py:629} INFO - Processing file /home/prathamesh/PycharmProjects/airflow-project/venv/lib/python3.8/site-packages/airflow/example_dags/example_skip_dag.py for tasks to queue
[2021-04-04 03:39:15,140] {logging_mixin.py:104} INFO - [2021-04-04 03:39:15,140] {dagbag.py:448} INFO - Filling up the DagBag from /home/prathamesh/PycharmProjects/airflow-project/venv/lib/python3.8/site-packages/airflow/example_dags/example_skip_dag.py
[2021-04-04 03:39:15,147] {scheduler_job.py:639} INFO - DAG(s) dict_keys(['example_skip_dag']) retrieved from /home/prathamesh/PycharmProjects/airflow-project/venv/lib/python3.8/site-packages/airflow/example_dags/example_skip_dag.py
[2021-04-04 03:39:15,164] {logging_mixin.py:104} INFO - [2021-04-04 03:39:15,164] {dag.py:1818} INFO - Sync 1 DAGs
[2021-04-04 03:39:15,173] {logging_mixin.py:104} INFO - [2021-04-04 03:39:15,173] {dag.py:2273} INFO - Setting next_dagrun for example_skip_dag to 2021-04-02 00:00:00+00:00
[2021-04-04 03:39:15,179] {scheduler_job.py:190} INFO - Processing /home/prathamesh/PycharmProjects/airflow-project/venv/lib/python3.8/site-packages/airflow/example_dags/example_skip_dag.py took 0.043 seconds
[2021-04-04 03:39:48,904] {scheduler_job.py:182} INFO - Started process (PID=3420) to work on /home/prathamesh/PycharmProjects/airflow-project/venv/lib/python3.8/site-packages/airflow/example_dags/example_skip_dag.py
[2021-04-04 03:39:48,905] {scheduler_job.py:629} INFO - Processing file /home/prathamesh/PycharmProjects/airflow-project/venv/lib/python3.8/site-packages/airflow/example_dags/example_skip_dag.py for tasks to queue
[2021-04-04 03:39:48,907] {logging_mixin.py:104} INFO - [2021-04-04 03:39:48,907] {dagbag.py:448} INFO - Filling up the DagBag from /home/prathamesh/PycharmProjects/airflow-project/venv/lib/python3.8/site-packages/airflow/example_dags/example_skip_dag.py
[2021-04-04 03:39:48,931] {scheduler_job.py:639} INFO - DAG(s) dict_keys(['example_skip_dag']) retrieved from /home/prathamesh/PycharmProjects/airflow-project/venv/lib/python3.8/site-packages/airflow/example_dags/example_skip_dag.py
[2021-04-04 03:39:48,969] {logging_mixin.py:104} INFO - [2021-04-04 03:39:48,969] {dag.py:1818} INFO - Sync 1 DAGs
[2021-04-04 03:39:48,992] {logging_mixin.py:104} INFO - [2021-04-04 03:39:48,992] {dag.py:2273} INFO - Setting next_dagrun for example_skip_dag to 2021-04-02 00:00:00+00:00
[2021-04-04 03:39:49,004] {scheduler_job.py:190} INFO - Processing /home/prathamesh/PycharmProjects/airflow-project/venv/lib/python3.8/site-packages/airflow/example_dags/example_skip_dag.py took 0.105 seconds
[2021-04-04 03:40:19,379] {scheduler_job.py:182} INFO - Started process (PID=3448) to work on /home/prathamesh/PycharmProjects/airflow-project/venv/lib/python3.8/site-packages/airflow/example_dags/example_skip_dag.py
[2021-04-04 03:40:19,380] {scheduler_job.py:629} INFO - Processing file /home/prathamesh/PycharmProjects/airflow-project/venv/lib/python3.8/site-packages/airflow/example_dags/example_skip_dag.py for tasks to queue
[2021-04-04 03:40:19,381] {logging_mixin.py:104} INFO - [2021-04-04 03:40:19,380] {dagbag.py:448} INFO - Filling up the DagBag from /home/prathamesh/PycharmProjects/airflow-project/venv/lib/python3.8/site-packages/airflow/example_dags/example_skip_dag.py
[2021-04-04 03:40:19,390] {scheduler_job.py:639} INFO - DAG(s) dict_keys(['example_skip_dag']) retrieved from /home/prathamesh/PycharmProjects/airflow-project/venv/lib/python3.8/site-packages/airflow/example_dags/example_skip_dag.py
[2021-04-04 03:40:19,407] {logging_mixin.py:104} INFO - [2021-04-04 03:40:19,407] {dag.py:1818} INFO - Sync 1 DAGs
[2021-04-04 03:40:19,430] {logging_mixin.py:104} INFO - [2021-04-04 03:40:19,430] {dag.py:2273} INFO - Setting next_dagrun for example_skip_dag to 2021-04-02 00:00:00+00:00
[2021-04-04 03:40:19,438] {scheduler_job.py:190} INFO - Processing /home/prathamesh/PycharmProjects/airflow-project/venv/lib/python3.8/site-packages/airflow/example_dags/example_skip_dag.py took 0.062 seconds
[2021-04-04 03:40:49,518] {scheduler_job.py:182} INFO - Started process (PID=3479) to work on /home/prathamesh/PycharmProjects/airflow-project/venv/lib/python3.8/site-packages/airflow/example_dags/example_skip_dag.py
[2021-04-04 03:40:49,519] {scheduler_job.py:629} INFO - Processing file /home/prathamesh/PycharmProjects/airflow-project/venv/lib/python3.8/site-packages/airflow/example_dags/example_skip_dag.py for tasks to queue
[2021-04-04 03:40:49,520] {logging_mixin.py:104} INFO - [2021-04-04 03:40:49,520] {dagbag.py:448} INFO - Filling up the DagBag from /home/prathamesh/PycharmProjects/airflow-project/venv/lib/python3.8/site-packages/airflow/example_dags/example_skip_dag.py
[2021-04-04 03:40:49,537] {scheduler_job.py:639} INFO - DAG(s) dict_keys(['example_skip_dag']) retrieved from /home/prathamesh/PycharmProjects/airflow-project/venv/lib/python3.8/site-packages/airflow/example_dags/example_skip_dag.py
[2021-04-04 03:40:49,558] {logging_mixin.py:104} INFO - [2021-04-04 03:40:49,558] {dag.py:1818} INFO - Sync 1 DAGs
[2021-04-04 03:40:49,569] {logging_mixin.py:104} INFO - [2021-04-04 03:40:49,569] {dag.py:2273} INFO - Setting next_dagrun for example_skip_dag to 2021-04-02 00:00:00+00:00
[2021-04-04 03:40:49,574] {scheduler_job.py:190} INFO - Processing /home/prathamesh/PycharmProjects/airflow-project/venv/lib/python3.8/site-packages/airflow/example_dags/example_skip_dag.py took 0.059 seconds
[2021-04-04 03:41:20,466] {scheduler_job.py:182} INFO - Started process (PID=3551) to work on /home/prathamesh/PycharmProjects/airflow-project/venv/lib/python3.8/site-packages/airflow/example_dags/example_skip_dag.py
[2021-04-04 03:41:20,467] {scheduler_job.py:629} INFO - Processing file /home/prathamesh/PycharmProjects/airflow-project/venv/lib/python3.8/site-packages/airflow/example_dags/example_skip_dag.py for tasks to queue
[2021-04-04 03:41:20,467] {logging_mixin.py:104} INFO - [2021-04-04 03:41:20,467] {dagbag.py:448} INFO - Filling up the DagBag from /home/prathamesh/PycharmProjects/airflow-project/venv/lib/python3.8/site-packages/airflow/example_dags/example_skip_dag.py
[2021-04-04 03:41:20,480] {scheduler_job.py:639} INFO - DAG(s) dict_keys(['example_skip_dag']) retrieved from /home/prathamesh/PycharmProjects/airflow-project/venv/lib/python3.8/site-packages/airflow/example_dags/example_skip_dag.py
[2021-04-04 03:41:20,499] {logging_mixin.py:104} INFO - [2021-04-04 03:41:20,499] {dag.py:1818} INFO - Sync 1 DAGs
[2021-04-04 03:41:20,509] {logging_mixin.py:104} INFO - [2021-04-04 03:41:20,509] {dag.py:2273} INFO - Setting next_dagrun for example_skip_dag to 2021-04-02 00:00:00+00:00
[2021-04-04 03:41:20,515] {scheduler_job.py:190} INFO - Processing /home/prathamesh/PycharmProjects/airflow-project/venv/lib/python3.8/site-packages/airflow/example_dags/example_skip_dag.py took 0.055 seconds
[2021-04-04 03:41:51,430] {scheduler_job.py:182} INFO - Started process (PID=3581) to work on /home/prathamesh/PycharmProjects/airflow-project/venv/lib/python3.8/site-packages/airflow/example_dags/example_skip_dag.py
[2021-04-04 03:41:51,431] {scheduler_job.py:629} INFO - Processing file /home/prathamesh/PycharmProjects/airflow-project/venv/lib/python3.8/site-packages/airflow/example_dags/example_skip_dag.py for tasks to queue
[2021-04-04 03:41:51,431] {logging_mixin.py:104} INFO - [2021-04-04 03:41:51,431] {dagbag.py:448} INFO - Filling up the DagBag from /home/prathamesh/PycharmProjects/airflow-project/venv/lib/python3.8/site-packages/airflow/example_dags/example_skip_dag.py
[2021-04-04 03:41:51,438] {scheduler_job.py:639} INFO - DAG(s) dict_keys(['example_skip_dag']) retrieved from /home/prathamesh/PycharmProjects/airflow-project/venv/lib/python3.8/site-packages/airflow/example_dags/example_skip_dag.py
[2021-04-04 03:41:51,460] {logging_mixin.py:104} INFO - [2021-04-04 03:41:51,460] {dag.py:1818} INFO - Sync 1 DAGs
[2021-04-04 03:41:51,467] {logging_mixin.py:104} INFO - [2021-04-04 03:41:51,467] {dag.py:2273} INFO - Setting next_dagrun for example_skip_dag to 2021-04-02 00:00:00+00:00
[2021-04-04 03:41:51,474] {scheduler_job.py:190} INFO - Processing /home/prathamesh/PycharmProjects/airflow-project/venv/lib/python3.8/site-packages/airflow/example_dags/example_skip_dag.py took 0.047 seconds
[2021-04-04 03:42:21,830] {scheduler_job.py:182} INFO - Started process (PID=3611) to work on /home/prathamesh/PycharmProjects/airflow-project/venv/lib/python3.8/site-packages/airflow/example_dags/example_skip_dag.py
[2021-04-04 03:42:21,831] {scheduler_job.py:629} INFO - Processing file /home/prathamesh/PycharmProjects/airflow-project/venv/lib/python3.8/site-packages/airflow/example_dags/example_skip_dag.py for tasks to queue
[2021-04-04 03:42:21,831] {logging_mixin.py:104} INFO - [2021-04-04 03:42:21,831] {dagbag.py:448} INFO - Filling up the DagBag from /home/prathamesh/PycharmProjects/airflow-project/venv/lib/python3.8/site-packages/airflow/example_dags/example_skip_dag.py
[2021-04-04 03:42:21,843] {scheduler_job.py:639} INFO - DAG(s) dict_keys(['example_skip_dag']) retrieved from /home/prathamesh/PycharmProjects/airflow-project/venv/lib/python3.8/site-packages/airflow/example_dags/example_skip_dag.py
[2021-04-04 03:42:21,853] {logging_mixin.py:104} INFO - [2021-04-04 03:42:21,853] {dag.py:1818} INFO - Sync 1 DAGs
[2021-04-04 03:42:21,860] {logging_mixin.py:104} INFO - [2021-04-04 03:42:21,860] {dag.py:2273} INFO - Setting next_dagrun for example_skip_dag to 2021-04-02 00:00:00+00:00
[2021-04-04 03:42:21,869] {scheduler_job.py:190} INFO - Processing /home/prathamesh/PycharmProjects/airflow-project/venv/lib/python3.8/site-packages/airflow/example_dags/example_skip_dag.py took 0.042 seconds
[2021-04-04 03:42:52,915] {scheduler_job.py:182} INFO - Started process (PID=3651) to work on /home/prathamesh/PycharmProjects/airflow-project/venv/lib/python3.8/site-packages/airflow/example_dags/example_skip_dag.py
[2021-04-04 03:42:52,918] {scheduler_job.py:629} INFO - Processing file /home/prathamesh/PycharmProjects/airflow-project/venv/lib/python3.8/site-packages/airflow/example_dags/example_skip_dag.py for tasks to queue
[2021-04-04 03:42:52,933] {logging_mixin.py:104} INFO - [2021-04-04 03:42:52,932] {dagbag.py:448} INFO - Filling up the DagBag from /home/prathamesh/PycharmProjects/airflow-project/venv/lib/python3.8/site-packages/airflow/example_dags/example_skip_dag.py
[2021-04-04 03:42:53,031] {scheduler_job.py:639} INFO - DAG(s) dict_keys(['example_skip_dag']) retrieved from /home/prathamesh/PycharmProjects/airflow-project/venv/lib/python3.8/site-packages/airflow/example_dags/example_skip_dag.py
[2021-04-04 03:42:53,081] {logging_mixin.py:104} INFO - [2021-04-04 03:42:53,081] {dag.py:1818} INFO - Sync 1 DAGs
[2021-04-04 03:42:53,114] {logging_mixin.py:104} INFO - [2021-04-04 03:42:53,113] {dag.py:2273} INFO - Setting next_dagrun for example_skip_dag to 2021-04-02 00:00:00+00:00
[2021-04-04 03:42:53,129] {scheduler_job.py:190} INFO - Processing /home/prathamesh/PycharmProjects/airflow-project/venv/lib/python3.8/site-packages/airflow/example_dags/example_skip_dag.py took 0.263 seconds
[2021-04-04 03:43:23,516] {scheduler_job.py:182} INFO - Started process (PID=3701) to work on /home/prathamesh/PycharmProjects/airflow-project/venv/lib/python3.8/site-packages/airflow/example_dags/example_skip_dag.py
[2021-04-04 03:43:23,517] {scheduler_job.py:629} INFO - Processing file /home/prathamesh/PycharmProjects/airflow-project/venv/lib/python3.8/site-packages/airflow/example_dags/example_skip_dag.py for tasks to queue
[2021-04-04 03:43:23,518] {logging_mixin.py:104} INFO - [2021-04-04 03:43:23,517] {dagbag.py:448} INFO - Filling up the DagBag from /home/prathamesh/PycharmProjects/airflow-project/venv/lib/python3.8/site-packages/airflow/example_dags/example_skip_dag.py
[2021-04-04 03:43:23,529] {scheduler_job.py:639} INFO - DAG(s) dict_keys(['example_skip_dag']) retrieved from /home/prathamesh/PycharmProjects/airflow-project/venv/lib/python3.8/site-packages/airflow/example_dags/example_skip_dag.py
[2021-04-04 03:43:23,540] {logging_mixin.py:104} INFO - [2021-04-04 03:43:23,540] {dag.py:1818} INFO - Sync 1 DAGs
[2021-04-04 03:43:23,546] {logging_mixin.py:104} INFO - [2021-04-04 03:43:23,545] {dag.py:2273} INFO - Setting next_dagrun for example_skip_dag to 2021-04-02 00:00:00+00:00
[2021-04-04 03:43:23,550] {scheduler_job.py:190} INFO - Processing /home/prathamesh/PycharmProjects/airflow-project/venv/lib/python3.8/site-packages/airflow/example_dags/example_skip_dag.py took 0.039 seconds
[2021-04-04 03:43:54,051] {scheduler_job.py:182} INFO - Started process (PID=3732) to work on /home/prathamesh/PycharmProjects/airflow-project/venv/lib/python3.8/site-packages/airflow/example_dags/example_skip_dag.py
[2021-04-04 03:43:54,051] {scheduler_job.py:629} INFO - Processing file /home/prathamesh/PycharmProjects/airflow-project/venv/lib/python3.8/site-packages/airflow/example_dags/example_skip_dag.py for tasks to queue
[2021-04-04 03:43:54,052] {logging_mixin.py:104} INFO - [2021-04-04 03:43:54,051] {dagbag.py:448} INFO - Filling up the DagBag from /home/prathamesh/PycharmProjects/airflow-project/venv/lib/python3.8/site-packages/airflow/example_dags/example_skip_dag.py
[2021-04-04 03:43:54,059] {scheduler_job.py:639} INFO - DAG(s) dict_keys(['example_skip_dag']) retrieved from /home/prathamesh/PycharmProjects/airflow-project/venv/lib/python3.8/site-packages/airflow/example_dags/example_skip_dag.py
[2021-04-04 03:43:54,070] {logging_mixin.py:104} INFO - [2021-04-04 03:43:54,070] {dag.py:1818} INFO - Sync 1 DAGs
[2021-04-04 03:43:54,076] {logging_mixin.py:104} INFO - [2021-04-04 03:43:54,076] {dag.py:2273} INFO - Setting next_dagrun for example_skip_dag to 2021-04-02 00:00:00+00:00
[2021-04-04 03:43:54,081] {scheduler_job.py:190} INFO - Processing /home/prathamesh/PycharmProjects/airflow-project/venv/lib/python3.8/site-packages/airflow/example_dags/example_skip_dag.py took 0.032 seconds
[2021-04-04 03:44:24,628] {scheduler_job.py:182} INFO - Started process (PID=3760) to work on /home/prathamesh/PycharmProjects/airflow-project/venv/lib/python3.8/site-packages/airflow/example_dags/example_skip_dag.py
[2021-04-04 03:44:24,629] {scheduler_job.py:629} INFO - Processing file /home/prathamesh/PycharmProjects/airflow-project/venv/lib/python3.8/site-packages/airflow/example_dags/example_skip_dag.py for tasks to queue
[2021-04-04 03:44:24,629] {logging_mixin.py:104} INFO - [2021-04-04 03:44:24,629] {dagbag.py:448} INFO - Filling up the DagBag from /home/prathamesh/PycharmProjects/airflow-project/venv/lib/python3.8/site-packages/airflow/example_dags/example_skip_dag.py
[2021-04-04 03:44:24,639] {scheduler_job.py:639} INFO - DAG(s) dict_keys(['example_skip_dag']) retrieved from /home/prathamesh/PycharmProjects/airflow-project/venv/lib/python3.8/site-packages/airflow/example_dags/example_skip_dag.py
[2021-04-04 03:44:24,652] {logging_mixin.py:104} INFO - [2021-04-04 03:44:24,652] {dag.py:1818} INFO - Sync 1 DAGs
[2021-04-04 03:44:24,658] {logging_mixin.py:104} INFO - [2021-04-04 03:44:24,658] {dag.py:2273} INFO - Setting next_dagrun for example_skip_dag to 2021-04-02 00:00:00+00:00
[2021-04-04 03:44:24,665] {scheduler_job.py:190} INFO - Processing /home/prathamesh/PycharmProjects/airflow-project/venv/lib/python3.8/site-packages/airflow/example_dags/example_skip_dag.py took 0.039 seconds
[2021-04-04 03:44:55,078] {scheduler_job.py:182} INFO - Started process (PID=3789) to work on /home/prathamesh/PycharmProjects/airflow-project/venv/lib/python3.8/site-packages/airflow/example_dags/example_skip_dag.py
[2021-04-04 03:44:55,079] {scheduler_job.py:629} INFO - Processing file /home/prathamesh/PycharmProjects/airflow-project/venv/lib/python3.8/site-packages/airflow/example_dags/example_skip_dag.py for tasks to queue
[2021-04-04 03:44:55,080] {logging_mixin.py:104} INFO - [2021-04-04 03:44:55,079] {dagbag.py:448} INFO - Filling up the DagBag from /home/prathamesh/PycharmProjects/airflow-project/venv/lib/python3.8/site-packages/airflow/example_dags/example_skip_dag.py
[2021-04-04 03:44:55,088] {scheduler_job.py:639} INFO - DAG(s) dict_keys(['example_skip_dag']) retrieved from /home/prathamesh/PycharmProjects/airflow-project/venv/lib/python3.8/site-packages/airflow/example_dags/example_skip_dag.py
[2021-04-04 03:44:55,102] {logging_mixin.py:104} INFO - [2021-04-04 03:44:55,102] {dag.py:1818} INFO - Sync 1 DAGs
[2021-04-04 03:44:55,110] {logging_mixin.py:104} INFO - [2021-04-04 03:44:55,110] {dag.py:2273} INFO - Setting next_dagrun for example_skip_dag to 2021-04-02 00:00:00+00:00
[2021-04-04 03:44:55,127] {scheduler_job.py:190} INFO - Processing /home/prathamesh/PycharmProjects/airflow-project/venv/lib/python3.8/site-packages/airflow/example_dags/example_skip_dag.py took 0.051 seconds
[2021-04-04 03:54:15,126] {scheduler_job.py:182} INFO - Started process (PID=4548) to work on /home/prathamesh/PycharmProjects/airflow-project/venv/lib/python3.8/site-packages/airflow/example_dags/example_skip_dag.py
[2021-04-04 03:54:15,127] {scheduler_job.py:629} INFO - Processing file /home/prathamesh/PycharmProjects/airflow-project/venv/lib/python3.8/site-packages/airflow/example_dags/example_skip_dag.py for tasks to queue
[2021-04-04 03:54:15,127] {logging_mixin.py:104} INFO - [2021-04-04 03:54:15,127] {dagbag.py:448} INFO - Filling up the DagBag from /home/prathamesh/PycharmProjects/airflow-project/venv/lib/python3.8/site-packages/airflow/example_dags/example_skip_dag.py
[2021-04-04 03:54:15,137] {scheduler_job.py:639} INFO - DAG(s) dict_keys(['example_skip_dag']) retrieved from /home/prathamesh/PycharmProjects/airflow-project/venv/lib/python3.8/site-packages/airflow/example_dags/example_skip_dag.py
[2021-04-04 03:54:15,194] {logging_mixin.py:104} INFO - [2021-04-04 03:54:15,194] {dag.py:1818} INFO - Sync 1 DAGs
[2021-04-04 03:54:15,200] {logging_mixin.py:104} INFO - [2021-04-04 03:54:15,200] {dag.py:2273} INFO - Setting next_dagrun for example_skip_dag to 2021-04-02 00:00:00+00:00
[2021-04-04 03:54:15,228] {scheduler_job.py:190} INFO - Processing /home/prathamesh/PycharmProjects/airflow-project/venv/lib/python3.8/site-packages/airflow/example_dags/example_skip_dag.py took 0.133 seconds
[2021-04-04 03:54:46,297] {scheduler_job.py:182} INFO - Started process (PID=4576) to work on /home/prathamesh/PycharmProjects/airflow-project/venv/lib/python3.8/site-packages/airflow/example_dags/example_skip_dag.py
[2021-04-04 03:54:46,301] {scheduler_job.py:629} INFO - Processing file /home/prathamesh/PycharmProjects/airflow-project/venv/lib/python3.8/site-packages/airflow/example_dags/example_skip_dag.py for tasks to queue
[2021-04-04 03:54:46,303] {logging_mixin.py:104} INFO - [2021-04-04 03:54:46,303] {dagbag.py:448} INFO - Filling up the DagBag from /home/prathamesh/PycharmProjects/airflow-project/venv/lib/python3.8/site-packages/airflow/example_dags/example_skip_dag.py
[2021-04-04 03:54:46,311] {scheduler_job.py:639} INFO - DAG(s) dict_keys(['example_skip_dag']) retrieved from /home/prathamesh/PycharmProjects/airflow-project/venv/lib/python3.8/site-packages/airflow/example_dags/example_skip_dag.py
[2021-04-04 03:54:46,322] {logging_mixin.py:104} INFO - [2021-04-04 03:54:46,322] {dag.py:1818} INFO - Sync 1 DAGs
[2021-04-04 03:54:46,333] {logging_mixin.py:104} INFO - [2021-04-04 03:54:46,332] {dag.py:2273} INFO - Setting next_dagrun for example_skip_dag to 2021-04-02 00:00:00+00:00
[2021-04-04 03:54:46,339] {scheduler_job.py:190} INFO - Processing /home/prathamesh/PycharmProjects/airflow-project/venv/lib/python3.8/site-packages/airflow/example_dags/example_skip_dag.py took 0.047 seconds
[2021-04-04 03:55:17,232] {scheduler_job.py:182} INFO - Started process (PID=4605) to work on /home/prathamesh/PycharmProjects/airflow-project/venv/lib/python3.8/site-packages/airflow/example_dags/example_skip_dag.py
[2021-04-04 03:55:17,239] {scheduler_job.py:629} INFO - Processing file /home/prathamesh/PycharmProjects/airflow-project/venv/lib/python3.8/site-packages/airflow/example_dags/example_skip_dag.py for tasks to queue
[2021-04-04 03:55:17,239] {logging_mixin.py:104} INFO - [2021-04-04 03:55:17,239] {dagbag.py:448} INFO - Filling up the DagBag from /home/prathamesh/PycharmProjects/airflow-project/venv/lib/python3.8/site-packages/airflow/example_dags/example_skip_dag.py
[2021-04-04 03:55:17,246] {scheduler_job.py:639} INFO - DAG(s) dict_keys(['example_skip_dag']) retrieved from /home/prathamesh/PycharmProjects/airflow-project/venv/lib/python3.8/site-packages/airflow/example_dags/example_skip_dag.py
[2021-04-04 03:55:17,256] {logging_mixin.py:104} INFO - [2021-04-04 03:55:17,256] {dag.py:1818} INFO - Sync 1 DAGs
[2021-04-04 03:55:17,268] {logging_mixin.py:104} INFO - [2021-04-04 03:55:17,268] {dag.py:2273} INFO - Setting next_dagrun for example_skip_dag to 2021-04-02 00:00:00+00:00
[2021-04-04 03:55:17,272] {scheduler_job.py:190} INFO - Processing /home/prathamesh/PycharmProjects/airflow-project/venv/lib/python3.8/site-packages/airflow/example_dags/example_skip_dag.py took 0.044 seconds
[2021-04-04 03:55:48,184] {scheduler_job.py:182} INFO - Started process (PID=4637) to work on /home/prathamesh/PycharmProjects/airflow-project/venv/lib/python3.8/site-packages/airflow/example_dags/example_skip_dag.py
[2021-04-04 03:55:48,185] {scheduler_job.py:629} INFO - Processing file /home/prathamesh/PycharmProjects/airflow-project/venv/lib/python3.8/site-packages/airflow/example_dags/example_skip_dag.py for tasks to queue
[2021-04-04 03:55:48,185] {logging_mixin.py:104} INFO - [2021-04-04 03:55:48,185] {dagbag.py:448} INFO - Filling up the DagBag from /home/prathamesh/PycharmProjects/airflow-project/venv/lib/python3.8/site-packages/airflow/example_dags/example_skip_dag.py
[2021-04-04 03:55:48,192] {scheduler_job.py:639} INFO - DAG(s) dict_keys(['example_skip_dag']) retrieved from /home/prathamesh/PycharmProjects/airflow-project/venv/lib/python3.8/site-packages/airflow/example_dags/example_skip_dag.py
[2021-04-04 03:55:48,206] {logging_mixin.py:104} INFO - [2021-04-04 03:55:48,206] {dag.py:1818} INFO - Sync 1 DAGs
[2021-04-04 03:55:48,214] {logging_mixin.py:104} INFO - [2021-04-04 03:55:48,213] {dag.py:2273} INFO - Setting next_dagrun for example_skip_dag to 2021-04-02 00:00:00+00:00
[2021-04-04 03:55:48,219] {scheduler_job.py:190} INFO - Processing /home/prathamesh/PycharmProjects/airflow-project/venv/lib/python3.8/site-packages/airflow/example_dags/example_skip_dag.py took 0.038 seconds
[2021-04-04 03:56:19,221] {scheduler_job.py:182} INFO - Started process (PID=4692) to work on /home/prathamesh/PycharmProjects/airflow-project/venv/lib/python3.8/site-packages/airflow/example_dags/example_skip_dag.py
[2021-04-04 03:56:19,223] {scheduler_job.py:629} INFO - Processing file /home/prathamesh/PycharmProjects/airflow-project/venv/lib/python3.8/site-packages/airflow/example_dags/example_skip_dag.py for tasks to queue
[2021-04-04 03:56:19,224] {logging_mixin.py:104} INFO - [2021-04-04 03:56:19,224] {dagbag.py:448} INFO - Filling up the DagBag from /home/prathamesh/PycharmProjects/airflow-project/venv/lib/python3.8/site-packages/airflow/example_dags/example_skip_dag.py
[2021-04-04 03:56:19,230] {scheduler_job.py:639} INFO - DAG(s) dict_keys(['example_skip_dag']) retrieved from /home/prathamesh/PycharmProjects/airflow-project/venv/lib/python3.8/site-packages/airflow/example_dags/example_skip_dag.py
[2021-04-04 03:56:19,242] {logging_mixin.py:104} INFO - [2021-04-04 03:56:19,242] {dag.py:1818} INFO - Sync 1 DAGs
[2021-04-04 03:56:19,249] {logging_mixin.py:104} INFO - [2021-04-04 03:56:19,249] {dag.py:2273} INFO - Setting next_dagrun for example_skip_dag to 2021-04-02 00:00:00+00:00
[2021-04-04 03:56:19,253] {scheduler_job.py:190} INFO - Processing /home/prathamesh/PycharmProjects/airflow-project/venv/lib/python3.8/site-packages/airflow/example_dags/example_skip_dag.py took 0.034 seconds
[2021-04-04 03:56:49,947] {scheduler_job.py:182} INFO - Started process (PID=4725) to work on /home/prathamesh/PycharmProjects/airflow-project/venv/lib/python3.8/site-packages/airflow/example_dags/example_skip_dag.py
[2021-04-04 03:56:49,949] {scheduler_job.py:629} INFO - Processing file /home/prathamesh/PycharmProjects/airflow-project/venv/lib/python3.8/site-packages/airflow/example_dags/example_skip_dag.py for tasks to queue
[2021-04-04 03:56:49,951] {logging_mixin.py:104} INFO - [2021-04-04 03:56:49,951] {dagbag.py:448} INFO - Filling up the DagBag from /home/prathamesh/PycharmProjects/airflow-project/venv/lib/python3.8/site-packages/airflow/example_dags/example_skip_dag.py
[2021-04-04 03:56:49,967] {scheduler_job.py:639} INFO - DAG(s) dict_keys(['example_skip_dag']) retrieved from /home/prathamesh/PycharmProjects/airflow-project/venv/lib/python3.8/site-packages/airflow/example_dags/example_skip_dag.py
[2021-04-04 03:56:49,979] {logging_mixin.py:104} INFO - [2021-04-04 03:56:49,979] {dag.py:1818} INFO - Sync 1 DAGs
[2021-04-04 03:56:50,009] {logging_mixin.py:104} INFO - [2021-04-04 03:56:50,009] {dag.py:2273} INFO - Setting next_dagrun for example_skip_dag to 2021-04-02 00:00:00+00:00
[2021-04-04 03:56:50,029] {scheduler_job.py:190} INFO - Processing /home/prathamesh/PycharmProjects/airflow-project/venv/lib/python3.8/site-packages/airflow/example_dags/example_skip_dag.py took 0.084 seconds
[2021-04-04 03:57:21,017] {scheduler_job.py:182} INFO - Started process (PID=4754) to work on /home/prathamesh/PycharmProjects/airflow-project/venv/lib/python3.8/site-packages/airflow/example_dags/example_skip_dag.py
[2021-04-04 03:57:21,024] {scheduler_job.py:629} INFO - Processing file /home/prathamesh/PycharmProjects/airflow-project/venv/lib/python3.8/site-packages/airflow/example_dags/example_skip_dag.py for tasks to queue
[2021-04-04 03:57:21,025] {logging_mixin.py:104} INFO - [2021-04-04 03:57:21,024] {dagbag.py:448} INFO - Filling up the DagBag from /home/prathamesh/PycharmProjects/airflow-project/venv/lib/python3.8/site-packages/airflow/example_dags/example_skip_dag.py
[2021-04-04 03:57:21,032] {scheduler_job.py:639} INFO - DAG(s) dict_keys(['example_skip_dag']) retrieved from /home/prathamesh/PycharmProjects/airflow-project/venv/lib/python3.8/site-packages/airflow/example_dags/example_skip_dag.py
[2021-04-04 03:57:21,043] {logging_mixin.py:104} INFO - [2021-04-04 03:57:21,043] {dag.py:1818} INFO - Sync 1 DAGs
[2021-04-04 03:57:21,052] {logging_mixin.py:104} INFO - [2021-04-04 03:57:21,052] {dag.py:2273} INFO - Setting next_dagrun for example_skip_dag to 2021-04-02 00:00:00+00:00
[2021-04-04 03:57:21,059] {scheduler_job.py:190} INFO - Processing /home/prathamesh/PycharmProjects/airflow-project/venv/lib/python3.8/site-packages/airflow/example_dags/example_skip_dag.py took 0.048 seconds
[2021-04-04 03:57:52,308] {scheduler_job.py:182} INFO - Started process (PID=4783) to work on /home/prathamesh/PycharmProjects/airflow-project/venv/lib/python3.8/site-packages/airflow/example_dags/example_skip_dag.py
[2021-04-04 03:57:52,313] {scheduler_job.py:629} INFO - Processing file /home/prathamesh/PycharmProjects/airflow-project/venv/lib/python3.8/site-packages/airflow/example_dags/example_skip_dag.py for tasks to queue
[2021-04-04 03:57:52,314] {logging_mixin.py:104} INFO - [2021-04-04 03:57:52,314] {dagbag.py:448} INFO - Filling up the DagBag from /home/prathamesh/PycharmProjects/airflow-project/venv/lib/python3.8/site-packages/airflow/example_dags/example_skip_dag.py
[2021-04-04 03:57:52,321] {scheduler_job.py:639} INFO - DAG(s) dict_keys(['example_skip_dag']) retrieved from /home/prathamesh/PycharmProjects/airflow-project/venv/lib/python3.8/site-packages/airflow/example_dags/example_skip_dag.py
[2021-04-04 03:57:52,332] {logging_mixin.py:104} INFO - [2021-04-04 03:57:52,332] {dag.py:1818} INFO - Sync 1 DAGs
[2021-04-04 03:57:52,345] {logging_mixin.py:104} INFO - [2021-04-04 03:57:52,344] {dag.py:2273} INFO - Setting next_dagrun for example_skip_dag to 2021-04-02 00:00:00+00:00
[2021-04-04 03:57:52,349] {scheduler_job.py:190} INFO - Processing /home/prathamesh/PycharmProjects/airflow-project/venv/lib/python3.8/site-packages/airflow/example_dags/example_skip_dag.py took 0.044 seconds
[2021-04-04 03:58:22,906] {scheduler_job.py:182} INFO - Started process (PID=4822) to work on /home/prathamesh/PycharmProjects/airflow-project/venv/lib/python3.8/site-packages/airflow/example_dags/example_skip_dag.py
[2021-04-04 03:58:22,907] {scheduler_job.py:629} INFO - Processing file /home/prathamesh/PycharmProjects/airflow-project/venv/lib/python3.8/site-packages/airflow/example_dags/example_skip_dag.py for tasks to queue
[2021-04-04 03:58:22,907] {logging_mixin.py:104} INFO - [2021-04-04 03:58:22,907] {dagbag.py:448} INFO - Filling up the DagBag from /home/prathamesh/PycharmProjects/airflow-project/venv/lib/python3.8/site-packages/airflow/example_dags/example_skip_dag.py
[2021-04-04 03:58:22,915] {scheduler_job.py:639} INFO - DAG(s) dict_keys(['example_skip_dag']) retrieved from /home/prathamesh/PycharmProjects/airflow-project/venv/lib/python3.8/site-packages/airflow/example_dags/example_skip_dag.py
[2021-04-04 03:58:22,928] {logging_mixin.py:104} INFO - [2021-04-04 03:58:22,928] {dag.py:1818} INFO - Sync 1 DAGs
[2021-04-04 03:58:22,937] {logging_mixin.py:104} INFO - [2021-04-04 03:58:22,936] {dag.py:2273} INFO - Setting next_dagrun for example_skip_dag to 2021-04-02 00:00:00+00:00
[2021-04-04 03:58:22,942] {scheduler_job.py:190} INFO - Processing /home/prathamesh/PycharmProjects/airflow-project/venv/lib/python3.8/site-packages/airflow/example_dags/example_skip_dag.py took 0.039 seconds
[2021-04-04 04:07:50,255] {scheduler_job.py:182} INFO - Started process (PID=4973) to work on /home/prathamesh/PycharmProjects/airflow-project/venv/lib/python3.8/site-packages/airflow/example_dags/example_skip_dag.py
[2021-04-04 04:07:50,255] {scheduler_job.py:629} INFO - Processing file /home/prathamesh/PycharmProjects/airflow-project/venv/lib/python3.8/site-packages/airflow/example_dags/example_skip_dag.py for tasks to queue
[2021-04-04 04:07:50,256] {logging_mixin.py:104} INFO - [2021-04-04 04:07:50,256] {dagbag.py:448} INFO - Filling up the DagBag from /home/prathamesh/PycharmProjects/airflow-project/venv/lib/python3.8/site-packages/airflow/example_dags/example_skip_dag.py
[2021-04-04 04:07:50,262] {scheduler_job.py:639} INFO - DAG(s) dict_keys(['example_skip_dag']) retrieved from /home/prathamesh/PycharmProjects/airflow-project/venv/lib/python3.8/site-packages/airflow/example_dags/example_skip_dag.py
[2021-04-04 04:07:50,269] {logging_mixin.py:104} INFO - [2021-04-04 04:07:50,269] {dag.py:1818} INFO - Sync 1 DAGs
[2021-04-04 04:07:50,275] {logging_mixin.py:104} INFO - [2021-04-04 04:07:50,275] {dag.py:2273} INFO - Setting next_dagrun for example_skip_dag to 2021-04-02 00:00:00+00:00
[2021-04-04 04:07:50,280] {scheduler_job.py:190} INFO - Processing /home/prathamesh/PycharmProjects/airflow-project/venv/lib/python3.8/site-packages/airflow/example_dags/example_skip_dag.py took 0.028 seconds
[2021-04-04 04:08:20,939] {scheduler_job.py:182} INFO - Started process (PID=5013) to work on /home/prathamesh/PycharmProjects/airflow-project/venv/lib/python3.8/site-packages/airflow/example_dags/example_skip_dag.py
[2021-04-04 04:08:20,941] {scheduler_job.py:629} INFO - Processing file /home/prathamesh/PycharmProjects/airflow-project/venv/lib/python3.8/site-packages/airflow/example_dags/example_skip_dag.py for tasks to queue
[2021-04-04 04:08:20,942] {logging_mixin.py:104} INFO - [2021-04-04 04:08:20,942] {dagbag.py:448} INFO - Filling up the DagBag from /home/prathamesh/PycharmProjects/airflow-project/venv/lib/python3.8/site-packages/airflow/example_dags/example_skip_dag.py
[2021-04-04 04:08:20,950] {scheduler_job.py:639} INFO - DAG(s) dict_keys(['example_skip_dag']) retrieved from /home/prathamesh/PycharmProjects/airflow-project/venv/lib/python3.8/site-packages/airflow/example_dags/example_skip_dag.py
[2021-04-04 04:08:20,963] {logging_mixin.py:104} INFO - [2021-04-04 04:08:20,963] {dag.py:1818} INFO - Sync 1 DAGs
[2021-04-04 04:08:20,971] {logging_mixin.py:104} INFO - [2021-04-04 04:08:20,971] {dag.py:2273} INFO - Setting next_dagrun for example_skip_dag to 2021-04-02 00:00:00+00:00
[2021-04-04 04:08:20,977] {scheduler_job.py:190} INFO - Processing /home/prathamesh/PycharmProjects/airflow-project/venv/lib/python3.8/site-packages/airflow/example_dags/example_skip_dag.py took 0.041 seconds
[2021-04-04 04:08:51,880] {scheduler_job.py:182} INFO - Started process (PID=5043) to work on /home/prathamesh/PycharmProjects/airflow-project/venv/lib/python3.8/site-packages/airflow/example_dags/example_skip_dag.py
[2021-04-04 04:08:51,881] {scheduler_job.py:629} INFO - Processing file /home/prathamesh/PycharmProjects/airflow-project/venv/lib/python3.8/site-packages/airflow/example_dags/example_skip_dag.py for tasks to queue
[2021-04-04 04:08:51,881] {logging_mixin.py:104} INFO - [2021-04-04 04:08:51,881] {dagbag.py:448} INFO - Filling up the DagBag from /home/prathamesh/PycharmProjects/airflow-project/venv/lib/python3.8/site-packages/airflow/example_dags/example_skip_dag.py
[2021-04-04 04:08:51,890] {scheduler_job.py:639} INFO - DAG(s) dict_keys(['example_skip_dag']) retrieved from /home/prathamesh/PycharmProjects/airflow-project/venv/lib/python3.8/site-packages/airflow/example_dags/example_skip_dag.py
[2021-04-04 04:08:51,946] {logging_mixin.py:104} INFO - [2021-04-04 04:08:51,946] {dag.py:1818} INFO - Sync 1 DAGs
[2021-04-04 04:08:51,972] {logging_mixin.py:104} INFO - [2021-04-04 04:08:51,972] {dag.py:2273} INFO - Setting next_dagrun for example_skip_dag to 2021-04-02 00:00:00+00:00
[2021-04-04 04:08:51,998] {scheduler_job.py:190} INFO - Processing /home/prathamesh/PycharmProjects/airflow-project/venv/lib/python3.8/site-packages/airflow/example_dags/example_skip_dag.py took 0.131 seconds
[2021-04-04 04:09:24,621] {scheduler_job.py:182} INFO - Started process (PID=5083) to work on /home/prathamesh/PycharmProjects/airflow-project/venv/lib/python3.8/site-packages/airflow/example_dags/example_skip_dag.py
[2021-04-04 04:09:24,623] {scheduler_job.py:629} INFO - Processing file /home/prathamesh/PycharmProjects/airflow-project/venv/lib/python3.8/site-packages/airflow/example_dags/example_skip_dag.py for tasks to queue
[2021-04-04 04:09:24,623] {logging_mixin.py:104} INFO - [2021-04-04 04:09:24,623] {dagbag.py:448} INFO - Filling up the DagBag from /home/prathamesh/PycharmProjects/airflow-project/venv/lib/python3.8/site-packages/airflow/example_dags/example_skip_dag.py
[2021-04-04 04:09:24,645] {scheduler_job.py:639} INFO - DAG(s) dict_keys(['example_skip_dag']) retrieved from /home/prathamesh/PycharmProjects/airflow-project/venv/lib/python3.8/site-packages/airflow/example_dags/example_skip_dag.py
[2021-04-04 04:09:24,667] {logging_mixin.py:104} INFO - [2021-04-04 04:09:24,667] {dag.py:1818} INFO - Sync 1 DAGs
[2021-04-04 04:09:24,700] {logging_mixin.py:104} INFO - [2021-04-04 04:09:24,700] {dag.py:2273} INFO - Setting next_dagrun for example_skip_dag to 2021-04-02 00:00:00+00:00
[2021-04-04 04:09:24,704] {scheduler_job.py:190} INFO - Processing /home/prathamesh/PycharmProjects/airflow-project/venv/lib/python3.8/site-packages/airflow/example_dags/example_skip_dag.py took 0.085 seconds
[2021-04-04 04:09:55,623] {scheduler_job.py:182} INFO - Started process (PID=5114) to work on /home/prathamesh/PycharmProjects/airflow-project/venv/lib/python3.8/site-packages/airflow/example_dags/example_skip_dag.py
[2021-04-04 04:09:55,640] {scheduler_job.py:629} INFO - Processing file /home/prathamesh/PycharmProjects/airflow-project/venv/lib/python3.8/site-packages/airflow/example_dags/example_skip_dag.py for tasks to queue
[2021-04-04 04:09:55,641] {logging_mixin.py:104} INFO - [2021-04-04 04:09:55,640] {dagbag.py:448} INFO - Filling up the DagBag from /home/prathamesh/PycharmProjects/airflow-project/venv/lib/python3.8/site-packages/airflow/example_dags/example_skip_dag.py
[2021-04-04 04:09:55,671] {scheduler_job.py:639} INFO - DAG(s) dict_keys(['example_skip_dag']) retrieved from /home/prathamesh/PycharmProjects/airflow-project/venv/lib/python3.8/site-packages/airflow/example_dags/example_skip_dag.py
[2021-04-04 04:09:55,693] {logging_mixin.py:104} INFO - [2021-04-04 04:09:55,693] {dag.py:1818} INFO - Sync 1 DAGs
[2021-04-04 04:09:55,714] {logging_mixin.py:104} INFO - [2021-04-04 04:09:55,714] {dag.py:2273} INFO - Setting next_dagrun for example_skip_dag to 2021-04-02 00:00:00+00:00
[2021-04-04 04:09:55,723] {scheduler_job.py:190} INFO - Processing /home/prathamesh/PycharmProjects/airflow-project/venv/lib/python3.8/site-packages/airflow/example_dags/example_skip_dag.py took 0.103 seconds
[2021-04-04 04:10:27,978] {scheduler_job.py:182} INFO - Started process (PID=5177) to work on /home/prathamesh/PycharmProjects/airflow-project/venv/lib/python3.8/site-packages/airflow/example_dags/example_skip_dag.py
[2021-04-04 04:10:27,983] {scheduler_job.py:629} INFO - Processing file /home/prathamesh/PycharmProjects/airflow-project/venv/lib/python3.8/site-packages/airflow/example_dags/example_skip_dag.py for tasks to queue
[2021-04-04 04:10:27,984] {logging_mixin.py:104} INFO - [2021-04-04 04:10:27,984] {dagbag.py:448} INFO - Filling up the DagBag from /home/prathamesh/PycharmProjects/airflow-project/venv/lib/python3.8/site-packages/airflow/example_dags/example_skip_dag.py
[2021-04-04 04:10:27,991] {scheduler_job.py:639} INFO - DAG(s) dict_keys(['example_skip_dag']) retrieved from /home/prathamesh/PycharmProjects/airflow-project/venv/lib/python3.8/site-packages/airflow/example_dags/example_skip_dag.py
[2021-04-04 04:10:28,039] {logging_mixin.py:104} INFO - [2021-04-04 04:10:28,039] {dag.py:1818} INFO - Sync 1 DAGs
[2021-04-04 04:10:28,063] {logging_mixin.py:104} INFO - [2021-04-04 04:10:28,063] {dag.py:2273} INFO - Setting next_dagrun for example_skip_dag to 2021-04-02 00:00:00+00:00
[2021-04-04 04:10:28,068] {scheduler_job.py:190} INFO - Processing /home/prathamesh/PycharmProjects/airflow-project/venv/lib/python3.8/site-packages/airflow/example_dags/example_skip_dag.py took 0.092 seconds
[2021-04-04 04:10:58,212] {scheduler_job.py:182} INFO - Started process (PID=5205) to work on /home/prathamesh/PycharmProjects/airflow-project/venv/lib/python3.8/site-packages/airflow/example_dags/example_skip_dag.py
[2021-04-04 04:10:58,213] {scheduler_job.py:629} INFO - Processing file /home/prathamesh/PycharmProjects/airflow-project/venv/lib/python3.8/site-packages/airflow/example_dags/example_skip_dag.py for tasks to queue
[2021-04-04 04:10:58,214] {logging_mixin.py:104} INFO - [2021-04-04 04:10:58,213] {dagbag.py:448} INFO - Filling up the DagBag from /home/prathamesh/PycharmProjects/airflow-project/venv/lib/python3.8/site-packages/airflow/example_dags/example_skip_dag.py
[2021-04-04 04:10:58,222] {scheduler_job.py:639} INFO - DAG(s) dict_keys(['example_skip_dag']) retrieved from /home/prathamesh/PycharmProjects/airflow-project/venv/lib/python3.8/site-packages/airflow/example_dags/example_skip_dag.py
[2021-04-04 04:10:58,231] {logging_mixin.py:104} INFO - [2021-04-04 04:10:58,231] {dag.py:1818} INFO - Sync 1 DAGs
[2021-04-04 04:10:58,238] {logging_mixin.py:104} INFO - [2021-04-04 04:10:58,238] {dag.py:2273} INFO - Setting next_dagrun for example_skip_dag to 2021-04-02 00:00:00+00:00
[2021-04-04 04:10:58,243] {scheduler_job.py:190} INFO - Processing /home/prathamesh/PycharmProjects/airflow-project/venv/lib/python3.8/site-packages/airflow/example_dags/example_skip_dag.py took 0.033 seconds
[2021-04-04 04:11:28,917] {scheduler_job.py:182} INFO - Started process (PID=5265) to work on /home/prathamesh/PycharmProjects/airflow-project/venv/lib/python3.8/site-packages/airflow/example_dags/example_skip_dag.py
[2021-04-04 04:11:28,919] {scheduler_job.py:629} INFO - Processing file /home/prathamesh/PycharmProjects/airflow-project/venv/lib/python3.8/site-packages/airflow/example_dags/example_skip_dag.py for tasks to queue
[2021-04-04 04:11:28,920] {logging_mixin.py:104} INFO - [2021-04-04 04:11:28,919] {dagbag.py:448} INFO - Filling up the DagBag from /home/prathamesh/PycharmProjects/airflow-project/venv/lib/python3.8/site-packages/airflow/example_dags/example_skip_dag.py
[2021-04-04 04:11:28,934] {scheduler_job.py:639} INFO - DAG(s) dict_keys(['example_skip_dag']) retrieved from /home/prathamesh/PycharmProjects/airflow-project/venv/lib/python3.8/site-packages/airflow/example_dags/example_skip_dag.py
[2021-04-04 04:11:28,954] {logging_mixin.py:104} INFO - [2021-04-04 04:11:28,954] {dag.py:1818} INFO - Sync 1 DAGs
[2021-04-04 04:11:28,965] {logging_mixin.py:104} INFO - [2021-04-04 04:11:28,965] {dag.py:2273} INFO - Setting next_dagrun for example_skip_dag to 2021-04-02 00:00:00+00:00
[2021-04-04 04:11:28,975] {scheduler_job.py:190} INFO - Processing /home/prathamesh/PycharmProjects/airflow-project/venv/lib/python3.8/site-packages/airflow/example_dags/example_skip_dag.py took 0.061 seconds
[2021-04-04 04:11:59,953] {scheduler_job.py:182} INFO - Started process (PID=5301) to work on /home/prathamesh/PycharmProjects/airflow-project/venv/lib/python3.8/site-packages/airflow/example_dags/example_skip_dag.py
[2021-04-04 04:11:59,954] {scheduler_job.py:629} INFO - Processing file /home/prathamesh/PycharmProjects/airflow-project/venv/lib/python3.8/site-packages/airflow/example_dags/example_skip_dag.py for tasks to queue
[2021-04-04 04:11:59,954] {logging_mixin.py:104} INFO - [2021-04-04 04:11:59,954] {dagbag.py:448} INFO - Filling up the DagBag from /home/prathamesh/PycharmProjects/airflow-project/venv/lib/python3.8/site-packages/airflow/example_dags/example_skip_dag.py
[2021-04-04 04:11:59,960] {scheduler_job.py:639} INFO - DAG(s) dict_keys(['example_skip_dag']) retrieved from /home/prathamesh/PycharmProjects/airflow-project/venv/lib/python3.8/site-packages/airflow/example_dags/example_skip_dag.py
[2021-04-04 04:11:59,992] {logging_mixin.py:104} INFO - [2021-04-04 04:11:59,992] {dag.py:1818} INFO - Sync 1 DAGs
[2021-04-04 04:12:00,012] {logging_mixin.py:104} INFO - [2021-04-04 04:12:00,012] {dag.py:2273} INFO - Setting next_dagrun for example_skip_dag to 2021-04-02 00:00:00+00:00
[2021-04-04 04:12:00,029] {scheduler_job.py:190} INFO - Processing /home/prathamesh/PycharmProjects/airflow-project/venv/lib/python3.8/site-packages/airflow/example_dags/example_skip_dag.py took 0.078 seconds
[2021-04-04 04:12:30,815] {scheduler_job.py:182} INFO - Started process (PID=5335) to work on /home/prathamesh/PycharmProjects/airflow-project/venv/lib/python3.8/site-packages/airflow/example_dags/example_skip_dag.py
[2021-04-04 04:12:30,841] {scheduler_job.py:629} INFO - Processing file /home/prathamesh/PycharmProjects/airflow-project/venv/lib/python3.8/site-packages/airflow/example_dags/example_skip_dag.py for tasks to queue
[2021-04-04 04:12:30,841] {logging_mixin.py:104} INFO - [2021-04-04 04:12:30,841] {dagbag.py:448} INFO - Filling up the DagBag from /home/prathamesh/PycharmProjects/airflow-project/venv/lib/python3.8/site-packages/airflow/example_dags/example_skip_dag.py
[2021-04-04 04:12:30,860] {scheduler_job.py:639} INFO - DAG(s) dict_keys(['example_skip_dag']) retrieved from /home/prathamesh/PycharmProjects/airflow-project/venv/lib/python3.8/site-packages/airflow/example_dags/example_skip_dag.py
[2021-04-04 04:12:30,893] {logging_mixin.py:104} INFO - [2021-04-04 04:12:30,893] {dag.py:1818} INFO - Sync 1 DAGs
[2021-04-04 04:12:30,954] {logging_mixin.py:104} INFO - [2021-04-04 04:12:30,954] {dag.py:2273} INFO - Setting next_dagrun for example_skip_dag to 2021-04-02 00:00:00+00:00
[2021-04-04 04:12:30,957] {scheduler_job.py:190} INFO - Processing /home/prathamesh/PycharmProjects/airflow-project/venv/lib/python3.8/site-packages/airflow/example_dags/example_skip_dag.py took 0.144 seconds
[2021-04-04 16:21:51,796] {scheduler_job.py:182} INFO - Started process (PID=3494) to work on /home/prathamesh/PycharmProjects/airflow-project/venv/lib/python3.8/site-packages/airflow/example_dags/example_skip_dag.py
[2021-04-04 16:21:51,800] {scheduler_job.py:629} INFO - Processing file /home/prathamesh/PycharmProjects/airflow-project/venv/lib/python3.8/site-packages/airflow/example_dags/example_skip_dag.py for tasks to queue
[2021-04-04 16:21:51,800] {logging_mixin.py:104} INFO - [2021-04-04 16:21:51,800] {dagbag.py:448} INFO - Filling up the DagBag from /home/prathamesh/PycharmProjects/airflow-project/venv/lib/python3.8/site-packages/airflow/example_dags/example_skip_dag.py
[2021-04-04 16:21:51,807] {scheduler_job.py:639} INFO - DAG(s) dict_keys(['example_skip_dag']) retrieved from /home/prathamesh/PycharmProjects/airflow-project/venv/lib/python3.8/site-packages/airflow/example_dags/example_skip_dag.py
[2021-04-04 16:21:51,818] {logging_mixin.py:104} INFO - [2021-04-04 16:21:51,818] {dag.py:1818} INFO - Sync 1 DAGs
[2021-04-04 16:21:51,826] {logging_mixin.py:104} INFO - [2021-04-04 16:21:51,826] {dag.py:2273} INFO - Setting next_dagrun for example_skip_dag to 2021-04-02 00:00:00+00:00
[2021-04-04 16:21:51,832] {scheduler_job.py:190} INFO - Processing /home/prathamesh/PycharmProjects/airflow-project/venv/lib/python3.8/site-packages/airflow/example_dags/example_skip_dag.py took 0.037 seconds
[2021-04-04 16:22:22,617] {scheduler_job.py:182} INFO - Started process (PID=3555) to work on /home/prathamesh/PycharmProjects/airflow-project/venv/lib/python3.8/site-packages/airflow/example_dags/example_skip_dag.py
[2021-04-04 16:22:22,618] {scheduler_job.py:629} INFO - Processing file /home/prathamesh/PycharmProjects/airflow-project/venv/lib/python3.8/site-packages/airflow/example_dags/example_skip_dag.py for tasks to queue
[2021-04-04 16:22:22,619] {logging_mixin.py:104} INFO - [2021-04-04 16:22:22,619] {dagbag.py:448} INFO - Filling up the DagBag from /home/prathamesh/PycharmProjects/airflow-project/venv/lib/python3.8/site-packages/airflow/example_dags/example_skip_dag.py
[2021-04-04 16:22:22,629] {scheduler_job.py:639} INFO - DAG(s) dict_keys(['example_skip_dag']) retrieved from /home/prathamesh/PycharmProjects/airflow-project/venv/lib/python3.8/site-packages/airflow/example_dags/example_skip_dag.py
[2021-04-04 16:22:22,640] {logging_mixin.py:104} INFO - [2021-04-04 16:22:22,639] {dag.py:1818} INFO - Sync 1 DAGs
[2021-04-04 16:22:22,652] {logging_mixin.py:104} INFO - [2021-04-04 16:22:22,651] {dag.py:2273} INFO - Setting next_dagrun for example_skip_dag to 2021-04-02 00:00:00+00:00
[2021-04-04 16:22:22,657] {scheduler_job.py:190} INFO - Processing /home/prathamesh/PycharmProjects/airflow-project/venv/lib/python3.8/site-packages/airflow/example_dags/example_skip_dag.py took 0.042 seconds
[2021-04-04 16:22:53,170] {scheduler_job.py:182} INFO - Started process (PID=3582) to work on /home/prathamesh/PycharmProjects/airflow-project/venv/lib/python3.8/site-packages/airflow/example_dags/example_skip_dag.py
[2021-04-04 16:22:53,171] {scheduler_job.py:629} INFO - Processing file /home/prathamesh/PycharmProjects/airflow-project/venv/lib/python3.8/site-packages/airflow/example_dags/example_skip_dag.py for tasks to queue
[2021-04-04 16:22:53,171] {logging_mixin.py:104} INFO - [2021-04-04 16:22:53,171] {dagbag.py:448} INFO - Filling up the DagBag from /home/prathamesh/PycharmProjects/airflow-project/venv/lib/python3.8/site-packages/airflow/example_dags/example_skip_dag.py
[2021-04-04 16:22:53,177] {scheduler_job.py:639} INFO - DAG(s) dict_keys(['example_skip_dag']) retrieved from /home/prathamesh/PycharmProjects/airflow-project/venv/lib/python3.8/site-packages/airflow/example_dags/example_skip_dag.py
[2021-04-04 16:22:53,186] {logging_mixin.py:104} INFO - [2021-04-04 16:22:53,186] {dag.py:1818} INFO - Sync 1 DAGs
[2021-04-04 16:22:53,195] {logging_mixin.py:104} INFO - [2021-04-04 16:22:53,195] {dag.py:2273} INFO - Setting next_dagrun for example_skip_dag to 2021-04-02 00:00:00+00:00
[2021-04-04 16:22:53,199] {scheduler_job.py:190} INFO - Processing /home/prathamesh/PycharmProjects/airflow-project/venv/lib/python3.8/site-packages/airflow/example_dags/example_skip_dag.py took 0.032 seconds
[2021-04-04 16:23:23,845] {scheduler_job.py:182} INFO - Started process (PID=3609) to work on /home/prathamesh/PycharmProjects/airflow-project/venv/lib/python3.8/site-packages/airflow/example_dags/example_skip_dag.py
[2021-04-04 16:23:23,846] {scheduler_job.py:629} INFO - Processing file /home/prathamesh/PycharmProjects/airflow-project/venv/lib/python3.8/site-packages/airflow/example_dags/example_skip_dag.py for tasks to queue
[2021-04-04 16:23:23,847] {logging_mixin.py:104} INFO - [2021-04-04 16:23:23,846] {dagbag.py:448} INFO - Filling up the DagBag from /home/prathamesh/PycharmProjects/airflow-project/venv/lib/python3.8/site-packages/airflow/example_dags/example_skip_dag.py
[2021-04-04 16:23:23,853] {scheduler_job.py:639} INFO - DAG(s) dict_keys(['example_skip_dag']) retrieved from /home/prathamesh/PycharmProjects/airflow-project/venv/lib/python3.8/site-packages/airflow/example_dags/example_skip_dag.py
[2021-04-04 16:23:23,862] {logging_mixin.py:104} INFO - [2021-04-04 16:23:23,862] {dag.py:1818} INFO - Sync 1 DAGs
[2021-04-04 16:23:23,870] {logging_mixin.py:104} INFO - [2021-04-04 16:23:23,870] {dag.py:2273} INFO - Setting next_dagrun for example_skip_dag to 2021-04-02 00:00:00+00:00
[2021-04-04 16:23:23,874] {scheduler_job.py:190} INFO - Processing /home/prathamesh/PycharmProjects/airflow-project/venv/lib/python3.8/site-packages/airflow/example_dags/example_skip_dag.py took 0.031 seconds
