[2021-04-04 03:36:19,587] {scheduler_job.py:182} INFO - Started process (PID=3148) to work on /home/prathamesh/PycharmProjects/airflow-project/venv/lib/python3.8/site-packages/airflow/example_dags/example_task_group.py
[2021-04-04 03:36:19,588] {scheduler_job.py:629} INFO - Processing file /home/prathamesh/PycharmProjects/airflow-project/venv/lib/python3.8/site-packages/airflow/example_dags/example_task_group.py for tasks to queue
[2021-04-04 03:36:19,588] {logging_mixin.py:104} INFO - [2021-04-04 03:36:19,588] {dagbag.py:448} INFO - Filling up the DagBag from /home/prathamesh/PycharmProjects/airflow-project/venv/lib/python3.8/site-packages/airflow/example_dags/example_task_group.py
[2021-04-04 03:36:19,631] {scheduler_job.py:639} INFO - DAG(s) dict_keys(['example_task_group']) retrieved from /home/prathamesh/PycharmProjects/airflow-project/venv/lib/python3.8/site-packages/airflow/example_dags/example_task_group.py
[2021-04-04 03:36:19,713] {logging_mixin.py:104} INFO - [2021-04-04 03:36:19,713] {dag.py:1818} INFO - Sync 1 DAGs
[2021-04-04 03:36:19,753] {logging_mixin.py:104} INFO - [2021-04-04 03:36:19,753] {dag.py:2273} INFO - Setting next_dagrun for example_task_group to 2021-04-02 00:00:00+00:00
[2021-04-04 03:36:19,812] {scheduler_job.py:190} INFO - Processing /home/prathamesh/PycharmProjects/airflow-project/venv/lib/python3.8/site-packages/airflow/example_dags/example_task_group.py took 0.226 seconds
[2021-04-04 03:36:50,559] {scheduler_job.py:182} INFO - Started process (PID=3230) to work on /home/prathamesh/PycharmProjects/airflow-project/venv/lib/python3.8/site-packages/airflow/example_dags/example_task_group.py
[2021-04-04 03:36:50,562] {scheduler_job.py:629} INFO - Processing file /home/prathamesh/PycharmProjects/airflow-project/venv/lib/python3.8/site-packages/airflow/example_dags/example_task_group.py for tasks to queue
[2021-04-04 03:36:50,563] {logging_mixin.py:104} INFO - [2021-04-04 03:36:50,562] {dagbag.py:448} INFO - Filling up the DagBag from /home/prathamesh/PycharmProjects/airflow-project/venv/lib/python3.8/site-packages/airflow/example_dags/example_task_group.py
[2021-04-04 03:36:50,569] {scheduler_job.py:639} INFO - DAG(s) dict_keys(['example_task_group']) retrieved from /home/prathamesh/PycharmProjects/airflow-project/venv/lib/python3.8/site-packages/airflow/example_dags/example_task_group.py
[2021-04-04 03:36:50,578] {logging_mixin.py:104} INFO - [2021-04-04 03:36:50,578] {dag.py:1818} INFO - Sync 1 DAGs
[2021-04-04 03:36:50,584] {logging_mixin.py:104} INFO - [2021-04-04 03:36:50,584] {dag.py:2273} INFO - Setting next_dagrun for example_task_group to 2021-04-02 00:00:00+00:00
[2021-04-04 03:36:50,589] {scheduler_job.py:190} INFO - Processing /home/prathamesh/PycharmProjects/airflow-project/venv/lib/python3.8/site-packages/airflow/example_dags/example_task_group.py took 0.033 seconds
[2021-04-04 03:37:21,577] {scheduler_job.py:182} INFO - Started process (PID=3266) to work on /home/prathamesh/PycharmProjects/airflow-project/venv/lib/python3.8/site-packages/airflow/example_dags/example_task_group.py
[2021-04-04 03:37:21,577] {scheduler_job.py:629} INFO - Processing file /home/prathamesh/PycharmProjects/airflow-project/venv/lib/python3.8/site-packages/airflow/example_dags/example_task_group.py for tasks to queue
[2021-04-04 03:37:21,578] {logging_mixin.py:104} INFO - [2021-04-04 03:37:21,578] {dagbag.py:448} INFO - Filling up the DagBag from /home/prathamesh/PycharmProjects/airflow-project/venv/lib/python3.8/site-packages/airflow/example_dags/example_task_group.py
[2021-04-04 03:37:21,620] {scheduler_job.py:639} INFO - DAG(s) dict_keys(['example_task_group']) retrieved from /home/prathamesh/PycharmProjects/airflow-project/venv/lib/python3.8/site-packages/airflow/example_dags/example_task_group.py
[2021-04-04 03:37:21,711] {logging_mixin.py:104} INFO - [2021-04-04 03:37:21,710] {dag.py:1818} INFO - Sync 1 DAGs
[2021-04-04 03:37:21,777] {logging_mixin.py:104} INFO - [2021-04-04 03:37:21,777] {dag.py:2273} INFO - Setting next_dagrun for example_task_group to 2021-04-02 00:00:00+00:00
[2021-04-04 03:37:21,796] {scheduler_job.py:190} INFO - Processing /home/prathamesh/PycharmProjects/airflow-project/venv/lib/python3.8/site-packages/airflow/example_dags/example_task_group.py took 0.221 seconds
[2021-04-04 03:37:52,239] {scheduler_job.py:182} INFO - Started process (PID=3297) to work on /home/prathamesh/PycharmProjects/airflow-project/venv/lib/python3.8/site-packages/airflow/example_dags/example_task_group.py
[2021-04-04 03:37:52,240] {scheduler_job.py:629} INFO - Processing file /home/prathamesh/PycharmProjects/airflow-project/venv/lib/python3.8/site-packages/airflow/example_dags/example_task_group.py for tasks to queue
[2021-04-04 03:37:52,240] {logging_mixin.py:104} INFO - [2021-04-04 03:37:52,240] {dagbag.py:448} INFO - Filling up the DagBag from /home/prathamesh/PycharmProjects/airflow-project/venv/lib/python3.8/site-packages/airflow/example_dags/example_task_group.py
[2021-04-04 03:37:52,247] {scheduler_job.py:639} INFO - DAG(s) dict_keys(['example_task_group']) retrieved from /home/prathamesh/PycharmProjects/airflow-project/venv/lib/python3.8/site-packages/airflow/example_dags/example_task_group.py
[2021-04-04 03:37:52,261] {logging_mixin.py:104} INFO - [2021-04-04 03:37:52,261] {dag.py:1818} INFO - Sync 1 DAGs
[2021-04-04 03:37:52,268] {logging_mixin.py:104} INFO - [2021-04-04 03:37:52,268] {dag.py:2273} INFO - Setting next_dagrun for example_task_group to 2021-04-02 00:00:00+00:00
[2021-04-04 03:37:52,275] {scheduler_job.py:190} INFO - Processing /home/prathamesh/PycharmProjects/airflow-project/venv/lib/python3.8/site-packages/airflow/example_dags/example_task_group.py took 0.038 seconds
[2021-04-04 03:38:22,861] {scheduler_job.py:182} INFO - Started process (PID=3325) to work on /home/prathamesh/PycharmProjects/airflow-project/venv/lib/python3.8/site-packages/airflow/example_dags/example_task_group.py
[2021-04-04 03:38:22,862] {scheduler_job.py:629} INFO - Processing file /home/prathamesh/PycharmProjects/airflow-project/venv/lib/python3.8/site-packages/airflow/example_dags/example_task_group.py for tasks to queue
[2021-04-04 03:38:22,863] {logging_mixin.py:104} INFO - [2021-04-04 03:38:22,863] {dagbag.py:448} INFO - Filling up the DagBag from /home/prathamesh/PycharmProjects/airflow-project/venv/lib/python3.8/site-packages/airflow/example_dags/example_task_group.py
[2021-04-04 03:38:22,870] {scheduler_job.py:639} INFO - DAG(s) dict_keys(['example_task_group']) retrieved from /home/prathamesh/PycharmProjects/airflow-project/venv/lib/python3.8/site-packages/airflow/example_dags/example_task_group.py
[2021-04-04 03:38:22,881] {logging_mixin.py:104} INFO - [2021-04-04 03:38:22,881] {dag.py:1818} INFO - Sync 1 DAGs
[2021-04-04 03:38:22,893] {logging_mixin.py:104} INFO - [2021-04-04 03:38:22,893] {dag.py:2273} INFO - Setting next_dagrun for example_task_group to 2021-04-02 00:00:00+00:00
[2021-04-04 03:38:22,899] {scheduler_job.py:190} INFO - Processing /home/prathamesh/PycharmProjects/airflow-project/venv/lib/python3.8/site-packages/airflow/example_dags/example_task_group.py took 0.040 seconds
[2021-04-04 03:38:54,832] {scheduler_job.py:182} INFO - Started process (PID=3368) to work on /home/prathamesh/PycharmProjects/airflow-project/venv/lib/python3.8/site-packages/airflow/example_dags/example_task_group.py
[2021-04-04 03:38:54,833] {scheduler_job.py:629} INFO - Processing file /home/prathamesh/PycharmProjects/airflow-project/venv/lib/python3.8/site-packages/airflow/example_dags/example_task_group.py for tasks to queue
[2021-04-04 03:38:54,834] {logging_mixin.py:104} INFO - [2021-04-04 03:38:54,834] {dagbag.py:448} INFO - Filling up the DagBag from /home/prathamesh/PycharmProjects/airflow-project/venv/lib/python3.8/site-packages/airflow/example_dags/example_task_group.py
[2021-04-04 03:38:54,852] {scheduler_job.py:639} INFO - DAG(s) dict_keys(['example_task_group']) retrieved from /home/prathamesh/PycharmProjects/airflow-project/venv/lib/python3.8/site-packages/airflow/example_dags/example_task_group.py
[2021-04-04 03:38:54,879] {logging_mixin.py:104} INFO - [2021-04-04 03:38:54,879] {dag.py:1818} INFO - Sync 1 DAGs
[2021-04-04 03:38:54,900] {logging_mixin.py:104} INFO - [2021-04-04 03:38:54,900] {dag.py:2273} INFO - Setting next_dagrun for example_task_group to 2021-04-02 00:00:00+00:00
[2021-04-04 03:38:54,907] {scheduler_job.py:190} INFO - Processing /home/prathamesh/PycharmProjects/airflow-project/venv/lib/python3.8/site-packages/airflow/example_dags/example_task_group.py took 0.093 seconds
[2021-04-04 03:39:25,096] {scheduler_job.py:182} INFO - Started process (PID=3398) to work on /home/prathamesh/PycharmProjects/airflow-project/venv/lib/python3.8/site-packages/airflow/example_dags/example_task_group.py
[2021-04-04 03:39:25,097] {scheduler_job.py:629} INFO - Processing file /home/prathamesh/PycharmProjects/airflow-project/venv/lib/python3.8/site-packages/airflow/example_dags/example_task_group.py for tasks to queue
[2021-04-04 03:39:25,097] {logging_mixin.py:104} INFO - [2021-04-04 03:39:25,097] {dagbag.py:448} INFO - Filling up the DagBag from /home/prathamesh/PycharmProjects/airflow-project/venv/lib/python3.8/site-packages/airflow/example_dags/example_task_group.py
[2021-04-04 03:39:25,106] {scheduler_job.py:639} INFO - DAG(s) dict_keys(['example_task_group']) retrieved from /home/prathamesh/PycharmProjects/airflow-project/venv/lib/python3.8/site-packages/airflow/example_dags/example_task_group.py
[2021-04-04 03:39:25,121] {logging_mixin.py:104} INFO - [2021-04-04 03:39:25,121] {dag.py:1818} INFO - Sync 1 DAGs
[2021-04-04 03:39:25,130] {logging_mixin.py:104} INFO - [2021-04-04 03:39:25,130] {dag.py:2273} INFO - Setting next_dagrun for example_task_group to 2021-04-02 00:00:00+00:00
[2021-04-04 03:39:25,140] {scheduler_job.py:190} INFO - Processing /home/prathamesh/PycharmProjects/airflow-project/venv/lib/python3.8/site-packages/airflow/example_dags/example_task_group.py took 0.048 seconds
[2021-04-04 03:39:55,592] {scheduler_job.py:182} INFO - Started process (PID=3428) to work on /home/prathamesh/PycharmProjects/airflow-project/venv/lib/python3.8/site-packages/airflow/example_dags/example_task_group.py
[2021-04-04 03:39:55,597] {scheduler_job.py:629} INFO - Processing file /home/prathamesh/PycharmProjects/airflow-project/venv/lib/python3.8/site-packages/airflow/example_dags/example_task_group.py for tasks to queue
[2021-04-04 03:39:55,601] {logging_mixin.py:104} INFO - [2021-04-04 03:39:55,601] {dagbag.py:448} INFO - Filling up the DagBag from /home/prathamesh/PycharmProjects/airflow-project/venv/lib/python3.8/site-packages/airflow/example_dags/example_task_group.py
[2021-04-04 03:39:55,610] {scheduler_job.py:639} INFO - DAG(s) dict_keys(['example_task_group']) retrieved from /home/prathamesh/PycharmProjects/airflow-project/venv/lib/python3.8/site-packages/airflow/example_dags/example_task_group.py
[2021-04-04 03:39:55,624] {logging_mixin.py:104} INFO - [2021-04-04 03:39:55,624] {dag.py:1818} INFO - Sync 1 DAGs
[2021-04-04 03:39:55,632] {logging_mixin.py:104} INFO - [2021-04-04 03:39:55,632] {dag.py:2273} INFO - Setting next_dagrun for example_task_group to 2021-04-02 00:00:00+00:00
[2021-04-04 03:39:55,637] {scheduler_job.py:190} INFO - Processing /home/prathamesh/PycharmProjects/airflow-project/venv/lib/python3.8/site-packages/airflow/example_dags/example_task_group.py took 0.048 seconds
[2021-04-04 03:40:27,709] {scheduler_job.py:182} INFO - Started process (PID=3456) to work on /home/prathamesh/PycharmProjects/airflow-project/venv/lib/python3.8/site-packages/airflow/example_dags/example_task_group.py
[2021-04-04 03:40:27,711] {scheduler_job.py:629} INFO - Processing file /home/prathamesh/PycharmProjects/airflow-project/venv/lib/python3.8/site-packages/airflow/example_dags/example_task_group.py for tasks to queue
[2021-04-04 03:40:27,711] {logging_mixin.py:104} INFO - [2021-04-04 03:40:27,711] {dagbag.py:448} INFO - Filling up the DagBag from /home/prathamesh/PycharmProjects/airflow-project/venv/lib/python3.8/site-packages/airflow/example_dags/example_task_group.py
[2021-04-04 03:40:27,730] {scheduler_job.py:639} INFO - DAG(s) dict_keys(['example_task_group']) retrieved from /home/prathamesh/PycharmProjects/airflow-project/venv/lib/python3.8/site-packages/airflow/example_dags/example_task_group.py
[2021-04-04 03:40:27,764] {logging_mixin.py:104} INFO - [2021-04-04 03:40:27,764] {dag.py:1818} INFO - Sync 1 DAGs
[2021-04-04 03:40:27,804] {logging_mixin.py:104} INFO - [2021-04-04 03:40:27,804] {dag.py:2273} INFO - Setting next_dagrun for example_task_group to 2021-04-02 00:00:00+00:00
[2021-04-04 03:40:27,849] {scheduler_job.py:190} INFO - Processing /home/prathamesh/PycharmProjects/airflow-project/venv/lib/python3.8/site-packages/airflow/example_dags/example_task_group.py took 0.143 seconds
[2021-04-04 03:40:58,765] {scheduler_job.py:182} INFO - Started process (PID=3498) to work on /home/prathamesh/PycharmProjects/airflow-project/venv/lib/python3.8/site-packages/airflow/example_dags/example_task_group.py
[2021-04-04 03:40:58,773] {scheduler_job.py:629} INFO - Processing file /home/prathamesh/PycharmProjects/airflow-project/venv/lib/python3.8/site-packages/airflow/example_dags/example_task_group.py for tasks to queue
[2021-04-04 03:40:58,774] {logging_mixin.py:104} INFO - [2021-04-04 03:40:58,774] {dagbag.py:448} INFO - Filling up the DagBag from /home/prathamesh/PycharmProjects/airflow-project/venv/lib/python3.8/site-packages/airflow/example_dags/example_task_group.py
[2021-04-04 03:40:58,782] {scheduler_job.py:639} INFO - DAG(s) dict_keys(['example_task_group']) retrieved from /home/prathamesh/PycharmProjects/airflow-project/venv/lib/python3.8/site-packages/airflow/example_dags/example_task_group.py
[2021-04-04 03:40:58,795] {logging_mixin.py:104} INFO - [2021-04-04 03:40:58,795] {dag.py:1818} INFO - Sync 1 DAGs
[2021-04-04 03:40:58,802] {logging_mixin.py:104} INFO - [2021-04-04 03:40:58,802] {dag.py:2273} INFO - Setting next_dagrun for example_task_group to 2021-04-02 00:00:00+00:00
[2021-04-04 03:40:58,806] {scheduler_job.py:190} INFO - Processing /home/prathamesh/PycharmProjects/airflow-project/venv/lib/python3.8/site-packages/airflow/example_dags/example_task_group.py took 0.043 seconds
[2021-04-04 03:41:29,637] {scheduler_job.py:182} INFO - Started process (PID=3561) to work on /home/prathamesh/PycharmProjects/airflow-project/venv/lib/python3.8/site-packages/airflow/example_dags/example_task_group.py
[2021-04-04 03:41:29,639] {scheduler_job.py:629} INFO - Processing file /home/prathamesh/PycharmProjects/airflow-project/venv/lib/python3.8/site-packages/airflow/example_dags/example_task_group.py for tasks to queue
[2021-04-04 03:41:29,640] {logging_mixin.py:104} INFO - [2021-04-04 03:41:29,640] {dagbag.py:448} INFO - Filling up the DagBag from /home/prathamesh/PycharmProjects/airflow-project/venv/lib/python3.8/site-packages/airflow/example_dags/example_task_group.py
[2021-04-04 03:41:29,671] {scheduler_job.py:639} INFO - DAG(s) dict_keys(['example_task_group']) retrieved from /home/prathamesh/PycharmProjects/airflow-project/venv/lib/python3.8/site-packages/airflow/example_dags/example_task_group.py
[2021-04-04 03:41:29,696] {logging_mixin.py:104} INFO - [2021-04-04 03:41:29,696] {dag.py:1818} INFO - Sync 1 DAGs
[2021-04-04 03:41:29,719] {logging_mixin.py:104} INFO - [2021-04-04 03:41:29,719] {dag.py:2273} INFO - Setting next_dagrun for example_task_group to 2021-04-02 00:00:00+00:00
[2021-04-04 03:41:29,737] {scheduler_job.py:190} INFO - Processing /home/prathamesh/PycharmProjects/airflow-project/venv/lib/python3.8/site-packages/airflow/example_dags/example_task_group.py took 0.104 seconds
[2021-04-04 03:42:00,401] {scheduler_job.py:182} INFO - Started process (PID=3589) to work on /home/prathamesh/PycharmProjects/airflow-project/venv/lib/python3.8/site-packages/airflow/example_dags/example_task_group.py
[2021-04-04 03:42:00,404] {scheduler_job.py:629} INFO - Processing file /home/prathamesh/PycharmProjects/airflow-project/venv/lib/python3.8/site-packages/airflow/example_dags/example_task_group.py for tasks to queue
[2021-04-04 03:42:00,405] {logging_mixin.py:104} INFO - [2021-04-04 03:42:00,404] {dagbag.py:448} INFO - Filling up the DagBag from /home/prathamesh/PycharmProjects/airflow-project/venv/lib/python3.8/site-packages/airflow/example_dags/example_task_group.py
[2021-04-04 03:42:00,414] {scheduler_job.py:639} INFO - DAG(s) dict_keys(['example_task_group']) retrieved from /home/prathamesh/PycharmProjects/airflow-project/venv/lib/python3.8/site-packages/airflow/example_dags/example_task_group.py
[2021-04-04 03:42:00,437] {logging_mixin.py:104} INFO - [2021-04-04 03:42:00,437] {dag.py:1818} INFO - Sync 1 DAGs
[2021-04-04 03:42:00,455] {logging_mixin.py:104} INFO - [2021-04-04 03:42:00,454] {dag.py:2273} INFO - Setting next_dagrun for example_task_group to 2021-04-02 00:00:00+00:00
[2021-04-04 03:42:00,476] {scheduler_job.py:190} INFO - Processing /home/prathamesh/PycharmProjects/airflow-project/venv/lib/python3.8/site-packages/airflow/example_dags/example_task_group.py took 0.082 seconds
[2021-04-04 03:42:32,126] {scheduler_job.py:182} INFO - Started process (PID=3630) to work on /home/prathamesh/PycharmProjects/airflow-project/venv/lib/python3.8/site-packages/airflow/example_dags/example_task_group.py
[2021-04-04 03:42:32,139] {scheduler_job.py:629} INFO - Processing file /home/prathamesh/PycharmProjects/airflow-project/venv/lib/python3.8/site-packages/airflow/example_dags/example_task_group.py for tasks to queue
[2021-04-04 03:42:32,140] {logging_mixin.py:104} INFO - [2021-04-04 03:42:32,140] {dagbag.py:448} INFO - Filling up the DagBag from /home/prathamesh/PycharmProjects/airflow-project/venv/lib/python3.8/site-packages/airflow/example_dags/example_task_group.py
[2021-04-04 03:42:32,166] {scheduler_job.py:639} INFO - DAG(s) dict_keys(['example_task_group']) retrieved from /home/prathamesh/PycharmProjects/airflow-project/venv/lib/python3.8/site-packages/airflow/example_dags/example_task_group.py
[2021-04-04 03:42:32,202] {logging_mixin.py:104} INFO - [2021-04-04 03:42:32,201] {dag.py:1818} INFO - Sync 1 DAGs
[2021-04-04 03:42:32,245] {logging_mixin.py:104} INFO - [2021-04-04 03:42:32,245] {dag.py:2273} INFO - Setting next_dagrun for example_task_group to 2021-04-02 00:00:00+00:00
[2021-04-04 03:42:32,250] {scheduler_job.py:190} INFO - Processing /home/prathamesh/PycharmProjects/airflow-project/venv/lib/python3.8/site-packages/airflow/example_dags/example_task_group.py took 0.126 seconds
[2021-04-04 03:43:03,125] {scheduler_job.py:182} INFO - Started process (PID=3668) to work on /home/prathamesh/PycharmProjects/airflow-project/venv/lib/python3.8/site-packages/airflow/example_dags/example_task_group.py
[2021-04-04 03:43:03,126] {scheduler_job.py:629} INFO - Processing file /home/prathamesh/PycharmProjects/airflow-project/venv/lib/python3.8/site-packages/airflow/example_dags/example_task_group.py for tasks to queue
[2021-04-04 03:43:03,126] {logging_mixin.py:104} INFO - [2021-04-04 03:43:03,126] {dagbag.py:448} INFO - Filling up the DagBag from /home/prathamesh/PycharmProjects/airflow-project/venv/lib/python3.8/site-packages/airflow/example_dags/example_task_group.py
[2021-04-04 03:43:03,160] {scheduler_job.py:639} INFO - DAG(s) dict_keys(['example_task_group']) retrieved from /home/prathamesh/PycharmProjects/airflow-project/venv/lib/python3.8/site-packages/airflow/example_dags/example_task_group.py
[2021-04-04 03:43:03,185] {logging_mixin.py:104} INFO - [2021-04-04 03:43:03,185] {dag.py:1818} INFO - Sync 1 DAGs
[2021-04-04 03:43:03,217] {logging_mixin.py:104} INFO - [2021-04-04 03:43:03,217] {dag.py:2273} INFO - Setting next_dagrun for example_task_group to 2021-04-02 00:00:00+00:00
[2021-04-04 03:43:03,224] {scheduler_job.py:190} INFO - Processing /home/prathamesh/PycharmProjects/airflow-project/venv/lib/python3.8/site-packages/airflow/example_dags/example_task_group.py took 0.102 seconds
[2021-04-04 03:43:33,628] {scheduler_job.py:182} INFO - Started process (PID=3710) to work on /home/prathamesh/PycharmProjects/airflow-project/venv/lib/python3.8/site-packages/airflow/example_dags/example_task_group.py
[2021-04-04 03:43:33,628] {scheduler_job.py:629} INFO - Processing file /home/prathamesh/PycharmProjects/airflow-project/venv/lib/python3.8/site-packages/airflow/example_dags/example_task_group.py for tasks to queue
[2021-04-04 03:43:33,629] {logging_mixin.py:104} INFO - [2021-04-04 03:43:33,629] {dagbag.py:448} INFO - Filling up the DagBag from /home/prathamesh/PycharmProjects/airflow-project/venv/lib/python3.8/site-packages/airflow/example_dags/example_task_group.py
[2021-04-04 03:43:33,662] {scheduler_job.py:639} INFO - DAG(s) dict_keys(['example_task_group']) retrieved from /home/prathamesh/PycharmProjects/airflow-project/venv/lib/python3.8/site-packages/airflow/example_dags/example_task_group.py
[2021-04-04 03:43:33,671] {logging_mixin.py:104} INFO - [2021-04-04 03:43:33,671] {dag.py:1818} INFO - Sync 1 DAGs
[2021-04-04 03:43:33,699] {logging_mixin.py:104} INFO - [2021-04-04 03:43:33,699] {dag.py:2273} INFO - Setting next_dagrun for example_task_group to 2021-04-02 00:00:00+00:00
[2021-04-04 03:43:33,704] {scheduler_job.py:190} INFO - Processing /home/prathamesh/PycharmProjects/airflow-project/venv/lib/python3.8/site-packages/airflow/example_dags/example_task_group.py took 0.078 seconds
[2021-04-04 03:44:04,263] {scheduler_job.py:182} INFO - Started process (PID=3741) to work on /home/prathamesh/PycharmProjects/airflow-project/venv/lib/python3.8/site-packages/airflow/example_dags/example_task_group.py
[2021-04-04 03:44:04,269] {scheduler_job.py:629} INFO - Processing file /home/prathamesh/PycharmProjects/airflow-project/venv/lib/python3.8/site-packages/airflow/example_dags/example_task_group.py for tasks to queue
[2021-04-04 03:44:04,270] {logging_mixin.py:104} INFO - [2021-04-04 03:44:04,269] {dagbag.py:448} INFO - Filling up the DagBag from /home/prathamesh/PycharmProjects/airflow-project/venv/lib/python3.8/site-packages/airflow/example_dags/example_task_group.py
[2021-04-04 03:44:04,290] {scheduler_job.py:639} INFO - DAG(s) dict_keys(['example_task_group']) retrieved from /home/prathamesh/PycharmProjects/airflow-project/venv/lib/python3.8/site-packages/airflow/example_dags/example_task_group.py
[2021-04-04 03:44:04,313] {logging_mixin.py:104} INFO - [2021-04-04 03:44:04,313] {dag.py:1818} INFO - Sync 1 DAGs
[2021-04-04 03:44:04,329] {logging_mixin.py:104} INFO - [2021-04-04 03:44:04,329] {dag.py:2273} INFO - Setting next_dagrun for example_task_group to 2021-04-02 00:00:00+00:00
[2021-04-04 03:44:04,333] {scheduler_job.py:190} INFO - Processing /home/prathamesh/PycharmProjects/airflow-project/venv/lib/python3.8/site-packages/airflow/example_dags/example_task_group.py took 0.071 seconds
[2021-04-04 03:44:34,585] {scheduler_job.py:182} INFO - Started process (PID=3769) to work on /home/prathamesh/PycharmProjects/airflow-project/venv/lib/python3.8/site-packages/airflow/example_dags/example_task_group.py
[2021-04-04 03:44:34,592] {scheduler_job.py:629} INFO - Processing file /home/prathamesh/PycharmProjects/airflow-project/venv/lib/python3.8/site-packages/airflow/example_dags/example_task_group.py for tasks to queue
[2021-04-04 03:44:34,592] {logging_mixin.py:104} INFO - [2021-04-04 03:44:34,592] {dagbag.py:448} INFO - Filling up the DagBag from /home/prathamesh/PycharmProjects/airflow-project/venv/lib/python3.8/site-packages/airflow/example_dags/example_task_group.py
[2021-04-04 03:44:34,615] {scheduler_job.py:639} INFO - DAG(s) dict_keys(['example_task_group']) retrieved from /home/prathamesh/PycharmProjects/airflow-project/venv/lib/python3.8/site-packages/airflow/example_dags/example_task_group.py
[2021-04-04 03:44:34,653] {logging_mixin.py:104} INFO - [2021-04-04 03:44:34,653] {dag.py:1818} INFO - Sync 1 DAGs
[2021-04-04 03:44:34,669] {logging_mixin.py:104} INFO - [2021-04-04 03:44:34,669] {dag.py:2273} INFO - Setting next_dagrun for example_task_group to 2021-04-02 00:00:00+00:00
[2021-04-04 03:44:34,691] {scheduler_job.py:190} INFO - Processing /home/prathamesh/PycharmProjects/airflow-project/venv/lib/python3.8/site-packages/airflow/example_dags/example_task_group.py took 0.108 seconds
[2021-04-04 03:45:05,587] {scheduler_job.py:182} INFO - Started process (PID=3893) to work on /home/prathamesh/PycharmProjects/airflow-project/venv/lib/python3.8/site-packages/airflow/example_dags/example_task_group.py
[2021-04-04 03:45:05,591] {scheduler_job.py:629} INFO - Processing file /home/prathamesh/PycharmProjects/airflow-project/venv/lib/python3.8/site-packages/airflow/example_dags/example_task_group.py for tasks to queue
[2021-04-04 03:45:05,595] {logging_mixin.py:104} INFO - [2021-04-04 03:45:05,594] {dagbag.py:448} INFO - Filling up the DagBag from /home/prathamesh/PycharmProjects/airflow-project/venv/lib/python3.8/site-packages/airflow/example_dags/example_task_group.py
[2021-04-04 03:45:05,645] {scheduler_job.py:639} INFO - DAG(s) dict_keys(['example_task_group']) retrieved from /home/prathamesh/PycharmProjects/airflow-project/venv/lib/python3.8/site-packages/airflow/example_dags/example_task_group.py
[2021-04-04 03:45:05,670] {logging_mixin.py:104} INFO - [2021-04-04 03:45:05,670] {dag.py:1818} INFO - Sync 1 DAGs
[2021-04-04 03:45:05,716] {logging_mixin.py:104} INFO - [2021-04-04 03:45:05,716] {dag.py:2273} INFO - Setting next_dagrun for example_task_group to 2021-04-02 00:00:00+00:00
[2021-04-04 03:45:05,782] {scheduler_job.py:190} INFO - Processing /home/prathamesh/PycharmProjects/airflow-project/venv/lib/python3.8/site-packages/airflow/example_dags/example_task_group.py took 0.199 seconds
[2021-04-04 03:54:20,393] {scheduler_job.py:182} INFO - Started process (PID=4553) to work on /home/prathamesh/PycharmProjects/airflow-project/venv/lib/python3.8/site-packages/airflow/example_dags/example_task_group.py
[2021-04-04 03:54:20,406] {scheduler_job.py:629} INFO - Processing file /home/prathamesh/PycharmProjects/airflow-project/venv/lib/python3.8/site-packages/airflow/example_dags/example_task_group.py for tasks to queue
[2021-04-04 03:54:20,407] {logging_mixin.py:104} INFO - [2021-04-04 03:54:20,407] {dagbag.py:448} INFO - Filling up the DagBag from /home/prathamesh/PycharmProjects/airflow-project/venv/lib/python3.8/site-packages/airflow/example_dags/example_task_group.py
[2021-04-04 03:54:20,433] {scheduler_job.py:639} INFO - DAG(s) dict_keys(['example_task_group']) retrieved from /home/prathamesh/PycharmProjects/airflow-project/venv/lib/python3.8/site-packages/airflow/example_dags/example_task_group.py
[2021-04-04 03:54:20,504] {logging_mixin.py:104} INFO - [2021-04-04 03:54:20,504] {dag.py:1818} INFO - Sync 1 DAGs
[2021-04-04 03:54:20,554] {logging_mixin.py:104} INFO - [2021-04-04 03:54:20,554] {dag.py:2273} INFO - Setting next_dagrun for example_task_group to 2021-04-02 00:00:00+00:00
[2021-04-04 03:54:20,611] {scheduler_job.py:190} INFO - Processing /home/prathamesh/PycharmProjects/airflow-project/venv/lib/python3.8/site-packages/airflow/example_dags/example_task_group.py took 0.222 seconds
[2021-04-04 03:54:50,839] {scheduler_job.py:182} INFO - Started process (PID=4580) to work on /home/prathamesh/PycharmProjects/airflow-project/venv/lib/python3.8/site-packages/airflow/example_dags/example_task_group.py
[2021-04-04 03:54:50,839] {scheduler_job.py:629} INFO - Processing file /home/prathamesh/PycharmProjects/airflow-project/venv/lib/python3.8/site-packages/airflow/example_dags/example_task_group.py for tasks to queue
[2021-04-04 03:54:50,840] {logging_mixin.py:104} INFO - [2021-04-04 03:54:50,840] {dagbag.py:448} INFO - Filling up the DagBag from /home/prathamesh/PycharmProjects/airflow-project/venv/lib/python3.8/site-packages/airflow/example_dags/example_task_group.py
[2021-04-04 03:54:50,847] {scheduler_job.py:639} INFO - DAG(s) dict_keys(['example_task_group']) retrieved from /home/prathamesh/PycharmProjects/airflow-project/venv/lib/python3.8/site-packages/airflow/example_dags/example_task_group.py
[2021-04-04 03:54:50,858] {logging_mixin.py:104} INFO - [2021-04-04 03:54:50,858] {dag.py:1818} INFO - Sync 1 DAGs
[2021-04-04 03:54:50,872] {logging_mixin.py:104} INFO - [2021-04-04 03:54:50,872] {dag.py:2273} INFO - Setting next_dagrun for example_task_group to 2021-04-02 00:00:00+00:00
[2021-04-04 03:54:50,881] {scheduler_job.py:190} INFO - Processing /home/prathamesh/PycharmProjects/airflow-project/venv/lib/python3.8/site-packages/airflow/example_dags/example_task_group.py took 0.051 seconds
[2021-04-04 03:55:22,085] {scheduler_job.py:182} INFO - Started process (PID=4612) to work on /home/prathamesh/PycharmProjects/airflow-project/venv/lib/python3.8/site-packages/airflow/example_dags/example_task_group.py
[2021-04-04 03:55:22,086] {scheduler_job.py:629} INFO - Processing file /home/prathamesh/PycharmProjects/airflow-project/venv/lib/python3.8/site-packages/airflow/example_dags/example_task_group.py for tasks to queue
[2021-04-04 03:55:22,086] {logging_mixin.py:104} INFO - [2021-04-04 03:55:22,086] {dagbag.py:448} INFO - Filling up the DagBag from /home/prathamesh/PycharmProjects/airflow-project/venv/lib/python3.8/site-packages/airflow/example_dags/example_task_group.py
[2021-04-04 03:55:22,117] {scheduler_job.py:639} INFO - DAG(s) dict_keys(['example_task_group']) retrieved from /home/prathamesh/PycharmProjects/airflow-project/venv/lib/python3.8/site-packages/airflow/example_dags/example_task_group.py
[2021-04-04 03:55:22,146] {logging_mixin.py:104} INFO - [2021-04-04 03:55:22,146] {dag.py:1818} INFO - Sync 1 DAGs
[2021-04-04 03:55:22,210] {logging_mixin.py:104} INFO - [2021-04-04 03:55:22,210] {dag.py:2273} INFO - Setting next_dagrun for example_task_group to 2021-04-02 00:00:00+00:00
[2021-04-04 03:55:22,232] {scheduler_job.py:190} INFO - Processing /home/prathamesh/PycharmProjects/airflow-project/venv/lib/python3.8/site-packages/airflow/example_dags/example_task_group.py took 0.149 seconds
[2021-04-04 03:55:52,750] {scheduler_job.py:182} INFO - Started process (PID=4644) to work on /home/prathamesh/PycharmProjects/airflow-project/venv/lib/python3.8/site-packages/airflow/example_dags/example_task_group.py
[2021-04-04 03:55:52,751] {scheduler_job.py:629} INFO - Processing file /home/prathamesh/PycharmProjects/airflow-project/venv/lib/python3.8/site-packages/airflow/example_dags/example_task_group.py for tasks to queue
[2021-04-04 03:55:52,752] {logging_mixin.py:104} INFO - [2021-04-04 03:55:52,751] {dagbag.py:448} INFO - Filling up the DagBag from /home/prathamesh/PycharmProjects/airflow-project/venv/lib/python3.8/site-packages/airflow/example_dags/example_task_group.py
[2021-04-04 03:55:52,826] {scheduler_job.py:639} INFO - DAG(s) dict_keys(['example_task_group']) retrieved from /home/prathamesh/PycharmProjects/airflow-project/venv/lib/python3.8/site-packages/airflow/example_dags/example_task_group.py
[2021-04-04 03:55:52,930] {logging_mixin.py:104} INFO - [2021-04-04 03:55:52,930] {dag.py:1818} INFO - Sync 1 DAGs
[2021-04-04 03:55:52,993] {logging_mixin.py:104} INFO - [2021-04-04 03:55:52,993] {dag.py:2273} INFO - Setting next_dagrun for example_task_group to 2021-04-02 00:00:00+00:00
[2021-04-04 03:55:53,005] {scheduler_job.py:190} INFO - Processing /home/prathamesh/PycharmProjects/airflow-project/venv/lib/python3.8/site-packages/airflow/example_dags/example_task_group.py took 0.271 seconds
[2021-04-04 03:56:23,782] {scheduler_job.py:182} INFO - Started process (PID=4696) to work on /home/prathamesh/PycharmProjects/airflow-project/venv/lib/python3.8/site-packages/airflow/example_dags/example_task_group.py
[2021-04-04 03:56:23,782] {scheduler_job.py:629} INFO - Processing file /home/prathamesh/PycharmProjects/airflow-project/venv/lib/python3.8/site-packages/airflow/example_dags/example_task_group.py for tasks to queue
[2021-04-04 03:56:23,783] {logging_mixin.py:104} INFO - [2021-04-04 03:56:23,783] {dagbag.py:448} INFO - Filling up the DagBag from /home/prathamesh/PycharmProjects/airflow-project/venv/lib/python3.8/site-packages/airflow/example_dags/example_task_group.py
[2021-04-04 03:56:23,790] {scheduler_job.py:639} INFO - DAG(s) dict_keys(['example_task_group']) retrieved from /home/prathamesh/PycharmProjects/airflow-project/venv/lib/python3.8/site-packages/airflow/example_dags/example_task_group.py
[2021-04-04 03:56:23,810] {logging_mixin.py:104} INFO - [2021-04-04 03:56:23,810] {dag.py:1818} INFO - Sync 1 DAGs
[2021-04-04 03:56:23,819] {logging_mixin.py:104} INFO - [2021-04-04 03:56:23,819] {dag.py:2273} INFO - Setting next_dagrun for example_task_group to 2021-04-02 00:00:00+00:00
[2021-04-04 03:56:23,823] {scheduler_job.py:190} INFO - Processing /home/prathamesh/PycharmProjects/airflow-project/venv/lib/python3.8/site-packages/airflow/example_dags/example_task_group.py took 0.043 seconds
[2021-04-04 03:56:54,483] {scheduler_job.py:182} INFO - Started process (PID=4729) to work on /home/prathamesh/PycharmProjects/airflow-project/venv/lib/python3.8/site-packages/airflow/example_dags/example_task_group.py
[2021-04-04 03:56:54,484] {scheduler_job.py:629} INFO - Processing file /home/prathamesh/PycharmProjects/airflow-project/venv/lib/python3.8/site-packages/airflow/example_dags/example_task_group.py for tasks to queue
[2021-04-04 03:56:54,484] {logging_mixin.py:104} INFO - [2021-04-04 03:56:54,484] {dagbag.py:448} INFO - Filling up the DagBag from /home/prathamesh/PycharmProjects/airflow-project/venv/lib/python3.8/site-packages/airflow/example_dags/example_task_group.py
[2021-04-04 03:56:54,515] {scheduler_job.py:639} INFO - DAG(s) dict_keys(['example_task_group']) retrieved from /home/prathamesh/PycharmProjects/airflow-project/venv/lib/python3.8/site-packages/airflow/example_dags/example_task_group.py
[2021-04-04 03:56:54,529] {logging_mixin.py:104} INFO - [2021-04-04 03:56:54,529] {dag.py:1818} INFO - Sync 1 DAGs
[2021-04-04 03:56:54,537] {logging_mixin.py:104} INFO - [2021-04-04 03:56:54,537] {dag.py:2273} INFO - Setting next_dagrun for example_task_group to 2021-04-02 00:00:00+00:00
[2021-04-04 03:56:54,542] {scheduler_job.py:190} INFO - Processing /home/prathamesh/PycharmProjects/airflow-project/venv/lib/python3.8/site-packages/airflow/example_dags/example_task_group.py took 0.061 seconds
[2021-04-04 03:57:25,531] {scheduler_job.py:182} INFO - Started process (PID=4758) to work on /home/prathamesh/PycharmProjects/airflow-project/venv/lib/python3.8/site-packages/airflow/example_dags/example_task_group.py
[2021-04-04 03:57:25,531] {scheduler_job.py:629} INFO - Processing file /home/prathamesh/PycharmProjects/airflow-project/venv/lib/python3.8/site-packages/airflow/example_dags/example_task_group.py for tasks to queue
[2021-04-04 03:57:25,532] {logging_mixin.py:104} INFO - [2021-04-04 03:57:25,532] {dagbag.py:448} INFO - Filling up the DagBag from /home/prathamesh/PycharmProjects/airflow-project/venv/lib/python3.8/site-packages/airflow/example_dags/example_task_group.py
[2021-04-04 03:57:25,541] {scheduler_job.py:639} INFO - DAG(s) dict_keys(['example_task_group']) retrieved from /home/prathamesh/PycharmProjects/airflow-project/venv/lib/python3.8/site-packages/airflow/example_dags/example_task_group.py
[2021-04-04 03:57:25,552] {logging_mixin.py:104} INFO - [2021-04-04 03:57:25,552] {dag.py:1818} INFO - Sync 1 DAGs
[2021-04-04 03:57:25,559] {logging_mixin.py:104} INFO - [2021-04-04 03:57:25,559] {dag.py:2273} INFO - Setting next_dagrun for example_task_group to 2021-04-02 00:00:00+00:00
[2021-04-04 03:57:25,571] {scheduler_job.py:190} INFO - Processing /home/prathamesh/PycharmProjects/airflow-project/venv/lib/python3.8/site-packages/airflow/example_dags/example_task_group.py took 0.044 seconds
[2021-04-04 03:57:56,957] {scheduler_job.py:182} INFO - Started process (PID=4788) to work on /home/prathamesh/PycharmProjects/airflow-project/venv/lib/python3.8/site-packages/airflow/example_dags/example_task_group.py
[2021-04-04 03:57:56,959] {scheduler_job.py:629} INFO - Processing file /home/prathamesh/PycharmProjects/airflow-project/venv/lib/python3.8/site-packages/airflow/example_dags/example_task_group.py for tasks to queue
[2021-04-04 03:57:56,960] {logging_mixin.py:104} INFO - [2021-04-04 03:57:56,960] {dagbag.py:448} INFO - Filling up the DagBag from /home/prathamesh/PycharmProjects/airflow-project/venv/lib/python3.8/site-packages/airflow/example_dags/example_task_group.py
[2021-04-04 03:57:56,982] {scheduler_job.py:639} INFO - DAG(s) dict_keys(['example_task_group']) retrieved from /home/prathamesh/PycharmProjects/airflow-project/venv/lib/python3.8/site-packages/airflow/example_dags/example_task_group.py
[2021-04-04 03:57:57,074] {logging_mixin.py:104} INFO - [2021-04-04 03:57:57,074] {dag.py:1818} INFO - Sync 1 DAGs
[2021-04-04 03:57:57,139] {logging_mixin.py:104} INFO - [2021-04-04 03:57:57,139] {dag.py:2273} INFO - Setting next_dagrun for example_task_group to 2021-04-02 00:00:00+00:00
[2021-04-04 03:57:57,159] {scheduler_job.py:190} INFO - Processing /home/prathamesh/PycharmProjects/airflow-project/venv/lib/python3.8/site-packages/airflow/example_dags/example_task_group.py took 0.221 seconds
[2021-04-04 04:07:51,907] {scheduler_job.py:182} INFO - Started process (PID=4976) to work on /home/prathamesh/PycharmProjects/airflow-project/venv/lib/python3.8/site-packages/airflow/example_dags/example_task_group.py
[2021-04-04 04:07:51,908] {scheduler_job.py:629} INFO - Processing file /home/prathamesh/PycharmProjects/airflow-project/venv/lib/python3.8/site-packages/airflow/example_dags/example_task_group.py for tasks to queue
[2021-04-04 04:07:51,908] {logging_mixin.py:104} INFO - [2021-04-04 04:07:51,908] {dagbag.py:448} INFO - Filling up the DagBag from /home/prathamesh/PycharmProjects/airflow-project/venv/lib/python3.8/site-packages/airflow/example_dags/example_task_group.py
[2021-04-04 04:07:51,933] {scheduler_job.py:639} INFO - DAG(s) dict_keys(['example_task_group']) retrieved from /home/prathamesh/PycharmProjects/airflow-project/venv/lib/python3.8/site-packages/airflow/example_dags/example_task_group.py
[2021-04-04 04:07:51,969] {logging_mixin.py:104} INFO - [2021-04-04 04:07:51,969] {dag.py:1818} INFO - Sync 1 DAGs
[2021-04-04 04:07:51,976] {logging_mixin.py:104} INFO - [2021-04-04 04:07:51,975] {dag.py:2273} INFO - Setting next_dagrun for example_task_group to 2021-04-02 00:00:00+00:00
[2021-04-04 04:07:52,003] {scheduler_job.py:190} INFO - Processing /home/prathamesh/PycharmProjects/airflow-project/venv/lib/python3.8/site-packages/airflow/example_dags/example_task_group.py took 0.098 seconds
[2021-04-04 04:08:22,688] {scheduler_job.py:182} INFO - Started process (PID=5016) to work on /home/prathamesh/PycharmProjects/airflow-project/venv/lib/python3.8/site-packages/airflow/example_dags/example_task_group.py
[2021-04-04 04:08:22,689] {scheduler_job.py:629} INFO - Processing file /home/prathamesh/PycharmProjects/airflow-project/venv/lib/python3.8/site-packages/airflow/example_dags/example_task_group.py for tasks to queue
[2021-04-04 04:08:22,689] {logging_mixin.py:104} INFO - [2021-04-04 04:08:22,689] {dagbag.py:448} INFO - Filling up the DagBag from /home/prathamesh/PycharmProjects/airflow-project/venv/lib/python3.8/site-packages/airflow/example_dags/example_task_group.py
[2021-04-04 04:08:22,709] {scheduler_job.py:639} INFO - DAG(s) dict_keys(['example_task_group']) retrieved from /home/prathamesh/PycharmProjects/airflow-project/venv/lib/python3.8/site-packages/airflow/example_dags/example_task_group.py
[2021-04-04 04:08:22,731] {logging_mixin.py:104} INFO - [2021-04-04 04:08:22,731] {dag.py:1818} INFO - Sync 1 DAGs
[2021-04-04 04:08:22,750] {logging_mixin.py:104} INFO - [2021-04-04 04:08:22,750] {dag.py:2273} INFO - Setting next_dagrun for example_task_group to 2021-04-02 00:00:00+00:00
[2021-04-04 04:08:22,770] {scheduler_job.py:190} INFO - Processing /home/prathamesh/PycharmProjects/airflow-project/venv/lib/python3.8/site-packages/airflow/example_dags/example_task_group.py took 0.083 seconds
[2021-04-04 04:08:54,533] {scheduler_job.py:182} INFO - Started process (PID=5045) to work on /home/prathamesh/PycharmProjects/airflow-project/venv/lib/python3.8/site-packages/airflow/example_dags/example_task_group.py
[2021-04-04 04:08:54,535] {scheduler_job.py:629} INFO - Processing file /home/prathamesh/PycharmProjects/airflow-project/venv/lib/python3.8/site-packages/airflow/example_dags/example_task_group.py for tasks to queue
[2021-04-04 04:08:54,536] {logging_mixin.py:104} INFO - [2021-04-04 04:08:54,536] {dagbag.py:448} INFO - Filling up the DagBag from /home/prathamesh/PycharmProjects/airflow-project/venv/lib/python3.8/site-packages/airflow/example_dags/example_task_group.py
[2021-04-04 04:08:54,595] {scheduler_job.py:639} INFO - DAG(s) dict_keys(['example_task_group']) retrieved from /home/prathamesh/PycharmProjects/airflow-project/venv/lib/python3.8/site-packages/airflow/example_dags/example_task_group.py
[2021-04-04 04:08:54,617] {logging_mixin.py:104} INFO - [2021-04-04 04:08:54,616] {dag.py:1818} INFO - Sync 1 DAGs
[2021-04-04 04:08:54,636] {logging_mixin.py:104} INFO - [2021-04-04 04:08:54,635] {dag.py:2273} INFO - Setting next_dagrun for example_task_group to 2021-04-02 00:00:00+00:00
[2021-04-04 04:08:54,640] {scheduler_job.py:190} INFO - Processing /home/prathamesh/PycharmProjects/airflow-project/venv/lib/python3.8/site-packages/airflow/example_dags/example_task_group.py took 0.109 seconds
[2021-04-04 04:09:26,155] {scheduler_job.py:182} INFO - Started process (PID=5084) to work on /home/prathamesh/PycharmProjects/airflow-project/venv/lib/python3.8/site-packages/airflow/example_dags/example_task_group.py
[2021-04-04 04:09:26,173] {scheduler_job.py:629} INFO - Processing file /home/prathamesh/PycharmProjects/airflow-project/venv/lib/python3.8/site-packages/airflow/example_dags/example_task_group.py for tasks to queue
[2021-04-04 04:09:26,174] {logging_mixin.py:104} INFO - [2021-04-04 04:09:26,174] {dagbag.py:448} INFO - Filling up the DagBag from /home/prathamesh/PycharmProjects/airflow-project/venv/lib/python3.8/site-packages/airflow/example_dags/example_task_group.py
[2021-04-04 04:09:26,267] {scheduler_job.py:639} INFO - DAG(s) dict_keys(['example_task_group']) retrieved from /home/prathamesh/PycharmProjects/airflow-project/venv/lib/python3.8/site-packages/airflow/example_dags/example_task_group.py
[2021-04-04 04:09:26,366] {logging_mixin.py:104} INFO - [2021-04-04 04:09:26,366] {dag.py:1818} INFO - Sync 1 DAGs
[2021-04-04 04:09:26,451] {logging_mixin.py:104} INFO - [2021-04-04 04:09:26,451] {dag.py:2273} INFO - Setting next_dagrun for example_task_group to 2021-04-02 00:00:00+00:00
[2021-04-04 04:09:26,484] {scheduler_job.py:190} INFO - Processing /home/prathamesh/PycharmProjects/airflow-project/venv/lib/python3.8/site-packages/airflow/example_dags/example_task_group.py took 0.405 seconds
[2021-04-04 04:09:56,905] {scheduler_job.py:182} INFO - Started process (PID=5115) to work on /home/prathamesh/PycharmProjects/airflow-project/venv/lib/python3.8/site-packages/airflow/example_dags/example_task_group.py
[2021-04-04 04:09:56,906] {scheduler_job.py:629} INFO - Processing file /home/prathamesh/PycharmProjects/airflow-project/venv/lib/python3.8/site-packages/airflow/example_dags/example_task_group.py for tasks to queue
[2021-04-04 04:09:56,907] {logging_mixin.py:104} INFO - [2021-04-04 04:09:56,907] {dagbag.py:448} INFO - Filling up the DagBag from /home/prathamesh/PycharmProjects/airflow-project/venv/lib/python3.8/site-packages/airflow/example_dags/example_task_group.py
[2021-04-04 04:09:56,914] {scheduler_job.py:639} INFO - DAG(s) dict_keys(['example_task_group']) retrieved from /home/prathamesh/PycharmProjects/airflow-project/venv/lib/python3.8/site-packages/airflow/example_dags/example_task_group.py
[2021-04-04 04:09:56,924] {logging_mixin.py:104} INFO - [2021-04-04 04:09:56,924] {dag.py:1818} INFO - Sync 1 DAGs
[2021-04-04 04:09:56,933] {logging_mixin.py:104} INFO - [2021-04-04 04:09:56,933] {dag.py:2273} INFO - Setting next_dagrun for example_task_group to 2021-04-02 00:00:00+00:00
[2021-04-04 04:09:56,941] {scheduler_job.py:190} INFO - Processing /home/prathamesh/PycharmProjects/airflow-project/venv/lib/python3.8/site-packages/airflow/example_dags/example_task_group.py took 0.038 seconds
[2021-04-04 04:10:29,171] {scheduler_job.py:182} INFO - Started process (PID=5178) to work on /home/prathamesh/PycharmProjects/airflow-project/venv/lib/python3.8/site-packages/airflow/example_dags/example_task_group.py
[2021-04-04 04:10:29,172] {scheduler_job.py:629} INFO - Processing file /home/prathamesh/PycharmProjects/airflow-project/venv/lib/python3.8/site-packages/airflow/example_dags/example_task_group.py for tasks to queue
[2021-04-04 04:10:29,172] {logging_mixin.py:104} INFO - [2021-04-04 04:10:29,172] {dagbag.py:448} INFO - Filling up the DagBag from /home/prathamesh/PycharmProjects/airflow-project/venv/lib/python3.8/site-packages/airflow/example_dags/example_task_group.py
[2021-04-04 04:10:29,181] {scheduler_job.py:639} INFO - DAG(s) dict_keys(['example_task_group']) retrieved from /home/prathamesh/PycharmProjects/airflow-project/venv/lib/python3.8/site-packages/airflow/example_dags/example_task_group.py
[2021-04-04 04:10:29,191] {logging_mixin.py:104} INFO - [2021-04-04 04:10:29,191] {dag.py:1818} INFO - Sync 1 DAGs
[2021-04-04 04:10:29,200] {logging_mixin.py:104} INFO - [2021-04-04 04:10:29,200] {dag.py:2273} INFO - Setting next_dagrun for example_task_group to 2021-04-02 00:00:00+00:00
[2021-04-04 04:10:29,205] {scheduler_job.py:190} INFO - Processing /home/prathamesh/PycharmProjects/airflow-project/venv/lib/python3.8/site-packages/airflow/example_dags/example_task_group.py took 0.040 seconds
[2021-04-04 04:10:59,970] {scheduler_job.py:182} INFO - Started process (PID=5207) to work on /home/prathamesh/PycharmProjects/airflow-project/venv/lib/python3.8/site-packages/airflow/example_dags/example_task_group.py
[2021-04-04 04:10:59,971] {scheduler_job.py:629} INFO - Processing file /home/prathamesh/PycharmProjects/airflow-project/venv/lib/python3.8/site-packages/airflow/example_dags/example_task_group.py for tasks to queue
[2021-04-04 04:10:59,971] {logging_mixin.py:104} INFO - [2021-04-04 04:10:59,971] {dagbag.py:448} INFO - Filling up the DagBag from /home/prathamesh/PycharmProjects/airflow-project/venv/lib/python3.8/site-packages/airflow/example_dags/example_task_group.py
[2021-04-04 04:10:59,978] {scheduler_job.py:639} INFO - DAG(s) dict_keys(['example_task_group']) retrieved from /home/prathamesh/PycharmProjects/airflow-project/venv/lib/python3.8/site-packages/airflow/example_dags/example_task_group.py
[2021-04-04 04:10:59,987] {logging_mixin.py:104} INFO - [2021-04-04 04:10:59,987] {dag.py:1818} INFO - Sync 1 DAGs
[2021-04-04 04:10:59,996] {logging_mixin.py:104} INFO - [2021-04-04 04:10:59,996] {dag.py:2273} INFO - Setting next_dagrun for example_task_group to 2021-04-02 00:00:00+00:00
[2021-04-04 04:11:00,001] {scheduler_job.py:190} INFO - Processing /home/prathamesh/PycharmProjects/airflow-project/venv/lib/python3.8/site-packages/airflow/example_dags/example_task_group.py took 0.033 seconds
[2021-04-04 04:11:30,659] {scheduler_job.py:182} INFO - Started process (PID=5267) to work on /home/prathamesh/PycharmProjects/airflow-project/venv/lib/python3.8/site-packages/airflow/example_dags/example_task_group.py
[2021-04-04 04:11:30,660] {scheduler_job.py:629} INFO - Processing file /home/prathamesh/PycharmProjects/airflow-project/venv/lib/python3.8/site-packages/airflow/example_dags/example_task_group.py for tasks to queue
[2021-04-04 04:11:30,661] {logging_mixin.py:104} INFO - [2021-04-04 04:11:30,661] {dagbag.py:448} INFO - Filling up the DagBag from /home/prathamesh/PycharmProjects/airflow-project/venv/lib/python3.8/site-packages/airflow/example_dags/example_task_group.py
[2021-04-04 04:11:30,667] {scheduler_job.py:639} INFO - DAG(s) dict_keys(['example_task_group']) retrieved from /home/prathamesh/PycharmProjects/airflow-project/venv/lib/python3.8/site-packages/airflow/example_dags/example_task_group.py
[2021-04-04 04:11:30,679] {logging_mixin.py:104} INFO - [2021-04-04 04:11:30,678] {dag.py:1818} INFO - Sync 1 DAGs
[2021-04-04 04:11:30,687] {logging_mixin.py:104} INFO - [2021-04-04 04:11:30,687] {dag.py:2273} INFO - Setting next_dagrun for example_task_group to 2021-04-02 00:00:00+00:00
[2021-04-04 04:11:30,694] {scheduler_job.py:190} INFO - Processing /home/prathamesh/PycharmProjects/airflow-project/venv/lib/python3.8/site-packages/airflow/example_dags/example_task_group.py took 0.038 seconds
[2021-04-04 04:12:01,446] {scheduler_job.py:182} INFO - Started process (PID=5303) to work on /home/prathamesh/PycharmProjects/airflow-project/venv/lib/python3.8/site-packages/airflow/example_dags/example_task_group.py
[2021-04-04 04:12:01,447] {scheduler_job.py:629} INFO - Processing file /home/prathamesh/PycharmProjects/airflow-project/venv/lib/python3.8/site-packages/airflow/example_dags/example_task_group.py for tasks to queue
[2021-04-04 04:12:01,447] {logging_mixin.py:104} INFO - [2021-04-04 04:12:01,447] {dagbag.py:448} INFO - Filling up the DagBag from /home/prathamesh/PycharmProjects/airflow-project/venv/lib/python3.8/site-packages/airflow/example_dags/example_task_group.py
[2021-04-04 04:12:01,455] {scheduler_job.py:639} INFO - DAG(s) dict_keys(['example_task_group']) retrieved from /home/prathamesh/PycharmProjects/airflow-project/venv/lib/python3.8/site-packages/airflow/example_dags/example_task_group.py
[2021-04-04 04:12:01,467] {logging_mixin.py:104} INFO - [2021-04-04 04:12:01,467] {dag.py:1818} INFO - Sync 1 DAGs
[2021-04-04 04:12:01,476] {logging_mixin.py:104} INFO - [2021-04-04 04:12:01,476] {dag.py:2273} INFO - Setting next_dagrun for example_task_group to 2021-04-02 00:00:00+00:00
[2021-04-04 04:12:01,480] {scheduler_job.py:190} INFO - Processing /home/prathamesh/PycharmProjects/airflow-project/venv/lib/python3.8/site-packages/airflow/example_dags/example_task_group.py took 0.036 seconds
[2021-04-04 04:12:32,696] {scheduler_job.py:182} INFO - Started process (PID=5342) to work on /home/prathamesh/PycharmProjects/airflow-project/venv/lib/python3.8/site-packages/airflow/example_dags/example_task_group.py
[2021-04-04 04:12:32,697] {scheduler_job.py:629} INFO - Processing file /home/prathamesh/PycharmProjects/airflow-project/venv/lib/python3.8/site-packages/airflow/example_dags/example_task_group.py for tasks to queue
[2021-04-04 04:12:32,698] {logging_mixin.py:104} INFO - [2021-04-04 04:12:32,698] {dagbag.py:448} INFO - Filling up the DagBag from /home/prathamesh/PycharmProjects/airflow-project/venv/lib/python3.8/site-packages/airflow/example_dags/example_task_group.py
[2021-04-04 04:12:32,729] {scheduler_job.py:639} INFO - DAG(s) dict_keys(['example_task_group']) retrieved from /home/prathamesh/PycharmProjects/airflow-project/venv/lib/python3.8/site-packages/airflow/example_dags/example_task_group.py
[2021-04-04 04:12:32,776] {logging_mixin.py:104} INFO - [2021-04-04 04:12:32,776] {dag.py:1818} INFO - Sync 1 DAGs
[2021-04-04 04:12:32,821] {logging_mixin.py:104} INFO - [2021-04-04 04:12:32,821] {dag.py:2273} INFO - Setting next_dagrun for example_task_group to 2021-04-02 00:00:00+00:00
[2021-04-04 04:12:32,825] {scheduler_job.py:190} INFO - Processing /home/prathamesh/PycharmProjects/airflow-project/venv/lib/python3.8/site-packages/airflow/example_dags/example_task_group.py took 0.131 seconds
[2021-04-04 16:21:37,612] {scheduler_job.py:182} INFO - Started process (PID=3337) to work on /home/prathamesh/PycharmProjects/airflow-project/venv/lib/python3.8/site-packages/airflow/example_dags/example_task_group.py
[2021-04-04 16:21:37,625] {scheduler_job.py:629} INFO - Processing file /home/prathamesh/PycharmProjects/airflow-project/venv/lib/python3.8/site-packages/airflow/example_dags/example_task_group.py for tasks to queue
[2021-04-04 16:21:37,625] {logging_mixin.py:104} INFO - [2021-04-04 16:21:37,625] {dagbag.py:448} INFO - Filling up the DagBag from /home/prathamesh/PycharmProjects/airflow-project/venv/lib/python3.8/site-packages/airflow/example_dags/example_task_group.py
[2021-04-04 16:21:37,633] {scheduler_job.py:639} INFO - DAG(s) dict_keys(['example_task_group']) retrieved from /home/prathamesh/PycharmProjects/airflow-project/venv/lib/python3.8/site-packages/airflow/example_dags/example_task_group.py
[2021-04-04 16:21:37,786] {logging_mixin.py:104} INFO - [2021-04-04 16:21:37,786] {dag.py:1818} INFO - Sync 1 DAGs
[2021-04-04 16:21:37,803] {logging_mixin.py:104} INFO - [2021-04-04 16:21:37,803] {dag.py:2273} INFO - Setting next_dagrun for example_task_group to 2021-04-02 00:00:00+00:00
[2021-04-04 16:21:37,914] {scheduler_job.py:190} INFO - Processing /home/prathamesh/PycharmProjects/airflow-project/venv/lib/python3.8/site-packages/airflow/example_dags/example_task_group.py took 0.304 seconds
[2021-04-04 16:22:08,450] {scheduler_job.py:182} INFO - Started process (PID=3541) to work on /home/prathamesh/PycharmProjects/airflow-project/venv/lib/python3.8/site-packages/airflow/example_dags/example_task_group.py
[2021-04-04 16:22:08,452] {scheduler_job.py:629} INFO - Processing file /home/prathamesh/PycharmProjects/airflow-project/venv/lib/python3.8/site-packages/airflow/example_dags/example_task_group.py for tasks to queue
[2021-04-04 16:22:08,453] {logging_mixin.py:104} INFO - [2021-04-04 16:22:08,453] {dagbag.py:448} INFO - Filling up the DagBag from /home/prathamesh/PycharmProjects/airflow-project/venv/lib/python3.8/site-packages/airflow/example_dags/example_task_group.py
[2021-04-04 16:22:08,465] {scheduler_job.py:639} INFO - DAG(s) dict_keys(['example_task_group']) retrieved from /home/prathamesh/PycharmProjects/airflow-project/venv/lib/python3.8/site-packages/airflow/example_dags/example_task_group.py
[2021-04-04 16:22:08,476] {logging_mixin.py:104} INFO - [2021-04-04 16:22:08,476] {dag.py:1818} INFO - Sync 1 DAGs
[2021-04-04 16:22:08,483] {logging_mixin.py:104} INFO - [2021-04-04 16:22:08,483] {dag.py:2273} INFO - Setting next_dagrun for example_task_group to 2021-04-02 00:00:00+00:00
[2021-04-04 16:22:08,488] {scheduler_job.py:190} INFO - Processing /home/prathamesh/PycharmProjects/airflow-project/venv/lib/python3.8/site-packages/airflow/example_dags/example_task_group.py took 0.044 seconds
[2021-04-04 16:22:39,081] {scheduler_job.py:182} INFO - Started process (PID=3569) to work on /home/prathamesh/PycharmProjects/airflow-project/venv/lib/python3.8/site-packages/airflow/example_dags/example_task_group.py
[2021-04-04 16:22:39,082] {scheduler_job.py:629} INFO - Processing file /home/prathamesh/PycharmProjects/airflow-project/venv/lib/python3.8/site-packages/airflow/example_dags/example_task_group.py for tasks to queue
[2021-04-04 16:22:39,082] {logging_mixin.py:104} INFO - [2021-04-04 16:22:39,082] {dagbag.py:448} INFO - Filling up the DagBag from /home/prathamesh/PycharmProjects/airflow-project/venv/lib/python3.8/site-packages/airflow/example_dags/example_task_group.py
[2021-04-04 16:22:39,092] {scheduler_job.py:639} INFO - DAG(s) dict_keys(['example_task_group']) retrieved from /home/prathamesh/PycharmProjects/airflow-project/venv/lib/python3.8/site-packages/airflow/example_dags/example_task_group.py
[2021-04-04 16:22:39,101] {logging_mixin.py:104} INFO - [2021-04-04 16:22:39,101] {dag.py:1818} INFO - Sync 1 DAGs
[2021-04-04 16:22:39,109] {logging_mixin.py:104} INFO - [2021-04-04 16:22:39,109] {dag.py:2273} INFO - Setting next_dagrun for example_task_group to 2021-04-02 00:00:00+00:00
[2021-04-04 16:22:39,115] {scheduler_job.py:190} INFO - Processing /home/prathamesh/PycharmProjects/airflow-project/venv/lib/python3.8/site-packages/airflow/example_dags/example_task_group.py took 0.038 seconds
[2021-04-04 16:23:09,635] {scheduler_job.py:182} INFO - Started process (PID=3596) to work on /home/prathamesh/PycharmProjects/airflow-project/venv/lib/python3.8/site-packages/airflow/example_dags/example_task_group.py
[2021-04-04 16:23:09,636] {scheduler_job.py:629} INFO - Processing file /home/prathamesh/PycharmProjects/airflow-project/venv/lib/python3.8/site-packages/airflow/example_dags/example_task_group.py for tasks to queue
[2021-04-04 16:23:09,637] {logging_mixin.py:104} INFO - [2021-04-04 16:23:09,637] {dagbag.py:448} INFO - Filling up the DagBag from /home/prathamesh/PycharmProjects/airflow-project/venv/lib/python3.8/site-packages/airflow/example_dags/example_task_group.py
[2021-04-04 16:23:09,647] {scheduler_job.py:639} INFO - DAG(s) dict_keys(['example_task_group']) retrieved from /home/prathamesh/PycharmProjects/airflow-project/venv/lib/python3.8/site-packages/airflow/example_dags/example_task_group.py
[2021-04-04 16:23:09,658] {logging_mixin.py:104} INFO - [2021-04-04 16:23:09,657] {dag.py:1818} INFO - Sync 1 DAGs
[2021-04-04 16:23:09,667] {logging_mixin.py:104} INFO - [2021-04-04 16:23:09,667] {dag.py:2273} INFO - Setting next_dagrun for example_task_group to 2021-04-02 00:00:00+00:00
[2021-04-04 16:23:09,671] {scheduler_job.py:190} INFO - Processing /home/prathamesh/PycharmProjects/airflow-project/venv/lib/python3.8/site-packages/airflow/example_dags/example_task_group.py took 0.040 seconds
