[2021-04-04 03:36:31,190] {scheduler_job.py:182} INFO - Started process (PID=3210) to work on /home/prathamesh/PycharmProjects/airflow-project/venv/lib/python3.8/site-packages/airflow/example_dags/tutorial_etl_dag.py
[2021-04-04 03:36:31,192] {scheduler_job.py:629} INFO - Processing file /home/prathamesh/PycharmProjects/airflow-project/venv/lib/python3.8/site-packages/airflow/example_dags/tutorial_etl_dag.py for tasks to queue
[2021-04-04 03:36:31,193] {logging_mixin.py:104} INFO - [2021-04-04 03:36:31,193] {dagbag.py:448} INFO - Filling up the DagBag from /home/prathamesh/PycharmProjects/airflow-project/venv/lib/python3.8/site-packages/airflow/example_dags/tutorial_etl_dag.py
[2021-04-04 03:36:31,199] {scheduler_job.py:639} INFO - DAG(s) dict_keys(['tutorial_etl_dag']) retrieved from /home/prathamesh/PycharmProjects/airflow-project/venv/lib/python3.8/site-packages/airflow/example_dags/tutorial_etl_dag.py
[2021-04-04 03:36:31,208] {logging_mixin.py:104} INFO - [2021-04-04 03:36:31,208] {dag.py:1818} INFO - Sync 1 DAGs
[2021-04-04 03:36:31,215] {logging_mixin.py:104} INFO - [2021-04-04 03:36:31,215] {dag.py:2273} INFO - Setting next_dagrun for tutorial_etl_dag to None
[2021-04-04 03:36:31,220] {scheduler_job.py:190} INFO - Processing /home/prathamesh/PycharmProjects/airflow-project/venv/lib/python3.8/site-packages/airflow/example_dags/tutorial_etl_dag.py took 0.032 seconds
[2021-04-04 03:37:02,232] {scheduler_job.py:182} INFO - Started process (PID=3242) to work on /home/prathamesh/PycharmProjects/airflow-project/venv/lib/python3.8/site-packages/airflow/example_dags/tutorial_etl_dag.py
[2021-04-04 03:37:02,233] {scheduler_job.py:629} INFO - Processing file /home/prathamesh/PycharmProjects/airflow-project/venv/lib/python3.8/site-packages/airflow/example_dags/tutorial_etl_dag.py for tasks to queue
[2021-04-04 03:37:02,234] {logging_mixin.py:104} INFO - [2021-04-04 03:37:02,234] {dagbag.py:448} INFO - Filling up the DagBag from /home/prathamesh/PycharmProjects/airflow-project/venv/lib/python3.8/site-packages/airflow/example_dags/tutorial_etl_dag.py
[2021-04-04 03:37:02,252] {scheduler_job.py:639} INFO - DAG(s) dict_keys(['tutorial_etl_dag']) retrieved from /home/prathamesh/PycharmProjects/airflow-project/venv/lib/python3.8/site-packages/airflow/example_dags/tutorial_etl_dag.py
[2021-04-04 03:37:02,264] {logging_mixin.py:104} INFO - [2021-04-04 03:37:02,264] {dag.py:1818} INFO - Sync 1 DAGs
[2021-04-04 03:37:02,277] {logging_mixin.py:104} INFO - [2021-04-04 03:37:02,276] {dag.py:2273} INFO - Setting next_dagrun for tutorial_etl_dag to None
[2021-04-04 03:37:02,282] {scheduler_job.py:190} INFO - Processing /home/prathamesh/PycharmProjects/airflow-project/venv/lib/python3.8/site-packages/airflow/example_dags/tutorial_etl_dag.py took 0.053 seconds
[2021-04-04 03:37:33,006] {scheduler_job.py:182} INFO - Started process (PID=3279) to work on /home/prathamesh/PycharmProjects/airflow-project/venv/lib/python3.8/site-packages/airflow/example_dags/tutorial_etl_dag.py
[2021-04-04 03:37:33,007] {scheduler_job.py:629} INFO - Processing file /home/prathamesh/PycharmProjects/airflow-project/venv/lib/python3.8/site-packages/airflow/example_dags/tutorial_etl_dag.py for tasks to queue
[2021-04-04 03:37:33,008] {logging_mixin.py:104} INFO - [2021-04-04 03:37:33,008] {dagbag.py:448} INFO - Filling up the DagBag from /home/prathamesh/PycharmProjects/airflow-project/venv/lib/python3.8/site-packages/airflow/example_dags/tutorial_etl_dag.py
[2021-04-04 03:37:33,021] {scheduler_job.py:639} INFO - DAG(s) dict_keys(['tutorial_etl_dag']) retrieved from /home/prathamesh/PycharmProjects/airflow-project/venv/lib/python3.8/site-packages/airflow/example_dags/tutorial_etl_dag.py
[2021-04-04 03:37:33,030] {logging_mixin.py:104} INFO - [2021-04-04 03:37:33,030] {dag.py:1818} INFO - Sync 1 DAGs
[2021-04-04 03:37:33,039] {logging_mixin.py:104} INFO - [2021-04-04 03:37:33,039] {dag.py:2273} INFO - Setting next_dagrun for tutorial_etl_dag to None
[2021-04-04 03:37:33,043] {scheduler_job.py:190} INFO - Processing /home/prathamesh/PycharmProjects/airflow-project/venv/lib/python3.8/site-packages/airflow/example_dags/tutorial_etl_dag.py took 0.040 seconds
[2021-04-04 03:38:03,553] {scheduler_job.py:182} INFO - Started process (PID=3308) to work on /home/prathamesh/PycharmProjects/airflow-project/venv/lib/python3.8/site-packages/airflow/example_dags/tutorial_etl_dag.py
[2021-04-04 03:38:03,553] {scheduler_job.py:629} INFO - Processing file /home/prathamesh/PycharmProjects/airflow-project/venv/lib/python3.8/site-packages/airflow/example_dags/tutorial_etl_dag.py for tasks to queue
[2021-04-04 03:38:03,554] {logging_mixin.py:104} INFO - [2021-04-04 03:38:03,554] {dagbag.py:448} INFO - Filling up the DagBag from /home/prathamesh/PycharmProjects/airflow-project/venv/lib/python3.8/site-packages/airflow/example_dags/tutorial_etl_dag.py
[2021-04-04 03:38:03,561] {scheduler_job.py:639} INFO - DAG(s) dict_keys(['tutorial_etl_dag']) retrieved from /home/prathamesh/PycharmProjects/airflow-project/venv/lib/python3.8/site-packages/airflow/example_dags/tutorial_etl_dag.py
[2021-04-04 03:38:03,577] {logging_mixin.py:104} INFO - [2021-04-04 03:38:03,577] {dag.py:1818} INFO - Sync 1 DAGs
[2021-04-04 03:38:03,591] {logging_mixin.py:104} INFO - [2021-04-04 03:38:03,590] {dag.py:2273} INFO - Setting next_dagrun for tutorial_etl_dag to None
[2021-04-04 03:38:03,595] {scheduler_job.py:190} INFO - Processing /home/prathamesh/PycharmProjects/airflow-project/venv/lib/python3.8/site-packages/airflow/example_dags/tutorial_etl_dag.py took 0.044 seconds
[2021-04-04 03:38:34,556] {scheduler_job.py:182} INFO - Started process (PID=3344) to work on /home/prathamesh/PycharmProjects/airflow-project/venv/lib/python3.8/site-packages/airflow/example_dags/tutorial_etl_dag.py
[2021-04-04 03:38:34,557] {scheduler_job.py:629} INFO - Processing file /home/prathamesh/PycharmProjects/airflow-project/venv/lib/python3.8/site-packages/airflow/example_dags/tutorial_etl_dag.py for tasks to queue
[2021-04-04 03:38:34,571] {logging_mixin.py:104} INFO - [2021-04-04 03:38:34,571] {dagbag.py:448} INFO - Filling up the DagBag from /home/prathamesh/PycharmProjects/airflow-project/venv/lib/python3.8/site-packages/airflow/example_dags/tutorial_etl_dag.py
[2021-04-04 03:38:34,579] {scheduler_job.py:639} INFO - DAG(s) dict_keys(['tutorial_etl_dag']) retrieved from /home/prathamesh/PycharmProjects/airflow-project/venv/lib/python3.8/site-packages/airflow/example_dags/tutorial_etl_dag.py
[2021-04-04 03:38:34,603] {logging_mixin.py:104} INFO - [2021-04-04 03:38:34,603] {dag.py:1818} INFO - Sync 1 DAGs
[2021-04-04 03:38:34,611] {logging_mixin.py:104} INFO - [2021-04-04 03:38:34,611] {dag.py:2273} INFO - Setting next_dagrun for tutorial_etl_dag to None
[2021-04-04 03:38:34,631] {scheduler_job.py:190} INFO - Processing /home/prathamesh/PycharmProjects/airflow-project/venv/lib/python3.8/site-packages/airflow/example_dags/tutorial_etl_dag.py took 0.079 seconds
[2021-04-04 03:39:06,116] {scheduler_job.py:182} INFO - Started process (PID=3380) to work on /home/prathamesh/PycharmProjects/airflow-project/venv/lib/python3.8/site-packages/airflow/example_dags/tutorial_etl_dag.py
[2021-04-04 03:39:06,117] {scheduler_job.py:629} INFO - Processing file /home/prathamesh/PycharmProjects/airflow-project/venv/lib/python3.8/site-packages/airflow/example_dags/tutorial_etl_dag.py for tasks to queue
[2021-04-04 03:39:06,117] {logging_mixin.py:104} INFO - [2021-04-04 03:39:06,117] {dagbag.py:448} INFO - Filling up the DagBag from /home/prathamesh/PycharmProjects/airflow-project/venv/lib/python3.8/site-packages/airflow/example_dags/tutorial_etl_dag.py
[2021-04-04 03:39:06,126] {scheduler_job.py:639} INFO - DAG(s) dict_keys(['tutorial_etl_dag']) retrieved from /home/prathamesh/PycharmProjects/airflow-project/venv/lib/python3.8/site-packages/airflow/example_dags/tutorial_etl_dag.py
[2021-04-04 03:39:06,139] {logging_mixin.py:104} INFO - [2021-04-04 03:39:06,138] {dag.py:1818} INFO - Sync 1 DAGs
[2021-04-04 03:39:06,149] {logging_mixin.py:104} INFO - [2021-04-04 03:39:06,149] {dag.py:2273} INFO - Setting next_dagrun for tutorial_etl_dag to None
[2021-04-04 03:39:06,158] {scheduler_job.py:190} INFO - Processing /home/prathamesh/PycharmProjects/airflow-project/venv/lib/python3.8/site-packages/airflow/example_dags/tutorial_etl_dag.py took 0.045 seconds
[2021-04-04 03:39:37,496] {scheduler_job.py:182} INFO - Started process (PID=3409) to work on /home/prathamesh/PycharmProjects/airflow-project/venv/lib/python3.8/site-packages/airflow/example_dags/tutorial_etl_dag.py
[2021-04-04 03:39:37,497] {scheduler_job.py:629} INFO - Processing file /home/prathamesh/PycharmProjects/airflow-project/venv/lib/python3.8/site-packages/airflow/example_dags/tutorial_etl_dag.py for tasks to queue
[2021-04-04 03:39:37,498] {logging_mixin.py:104} INFO - [2021-04-04 03:39:37,497] {dagbag.py:448} INFO - Filling up the DagBag from /home/prathamesh/PycharmProjects/airflow-project/venv/lib/python3.8/site-packages/airflow/example_dags/tutorial_etl_dag.py
[2021-04-04 03:39:37,507] {scheduler_job.py:639} INFO - DAG(s) dict_keys(['tutorial_etl_dag']) retrieved from /home/prathamesh/PycharmProjects/airflow-project/venv/lib/python3.8/site-packages/airflow/example_dags/tutorial_etl_dag.py
[2021-04-04 03:39:37,520] {logging_mixin.py:104} INFO - [2021-04-04 03:39:37,520] {dag.py:1818} INFO - Sync 1 DAGs
[2021-04-04 03:39:37,530] {logging_mixin.py:104} INFO - [2021-04-04 03:39:37,530] {dag.py:2273} INFO - Setting next_dagrun for tutorial_etl_dag to None
[2021-04-04 03:39:37,537] {scheduler_job.py:190} INFO - Processing /home/prathamesh/PycharmProjects/airflow-project/venv/lib/python3.8/site-packages/airflow/example_dags/tutorial_etl_dag.py took 0.043 seconds
[2021-04-04 03:40:08,068] {scheduler_job.py:182} INFO - Started process (PID=3438) to work on /home/prathamesh/PycharmProjects/airflow-project/venv/lib/python3.8/site-packages/airflow/example_dags/tutorial_etl_dag.py
[2021-04-04 03:40:08,069] {scheduler_job.py:629} INFO - Processing file /home/prathamesh/PycharmProjects/airflow-project/venv/lib/python3.8/site-packages/airflow/example_dags/tutorial_etl_dag.py for tasks to queue
[2021-04-04 03:40:08,069] {logging_mixin.py:104} INFO - [2021-04-04 03:40:08,069] {dagbag.py:448} INFO - Filling up the DagBag from /home/prathamesh/PycharmProjects/airflow-project/venv/lib/python3.8/site-packages/airflow/example_dags/tutorial_etl_dag.py
[2021-04-04 03:40:08,076] {scheduler_job.py:639} INFO - DAG(s) dict_keys(['tutorial_etl_dag']) retrieved from /home/prathamesh/PycharmProjects/airflow-project/venv/lib/python3.8/site-packages/airflow/example_dags/tutorial_etl_dag.py
[2021-04-04 03:40:08,093] {logging_mixin.py:104} INFO - [2021-04-04 03:40:08,093] {dag.py:1818} INFO - Sync 1 DAGs
[2021-04-04 03:40:08,100] {logging_mixin.py:104} INFO - [2021-04-04 03:40:08,100] {dag.py:2273} INFO - Setting next_dagrun for tutorial_etl_dag to None
[2021-04-04 03:40:08,104] {scheduler_job.py:190} INFO - Processing /home/prathamesh/PycharmProjects/airflow-project/venv/lib/python3.8/site-packages/airflow/example_dags/tutorial_etl_dag.py took 0.039 seconds
[2021-04-04 03:40:39,228] {scheduler_job.py:182} INFO - Started process (PID=3466) to work on /home/prathamesh/PycharmProjects/airflow-project/venv/lib/python3.8/site-packages/airflow/example_dags/tutorial_etl_dag.py
[2021-04-04 03:40:39,230] {scheduler_job.py:629} INFO - Processing file /home/prathamesh/PycharmProjects/airflow-project/venv/lib/python3.8/site-packages/airflow/example_dags/tutorial_etl_dag.py for tasks to queue
[2021-04-04 03:40:39,232] {logging_mixin.py:104} INFO - [2021-04-04 03:40:39,231] {dagbag.py:448} INFO - Filling up the DagBag from /home/prathamesh/PycharmProjects/airflow-project/venv/lib/python3.8/site-packages/airflow/example_dags/tutorial_etl_dag.py
[2021-04-04 03:40:39,253] {scheduler_job.py:639} INFO - DAG(s) dict_keys(['tutorial_etl_dag']) retrieved from /home/prathamesh/PycharmProjects/airflow-project/venv/lib/python3.8/site-packages/airflow/example_dags/tutorial_etl_dag.py
[2021-04-04 03:40:39,275] {logging_mixin.py:104} INFO - [2021-04-04 03:40:39,275] {dag.py:1818} INFO - Sync 1 DAGs
[2021-04-04 03:40:39,292] {logging_mixin.py:104} INFO - [2021-04-04 03:40:39,292] {dag.py:2273} INFO - Setting next_dagrun for tutorial_etl_dag to None
[2021-04-04 03:40:39,305] {scheduler_job.py:190} INFO - Processing /home/prathamesh/PycharmProjects/airflow-project/venv/lib/python3.8/site-packages/airflow/example_dags/tutorial_etl_dag.py took 0.080 seconds
[2021-04-04 03:41:10,166] {scheduler_job.py:182} INFO - Started process (PID=3511) to work on /home/prathamesh/PycharmProjects/airflow-project/venv/lib/python3.8/site-packages/airflow/example_dags/tutorial_etl_dag.py
[2021-04-04 03:41:10,167] {scheduler_job.py:629} INFO - Processing file /home/prathamesh/PycharmProjects/airflow-project/venv/lib/python3.8/site-packages/airflow/example_dags/tutorial_etl_dag.py for tasks to queue
[2021-04-04 03:41:10,167] {logging_mixin.py:104} INFO - [2021-04-04 03:41:10,167] {dagbag.py:448} INFO - Filling up the DagBag from /home/prathamesh/PycharmProjects/airflow-project/venv/lib/python3.8/site-packages/airflow/example_dags/tutorial_etl_dag.py
[2021-04-04 03:41:10,187] {scheduler_job.py:639} INFO - DAG(s) dict_keys(['tutorial_etl_dag']) retrieved from /home/prathamesh/PycharmProjects/airflow-project/venv/lib/python3.8/site-packages/airflow/example_dags/tutorial_etl_dag.py
[2021-04-04 03:41:10,215] {logging_mixin.py:104} INFO - [2021-04-04 03:41:10,215] {dag.py:1818} INFO - Sync 1 DAGs
[2021-04-04 03:41:10,243] {logging_mixin.py:104} INFO - [2021-04-04 03:41:10,242] {dag.py:2273} INFO - Setting next_dagrun for tutorial_etl_dag to None
[2021-04-04 03:41:10,247] {scheduler_job.py:190} INFO - Processing /home/prathamesh/PycharmProjects/airflow-project/venv/lib/python3.8/site-packages/airflow/example_dags/tutorial_etl_dag.py took 0.084 seconds
[2021-04-04 03:41:41,157] {scheduler_job.py:182} INFO - Started process (PID=3571) to work on /home/prathamesh/PycharmProjects/airflow-project/venv/lib/python3.8/site-packages/airflow/example_dags/tutorial_etl_dag.py
[2021-04-04 03:41:41,158] {scheduler_job.py:629} INFO - Processing file /home/prathamesh/PycharmProjects/airflow-project/venv/lib/python3.8/site-packages/airflow/example_dags/tutorial_etl_dag.py for tasks to queue
[2021-04-04 03:41:41,158] {logging_mixin.py:104} INFO - [2021-04-04 03:41:41,158] {dagbag.py:448} INFO - Filling up the DagBag from /home/prathamesh/PycharmProjects/airflow-project/venv/lib/python3.8/site-packages/airflow/example_dags/tutorial_etl_dag.py
[2021-04-04 03:41:41,172] {scheduler_job.py:639} INFO - DAG(s) dict_keys(['tutorial_etl_dag']) retrieved from /home/prathamesh/PycharmProjects/airflow-project/venv/lib/python3.8/site-packages/airflow/example_dags/tutorial_etl_dag.py
[2021-04-04 03:41:41,203] {logging_mixin.py:104} INFO - [2021-04-04 03:41:41,203] {dag.py:1818} INFO - Sync 1 DAGs
[2021-04-04 03:41:41,218] {logging_mixin.py:104} INFO - [2021-04-04 03:41:41,218] {dag.py:2273} INFO - Setting next_dagrun for tutorial_etl_dag to None
[2021-04-04 03:41:41,223] {scheduler_job.py:190} INFO - Processing /home/prathamesh/PycharmProjects/airflow-project/venv/lib/python3.8/site-packages/airflow/example_dags/tutorial_etl_dag.py took 0.069 seconds
[2021-04-04 03:42:11,609] {scheduler_job.py:182} INFO - Started process (PID=3599) to work on /home/prathamesh/PycharmProjects/airflow-project/venv/lib/python3.8/site-packages/airflow/example_dags/tutorial_etl_dag.py
[2021-04-04 03:42:11,610] {scheduler_job.py:629} INFO - Processing file /home/prathamesh/PycharmProjects/airflow-project/venv/lib/python3.8/site-packages/airflow/example_dags/tutorial_etl_dag.py for tasks to queue
[2021-04-04 03:42:11,610] {logging_mixin.py:104} INFO - [2021-04-04 03:42:11,610] {dagbag.py:448} INFO - Filling up the DagBag from /home/prathamesh/PycharmProjects/airflow-project/venv/lib/python3.8/site-packages/airflow/example_dags/tutorial_etl_dag.py
[2021-04-04 03:42:11,620] {scheduler_job.py:639} INFO - DAG(s) dict_keys(['tutorial_etl_dag']) retrieved from /home/prathamesh/PycharmProjects/airflow-project/venv/lib/python3.8/site-packages/airflow/example_dags/tutorial_etl_dag.py
[2021-04-04 03:42:11,635] {logging_mixin.py:104} INFO - [2021-04-04 03:42:11,635] {dag.py:1818} INFO - Sync 1 DAGs
[2021-04-04 03:42:11,645] {logging_mixin.py:104} INFO - [2021-04-04 03:42:11,645] {dag.py:2273} INFO - Setting next_dagrun for tutorial_etl_dag to None
[2021-04-04 03:42:11,655] {scheduler_job.py:190} INFO - Processing /home/prathamesh/PycharmProjects/airflow-project/venv/lib/python3.8/site-packages/airflow/example_dags/tutorial_etl_dag.py took 0.050 seconds
[2021-04-04 03:42:42,352] {scheduler_job.py:182} INFO - Started process (PID=3639) to work on /home/prathamesh/PycharmProjects/airflow-project/venv/lib/python3.8/site-packages/airflow/example_dags/tutorial_etl_dag.py
[2021-04-04 03:42:42,353] {scheduler_job.py:629} INFO - Processing file /home/prathamesh/PycharmProjects/airflow-project/venv/lib/python3.8/site-packages/airflow/example_dags/tutorial_etl_dag.py for tasks to queue
[2021-04-04 03:42:42,354] {logging_mixin.py:104} INFO - [2021-04-04 03:42:42,354] {dagbag.py:448} INFO - Filling up the DagBag from /home/prathamesh/PycharmProjects/airflow-project/venv/lib/python3.8/site-packages/airflow/example_dags/tutorial_etl_dag.py
[2021-04-04 03:42:42,363] {scheduler_job.py:639} INFO - DAG(s) dict_keys(['tutorial_etl_dag']) retrieved from /home/prathamesh/PycharmProjects/airflow-project/venv/lib/python3.8/site-packages/airflow/example_dags/tutorial_etl_dag.py
[2021-04-04 03:42:42,372] {logging_mixin.py:104} INFO - [2021-04-04 03:42:42,372] {dag.py:1818} INFO - Sync 1 DAGs
[2021-04-04 03:42:42,378] {logging_mixin.py:104} INFO - [2021-04-04 03:42:42,378] {dag.py:2273} INFO - Setting next_dagrun for tutorial_etl_dag to None
[2021-04-04 03:42:42,384] {scheduler_job.py:190} INFO - Processing /home/prathamesh/PycharmProjects/airflow-project/venv/lib/python3.8/site-packages/airflow/example_dags/tutorial_etl_dag.py took 0.035 seconds
[2021-04-04 03:43:12,900] {scheduler_job.py:182} INFO - Started process (PID=3677) to work on /home/prathamesh/PycharmProjects/airflow-project/venv/lib/python3.8/site-packages/airflow/example_dags/tutorial_etl_dag.py
[2021-04-04 03:43:12,901] {scheduler_job.py:629} INFO - Processing file /home/prathamesh/PycharmProjects/airflow-project/venv/lib/python3.8/site-packages/airflow/example_dags/tutorial_etl_dag.py for tasks to queue
[2021-04-04 03:43:12,901] {logging_mixin.py:104} INFO - [2021-04-04 03:43:12,901] {dagbag.py:448} INFO - Filling up the DagBag from /home/prathamesh/PycharmProjects/airflow-project/venv/lib/python3.8/site-packages/airflow/example_dags/tutorial_etl_dag.py
[2021-04-04 03:43:12,909] {scheduler_job.py:639} INFO - DAG(s) dict_keys(['tutorial_etl_dag']) retrieved from /home/prathamesh/PycharmProjects/airflow-project/venv/lib/python3.8/site-packages/airflow/example_dags/tutorial_etl_dag.py
[2021-04-04 03:43:12,924] {logging_mixin.py:104} INFO - [2021-04-04 03:43:12,924] {dag.py:1818} INFO - Sync 1 DAGs
[2021-04-04 03:43:12,933] {logging_mixin.py:104} INFO - [2021-04-04 03:43:12,933] {dag.py:2273} INFO - Setting next_dagrun for tutorial_etl_dag to None
[2021-04-04 03:43:12,937] {scheduler_job.py:190} INFO - Processing /home/prathamesh/PycharmProjects/airflow-project/venv/lib/python3.8/site-packages/airflow/example_dags/tutorial_etl_dag.py took 0.039 seconds
[2021-04-04 03:43:43,167] {scheduler_job.py:182} INFO - Started process (PID=3719) to work on /home/prathamesh/PycharmProjects/airflow-project/venv/lib/python3.8/site-packages/airflow/example_dags/tutorial_etl_dag.py
[2021-04-04 03:43:43,168] {scheduler_job.py:629} INFO - Processing file /home/prathamesh/PycharmProjects/airflow-project/venv/lib/python3.8/site-packages/airflow/example_dags/tutorial_etl_dag.py for tasks to queue
[2021-04-04 03:43:43,169] {logging_mixin.py:104} INFO - [2021-04-04 03:43:43,168] {dagbag.py:448} INFO - Filling up the DagBag from /home/prathamesh/PycharmProjects/airflow-project/venv/lib/python3.8/site-packages/airflow/example_dags/tutorial_etl_dag.py
[2021-04-04 03:43:43,179] {scheduler_job.py:639} INFO - DAG(s) dict_keys(['tutorial_etl_dag']) retrieved from /home/prathamesh/PycharmProjects/airflow-project/venv/lib/python3.8/site-packages/airflow/example_dags/tutorial_etl_dag.py
[2021-04-04 03:43:43,189] {logging_mixin.py:104} INFO - [2021-04-04 03:43:43,189] {dag.py:1818} INFO - Sync 1 DAGs
[2021-04-04 03:43:43,197] {logging_mixin.py:104} INFO - [2021-04-04 03:43:43,197] {dag.py:2273} INFO - Setting next_dagrun for tutorial_etl_dag to None
[2021-04-04 03:43:43,202] {scheduler_job.py:190} INFO - Processing /home/prathamesh/PycharmProjects/airflow-project/venv/lib/python3.8/site-packages/airflow/example_dags/tutorial_etl_dag.py took 0.038 seconds
[2021-04-04 03:44:13,428] {scheduler_job.py:182} INFO - Started process (PID=3750) to work on /home/prathamesh/PycharmProjects/airflow-project/venv/lib/python3.8/site-packages/airflow/example_dags/tutorial_etl_dag.py
[2021-04-04 03:44:13,428] {scheduler_job.py:629} INFO - Processing file /home/prathamesh/PycharmProjects/airflow-project/venv/lib/python3.8/site-packages/airflow/example_dags/tutorial_etl_dag.py for tasks to queue
[2021-04-04 03:44:13,429] {logging_mixin.py:104} INFO - [2021-04-04 03:44:13,429] {dagbag.py:448} INFO - Filling up the DagBag from /home/prathamesh/PycharmProjects/airflow-project/venv/lib/python3.8/site-packages/airflow/example_dags/tutorial_etl_dag.py
[2021-04-04 03:44:13,438] {scheduler_job.py:639} INFO - DAG(s) dict_keys(['tutorial_etl_dag']) retrieved from /home/prathamesh/PycharmProjects/airflow-project/venv/lib/python3.8/site-packages/airflow/example_dags/tutorial_etl_dag.py
[2021-04-04 03:44:13,460] {logging_mixin.py:104} INFO - [2021-04-04 03:44:13,460] {dag.py:1818} INFO - Sync 1 DAGs
[2021-04-04 03:44:13,489] {logging_mixin.py:104} INFO - [2021-04-04 03:44:13,489] {dag.py:2273} INFO - Setting next_dagrun for tutorial_etl_dag to None
[2021-04-04 03:44:13,492] {scheduler_job.py:190} INFO - Processing /home/prathamesh/PycharmProjects/airflow-project/venv/lib/python3.8/site-packages/airflow/example_dags/tutorial_etl_dag.py took 0.067 seconds
[2021-04-04 03:44:43,634] {scheduler_job.py:182} INFO - Started process (PID=3777) to work on /home/prathamesh/PycharmProjects/airflow-project/venv/lib/python3.8/site-packages/airflow/example_dags/tutorial_etl_dag.py
[2021-04-04 03:44:43,635] {scheduler_job.py:629} INFO - Processing file /home/prathamesh/PycharmProjects/airflow-project/venv/lib/python3.8/site-packages/airflow/example_dags/tutorial_etl_dag.py for tasks to queue
[2021-04-04 03:44:43,635] {logging_mixin.py:104} INFO - [2021-04-04 03:44:43,635] {dagbag.py:448} INFO - Filling up the DagBag from /home/prathamesh/PycharmProjects/airflow-project/venv/lib/python3.8/site-packages/airflow/example_dags/tutorial_etl_dag.py
[2021-04-04 03:44:43,645] {scheduler_job.py:639} INFO - DAG(s) dict_keys(['tutorial_etl_dag']) retrieved from /home/prathamesh/PycharmProjects/airflow-project/venv/lib/python3.8/site-packages/airflow/example_dags/tutorial_etl_dag.py
[2021-04-04 03:44:43,656] {logging_mixin.py:104} INFO - [2021-04-04 03:44:43,656] {dag.py:1818} INFO - Sync 1 DAGs
[2021-04-04 03:44:43,667] {logging_mixin.py:104} INFO - [2021-04-04 03:44:43,666] {dag.py:2273} INFO - Setting next_dagrun for tutorial_etl_dag to None
[2021-04-04 03:44:43,673] {scheduler_job.py:190} INFO - Processing /home/prathamesh/PycharmProjects/airflow-project/venv/lib/python3.8/site-packages/airflow/example_dags/tutorial_etl_dag.py took 0.042 seconds
[2021-04-04 03:45:13,931] {scheduler_job.py:182} INFO - Started process (PID=3901) to work on /home/prathamesh/PycharmProjects/airflow-project/venv/lib/python3.8/site-packages/airflow/example_dags/tutorial_etl_dag.py
[2021-04-04 03:45:13,942] {scheduler_job.py:629} INFO - Processing file /home/prathamesh/PycharmProjects/airflow-project/venv/lib/python3.8/site-packages/airflow/example_dags/tutorial_etl_dag.py for tasks to queue
[2021-04-04 03:45:13,943] {logging_mixin.py:104} INFO - [2021-04-04 03:45:13,943] {dagbag.py:448} INFO - Filling up the DagBag from /home/prathamesh/PycharmProjects/airflow-project/venv/lib/python3.8/site-packages/airflow/example_dags/tutorial_etl_dag.py
[2021-04-04 03:45:13,953] {scheduler_job.py:639} INFO - DAG(s) dict_keys(['tutorial_etl_dag']) retrieved from /home/prathamesh/PycharmProjects/airflow-project/venv/lib/python3.8/site-packages/airflow/example_dags/tutorial_etl_dag.py
[2021-04-04 03:45:13,964] {logging_mixin.py:104} INFO - [2021-04-04 03:45:13,964] {dag.py:1818} INFO - Sync 1 DAGs
[2021-04-04 03:45:13,973] {logging_mixin.py:104} INFO - [2021-04-04 03:45:13,972] {dag.py:2273} INFO - Setting next_dagrun for tutorial_etl_dag to None
[2021-04-04 03:45:13,978] {scheduler_job.py:190} INFO - Processing /home/prathamesh/PycharmProjects/airflow-project/venv/lib/python3.8/site-packages/airflow/example_dags/tutorial_etl_dag.py took 0.049 seconds
[2021-04-04 03:54:08,870] {scheduler_job.py:182} INFO - Started process (PID=4533) to work on /home/prathamesh/PycharmProjects/airflow-project/venv/lib/python3.8/site-packages/airflow/example_dags/tutorial_etl_dag.py
[2021-04-04 03:54:08,871] {scheduler_job.py:629} INFO - Processing file /home/prathamesh/PycharmProjects/airflow-project/venv/lib/python3.8/site-packages/airflow/example_dags/tutorial_etl_dag.py for tasks to queue
[2021-04-04 03:54:08,871] {logging_mixin.py:104} INFO - [2021-04-04 03:54:08,871] {dagbag.py:448} INFO - Filling up the DagBag from /home/prathamesh/PycharmProjects/airflow-project/venv/lib/python3.8/site-packages/airflow/example_dags/tutorial_etl_dag.py
[2021-04-04 03:54:08,898] {scheduler_job.py:639} INFO - DAG(s) dict_keys(['tutorial_etl_dag']) retrieved from /home/prathamesh/PycharmProjects/airflow-project/venv/lib/python3.8/site-packages/airflow/example_dags/tutorial_etl_dag.py
[2021-04-04 03:54:08,949] {logging_mixin.py:104} INFO - [2021-04-04 03:54:08,949] {dag.py:1818} INFO - Sync 1 DAGs
[2021-04-04 03:54:08,957] {logging_mixin.py:104} INFO - [2021-04-04 03:54:08,957] {dag.py:2273} INFO - Setting next_dagrun for tutorial_etl_dag to None
[2021-04-04 03:54:08,963] {scheduler_job.py:190} INFO - Processing /home/prathamesh/PycharmProjects/airflow-project/venv/lib/python3.8/site-packages/airflow/example_dags/tutorial_etl_dag.py took 0.095 seconds
[2021-04-04 03:54:39,538] {scheduler_job.py:182} INFO - Started process (PID=4570) to work on /home/prathamesh/PycharmProjects/airflow-project/venv/lib/python3.8/site-packages/airflow/example_dags/tutorial_etl_dag.py
[2021-04-04 03:54:39,539] {scheduler_job.py:629} INFO - Processing file /home/prathamesh/PycharmProjects/airflow-project/venv/lib/python3.8/site-packages/airflow/example_dags/tutorial_etl_dag.py for tasks to queue
[2021-04-04 03:54:39,539] {logging_mixin.py:104} INFO - [2021-04-04 03:54:39,539] {dagbag.py:448} INFO - Filling up the DagBag from /home/prathamesh/PycharmProjects/airflow-project/venv/lib/python3.8/site-packages/airflow/example_dags/tutorial_etl_dag.py
[2021-04-04 03:54:39,549] {scheduler_job.py:639} INFO - DAG(s) dict_keys(['tutorial_etl_dag']) retrieved from /home/prathamesh/PycharmProjects/airflow-project/venv/lib/python3.8/site-packages/airflow/example_dags/tutorial_etl_dag.py
[2021-04-04 03:54:39,561] {logging_mixin.py:104} INFO - [2021-04-04 03:54:39,561] {dag.py:1818} INFO - Sync 1 DAGs
[2021-04-04 03:54:39,572] {logging_mixin.py:104} INFO - [2021-04-04 03:54:39,572] {dag.py:2273} INFO - Setting next_dagrun for tutorial_etl_dag to None
[2021-04-04 03:54:39,578] {scheduler_job.py:190} INFO - Processing /home/prathamesh/PycharmProjects/airflow-project/venv/lib/python3.8/site-packages/airflow/example_dags/tutorial_etl_dag.py took 0.044 seconds
[2021-04-04 03:55:10,351] {scheduler_job.py:182} INFO - Started process (PID=4598) to work on /home/prathamesh/PycharmProjects/airflow-project/venv/lib/python3.8/site-packages/airflow/example_dags/tutorial_etl_dag.py
[2021-04-04 03:55:10,351] {scheduler_job.py:629} INFO - Processing file /home/prathamesh/PycharmProjects/airflow-project/venv/lib/python3.8/site-packages/airflow/example_dags/tutorial_etl_dag.py for tasks to queue
[2021-04-04 03:55:10,352] {logging_mixin.py:104} INFO - [2021-04-04 03:55:10,352] {dagbag.py:448} INFO - Filling up the DagBag from /home/prathamesh/PycharmProjects/airflow-project/venv/lib/python3.8/site-packages/airflow/example_dags/tutorial_etl_dag.py
[2021-04-04 03:55:10,361] {scheduler_job.py:639} INFO - DAG(s) dict_keys(['tutorial_etl_dag']) retrieved from /home/prathamesh/PycharmProjects/airflow-project/venv/lib/python3.8/site-packages/airflow/example_dags/tutorial_etl_dag.py
[2021-04-04 03:55:10,373] {logging_mixin.py:104} INFO - [2021-04-04 03:55:10,373] {dag.py:1818} INFO - Sync 1 DAGs
[2021-04-04 03:55:10,383] {logging_mixin.py:104} INFO - [2021-04-04 03:55:10,383] {dag.py:2273} INFO - Setting next_dagrun for tutorial_etl_dag to None
[2021-04-04 03:55:10,388] {scheduler_job.py:190} INFO - Processing /home/prathamesh/PycharmProjects/airflow-project/venv/lib/python3.8/site-packages/airflow/example_dags/tutorial_etl_dag.py took 0.040 seconds
[2021-04-04 03:55:41,434] {scheduler_job.py:182} INFO - Started process (PID=4630) to work on /home/prathamesh/PycharmProjects/airflow-project/venv/lib/python3.8/site-packages/airflow/example_dags/tutorial_etl_dag.py
[2021-04-04 03:55:41,435] {scheduler_job.py:629} INFO - Processing file /home/prathamesh/PycharmProjects/airflow-project/venv/lib/python3.8/site-packages/airflow/example_dags/tutorial_etl_dag.py for tasks to queue
[2021-04-04 03:55:41,435] {logging_mixin.py:104} INFO - [2021-04-04 03:55:41,435] {dagbag.py:448} INFO - Filling up the DagBag from /home/prathamesh/PycharmProjects/airflow-project/venv/lib/python3.8/site-packages/airflow/example_dags/tutorial_etl_dag.py
[2021-04-04 03:55:41,444] {scheduler_job.py:639} INFO - DAG(s) dict_keys(['tutorial_etl_dag']) retrieved from /home/prathamesh/PycharmProjects/airflow-project/venv/lib/python3.8/site-packages/airflow/example_dags/tutorial_etl_dag.py
[2021-04-04 03:55:41,455] {logging_mixin.py:104} INFO - [2021-04-04 03:55:41,455] {dag.py:1818} INFO - Sync 1 DAGs
[2021-04-04 03:55:41,467] {logging_mixin.py:104} INFO - [2021-04-04 03:55:41,467] {dag.py:2273} INFO - Setting next_dagrun for tutorial_etl_dag to None
[2021-04-04 03:55:41,472] {scheduler_job.py:190} INFO - Processing /home/prathamesh/PycharmProjects/airflow-project/venv/lib/python3.8/site-packages/airflow/example_dags/tutorial_etl_dag.py took 0.041 seconds
[2021-04-04 03:56:12,438] {scheduler_job.py:182} INFO - Started process (PID=4682) to work on /home/prathamesh/PycharmProjects/airflow-project/venv/lib/python3.8/site-packages/airflow/example_dags/tutorial_etl_dag.py
[2021-04-04 03:56:12,439] {scheduler_job.py:629} INFO - Processing file /home/prathamesh/PycharmProjects/airflow-project/venv/lib/python3.8/site-packages/airflow/example_dags/tutorial_etl_dag.py for tasks to queue
[2021-04-04 03:56:12,439] {logging_mixin.py:104} INFO - [2021-04-04 03:56:12,439] {dagbag.py:448} INFO - Filling up the DagBag from /home/prathamesh/PycharmProjects/airflow-project/venv/lib/python3.8/site-packages/airflow/example_dags/tutorial_etl_dag.py
[2021-04-04 03:56:12,446] {scheduler_job.py:639} INFO - DAG(s) dict_keys(['tutorial_etl_dag']) retrieved from /home/prathamesh/PycharmProjects/airflow-project/venv/lib/python3.8/site-packages/airflow/example_dags/tutorial_etl_dag.py
[2021-04-04 03:56:12,455] {logging_mixin.py:104} INFO - [2021-04-04 03:56:12,455] {dag.py:1818} INFO - Sync 1 DAGs
[2021-04-04 03:56:12,464] {logging_mixin.py:104} INFO - [2021-04-04 03:56:12,464] {dag.py:2273} INFO - Setting next_dagrun for tutorial_etl_dag to None
[2021-04-04 03:56:12,468] {scheduler_job.py:190} INFO - Processing /home/prathamesh/PycharmProjects/airflow-project/venv/lib/python3.8/site-packages/airflow/example_dags/tutorial_etl_dag.py took 0.032 seconds
[2021-04-04 03:56:43,218] {scheduler_job.py:182} INFO - Started process (PID=4714) to work on /home/prathamesh/PycharmProjects/airflow-project/venv/lib/python3.8/site-packages/airflow/example_dags/tutorial_etl_dag.py
[2021-04-04 03:56:43,219] {scheduler_job.py:629} INFO - Processing file /home/prathamesh/PycharmProjects/airflow-project/venv/lib/python3.8/site-packages/airflow/example_dags/tutorial_etl_dag.py for tasks to queue
[2021-04-04 03:56:43,221] {logging_mixin.py:104} INFO - [2021-04-04 03:56:43,220] {dagbag.py:448} INFO - Filling up the DagBag from /home/prathamesh/PycharmProjects/airflow-project/venv/lib/python3.8/site-packages/airflow/example_dags/tutorial_etl_dag.py
[2021-04-04 03:56:43,237] {scheduler_job.py:639} INFO - DAG(s) dict_keys(['tutorial_etl_dag']) retrieved from /home/prathamesh/PycharmProjects/airflow-project/venv/lib/python3.8/site-packages/airflow/example_dags/tutorial_etl_dag.py
[2021-04-04 03:56:43,249] {logging_mixin.py:104} INFO - [2021-04-04 03:56:43,249] {dag.py:1818} INFO - Sync 1 DAGs
[2021-04-04 03:56:43,263] {logging_mixin.py:104} INFO - [2021-04-04 03:56:43,263] {dag.py:2273} INFO - Setting next_dagrun for tutorial_etl_dag to None
[2021-04-04 03:56:43,268] {scheduler_job.py:190} INFO - Processing /home/prathamesh/PycharmProjects/airflow-project/venv/lib/python3.8/site-packages/airflow/example_dags/tutorial_etl_dag.py took 0.054 seconds
[2021-04-04 03:57:14,093] {scheduler_job.py:182} INFO - Started process (PID=4747) to work on /home/prathamesh/PycharmProjects/airflow-project/venv/lib/python3.8/site-packages/airflow/example_dags/tutorial_etl_dag.py
[2021-04-04 03:57:14,094] {scheduler_job.py:629} INFO - Processing file /home/prathamesh/PycharmProjects/airflow-project/venv/lib/python3.8/site-packages/airflow/example_dags/tutorial_etl_dag.py for tasks to queue
[2021-04-04 03:57:14,094] {logging_mixin.py:104} INFO - [2021-04-04 03:57:14,094] {dagbag.py:448} INFO - Filling up the DagBag from /home/prathamesh/PycharmProjects/airflow-project/venv/lib/python3.8/site-packages/airflow/example_dags/tutorial_etl_dag.py
[2021-04-04 03:57:14,106] {scheduler_job.py:639} INFO - DAG(s) dict_keys(['tutorial_etl_dag']) retrieved from /home/prathamesh/PycharmProjects/airflow-project/venv/lib/python3.8/site-packages/airflow/example_dags/tutorial_etl_dag.py
[2021-04-04 03:57:14,116] {logging_mixin.py:104} INFO - [2021-04-04 03:57:14,116] {dag.py:1818} INFO - Sync 1 DAGs
[2021-04-04 03:57:14,126] {logging_mixin.py:104} INFO - [2021-04-04 03:57:14,126] {dag.py:2273} INFO - Setting next_dagrun for tutorial_etl_dag to None
[2021-04-04 03:57:14,131] {scheduler_job.py:190} INFO - Processing /home/prathamesh/PycharmProjects/airflow-project/venv/lib/python3.8/site-packages/airflow/example_dags/tutorial_etl_dag.py took 0.041 seconds
[2021-04-04 03:57:44,279] {scheduler_job.py:182} INFO - Started process (PID=4777) to work on /home/prathamesh/PycharmProjects/airflow-project/venv/lib/python3.8/site-packages/airflow/example_dags/tutorial_etl_dag.py
[2021-04-04 03:57:44,279] {scheduler_job.py:629} INFO - Processing file /home/prathamesh/PycharmProjects/airflow-project/venv/lib/python3.8/site-packages/airflow/example_dags/tutorial_etl_dag.py for tasks to queue
[2021-04-04 03:57:44,280] {logging_mixin.py:104} INFO - [2021-04-04 03:57:44,280] {dagbag.py:448} INFO - Filling up the DagBag from /home/prathamesh/PycharmProjects/airflow-project/venv/lib/python3.8/site-packages/airflow/example_dags/tutorial_etl_dag.py
[2021-04-04 03:57:44,299] {scheduler_job.py:639} INFO - DAG(s) dict_keys(['tutorial_etl_dag']) retrieved from /home/prathamesh/PycharmProjects/airflow-project/venv/lib/python3.8/site-packages/airflow/example_dags/tutorial_etl_dag.py
[2021-04-04 03:57:44,314] {logging_mixin.py:104} INFO - [2021-04-04 03:57:44,314] {dag.py:1818} INFO - Sync 1 DAGs
[2021-04-04 03:57:44,322] {logging_mixin.py:104} INFO - [2021-04-04 03:57:44,321] {dag.py:2273} INFO - Setting next_dagrun for tutorial_etl_dag to None
[2021-04-04 03:57:44,328] {scheduler_job.py:190} INFO - Processing /home/prathamesh/PycharmProjects/airflow-project/venv/lib/python3.8/site-packages/airflow/example_dags/tutorial_etl_dag.py took 0.051 seconds
[2021-04-04 03:58:15,433] {scheduler_job.py:182} INFO - Started process (PID=4808) to work on /home/prathamesh/PycharmProjects/airflow-project/venv/lib/python3.8/site-packages/airflow/example_dags/tutorial_etl_dag.py
[2021-04-04 03:58:15,434] {scheduler_job.py:629} INFO - Processing file /home/prathamesh/PycharmProjects/airflow-project/venv/lib/python3.8/site-packages/airflow/example_dags/tutorial_etl_dag.py for tasks to queue
[2021-04-04 03:58:15,434] {logging_mixin.py:104} INFO - [2021-04-04 03:58:15,434] {dagbag.py:448} INFO - Filling up the DagBag from /home/prathamesh/PycharmProjects/airflow-project/venv/lib/python3.8/site-packages/airflow/example_dags/tutorial_etl_dag.py
[2021-04-04 03:58:15,445] {scheduler_job.py:639} INFO - DAG(s) dict_keys(['tutorial_etl_dag']) retrieved from /home/prathamesh/PycharmProjects/airflow-project/venv/lib/python3.8/site-packages/airflow/example_dags/tutorial_etl_dag.py
[2021-04-04 03:58:15,477] {logging_mixin.py:104} INFO - [2021-04-04 03:58:15,477] {dag.py:1818} INFO - Sync 1 DAGs
[2021-04-04 03:58:15,486] {logging_mixin.py:104} INFO - [2021-04-04 03:58:15,486] {dag.py:2273} INFO - Setting next_dagrun for tutorial_etl_dag to None
[2021-04-04 03:58:15,499] {scheduler_job.py:190} INFO - Processing /home/prathamesh/PycharmProjects/airflow-project/venv/lib/python3.8/site-packages/airflow/example_dags/tutorial_etl_dag.py took 0.068 seconds
[2021-04-04 04:07:45,369] {scheduler_job.py:182} INFO - Started process (PID=4969) to work on /home/prathamesh/PycharmProjects/airflow-project/venv/lib/python3.8/site-packages/airflow/example_dags/tutorial_etl_dag.py
[2021-04-04 04:07:45,370] {scheduler_job.py:629} INFO - Processing file /home/prathamesh/PycharmProjects/airflow-project/venv/lib/python3.8/site-packages/airflow/example_dags/tutorial_etl_dag.py for tasks to queue
[2021-04-04 04:07:45,370] {logging_mixin.py:104} INFO - [2021-04-04 04:07:45,370] {dagbag.py:448} INFO - Filling up the DagBag from /home/prathamesh/PycharmProjects/airflow-project/venv/lib/python3.8/site-packages/airflow/example_dags/tutorial_etl_dag.py
[2021-04-04 04:07:45,426] {scheduler_job.py:639} INFO - DAG(s) dict_keys(['tutorial_etl_dag']) retrieved from /home/prathamesh/PycharmProjects/airflow-project/venv/lib/python3.8/site-packages/airflow/example_dags/tutorial_etl_dag.py
[2021-04-04 04:07:45,457] {logging_mixin.py:104} INFO - [2021-04-04 04:07:45,457] {dag.py:1818} INFO - Sync 1 DAGs
[2021-04-04 04:07:45,510] {logging_mixin.py:104} INFO - [2021-04-04 04:07:45,510] {dag.py:2273} INFO - Setting next_dagrun for tutorial_etl_dag to None
[2021-04-04 04:07:45,562] {scheduler_job.py:190} INFO - Processing /home/prathamesh/PycharmProjects/airflow-project/venv/lib/python3.8/site-packages/airflow/example_dags/tutorial_etl_dag.py took 0.195 seconds
[2021-04-04 04:08:15,914] {scheduler_job.py:182} INFO - Started process (PID=5009) to work on /home/prathamesh/PycharmProjects/airflow-project/venv/lib/python3.8/site-packages/airflow/example_dags/tutorial_etl_dag.py
[2021-04-04 04:08:15,915] {scheduler_job.py:629} INFO - Processing file /home/prathamesh/PycharmProjects/airflow-project/venv/lib/python3.8/site-packages/airflow/example_dags/tutorial_etl_dag.py for tasks to queue
[2021-04-04 04:08:15,916] {logging_mixin.py:104} INFO - [2021-04-04 04:08:15,916] {dagbag.py:448} INFO - Filling up the DagBag from /home/prathamesh/PycharmProjects/airflow-project/venv/lib/python3.8/site-packages/airflow/example_dags/tutorial_etl_dag.py
[2021-04-04 04:08:15,923] {scheduler_job.py:639} INFO - DAG(s) dict_keys(['tutorial_etl_dag']) retrieved from /home/prathamesh/PycharmProjects/airflow-project/venv/lib/python3.8/site-packages/airflow/example_dags/tutorial_etl_dag.py
[2021-04-04 04:08:15,933] {logging_mixin.py:104} INFO - [2021-04-04 04:08:15,933] {dag.py:1818} INFO - Sync 1 DAGs
[2021-04-04 04:08:15,940] {logging_mixin.py:104} INFO - [2021-04-04 04:08:15,940] {dag.py:2273} INFO - Setting next_dagrun for tutorial_etl_dag to None
[2021-04-04 04:08:15,949] {scheduler_job.py:190} INFO - Processing /home/prathamesh/PycharmProjects/airflow-project/venv/lib/python3.8/site-packages/airflow/example_dags/tutorial_etl_dag.py took 0.037 seconds
[2021-04-04 04:08:46,619] {scheduler_job.py:182} INFO - Started process (PID=5038) to work on /home/prathamesh/PycharmProjects/airflow-project/venv/lib/python3.8/site-packages/airflow/example_dags/tutorial_etl_dag.py
[2021-04-04 04:08:46,621] {scheduler_job.py:629} INFO - Processing file /home/prathamesh/PycharmProjects/airflow-project/venv/lib/python3.8/site-packages/airflow/example_dags/tutorial_etl_dag.py for tasks to queue
[2021-04-04 04:08:46,622] {logging_mixin.py:104} INFO - [2021-04-04 04:08:46,622] {dagbag.py:448} INFO - Filling up the DagBag from /home/prathamesh/PycharmProjects/airflow-project/venv/lib/python3.8/site-packages/airflow/example_dags/tutorial_etl_dag.py
[2021-04-04 04:08:46,630] {scheduler_job.py:639} INFO - DAG(s) dict_keys(['tutorial_etl_dag']) retrieved from /home/prathamesh/PycharmProjects/airflow-project/venv/lib/python3.8/site-packages/airflow/example_dags/tutorial_etl_dag.py
[2021-04-04 04:08:46,641] {logging_mixin.py:104} INFO - [2021-04-04 04:08:46,641] {dag.py:1818} INFO - Sync 1 DAGs
[2021-04-04 04:08:46,657] {logging_mixin.py:104} INFO - [2021-04-04 04:08:46,657] {dag.py:2273} INFO - Setting next_dagrun for tutorial_etl_dag to None
[2021-04-04 04:08:46,667] {scheduler_job.py:190} INFO - Processing /home/prathamesh/PycharmProjects/airflow-project/venv/lib/python3.8/site-packages/airflow/example_dags/tutorial_etl_dag.py took 0.051 seconds
[2021-04-04 04:09:19,441] {scheduler_job.py:182} INFO - Started process (PID=5076) to work on /home/prathamesh/PycharmProjects/airflow-project/venv/lib/python3.8/site-packages/airflow/example_dags/tutorial_etl_dag.py
[2021-04-04 04:09:19,444] {scheduler_job.py:629} INFO - Processing file /home/prathamesh/PycharmProjects/airflow-project/venv/lib/python3.8/site-packages/airflow/example_dags/tutorial_etl_dag.py for tasks to queue
[2021-04-04 04:09:19,445] {logging_mixin.py:104} INFO - [2021-04-04 04:09:19,444] {dagbag.py:448} INFO - Filling up the DagBag from /home/prathamesh/PycharmProjects/airflow-project/venv/lib/python3.8/site-packages/airflow/example_dags/tutorial_etl_dag.py
[2021-04-04 04:09:19,454] {scheduler_job.py:639} INFO - DAG(s) dict_keys(['tutorial_etl_dag']) retrieved from /home/prathamesh/PycharmProjects/airflow-project/venv/lib/python3.8/site-packages/airflow/example_dags/tutorial_etl_dag.py
[2021-04-04 04:09:19,468] {logging_mixin.py:104} INFO - [2021-04-04 04:09:19,468] {dag.py:1818} INFO - Sync 1 DAGs
[2021-04-04 04:09:19,483] {logging_mixin.py:104} INFO - [2021-04-04 04:09:19,483] {dag.py:2273} INFO - Setting next_dagrun for tutorial_etl_dag to None
[2021-04-04 04:09:19,493] {scheduler_job.py:190} INFO - Processing /home/prathamesh/PycharmProjects/airflow-project/venv/lib/python3.8/site-packages/airflow/example_dags/tutorial_etl_dag.py took 0.058 seconds
[2021-04-04 04:09:50,206] {scheduler_job.py:182} INFO - Started process (PID=5108) to work on /home/prathamesh/PycharmProjects/airflow-project/venv/lib/python3.8/site-packages/airflow/example_dags/tutorial_etl_dag.py
[2021-04-04 04:09:50,207] {scheduler_job.py:629} INFO - Processing file /home/prathamesh/PycharmProjects/airflow-project/venv/lib/python3.8/site-packages/airflow/example_dags/tutorial_etl_dag.py for tasks to queue
[2021-04-04 04:09:50,208] {logging_mixin.py:104} INFO - [2021-04-04 04:09:50,208] {dagbag.py:448} INFO - Filling up the DagBag from /home/prathamesh/PycharmProjects/airflow-project/venv/lib/python3.8/site-packages/airflow/example_dags/tutorial_etl_dag.py
[2021-04-04 04:09:50,229] {scheduler_job.py:639} INFO - DAG(s) dict_keys(['tutorial_etl_dag']) retrieved from /home/prathamesh/PycharmProjects/airflow-project/venv/lib/python3.8/site-packages/airflow/example_dags/tutorial_etl_dag.py
[2021-04-04 04:09:50,244] {logging_mixin.py:104} INFO - [2021-04-04 04:09:50,243] {dag.py:1818} INFO - Sync 1 DAGs
[2021-04-04 04:09:50,251] {logging_mixin.py:104} INFO - [2021-04-04 04:09:50,251] {dag.py:2273} INFO - Setting next_dagrun for tutorial_etl_dag to None
[2021-04-04 04:09:50,256] {scheduler_job.py:190} INFO - Processing /home/prathamesh/PycharmProjects/airflow-project/venv/lib/python3.8/site-packages/airflow/example_dags/tutorial_etl_dag.py took 0.055 seconds
[2021-04-04 04:10:23,983] {scheduler_job.py:182} INFO - Started process (PID=5173) to work on /home/prathamesh/PycharmProjects/airflow-project/venv/lib/python3.8/site-packages/airflow/example_dags/tutorial_etl_dag.py
[2021-04-04 04:10:23,990] {scheduler_job.py:629} INFO - Processing file /home/prathamesh/PycharmProjects/airflow-project/venv/lib/python3.8/site-packages/airflow/example_dags/tutorial_etl_dag.py for tasks to queue
[2021-04-04 04:10:23,990] {logging_mixin.py:104} INFO - [2021-04-04 04:10:23,990] {dagbag.py:448} INFO - Filling up the DagBag from /home/prathamesh/PycharmProjects/airflow-project/venv/lib/python3.8/site-packages/airflow/example_dags/tutorial_etl_dag.py
[2021-04-04 04:10:24,039] {scheduler_job.py:639} INFO - DAG(s) dict_keys(['tutorial_etl_dag']) retrieved from /home/prathamesh/PycharmProjects/airflow-project/venv/lib/python3.8/site-packages/airflow/example_dags/tutorial_etl_dag.py
[2021-04-04 04:10:24,125] {logging_mixin.py:104} INFO - [2021-04-04 04:10:24,125] {dag.py:1818} INFO - Sync 1 DAGs
[2021-04-04 04:10:24,175] {logging_mixin.py:104} INFO - [2021-04-04 04:10:24,175] {dag.py:2273} INFO - Setting next_dagrun for tutorial_etl_dag to None
[2021-04-04 04:10:24,180] {scheduler_job.py:190} INFO - Processing /home/prathamesh/PycharmProjects/airflow-project/venv/lib/python3.8/site-packages/airflow/example_dags/tutorial_etl_dag.py took 0.198 seconds
[2021-04-04 04:10:54,806] {scheduler_job.py:182} INFO - Started process (PID=5201) to work on /home/prathamesh/PycharmProjects/airflow-project/venv/lib/python3.8/site-packages/airflow/example_dags/tutorial_etl_dag.py
[2021-04-04 04:10:54,807] {scheduler_job.py:629} INFO - Processing file /home/prathamesh/PycharmProjects/airflow-project/venv/lib/python3.8/site-packages/airflow/example_dags/tutorial_etl_dag.py for tasks to queue
[2021-04-04 04:10:54,808] {logging_mixin.py:104} INFO - [2021-04-04 04:10:54,808] {dagbag.py:448} INFO - Filling up the DagBag from /home/prathamesh/PycharmProjects/airflow-project/venv/lib/python3.8/site-packages/airflow/example_dags/tutorial_etl_dag.py
[2021-04-04 04:10:54,827] {scheduler_job.py:639} INFO - DAG(s) dict_keys(['tutorial_etl_dag']) retrieved from /home/prathamesh/PycharmProjects/airflow-project/venv/lib/python3.8/site-packages/airflow/example_dags/tutorial_etl_dag.py
[2021-04-04 04:10:54,849] {logging_mixin.py:104} INFO - [2021-04-04 04:10:54,849] {dag.py:1818} INFO - Sync 1 DAGs
[2021-04-04 04:10:54,868] {logging_mixin.py:104} INFO - [2021-04-04 04:10:54,868] {dag.py:2273} INFO - Setting next_dagrun for tutorial_etl_dag to None
[2021-04-04 04:10:54,872] {scheduler_job.py:190} INFO - Processing /home/prathamesh/PycharmProjects/airflow-project/venv/lib/python3.8/site-packages/airflow/example_dags/tutorial_etl_dag.py took 0.068 seconds
[2021-04-04 04:11:25,527] {scheduler_job.py:182} INFO - Started process (PID=5262) to work on /home/prathamesh/PycharmProjects/airflow-project/venv/lib/python3.8/site-packages/airflow/example_dags/tutorial_etl_dag.py
[2021-04-04 04:11:25,528] {scheduler_job.py:629} INFO - Processing file /home/prathamesh/PycharmProjects/airflow-project/venv/lib/python3.8/site-packages/airflow/example_dags/tutorial_etl_dag.py for tasks to queue
[2021-04-04 04:11:25,529] {logging_mixin.py:104} INFO - [2021-04-04 04:11:25,529] {dagbag.py:448} INFO - Filling up the DagBag from /home/prathamesh/PycharmProjects/airflow-project/venv/lib/python3.8/site-packages/airflow/example_dags/tutorial_etl_dag.py
[2021-04-04 04:11:25,540] {scheduler_job.py:639} INFO - DAG(s) dict_keys(['tutorial_etl_dag']) retrieved from /home/prathamesh/PycharmProjects/airflow-project/venv/lib/python3.8/site-packages/airflow/example_dags/tutorial_etl_dag.py
[2021-04-04 04:11:25,578] {logging_mixin.py:104} INFO - [2021-04-04 04:11:25,578] {dag.py:1818} INFO - Sync 1 DAGs
[2021-04-04 04:11:25,585] {logging_mixin.py:104} INFO - [2021-04-04 04:11:25,585] {dag.py:2273} INFO - Setting next_dagrun for tutorial_etl_dag to None
[2021-04-04 04:11:25,612] {scheduler_job.py:190} INFO - Processing /home/prathamesh/PycharmProjects/airflow-project/venv/lib/python3.8/site-packages/airflow/example_dags/tutorial_etl_dag.py took 0.087 seconds
[2021-04-04 04:11:56,300] {scheduler_job.py:182} INFO - Started process (PID=5291) to work on /home/prathamesh/PycharmProjects/airflow-project/venv/lib/python3.8/site-packages/airflow/example_dags/tutorial_etl_dag.py
[2021-04-04 04:11:56,300] {scheduler_job.py:629} INFO - Processing file /home/prathamesh/PycharmProjects/airflow-project/venv/lib/python3.8/site-packages/airflow/example_dags/tutorial_etl_dag.py for tasks to queue
[2021-04-04 04:11:56,301] {logging_mixin.py:104} INFO - [2021-04-04 04:11:56,301] {dagbag.py:448} INFO - Filling up the DagBag from /home/prathamesh/PycharmProjects/airflow-project/venv/lib/python3.8/site-packages/airflow/example_dags/tutorial_etl_dag.py
[2021-04-04 04:11:56,330] {scheduler_job.py:639} INFO - DAG(s) dict_keys(['tutorial_etl_dag']) retrieved from /home/prathamesh/PycharmProjects/airflow-project/venv/lib/python3.8/site-packages/airflow/example_dags/tutorial_etl_dag.py
[2021-04-04 04:11:56,351] {logging_mixin.py:104} INFO - [2021-04-04 04:11:56,351] {dag.py:1818} INFO - Sync 1 DAGs
[2021-04-04 04:11:56,356] {logging_mixin.py:104} INFO - [2021-04-04 04:11:56,356] {dag.py:2273} INFO - Setting next_dagrun for tutorial_etl_dag to None
[2021-04-04 04:11:56,372] {scheduler_job.py:190} INFO - Processing /home/prathamesh/PycharmProjects/airflow-project/venv/lib/python3.8/site-packages/airflow/example_dags/tutorial_etl_dag.py took 0.075 seconds
[2021-04-04 04:12:27,075] {scheduler_job.py:182} INFO - Started process (PID=5332) to work on /home/prathamesh/PycharmProjects/airflow-project/venv/lib/python3.8/site-packages/airflow/example_dags/tutorial_etl_dag.py
[2021-04-04 04:12:27,092] {scheduler_job.py:629} INFO - Processing file /home/prathamesh/PycharmProjects/airflow-project/venv/lib/python3.8/site-packages/airflow/example_dags/tutorial_etl_dag.py for tasks to queue
[2021-04-04 04:12:27,092] {logging_mixin.py:104} INFO - [2021-04-04 04:12:27,092] {dagbag.py:448} INFO - Filling up the DagBag from /home/prathamesh/PycharmProjects/airflow-project/venv/lib/python3.8/site-packages/airflow/example_dags/tutorial_etl_dag.py
[2021-04-04 04:12:27,202] {scheduler_job.py:639} INFO - DAG(s) dict_keys(['tutorial_etl_dag']) retrieved from /home/prathamesh/PycharmProjects/airflow-project/venv/lib/python3.8/site-packages/airflow/example_dags/tutorial_etl_dag.py
[2021-04-04 04:12:27,288] {logging_mixin.py:104} INFO - [2021-04-04 04:12:27,288] {dag.py:1818} INFO - Sync 1 DAGs
[2021-04-04 04:12:27,302] {logging_mixin.py:104} INFO - [2021-04-04 04:12:27,302] {dag.py:2273} INFO - Setting next_dagrun for tutorial_etl_dag to None
[2021-04-04 04:12:27,342] {scheduler_job.py:190} INFO - Processing /home/prathamesh/PycharmProjects/airflow-project/venv/lib/python3.8/site-packages/airflow/example_dags/tutorial_etl_dag.py took 0.268 seconds
[2021-04-04 04:12:57,610] {scheduler_job.py:182} INFO - Started process (PID=5377) to work on /home/prathamesh/PycharmProjects/airflow-project/venv/lib/python3.8/site-packages/airflow/example_dags/tutorial_etl_dag.py
[2021-04-04 04:12:57,622] {scheduler_job.py:629} INFO - Processing file /home/prathamesh/PycharmProjects/airflow-project/venv/lib/python3.8/site-packages/airflow/example_dags/tutorial_etl_dag.py for tasks to queue
[2021-04-04 04:12:57,622] {logging_mixin.py:104} INFO - [2021-04-04 04:12:57,622] {dagbag.py:448} INFO - Filling up the DagBag from /home/prathamesh/PycharmProjects/airflow-project/venv/lib/python3.8/site-packages/airflow/example_dags/tutorial_etl_dag.py
[2021-04-04 04:12:57,629] {scheduler_job.py:639} INFO - DAG(s) dict_keys(['tutorial_etl_dag']) retrieved from /home/prathamesh/PycharmProjects/airflow-project/venv/lib/python3.8/site-packages/airflow/example_dags/tutorial_etl_dag.py
[2021-04-04 04:12:57,759] {logging_mixin.py:104} INFO - [2021-04-04 04:12:57,759] {dag.py:1818} INFO - Sync 1 DAGs
[2021-04-04 04:12:57,824] {logging_mixin.py:104} INFO - [2021-04-04 04:12:57,824] {dag.py:2273} INFO - Setting next_dagrun for tutorial_etl_dag to None
[2021-04-04 04:12:57,852] {scheduler_job.py:190} INFO - Processing /home/prathamesh/PycharmProjects/airflow-project/venv/lib/python3.8/site-packages/airflow/example_dags/tutorial_etl_dag.py took 0.244 seconds
[2021-04-04 16:21:39,690] {scheduler_job.py:182} INFO - Started process (PID=3393) to work on /home/prathamesh/PycharmProjects/airflow-project/venv/lib/python3.8/site-packages/airflow/example_dags/tutorial_etl_dag.py
[2021-04-04 16:21:39,725] {scheduler_job.py:629} INFO - Processing file /home/prathamesh/PycharmProjects/airflow-project/venv/lib/python3.8/site-packages/airflow/example_dags/tutorial_etl_dag.py for tasks to queue
[2021-04-04 16:21:39,725] {logging_mixin.py:104} INFO - [2021-04-04 16:21:39,725] {dagbag.py:448} INFO - Filling up the DagBag from /home/prathamesh/PycharmProjects/airflow-project/venv/lib/python3.8/site-packages/airflow/example_dags/tutorial_etl_dag.py
[2021-04-04 16:21:39,763] {scheduler_job.py:639} INFO - DAG(s) dict_keys(['tutorial_etl_dag']) retrieved from /home/prathamesh/PycharmProjects/airflow-project/venv/lib/python3.8/site-packages/airflow/example_dags/tutorial_etl_dag.py
[2021-04-04 16:21:39,852] {logging_mixin.py:104} INFO - [2021-04-04 16:21:39,852] {dag.py:1818} INFO - Sync 1 DAGs
[2021-04-04 16:21:39,899] {logging_mixin.py:104} INFO - [2021-04-04 16:21:39,898] {dag.py:2273} INFO - Setting next_dagrun for tutorial_etl_dag to None
[2021-04-04 16:21:39,929] {scheduler_job.py:190} INFO - Processing /home/prathamesh/PycharmProjects/airflow-project/venv/lib/python3.8/site-packages/airflow/example_dags/tutorial_etl_dag.py took 0.242 seconds
[2021-04-04 16:22:10,222] {scheduler_job.py:182} INFO - Started process (PID=3543) to work on /home/prathamesh/PycharmProjects/airflow-project/venv/lib/python3.8/site-packages/airflow/example_dags/tutorial_etl_dag.py
[2021-04-04 16:22:10,224] {scheduler_job.py:629} INFO - Processing file /home/prathamesh/PycharmProjects/airflow-project/venv/lib/python3.8/site-packages/airflow/example_dags/tutorial_etl_dag.py for tasks to queue
[2021-04-04 16:22:10,224] {logging_mixin.py:104} INFO - [2021-04-04 16:22:10,224] {dagbag.py:448} INFO - Filling up the DagBag from /home/prathamesh/PycharmProjects/airflow-project/venv/lib/python3.8/site-packages/airflow/example_dags/tutorial_etl_dag.py
[2021-04-04 16:22:10,231] {scheduler_job.py:639} INFO - DAG(s) dict_keys(['tutorial_etl_dag']) retrieved from /home/prathamesh/PycharmProjects/airflow-project/venv/lib/python3.8/site-packages/airflow/example_dags/tutorial_etl_dag.py
[2021-04-04 16:22:10,240] {logging_mixin.py:104} INFO - [2021-04-04 16:22:10,240] {dag.py:1818} INFO - Sync 1 DAGs
[2021-04-04 16:22:10,248] {logging_mixin.py:104} INFO - [2021-04-04 16:22:10,248] {dag.py:2273} INFO - Setting next_dagrun for tutorial_etl_dag to None
[2021-04-04 16:22:10,253] {scheduler_job.py:190} INFO - Processing /home/prathamesh/PycharmProjects/airflow-project/venv/lib/python3.8/site-packages/airflow/example_dags/tutorial_etl_dag.py took 0.033 seconds
[2021-04-04 16:22:40,516] {scheduler_job.py:182} INFO - Started process (PID=3571) to work on /home/prathamesh/PycharmProjects/airflow-project/venv/lib/python3.8/site-packages/airflow/example_dags/tutorial_etl_dag.py
[2021-04-04 16:22:40,517] {scheduler_job.py:629} INFO - Processing file /home/prathamesh/PycharmProjects/airflow-project/venv/lib/python3.8/site-packages/airflow/example_dags/tutorial_etl_dag.py for tasks to queue
[2021-04-04 16:22:40,517] {logging_mixin.py:104} INFO - [2021-04-04 16:22:40,517] {dagbag.py:448} INFO - Filling up the DagBag from /home/prathamesh/PycharmProjects/airflow-project/venv/lib/python3.8/site-packages/airflow/example_dags/tutorial_etl_dag.py
[2021-04-04 16:22:40,528] {scheduler_job.py:639} INFO - DAG(s) dict_keys(['tutorial_etl_dag']) retrieved from /home/prathamesh/PycharmProjects/airflow-project/venv/lib/python3.8/site-packages/airflow/example_dags/tutorial_etl_dag.py
[2021-04-04 16:22:40,538] {logging_mixin.py:104} INFO - [2021-04-04 16:22:40,538] {dag.py:1818} INFO - Sync 1 DAGs
[2021-04-04 16:22:40,546] {logging_mixin.py:104} INFO - [2021-04-04 16:22:40,546] {dag.py:2273} INFO - Setting next_dagrun for tutorial_etl_dag to None
[2021-04-04 16:22:40,550] {scheduler_job.py:190} INFO - Processing /home/prathamesh/PycharmProjects/airflow-project/venv/lib/python3.8/site-packages/airflow/example_dags/tutorial_etl_dag.py took 0.038 seconds
[2021-04-04 16:23:10,766] {scheduler_job.py:182} INFO - Started process (PID=3597) to work on /home/prathamesh/PycharmProjects/airflow-project/venv/lib/python3.8/site-packages/airflow/example_dags/tutorial_etl_dag.py
[2021-04-04 16:23:10,767] {scheduler_job.py:629} INFO - Processing file /home/prathamesh/PycharmProjects/airflow-project/venv/lib/python3.8/site-packages/airflow/example_dags/tutorial_etl_dag.py for tasks to queue
[2021-04-04 16:23:10,767] {logging_mixin.py:104} INFO - [2021-04-04 16:23:10,767] {dagbag.py:448} INFO - Filling up the DagBag from /home/prathamesh/PycharmProjects/airflow-project/venv/lib/python3.8/site-packages/airflow/example_dags/tutorial_etl_dag.py
[2021-04-04 16:23:10,780] {scheduler_job.py:639} INFO - DAG(s) dict_keys(['tutorial_etl_dag']) retrieved from /home/prathamesh/PycharmProjects/airflow-project/venv/lib/python3.8/site-packages/airflow/example_dags/tutorial_etl_dag.py
[2021-04-04 16:23:10,790] {logging_mixin.py:104} INFO - [2021-04-04 16:23:10,790] {dag.py:1818} INFO - Sync 1 DAGs
[2021-04-04 16:23:10,798] {logging_mixin.py:104} INFO - [2021-04-04 16:23:10,798] {dag.py:2273} INFO - Setting next_dagrun for tutorial_etl_dag to None
[2021-04-04 16:23:10,802] {scheduler_job.py:190} INFO - Processing /home/prathamesh/PycharmProjects/airflow-project/venv/lib/python3.8/site-packages/airflow/example_dags/tutorial_etl_dag.py took 0.040 seconds
