[2021-04-04 03:36:36,309] {scheduler_job.py:182} INFO - Started process (PID=3215) to work on /home/prathamesh/PycharmProjects/airflow-project/venv/lib/python3.8/site-packages/airflow/example_dags/tutorial.py
[2021-04-04 03:36:36,310] {scheduler_job.py:629} INFO - Processing file /home/prathamesh/PycharmProjects/airflow-project/venv/lib/python3.8/site-packages/airflow/example_dags/tutorial.py for tasks to queue
[2021-04-04 03:36:36,310] {logging_mixin.py:104} INFO - [2021-04-04 03:36:36,310] {dagbag.py:448} INFO - Filling up the DagBag from /home/prathamesh/PycharmProjects/airflow-project/venv/lib/python3.8/site-packages/airflow/example_dags/tutorial.py
[2021-04-04 03:36:36,316] {scheduler_job.py:639} INFO - DAG(s) dict_keys(['tutorial']) retrieved from /home/prathamesh/PycharmProjects/airflow-project/venv/lib/python3.8/site-packages/airflow/example_dags/tutorial.py
[2021-04-04 03:36:36,334] {logging_mixin.py:104} INFO - [2021-04-04 03:36:36,334] {dag.py:1818} INFO - Sync 1 DAGs
[2021-04-04 03:36:36,342] {logging_mixin.py:104} INFO - [2021-04-04 03:36:36,342] {dag.py:2273} INFO - Setting next_dagrun for tutorial to 2021-04-02 00:00:00+00:00
[2021-04-04 03:36:36,360] {scheduler_job.py:190} INFO - Processing /home/prathamesh/PycharmProjects/airflow-project/venv/lib/python3.8/site-packages/airflow/example_dags/tutorial.py took 0.054 seconds
[2021-04-04 03:37:08,436] {scheduler_job.py:182} INFO - Started process (PID=3248) to work on /home/prathamesh/PycharmProjects/airflow-project/venv/lib/python3.8/site-packages/airflow/example_dags/tutorial.py
[2021-04-04 03:37:08,436] {scheduler_job.py:629} INFO - Processing file /home/prathamesh/PycharmProjects/airflow-project/venv/lib/python3.8/site-packages/airflow/example_dags/tutorial.py for tasks to queue
[2021-04-04 03:37:08,437] {logging_mixin.py:104} INFO - [2021-04-04 03:37:08,437] {dagbag.py:448} INFO - Filling up the DagBag from /home/prathamesh/PycharmProjects/airflow-project/venv/lib/python3.8/site-packages/airflow/example_dags/tutorial.py
[2021-04-04 03:37:08,449] {scheduler_job.py:639} INFO - DAG(s) dict_keys(['tutorial']) retrieved from /home/prathamesh/PycharmProjects/airflow-project/venv/lib/python3.8/site-packages/airflow/example_dags/tutorial.py
[2021-04-04 03:37:08,467] {logging_mixin.py:104} INFO - [2021-04-04 03:37:08,467] {dag.py:1818} INFO - Sync 1 DAGs
[2021-04-04 03:37:08,473] {logging_mixin.py:104} INFO - [2021-04-04 03:37:08,473] {dag.py:2273} INFO - Setting next_dagrun for tutorial to 2021-04-02 00:00:00+00:00
[2021-04-04 03:37:08,481] {scheduler_job.py:190} INFO - Processing /home/prathamesh/PycharmProjects/airflow-project/venv/lib/python3.8/site-packages/airflow/example_dags/tutorial.py took 0.048 seconds
[2021-04-04 03:37:40,367] {scheduler_job.py:182} INFO - Started process (PID=3286) to work on /home/prathamesh/PycharmProjects/airflow-project/venv/lib/python3.8/site-packages/airflow/example_dags/tutorial.py
[2021-04-04 03:37:40,367] {scheduler_job.py:629} INFO - Processing file /home/prathamesh/PycharmProjects/airflow-project/venv/lib/python3.8/site-packages/airflow/example_dags/tutorial.py for tasks to queue
[2021-04-04 03:37:40,368] {logging_mixin.py:104} INFO - [2021-04-04 03:37:40,368] {dagbag.py:448} INFO - Filling up the DagBag from /home/prathamesh/PycharmProjects/airflow-project/venv/lib/python3.8/site-packages/airflow/example_dags/tutorial.py
[2021-04-04 03:37:40,374] {scheduler_job.py:639} INFO - DAG(s) dict_keys(['tutorial']) retrieved from /home/prathamesh/PycharmProjects/airflow-project/venv/lib/python3.8/site-packages/airflow/example_dags/tutorial.py
[2021-04-04 03:37:40,383] {logging_mixin.py:104} INFO - [2021-04-04 03:37:40,383] {dag.py:1818} INFO - Sync 1 DAGs
[2021-04-04 03:37:40,404] {logging_mixin.py:104} INFO - [2021-04-04 03:37:40,404] {dag.py:2273} INFO - Setting next_dagrun for tutorial to 2021-04-02 00:00:00+00:00
[2021-04-04 03:37:40,411] {scheduler_job.py:190} INFO - Processing /home/prathamesh/PycharmProjects/airflow-project/venv/lib/python3.8/site-packages/airflow/example_dags/tutorial.py took 0.047 seconds
[2021-04-04 03:38:10,676] {scheduler_job.py:182} INFO - Started process (PID=3315) to work on /home/prathamesh/PycharmProjects/airflow-project/venv/lib/python3.8/site-packages/airflow/example_dags/tutorial.py
[2021-04-04 03:38:10,678] {scheduler_job.py:629} INFO - Processing file /home/prathamesh/PycharmProjects/airflow-project/venv/lib/python3.8/site-packages/airflow/example_dags/tutorial.py for tasks to queue
[2021-04-04 03:38:10,679] {logging_mixin.py:104} INFO - [2021-04-04 03:38:10,678] {dagbag.py:448} INFO - Filling up the DagBag from /home/prathamesh/PycharmProjects/airflow-project/venv/lib/python3.8/site-packages/airflow/example_dags/tutorial.py
[2021-04-04 03:38:10,698] {scheduler_job.py:639} INFO - DAG(s) dict_keys(['tutorial']) retrieved from /home/prathamesh/PycharmProjects/airflow-project/venv/lib/python3.8/site-packages/airflow/example_dags/tutorial.py
[2021-04-04 03:38:10,709] {logging_mixin.py:104} INFO - [2021-04-04 03:38:10,709] {dag.py:1818} INFO - Sync 1 DAGs
[2021-04-04 03:38:10,717] {logging_mixin.py:104} INFO - [2021-04-04 03:38:10,717] {dag.py:2273} INFO - Setting next_dagrun for tutorial to 2021-04-02 00:00:00+00:00
[2021-04-04 03:38:10,727] {scheduler_job.py:190} INFO - Processing /home/prathamesh/PycharmProjects/airflow-project/venv/lib/python3.8/site-packages/airflow/example_dags/tutorial.py took 0.059 seconds
[2021-04-04 03:38:41,957] {scheduler_job.py:182} INFO - Started process (PID=3351) to work on /home/prathamesh/PycharmProjects/airflow-project/venv/lib/python3.8/site-packages/airflow/example_dags/tutorial.py
[2021-04-04 03:38:41,958] {scheduler_job.py:629} INFO - Processing file /home/prathamesh/PycharmProjects/airflow-project/venv/lib/python3.8/site-packages/airflow/example_dags/tutorial.py for tasks to queue
[2021-04-04 03:38:41,959] {logging_mixin.py:104} INFO - [2021-04-04 03:38:41,959] {dagbag.py:448} INFO - Filling up the DagBag from /home/prathamesh/PycharmProjects/airflow-project/venv/lib/python3.8/site-packages/airflow/example_dags/tutorial.py
[2021-04-04 03:38:41,966] {scheduler_job.py:639} INFO - DAG(s) dict_keys(['tutorial']) retrieved from /home/prathamesh/PycharmProjects/airflow-project/venv/lib/python3.8/site-packages/airflow/example_dags/tutorial.py
[2021-04-04 03:38:41,978] {logging_mixin.py:104} INFO - [2021-04-04 03:38:41,978] {dag.py:1818} INFO - Sync 1 DAGs
[2021-04-04 03:38:41,998] {logging_mixin.py:104} INFO - [2021-04-04 03:38:41,998] {dag.py:2273} INFO - Setting next_dagrun for tutorial to 2021-04-02 00:00:00+00:00
[2021-04-04 03:38:42,003] {scheduler_job.py:190} INFO - Processing /home/prathamesh/PycharmProjects/airflow-project/venv/lib/python3.8/site-packages/airflow/example_dags/tutorial.py took 0.052 seconds
[2021-04-04 03:39:13,995] {scheduler_job.py:182} INFO - Started process (PID=3388) to work on /home/prathamesh/PycharmProjects/airflow-project/venv/lib/python3.8/site-packages/airflow/example_dags/tutorial.py
[2021-04-04 03:39:13,998] {scheduler_job.py:629} INFO - Processing file /home/prathamesh/PycharmProjects/airflow-project/venv/lib/python3.8/site-packages/airflow/example_dags/tutorial.py for tasks to queue
[2021-04-04 03:39:13,998] {logging_mixin.py:104} INFO - [2021-04-04 03:39:13,998] {dagbag.py:448} INFO - Filling up the DagBag from /home/prathamesh/PycharmProjects/airflow-project/venv/lib/python3.8/site-packages/airflow/example_dags/tutorial.py
[2021-04-04 03:39:14,006] {scheduler_job.py:639} INFO - DAG(s) dict_keys(['tutorial']) retrieved from /home/prathamesh/PycharmProjects/airflow-project/venv/lib/python3.8/site-packages/airflow/example_dags/tutorial.py
[2021-04-04 03:39:14,025] {logging_mixin.py:104} INFO - [2021-04-04 03:39:14,025] {dag.py:1818} INFO - Sync 1 DAGs
[2021-04-04 03:39:14,035] {logging_mixin.py:104} INFO - [2021-04-04 03:39:14,035] {dag.py:2273} INFO - Setting next_dagrun for tutorial to 2021-04-02 00:00:00+00:00
[2021-04-04 03:39:14,041] {scheduler_job.py:190} INFO - Processing /home/prathamesh/PycharmProjects/airflow-project/venv/lib/python3.8/site-packages/airflow/example_dags/tutorial.py took 0.048 seconds
[2021-04-04 03:39:46,445] {scheduler_job.py:182} INFO - Started process (PID=3418) to work on /home/prathamesh/PycharmProjects/airflow-project/venv/lib/python3.8/site-packages/airflow/example_dags/tutorial.py
[2021-04-04 03:39:46,448] {scheduler_job.py:629} INFO - Processing file /home/prathamesh/PycharmProjects/airflow-project/venv/lib/python3.8/site-packages/airflow/example_dags/tutorial.py for tasks to queue
[2021-04-04 03:39:46,449] {logging_mixin.py:104} INFO - [2021-04-04 03:39:46,449] {dagbag.py:448} INFO - Filling up the DagBag from /home/prathamesh/PycharmProjects/airflow-project/venv/lib/python3.8/site-packages/airflow/example_dags/tutorial.py
[2021-04-04 03:39:46,460] {scheduler_job.py:639} INFO - DAG(s) dict_keys(['tutorial']) retrieved from /home/prathamesh/PycharmProjects/airflow-project/venv/lib/python3.8/site-packages/airflow/example_dags/tutorial.py
[2021-04-04 03:39:46,471] {logging_mixin.py:104} INFO - [2021-04-04 03:39:46,471] {dag.py:1818} INFO - Sync 1 DAGs
[2021-04-04 03:39:46,493] {logging_mixin.py:104} INFO - [2021-04-04 03:39:46,493] {dag.py:2273} INFO - Setting next_dagrun for tutorial to 2021-04-02 00:00:00+00:00
[2021-04-04 03:39:46,498] {scheduler_job.py:190} INFO - Processing /home/prathamesh/PycharmProjects/airflow-project/venv/lib/python3.8/site-packages/airflow/example_dags/tutorial.py took 0.056 seconds
[2021-04-04 03:40:17,124] {scheduler_job.py:182} INFO - Started process (PID=3446) to work on /home/prathamesh/PycharmProjects/airflow-project/venv/lib/python3.8/site-packages/airflow/example_dags/tutorial.py
[2021-04-04 03:40:17,125] {scheduler_job.py:629} INFO - Processing file /home/prathamesh/PycharmProjects/airflow-project/venv/lib/python3.8/site-packages/airflow/example_dags/tutorial.py for tasks to queue
[2021-04-04 03:40:17,125] {logging_mixin.py:104} INFO - [2021-04-04 03:40:17,125] {dagbag.py:448} INFO - Filling up the DagBag from /home/prathamesh/PycharmProjects/airflow-project/venv/lib/python3.8/site-packages/airflow/example_dags/tutorial.py
[2021-04-04 03:40:17,132] {scheduler_job.py:639} INFO - DAG(s) dict_keys(['tutorial']) retrieved from /home/prathamesh/PycharmProjects/airflow-project/venv/lib/python3.8/site-packages/airflow/example_dags/tutorial.py
[2021-04-04 03:40:17,141] {logging_mixin.py:104} INFO - [2021-04-04 03:40:17,141] {dag.py:1818} INFO - Sync 1 DAGs
[2021-04-04 03:40:17,154] {logging_mixin.py:104} INFO - [2021-04-04 03:40:17,153] {dag.py:2273} INFO - Setting next_dagrun for tutorial to 2021-04-02 00:00:00+00:00
[2021-04-04 03:40:17,158] {scheduler_job.py:190} INFO - Processing /home/prathamesh/PycharmProjects/airflow-project/venv/lib/python3.8/site-packages/airflow/example_dags/tutorial.py took 0.037 seconds
[2021-04-04 03:40:47,238] {scheduler_job.py:182} INFO - Started process (PID=3477) to work on /home/prathamesh/PycharmProjects/airflow-project/venv/lib/python3.8/site-packages/airflow/example_dags/tutorial.py
[2021-04-04 03:40:47,239] {scheduler_job.py:629} INFO - Processing file /home/prathamesh/PycharmProjects/airflow-project/venv/lib/python3.8/site-packages/airflow/example_dags/tutorial.py for tasks to queue
[2021-04-04 03:40:47,239] {logging_mixin.py:104} INFO - [2021-04-04 03:40:47,239] {dagbag.py:448} INFO - Filling up the DagBag from /home/prathamesh/PycharmProjects/airflow-project/venv/lib/python3.8/site-packages/airflow/example_dags/tutorial.py
[2021-04-04 03:40:47,248] {scheduler_job.py:639} INFO - DAG(s) dict_keys(['tutorial']) retrieved from /home/prathamesh/PycharmProjects/airflow-project/venv/lib/python3.8/site-packages/airflow/example_dags/tutorial.py
[2021-04-04 03:40:47,258] {logging_mixin.py:104} INFO - [2021-04-04 03:40:47,258] {dag.py:1818} INFO - Sync 1 DAGs
[2021-04-04 03:40:47,271] {logging_mixin.py:104} INFO - [2021-04-04 03:40:47,271] {dag.py:2273} INFO - Setting next_dagrun for tutorial to 2021-04-02 00:00:00+00:00
[2021-04-04 03:40:47,285] {scheduler_job.py:190} INFO - Processing /home/prathamesh/PycharmProjects/airflow-project/venv/lib/python3.8/site-packages/airflow/example_dags/tutorial.py took 0.051 seconds
[2021-04-04 03:41:18,139] {scheduler_job.py:182} INFO - Started process (PID=3523) to work on /home/prathamesh/PycharmProjects/airflow-project/venv/lib/python3.8/site-packages/airflow/example_dags/tutorial.py
[2021-04-04 03:41:18,140] {scheduler_job.py:629} INFO - Processing file /home/prathamesh/PycharmProjects/airflow-project/venv/lib/python3.8/site-packages/airflow/example_dags/tutorial.py for tasks to queue
[2021-04-04 03:41:18,141] {logging_mixin.py:104} INFO - [2021-04-04 03:41:18,141] {dagbag.py:448} INFO - Filling up the DagBag from /home/prathamesh/PycharmProjects/airflow-project/venv/lib/python3.8/site-packages/airflow/example_dags/tutorial.py
[2021-04-04 03:41:18,150] {scheduler_job.py:639} INFO - DAG(s) dict_keys(['tutorial']) retrieved from /home/prathamesh/PycharmProjects/airflow-project/venv/lib/python3.8/site-packages/airflow/example_dags/tutorial.py
[2021-04-04 03:41:18,161] {logging_mixin.py:104} INFO - [2021-04-04 03:41:18,161] {dag.py:1818} INFO - Sync 1 DAGs
[2021-04-04 03:41:18,169] {logging_mixin.py:104} INFO - [2021-04-04 03:41:18,169] {dag.py:2273} INFO - Setting next_dagrun for tutorial to 2021-04-02 00:00:00+00:00
[2021-04-04 03:41:18,173] {scheduler_job.py:190} INFO - Processing /home/prathamesh/PycharmProjects/airflow-project/venv/lib/python3.8/site-packages/airflow/example_dags/tutorial.py took 0.041 seconds
[2021-04-04 03:41:49,158] {scheduler_job.py:182} INFO - Started process (PID=3579) to work on /home/prathamesh/PycharmProjects/airflow-project/venv/lib/python3.8/site-packages/airflow/example_dags/tutorial.py
[2021-04-04 03:41:49,159] {scheduler_job.py:629} INFO - Processing file /home/prathamesh/PycharmProjects/airflow-project/venv/lib/python3.8/site-packages/airflow/example_dags/tutorial.py for tasks to queue
[2021-04-04 03:41:49,160] {logging_mixin.py:104} INFO - [2021-04-04 03:41:49,160] {dagbag.py:448} INFO - Filling up the DagBag from /home/prathamesh/PycharmProjects/airflow-project/venv/lib/python3.8/site-packages/airflow/example_dags/tutorial.py
[2021-04-04 03:41:49,166] {scheduler_job.py:639} INFO - DAG(s) dict_keys(['tutorial']) retrieved from /home/prathamesh/PycharmProjects/airflow-project/venv/lib/python3.8/site-packages/airflow/example_dags/tutorial.py
[2021-04-04 03:41:49,176] {logging_mixin.py:104} INFO - [2021-04-04 03:41:49,176] {dag.py:1818} INFO - Sync 1 DAGs
[2021-04-04 03:41:49,183] {logging_mixin.py:104} INFO - [2021-04-04 03:41:49,183] {dag.py:2273} INFO - Setting next_dagrun for tutorial to 2021-04-02 00:00:00+00:00
[2021-04-04 03:41:49,187] {scheduler_job.py:190} INFO - Processing /home/prathamesh/PycharmProjects/airflow-project/venv/lib/python3.8/site-packages/airflow/example_dags/tutorial.py took 0.031 seconds
[2021-04-04 03:42:19,565] {scheduler_job.py:182} INFO - Started process (PID=3609) to work on /home/prathamesh/PycharmProjects/airflow-project/venv/lib/python3.8/site-packages/airflow/example_dags/tutorial.py
[2021-04-04 03:42:19,569] {scheduler_job.py:629} INFO - Processing file /home/prathamesh/PycharmProjects/airflow-project/venv/lib/python3.8/site-packages/airflow/example_dags/tutorial.py for tasks to queue
[2021-04-04 03:42:19,571] {logging_mixin.py:104} INFO - [2021-04-04 03:42:19,571] {dagbag.py:448} INFO - Filling up the DagBag from /home/prathamesh/PycharmProjects/airflow-project/venv/lib/python3.8/site-packages/airflow/example_dags/tutorial.py
[2021-04-04 03:42:19,581] {scheduler_job.py:639} INFO - DAG(s) dict_keys(['tutorial']) retrieved from /home/prathamesh/PycharmProjects/airflow-project/venv/lib/python3.8/site-packages/airflow/example_dags/tutorial.py
[2021-04-04 03:42:19,593] {logging_mixin.py:104} INFO - [2021-04-04 03:42:19,593] {dag.py:1818} INFO - Sync 1 DAGs
[2021-04-04 03:42:19,614] {logging_mixin.py:104} INFO - [2021-04-04 03:42:19,613] {dag.py:2273} INFO - Setting next_dagrun for tutorial to 2021-04-02 00:00:00+00:00
[2021-04-04 03:42:19,619] {scheduler_job.py:190} INFO - Processing /home/prathamesh/PycharmProjects/airflow-project/venv/lib/python3.8/site-packages/airflow/example_dags/tutorial.py took 0.057 seconds
[2021-04-04 03:42:50,277] {scheduler_job.py:182} INFO - Started process (PID=3649) to work on /home/prathamesh/PycharmProjects/airflow-project/venv/lib/python3.8/site-packages/airflow/example_dags/tutorial.py
[2021-04-04 03:42:50,279] {scheduler_job.py:629} INFO - Processing file /home/prathamesh/PycharmProjects/airflow-project/venv/lib/python3.8/site-packages/airflow/example_dags/tutorial.py for tasks to queue
[2021-04-04 03:42:50,280] {logging_mixin.py:104} INFO - [2021-04-04 03:42:50,280] {dagbag.py:448} INFO - Filling up the DagBag from /home/prathamesh/PycharmProjects/airflow-project/venv/lib/python3.8/site-packages/airflow/example_dags/tutorial.py
[2021-04-04 03:42:50,316] {scheduler_job.py:639} INFO - DAG(s) dict_keys(['tutorial']) retrieved from /home/prathamesh/PycharmProjects/airflow-project/venv/lib/python3.8/site-packages/airflow/example_dags/tutorial.py
[2021-04-04 03:42:50,339] {logging_mixin.py:104} INFO - [2021-04-04 03:42:50,339] {dag.py:1818} INFO - Sync 1 DAGs
[2021-04-04 03:42:50,366] {logging_mixin.py:104} INFO - [2021-04-04 03:42:50,366] {dag.py:2273} INFO - Setting next_dagrun for tutorial to 2021-04-02 00:00:00+00:00
[2021-04-04 03:42:50,377] {scheduler_job.py:190} INFO - Processing /home/prathamesh/PycharmProjects/airflow-project/venv/lib/python3.8/site-packages/airflow/example_dags/tutorial.py took 0.104 seconds
[2021-04-04 03:43:21,254] {scheduler_job.py:182} INFO - Started process (PID=3699) to work on /home/prathamesh/PycharmProjects/airflow-project/venv/lib/python3.8/site-packages/airflow/example_dags/tutorial.py
[2021-04-04 03:43:21,260] {scheduler_job.py:629} INFO - Processing file /home/prathamesh/PycharmProjects/airflow-project/venv/lib/python3.8/site-packages/airflow/example_dags/tutorial.py for tasks to queue
[2021-04-04 03:43:21,261] {logging_mixin.py:104} INFO - [2021-04-04 03:43:21,261] {dagbag.py:448} INFO - Filling up the DagBag from /home/prathamesh/PycharmProjects/airflow-project/venv/lib/python3.8/site-packages/airflow/example_dags/tutorial.py
[2021-04-04 03:43:21,271] {scheduler_job.py:639} INFO - DAG(s) dict_keys(['tutorial']) retrieved from /home/prathamesh/PycharmProjects/airflow-project/venv/lib/python3.8/site-packages/airflow/example_dags/tutorial.py
[2021-04-04 03:43:21,282] {logging_mixin.py:104} INFO - [2021-04-04 03:43:21,282] {dag.py:1818} INFO - Sync 1 DAGs
[2021-04-04 03:43:21,303] {logging_mixin.py:104} INFO - [2021-04-04 03:43:21,303] {dag.py:2273} INFO - Setting next_dagrun for tutorial to 2021-04-02 00:00:00+00:00
[2021-04-04 03:43:21,307] {scheduler_job.py:190} INFO - Processing /home/prathamesh/PycharmProjects/airflow-project/venv/lib/python3.8/site-packages/airflow/example_dags/tutorial.py took 0.058 seconds
[2021-04-04 03:43:51,800] {scheduler_job.py:182} INFO - Started process (PID=3730) to work on /home/prathamesh/PycharmProjects/airflow-project/venv/lib/python3.8/site-packages/airflow/example_dags/tutorial.py
[2021-04-04 03:43:51,801] {scheduler_job.py:629} INFO - Processing file /home/prathamesh/PycharmProjects/airflow-project/venv/lib/python3.8/site-packages/airflow/example_dags/tutorial.py for tasks to queue
[2021-04-04 03:43:51,802] {logging_mixin.py:104} INFO - [2021-04-04 03:43:51,802] {dagbag.py:448} INFO - Filling up the DagBag from /home/prathamesh/PycharmProjects/airflow-project/venv/lib/python3.8/site-packages/airflow/example_dags/tutorial.py
[2021-04-04 03:43:51,813] {scheduler_job.py:639} INFO - DAG(s) dict_keys(['tutorial']) retrieved from /home/prathamesh/PycharmProjects/airflow-project/venv/lib/python3.8/site-packages/airflow/example_dags/tutorial.py
[2021-04-04 03:43:51,824] {logging_mixin.py:104} INFO - [2021-04-04 03:43:51,824] {dag.py:1818} INFO - Sync 1 DAGs
[2021-04-04 03:43:51,831] {logging_mixin.py:104} INFO - [2021-04-04 03:43:51,831] {dag.py:2273} INFO - Setting next_dagrun for tutorial to 2021-04-02 00:00:00+00:00
[2021-04-04 03:43:51,835] {scheduler_job.py:190} INFO - Processing /home/prathamesh/PycharmProjects/airflow-project/venv/lib/python3.8/site-packages/airflow/example_dags/tutorial.py took 0.041 seconds
[2021-04-04 03:44:22,236] {scheduler_job.py:182} INFO - Started process (PID=3758) to work on /home/prathamesh/PycharmProjects/airflow-project/venv/lib/python3.8/site-packages/airflow/example_dags/tutorial.py
[2021-04-04 03:44:22,237] {scheduler_job.py:629} INFO - Processing file /home/prathamesh/PycharmProjects/airflow-project/venv/lib/python3.8/site-packages/airflow/example_dags/tutorial.py for tasks to queue
[2021-04-04 03:44:22,237] {logging_mixin.py:104} INFO - [2021-04-04 03:44:22,237] {dagbag.py:448} INFO - Filling up the DagBag from /home/prathamesh/PycharmProjects/airflow-project/venv/lib/python3.8/site-packages/airflow/example_dags/tutorial.py
[2021-04-04 03:44:22,248] {scheduler_job.py:639} INFO - DAG(s) dict_keys(['tutorial']) retrieved from /home/prathamesh/PycharmProjects/airflow-project/venv/lib/python3.8/site-packages/airflow/example_dags/tutorial.py
[2021-04-04 03:44:22,260] {logging_mixin.py:104} INFO - [2021-04-04 03:44:22,260] {dag.py:1818} INFO - Sync 1 DAGs
[2021-04-04 03:44:22,269] {logging_mixin.py:104} INFO - [2021-04-04 03:44:22,269] {dag.py:2273} INFO - Setting next_dagrun for tutorial to 2021-04-02 00:00:00+00:00
[2021-04-04 03:44:22,273] {scheduler_job.py:190} INFO - Processing /home/prathamesh/PycharmProjects/airflow-project/venv/lib/python3.8/site-packages/airflow/example_dags/tutorial.py took 0.040 seconds
[2021-04-04 03:44:52,782] {scheduler_job.py:182} INFO - Started process (PID=3787) to work on /home/prathamesh/PycharmProjects/airflow-project/venv/lib/python3.8/site-packages/airflow/example_dags/tutorial.py
[2021-04-04 03:44:52,787] {scheduler_job.py:629} INFO - Processing file /home/prathamesh/PycharmProjects/airflow-project/venv/lib/python3.8/site-packages/airflow/example_dags/tutorial.py for tasks to queue
[2021-04-04 03:44:52,787] {logging_mixin.py:104} INFO - [2021-04-04 03:44:52,787] {dagbag.py:448} INFO - Filling up the DagBag from /home/prathamesh/PycharmProjects/airflow-project/venv/lib/python3.8/site-packages/airflow/example_dags/tutorial.py
[2021-04-04 03:44:52,798] {scheduler_job.py:639} INFO - DAG(s) dict_keys(['tutorial']) retrieved from /home/prathamesh/PycharmProjects/airflow-project/venv/lib/python3.8/site-packages/airflow/example_dags/tutorial.py
[2021-04-04 03:44:52,810] {logging_mixin.py:104} INFO - [2021-04-04 03:44:52,810] {dag.py:1818} INFO - Sync 1 DAGs
[2021-04-04 03:44:52,820] {logging_mixin.py:104} INFO - [2021-04-04 03:44:52,820] {dag.py:2273} INFO - Setting next_dagrun for tutorial to 2021-04-02 00:00:00+00:00
[2021-04-04 03:44:52,824] {scheduler_job.py:190} INFO - Processing /home/prathamesh/PycharmProjects/airflow-project/venv/lib/python3.8/site-packages/airflow/example_dags/tutorial.py took 0.044 seconds
[2021-04-04 03:54:16,373] {scheduler_job.py:182} INFO - Started process (PID=4549) to work on /home/prathamesh/PycharmProjects/airflow-project/venv/lib/python3.8/site-packages/airflow/example_dags/tutorial.py
[2021-04-04 03:54:16,374] {scheduler_job.py:629} INFO - Processing file /home/prathamesh/PycharmProjects/airflow-project/venv/lib/python3.8/site-packages/airflow/example_dags/tutorial.py for tasks to queue
[2021-04-04 03:54:16,375] {logging_mixin.py:104} INFO - [2021-04-04 03:54:16,374] {dagbag.py:448} INFO - Filling up the DagBag from /home/prathamesh/PycharmProjects/airflow-project/venv/lib/python3.8/site-packages/airflow/example_dags/tutorial.py
[2021-04-04 03:54:16,385] {scheduler_job.py:639} INFO - DAG(s) dict_keys(['tutorial']) retrieved from /home/prathamesh/PycharmProjects/airflow-project/venv/lib/python3.8/site-packages/airflow/example_dags/tutorial.py
[2021-04-04 03:54:16,404] {logging_mixin.py:104} INFO - [2021-04-04 03:54:16,404] {dag.py:1818} INFO - Sync 1 DAGs
[2021-04-04 03:54:16,409] {logging_mixin.py:104} INFO - [2021-04-04 03:54:16,409] {dag.py:2273} INFO - Setting next_dagrun for tutorial to 2021-04-02 00:00:00+00:00
[2021-04-04 03:54:16,430] {scheduler_job.py:190} INFO - Processing /home/prathamesh/PycharmProjects/airflow-project/venv/lib/python3.8/site-packages/airflow/example_dags/tutorial.py took 0.058 seconds
[2021-04-04 03:54:47,448] {scheduler_job.py:182} INFO - Started process (PID=4577) to work on /home/prathamesh/PycharmProjects/airflow-project/venv/lib/python3.8/site-packages/airflow/example_dags/tutorial.py
[2021-04-04 03:54:47,450] {scheduler_job.py:629} INFO - Processing file /home/prathamesh/PycharmProjects/airflow-project/venv/lib/python3.8/site-packages/airflow/example_dags/tutorial.py for tasks to queue
[2021-04-04 03:54:47,450] {logging_mixin.py:104} INFO - [2021-04-04 03:54:47,450] {dagbag.py:448} INFO - Filling up the DagBag from /home/prathamesh/PycharmProjects/airflow-project/venv/lib/python3.8/site-packages/airflow/example_dags/tutorial.py
[2021-04-04 03:54:47,457] {scheduler_job.py:639} INFO - DAG(s) dict_keys(['tutorial']) retrieved from /home/prathamesh/PycharmProjects/airflow-project/venv/lib/python3.8/site-packages/airflow/example_dags/tutorial.py
[2021-04-04 03:54:47,469] {logging_mixin.py:104} INFO - [2021-04-04 03:54:47,469] {dag.py:1818} INFO - Sync 1 DAGs
[2021-04-04 03:54:47,482] {logging_mixin.py:104} INFO - [2021-04-04 03:54:47,482] {dag.py:2273} INFO - Setting next_dagrun for tutorial to 2021-04-02 00:00:00+00:00
[2021-04-04 03:54:47,489] {scheduler_job.py:190} INFO - Processing /home/prathamesh/PycharmProjects/airflow-project/venv/lib/python3.8/site-packages/airflow/example_dags/tutorial.py took 0.043 seconds
[2021-04-04 03:55:18,421] {scheduler_job.py:182} INFO - Started process (PID=4607) to work on /home/prathamesh/PycharmProjects/airflow-project/venv/lib/python3.8/site-packages/airflow/example_dags/tutorial.py
[2021-04-04 03:55:18,438] {scheduler_job.py:629} INFO - Processing file /home/prathamesh/PycharmProjects/airflow-project/venv/lib/python3.8/site-packages/airflow/example_dags/tutorial.py for tasks to queue
[2021-04-04 03:55:18,438] {logging_mixin.py:104} INFO - [2021-04-04 03:55:18,438] {dagbag.py:448} INFO - Filling up the DagBag from /home/prathamesh/PycharmProjects/airflow-project/venv/lib/python3.8/site-packages/airflow/example_dags/tutorial.py
[2021-04-04 03:55:18,447] {scheduler_job.py:639} INFO - DAG(s) dict_keys(['tutorial']) retrieved from /home/prathamesh/PycharmProjects/airflow-project/venv/lib/python3.8/site-packages/airflow/example_dags/tutorial.py
[2021-04-04 03:55:18,487] {logging_mixin.py:104} INFO - [2021-04-04 03:55:18,487] {dag.py:1818} INFO - Sync 1 DAGs
[2021-04-04 03:55:18,518] {logging_mixin.py:104} INFO - [2021-04-04 03:55:18,518] {dag.py:2273} INFO - Setting next_dagrun for tutorial to 2021-04-02 00:00:00+00:00
[2021-04-04 03:55:18,524] {scheduler_job.py:190} INFO - Processing /home/prathamesh/PycharmProjects/airflow-project/venv/lib/python3.8/site-packages/airflow/example_dags/tutorial.py took 0.105 seconds
[2021-04-04 03:55:49,320] {scheduler_job.py:182} INFO - Started process (PID=4638) to work on /home/prathamesh/PycharmProjects/airflow-project/venv/lib/python3.8/site-packages/airflow/example_dags/tutorial.py
[2021-04-04 03:55:49,321] {scheduler_job.py:629} INFO - Processing file /home/prathamesh/PycharmProjects/airflow-project/venv/lib/python3.8/site-packages/airflow/example_dags/tutorial.py for tasks to queue
[2021-04-04 03:55:49,322] {logging_mixin.py:104} INFO - [2021-04-04 03:55:49,321] {dagbag.py:448} INFO - Filling up the DagBag from /home/prathamesh/PycharmProjects/airflow-project/venv/lib/python3.8/site-packages/airflow/example_dags/tutorial.py
[2021-04-04 03:55:49,330] {scheduler_job.py:639} INFO - DAG(s) dict_keys(['tutorial']) retrieved from /home/prathamesh/PycharmProjects/airflow-project/venv/lib/python3.8/site-packages/airflow/example_dags/tutorial.py
[2021-04-04 03:55:49,342] {logging_mixin.py:104} INFO - [2021-04-04 03:55:49,342] {dag.py:1818} INFO - Sync 1 DAGs
[2021-04-04 03:55:49,352] {logging_mixin.py:104} INFO - [2021-04-04 03:55:49,352] {dag.py:2273} INFO - Setting next_dagrun for tutorial to 2021-04-02 00:00:00+00:00
[2021-04-04 03:55:49,357] {scheduler_job.py:190} INFO - Processing /home/prathamesh/PycharmProjects/airflow-project/venv/lib/python3.8/site-packages/airflow/example_dags/tutorial.py took 0.039 seconds
[2021-04-04 03:56:20,386] {scheduler_job.py:182} INFO - Started process (PID=4693) to work on /home/prathamesh/PycharmProjects/airflow-project/venv/lib/python3.8/site-packages/airflow/example_dags/tutorial.py
[2021-04-04 03:56:20,387] {scheduler_job.py:629} INFO - Processing file /home/prathamesh/PycharmProjects/airflow-project/venv/lib/python3.8/site-packages/airflow/example_dags/tutorial.py for tasks to queue
[2021-04-04 03:56:20,387] {logging_mixin.py:104} INFO - [2021-04-04 03:56:20,387] {dagbag.py:448} INFO - Filling up the DagBag from /home/prathamesh/PycharmProjects/airflow-project/venv/lib/python3.8/site-packages/airflow/example_dags/tutorial.py
[2021-04-04 03:56:20,392] {scheduler_job.py:639} INFO - DAG(s) dict_keys(['tutorial']) retrieved from /home/prathamesh/PycharmProjects/airflow-project/venv/lib/python3.8/site-packages/airflow/example_dags/tutorial.py
[2021-04-04 03:56:20,401] {logging_mixin.py:104} INFO - [2021-04-04 03:56:20,401] {dag.py:1818} INFO - Sync 1 DAGs
[2021-04-04 03:56:20,409] {logging_mixin.py:104} INFO - [2021-04-04 03:56:20,409] {dag.py:2273} INFO - Setting next_dagrun for tutorial to 2021-04-02 00:00:00+00:00
[2021-04-04 03:56:20,413] {scheduler_job.py:190} INFO - Processing /home/prathamesh/PycharmProjects/airflow-project/venv/lib/python3.8/site-packages/airflow/example_dags/tutorial.py took 0.031 seconds
[2021-04-04 03:56:51,090] {scheduler_job.py:182} INFO - Started process (PID=4726) to work on /home/prathamesh/PycharmProjects/airflow-project/venv/lib/python3.8/site-packages/airflow/example_dags/tutorial.py
[2021-04-04 03:56:51,091] {scheduler_job.py:629} INFO - Processing file /home/prathamesh/PycharmProjects/airflow-project/venv/lib/python3.8/site-packages/airflow/example_dags/tutorial.py for tasks to queue
[2021-04-04 03:56:51,091] {logging_mixin.py:104} INFO - [2021-04-04 03:56:51,091] {dagbag.py:448} INFO - Filling up the DagBag from /home/prathamesh/PycharmProjects/airflow-project/venv/lib/python3.8/site-packages/airflow/example_dags/tutorial.py
[2021-04-04 03:56:51,101] {scheduler_job.py:639} INFO - DAG(s) dict_keys(['tutorial']) retrieved from /home/prathamesh/PycharmProjects/airflow-project/venv/lib/python3.8/site-packages/airflow/example_dags/tutorial.py
[2021-04-04 03:56:51,114] {logging_mixin.py:104} INFO - [2021-04-04 03:56:51,114] {dag.py:1818} INFO - Sync 1 DAGs
[2021-04-04 03:56:51,123] {logging_mixin.py:104} INFO - [2021-04-04 03:56:51,123] {dag.py:2273} INFO - Setting next_dagrun for tutorial to 2021-04-02 00:00:00+00:00
[2021-04-04 03:56:51,130] {scheduler_job.py:190} INFO - Processing /home/prathamesh/PycharmProjects/airflow-project/venv/lib/python3.8/site-packages/airflow/example_dags/tutorial.py took 0.044 seconds
[2021-04-04 03:57:22,153] {scheduler_job.py:182} INFO - Started process (PID=4755) to work on /home/prathamesh/PycharmProjects/airflow-project/venv/lib/python3.8/site-packages/airflow/example_dags/tutorial.py
[2021-04-04 03:57:22,153] {scheduler_job.py:629} INFO - Processing file /home/prathamesh/PycharmProjects/airflow-project/venv/lib/python3.8/site-packages/airflow/example_dags/tutorial.py for tasks to queue
[2021-04-04 03:57:22,154] {logging_mixin.py:104} INFO - [2021-04-04 03:57:22,154] {dagbag.py:448} INFO - Filling up the DagBag from /home/prathamesh/PycharmProjects/airflow-project/venv/lib/python3.8/site-packages/airflow/example_dags/tutorial.py
[2021-04-04 03:57:22,160] {scheduler_job.py:639} INFO - DAG(s) dict_keys(['tutorial']) retrieved from /home/prathamesh/PycharmProjects/airflow-project/venv/lib/python3.8/site-packages/airflow/example_dags/tutorial.py
[2021-04-04 03:57:22,173] {logging_mixin.py:104} INFO - [2021-04-04 03:57:22,173] {dag.py:1818} INFO - Sync 1 DAGs
[2021-04-04 03:57:22,184] {logging_mixin.py:104} INFO - [2021-04-04 03:57:22,184] {dag.py:2273} INFO - Setting next_dagrun for tutorial to 2021-04-02 00:00:00+00:00
[2021-04-04 03:57:22,188] {scheduler_job.py:190} INFO - Processing /home/prathamesh/PycharmProjects/airflow-project/venv/lib/python3.8/site-packages/airflow/example_dags/tutorial.py took 0.038 seconds
[2021-04-04 03:57:53,507] {scheduler_job.py:182} INFO - Started process (PID=4784) to work on /home/prathamesh/PycharmProjects/airflow-project/venv/lib/python3.8/site-packages/airflow/example_dags/tutorial.py
[2021-04-04 03:57:53,509] {scheduler_job.py:629} INFO - Processing file /home/prathamesh/PycharmProjects/airflow-project/venv/lib/python3.8/site-packages/airflow/example_dags/tutorial.py for tasks to queue
[2021-04-04 03:57:53,509] {logging_mixin.py:104} INFO - [2021-04-04 03:57:53,509] {dagbag.py:448} INFO - Filling up the DagBag from /home/prathamesh/PycharmProjects/airflow-project/venv/lib/python3.8/site-packages/airflow/example_dags/tutorial.py
[2021-04-04 03:57:53,518] {scheduler_job.py:639} INFO - DAG(s) dict_keys(['tutorial']) retrieved from /home/prathamesh/PycharmProjects/airflow-project/venv/lib/python3.8/site-packages/airflow/example_dags/tutorial.py
[2021-04-04 03:57:53,533] {logging_mixin.py:104} INFO - [2021-04-04 03:57:53,533] {dag.py:1818} INFO - Sync 1 DAGs
[2021-04-04 03:57:53,559] {logging_mixin.py:104} INFO - [2021-04-04 03:57:53,559] {dag.py:2273} INFO - Setting next_dagrun for tutorial to 2021-04-02 00:00:00+00:00
[2021-04-04 03:57:53,566] {scheduler_job.py:190} INFO - Processing /home/prathamesh/PycharmProjects/airflow-project/venv/lib/python3.8/site-packages/airflow/example_dags/tutorial.py took 0.063 seconds
[2021-04-04 04:07:49,134] {scheduler_job.py:182} INFO - Started process (PID=4972) to work on /home/prathamesh/PycharmProjects/airflow-project/venv/lib/python3.8/site-packages/airflow/example_dags/tutorial.py
[2021-04-04 04:07:49,145] {scheduler_job.py:629} INFO - Processing file /home/prathamesh/PycharmProjects/airflow-project/venv/lib/python3.8/site-packages/airflow/example_dags/tutorial.py for tasks to queue
[2021-04-04 04:07:49,145] {logging_mixin.py:104} INFO - [2021-04-04 04:07:49,145] {dagbag.py:448} INFO - Filling up the DagBag from /home/prathamesh/PycharmProjects/airflow-project/venv/lib/python3.8/site-packages/airflow/example_dags/tutorial.py
[2021-04-04 04:07:49,151] {scheduler_job.py:639} INFO - DAG(s) dict_keys(['tutorial']) retrieved from /home/prathamesh/PycharmProjects/airflow-project/venv/lib/python3.8/site-packages/airflow/example_dags/tutorial.py
[2021-04-04 04:07:49,192] {logging_mixin.py:104} INFO - [2021-04-04 04:07:49,191] {dag.py:1818} INFO - Sync 1 DAGs
[2021-04-04 04:07:49,200] {logging_mixin.py:104} INFO - [2021-04-04 04:07:49,200] {dag.py:2273} INFO - Setting next_dagrun for tutorial to 2021-04-02 00:00:00+00:00
[2021-04-04 04:07:49,220] {scheduler_job.py:190} INFO - Processing /home/prathamesh/PycharmProjects/airflow-project/venv/lib/python3.8/site-packages/airflow/example_dags/tutorial.py took 0.088 seconds
[2021-04-04 04:08:19,803] {scheduler_job.py:182} INFO - Started process (PID=5012) to work on /home/prathamesh/PycharmProjects/airflow-project/venv/lib/python3.8/site-packages/airflow/example_dags/tutorial.py
[2021-04-04 04:08:19,804] {scheduler_job.py:629} INFO - Processing file /home/prathamesh/PycharmProjects/airflow-project/venv/lib/python3.8/site-packages/airflow/example_dags/tutorial.py for tasks to queue
[2021-04-04 04:08:19,805] {logging_mixin.py:104} INFO - [2021-04-04 04:08:19,805] {dagbag.py:448} INFO - Filling up the DagBag from /home/prathamesh/PycharmProjects/airflow-project/venv/lib/python3.8/site-packages/airflow/example_dags/tutorial.py
[2021-04-04 04:08:19,814] {scheduler_job.py:639} INFO - DAG(s) dict_keys(['tutorial']) retrieved from /home/prathamesh/PycharmProjects/airflow-project/venv/lib/python3.8/site-packages/airflow/example_dags/tutorial.py
[2021-04-04 04:08:19,834] {logging_mixin.py:104} INFO - [2021-04-04 04:08:19,834] {dag.py:1818} INFO - Sync 1 DAGs
[2021-04-04 04:08:19,865] {logging_mixin.py:104} INFO - [2021-04-04 04:08:19,865] {dag.py:2273} INFO - Setting next_dagrun for tutorial to 2021-04-02 00:00:00+00:00
[2021-04-04 04:08:19,885] {scheduler_job.py:190} INFO - Processing /home/prathamesh/PycharmProjects/airflow-project/venv/lib/python3.8/site-packages/airflow/example_dags/tutorial.py took 0.086 seconds
[2021-04-04 04:08:50,608] {scheduler_job.py:182} INFO - Started process (PID=5041) to work on /home/prathamesh/PycharmProjects/airflow-project/venv/lib/python3.8/site-packages/airflow/example_dags/tutorial.py
[2021-04-04 04:08:50,625] {scheduler_job.py:629} INFO - Processing file /home/prathamesh/PycharmProjects/airflow-project/venv/lib/python3.8/site-packages/airflow/example_dags/tutorial.py for tasks to queue
[2021-04-04 04:08:50,626] {logging_mixin.py:104} INFO - [2021-04-04 04:08:50,626] {dagbag.py:448} INFO - Filling up the DagBag from /home/prathamesh/PycharmProjects/airflow-project/venv/lib/python3.8/site-packages/airflow/example_dags/tutorial.py
[2021-04-04 04:08:50,656] {scheduler_job.py:639} INFO - DAG(s) dict_keys(['tutorial']) retrieved from /home/prathamesh/PycharmProjects/airflow-project/venv/lib/python3.8/site-packages/airflow/example_dags/tutorial.py
[2021-04-04 04:08:50,689] {logging_mixin.py:104} INFO - [2021-04-04 04:08:50,688] {dag.py:1818} INFO - Sync 1 DAGs
[2021-04-04 04:08:50,717] {logging_mixin.py:104} INFO - [2021-04-04 04:08:50,717] {dag.py:2273} INFO - Setting next_dagrun for tutorial to 2021-04-02 00:00:00+00:00
[2021-04-04 04:08:50,746] {scheduler_job.py:190} INFO - Processing /home/prathamesh/PycharmProjects/airflow-project/venv/lib/python3.8/site-packages/airflow/example_dags/tutorial.py took 0.159 seconds
[2021-04-04 04:09:22,883] {scheduler_job.py:182} INFO - Started process (PID=5081) to work on /home/prathamesh/PycharmProjects/airflow-project/venv/lib/python3.8/site-packages/airflow/example_dags/tutorial.py
[2021-04-04 04:09:22,884] {scheduler_job.py:629} INFO - Processing file /home/prathamesh/PycharmProjects/airflow-project/venv/lib/python3.8/site-packages/airflow/example_dags/tutorial.py for tasks to queue
[2021-04-04 04:09:22,885] {logging_mixin.py:104} INFO - [2021-04-04 04:09:22,884] {dagbag.py:448} INFO - Filling up the DagBag from /home/prathamesh/PycharmProjects/airflow-project/venv/lib/python3.8/site-packages/airflow/example_dags/tutorial.py
[2021-04-04 04:09:22,905] {scheduler_job.py:639} INFO - DAG(s) dict_keys(['tutorial']) retrieved from /home/prathamesh/PycharmProjects/airflow-project/venv/lib/python3.8/site-packages/airflow/example_dags/tutorial.py
[2021-04-04 04:09:22,957] {logging_mixin.py:104} INFO - [2021-04-04 04:09:22,956] {dag.py:1818} INFO - Sync 1 DAGs
[2021-04-04 04:09:22,971] {logging_mixin.py:104} INFO - [2021-04-04 04:09:22,971] {dag.py:2273} INFO - Setting next_dagrun for tutorial to 2021-04-02 00:00:00+00:00
[2021-04-04 04:09:22,992] {scheduler_job.py:190} INFO - Processing /home/prathamesh/PycharmProjects/airflow-project/venv/lib/python3.8/site-packages/airflow/example_dags/tutorial.py took 0.113 seconds
[2021-04-04 04:09:53,912] {scheduler_job.py:182} INFO - Started process (PID=5112) to work on /home/prathamesh/PycharmProjects/airflow-project/venv/lib/python3.8/site-packages/airflow/example_dags/tutorial.py
[2021-04-04 04:09:53,913] {scheduler_job.py:629} INFO - Processing file /home/prathamesh/PycharmProjects/airflow-project/venv/lib/python3.8/site-packages/airflow/example_dags/tutorial.py for tasks to queue
[2021-04-04 04:09:53,913] {logging_mixin.py:104} INFO - [2021-04-04 04:09:53,913] {dagbag.py:448} INFO - Filling up the DagBag from /home/prathamesh/PycharmProjects/airflow-project/venv/lib/python3.8/site-packages/airflow/example_dags/tutorial.py
[2021-04-04 04:09:53,951] {scheduler_job.py:639} INFO - DAG(s) dict_keys(['tutorial']) retrieved from /home/prathamesh/PycharmProjects/airflow-project/venv/lib/python3.8/site-packages/airflow/example_dags/tutorial.py
[2021-04-04 04:09:53,983] {logging_mixin.py:104} INFO - [2021-04-04 04:09:53,983] {dag.py:1818} INFO - Sync 1 DAGs
[2021-04-04 04:09:54,003] {logging_mixin.py:104} INFO - [2021-04-04 04:09:54,003] {dag.py:2273} INFO - Setting next_dagrun for tutorial to 2021-04-02 00:00:00+00:00
[2021-04-04 04:09:54,032] {scheduler_job.py:190} INFO - Processing /home/prathamesh/PycharmProjects/airflow-project/venv/lib/python3.8/site-packages/airflow/example_dags/tutorial.py took 0.130 seconds
[2021-04-04 04:10:27,711] {scheduler_job.py:182} INFO - Started process (PID=5176) to work on /home/prathamesh/PycharmProjects/airflow-project/venv/lib/python3.8/site-packages/airflow/example_dags/tutorial.py
[2021-04-04 04:10:27,712] {scheduler_job.py:629} INFO - Processing file /home/prathamesh/PycharmProjects/airflow-project/venv/lib/python3.8/site-packages/airflow/example_dags/tutorial.py for tasks to queue
[2021-04-04 04:10:27,712] {logging_mixin.py:104} INFO - [2021-04-04 04:10:27,712] {dagbag.py:448} INFO - Filling up the DagBag from /home/prathamesh/PycharmProjects/airflow-project/venv/lib/python3.8/site-packages/airflow/example_dags/tutorial.py
[2021-04-04 04:10:27,722] {scheduler_job.py:639} INFO - DAG(s) dict_keys(['tutorial']) retrieved from /home/prathamesh/PycharmProjects/airflow-project/venv/lib/python3.8/site-packages/airflow/example_dags/tutorial.py
[2021-04-04 04:10:27,747] {logging_mixin.py:104} INFO - [2021-04-04 04:10:27,747] {dag.py:1818} INFO - Sync 1 DAGs
[2021-04-04 04:10:27,794] {logging_mixin.py:104} INFO - [2021-04-04 04:10:27,794] {dag.py:2273} INFO - Setting next_dagrun for tutorial to 2021-04-02 00:00:00+00:00
[2021-04-04 04:10:27,798] {scheduler_job.py:190} INFO - Processing /home/prathamesh/PycharmProjects/airflow-project/venv/lib/python3.8/site-packages/airflow/example_dags/tutorial.py took 0.091 seconds
[2021-04-04 04:10:58,819] {scheduler_job.py:182} INFO - Started process (PID=5206) to work on /home/prathamesh/PycharmProjects/airflow-project/venv/lib/python3.8/site-packages/airflow/example_dags/tutorial.py
[2021-04-04 04:10:58,821] {scheduler_job.py:629} INFO - Processing file /home/prathamesh/PycharmProjects/airflow-project/venv/lib/python3.8/site-packages/airflow/example_dags/tutorial.py for tasks to queue
[2021-04-04 04:10:58,821] {logging_mixin.py:104} INFO - [2021-04-04 04:10:58,821] {dagbag.py:448} INFO - Filling up the DagBag from /home/prathamesh/PycharmProjects/airflow-project/venv/lib/python3.8/site-packages/airflow/example_dags/tutorial.py
[2021-04-04 04:10:58,828] {scheduler_job.py:639} INFO - DAG(s) dict_keys(['tutorial']) retrieved from /home/prathamesh/PycharmProjects/airflow-project/venv/lib/python3.8/site-packages/airflow/example_dags/tutorial.py
[2021-04-04 04:10:58,836] {logging_mixin.py:104} INFO - [2021-04-04 04:10:58,836] {dag.py:1818} INFO - Sync 1 DAGs
[2021-04-04 04:10:58,845] {logging_mixin.py:104} INFO - [2021-04-04 04:10:58,845] {dag.py:2273} INFO - Setting next_dagrun for tutorial to 2021-04-02 00:00:00+00:00
[2021-04-04 04:10:58,849] {scheduler_job.py:190} INFO - Processing /home/prathamesh/PycharmProjects/airflow-project/venv/lib/python3.8/site-packages/airflow/example_dags/tutorial.py took 0.033 seconds
[2021-04-04 04:11:29,522] {scheduler_job.py:182} INFO - Started process (PID=5266) to work on /home/prathamesh/PycharmProjects/airflow-project/venv/lib/python3.8/site-packages/airflow/example_dags/tutorial.py
[2021-04-04 04:11:29,523] {scheduler_job.py:629} INFO - Processing file /home/prathamesh/PycharmProjects/airflow-project/venv/lib/python3.8/site-packages/airflow/example_dags/tutorial.py for tasks to queue
[2021-04-04 04:11:29,523] {logging_mixin.py:104} INFO - [2021-04-04 04:11:29,523] {dagbag.py:448} INFO - Filling up the DagBag from /home/prathamesh/PycharmProjects/airflow-project/venv/lib/python3.8/site-packages/airflow/example_dags/tutorial.py
[2021-04-04 04:11:29,531] {scheduler_job.py:639} INFO - DAG(s) dict_keys(['tutorial']) retrieved from /home/prathamesh/PycharmProjects/airflow-project/venv/lib/python3.8/site-packages/airflow/example_dags/tutorial.py
[2021-04-04 04:11:29,539] {logging_mixin.py:104} INFO - [2021-04-04 04:11:29,539] {dag.py:1818} INFO - Sync 1 DAGs
[2021-04-04 04:11:29,546] {logging_mixin.py:104} INFO - [2021-04-04 04:11:29,546] {dag.py:2273} INFO - Setting next_dagrun for tutorial to 2021-04-02 00:00:00+00:00
[2021-04-04 04:11:29,551] {scheduler_job.py:190} INFO - Processing /home/prathamesh/PycharmProjects/airflow-project/venv/lib/python3.8/site-packages/airflow/example_dags/tutorial.py took 0.031 seconds
[2021-04-04 04:12:00,313] {scheduler_job.py:182} INFO - Started process (PID=5302) to work on /home/prathamesh/PycharmProjects/airflow-project/venv/lib/python3.8/site-packages/airflow/example_dags/tutorial.py
[2021-04-04 04:12:00,313] {scheduler_job.py:629} INFO - Processing file /home/prathamesh/PycharmProjects/airflow-project/venv/lib/python3.8/site-packages/airflow/example_dags/tutorial.py for tasks to queue
[2021-04-04 04:12:00,314] {logging_mixin.py:104} INFO - [2021-04-04 04:12:00,314] {dagbag.py:448} INFO - Filling up the DagBag from /home/prathamesh/PycharmProjects/airflow-project/venv/lib/python3.8/site-packages/airflow/example_dags/tutorial.py
[2021-04-04 04:12:00,332] {scheduler_job.py:639} INFO - DAG(s) dict_keys(['tutorial']) retrieved from /home/prathamesh/PycharmProjects/airflow-project/venv/lib/python3.8/site-packages/airflow/example_dags/tutorial.py
[2021-04-04 04:12:00,362] {logging_mixin.py:104} INFO - [2021-04-04 04:12:00,362] {dag.py:1818} INFO - Sync 1 DAGs
[2021-04-04 04:12:00,380] {logging_mixin.py:104} INFO - [2021-04-04 04:12:00,380] {dag.py:2273} INFO - Setting next_dagrun for tutorial to 2021-04-02 00:00:00+00:00
[2021-04-04 04:12:00,384] {scheduler_job.py:190} INFO - Processing /home/prathamesh/PycharmProjects/airflow-project/venv/lib/python3.8/site-packages/airflow/example_dags/tutorial.py took 0.074 seconds
[2021-04-04 04:12:31,492] {scheduler_job.py:182} INFO - Started process (PID=5337) to work on /home/prathamesh/PycharmProjects/airflow-project/venv/lib/python3.8/site-packages/airflow/example_dags/tutorial.py
[2021-04-04 04:12:31,492] {scheduler_job.py:629} INFO - Processing file /home/prathamesh/PycharmProjects/airflow-project/venv/lib/python3.8/site-packages/airflow/example_dags/tutorial.py for tasks to queue
[2021-04-04 04:12:31,493] {logging_mixin.py:104} INFO - [2021-04-04 04:12:31,493] {dagbag.py:448} INFO - Filling up the DagBag from /home/prathamesh/PycharmProjects/airflow-project/venv/lib/python3.8/site-packages/airflow/example_dags/tutorial.py
[2021-04-04 04:12:31,510] {scheduler_job.py:639} INFO - DAG(s) dict_keys(['tutorial']) retrieved from /home/prathamesh/PycharmProjects/airflow-project/venv/lib/python3.8/site-packages/airflow/example_dags/tutorial.py
[2021-04-04 04:12:31,532] {logging_mixin.py:104} INFO - [2021-04-04 04:12:31,532] {dag.py:1818} INFO - Sync 1 DAGs
[2021-04-04 04:12:31,538] {logging_mixin.py:104} INFO - [2021-04-04 04:12:31,538] {dag.py:2273} INFO - Setting next_dagrun for tutorial to 2021-04-02 00:00:00+00:00
[2021-04-04 04:12:31,561] {scheduler_job.py:190} INFO - Processing /home/prathamesh/PycharmProjects/airflow-project/venv/lib/python3.8/site-packages/airflow/example_dags/tutorial.py took 0.071 seconds
[2021-04-04 16:21:34,327] {scheduler_job.py:182} INFO - Started process (PID=3275) to work on /home/prathamesh/PycharmProjects/airflow-project/venv/lib/python3.8/site-packages/airflow/example_dags/tutorial.py
[2021-04-04 16:21:34,332] {scheduler_job.py:629} INFO - Processing file /home/prathamesh/PycharmProjects/airflow-project/venv/lib/python3.8/site-packages/airflow/example_dags/tutorial.py for tasks to queue
[2021-04-04 16:21:34,333] {logging_mixin.py:104} INFO - [2021-04-04 16:21:34,333] {dagbag.py:448} INFO - Filling up the DagBag from /home/prathamesh/PycharmProjects/airflow-project/venv/lib/python3.8/site-packages/airflow/example_dags/tutorial.py
[2021-04-04 16:21:34,340] {scheduler_job.py:639} INFO - DAG(s) dict_keys(['tutorial']) retrieved from /home/prathamesh/PycharmProjects/airflow-project/venv/lib/python3.8/site-packages/airflow/example_dags/tutorial.py
[2021-04-04 16:21:34,352] {logging_mixin.py:104} INFO - [2021-04-04 16:21:34,352] {dag.py:1818} INFO - Sync 1 DAGs
[2021-04-04 16:21:34,361] {logging_mixin.py:104} INFO - [2021-04-04 16:21:34,361] {dag.py:2273} INFO - Setting next_dagrun for tutorial to 2021-04-02 00:00:00+00:00
[2021-04-04 16:21:34,379] {scheduler_job.py:190} INFO - Processing /home/prathamesh/PycharmProjects/airflow-project/venv/lib/python3.8/site-packages/airflow/example_dags/tutorial.py took 0.059 seconds
[2021-04-04 16:22:05,706] {scheduler_job.py:182} INFO - Started process (PID=3537) to work on /home/prathamesh/PycharmProjects/airflow-project/venv/lib/python3.8/site-packages/airflow/example_dags/tutorial.py
[2021-04-04 16:22:05,714] {scheduler_job.py:629} INFO - Processing file /home/prathamesh/PycharmProjects/airflow-project/venv/lib/python3.8/site-packages/airflow/example_dags/tutorial.py for tasks to queue
[2021-04-04 16:22:05,714] {logging_mixin.py:104} INFO - [2021-04-04 16:22:05,714] {dagbag.py:448} INFO - Filling up the DagBag from /home/prathamesh/PycharmProjects/airflow-project/venv/lib/python3.8/site-packages/airflow/example_dags/tutorial.py
[2021-04-04 16:22:05,729] {scheduler_job.py:639} INFO - DAG(s) dict_keys(['tutorial']) retrieved from /home/prathamesh/PycharmProjects/airflow-project/venv/lib/python3.8/site-packages/airflow/example_dags/tutorial.py
[2021-04-04 16:22:05,738] {logging_mixin.py:104} INFO - [2021-04-04 16:22:05,738] {dag.py:1818} INFO - Sync 1 DAGs
[2021-04-04 16:22:05,745] {logging_mixin.py:104} INFO - [2021-04-04 16:22:05,745] {dag.py:2273} INFO - Setting next_dagrun for tutorial to 2021-04-02 00:00:00+00:00
[2021-04-04 16:22:05,750] {scheduler_job.py:190} INFO - Processing /home/prathamesh/PycharmProjects/airflow-project/venv/lib/python3.8/site-packages/airflow/example_dags/tutorial.py took 0.052 seconds
[2021-04-04 16:22:36,196] {scheduler_job.py:182} INFO - Started process (PID=3566) to work on /home/prathamesh/PycharmProjects/airflow-project/venv/lib/python3.8/site-packages/airflow/example_dags/tutorial.py
[2021-04-04 16:22:36,201] {scheduler_job.py:629} INFO - Processing file /home/prathamesh/PycharmProjects/airflow-project/venv/lib/python3.8/site-packages/airflow/example_dags/tutorial.py for tasks to queue
[2021-04-04 16:22:36,201] {logging_mixin.py:104} INFO - [2021-04-04 16:22:36,201] {dagbag.py:448} INFO - Filling up the DagBag from /home/prathamesh/PycharmProjects/airflow-project/venv/lib/python3.8/site-packages/airflow/example_dags/tutorial.py
[2021-04-04 16:22:36,210] {scheduler_job.py:639} INFO - DAG(s) dict_keys(['tutorial']) retrieved from /home/prathamesh/PycharmProjects/airflow-project/venv/lib/python3.8/site-packages/airflow/example_dags/tutorial.py
[2021-04-04 16:22:36,220] {logging_mixin.py:104} INFO - [2021-04-04 16:22:36,220] {dag.py:1818} INFO - Sync 1 DAGs
[2021-04-04 16:22:36,226] {logging_mixin.py:104} INFO - [2021-04-04 16:22:36,226] {dag.py:2273} INFO - Setting next_dagrun for tutorial to 2021-04-02 00:00:00+00:00
[2021-04-04 16:22:36,233] {scheduler_job.py:190} INFO - Processing /home/prathamesh/PycharmProjects/airflow-project/venv/lib/python3.8/site-packages/airflow/example_dags/tutorial.py took 0.041 seconds
[2021-04-04 16:23:06,736] {scheduler_job.py:182} INFO - Started process (PID=3593) to work on /home/prathamesh/PycharmProjects/airflow-project/venv/lib/python3.8/site-packages/airflow/example_dags/tutorial.py
[2021-04-04 16:23:06,736] {scheduler_job.py:629} INFO - Processing file /home/prathamesh/PycharmProjects/airflow-project/venv/lib/python3.8/site-packages/airflow/example_dags/tutorial.py for tasks to queue
[2021-04-04 16:23:06,737] {logging_mixin.py:104} INFO - [2021-04-04 16:23:06,737] {dagbag.py:448} INFO - Filling up the DagBag from /home/prathamesh/PycharmProjects/airflow-project/venv/lib/python3.8/site-packages/airflow/example_dags/tutorial.py
[2021-04-04 16:23:06,745] {scheduler_job.py:639} INFO - DAG(s) dict_keys(['tutorial']) retrieved from /home/prathamesh/PycharmProjects/airflow-project/venv/lib/python3.8/site-packages/airflow/example_dags/tutorial.py
[2021-04-04 16:23:06,756] {logging_mixin.py:104} INFO - [2021-04-04 16:23:06,755] {dag.py:1818} INFO - Sync 1 DAGs
[2021-04-04 16:23:06,782] {logging_mixin.py:104} INFO - [2021-04-04 16:23:06,782] {dag.py:2273} INFO - Setting next_dagrun for tutorial to 2021-04-02 00:00:00+00:00
[2021-04-04 16:23:06,786] {scheduler_job.py:190} INFO - Processing /home/prathamesh/PycharmProjects/airflow-project/venv/lib/python3.8/site-packages/airflow/example_dags/tutorial.py took 0.052 seconds
