[2021-04-04 21:52:36,438] {scheduler_job.py:182} INFO - Started process (PID=7164) to work on /home/prathamesh/PycharmProjects/airflow-project/venv/lib/python3.8/site-packages/airflow/example_dags/subdags/subdag.py
[2021-04-04 21:52:36,439] {scheduler_job.py:629} INFO - Processing file /home/prathamesh/PycharmProjects/airflow-project/venv/lib/python3.8/site-packages/airflow/example_dags/subdags/subdag.py for tasks to queue
[2021-04-04 21:52:36,439] {logging_mixin.py:104} INFO - [2021-04-04 21:52:36,439] {dagbag.py:448} INFO - Filling up the DagBag from /home/prathamesh/PycharmProjects/airflow-project/venv/lib/python3.8/site-packages/airflow/example_dags/subdags/subdag.py
[2021-04-04 21:52:36,441] {scheduler_job.py:641} WARNING - No viable dags retrieved from /home/prathamesh/PycharmProjects/airflow-project/venv/lib/python3.8/site-packages/airflow/example_dags/subdags/subdag.py
[2021-04-04 21:52:36,470] {scheduler_job.py:190} INFO - Processing /home/prathamesh/PycharmProjects/airflow-project/venv/lib/python3.8/site-packages/airflow/example_dags/subdags/subdag.py took 0.035 seconds
[2021-04-04 22:01:03,616] {scheduler_job.py:182} INFO - Started process (PID=7726) to work on /home/prathamesh/PycharmProjects/airflow-project/venv/lib/python3.8/site-packages/airflow/example_dags/subdags/subdag.py
[2021-04-04 22:01:03,617] {scheduler_job.py:629} INFO - Processing file /home/prathamesh/PycharmProjects/airflow-project/venv/lib/python3.8/site-packages/airflow/example_dags/subdags/subdag.py for tasks to queue
[2021-04-04 22:01:03,617] {logging_mixin.py:104} INFO - [2021-04-04 22:01:03,617] {dagbag.py:448} INFO - Filling up the DagBag from /home/prathamesh/PycharmProjects/airflow-project/venv/lib/python3.8/site-packages/airflow/example_dags/subdags/subdag.py
[2021-04-04 22:01:03,621] {scheduler_job.py:641} WARNING - No viable dags retrieved from /home/prathamesh/PycharmProjects/airflow-project/venv/lib/python3.8/site-packages/airflow/example_dags/subdags/subdag.py
[2021-04-04 22:01:03,625] {scheduler_job.py:190} INFO - Processing /home/prathamesh/PycharmProjects/airflow-project/venv/lib/python3.8/site-packages/airflow/example_dags/subdags/subdag.py took 0.011 seconds
[2021-04-04 22:31:53,057] {scheduler_job.py:182} INFO - Started process (PID=3486) to work on /home/prathamesh/PycharmProjects/airflow-project/venv/lib/python3.8/site-packages/airflow/example_dags/subdags/subdag.py
[2021-04-04 22:31:53,060] {scheduler_job.py:629} INFO - Processing file /home/prathamesh/PycharmProjects/airflow-project/venv/lib/python3.8/site-packages/airflow/example_dags/subdags/subdag.py for tasks to queue
[2021-04-04 22:31:53,060] {logging_mixin.py:104} INFO - [2021-04-04 22:31:53,060] {dagbag.py:448} INFO - Filling up the DagBag from /home/prathamesh/PycharmProjects/airflow-project/venv/lib/python3.8/site-packages/airflow/example_dags/subdags/subdag.py
[2021-04-04 22:31:53,062] {scheduler_job.py:641} WARNING - No viable dags retrieved from /home/prathamesh/PycharmProjects/airflow-project/venv/lib/python3.8/site-packages/airflow/example_dags/subdags/subdag.py
[2021-04-04 22:31:53,066] {scheduler_job.py:190} INFO - Processing /home/prathamesh/PycharmProjects/airflow-project/venv/lib/python3.8/site-packages/airflow/example_dags/subdags/subdag.py took 0.012 seconds
[2021-04-04 22:32:23,878] {scheduler_job.py:182} INFO - Started process (PID=3532) to work on /home/prathamesh/PycharmProjects/airflow-project/venv/lib/python3.8/site-packages/airflow/example_dags/subdags/subdag.py
[2021-04-04 22:32:23,879] {scheduler_job.py:629} INFO - Processing file /home/prathamesh/PycharmProjects/airflow-project/venv/lib/python3.8/site-packages/airflow/example_dags/subdags/subdag.py for tasks to queue
[2021-04-04 22:32:23,880] {logging_mixin.py:104} INFO - [2021-04-04 22:32:23,880] {dagbag.py:448} INFO - Filling up the DagBag from /home/prathamesh/PycharmProjects/airflow-project/venv/lib/python3.8/site-packages/airflow/example_dags/subdags/subdag.py
[2021-04-04 22:32:23,883] {scheduler_job.py:641} WARNING - No viable dags retrieved from /home/prathamesh/PycharmProjects/airflow-project/venv/lib/python3.8/site-packages/airflow/example_dags/subdags/subdag.py
[2021-04-04 22:32:23,889] {scheduler_job.py:190} INFO - Processing /home/prathamesh/PycharmProjects/airflow-project/venv/lib/python3.8/site-packages/airflow/example_dags/subdags/subdag.py took 0.016 seconds
[2021-04-04 22:32:54,384] {scheduler_job.py:182} INFO - Started process (PID=3559) to work on /home/prathamesh/PycharmProjects/airflow-project/venv/lib/python3.8/site-packages/airflow/example_dags/subdags/subdag.py
[2021-04-04 22:32:54,385] {scheduler_job.py:629} INFO - Processing file /home/prathamesh/PycharmProjects/airflow-project/venv/lib/python3.8/site-packages/airflow/example_dags/subdags/subdag.py for tasks to queue
[2021-04-04 22:32:54,385] {logging_mixin.py:104} INFO - [2021-04-04 22:32:54,385] {dagbag.py:448} INFO - Filling up the DagBag from /home/prathamesh/PycharmProjects/airflow-project/venv/lib/python3.8/site-packages/airflow/example_dags/subdags/subdag.py
[2021-04-04 22:32:54,388] {scheduler_job.py:641} WARNING - No viable dags retrieved from /home/prathamesh/PycharmProjects/airflow-project/venv/lib/python3.8/site-packages/airflow/example_dags/subdags/subdag.py
[2021-04-04 22:32:54,396] {scheduler_job.py:190} INFO - Processing /home/prathamesh/PycharmProjects/airflow-project/venv/lib/python3.8/site-packages/airflow/example_dags/subdags/subdag.py took 0.017 seconds
[2021-04-04 22:33:24,933] {scheduler_job.py:182} INFO - Started process (PID=3588) to work on /home/prathamesh/PycharmProjects/airflow-project/venv/lib/python3.8/site-packages/airflow/example_dags/subdags/subdag.py
[2021-04-04 22:33:24,935] {scheduler_job.py:629} INFO - Processing file /home/prathamesh/PycharmProjects/airflow-project/venv/lib/python3.8/site-packages/airflow/example_dags/subdags/subdag.py for tasks to queue
[2021-04-04 22:33:24,935] {logging_mixin.py:104} INFO - [2021-04-04 22:33:24,935] {dagbag.py:448} INFO - Filling up the DagBag from /home/prathamesh/PycharmProjects/airflow-project/venv/lib/python3.8/site-packages/airflow/example_dags/subdags/subdag.py
[2021-04-04 22:33:24,939] {scheduler_job.py:641} WARNING - No viable dags retrieved from /home/prathamesh/PycharmProjects/airflow-project/venv/lib/python3.8/site-packages/airflow/example_dags/subdags/subdag.py
[2021-04-04 22:33:24,945] {scheduler_job.py:190} INFO - Processing /home/prathamesh/PycharmProjects/airflow-project/venv/lib/python3.8/site-packages/airflow/example_dags/subdags/subdag.py took 0.015 seconds
[2021-04-04 22:33:55,511] {scheduler_job.py:182} INFO - Started process (PID=3615) to work on /home/prathamesh/PycharmProjects/airflow-project/venv/lib/python3.8/site-packages/airflow/example_dags/subdags/subdag.py
[2021-04-04 22:33:55,512] {scheduler_job.py:629} INFO - Processing file /home/prathamesh/PycharmProjects/airflow-project/venv/lib/python3.8/site-packages/airflow/example_dags/subdags/subdag.py for tasks to queue
[2021-04-04 22:33:55,513] {logging_mixin.py:104} INFO - [2021-04-04 22:33:55,513] {dagbag.py:448} INFO - Filling up the DagBag from /home/prathamesh/PycharmProjects/airflow-project/venv/lib/python3.8/site-packages/airflow/example_dags/subdags/subdag.py
[2021-04-04 22:33:55,517] {scheduler_job.py:641} WARNING - No viable dags retrieved from /home/prathamesh/PycharmProjects/airflow-project/venv/lib/python3.8/site-packages/airflow/example_dags/subdags/subdag.py
[2021-04-04 22:33:55,525] {scheduler_job.py:190} INFO - Processing /home/prathamesh/PycharmProjects/airflow-project/venv/lib/python3.8/site-packages/airflow/example_dags/subdags/subdag.py took 0.016 seconds
